2023-01-27 12:15:38.644 | INFO     | __main__:setup_files:206 - Experiment Name: OFFICIAL_RUN
2023-01-27 12:15:38.646 | INFO     | __main__:main:311 - Command line arguments: Configuration(algorithm='scr', dataset='cifar10', classes_per_task=2, seed=2214)
2023-01-27 12:15:38.648 | INFO     | __main__:main:315 - Seeded random to 2214
2023-01-27 12:15:38.648 | INFO     | __main__:main:319 - Got CUDA device
2023-01-27 12:15:38.649 | INFO     | __main__:force_cuda_load:254 - Forcing CUDA initialisation...
2023-01-27 12:15:38.706 | INFO     | __main__:main:323 - CUDA initialised
2023-01-27 12:15:38.707 | INFO     | __main__:setup_shutdown_hook:250 - To access TensorBoard, run the command: tensorboard --logdir=./output_cifar10_5k/scr/1674821738.6401289_CIFAR10_OFFICIAL_RUN
2023-01-27 12:15:38.709 | INFO     | __main__:main:327 - Setup shutdown hooks
2023-01-27 12:15:38.733 | INFO     | __main__:main:332 - Model is setup
2023-01-27 12:15:38.733 | INFO     | __main__:main:334 - Complete pre-setup, starting experiment
2023-01-27 12:15:39.940 | INFO     | datasets.dataset_base:__init__:80 - Using disjoint tasks with 2 (5 tasks) with a randomised split
2023-01-27 12:15:39.941 | DEBUG    | datasets.dataset_base:_setup_task_datasets:95 - Splitting dataset into 5 disjoint tasks
2023-01-27 12:15:39.961 | INFO     | datasets.dataset_base:__init__:85 - {
  "name": "datasets.cifar10.CIFAR10",
  "dataset_class": "torchvision.datasets.cifar.CIFAR10",
  "training_dataset_parameters": "{'train': True, 'download': True}",
  "testing_dataset_parameters": "{'train': False, 'download': True}",
  "training_transform": "Compose(\n    Resize(size=(32, 32), interpolation=bilinear, max_size=None, antialias=None)\n    ToTensor()\n    Normalize(mean=(0.4914, 0.4822, 0.4465), std=(0.247, 0.2435, 0.2616))\n    RandomCrop(size=(32, 32), padding=4)\n    RandomHorizontalFlip(p=0.5)\n)",
  "testing_transform": "Compose(\n    Resize(size=(32, 32), interpolation=bilinear, max_size=None, antialias=None)\n    ToTensor()\n    Normalize(mean=(0.4914, 0.4822, 0.4465), std=(0.247, 0.2435, 0.2616))\n)",
  "classes": "plane, car, bird, cat, deer, dog, frog, horse, ship, truck",
  "disjoint": true,
  "task_count": 5,
  "classes_per_task": [
    2
  ],
  "task_split_indices": [
    [
      2,
      0
    ],
    [
      6,
      9
    ],
    [
      5,
      8
    ],
    [
      3,
      1
    ],
    [
      7,
      4
    ]
  ],
  "task_split_classes": [
    [
      "bird",
      "plane"
    ],
    [
      "frog",
      "truck"
    ],
    [
      "dog",
      "ship"
    ],
    [
      "cat",
      "car"
    ],
    [
      "horse",
      "deer"
    ]
  ]
}
2023-01-27 12:15:39.984 | DEBUG    | __main__:run_experiment:278 - PID: 1100
2023-01-27 12:15:39.986 | INFO     | __main__:run_experiment:280 - Starting...
2023-01-27 12:15:39.987 | INFO     | algorithms.algorithm_base:train:116 - {
  "name": "algorithms.scr.SupervisedContrastiveReplay",
  "model_class": "models.scr.scr_resnet.SupConResNet",
  "device": "cuda:0",
  "dataset_class": "datasets.cifar10.CIFAR10",
  "optimiser_class": "torch.optim.sgd.SGD",
  "loss_criterion_class": "torch.nn.modules.loss.CrossEntropyLoss",
  "epochs_per_task": 1,
  "batch_size": 10,
  "max_memory_samples": 5000,
  "memory_batch_size": 100,
  "tau (temperature)": 0.07,
  "lr": 0.1
}
2023-01-27 12:15:39.988 | DEBUG    | algorithms.algorithm_base:_setup_training:109 - Model moved to cuda:0 and set to train mode
2023-01-27 12:15:39.989 | INFO     | algorithms.algorithm_base:train:118 - Starting training
2023-01-27 12:15:39.990 | INFO     | algorithms.scr:train:126 - Task 1 / 5
2023-01-27 12:15:39.991 | INFO     | algorithms.scr:train:127 - Classes in task: ['bird', 'plane']
2023-01-27 12:15:39.991 | INFO     | algorithms.scr:train:134 - Starting epoch 1 / 1
2023-01-27 12:15:49.926 | INFO     | algorithms.scr:train:180 - 0:1:40, loss: 4.173
2023-01-27 12:15:59.848 | INFO     | algorithms.scr:train:180 - 0:1:80, loss: 5.336
2023-01-27 12:16:09.747 | INFO     | algorithms.scr:train:180 - 0:1:120, loss: 5.304
2023-01-27 12:16:19.645 | INFO     | algorithms.scr:train:180 - 0:1:160, loss: 5.289
2023-01-27 12:16:29.860 | INFO     | algorithms.scr:train:180 - 0:1:200, loss: 5.282
2023-01-27 12:16:40.184 | INFO     | algorithms.scr:train:180 - 0:1:240, loss: 5.270
2023-01-27 12:16:50.497 | INFO     | algorithms.scr:train:180 - 0:1:280, loss: 5.262
2023-01-27 12:17:00.826 | INFO     | algorithms.scr:train:180 - 0:1:320, loss: 5.260
2023-01-27 12:17:11.134 | INFO     | algorithms.scr:train:180 - 0:1:360, loss: 5.248
2023-01-27 12:17:21.495 | INFO     | algorithms.scr:train:180 - 0:1:400, loss: 5.241
2023-01-27 12:17:31.792 | INFO     | algorithms.scr:train:180 - 0:1:440, loss: 5.235
2023-01-27 12:17:42.116 | INFO     | algorithms.scr:train:180 - 0:1:480, loss: 5.239
2023-01-27 12:17:52.427 | INFO     | algorithms.scr:train:180 - 0:1:520, loss: 5.223
2023-01-27 12:18:02.746 | INFO     | algorithms.scr:train:180 - 0:1:560, loss: 5.234
2023-01-27 12:18:13.126 | INFO     | algorithms.scr:train:180 - 0:1:600, loss: 5.218
2023-01-27 12:18:23.462 | INFO     | algorithms.scr:train:180 - 0:1:640, loss: 5.200
2023-01-27 12:18:33.855 | INFO     | algorithms.scr:train:180 - 0:1:680, loss: 5.208
2023-01-27 12:18:44.161 | INFO     | algorithms.scr:train:180 - 0:1:720, loss: 5.208
2023-01-27 12:18:54.477 | INFO     | algorithms.scr:train:180 - 0:1:760, loss: 5.207
2023-01-27 12:19:04.821 | INFO     | algorithms.scr:train:180 - 0:1:800, loss: 5.206
2023-01-27 12:19:15.124 | INFO     | algorithms.scr:train:180 - 0:1:840, loss: 5.195
2023-01-27 12:19:25.448 | INFO     | algorithms.scr:train:180 - 0:1:880, loss: 5.208
2023-01-27 12:19:35.764 | INFO     | algorithms.scr:train:180 - 0:1:920, loss: 5.195
2023-01-27 12:19:46.093 | INFO     | algorithms.scr:train:180 - 0:1:960, loss: 5.192
2023-01-27 12:19:56.175 | DEBUG    | algorithms.scr:train:183 - Current sample stats:
2023-01-27 12:19:56.176 | DEBUG    | algorithms.scr:train:186 - 0 has 2500 samples
2023-01-27 12:19:56.176 | DEBUG    | algorithms.scr:train:186 - 2 has 2500 samples
2023-01-27 12:19:56.177 | INFO     | algorithms.scr:train:192 - 1, loss: 5.193
2023-01-27 12:19:56.178 | INFO     | algorithms.algorithm_base:run_base_task_metrics:144 - Running metrics: Task 0
2023-01-27 12:19:56.185 | INFO     | algorithms.scr:classify:209 - Generating fresh mean embedding vectors
2023-01-27 12:20:09.104 | DEBUG    | algorithms.scr:classify:231 - Generated mean embedding vectors for: dict_keys([0, 2])
2023-01-27 12:20:41.557 | DEBUG    | algorithms.algorithm_base:run_base_task_metrics:200 - Raw classification accuracy results saved to ./output_cifar10_5k/scr/1674821738.6401289_CIFAR10_OFFICIAL_RUN/task_0_accuracy_results.json
2023-01-27 12:20:41.559 | INFO     | algorithms.algorithm_base:run_base_task_metrics:201 - Correctly classified 1811 / 10000 samples (18.11% correct)
2023-01-27 12:20:41.748 | INFO     | algorithms.scr:train:126 - Task 2 / 5
2023-01-27 12:20:41.752 | INFO     | algorithms.scr:train:127 - Classes in task: ['frog', 'truck']
2023-01-27 12:20:41.753 | INFO     | algorithms.scr:train:134 - Starting epoch 1 / 1
2023-01-27 12:20:52.394 | INFO     | algorithms.scr:train:180 - 1:1:40, loss: 5.307
2023-01-27 12:21:02.755 | INFO     | algorithms.scr:train:180 - 1:1:80, loss: 5.185
2023-01-27 12:21:13.086 | INFO     | algorithms.scr:train:180 - 1:1:120, loss: 5.177
2023-01-27 12:21:23.440 | INFO     | algorithms.scr:train:180 - 1:1:160, loss: 5.164
2023-01-27 12:21:33.882 | INFO     | algorithms.scr:train:180 - 1:1:200, loss: 5.148
2023-01-27 12:21:44.237 | INFO     | algorithms.scr:train:180 - 1:1:240, loss: 5.114
2023-01-27 12:21:54.587 | INFO     | algorithms.scr:train:180 - 1:1:280, loss: 5.082
2023-01-27 12:22:04.924 | INFO     | algorithms.scr:train:180 - 1:1:320, loss: 5.062
2023-01-27 12:22:15.260 | INFO     | algorithms.scr:train:180 - 1:1:360, loss: 5.036
2023-01-27 12:22:25.587 | INFO     | algorithms.scr:train:180 - 1:1:400, loss: 5.006
2023-01-27 12:22:35.928 | INFO     | algorithms.scr:train:180 - 1:1:440, loss: 4.994
2023-01-27 12:22:46.270 | INFO     | algorithms.scr:train:180 - 1:1:480, loss: 4.981
2023-01-27 12:22:56.642 | INFO     | algorithms.scr:train:180 - 1:1:520, loss: 4.950
2023-01-27 12:23:06.983 | INFO     | algorithms.scr:train:180 - 1:1:560, loss: 4.955
2023-01-27 12:23:17.333 | INFO     | algorithms.scr:train:180 - 1:1:600, loss: 4.917
2023-01-27 12:23:27.675 | INFO     | algorithms.scr:train:180 - 1:1:640, loss: 4.927
2023-01-27 12:23:38.006 | INFO     | algorithms.scr:train:180 - 1:1:680, loss: 4.928
2023-01-27 12:23:48.330 | INFO     | algorithms.scr:train:180 - 1:1:720, loss: 4.929
2023-01-27 12:23:58.741 | INFO     | algorithms.scr:train:180 - 1:1:760, loss: 4.918
2023-01-27 12:24:09.078 | INFO     | algorithms.scr:train:180 - 1:1:800, loss: 4.886
2023-01-27 12:24:19.421 | INFO     | algorithms.scr:train:180 - 1:1:840, loss: 4.872
2023-01-27 12:24:29.765 | INFO     | algorithms.scr:train:180 - 1:1:880, loss: 4.874
2023-01-27 12:24:40.192 | INFO     | algorithms.scr:train:180 - 1:1:920, loss: 4.864
2023-01-27 12:24:50.520 | INFO     | algorithms.scr:train:180 - 1:1:960, loss: 4.865
2023-01-27 12:25:00.607 | DEBUG    | algorithms.scr:train:183 - Current sample stats:
2023-01-27 12:25:00.607 | DEBUG    | algorithms.scr:train:186 - 0 has 1250 samples
2023-01-27 12:25:00.608 | DEBUG    | algorithms.scr:train:186 - 2 has 1250 samples
2023-01-27 12:25:00.609 | DEBUG    | algorithms.scr:train:186 - 9 has 1250 samples
2023-01-27 12:25:00.610 | DEBUG    | algorithms.scr:train:186 - 6 has 1250 samples
2023-01-27 12:25:00.610 | INFO     | algorithms.scr:train:192 - 1, loss: 5.000
2023-01-27 12:25:00.611 | INFO     | algorithms.algorithm_base:run_base_task_metrics:144 - Running metrics: Task 1
2023-01-27 12:25:00.618 | INFO     | algorithms.scr:classify:209 - Generating fresh mean embedding vectors
2023-01-27 12:25:13.466 | DEBUG    | algorithms.scr:classify:231 - Generated mean embedding vectors for: dict_keys([0, 2, 9, 6])
2023-01-27 12:25:46.535 | DEBUG    | algorithms.algorithm_base:run_base_task_metrics:200 - Raw classification accuracy results saved to ./output_cifar10_5k/scr/1674821738.6401289_CIFAR10_OFFICIAL_RUN/task_1_accuracy_results.json
2023-01-27 12:25:46.537 | INFO     | algorithms.algorithm_base:run_base_task_metrics:201 - Correctly classified 3330 / 10000 samples (33.30% correct)
2023-01-27 12:25:46.669 | INFO     | algorithms.scr:train:126 - Task 3 / 5
2023-01-27 12:25:46.673 | INFO     | algorithms.scr:train:127 - Classes in task: ['dog', 'ship']
2023-01-27 12:25:46.674 | INFO     | algorithms.scr:train:134 - Starting epoch 1 / 1
2023-01-27 12:25:57.307 | INFO     | algorithms.scr:train:180 - 2:1:40, loss: 5.005
2023-01-27 12:26:07.647 | INFO     | algorithms.scr:train:180 - 2:1:80, loss: 4.880
2023-01-27 12:26:17.951 | INFO     | algorithms.scr:train:180 - 2:1:120, loss: 4.902
2023-01-27 12:26:28.257 | INFO     | algorithms.scr:train:180 - 2:1:160, loss: 4.873
2023-01-27 12:26:38.551 | INFO     | algorithms.scr:train:180 - 2:1:200, loss: 4.889
2023-01-27 12:26:48.872 | INFO     | algorithms.scr:train:180 - 2:1:240, loss: 4.855
2023-01-27 12:26:59.195 | INFO     | algorithms.scr:train:180 - 2:1:280, loss: 4.847
2023-01-27 12:27:09.492 | INFO     | algorithms.scr:train:180 - 2:1:320, loss: 4.834
2023-01-27 12:27:19.775 | INFO     | algorithms.scr:train:180 - 2:1:360, loss: 4.819
2023-01-27 12:27:30.087 | INFO     | algorithms.scr:train:180 - 2:1:400, loss: 4.816
2023-01-27 12:27:40.526 | INFO     | algorithms.scr:train:180 - 2:1:440, loss: 4.796
2023-01-27 12:27:50.792 | INFO     | algorithms.scr:train:180 - 2:1:480, loss: 4.785
2023-01-27 12:28:01.103 | INFO     | algorithms.scr:train:180 - 2:1:520, loss: 4.787
2023-01-27 12:28:11.401 | INFO     | algorithms.scr:train:180 - 2:1:560, loss: 4.763
2023-01-27 12:28:21.715 | INFO     | algorithms.scr:train:180 - 2:1:600, loss: 4.749
2023-01-27 12:28:32.019 | INFO     | algorithms.scr:train:180 - 2:1:640, loss: 4.734
2023-01-27 12:28:42.369 | INFO     | algorithms.scr:train:180 - 2:1:680, loss: 4.731
2023-01-27 12:28:52.679 | INFO     | algorithms.scr:train:180 - 2:1:720, loss: 4.727
2023-01-27 12:29:02.948 | INFO     | algorithms.scr:train:180 - 2:1:760, loss: 4.707
2023-01-27 12:29:13.263 | INFO     | algorithms.scr:train:180 - 2:1:800, loss: 4.700
2023-01-27 12:29:23.579 | INFO     | algorithms.scr:train:180 - 2:1:840, loss: 4.660
2023-01-27 12:29:33.915 | INFO     | algorithms.scr:train:180 - 2:1:880, loss: 4.669
2023-01-27 12:29:44.213 | INFO     | algorithms.scr:train:180 - 2:1:920, loss: 4.662
2023-01-27 12:29:54.482 | INFO     | algorithms.scr:train:180 - 2:1:960, loss: 4.659
2023-01-27 12:30:04.547 | DEBUG    | algorithms.scr:train:183 - Current sample stats:
2023-01-27 12:30:04.547 | DEBUG    | algorithms.scr:train:186 - 0 has 833 samples
2023-01-27 12:30:04.548 | DEBUG    | algorithms.scr:train:186 - 2 has 833 samples
2023-01-27 12:30:04.549 | DEBUG    | algorithms.scr:train:186 - 9 has 833 samples
2023-01-27 12:30:04.550 | DEBUG    | algorithms.scr:train:186 - 6 has 833 samples
2023-01-27 12:30:04.550 | DEBUG    | algorithms.scr:train:186 - 5 has 834 samples
2023-01-27 12:30:04.551 | DEBUG    | algorithms.scr:train:186 - 8 has 834 samples
2023-01-27 12:30:04.552 | INFO     | algorithms.scr:train:192 - 1, loss: 4.780
2023-01-27 12:30:04.553 | INFO     | algorithms.algorithm_base:run_base_task_metrics:144 - Running metrics: Task 2
2023-01-27 12:30:04.560 | INFO     | algorithms.scr:classify:209 - Generating fresh mean embedding vectors
2023-01-27 12:30:17.436 | DEBUG    | algorithms.scr:classify:231 - Generated mean embedding vectors for: dict_keys([0, 2, 9, 6, 5, 8])
2023-01-27 12:30:50.724 | DEBUG    | algorithms.algorithm_base:run_base_task_metrics:200 - Raw classification accuracy results saved to ./output_cifar10_5k/scr/1674821738.6401289_CIFAR10_OFFICIAL_RUN/task_2_accuracy_results.json
2023-01-27 12:30:50.726 | INFO     | algorithms.algorithm_base:run_base_task_metrics:201 - Correctly classified 4841 / 10000 samples (48.41% correct)
2023-01-27 12:30:50.859 | INFO     | algorithms.scr:train:126 - Task 4 / 5
2023-01-27 12:30:50.864 | INFO     | algorithms.scr:train:127 - Classes in task: ['cat', 'car']
2023-01-27 12:30:50.864 | INFO     | algorithms.scr:train:134 - Starting epoch 1 / 1
2023-01-27 12:31:01.463 | INFO     | algorithms.scr:train:180 - 3:1:40, loss: 4.797
2023-01-27 12:31:11.781 | INFO     | algorithms.scr:train:180 - 3:1:80, loss: 4.689
2023-01-27 12:31:22.149 | INFO     | algorithms.scr:train:180 - 3:1:120, loss: 4.724
2023-01-27 12:31:32.483 | INFO     | algorithms.scr:train:180 - 3:1:160, loss: 4.731
2023-01-27 12:31:42.810 | INFO     | algorithms.scr:train:180 - 3:1:200, loss: 4.699
2023-01-27 12:31:53.121 | INFO     | algorithms.scr:train:180 - 3:1:240, loss: 4.684
2023-01-27 12:32:03.438 | INFO     | algorithms.scr:train:180 - 3:1:280, loss: 4.708
2023-01-27 12:32:13.766 | INFO     | algorithms.scr:train:180 - 3:1:320, loss: 4.648
2023-01-27 12:32:24.067 | INFO     | algorithms.scr:train:180 - 3:1:360, loss: 4.651
2023-01-27 12:32:34.383 | INFO     | algorithms.scr:train:180 - 3:1:400, loss: 4.600
2023-01-27 12:32:44.718 | INFO     | algorithms.scr:train:180 - 3:1:440, loss: 4.628
2023-01-27 12:32:55.045 | INFO     | algorithms.scr:train:180 - 3:1:480, loss: 4.628
2023-01-27 12:33:05.411 | INFO     | algorithms.scr:train:180 - 3:1:520, loss: 4.642
2023-01-27 12:33:15.728 | INFO     | algorithms.scr:train:180 - 3:1:560, loss: 4.615
2023-01-27 12:33:26.047 | INFO     | algorithms.scr:train:180 - 3:1:600, loss: 4.630
2023-01-27 12:33:36.371 | INFO     | algorithms.scr:train:180 - 3:1:640, loss: 4.583
2023-01-27 12:33:46.808 | INFO     | algorithms.scr:train:180 - 3:1:680, loss: 4.585
2023-01-27 12:33:57.139 | INFO     | algorithms.scr:train:180 - 3:1:720, loss: 4.577
2023-01-27 12:34:07.455 | INFO     | algorithms.scr:train:180 - 3:1:760, loss: 4.562
2023-01-27 12:34:17.773 | INFO     | algorithms.scr:train:180 - 3:1:800, loss: 4.566
2023-01-27 12:34:28.102 | INFO     | algorithms.scr:train:180 - 3:1:840, loss: 4.565
2023-01-27 12:34:38.424 | INFO     | algorithms.scr:train:180 - 3:1:880, loss: 4.563
2023-01-27 12:34:48.718 | INFO     | algorithms.scr:train:180 - 3:1:920, loss: 4.536
2023-01-27 12:34:59.040 | INFO     | algorithms.scr:train:180 - 3:1:960, loss: 4.560
2023-01-27 12:35:09.117 | DEBUG    | algorithms.scr:train:183 - Current sample stats:
2023-01-27 12:35:09.118 | DEBUG    | algorithms.scr:train:186 - 0 has 625 samples
2023-01-27 12:35:09.118 | DEBUG    | algorithms.scr:train:186 - 2 has 625 samples
2023-01-27 12:35:09.119 | DEBUG    | algorithms.scr:train:186 - 9 has 625 samples
2023-01-27 12:35:09.120 | DEBUG    | algorithms.scr:train:186 - 6 has 625 samples
2023-01-27 12:35:09.121 | DEBUG    | algorithms.scr:train:186 - 5 has 625 samples
2023-01-27 12:35:09.121 | DEBUG    | algorithms.scr:train:186 - 8 has 625 samples
2023-01-27 12:35:09.122 | DEBUG    | algorithms.scr:train:186 - 1 has 625 samples
2023-01-27 12:35:09.123 | DEBUG    | algorithms.scr:train:186 - 3 has 625 samples
2023-01-27 12:35:09.123 | INFO     | algorithms.scr:train:192 - 1, loss: 4.629
2023-01-27 12:35:09.124 | INFO     | algorithms.algorithm_base:run_base_task_metrics:144 - Running metrics: Task 3
2023-01-27 12:35:09.132 | INFO     | algorithms.scr:classify:209 - Generating fresh mean embedding vectors
2023-01-27 12:35:21.952 | DEBUG    | algorithms.scr:classify:231 - Generated mean embedding vectors for: dict_keys([0, 2, 9, 6, 5, 8, 1, 3])
2023-01-27 12:35:57.164 | DEBUG    | algorithms.algorithm_base:run_base_task_metrics:200 - Raw classification accuracy results saved to ./output_cifar10_5k/scr/1674821738.6401289_CIFAR10_OFFICIAL_RUN/task_3_accuracy_results.json
2023-01-27 12:35:57.166 | INFO     | algorithms.algorithm_base:run_base_task_metrics:201 - Correctly classified 5981 / 10000 samples (59.81% correct)
2023-01-27 12:35:57.297 | INFO     | algorithms.scr:train:126 - Task 5 / 5
2023-01-27 12:35:57.302 | INFO     | algorithms.scr:train:127 - Classes in task: ['horse', 'deer']
2023-01-27 12:35:57.303 | INFO     | algorithms.scr:train:134 - Starting epoch 1 / 1
2023-01-27 12:36:07.936 | INFO     | algorithms.scr:train:180 - 4:1:40, loss: 4.722
2023-01-27 12:36:18.254 | INFO     | algorithms.scr:train:180 - 4:1:80, loss: 4.654
2023-01-27 12:36:28.606 | INFO     | algorithms.scr:train:180 - 4:1:120, loss: 4.644
2023-01-27 12:36:38.954 | INFO     | algorithms.scr:train:180 - 4:1:160, loss: 4.639
2023-01-27 12:36:49.363 | INFO     | algorithms.scr:train:180 - 4:1:200, loss: 4.618
2023-01-27 12:36:59.738 | INFO     | algorithms.scr:train:180 - 4:1:240, loss: 4.610
2023-01-27 12:37:10.057 | INFO     | algorithms.scr:train:180 - 4:1:280, loss: 4.616
2023-01-27 12:37:20.383 | INFO     | algorithms.scr:train:180 - 4:1:320, loss: 4.593
2023-01-27 12:37:30.693 | INFO     | algorithms.scr:train:180 - 4:1:360, loss: 4.589
2023-01-27 12:37:41.006 | INFO     | algorithms.scr:train:180 - 4:1:400, loss: 4.604
2023-01-27 12:37:51.303 | INFO     | algorithms.scr:train:180 - 4:1:440, loss: 4.584
2023-01-27 12:38:01.623 | INFO     | algorithms.scr:train:180 - 4:1:480, loss: 4.559
2023-01-27 12:38:11.928 | INFO     | algorithms.scr:train:180 - 4:1:520, loss: 4.557
2023-01-27 12:38:22.240 | INFO     | algorithms.scr:train:180 - 4:1:560, loss: 4.532
2023-01-27 12:38:32.555 | INFO     | algorithms.scr:train:180 - 4:1:600, loss: 4.535
2023-01-27 12:38:42.912 | INFO     | algorithms.scr:train:180 - 4:1:640, loss: 4.519
2023-01-27 12:38:53.216 | INFO     | algorithms.scr:train:180 - 4:1:680, loss: 4.512
2023-01-27 12:39:03.539 | INFO     | algorithms.scr:train:180 - 4:1:720, loss: 4.501
2023-01-27 12:39:13.871 | INFO     | algorithms.scr:train:180 - 4:1:760, loss: 4.494
2023-01-27 12:39:24.191 | INFO     | algorithms.scr:train:180 - 4:1:800, loss: 4.499
2023-01-27 12:39:34.494 | INFO     | algorithms.scr:train:180 - 4:1:840, loss: 4.502
2023-01-27 12:39:44.836 | INFO     | algorithms.scr:train:180 - 4:1:880, loss: 4.506
2023-01-27 12:39:55.228 | INFO     | algorithms.scr:train:180 - 4:1:920, loss: 4.460
2023-01-27 12:40:05.632 | INFO     | algorithms.scr:train:180 - 4:1:960, loss: 4.477
2023-01-27 12:40:15.812 | DEBUG    | algorithms.scr:train:183 - Current sample stats:
2023-01-27 12:40:15.813 | DEBUG    | algorithms.scr:train:186 - 0 has 500 samples
2023-01-27 12:40:15.814 | DEBUG    | algorithms.scr:train:186 - 2 has 500 samples
2023-01-27 12:40:15.815 | DEBUG    | algorithms.scr:train:186 - 9 has 500 samples
2023-01-27 12:40:15.815 | DEBUG    | algorithms.scr:train:186 - 6 has 500 samples
2023-01-27 12:40:15.816 | DEBUG    | algorithms.scr:train:186 - 5 has 500 samples
2023-01-27 12:40:15.817 | DEBUG    | algorithms.scr:train:186 - 8 has 500 samples
2023-01-27 12:40:15.818 | DEBUG    | algorithms.scr:train:186 - 1 has 500 samples
2023-01-27 12:40:15.818 | DEBUG    | algorithms.scr:train:186 - 3 has 500 samples
2023-01-27 12:40:15.819 | DEBUG    | algorithms.scr:train:186 - 7 has 500 samples
2023-01-27 12:40:15.820 | DEBUG    | algorithms.scr:train:186 - 4 has 500 samples
2023-01-27 12:40:15.820 | INFO     | algorithms.scr:train:192 - 1, loss: 4.559
2023-01-27 12:40:15.821 | INFO     | algorithms.algorithm_base:run_base_task_metrics:144 - Running metrics: Task 4
2023-01-27 12:40:15.828 | INFO     | algorithms.scr:classify:209 - Generating fresh mean embedding vectors
2023-01-27 12:40:28.857 | DEBUG    | algorithms.scr:classify:231 - Generated mean embedding vectors for: dict_keys([0, 2, 9, 6, 5, 8, 1, 3, 7, 4])
2023-01-27 12:41:07.871 | DEBUG    | algorithms.algorithm_base:run_base_task_metrics:200 - Raw classification accuracy results saved to ./output_cifar10_5k/scr/1674821738.6401289_CIFAR10_OFFICIAL_RUN/task_4_accuracy_results.json
2023-01-27 12:41:07.873 | INFO     | algorithms.algorithm_base:run_base_task_metrics:201 - Correctly classified 7365 / 10000 samples (73.65% correct)
2023-01-27 12:41:08.014 | INFO     | algorithms.scr:train:201 - Training complete
2023-01-27 12:41:08.019 | INFO     | __main__:run_experiment:286 - Training and evaluation completed!
2023-01-27 12:41:08.020 | INFO     | __main__:run_experiment:300 - Wrote usage stats to file
2023-01-27 12:41:08.021 | INFO     | __main__:main:340 - Complete
2023-01-27 12:41:08.022 | INFO     | __main__:close_tensorboard_writer:248 - Shut down TensorBoard
