2023-04-14 02:31:03.797 | INFO     | __main__:setup_files:218 - Experiment Name: OFFICIAL_RUN
2023-04-14 02:31:03.799 | INFO     | __main__:main:334 - Command line arguments: Configuration(algorithm='der', dataset='cifar100', classes_per_task=20, seed=2843, samples=500)
2023-04-14 02:31:03.801 | INFO     | __main__:main:338 - Seeded random to 2843
2023-04-14 02:31:03.802 | INFO     | __main__:main:342 - Got CUDA device
2023-04-14 02:31:03.803 | INFO     | __main__:force_cuda_load:268 - Forcing CUDA initialisation...
2023-04-14 02:31:03.857 | INFO     | __main__:main:346 - CUDA initialised
2023-04-14 02:31:03.859 | INFO     | __main__:setup_shutdown_hook:264 - To access TensorBoard, run the command: tensorboard --logdir=./output_cifar100_varied_sampling/der_pp/1681435863.7938385_CIFAR100_OFFICIAL_RUN
2023-04-14 02:31:03.860 | INFO     | __main__:main:350 - Setup shutdown hooks
2023-04-14 02:31:03.887 | INFO     | __main__:main:355 - Model is setup
2023-04-14 02:31:03.889 | INFO     | __main__:main:357 - Complete pre-setup, starting experiment
2023-04-14 02:31:05.098 | INFO     | datasets.dataset_base:__init__:80 - Using disjoint tasks with 20 (5 tasks) with a randomised split
2023-04-14 02:31:05.100 | DEBUG    | datasets.dataset_base:_setup_task_datasets:95 - Splitting dataset into 5 disjoint tasks
2023-04-14 02:31:05.120 | INFO     | datasets.dataset_base:__init__:85 - {
  "name": "datasets.cifar100.CIFAR100",
  "dataset_class": "torchvision.datasets.cifar.CIFAR100",
  "training_dataset_parameters": "{'train': True, 'download': True}",
  "testing_dataset_parameters": "{'train': False, 'download': True}",
  "training_transform": "Compose(\n    Resize(size=(32, 32), interpolation=bilinear, max_size=None, antialias=None)\n    ToTensor()\n    Normalize(mean=(0.5071, 0.4867, 0.4408), std=(0.2675, 0.2565, 0.2761))\n    RandomCrop(size=(32, 32), padding=4)\n    RandomHorizontalFlip(p=0.5)\n)",
  "testing_transform": "Compose(\n    Resize(size=(32, 32), interpolation=bilinear, max_size=None, antialias=None)\n    ToTensor()\n    Normalize(mean=(0.5071, 0.4867, 0.4408), std=(0.2675, 0.2565, 0.2761))\n)",
  "classes": "apple, aquarium_fish, baby, bear, beaver, bed, bee, beetle, bicycle, bottle, bowl, boy, bridge, bus, butterfly, camel, can, castle, caterpillar, cattle, chair, chimpanzee, clock, cloud, cockroach, couch, crab, crocodile, cup, dinosaur, dolphin, elephant, flatfish, forest, fox, girl, hamster, house, kangaroo, keyboard, lamp, lawn_mower, leopard, lion, lizard, lobster, man, maple_tree, motorcycle, mountain, mouse, mushroom, oak_tree, orange, orchid, otter, palm_tree, pear, pickup_truck, pine_tree, plain, plate, poppy, porcupine, possum, rabbit, raccoon, ray, road, rocket, rose, sea, seal, shark, shrew, skunk, skyscraper, snail, snake, spider, squirrel, streetcar, sunflower, sweet_pepper, table, tank, telephone, television, tiger, tractor, train, trout, tulip, turtle, wardrobe, whale, willow_tree, wolf, woman, worm",
  "disjoint": true,
  "task_count": 5,
  "classes_per_task": [
    20
  ],
  "task_split_indices": [
    [
      87,
      53,
      70,
      96,
      26,
      34,
      0,
      28,
      22,
      64,
      74,
      23,
      86,
      36,
      62,
      16,
      35,
      18,
      19,
      47
    ],
    [
      66,
      65,
      6,
      40,
      41,
      49,
      73,
      11,
      83,
      13,
      27,
      77,
      93,
      43,
      20,
      80,
      63,
      58,
      10,
      91
    ],
    [
      99,
      61,
      48,
      67,
      84,
      3,
      81,
      56,
      54,
      68,
      14,
      94,
      50,
      46,
      95,
      9,
      51,
      59,
      57,
      30
    ],
    [
      37,
      25,
      12,
      78,
      60,
      39,
      69,
      21,
      71,
      52,
      55,
      75,
      85,
      5,
      97,
      76,
      7,
      38,
      15,
      98
    ],
    [
      44,
      92,
      79,
      33,
      29,
      17,
      8,
      32,
      45,
      90,
      2,
      88,
      24,
      42,
      31,
      89,
      82,
      1,
      4,
      72
    ]
  ],
  "task_split_classes": [
    [
      "television",
      "orange",
      "rose",
      "willow_tree",
      "crab",
      "fox",
      "apple",
      "cup",
      "clock",
      "possum",
      "shrew",
      "cloud",
      "telephone",
      "hamster",
      "poppy",
      "can",
      "girl",
      "caterpillar",
      "cattle",
      "maple_tree"
    ],
    [
      "raccoon",
      "rabbit",
      "bee",
      "lamp",
      "lawn_mower",
      "mountain",
      "shark",
      "boy",
      "sweet_pepper",
      "bus",
      "crocodile",
      "snail",
      "turtle",
      "lion",
      "chair",
      "squirrel",
      "porcupine",
      "pickup_truck",
      "bowl",
      "trout"
    ],
    [
      "worm",
      "plate",
      "motorcycle",
      "ray",
      "table",
      "bear",
      "streetcar",
      "palm_tree",
      "orchid",
      "road",
      "butterfly",
      "wardrobe",
      "mouse",
      "man",
      "whale",
      "bottle",
      "mushroom",
      "pine_tree",
      "pear",
      "dolphin"
    ],
    [
      "house",
      "couch",
      "bridge",
      "snake",
      "plain",
      "keyboard",
      "rocket",
      "chimpanzee",
      "sea",
      "oak_tree",
      "otter",
      "skunk",
      "tank",
      "bed",
      "wolf",
      "skyscraper",
      "beetle",
      "kangaroo",
      "camel",
      "woman"
    ],
    [
      "lizard",
      "tulip",
      "spider",
      "forest",
      "dinosaur",
      "castle",
      "bicycle",
      "flatfish",
      "lobster",
      "train",
      "baby",
      "tiger",
      "cockroach",
      "leopard",
      "elephant",
      "tractor",
      "sunflower",
      "aquarium_fish",
      "beaver",
      "seal"
    ]
  ]
}
2023-04-14 02:31:05.126 | DEBUG    | __main__:run_experiment:292 - PID: 18800
2023-04-14 02:31:05.128 | INFO     | __main__:run_experiment:294 - Starting...
2023-04-14 02:31:05.129 | INFO     | algorithms.algorithm_base:train:116 - {
  "name": "algorithms.der_pp.DarkExperiencePlusPlus",
  "model_class": "models.cifar.resnet.ResNet",
  "device": "cuda:0",
  "dataset_class": "datasets.cifar100.CIFAR100",
  "optimiser_class": "torch.optim.sgd.SGD",
  "loss_criterion_class": "torch.nn.modules.loss.CrossEntropyLoss",
  "epochs_per_task": 1,
  "batch_size": 16,
  "max_memory_samples": 500,
  "alpha": 0.5,
  "beta": 0
}
2023-04-14 02:31:05.131 | DEBUG    | algorithms.algorithm_base:_setup_training:109 - Model moved to cuda:0 and set to train mode
2023-04-14 02:31:05.132 | INFO     | algorithms.algorithm_base:train:118 - Starting training
2023-04-14 02:31:05.133 | INFO     | algorithms.der_pp:train:86 - Task 1 / 5
2023-04-14 02:31:05.134 | INFO     | algorithms.der_pp:train:87 - Classes in task: ['television', 'orange', 'rose', 'willow_tree', 'crab', 'fox', 'apple', 'cup', 'clock', 'possum', 'shrew', 'cloud', 'telephone', 'hamster', 'poppy', 'can', 'girl', 'caterpillar', 'cattle', 'maple_tree']
2023-04-14 02:31:05.135 | INFO     | algorithms.der_pp:train:95 - Starting epoch 1 / 1
2023-04-14 02:31:09.023 | INFO     | algorithms.der_pp:train:159 - 0:1:40, loss: 5.419
2023-04-14 02:31:10.982 | INFO     | algorithms.der_pp:train:159 - 0:1:80, loss: 5.087
2023-04-14 02:31:12.971 | INFO     | algorithms.der_pp:train:159 - 0:1:120, loss: 4.990
2023-04-14 02:31:14.956 | INFO     | algorithms.der_pp:train:159 - 0:1:160, loss: 4.725
2023-04-14 02:31:16.950 | INFO     | algorithms.der_pp:train:159 - 0:1:200, loss: 4.598
2023-04-14 02:31:18.942 | INFO     | algorithms.der_pp:train:159 - 0:1:240, loss: 4.387
2023-04-14 02:31:20.927 | INFO     | algorithms.der_pp:train:159 - 0:1:280, loss: 4.386
2023-04-14 02:31:22.923 | INFO     | algorithms.der_pp:train:159 - 0:1:320, loss: 4.322
2023-04-14 02:31:24.912 | INFO     | algorithms.der_pp:train:159 - 0:1:360, loss: 4.145
2023-04-14 02:31:26.898 | INFO     | algorithms.der_pp:train:159 - 0:1:400, loss: 4.056
2023-04-14 02:31:28.889 | INFO     | algorithms.der_pp:train:159 - 0:1:440, loss: 3.913
2023-04-14 02:31:30.878 | INFO     | algorithms.der_pp:train:159 - 0:1:480, loss: 3.930
2023-04-14 02:31:32.878 | INFO     | algorithms.der_pp:train:159 - 0:1:520, loss: 3.839
2023-04-14 02:31:34.868 | INFO     | algorithms.der_pp:train:159 - 0:1:560, loss: 3.778
2023-04-14 02:31:36.861 | INFO     | algorithms.der_pp:train:159 - 0:1:600, loss: 3.803
2023-04-14 02:31:38.056 | DEBUG    | algorithms.der_pp:train:162 - Current sample stats:
2023-04-14 02:31:38.057 | DEBUG    | algorithms.der_pp:train:165 - 26 has 25 samples
2023-04-14 02:31:38.057 | DEBUG    | algorithms.der_pp:train:165 - 28 has 25 samples
2023-04-14 02:31:38.058 | DEBUG    | algorithms.der_pp:train:165 - 0 has 25 samples
2023-04-14 02:31:38.059 | DEBUG    | algorithms.der_pp:train:165 - 70 has 25 samples
2023-04-14 02:31:38.059 | DEBUG    | algorithms.der_pp:train:165 - 86 has 25 samples
2023-04-14 02:31:38.060 | DEBUG    | algorithms.der_pp:train:165 - 87 has 25 samples
2023-04-14 02:31:38.061 | DEBUG    | algorithms.der_pp:train:165 - 96 has 25 samples
2023-04-14 02:31:38.061 | DEBUG    | algorithms.der_pp:train:165 - 23 has 25 samples
2023-04-14 02:31:38.062 | DEBUG    | algorithms.der_pp:train:165 - 74 has 25 samples
2023-04-14 02:31:38.063 | DEBUG    | algorithms.der_pp:train:165 - 53 has 25 samples
2023-04-14 02:31:38.063 | DEBUG    | algorithms.der_pp:train:165 - 16 has 25 samples
2023-04-14 02:31:38.064 | DEBUG    | algorithms.der_pp:train:165 - 19 has 25 samples
2023-04-14 02:31:38.065 | DEBUG    | algorithms.der_pp:train:165 - 62 has 25 samples
2023-04-14 02:31:38.066 | DEBUG    | algorithms.der_pp:train:165 - 34 has 25 samples
2023-04-14 02:31:38.066 | DEBUG    | algorithms.der_pp:train:165 - 36 has 25 samples
2023-04-14 02:31:38.067 | DEBUG    | algorithms.der_pp:train:165 - 64 has 25 samples
2023-04-14 02:31:38.068 | DEBUG    | algorithms.der_pp:train:165 - 35 has 25 samples
2023-04-14 02:31:38.068 | DEBUG    | algorithms.der_pp:train:165 - 47 has 25 samples
2023-04-14 02:31:38.069 | DEBUG    | algorithms.der_pp:train:165 - 18 has 25 samples
2023-04-14 02:31:38.070 | DEBUG    | algorithms.der_pp:train:165 - 22 has 25 samples
2023-04-14 02:31:38.070 | INFO     | algorithms.der_pp:train:170 - 1, loss: 4.333
2023-04-14 02:31:38.071 | INFO     | algorithms.algorithm_base:run_base_task_metrics:144 - Running metrics: Task 0
2023-04-14 02:31:42.010 | DEBUG    | algorithms.algorithm_base:run_base_task_metrics:200 - Raw classification accuracy results saved to ./output_cifar100_varied_sampling/der_pp/1681435863.7938385_CIFAR100_OFFICIAL_RUN/task_0_accuracy_results.json
2023-04-14 02:31:42.012 | INFO     | algorithms.algorithm_base:run_base_task_metrics:201 - Correctly classified 484 / 10000 samples (4.84% correct)
2023-04-14 02:31:42.473 | INFO     | algorithms.der_pp:train:86 - Task 2 / 5
2023-04-14 02:31:42.478 | INFO     | algorithms.der_pp:train:87 - Classes in task: ['raccoon', 'rabbit', 'bee', 'lamp', 'lawn_mower', 'mountain', 'shark', 'boy', 'sweet_pepper', 'bus', 'crocodile', 'snail', 'turtle', 'lion', 'chair', 'squirrel', 'porcupine', 'pickup_truck', 'bowl', 'trout']
2023-04-14 02:31:42.479 | INFO     | algorithms.der_pp:train:95 - Starting epoch 1 / 1
2023-04-14 02:31:44.560 | INFO     | algorithms.der_pp:train:159 - 1:1:40, loss: 5.374
2023-04-14 02:31:46.572 | INFO     | algorithms.der_pp:train:159 - 1:1:80, loss: 4.866
2023-04-14 02:31:48.586 | INFO     | algorithms.der_pp:train:159 - 1:1:120, loss: 4.633
2023-04-14 02:31:50.605 | INFO     | algorithms.der_pp:train:159 - 1:1:160, loss: 4.483
2023-04-14 02:31:52.624 | INFO     | algorithms.der_pp:train:159 - 1:1:200, loss: 4.349
2023-04-14 02:31:54.644 | INFO     | algorithms.der_pp:train:159 - 1:1:240, loss: 4.286
2023-04-14 02:31:56.661 | INFO     | algorithms.der_pp:train:159 - 1:1:280, loss: 4.218
2023-04-14 02:31:58.681 | INFO     | algorithms.der_pp:train:159 - 1:1:320, loss: 4.075
2023-04-14 02:32:00.704 | INFO     | algorithms.der_pp:train:159 - 1:1:360, loss: 4.182
2023-04-14 02:32:02.728 | INFO     | algorithms.der_pp:train:159 - 1:1:400, loss: 4.075
2023-04-14 02:32:04.750 | INFO     | algorithms.der_pp:train:159 - 1:1:440, loss: 3.973
2023-04-14 02:32:06.775 | INFO     | algorithms.der_pp:train:159 - 1:1:480, loss: 3.964
2023-04-14 02:32:08.794 | INFO     | algorithms.der_pp:train:159 - 1:1:520, loss: 3.916
2023-04-14 02:32:10.814 | INFO     | algorithms.der_pp:train:159 - 1:1:560, loss: 3.915
2023-04-14 02:32:12.843 | INFO     | algorithms.der_pp:train:159 - 1:1:600, loss: 3.994
2023-04-14 02:32:14.057 | DEBUG    | algorithms.der_pp:train:162 - Current sample stats:
2023-04-14 02:32:14.058 | DEBUG    | algorithms.der_pp:train:165 - 26 has 12 samples
2023-04-14 02:32:14.059 | DEBUG    | algorithms.der_pp:train:165 - 28 has 12 samples
2023-04-14 02:32:14.059 | DEBUG    | algorithms.der_pp:train:165 - 0 has 12 samples
2023-04-14 02:32:14.060 | DEBUG    | algorithms.der_pp:train:165 - 70 has 12 samples
2023-04-14 02:32:14.061 | DEBUG    | algorithms.der_pp:train:165 - 86 has 12 samples
2023-04-14 02:32:14.062 | DEBUG    | algorithms.der_pp:train:165 - 87 has 12 samples
2023-04-14 02:32:14.062 | DEBUG    | algorithms.der_pp:train:165 - 96 has 12 samples
2023-04-14 02:32:14.063 | DEBUG    | algorithms.der_pp:train:165 - 23 has 12 samples
2023-04-14 02:32:14.064 | DEBUG    | algorithms.der_pp:train:165 - 74 has 12 samples
2023-04-14 02:32:14.064 | DEBUG    | algorithms.der_pp:train:165 - 53 has 12 samples
2023-04-14 02:32:14.065 | DEBUG    | algorithms.der_pp:train:165 - 16 has 12 samples
2023-04-14 02:32:14.066 | DEBUG    | algorithms.der_pp:train:165 - 19 has 12 samples
2023-04-14 02:32:14.066 | DEBUG    | algorithms.der_pp:train:165 - 62 has 12 samples
2023-04-14 02:32:14.067 | DEBUG    | algorithms.der_pp:train:165 - 34 has 12 samples
2023-04-14 02:32:14.068 | DEBUG    | algorithms.der_pp:train:165 - 36 has 12 samples
2023-04-14 02:32:14.068 | DEBUG    | algorithms.der_pp:train:165 - 64 has 12 samples
2023-04-14 02:32:14.069 | DEBUG    | algorithms.der_pp:train:165 - 35 has 12 samples
2023-04-14 02:32:14.070 | DEBUG    | algorithms.der_pp:train:165 - 47 has 12 samples
2023-04-14 02:32:14.070 | DEBUG    | algorithms.der_pp:train:165 - 18 has 12 samples
2023-04-14 02:32:14.071 | DEBUG    | algorithms.der_pp:train:165 - 22 has 12 samples
2023-04-14 02:32:14.072 | DEBUG    | algorithms.der_pp:train:165 - 58 has 13 samples
2023-04-14 02:32:14.072 | DEBUG    | algorithms.der_pp:train:165 - 77 has 13 samples
2023-04-14 02:32:14.073 | DEBUG    | algorithms.der_pp:train:165 - 63 has 13 samples
2023-04-14 02:32:14.074 | DEBUG    | algorithms.der_pp:train:165 - 93 has 13 samples
2023-04-14 02:32:14.074 | DEBUG    | algorithms.der_pp:train:165 - 40 has 13 samples
2023-04-14 02:32:14.075 | DEBUG    | algorithms.der_pp:train:165 - 27 has 13 samples
2023-04-14 02:32:14.076 | DEBUG    | algorithms.der_pp:train:165 - 91 has 13 samples
2023-04-14 02:32:14.076 | DEBUG    | algorithms.der_pp:train:165 - 13 has 13 samples
2023-04-14 02:32:14.077 | DEBUG    | algorithms.der_pp:train:165 - 83 has 13 samples
2023-04-14 02:32:14.078 | DEBUG    | algorithms.der_pp:train:165 - 73 has 13 samples
2023-04-14 02:32:14.079 | DEBUG    | algorithms.der_pp:train:165 - 10 has 13 samples
2023-04-14 02:32:14.079 | DEBUG    | algorithms.der_pp:train:165 - 49 has 13 samples
2023-04-14 02:32:14.080 | DEBUG    | algorithms.der_pp:train:165 - 65 has 13 samples
2023-04-14 02:32:14.081 | DEBUG    | algorithms.der_pp:train:165 - 80 has 13 samples
2023-04-14 02:32:14.081 | DEBUG    | algorithms.der_pp:train:165 - 11 has 13 samples
2023-04-14 02:32:14.081 | DEBUG    | algorithms.der_pp:train:165 - 6 has 13 samples
2023-04-14 02:32:14.082 | DEBUG    | algorithms.der_pp:train:165 - 41 has 13 samples
2023-04-14 02:32:14.083 | DEBUG    | algorithms.der_pp:train:165 - 20 has 13 samples
2023-04-14 02:32:14.083 | DEBUG    | algorithms.der_pp:train:165 - 66 has 13 samples
2023-04-14 02:32:14.084 | DEBUG    | algorithms.der_pp:train:165 - 43 has 13 samples
2023-04-14 02:32:14.085 | INFO     | algorithms.der_pp:train:170 - 1, loss: 4.268
2023-04-14 02:32:14.086 | INFO     | algorithms.algorithm_base:run_base_task_metrics:144 - Running metrics: Task 1
2023-04-14 02:32:18.063 | DEBUG    | algorithms.algorithm_base:run_base_task_metrics:200 - Raw classification accuracy results saved to ./output_cifar100_varied_sampling/der_pp/1681435863.7938385_CIFAR100_OFFICIAL_RUN/task_1_accuracy_results.json
2023-04-14 02:32:18.065 | INFO     | algorithms.algorithm_base:run_base_task_metrics:201 - Correctly classified 589 / 10000 samples (5.89% correct)
2023-04-14 02:32:18.440 | INFO     | algorithms.der_pp:train:86 - Task 3 / 5
2023-04-14 02:32:18.444 | INFO     | algorithms.der_pp:train:87 - Classes in task: ['worm', 'plate', 'motorcycle', 'ray', 'table', 'bear', 'streetcar', 'palm_tree', 'orchid', 'road', 'butterfly', 'wardrobe', 'mouse', 'man', 'whale', 'bottle', 'mushroom', 'pine_tree', 'pear', 'dolphin']
2023-04-14 02:32:18.445 | INFO     | algorithms.der_pp:train:95 - Starting epoch 1 / 1
2023-04-14 02:32:20.525 | INFO     | algorithms.der_pp:train:159 - 2:1:40, loss: 5.382
2023-04-14 02:32:22.541 | INFO     | algorithms.der_pp:train:159 - 2:1:80, loss: 5.014
2023-04-14 02:32:24.561 | INFO     | algorithms.der_pp:train:159 - 2:1:120, loss: 4.741
2023-04-14 02:32:26.584 | INFO     | algorithms.der_pp:train:159 - 2:1:160, loss: 4.563
2023-04-14 02:32:28.604 | INFO     | algorithms.der_pp:train:159 - 2:1:200, loss: 4.394
2023-04-14 02:32:30.621 | INFO     | algorithms.der_pp:train:159 - 2:1:240, loss: 4.339
2023-04-14 02:32:32.640 | INFO     | algorithms.der_pp:train:159 - 2:1:280, loss: 4.241
2023-04-14 02:32:34.656 | INFO     | algorithms.der_pp:train:159 - 2:1:320, loss: 4.197
2023-04-14 02:32:36.676 | INFO     | algorithms.der_pp:train:159 - 2:1:360, loss: 4.089
2023-04-14 02:32:38.761 | INFO     | algorithms.der_pp:train:159 - 2:1:400, loss: 4.128
2023-04-14 02:32:40.832 | INFO     | algorithms.der_pp:train:159 - 2:1:440, loss: 4.064
2023-04-14 02:32:42.859 | INFO     | algorithms.der_pp:train:159 - 2:1:480, loss: 4.005
2023-04-14 02:32:44.884 | INFO     | algorithms.der_pp:train:159 - 2:1:520, loss: 3.956
2023-04-14 02:32:46.906 | INFO     | algorithms.der_pp:train:159 - 2:1:560, loss: 3.885
2023-04-14 02:32:48.927 | INFO     | algorithms.der_pp:train:159 - 2:1:600, loss: 3.867
2023-04-14 02:32:50.138 | DEBUG    | algorithms.der_pp:train:162 - Current sample stats:
2023-04-14 02:32:50.138 | DEBUG    | algorithms.der_pp:train:165 - 26 has 8 samples
2023-04-14 02:32:50.139 | DEBUG    | algorithms.der_pp:train:165 - 28 has 8 samples
2023-04-14 02:32:50.140 | DEBUG    | algorithms.der_pp:train:165 - 0 has 8 samples
2023-04-14 02:32:50.141 | DEBUG    | algorithms.der_pp:train:165 - 70 has 8 samples
2023-04-14 02:32:50.141 | DEBUG    | algorithms.der_pp:train:165 - 86 has 8 samples
2023-04-14 02:32:50.142 | DEBUG    | algorithms.der_pp:train:165 - 87 has 8 samples
2023-04-14 02:32:50.143 | DEBUG    | algorithms.der_pp:train:165 - 96 has 8 samples
2023-04-14 02:32:50.143 | DEBUG    | algorithms.der_pp:train:165 - 23 has 8 samples
2023-04-14 02:32:50.144 | DEBUG    | algorithms.der_pp:train:165 - 74 has 8 samples
2023-04-14 02:32:50.145 | DEBUG    | algorithms.der_pp:train:165 - 53 has 8 samples
2023-04-14 02:32:50.146 | DEBUG    | algorithms.der_pp:train:165 - 16 has 8 samples
2023-04-14 02:32:50.146 | DEBUG    | algorithms.der_pp:train:165 - 19 has 8 samples
2023-04-14 02:32:50.147 | DEBUG    | algorithms.der_pp:train:165 - 62 has 8 samples
2023-04-14 02:32:50.148 | DEBUG    | algorithms.der_pp:train:165 - 34 has 8 samples
2023-04-14 02:32:50.149 | DEBUG    | algorithms.der_pp:train:165 - 36 has 8 samples
2023-04-14 02:32:50.149 | DEBUG    | algorithms.der_pp:train:165 - 64 has 8 samples
2023-04-14 02:32:50.150 | DEBUG    | algorithms.der_pp:train:165 - 35 has 8 samples
2023-04-14 02:32:50.151 | DEBUG    | algorithms.der_pp:train:165 - 47 has 8 samples
2023-04-14 02:32:50.151 | DEBUG    | algorithms.der_pp:train:165 - 18 has 8 samples
2023-04-14 02:32:50.152 | DEBUG    | algorithms.der_pp:train:165 - 22 has 8 samples
2023-04-14 02:32:50.153 | DEBUG    | algorithms.der_pp:train:165 - 58 has 8 samples
2023-04-14 02:32:50.154 | DEBUG    | algorithms.der_pp:train:165 - 77 has 8 samples
2023-04-14 02:32:50.154 | DEBUG    | algorithms.der_pp:train:165 - 63 has 8 samples
2023-04-14 02:32:50.155 | DEBUG    | algorithms.der_pp:train:165 - 93 has 8 samples
2023-04-14 02:32:50.156 | DEBUG    | algorithms.der_pp:train:165 - 40 has 8 samples
2023-04-14 02:32:50.157 | DEBUG    | algorithms.der_pp:train:165 - 27 has 8 samples
2023-04-14 02:32:50.157 | DEBUG    | algorithms.der_pp:train:165 - 91 has 8 samples
2023-04-14 02:32:50.158 | DEBUG    | algorithms.der_pp:train:165 - 13 has 8 samples
2023-04-14 02:32:50.159 | DEBUG    | algorithms.der_pp:train:165 - 83 has 8 samples
2023-04-14 02:32:50.160 | DEBUG    | algorithms.der_pp:train:165 - 73 has 8 samples
2023-04-14 02:32:50.160 | DEBUG    | algorithms.der_pp:train:165 - 10 has 8 samples
2023-04-14 02:32:50.161 | DEBUG    | algorithms.der_pp:train:165 - 49 has 8 samples
2023-04-14 02:32:50.162 | DEBUG    | algorithms.der_pp:train:165 - 65 has 8 samples
2023-04-14 02:32:50.162 | DEBUG    | algorithms.der_pp:train:165 - 80 has 8 samples
2023-04-14 02:32:50.163 | DEBUG    | algorithms.der_pp:train:165 - 11 has 8 samples
2023-04-14 02:32:50.164 | DEBUG    | algorithms.der_pp:train:165 - 6 has 8 samples
2023-04-14 02:32:50.165 | DEBUG    | algorithms.der_pp:train:165 - 41 has 8 samples
2023-04-14 02:32:50.165 | DEBUG    | algorithms.der_pp:train:165 - 20 has 8 samples
2023-04-14 02:32:50.166 | DEBUG    | algorithms.der_pp:train:165 - 66 has 8 samples
2023-04-14 02:32:50.167 | DEBUG    | algorithms.der_pp:train:165 - 43 has 8 samples
2023-04-14 02:32:50.168 | DEBUG    | algorithms.der_pp:train:165 - 54 has 9 samples
2023-04-14 02:32:50.168 | DEBUG    | algorithms.der_pp:train:165 - 95 has 9 samples
2023-04-14 02:32:50.169 | DEBUG    | algorithms.der_pp:train:165 - 50 has 9 samples
2023-04-14 02:32:50.170 | DEBUG    | algorithms.der_pp:train:165 - 46 has 9 samples
2023-04-14 02:32:50.170 | DEBUG    | algorithms.der_pp:train:165 - 68 has 9 samples
2023-04-14 02:32:50.171 | DEBUG    | algorithms.der_pp:train:165 - 99 has 9 samples
2023-04-14 02:32:50.172 | DEBUG    | algorithms.der_pp:train:165 - 94 has 9 samples
2023-04-14 02:32:50.173 | DEBUG    | algorithms.der_pp:train:165 - 57 has 9 samples
2023-04-14 02:32:50.173 | DEBUG    | algorithms.der_pp:train:165 - 81 has 9 samples
2023-04-14 02:32:50.174 | DEBUG    | algorithms.der_pp:train:165 - 59 has 9 samples
2023-04-14 02:32:50.175 | DEBUG    | algorithms.der_pp:train:165 - 3 has 9 samples
2023-04-14 02:32:50.176 | DEBUG    | algorithms.der_pp:train:165 - 14 has 9 samples
2023-04-14 02:32:50.176 | DEBUG    | algorithms.der_pp:train:165 - 84 has 9 samples
2023-04-14 02:32:50.177 | DEBUG    | algorithms.der_pp:train:165 - 67 has 9 samples
2023-04-14 02:32:50.178 | DEBUG    | algorithms.der_pp:train:165 - 9 has 9 samples
2023-04-14 02:32:50.178 | DEBUG    | algorithms.der_pp:train:165 - 61 has 9 samples
2023-04-14 02:32:50.179 | DEBUG    | algorithms.der_pp:train:165 - 30 has 9 samples
2023-04-14 02:32:50.180 | DEBUG    | algorithms.der_pp:train:165 - 56 has 9 samples
2023-04-14 02:32:50.181 | DEBUG    | algorithms.der_pp:train:165 - 51 has 9 samples
2023-04-14 02:32:50.181 | DEBUG    | algorithms.der_pp:train:165 - 48 has 9 samples
2023-04-14 02:32:50.182 | INFO     | algorithms.der_pp:train:170 - 1, loss: 4.307
2023-04-14 02:32:50.183 | INFO     | algorithms.algorithm_base:run_base_task_metrics:144 - Running metrics: Task 2
2023-04-14 02:32:54.107 | DEBUG    | algorithms.algorithm_base:run_base_task_metrics:200 - Raw classification accuracy results saved to ./output_cifar100_varied_sampling/der_pp/1681435863.7938385_CIFAR100_OFFICIAL_RUN/task_2_accuracy_results.json
2023-04-14 02:32:54.109 | INFO     | algorithms.algorithm_base:run_base_task_metrics:201 - Correctly classified 631 / 10000 samples (6.31% correct)
2023-04-14 02:32:54.533 | INFO     | algorithms.der_pp:train:86 - Task 4 / 5
2023-04-14 02:32:54.538 | INFO     | algorithms.der_pp:train:87 - Classes in task: ['house', 'couch', 'bridge', 'snake', 'plain', 'keyboard', 'rocket', 'chimpanzee', 'sea', 'oak_tree', 'otter', 'skunk', 'tank', 'bed', 'wolf', 'skyscraper', 'beetle', 'kangaroo', 'camel', 'woman']
2023-04-14 02:32:54.539 | INFO     | algorithms.der_pp:train:95 - Starting epoch 1 / 1
2023-04-14 02:32:56.620 | INFO     | algorithms.der_pp:train:159 - 3:1:40, loss: 5.500
2023-04-14 02:32:58.646 | INFO     | algorithms.der_pp:train:159 - 3:1:80, loss: 5.123
2023-04-14 02:33:00.675 | INFO     | algorithms.der_pp:train:159 - 3:1:120, loss: 4.953
2023-04-14 02:33:02.705 | INFO     | algorithms.der_pp:train:159 - 3:1:160, loss: 4.635
2023-04-14 02:33:04.731 | INFO     | algorithms.der_pp:train:159 - 3:1:200, loss: 4.592
2023-04-14 02:33:06.756 | INFO     | algorithms.der_pp:train:159 - 3:1:240, loss: 4.403
2023-04-14 02:33:08.780 | INFO     | algorithms.der_pp:train:159 - 3:1:280, loss: 4.414
2023-04-14 02:33:10.804 | INFO     | algorithms.der_pp:train:159 - 3:1:320, loss: 4.399
2023-04-14 02:33:12.826 | INFO     | algorithms.der_pp:train:159 - 3:1:360, loss: 4.297
2023-04-14 02:33:14.788 | WARNING  | algorithms.buffers:add_sample:173 - Duplicate hash: 1207262570466003462
2023-04-14 02:33:14.852 | INFO     | algorithms.der_pp:train:159 - 3:1:400, loss: 4.268
2023-04-14 02:33:16.879 | INFO     | algorithms.der_pp:train:159 - 3:1:440, loss: 4.198
2023-04-14 02:33:18.903 | INFO     | algorithms.der_pp:train:159 - 3:1:480, loss: 4.196
2023-04-14 02:33:20.930 | INFO     | algorithms.der_pp:train:159 - 3:1:520, loss: 4.122
2023-04-14 02:33:22.959 | INFO     | algorithms.der_pp:train:159 - 3:1:560, loss: 4.156
2023-04-14 02:33:24.987 | INFO     | algorithms.der_pp:train:159 - 3:1:600, loss: 4.039
2023-04-14 02:33:26.203 | DEBUG    | algorithms.der_pp:train:162 - Current sample stats:
2023-04-14 02:33:26.203 | DEBUG    | algorithms.der_pp:train:165 - 26 has 6 samples
2023-04-14 02:33:26.204 | DEBUG    | algorithms.der_pp:train:165 - 28 has 6 samples
2023-04-14 02:33:26.205 | DEBUG    | algorithms.der_pp:train:165 - 0 has 6 samples
2023-04-14 02:33:26.205 | DEBUG    | algorithms.der_pp:train:165 - 70 has 6 samples
2023-04-14 02:33:26.206 | DEBUG    | algorithms.der_pp:train:165 - 86 has 6 samples
2023-04-14 02:33:26.207 | DEBUG    | algorithms.der_pp:train:165 - 87 has 6 samples
2023-04-14 02:33:26.208 | DEBUG    | algorithms.der_pp:train:165 - 96 has 6 samples
2023-04-14 02:33:26.208 | DEBUG    | algorithms.der_pp:train:165 - 23 has 6 samples
2023-04-14 02:33:26.209 | DEBUG    | algorithms.der_pp:train:165 - 74 has 6 samples
2023-04-14 02:33:26.210 | DEBUG    | algorithms.der_pp:train:165 - 53 has 6 samples
2023-04-14 02:33:26.210 | DEBUG    | algorithms.der_pp:train:165 - 16 has 6 samples
2023-04-14 02:33:26.211 | DEBUG    | algorithms.der_pp:train:165 - 19 has 6 samples
2023-04-14 02:33:26.212 | DEBUG    | algorithms.der_pp:train:165 - 62 has 6 samples
2023-04-14 02:33:26.212 | DEBUG    | algorithms.der_pp:train:165 - 34 has 6 samples
2023-04-14 02:33:26.213 | DEBUG    | algorithms.der_pp:train:165 - 36 has 6 samples
2023-04-14 02:33:26.214 | DEBUG    | algorithms.der_pp:train:165 - 64 has 6 samples
2023-04-14 02:33:26.215 | DEBUG    | algorithms.der_pp:train:165 - 35 has 6 samples
2023-04-14 02:33:26.215 | DEBUG    | algorithms.der_pp:train:165 - 47 has 6 samples
2023-04-14 02:33:26.216 | DEBUG    | algorithms.der_pp:train:165 - 18 has 6 samples
2023-04-14 02:33:26.217 | DEBUG    | algorithms.der_pp:train:165 - 22 has 6 samples
2023-04-14 02:33:26.217 | DEBUG    | algorithms.der_pp:train:165 - 58 has 6 samples
2023-04-14 02:33:26.218 | DEBUG    | algorithms.der_pp:train:165 - 77 has 6 samples
2023-04-14 02:33:26.219 | DEBUG    | algorithms.der_pp:train:165 - 63 has 6 samples
2023-04-14 02:33:26.220 | DEBUG    | algorithms.der_pp:train:165 - 93 has 6 samples
2023-04-14 02:33:26.220 | DEBUG    | algorithms.der_pp:train:165 - 40 has 6 samples
2023-04-14 02:33:26.221 | DEBUG    | algorithms.der_pp:train:165 - 27 has 6 samples
2023-04-14 02:33:26.222 | DEBUG    | algorithms.der_pp:train:165 - 91 has 6 samples
2023-04-14 02:33:26.222 | DEBUG    | algorithms.der_pp:train:165 - 13 has 6 samples
2023-04-14 02:33:26.223 | DEBUG    | algorithms.der_pp:train:165 - 83 has 6 samples
2023-04-14 02:33:26.224 | DEBUG    | algorithms.der_pp:train:165 - 73 has 6 samples
2023-04-14 02:33:26.225 | DEBUG    | algorithms.der_pp:train:165 - 10 has 6 samples
2023-04-14 02:33:26.225 | DEBUG    | algorithms.der_pp:train:165 - 49 has 6 samples
2023-04-14 02:33:26.226 | DEBUG    | algorithms.der_pp:train:165 - 65 has 6 samples
2023-04-14 02:33:26.227 | DEBUG    | algorithms.der_pp:train:165 - 80 has 6 samples
2023-04-14 02:33:26.227 | DEBUG    | algorithms.der_pp:train:165 - 11 has 6 samples
2023-04-14 02:33:26.228 | DEBUG    | algorithms.der_pp:train:165 - 6 has 6 samples
2023-04-14 02:33:26.229 | DEBUG    | algorithms.der_pp:train:165 - 41 has 6 samples
2023-04-14 02:33:26.230 | DEBUG    | algorithms.der_pp:train:165 - 20 has 6 samples
2023-04-14 02:33:26.230 | DEBUG    | algorithms.der_pp:train:165 - 66 has 6 samples
2023-04-14 02:33:26.231 | DEBUG    | algorithms.der_pp:train:165 - 43 has 6 samples
2023-04-14 02:33:26.232 | DEBUG    | algorithms.der_pp:train:165 - 54 has 6 samples
2023-04-14 02:33:26.233 | DEBUG    | algorithms.der_pp:train:165 - 95 has 6 samples
2023-04-14 02:33:26.233 | DEBUG    | algorithms.der_pp:train:165 - 50 has 6 samples
2023-04-14 02:33:26.234 | DEBUG    | algorithms.der_pp:train:165 - 46 has 6 samples
2023-04-14 02:33:26.235 | DEBUG    | algorithms.der_pp:train:165 - 68 has 6 samples
2023-04-14 02:33:26.236 | DEBUG    | algorithms.der_pp:train:165 - 99 has 6 samples
2023-04-14 02:33:26.236 | DEBUG    | algorithms.der_pp:train:165 - 94 has 6 samples
2023-04-14 02:33:26.237 | DEBUG    | algorithms.der_pp:train:165 - 57 has 6 samples
2023-04-14 02:33:26.238 | DEBUG    | algorithms.der_pp:train:165 - 81 has 6 samples
2023-04-14 02:33:26.238 | DEBUG    | algorithms.der_pp:train:165 - 59 has 6 samples
2023-04-14 02:33:26.239 | DEBUG    | algorithms.der_pp:train:165 - 3 has 6 samples
2023-04-14 02:33:26.240 | DEBUG    | algorithms.der_pp:train:165 - 14 has 6 samples
2023-04-14 02:33:26.241 | DEBUG    | algorithms.der_pp:train:165 - 84 has 6 samples
2023-04-14 02:33:26.241 | DEBUG    | algorithms.der_pp:train:165 - 67 has 6 samples
2023-04-14 02:33:26.242 | DEBUG    | algorithms.der_pp:train:165 - 9 has 6 samples
2023-04-14 02:33:26.243 | DEBUG    | algorithms.der_pp:train:165 - 61 has 6 samples
2023-04-14 02:33:26.243 | DEBUG    | algorithms.der_pp:train:165 - 30 has 6 samples
2023-04-14 02:33:26.244 | DEBUG    | algorithms.der_pp:train:165 - 56 has 6 samples
2023-04-14 02:33:26.245 | DEBUG    | algorithms.der_pp:train:165 - 51 has 6 samples
2023-04-14 02:33:26.246 | DEBUG    | algorithms.der_pp:train:165 - 48 has 6 samples
2023-04-14 02:33:26.246 | DEBUG    | algorithms.der_pp:train:165 - 12 has 7 samples
2023-04-14 02:33:26.247 | DEBUG    | algorithms.der_pp:train:165 - 25 has 7 samples
2023-04-14 02:33:26.248 | DEBUG    | algorithms.der_pp:train:165 - 76 has 7 samples
2023-04-14 02:33:26.248 | DEBUG    | algorithms.der_pp:train:165 - 97 has 7 samples
2023-04-14 02:33:26.249 | DEBUG    | algorithms.der_pp:train:165 - 71 has 7 samples
2023-04-14 02:33:26.250 | DEBUG    | algorithms.der_pp:train:165 - 69 has 7 samples
2023-04-14 02:33:26.251 | DEBUG    | algorithms.der_pp:train:165 - 75 has 7 samples
2023-04-14 02:33:26.251 | DEBUG    | algorithms.der_pp:train:165 - 21 has 7 samples
2023-04-14 02:33:26.252 | DEBUG    | algorithms.der_pp:train:165 - 78 has 7 samples
2023-04-14 02:33:26.253 | DEBUG    | algorithms.der_pp:train:165 - 55 has 7 samples
2023-04-14 02:33:26.253 | DEBUG    | algorithms.der_pp:train:165 - 38 has 7 samples
2023-04-14 02:33:26.254 | DEBUG    | algorithms.der_pp:train:165 - 52 has 7 samples
2023-04-14 02:33:26.255 | DEBUG    | algorithms.der_pp:train:165 - 60 has 7 samples
2023-04-14 02:33:26.256 | DEBUG    | algorithms.der_pp:train:165 - 39 has 7 samples
2023-04-14 02:33:26.256 | DEBUG    | algorithms.der_pp:train:165 - 85 has 7 samples
2023-04-14 02:33:26.257 | DEBUG    | algorithms.der_pp:train:165 - 98 has 7 samples
2023-04-14 02:33:26.258 | DEBUG    | algorithms.der_pp:train:165 - 7 has 7 samples
2023-04-14 02:33:26.259 | DEBUG    | algorithms.der_pp:train:165 - 37 has 7 samples
2023-04-14 02:33:26.259 | DEBUG    | algorithms.der_pp:train:165 - 15 has 7 samples
2023-04-14 02:33:26.260 | DEBUG    | algorithms.der_pp:train:165 - 5 has 7 samples
2023-04-14 02:33:26.261 | INFO     | algorithms.der_pp:train:170 - 1, loss: 4.469
2023-04-14 02:33:26.261 | INFO     | algorithms.algorithm_base:run_base_task_metrics:144 - Running metrics: Task 3
2023-04-14 02:33:30.171 | DEBUG    | algorithms.algorithm_base:run_base_task_metrics:200 - Raw classification accuracy results saved to ./output_cifar100_varied_sampling/der_pp/1681435863.7938385_CIFAR100_OFFICIAL_RUN/task_3_accuracy_results.json
2023-04-14 02:33:30.172 | INFO     | algorithms.algorithm_base:run_base_task_metrics:201 - Correctly classified 773 / 10000 samples (7.73% correct)
2023-04-14 02:33:30.542 | INFO     | algorithms.der_pp:train:86 - Task 5 / 5
2023-04-14 02:33:30.547 | INFO     | algorithms.der_pp:train:87 - Classes in task: ['lizard', 'tulip', 'spider', 'forest', 'dinosaur', 'castle', 'bicycle', 'flatfish', 'lobster', 'train', 'baby', 'tiger', 'cockroach', 'leopard', 'elephant', 'tractor', 'sunflower', 'aquarium_fish', 'beaver', 'seal']
2023-04-14 02:33:30.548 | INFO     | algorithms.der_pp:train:95 - Starting epoch 1 / 1
2023-04-14 02:33:32.638 | INFO     | algorithms.der_pp:train:159 - 4:1:40, loss: 5.654
2023-04-14 02:33:34.666 | INFO     | algorithms.der_pp:train:159 - 4:1:80, loss: 5.236
2023-04-14 02:33:36.690 | INFO     | algorithms.der_pp:train:159 - 4:1:120, loss: 5.085
2023-04-14 02:33:38.716 | INFO     | algorithms.der_pp:train:159 - 4:1:160, loss: 4.831
2023-04-14 02:33:40.737 | INFO     | algorithms.der_pp:train:159 - 4:1:200, loss: 4.731
2023-04-14 02:33:42.769 | INFO     | algorithms.der_pp:train:159 - 4:1:240, loss: 4.609
2023-04-14 02:33:43.012 | WARNING  | algorithms.buffers:add_sample:173 - Duplicate hash: -5582844761488780905
2023-04-14 02:33:44.799 | INFO     | algorithms.der_pp:train:159 - 4:1:280, loss: 4.540
2023-04-14 02:33:46.823 | INFO     | algorithms.der_pp:train:159 - 4:1:320, loss: 4.454
2023-04-14 02:33:48.846 | INFO     | algorithms.der_pp:train:159 - 4:1:360, loss: 4.478
2023-04-14 02:33:50.870 | INFO     | algorithms.der_pp:train:159 - 4:1:400, loss: 4.344
2023-04-14 02:33:52.893 | INFO     | algorithms.der_pp:train:159 - 4:1:440, loss: 4.352
2023-04-14 02:33:54.922 | INFO     | algorithms.der_pp:train:159 - 4:1:480, loss: 4.253
2023-04-14 02:33:56.945 | INFO     | algorithms.der_pp:train:159 - 4:1:520, loss: 4.251
2023-04-14 02:33:58.966 | INFO     | algorithms.der_pp:train:159 - 4:1:560, loss: 4.327
2023-04-14 02:34:00.997 | INFO     | algorithms.der_pp:train:159 - 4:1:600, loss: 4.129
2023-04-14 02:34:02.211 | DEBUG    | algorithms.der_pp:train:162 - Current sample stats:
2023-04-14 02:34:02.212 | DEBUG    | algorithms.der_pp:train:165 - 26 has 5 samples
2023-04-14 02:34:02.213 | DEBUG    | algorithms.der_pp:train:165 - 28 has 5 samples
2023-04-14 02:34:02.213 | DEBUG    | algorithms.der_pp:train:165 - 0 has 5 samples
2023-04-14 02:34:02.214 | DEBUG    | algorithms.der_pp:train:165 - 70 has 5 samples
2023-04-14 02:34:02.215 | DEBUG    | algorithms.der_pp:train:165 - 86 has 5 samples
2023-04-14 02:34:02.216 | DEBUG    | algorithms.der_pp:train:165 - 87 has 5 samples
2023-04-14 02:34:02.216 | DEBUG    | algorithms.der_pp:train:165 - 96 has 5 samples
2023-04-14 02:34:02.217 | DEBUG    | algorithms.der_pp:train:165 - 23 has 5 samples
2023-04-14 02:34:02.218 | DEBUG    | algorithms.der_pp:train:165 - 74 has 5 samples
2023-04-14 02:34:02.218 | DEBUG    | algorithms.der_pp:train:165 - 53 has 5 samples
2023-04-14 02:34:02.219 | DEBUG    | algorithms.der_pp:train:165 - 16 has 5 samples
2023-04-14 02:34:02.220 | DEBUG    | algorithms.der_pp:train:165 - 19 has 5 samples
2023-04-14 02:34:02.220 | DEBUG    | algorithms.der_pp:train:165 - 62 has 5 samples
2023-04-14 02:34:02.221 | DEBUG    | algorithms.der_pp:train:165 - 34 has 5 samples
2023-04-14 02:34:02.222 | DEBUG    | algorithms.der_pp:train:165 - 36 has 5 samples
2023-04-14 02:34:02.222 | DEBUG    | algorithms.der_pp:train:165 - 64 has 5 samples
2023-04-14 02:34:02.223 | DEBUG    | algorithms.der_pp:train:165 - 35 has 5 samples
2023-04-14 02:34:02.224 | DEBUG    | algorithms.der_pp:train:165 - 47 has 5 samples
2023-04-14 02:34:02.224 | DEBUG    | algorithms.der_pp:train:165 - 18 has 5 samples
2023-04-14 02:34:02.225 | DEBUG    | algorithms.der_pp:train:165 - 22 has 5 samples
2023-04-14 02:34:02.226 | DEBUG    | algorithms.der_pp:train:165 - 58 has 5 samples
2023-04-14 02:34:02.226 | DEBUG    | algorithms.der_pp:train:165 - 77 has 5 samples
2023-04-14 02:34:02.227 | DEBUG    | algorithms.der_pp:train:165 - 63 has 5 samples
2023-04-14 02:34:02.228 | DEBUG    | algorithms.der_pp:train:165 - 93 has 5 samples
2023-04-14 02:34:02.229 | DEBUG    | algorithms.der_pp:train:165 - 40 has 5 samples
2023-04-14 02:34:02.230 | DEBUG    | algorithms.der_pp:train:165 - 27 has 5 samples
2023-04-14 02:34:02.230 | DEBUG    | algorithms.der_pp:train:165 - 91 has 5 samples
2023-04-14 02:34:02.231 | DEBUG    | algorithms.der_pp:train:165 - 13 has 5 samples
2023-04-14 02:34:02.232 | DEBUG    | algorithms.der_pp:train:165 - 83 has 5 samples
2023-04-14 02:34:02.232 | DEBUG    | algorithms.der_pp:train:165 - 73 has 5 samples
2023-04-14 02:34:02.233 | DEBUG    | algorithms.der_pp:train:165 - 10 has 5 samples
2023-04-14 02:34:02.234 | DEBUG    | algorithms.der_pp:train:165 - 49 has 5 samples
2023-04-14 02:34:02.235 | DEBUG    | algorithms.der_pp:train:165 - 65 has 5 samples
2023-04-14 02:34:02.235 | DEBUG    | algorithms.der_pp:train:165 - 80 has 5 samples
2023-04-14 02:34:02.236 | DEBUG    | algorithms.der_pp:train:165 - 11 has 5 samples
2023-04-14 02:34:02.237 | DEBUG    | algorithms.der_pp:train:165 - 6 has 5 samples
2023-04-14 02:34:02.237 | DEBUG    | algorithms.der_pp:train:165 - 41 has 5 samples
2023-04-14 02:34:02.238 | DEBUG    | algorithms.der_pp:train:165 - 20 has 5 samples
2023-04-14 02:34:02.239 | DEBUG    | algorithms.der_pp:train:165 - 66 has 5 samples
2023-04-14 02:34:02.240 | DEBUG    | algorithms.der_pp:train:165 - 43 has 5 samples
2023-04-14 02:34:02.240 | DEBUG    | algorithms.der_pp:train:165 - 54 has 5 samples
2023-04-14 02:34:02.241 | DEBUG    | algorithms.der_pp:train:165 - 95 has 5 samples
2023-04-14 02:34:02.242 | DEBUG    | algorithms.der_pp:train:165 - 50 has 5 samples
2023-04-14 02:34:02.243 | DEBUG    | algorithms.der_pp:train:165 - 46 has 5 samples
2023-04-14 02:34:02.243 | DEBUG    | algorithms.der_pp:train:165 - 68 has 5 samples
2023-04-14 02:34:02.244 | DEBUG    | algorithms.der_pp:train:165 - 99 has 5 samples
2023-04-14 02:34:02.245 | DEBUG    | algorithms.der_pp:train:165 - 94 has 5 samples
2023-04-14 02:34:02.246 | DEBUG    | algorithms.der_pp:train:165 - 57 has 5 samples
2023-04-14 02:34:02.246 | DEBUG    | algorithms.der_pp:train:165 - 81 has 5 samples
2023-04-14 02:34:02.247 | DEBUG    | algorithms.der_pp:train:165 - 59 has 5 samples
2023-04-14 02:34:02.248 | DEBUG    | algorithms.der_pp:train:165 - 3 has 5 samples
2023-04-14 02:34:02.249 | DEBUG    | algorithms.der_pp:train:165 - 14 has 5 samples
2023-04-14 02:34:02.249 | DEBUG    | algorithms.der_pp:train:165 - 84 has 5 samples
2023-04-14 02:34:02.250 | DEBUG    | algorithms.der_pp:train:165 - 67 has 5 samples
2023-04-14 02:34:02.251 | DEBUG    | algorithms.der_pp:train:165 - 9 has 5 samples
2023-04-14 02:34:02.252 | DEBUG    | algorithms.der_pp:train:165 - 61 has 5 samples
2023-04-14 02:34:02.252 | DEBUG    | algorithms.der_pp:train:165 - 30 has 5 samples
2023-04-14 02:34:02.253 | DEBUG    | algorithms.der_pp:train:165 - 56 has 5 samples
2023-04-14 02:34:02.254 | DEBUG    | algorithms.der_pp:train:165 - 51 has 5 samples
2023-04-14 02:34:02.254 | DEBUG    | algorithms.der_pp:train:165 - 48 has 5 samples
2023-04-14 02:34:02.255 | DEBUG    | algorithms.der_pp:train:165 - 12 has 5 samples
2023-04-14 02:34:02.256 | DEBUG    | algorithms.der_pp:train:165 - 25 has 5 samples
2023-04-14 02:34:02.257 | DEBUG    | algorithms.der_pp:train:165 - 76 has 5 samples
2023-04-14 02:34:02.257 | DEBUG    | algorithms.der_pp:train:165 - 97 has 5 samples
2023-04-14 02:34:02.258 | DEBUG    | algorithms.der_pp:train:165 - 71 has 5 samples
2023-04-14 02:34:02.259 | DEBUG    | algorithms.der_pp:train:165 - 69 has 5 samples
2023-04-14 02:34:02.259 | DEBUG    | algorithms.der_pp:train:165 - 75 has 5 samples
2023-04-14 02:34:02.260 | DEBUG    | algorithms.der_pp:train:165 - 21 has 5 samples
2023-04-14 02:34:02.261 | DEBUG    | algorithms.der_pp:train:165 - 78 has 5 samples
2023-04-14 02:34:02.262 | DEBUG    | algorithms.der_pp:train:165 - 55 has 5 samples
2023-04-14 02:34:02.262 | DEBUG    | algorithms.der_pp:train:165 - 38 has 5 samples
2023-04-14 02:34:02.263 | DEBUG    | algorithms.der_pp:train:165 - 52 has 5 samples
2023-04-14 02:34:02.264 | DEBUG    | algorithms.der_pp:train:165 - 60 has 5 samples
2023-04-14 02:34:02.264 | DEBUG    | algorithms.der_pp:train:165 - 39 has 5 samples
2023-04-14 02:34:02.265 | DEBUG    | algorithms.der_pp:train:165 - 85 has 5 samples
2023-04-14 02:34:02.266 | DEBUG    | algorithms.der_pp:train:165 - 98 has 5 samples
2023-04-14 02:34:02.267 | DEBUG    | algorithms.der_pp:train:165 - 7 has 5 samples
2023-04-14 02:34:02.267 | DEBUG    | algorithms.der_pp:train:165 - 37 has 5 samples
2023-04-14 02:34:02.268 | DEBUG    | algorithms.der_pp:train:165 - 15 has 5 samples
2023-04-14 02:34:02.269 | DEBUG    | algorithms.der_pp:train:165 - 5 has 5 samples
2023-04-14 02:34:02.269 | DEBUG    | algorithms.der_pp:train:165 - 88 has 5 samples
2023-04-14 02:34:02.270 | DEBUG    | algorithms.der_pp:train:165 - 17 has 5 samples
2023-04-14 02:34:02.271 | DEBUG    | algorithms.der_pp:train:165 - 24 has 5 samples
2023-04-14 02:34:02.272 | DEBUG    | algorithms.der_pp:train:165 - 44 has 5 samples
2023-04-14 02:34:02.272 | DEBUG    | algorithms.der_pp:train:165 - 31 has 5 samples
2023-04-14 02:34:02.273 | DEBUG    | algorithms.der_pp:train:165 - 82 has 5 samples
2023-04-14 02:34:02.274 | DEBUG    | algorithms.der_pp:train:165 - 92 has 5 samples
2023-04-14 02:34:02.275 | DEBUG    | algorithms.der_pp:train:165 - 90 has 5 samples
2023-04-14 02:34:02.275 | DEBUG    | algorithms.der_pp:train:165 - 8 has 5 samples
2023-04-14 02:34:02.276 | DEBUG    | algorithms.der_pp:train:165 - 4 has 5 samples
2023-04-14 02:34:02.277 | DEBUG    | algorithms.der_pp:train:165 - 1 has 5 samples
2023-04-14 02:34:02.277 | DEBUG    | algorithms.der_pp:train:165 - 72 has 5 samples
2023-04-14 02:34:02.278 | DEBUG    | algorithms.der_pp:train:165 - 42 has 5 samples
2023-04-14 02:34:02.279 | DEBUG    | algorithms.der_pp:train:165 - 32 has 5 samples
2023-04-14 02:34:02.280 | DEBUG    | algorithms.der_pp:train:165 - 45 has 5 samples
2023-04-14 02:34:02.280 | DEBUG    | algorithms.der_pp:train:165 - 2 has 5 samples
2023-04-14 02:34:02.281 | DEBUG    | algorithms.der_pp:train:165 - 33 has 5 samples
2023-04-14 02:34:02.282 | DEBUG    | algorithms.der_pp:train:165 - 29 has 5 samples
2023-04-14 02:34:02.283 | DEBUG    | algorithms.der_pp:train:165 - 89 has 5 samples
2023-04-14 02:34:02.283 | DEBUG    | algorithms.der_pp:train:165 - 79 has 5 samples
2023-04-14 02:34:02.284 | INFO     | algorithms.der_pp:train:170 - 1, loss: 4.601
2023-04-14 02:34:02.285 | INFO     | algorithms.algorithm_base:run_base_task_metrics:144 - Running metrics: Task 4
2023-04-14 02:34:06.228 | DEBUG    | algorithms.algorithm_base:run_base_task_metrics:200 - Raw classification accuracy results saved to ./output_cifar100_varied_sampling/der_pp/1681435863.7938385_CIFAR100_OFFICIAL_RUN/task_4_accuracy_results.json
2023-04-14 02:34:06.229 | INFO     | algorithms.algorithm_base:run_base_task_metrics:201 - Correctly classified 573 / 10000 samples (5.73% correct)
2023-04-14 02:34:06.597 | INFO     | algorithms.der_pp:train:178 - Training complete
2023-04-14 02:34:06.603 | INFO     | __main__:run_experiment:300 - Training and evaluation completed!
2023-04-14 02:34:06.604 | INFO     | __main__:run_experiment:314 - Wrote usage stats to file
2023-04-14 02:34:06.605 | INFO     | __main__:main:363 - Complete
2023-04-14 02:34:06.606 | INFO     | __main__:close_tensorboard_writer:262 - Shut down TensorBoard
