2023-02-10 13:34:58.488 | INFO     | __main__:setup_files:208 - Experiment Name: OFFICIAL_RUN
2023-02-10 13:34:58.489 | INFO     | __main__:main:322 - Command line arguments: Configuration(algorithm='der', dataset='cifar100', classes_per_task=20, seed=9767, samples=500)
2023-02-10 13:34:58.491 | INFO     | __main__:main:326 - Seeded random to 9767
2023-02-10 13:34:58.492 | INFO     | __main__:main:330 - Got CUDA device
2023-02-10 13:34:58.493 | INFO     | __main__:force_cuda_load:258 - Forcing CUDA initialisation...
2023-02-10 13:34:58.552 | INFO     | __main__:main:334 - CUDA initialised
2023-02-10 13:34:58.553 | INFO     | __main__:setup_shutdown_hook:254 - To access TensorBoard, run the command: tensorboard --logdir=./output_cifar100_varied_sampling/der_pp/1676036098.4832497_CIFAR100_OFFICIAL_RUN
2023-02-10 13:34:58.555 | INFO     | __main__:main:338 - Setup shutdown hooks
2023-02-10 13:34:58.582 | INFO     | __main__:main:343 - Model is setup
2023-02-10 13:34:58.583 | INFO     | __main__:main:345 - Complete pre-setup, starting experiment
2023-02-10 13:34:59.801 | INFO     | datasets.dataset_base:__init__:80 - Using disjoint tasks with 20 (5 tasks) with a randomised split
2023-02-10 13:34:59.803 | DEBUG    | datasets.dataset_base:_setup_task_datasets:95 - Splitting dataset into 5 disjoint tasks
2023-02-10 13:34:59.822 | INFO     | datasets.dataset_base:__init__:85 - {
  "name": "datasets.cifar100.CIFAR100",
  "dataset_class": "torchvision.datasets.cifar.CIFAR100",
  "training_dataset_parameters": "{'train': True, 'download': True}",
  "testing_dataset_parameters": "{'train': False, 'download': True}",
  "training_transform": "Compose(\n    Resize(size=(32, 32), interpolation=bilinear, max_size=None, antialias=None)\n    ToTensor()\n    Normalize(mean=(0.5071, 0.4867, 0.4408), std=(0.2675, 0.2565, 0.2761))\n    RandomCrop(size=(32, 32), padding=4)\n    RandomHorizontalFlip(p=0.5)\n)",
  "testing_transform": "Compose(\n    Resize(size=(32, 32), interpolation=bilinear, max_size=None, antialias=None)\n    ToTensor()\n    Normalize(mean=(0.5071, 0.4867, 0.4408), std=(0.2675, 0.2565, 0.2761))\n)",
  "classes": "apple, aquarium_fish, baby, bear, beaver, bed, bee, beetle, bicycle, bottle, bowl, boy, bridge, bus, butterfly, camel, can, castle, caterpillar, cattle, chair, chimpanzee, clock, cloud, cockroach, couch, crab, crocodile, cup, dinosaur, dolphin, elephant, flatfish, forest, fox, girl, hamster, house, kangaroo, keyboard, lamp, lawn_mower, leopard, lion, lizard, lobster, man, maple_tree, motorcycle, mountain, mouse, mushroom, oak_tree, orange, orchid, otter, palm_tree, pear, pickup_truck, pine_tree, plain, plate, poppy, porcupine, possum, rabbit, raccoon, ray, road, rocket, rose, sea, seal, shark, shrew, skunk, skyscraper, snail, snake, spider, squirrel, streetcar, sunflower, sweet_pepper, table, tank, telephone, television, tiger, tractor, train, trout, tulip, turtle, wardrobe, whale, willow_tree, wolf, woman, worm",
  "disjoint": true,
  "task_count": 5,
  "classes_per_task": [
    20
  ],
  "task_split_indices": [
    [
      19,
      40,
      58,
      57,
      95,
      53,
      77,
      30,
      89,
      71,
      12,
      67,
      41,
      4,
      2,
      3,
      17,
      28,
      51,
      55
    ],
    [
      65,
      76,
      84,
      98,
      45,
      25,
      7,
      47,
      70,
      99,
      21,
      72,
      85,
      60,
      6,
      74,
      96,
      50,
      49,
      80
    ],
    [
      38,
      93,
      29,
      36,
      8,
      48,
      5,
      73,
      37,
      20,
      94,
      15,
      23,
      75,
      16,
      90,
      54,
      10,
      39,
      78
    ],
    [
      61,
      9,
      11,
      44,
      87,
      0,
      97,
      18,
      14,
      59,
      69,
      62,
      92,
      26,
      64,
      63,
      81,
      22,
      82,
      43
    ],
    [
      1,
      27,
      13,
      86,
      34,
      88,
      42,
      35,
      52,
      32,
      79,
      33,
      56,
      46,
      24,
      31,
      91,
      66,
      68,
      83
    ]
  ],
  "task_split_classes": [
    [
      "cattle",
      "lamp",
      "pickup_truck",
      "pear",
      "whale",
      "orange",
      "snail",
      "dolphin",
      "tractor",
      "sea",
      "bridge",
      "ray",
      "lawn_mower",
      "beaver",
      "baby",
      "bear",
      "castle",
      "cup",
      "mushroom",
      "otter"
    ],
    [
      "rabbit",
      "skyscraper",
      "table",
      "woman",
      "lobster",
      "couch",
      "beetle",
      "maple_tree",
      "rose",
      "worm",
      "chimpanzee",
      "seal",
      "tank",
      "plain",
      "bee",
      "shrew",
      "willow_tree",
      "mouse",
      "mountain",
      "squirrel"
    ],
    [
      "kangaroo",
      "turtle",
      "dinosaur",
      "hamster",
      "bicycle",
      "motorcycle",
      "bed",
      "shark",
      "house",
      "chair",
      "wardrobe",
      "camel",
      "cloud",
      "skunk",
      "can",
      "train",
      "orchid",
      "bowl",
      "keyboard",
      "snake"
    ],
    [
      "plate",
      "bottle",
      "boy",
      "lizard",
      "television",
      "apple",
      "wolf",
      "caterpillar",
      "butterfly",
      "pine_tree",
      "rocket",
      "poppy",
      "tulip",
      "crab",
      "possum",
      "porcupine",
      "streetcar",
      "clock",
      "sunflower",
      "lion"
    ],
    [
      "aquarium_fish",
      "crocodile",
      "bus",
      "telephone",
      "fox",
      "tiger",
      "leopard",
      "girl",
      "oak_tree",
      "flatfish",
      "spider",
      "forest",
      "palm_tree",
      "man",
      "cockroach",
      "elephant",
      "trout",
      "raccoon",
      "road",
      "sweet_pepper"
    ]
  ]
}
2023-02-10 13:35:01.077 | DEBUG    | __main__:run_experiment:282 - PID: 18304
2023-02-10 13:35:01.078 | INFO     | __main__:run_experiment:284 - Starting...
2023-02-10 13:35:01.079 | INFO     | algorithms.algorithm_base:train:116 - {
  "name": "algorithms.der_pp.DarkExperiencePlusPlus",
  "model_class": "models.cifar.resnet.ResNet",
  "device": "cuda:0",
  "dataset_class": "datasets.cifar100.CIFAR100",
  "optimiser_class": "torch.optim.sgd.SGD",
  "loss_criterion_class": "torch.nn.modules.loss.CrossEntropyLoss",
  "epochs_per_task": 1,
  "batch_size": 16,
  "max_memory_samples": 500,
  "alpha": 0.5,
  "beta": 0
}
2023-02-10 13:35:01.081 | DEBUG    | algorithms.algorithm_base:_setup_training:109 - Model moved to cuda:0 and set to train mode
2023-02-10 13:35:01.082 | INFO     | algorithms.algorithm_base:train:118 - Starting training
2023-02-10 13:35:01.083 | INFO     | algorithms.der_pp:train:86 - Task 1 / 5
2023-02-10 13:35:01.084 | INFO     | algorithms.der_pp:train:87 - Classes in task: ['cattle', 'lamp', 'pickup_truck', 'pear', 'whale', 'orange', 'snail', 'dolphin', 'tractor', 'sea', 'bridge', 'ray', 'lawn_mower', 'beaver', 'baby', 'bear', 'castle', 'cup', 'mushroom', 'otter']
2023-02-10 13:35:01.085 | INFO     | algorithms.der_pp:train:95 - Starting epoch 1 / 1
2023-02-10 13:35:08.908 | INFO     | algorithms.der_pp:train:159 - 0:1:40, loss: 5.118
2023-02-10 13:35:10.934 | INFO     | algorithms.der_pp:train:159 - 0:1:80, loss: 4.679
2023-02-10 13:35:12.965 | INFO     | algorithms.der_pp:train:159 - 0:1:120, loss: 4.565
2023-02-10 13:35:15.022 | INFO     | algorithms.der_pp:train:159 - 0:1:160, loss: 4.472
2023-02-10 13:35:17.096 | INFO     | algorithms.der_pp:train:159 - 0:1:200, loss: 4.304
2023-02-10 13:35:19.179 | INFO     | algorithms.der_pp:train:159 - 0:1:240, loss: 4.177
2023-02-10 13:35:21.260 | INFO     | algorithms.der_pp:train:159 - 0:1:280, loss: 3.972
2023-02-10 13:35:23.339 | INFO     | algorithms.der_pp:train:159 - 0:1:320, loss: 3.961
2023-02-10 13:35:25.425 | INFO     | algorithms.der_pp:train:159 - 0:1:360, loss: 3.966
2023-02-10 13:35:27.516 | INFO     | algorithms.der_pp:train:159 - 0:1:400, loss: 3.830
2023-02-10 13:35:29.600 | INFO     | algorithms.der_pp:train:159 - 0:1:440, loss: 3.744
2023-02-10 13:35:31.674 | INFO     | algorithms.der_pp:train:159 - 0:1:480, loss: 3.795
2023-02-10 13:35:33.755 | INFO     | algorithms.der_pp:train:159 - 0:1:520, loss: 3.726
2023-02-10 13:35:35.831 | INFO     | algorithms.der_pp:train:159 - 0:1:560, loss: 3.834
2023-02-10 13:35:37.910 | INFO     | algorithms.der_pp:train:159 - 0:1:600, loss: 3.725
2023-02-10 13:35:39.156 | DEBUG    | algorithms.der_pp:train:162 - Current sample stats:
2023-02-10 13:35:39.157 | DEBUG    | algorithms.der_pp:train:165 - 67 has 25 samples
2023-02-10 13:35:39.158 | DEBUG    | algorithms.der_pp:train:165 - 28 has 25 samples
2023-02-10 13:35:39.158 | DEBUG    | algorithms.der_pp:train:165 - 55 has 25 samples
2023-02-10 13:35:39.159 | DEBUG    | algorithms.der_pp:train:165 - 57 has 25 samples
2023-02-10 13:35:39.160 | DEBUG    | algorithms.der_pp:train:165 - 17 has 25 samples
2023-02-10 13:35:39.161 | DEBUG    | algorithms.der_pp:train:165 - 58 has 25 samples
2023-02-10 13:35:39.161 | DEBUG    | algorithms.der_pp:train:165 - 41 has 25 samples
2023-02-10 13:35:39.162 | DEBUG    | algorithms.der_pp:train:165 - 40 has 25 samples
2023-02-10 13:35:39.163 | DEBUG    | algorithms.der_pp:train:165 - 4 has 25 samples
2023-02-10 13:35:39.164 | DEBUG    | algorithms.der_pp:train:165 - 71 has 25 samples
2023-02-10 13:35:39.164 | DEBUG    | algorithms.der_pp:train:165 - 19 has 25 samples
2023-02-10 13:35:39.165 | DEBUG    | algorithms.der_pp:train:165 - 53 has 25 samples
2023-02-10 13:35:39.166 | DEBUG    | algorithms.der_pp:train:165 - 95 has 25 samples
2023-02-10 13:35:39.167 | DEBUG    | algorithms.der_pp:train:165 - 2 has 25 samples
2023-02-10 13:35:39.167 | DEBUG    | algorithms.der_pp:train:165 - 30 has 25 samples
2023-02-10 13:35:39.168 | DEBUG    | algorithms.der_pp:train:165 - 51 has 25 samples
2023-02-10 13:35:39.169 | DEBUG    | algorithms.der_pp:train:165 - 12 has 25 samples
2023-02-10 13:35:39.170 | DEBUG    | algorithms.der_pp:train:165 - 77 has 25 samples
2023-02-10 13:35:39.170 | DEBUG    | algorithms.der_pp:train:165 - 89 has 25 samples
2023-02-10 13:35:39.171 | DEBUG    | algorithms.der_pp:train:165 - 3 has 25 samples
2023-02-10 13:35:39.172 | INFO     | algorithms.der_pp:train:170 - 1, loss: 4.104
2023-02-10 13:35:39.173 | INFO     | algorithms.algorithm_base:run_base_task_metrics:144 - Running metrics: Task 0
2023-02-10 13:35:43.081 | DEBUG    | algorithms.algorithm_base:run_base_task_metrics:200 - Raw classification accuracy results saved to ./output_cifar100_varied_sampling/der_pp/1676036098.4832497_CIFAR100_OFFICIAL_RUN/task_0_accuracy_results.json
2023-02-10 13:35:43.083 | INFO     | algorithms.algorithm_base:run_base_task_metrics:201 - Correctly classified 603 / 10000 samples (6.03% correct)
2023-02-10 13:35:43.556 | INFO     | algorithms.der_pp:train:86 - Task 2 / 5
2023-02-10 13:35:43.561 | INFO     | algorithms.der_pp:train:87 - Classes in task: ['rabbit', 'skyscraper', 'table', 'woman', 'lobster', 'couch', 'beetle', 'maple_tree', 'rose', 'worm', 'chimpanzee', 'seal', 'tank', 'plain', 'bee', 'shrew', 'willow_tree', 'mouse', 'mountain', 'squirrel']
2023-02-10 13:35:43.562 | INFO     | algorithms.der_pp:train:95 - Starting epoch 1 / 1
2023-02-10 13:35:45.694 | INFO     | algorithms.der_pp:train:159 - 1:1:40, loss: 5.279
2023-02-10 13:35:47.774 | INFO     | algorithms.der_pp:train:159 - 1:1:80, loss: 4.936
2023-02-10 13:35:49.865 | INFO     | algorithms.der_pp:train:159 - 1:1:120, loss: 4.713
2023-02-10 13:35:51.950 | INFO     | algorithms.der_pp:train:159 - 1:1:160, loss: 4.591
2023-02-10 13:35:54.036 | INFO     | algorithms.der_pp:train:159 - 1:1:200, loss: 4.452
2023-02-10 13:35:56.120 | INFO     | algorithms.der_pp:train:159 - 1:1:240, loss: 4.412
2023-02-10 13:35:58.214 | INFO     | algorithms.der_pp:train:159 - 1:1:280, loss: 4.244
2023-02-10 13:36:00.310 | INFO     | algorithms.der_pp:train:159 - 1:1:320, loss: 4.064
2023-02-10 13:36:02.397 | INFO     | algorithms.der_pp:train:159 - 1:1:360, loss: 4.153
2023-02-10 13:36:04.491 | INFO     | algorithms.der_pp:train:159 - 1:1:400, loss: 4.084
2023-02-10 13:36:06.575 | INFO     | algorithms.der_pp:train:159 - 1:1:440, loss: 4.092
2023-02-10 13:36:08.664 | INFO     | algorithms.der_pp:train:159 - 1:1:480, loss: 3.946
2023-02-10 13:36:10.742 | INFO     | algorithms.der_pp:train:159 - 1:1:520, loss: 4.029
2023-02-10 13:36:12.832 | INFO     | algorithms.der_pp:train:159 - 1:1:560, loss: 3.958
2023-02-10 13:36:14.923 | INFO     | algorithms.der_pp:train:159 - 1:1:600, loss: 3.851
2023-02-10 13:36:16.175 | DEBUG    | algorithms.der_pp:train:162 - Current sample stats:
2023-02-10 13:36:16.176 | DEBUG    | algorithms.der_pp:train:165 - 67 has 12 samples
2023-02-10 13:36:16.176 | DEBUG    | algorithms.der_pp:train:165 - 28 has 12 samples
2023-02-10 13:36:16.176 | DEBUG    | algorithms.der_pp:train:165 - 55 has 12 samples
2023-02-10 13:36:16.177 | DEBUG    | algorithms.der_pp:train:165 - 57 has 12 samples
2023-02-10 13:36:16.178 | DEBUG    | algorithms.der_pp:train:165 - 17 has 12 samples
2023-02-10 13:36:16.178 | DEBUG    | algorithms.der_pp:train:165 - 58 has 12 samples
2023-02-10 13:36:16.179 | DEBUG    | algorithms.der_pp:train:165 - 41 has 12 samples
2023-02-10 13:36:16.180 | DEBUG    | algorithms.der_pp:train:165 - 40 has 12 samples
2023-02-10 13:36:16.180 | DEBUG    | algorithms.der_pp:train:165 - 4 has 12 samples
2023-02-10 13:36:16.181 | DEBUG    | algorithms.der_pp:train:165 - 71 has 12 samples
2023-02-10 13:36:16.182 | DEBUG    | algorithms.der_pp:train:165 - 19 has 12 samples
2023-02-10 13:36:16.183 | DEBUG    | algorithms.der_pp:train:165 - 53 has 12 samples
2023-02-10 13:36:16.183 | DEBUG    | algorithms.der_pp:train:165 - 95 has 12 samples
2023-02-10 13:36:16.184 | DEBUG    | algorithms.der_pp:train:165 - 2 has 12 samples
2023-02-10 13:36:16.185 | DEBUG    | algorithms.der_pp:train:165 - 30 has 12 samples
2023-02-10 13:36:16.186 | DEBUG    | algorithms.der_pp:train:165 - 51 has 12 samples
2023-02-10 13:36:16.186 | DEBUG    | algorithms.der_pp:train:165 - 12 has 12 samples
2023-02-10 13:36:16.187 | DEBUG    | algorithms.der_pp:train:165 - 77 has 12 samples
2023-02-10 13:36:16.188 | DEBUG    | algorithms.der_pp:train:165 - 89 has 12 samples
2023-02-10 13:36:16.188 | DEBUG    | algorithms.der_pp:train:165 - 3 has 12 samples
2023-02-10 13:36:16.189 | DEBUG    | algorithms.der_pp:train:165 - 21 has 13 samples
2023-02-10 13:36:16.190 | DEBUG    | algorithms.der_pp:train:165 - 50 has 13 samples
2023-02-10 13:36:16.191 | DEBUG    | algorithms.der_pp:train:165 - 72 has 13 samples
2023-02-10 13:36:16.191 | DEBUG    | algorithms.der_pp:train:165 - 47 has 13 samples
2023-02-10 13:36:16.192 | DEBUG    | algorithms.der_pp:train:165 - 74 has 13 samples
2023-02-10 13:36:16.193 | DEBUG    | algorithms.der_pp:train:165 - 45 has 13 samples
2023-02-10 13:36:16.193 | DEBUG    | algorithms.der_pp:train:165 - 49 has 13 samples
2023-02-10 13:36:16.194 | DEBUG    | algorithms.der_pp:train:165 - 70 has 13 samples
2023-02-10 13:36:16.195 | DEBUG    | algorithms.der_pp:train:165 - 7 has 13 samples
2023-02-10 13:36:16.196 | DEBUG    | algorithms.der_pp:train:165 - 80 has 13 samples
2023-02-10 13:36:16.196 | DEBUG    | algorithms.der_pp:train:165 - 76 has 13 samples
2023-02-10 13:36:16.197 | DEBUG    | algorithms.der_pp:train:165 - 65 has 13 samples
2023-02-10 13:36:16.198 | DEBUG    | algorithms.der_pp:train:165 - 85 has 13 samples
2023-02-10 13:36:16.198 | DEBUG    | algorithms.der_pp:train:165 - 96 has 13 samples
2023-02-10 13:36:16.199 | DEBUG    | algorithms.der_pp:train:165 - 6 has 13 samples
2023-02-10 13:36:16.200 | DEBUG    | algorithms.der_pp:train:165 - 25 has 13 samples
2023-02-10 13:36:16.201 | DEBUG    | algorithms.der_pp:train:165 - 84 has 13 samples
2023-02-10 13:36:16.201 | DEBUG    | algorithms.der_pp:train:165 - 99 has 13 samples
2023-02-10 13:36:16.202 | DEBUG    | algorithms.der_pp:train:165 - 98 has 13 samples
2023-02-10 13:36:16.203 | DEBUG    | algorithms.der_pp:train:165 - 60 has 13 samples
2023-02-10 13:36:16.204 | INFO     | algorithms.der_pp:train:170 - 1, loss: 4.304
2023-02-10 13:36:16.204 | INFO     | algorithms.algorithm_base:run_base_task_metrics:144 - Running metrics: Task 1
2023-02-10 13:36:20.064 | DEBUG    | algorithms.algorithm_base:run_base_task_metrics:200 - Raw classification accuracy results saved to ./output_cifar100_varied_sampling/der_pp/1676036098.4832497_CIFAR100_OFFICIAL_RUN/task_1_accuracy_results.json
2023-02-10 13:36:20.066 | INFO     | algorithms.algorithm_base:run_base_task_metrics:201 - Correctly classified 658 / 10000 samples (6.58% correct)
2023-02-10 13:36:20.443 | INFO     | algorithms.der_pp:train:86 - Task 3 / 5
2023-02-10 13:36:20.448 | INFO     | algorithms.der_pp:train:87 - Classes in task: ['kangaroo', 'turtle', 'dinosaur', 'hamster', 'bicycle', 'motorcycle', 'bed', 'shark', 'house', 'chair', 'wardrobe', 'camel', 'cloud', 'skunk', 'can', 'train', 'orchid', 'bowl', 'keyboard', 'snake']
2023-02-10 13:36:20.449 | INFO     | algorithms.der_pp:train:95 - Starting epoch 1 / 1
2023-02-10 13:36:22.592 | INFO     | algorithms.der_pp:train:159 - 2:1:40, loss: 5.393
2023-02-10 13:36:24.690 | INFO     | algorithms.der_pp:train:159 - 2:1:80, loss: 5.019
2023-02-10 13:36:26.785 | INFO     | algorithms.der_pp:train:159 - 2:1:120, loss: 4.805
2023-02-10 13:36:28.878 | INFO     | algorithms.der_pp:train:159 - 2:1:160, loss: 4.666
2023-02-10 13:36:30.974 | INFO     | algorithms.der_pp:train:159 - 2:1:200, loss: 4.443
2023-02-10 13:36:33.066 | INFO     | algorithms.der_pp:train:159 - 2:1:240, loss: 4.479
2023-02-10 13:36:35.159 | INFO     | algorithms.der_pp:train:159 - 2:1:280, loss: 4.260
2023-02-10 13:36:37.253 | INFO     | algorithms.der_pp:train:159 - 2:1:320, loss: 4.400
2023-02-10 13:36:39.349 | INFO     | algorithms.der_pp:train:159 - 2:1:360, loss: 4.297
2023-02-10 13:36:41.440 | INFO     | algorithms.der_pp:train:159 - 2:1:400, loss: 4.188
2023-02-10 13:36:43.536 | INFO     | algorithms.der_pp:train:159 - 2:1:440, loss: 4.106
2023-02-10 13:36:45.633 | INFO     | algorithms.der_pp:train:159 - 2:1:480, loss: 4.082
2023-02-10 13:36:47.721 | INFO     | algorithms.der_pp:train:159 - 2:1:520, loss: 4.037
2023-02-10 13:36:49.817 | INFO     | algorithms.der_pp:train:159 - 2:1:560, loss: 4.116
2023-02-10 13:36:51.912 | INFO     | algorithms.der_pp:train:159 - 2:1:600, loss: 4.021
2023-02-10 13:36:53.168 | DEBUG    | algorithms.der_pp:train:162 - Current sample stats:
2023-02-10 13:36:53.169 | DEBUG    | algorithms.der_pp:train:165 - 67 has 8 samples
2023-02-10 13:36:53.170 | DEBUG    | algorithms.der_pp:train:165 - 28 has 8 samples
2023-02-10 13:36:53.170 | DEBUG    | algorithms.der_pp:train:165 - 55 has 8 samples
2023-02-10 13:36:53.170 | DEBUG    | algorithms.der_pp:train:165 - 57 has 8 samples
2023-02-10 13:36:53.171 | DEBUG    | algorithms.der_pp:train:165 - 17 has 8 samples
2023-02-10 13:36:53.172 | DEBUG    | algorithms.der_pp:train:165 - 58 has 8 samples
2023-02-10 13:36:53.173 | DEBUG    | algorithms.der_pp:train:165 - 41 has 8 samples
2023-02-10 13:36:53.173 | DEBUG    | algorithms.der_pp:train:165 - 40 has 8 samples
2023-02-10 13:36:53.174 | DEBUG    | algorithms.der_pp:train:165 - 4 has 8 samples
2023-02-10 13:36:53.175 | DEBUG    | algorithms.der_pp:train:165 - 71 has 8 samples
2023-02-10 13:36:53.175 | DEBUG    | algorithms.der_pp:train:165 - 19 has 8 samples
2023-02-10 13:36:53.176 | DEBUG    | algorithms.der_pp:train:165 - 53 has 8 samples
2023-02-10 13:36:53.177 | DEBUG    | algorithms.der_pp:train:165 - 95 has 8 samples
2023-02-10 13:36:53.178 | DEBUG    | algorithms.der_pp:train:165 - 2 has 8 samples
2023-02-10 13:36:53.178 | DEBUG    | algorithms.der_pp:train:165 - 30 has 8 samples
2023-02-10 13:36:53.179 | DEBUG    | algorithms.der_pp:train:165 - 51 has 8 samples
2023-02-10 13:36:53.180 | DEBUG    | algorithms.der_pp:train:165 - 12 has 8 samples
2023-02-10 13:36:53.180 | DEBUG    | algorithms.der_pp:train:165 - 77 has 8 samples
2023-02-10 13:36:53.181 | DEBUG    | algorithms.der_pp:train:165 - 89 has 8 samples
2023-02-10 13:36:53.182 | DEBUG    | algorithms.der_pp:train:165 - 3 has 8 samples
2023-02-10 13:36:53.183 | DEBUG    | algorithms.der_pp:train:165 - 21 has 8 samples
2023-02-10 13:36:53.183 | DEBUG    | algorithms.der_pp:train:165 - 50 has 8 samples
2023-02-10 13:36:53.184 | DEBUG    | algorithms.der_pp:train:165 - 72 has 8 samples
2023-02-10 13:36:53.185 | DEBUG    | algorithms.der_pp:train:165 - 47 has 8 samples
2023-02-10 13:36:53.186 | DEBUG    | algorithms.der_pp:train:165 - 74 has 8 samples
2023-02-10 13:36:53.186 | DEBUG    | algorithms.der_pp:train:165 - 45 has 8 samples
2023-02-10 13:36:53.187 | DEBUG    | algorithms.der_pp:train:165 - 49 has 8 samples
2023-02-10 13:36:53.188 | DEBUG    | algorithms.der_pp:train:165 - 70 has 8 samples
2023-02-10 13:36:53.189 | DEBUG    | algorithms.der_pp:train:165 - 7 has 8 samples
2023-02-10 13:36:53.189 | DEBUG    | algorithms.der_pp:train:165 - 80 has 8 samples
2023-02-10 13:36:53.190 | DEBUG    | algorithms.der_pp:train:165 - 76 has 8 samples
2023-02-10 13:36:53.191 | DEBUG    | algorithms.der_pp:train:165 - 65 has 8 samples
2023-02-10 13:36:53.191 | DEBUG    | algorithms.der_pp:train:165 - 85 has 8 samples
2023-02-10 13:36:53.192 | DEBUG    | algorithms.der_pp:train:165 - 96 has 8 samples
2023-02-10 13:36:53.193 | DEBUG    | algorithms.der_pp:train:165 - 6 has 8 samples
2023-02-10 13:36:53.194 | DEBUG    | algorithms.der_pp:train:165 - 25 has 8 samples
2023-02-10 13:36:53.194 | DEBUG    | algorithms.der_pp:train:165 - 84 has 8 samples
2023-02-10 13:36:53.195 | DEBUG    | algorithms.der_pp:train:165 - 99 has 8 samples
2023-02-10 13:36:53.196 | DEBUG    | algorithms.der_pp:train:165 - 98 has 8 samples
2023-02-10 13:36:53.196 | DEBUG    | algorithms.der_pp:train:165 - 60 has 8 samples
2023-02-10 13:36:53.197 | DEBUG    | algorithms.der_pp:train:165 - 5 has 9 samples
2023-02-10 13:36:53.198 | DEBUG    | algorithms.der_pp:train:165 - 75 has 9 samples
2023-02-10 13:36:53.199 | DEBUG    | algorithms.der_pp:train:165 - 73 has 9 samples
2023-02-10 13:36:53.199 | DEBUG    | algorithms.der_pp:train:165 - 90 has 9 samples
2023-02-10 13:36:53.200 | DEBUG    | algorithms.der_pp:train:165 - 29 has 9 samples
2023-02-10 13:36:53.201 | DEBUG    | algorithms.der_pp:train:165 - 39 has 9 samples
2023-02-10 13:36:53.202 | DEBUG    | algorithms.der_pp:train:165 - 37 has 9 samples
2023-02-10 13:36:53.202 | DEBUG    | algorithms.der_pp:train:165 - 38 has 9 samples
2023-02-10 13:36:53.203 | DEBUG    | algorithms.der_pp:train:165 - 16 has 9 samples
2023-02-10 13:36:53.204 | DEBUG    | algorithms.der_pp:train:165 - 15 has 9 samples
2023-02-10 13:36:53.204 | DEBUG    | algorithms.der_pp:train:165 - 94 has 9 samples
2023-02-10 13:36:53.205 | DEBUG    | algorithms.der_pp:train:165 - 93 has 9 samples
2023-02-10 13:36:53.206 | DEBUG    | algorithms.der_pp:train:165 - 23 has 9 samples
2023-02-10 13:36:53.207 | DEBUG    | algorithms.der_pp:train:165 - 36 has 9 samples
2023-02-10 13:36:53.207 | DEBUG    | algorithms.der_pp:train:165 - 8 has 9 samples
2023-02-10 13:36:53.208 | DEBUG    | algorithms.der_pp:train:165 - 54 has 9 samples
2023-02-10 13:36:53.209 | DEBUG    | algorithms.der_pp:train:165 - 78 has 9 samples
2023-02-10 13:36:53.209 | DEBUG    | algorithms.der_pp:train:165 - 48 has 9 samples
2023-02-10 13:36:53.210 | DEBUG    | algorithms.der_pp:train:165 - 10 has 9 samples
2023-02-10 13:36:53.211 | DEBUG    | algorithms.der_pp:train:165 - 20 has 9 samples
2023-02-10 13:36:53.212 | INFO     | algorithms.der_pp:train:170 - 1, loss: 4.404
2023-02-10 13:36:53.212 | INFO     | algorithms.algorithm_base:run_base_task_metrics:144 - Running metrics: Task 2
2023-02-10 13:36:57.158 | DEBUG    | algorithms.algorithm_base:run_base_task_metrics:200 - Raw classification accuracy results saved to ./output_cifar100_varied_sampling/der_pp/1676036098.4832497_CIFAR100_OFFICIAL_RUN/task_2_accuracy_results.json
2023-02-10 13:36:57.160 | INFO     | algorithms.algorithm_base:run_base_task_metrics:201 - Correctly classified 632 / 10000 samples (6.32% correct)
2023-02-10 13:36:57.589 | INFO     | algorithms.der_pp:train:86 - Task 4 / 5
2023-02-10 13:36:57.594 | INFO     | algorithms.der_pp:train:87 - Classes in task: ['plate', 'bottle', 'boy', 'lizard', 'television', 'apple', 'wolf', 'caterpillar', 'butterfly', 'pine_tree', 'rocket', 'poppy', 'tulip', 'crab', 'possum', 'porcupine', 'streetcar', 'clock', 'sunflower', 'lion']
2023-02-10 13:36:57.595 | INFO     | algorithms.der_pp:train:95 - Starting epoch 1 / 1
2023-02-10 13:36:59.734 | INFO     | algorithms.der_pp:train:159 - 3:1:40, loss: 5.476
2023-02-10 13:37:01.832 | INFO     | algorithms.der_pp:train:159 - 3:1:80, loss: 5.019
2023-02-10 13:37:03.930 | INFO     | algorithms.der_pp:train:159 - 3:1:120, loss: 4.733
2023-02-10 13:37:06.023 | INFO     | algorithms.der_pp:train:159 - 3:1:160, loss: 4.625
2023-02-10 13:37:08.124 | INFO     | algorithms.der_pp:train:159 - 3:1:200, loss: 4.473
2023-02-10 13:37:10.215 | INFO     | algorithms.der_pp:train:159 - 3:1:240, loss: 4.385
2023-02-10 13:37:12.303 | INFO     | algorithms.der_pp:train:159 - 3:1:280, loss: 4.401
2023-02-10 13:37:14.398 | INFO     | algorithms.der_pp:train:159 - 3:1:320, loss: 4.158
2023-02-10 13:37:16.496 | INFO     | algorithms.der_pp:train:159 - 3:1:360, loss: 4.187
2023-02-10 13:37:18.596 | INFO     | algorithms.der_pp:train:159 - 3:1:400, loss: 4.087
2023-02-10 13:37:20.687 | INFO     | algorithms.der_pp:train:159 - 3:1:440, loss: 4.020
2023-02-10 13:37:22.781 | INFO     | algorithms.der_pp:train:159 - 3:1:480, loss: 4.023
2023-02-10 13:37:24.875 | INFO     | algorithms.der_pp:train:159 - 3:1:520, loss: 3.970
2023-02-10 13:37:26.964 | INFO     | algorithms.der_pp:train:159 - 3:1:560, loss: 3.812
2023-02-10 13:37:29.060 | INFO     | algorithms.der_pp:train:159 - 3:1:600, loss: 3.887
2023-02-10 13:37:30.327 | DEBUG    | algorithms.der_pp:train:162 - Current sample stats:
2023-02-10 13:37:30.328 | DEBUG    | algorithms.der_pp:train:165 - 67 has 6 samples
2023-02-10 13:37:30.329 | DEBUG    | algorithms.der_pp:train:165 - 28 has 6 samples
2023-02-10 13:37:30.330 | DEBUG    | algorithms.der_pp:train:165 - 55 has 6 samples
2023-02-10 13:37:30.330 | DEBUG    | algorithms.der_pp:train:165 - 57 has 6 samples
2023-02-10 13:37:30.331 | DEBUG    | algorithms.der_pp:train:165 - 17 has 6 samples
2023-02-10 13:37:30.332 | DEBUG    | algorithms.der_pp:train:165 - 58 has 6 samples
2023-02-10 13:37:30.333 | DEBUG    | algorithms.der_pp:train:165 - 41 has 6 samples
2023-02-10 13:37:30.333 | DEBUG    | algorithms.der_pp:train:165 - 40 has 6 samples
2023-02-10 13:37:30.334 | DEBUG    | algorithms.der_pp:train:165 - 4 has 6 samples
2023-02-10 13:37:30.335 | DEBUG    | algorithms.der_pp:train:165 - 71 has 6 samples
2023-02-10 13:37:30.335 | DEBUG    | algorithms.der_pp:train:165 - 19 has 6 samples
2023-02-10 13:37:30.336 | DEBUG    | algorithms.der_pp:train:165 - 53 has 6 samples
2023-02-10 13:37:30.337 | DEBUG    | algorithms.der_pp:train:165 - 95 has 6 samples
2023-02-10 13:37:30.338 | DEBUG    | algorithms.der_pp:train:165 - 2 has 6 samples
2023-02-10 13:37:30.338 | DEBUG    | algorithms.der_pp:train:165 - 30 has 6 samples
2023-02-10 13:37:30.339 | DEBUG    | algorithms.der_pp:train:165 - 51 has 6 samples
2023-02-10 13:37:30.340 | DEBUG    | algorithms.der_pp:train:165 - 12 has 6 samples
2023-02-10 13:37:30.341 | DEBUG    | algorithms.der_pp:train:165 - 77 has 6 samples
2023-02-10 13:37:30.341 | DEBUG    | algorithms.der_pp:train:165 - 89 has 6 samples
2023-02-10 13:37:30.342 | DEBUG    | algorithms.der_pp:train:165 - 3 has 6 samples
2023-02-10 13:37:30.343 | DEBUG    | algorithms.der_pp:train:165 - 21 has 6 samples
2023-02-10 13:37:30.344 | DEBUG    | algorithms.der_pp:train:165 - 50 has 6 samples
2023-02-10 13:37:30.344 | DEBUG    | algorithms.der_pp:train:165 - 72 has 6 samples
2023-02-10 13:37:30.345 | DEBUG    | algorithms.der_pp:train:165 - 47 has 6 samples
2023-02-10 13:37:30.346 | DEBUG    | algorithms.der_pp:train:165 - 74 has 6 samples
2023-02-10 13:37:30.346 | DEBUG    | algorithms.der_pp:train:165 - 45 has 6 samples
2023-02-10 13:37:30.347 | DEBUG    | algorithms.der_pp:train:165 - 49 has 6 samples
2023-02-10 13:37:30.348 | DEBUG    | algorithms.der_pp:train:165 - 70 has 6 samples
2023-02-10 13:37:30.348 | DEBUG    | algorithms.der_pp:train:165 - 7 has 6 samples
2023-02-10 13:37:30.349 | DEBUG    | algorithms.der_pp:train:165 - 80 has 6 samples
2023-02-10 13:37:30.350 | DEBUG    | algorithms.der_pp:train:165 - 76 has 6 samples
2023-02-10 13:37:30.350 | DEBUG    | algorithms.der_pp:train:165 - 65 has 6 samples
2023-02-10 13:37:30.351 | DEBUG    | algorithms.der_pp:train:165 - 85 has 6 samples
2023-02-10 13:37:30.351 | DEBUG    | algorithms.der_pp:train:165 - 96 has 6 samples
2023-02-10 13:37:30.351 | DEBUG    | algorithms.der_pp:train:165 - 6 has 6 samples
2023-02-10 13:37:30.352 | DEBUG    | algorithms.der_pp:train:165 - 25 has 6 samples
2023-02-10 13:37:30.352 | DEBUG    | algorithms.der_pp:train:165 - 84 has 6 samples
2023-02-10 13:37:30.353 | DEBUG    | algorithms.der_pp:train:165 - 99 has 6 samples
2023-02-10 13:37:30.354 | DEBUG    | algorithms.der_pp:train:165 - 98 has 6 samples
2023-02-10 13:37:30.354 | DEBUG    | algorithms.der_pp:train:165 - 60 has 6 samples
2023-02-10 13:37:30.355 | DEBUG    | algorithms.der_pp:train:165 - 5 has 6 samples
2023-02-10 13:37:30.355 | DEBUG    | algorithms.der_pp:train:165 - 75 has 6 samples
2023-02-10 13:37:30.356 | DEBUG    | algorithms.der_pp:train:165 - 73 has 6 samples
2023-02-10 13:37:30.357 | DEBUG    | algorithms.der_pp:train:165 - 90 has 6 samples
2023-02-10 13:37:30.358 | DEBUG    | algorithms.der_pp:train:165 - 29 has 6 samples
2023-02-10 13:37:30.358 | DEBUG    | algorithms.der_pp:train:165 - 39 has 6 samples
2023-02-10 13:37:30.359 | DEBUG    | algorithms.der_pp:train:165 - 37 has 6 samples
2023-02-10 13:37:30.360 | DEBUG    | algorithms.der_pp:train:165 - 38 has 6 samples
2023-02-10 13:37:30.361 | DEBUG    | algorithms.der_pp:train:165 - 16 has 6 samples
2023-02-10 13:37:30.362 | DEBUG    | algorithms.der_pp:train:165 - 15 has 6 samples
2023-02-10 13:37:30.362 | DEBUG    | algorithms.der_pp:train:165 - 94 has 6 samples
2023-02-10 13:37:30.363 | DEBUG    | algorithms.der_pp:train:165 - 93 has 6 samples
2023-02-10 13:37:30.364 | DEBUG    | algorithms.der_pp:train:165 - 23 has 6 samples
2023-02-10 13:37:30.364 | DEBUG    | algorithms.der_pp:train:165 - 36 has 6 samples
2023-02-10 13:37:30.365 | DEBUG    | algorithms.der_pp:train:165 - 8 has 6 samples
2023-02-10 13:37:30.366 | DEBUG    | algorithms.der_pp:train:165 - 54 has 6 samples
2023-02-10 13:37:30.366 | DEBUG    | algorithms.der_pp:train:165 - 78 has 6 samples
2023-02-10 13:37:30.367 | DEBUG    | algorithms.der_pp:train:165 - 48 has 6 samples
2023-02-10 13:37:30.368 | DEBUG    | algorithms.der_pp:train:165 - 10 has 6 samples
2023-02-10 13:37:30.368 | DEBUG    | algorithms.der_pp:train:165 - 20 has 6 samples
2023-02-10 13:37:30.369 | DEBUG    | algorithms.der_pp:train:165 - 82 has 7 samples
2023-02-10 13:37:30.370 | DEBUG    | algorithms.der_pp:train:165 - 44 has 7 samples
2023-02-10 13:37:30.370 | DEBUG    | algorithms.der_pp:train:165 - 26 has 7 samples
2023-02-10 13:37:30.371 | DEBUG    | algorithms.der_pp:train:165 - 43 has 7 samples
2023-02-10 13:37:30.371 | DEBUG    | algorithms.der_pp:train:165 - 69 has 7 samples
2023-02-10 13:37:30.372 | DEBUG    | algorithms.der_pp:train:165 - 59 has 7 samples
2023-02-10 13:37:30.373 | DEBUG    | algorithms.der_pp:train:165 - 97 has 7 samples
2023-02-10 13:37:30.374 | DEBUG    | algorithms.der_pp:train:165 - 22 has 7 samples
2023-02-10 13:37:30.375 | DEBUG    | algorithms.der_pp:train:165 - 0 has 7 samples
2023-02-10 13:37:30.375 | DEBUG    | algorithms.der_pp:train:165 - 18 has 7 samples
2023-02-10 13:37:30.376 | DEBUG    | algorithms.der_pp:train:165 - 11 has 7 samples
2023-02-10 13:37:30.377 | DEBUG    | algorithms.der_pp:train:165 - 64 has 7 samples
2023-02-10 13:37:30.378 | DEBUG    | algorithms.der_pp:train:165 - 81 has 7 samples
2023-02-10 13:37:30.378 | DEBUG    | algorithms.der_pp:train:165 - 87 has 7 samples
2023-02-10 13:37:30.379 | DEBUG    | algorithms.der_pp:train:165 - 92 has 7 samples
2023-02-10 13:37:30.380 | DEBUG    | algorithms.der_pp:train:165 - 14 has 7 samples
2023-02-10 13:37:30.380 | DEBUG    | algorithms.der_pp:train:165 - 62 has 7 samples
2023-02-10 13:37:30.381 | DEBUG    | algorithms.der_pp:train:165 - 63 has 7 samples
2023-02-10 13:37:30.382 | DEBUG    | algorithms.der_pp:train:165 - 61 has 7 samples
2023-02-10 13:37:30.382 | DEBUG    | algorithms.der_pp:train:165 - 9 has 7 samples
2023-02-10 13:37:30.383 | INFO     | algorithms.der_pp:train:170 - 1, loss: 4.334
2023-02-10 13:37:30.384 | INFO     | algorithms.algorithm_base:run_base_task_metrics:144 - Running metrics: Task 3
2023-02-10 13:37:34.288 | DEBUG    | algorithms.algorithm_base:run_base_task_metrics:200 - Raw classification accuracy results saved to ./output_cifar100_varied_sampling/der_pp/1676036098.4832497_CIFAR100_OFFICIAL_RUN/task_3_accuracy_results.json
2023-02-10 13:37:34.290 | INFO     | algorithms.algorithm_base:run_base_task_metrics:201 - Correctly classified 642 / 10000 samples (6.42% correct)
2023-02-10 13:37:34.662 | INFO     | algorithms.der_pp:train:86 - Task 5 / 5
2023-02-10 13:37:34.667 | INFO     | algorithms.der_pp:train:87 - Classes in task: ['aquarium_fish', 'crocodile', 'bus', 'telephone', 'fox', 'tiger', 'leopard', 'girl', 'oak_tree', 'flatfish', 'spider', 'forest', 'palm_tree', 'man', 'cockroach', 'elephant', 'trout', 'raccoon', 'road', 'sweet_pepper']
2023-02-10 13:37:34.668 | INFO     | algorithms.der_pp:train:95 - Starting epoch 1 / 1
2023-02-10 13:37:36.817 | INFO     | algorithms.der_pp:train:159 - 4:1:40, loss: 5.739
2023-02-10 13:37:38.917 | INFO     | algorithms.der_pp:train:159 - 4:1:80, loss: 5.338
2023-02-10 13:37:41.013 | INFO     | algorithms.der_pp:train:159 - 4:1:120, loss: 5.160
2023-02-10 13:37:43.106 | INFO     | algorithms.der_pp:train:159 - 4:1:160, loss: 4.915
2023-02-10 13:37:45.202 | INFO     | algorithms.der_pp:train:159 - 4:1:200, loss: 4.780
2023-02-10 13:37:47.293 | INFO     | algorithms.der_pp:train:159 - 4:1:240, loss: 4.612
2023-02-10 13:37:49.387 | INFO     | algorithms.der_pp:train:159 - 4:1:280, loss: 4.474
2023-02-10 13:37:51.484 | INFO     | algorithms.der_pp:train:159 - 4:1:320, loss: 4.417
2023-02-10 13:37:53.577 | INFO     | algorithms.der_pp:train:159 - 4:1:360, loss: 4.416
2023-02-10 13:37:55.674 | INFO     | algorithms.der_pp:train:159 - 4:1:400, loss: 4.273
2023-02-10 13:37:57.773 | INFO     | algorithms.der_pp:train:159 - 4:1:440, loss: 4.272
2023-02-10 13:37:59.874 | INFO     | algorithms.der_pp:train:159 - 4:1:480, loss: 4.237
2023-02-10 13:38:01.974 | INFO     | algorithms.der_pp:train:159 - 4:1:520, loss: 4.238
2023-02-10 13:38:04.067 | INFO     | algorithms.der_pp:train:159 - 4:1:560, loss: 4.234
2023-02-10 13:38:06.162 | INFO     | algorithms.der_pp:train:159 - 4:1:600, loss: 4.116
2023-02-10 13:38:07.422 | DEBUG    | algorithms.der_pp:train:162 - Current sample stats:
2023-02-10 13:38:07.423 | DEBUG    | algorithms.der_pp:train:165 - 67 has 5 samples
2023-02-10 13:38:07.424 | DEBUG    | algorithms.der_pp:train:165 - 28 has 5 samples
2023-02-10 13:38:07.425 | DEBUG    | algorithms.der_pp:train:165 - 55 has 5 samples
2023-02-10 13:38:07.425 | DEBUG    | algorithms.der_pp:train:165 - 57 has 5 samples
2023-02-10 13:38:07.426 | DEBUG    | algorithms.der_pp:train:165 - 17 has 5 samples
2023-02-10 13:38:07.427 | DEBUG    | algorithms.der_pp:train:165 - 58 has 5 samples
2023-02-10 13:38:07.427 | DEBUG    | algorithms.der_pp:train:165 - 41 has 5 samples
2023-02-10 13:38:07.428 | DEBUG    | algorithms.der_pp:train:165 - 40 has 5 samples
2023-02-10 13:38:07.429 | DEBUG    | algorithms.der_pp:train:165 - 4 has 5 samples
2023-02-10 13:38:07.430 | DEBUG    | algorithms.der_pp:train:165 - 71 has 5 samples
2023-02-10 13:38:07.430 | DEBUG    | algorithms.der_pp:train:165 - 19 has 5 samples
2023-02-10 13:38:07.431 | DEBUG    | algorithms.der_pp:train:165 - 53 has 5 samples
2023-02-10 13:38:07.432 | DEBUG    | algorithms.der_pp:train:165 - 95 has 5 samples
2023-02-10 13:38:07.432 | DEBUG    | algorithms.der_pp:train:165 - 2 has 5 samples
2023-02-10 13:38:07.433 | DEBUG    | algorithms.der_pp:train:165 - 30 has 5 samples
2023-02-10 13:38:07.434 | DEBUG    | algorithms.der_pp:train:165 - 51 has 5 samples
2023-02-10 13:38:07.434 | DEBUG    | algorithms.der_pp:train:165 - 12 has 5 samples
2023-02-10 13:38:07.435 | DEBUG    | algorithms.der_pp:train:165 - 77 has 5 samples
2023-02-10 13:38:07.436 | DEBUG    | algorithms.der_pp:train:165 - 89 has 5 samples
2023-02-10 13:38:07.436 | DEBUG    | algorithms.der_pp:train:165 - 3 has 5 samples
2023-02-10 13:38:07.437 | DEBUG    | algorithms.der_pp:train:165 - 21 has 5 samples
2023-02-10 13:38:07.438 | DEBUG    | algorithms.der_pp:train:165 - 50 has 5 samples
2023-02-10 13:38:07.438 | DEBUG    | algorithms.der_pp:train:165 - 72 has 5 samples
2023-02-10 13:38:07.439 | DEBUG    | algorithms.der_pp:train:165 - 47 has 5 samples
2023-02-10 13:38:07.439 | DEBUG    | algorithms.der_pp:train:165 - 74 has 5 samples
2023-02-10 13:38:07.440 | DEBUG    | algorithms.der_pp:train:165 - 45 has 5 samples
2023-02-10 13:38:07.441 | DEBUG    | algorithms.der_pp:train:165 - 49 has 5 samples
2023-02-10 13:38:07.441 | DEBUG    | algorithms.der_pp:train:165 - 70 has 5 samples
2023-02-10 13:38:07.442 | DEBUG    | algorithms.der_pp:train:165 - 7 has 5 samples
2023-02-10 13:38:07.442 | DEBUG    | algorithms.der_pp:train:165 - 80 has 5 samples
2023-02-10 13:38:07.443 | DEBUG    | algorithms.der_pp:train:165 - 76 has 5 samples
2023-02-10 13:38:07.444 | DEBUG    | algorithms.der_pp:train:165 - 65 has 5 samples
2023-02-10 13:38:07.444 | DEBUG    | algorithms.der_pp:train:165 - 85 has 5 samples
2023-02-10 13:38:07.445 | DEBUG    | algorithms.der_pp:train:165 - 96 has 5 samples
2023-02-10 13:38:07.446 | DEBUG    | algorithms.der_pp:train:165 - 6 has 5 samples
2023-02-10 13:38:07.447 | DEBUG    | algorithms.der_pp:train:165 - 25 has 5 samples
2023-02-10 13:38:07.447 | DEBUG    | algorithms.der_pp:train:165 - 84 has 5 samples
2023-02-10 13:38:07.448 | DEBUG    | algorithms.der_pp:train:165 - 99 has 5 samples
2023-02-10 13:38:07.448 | DEBUG    | algorithms.der_pp:train:165 - 98 has 5 samples
2023-02-10 13:38:07.449 | DEBUG    | algorithms.der_pp:train:165 - 60 has 5 samples
2023-02-10 13:38:07.450 | DEBUG    | algorithms.der_pp:train:165 - 5 has 5 samples
2023-02-10 13:38:07.451 | DEBUG    | algorithms.der_pp:train:165 - 75 has 5 samples
2023-02-10 13:38:07.451 | DEBUG    | algorithms.der_pp:train:165 - 73 has 5 samples
2023-02-10 13:38:07.452 | DEBUG    | algorithms.der_pp:train:165 - 90 has 5 samples
2023-02-10 13:38:07.453 | DEBUG    | algorithms.der_pp:train:165 - 29 has 5 samples
2023-02-10 13:38:07.454 | DEBUG    | algorithms.der_pp:train:165 - 39 has 5 samples
2023-02-10 13:38:07.454 | DEBUG    | algorithms.der_pp:train:165 - 37 has 5 samples
2023-02-10 13:38:07.455 | DEBUG    | algorithms.der_pp:train:165 - 38 has 5 samples
2023-02-10 13:38:07.456 | DEBUG    | algorithms.der_pp:train:165 - 16 has 5 samples
2023-02-10 13:38:07.456 | DEBUG    | algorithms.der_pp:train:165 - 15 has 5 samples
2023-02-10 13:38:07.457 | DEBUG    | algorithms.der_pp:train:165 - 94 has 5 samples
2023-02-10 13:38:07.458 | DEBUG    | algorithms.der_pp:train:165 - 93 has 5 samples
2023-02-10 13:38:07.458 | DEBUG    | algorithms.der_pp:train:165 - 23 has 5 samples
2023-02-10 13:38:07.459 | DEBUG    | algorithms.der_pp:train:165 - 36 has 5 samples
2023-02-10 13:38:07.460 | DEBUG    | algorithms.der_pp:train:165 - 8 has 5 samples
2023-02-10 13:38:07.461 | DEBUG    | algorithms.der_pp:train:165 - 54 has 5 samples
2023-02-10 13:38:07.461 | DEBUG    | algorithms.der_pp:train:165 - 78 has 5 samples
2023-02-10 13:38:07.462 | DEBUG    | algorithms.der_pp:train:165 - 48 has 5 samples
2023-02-10 13:38:07.463 | DEBUG    | algorithms.der_pp:train:165 - 10 has 5 samples
2023-02-10 13:38:07.463 | DEBUG    | algorithms.der_pp:train:165 - 20 has 5 samples
2023-02-10 13:38:07.464 | DEBUG    | algorithms.der_pp:train:165 - 82 has 5 samples
2023-02-10 13:38:07.465 | DEBUG    | algorithms.der_pp:train:165 - 44 has 5 samples
2023-02-10 13:38:07.466 | DEBUG    | algorithms.der_pp:train:165 - 26 has 5 samples
2023-02-10 13:38:07.466 | DEBUG    | algorithms.der_pp:train:165 - 43 has 5 samples
2023-02-10 13:38:07.467 | DEBUG    | algorithms.der_pp:train:165 - 69 has 5 samples
2023-02-10 13:38:07.468 | DEBUG    | algorithms.der_pp:train:165 - 59 has 5 samples
2023-02-10 13:38:07.469 | DEBUG    | algorithms.der_pp:train:165 - 97 has 5 samples
2023-02-10 13:38:07.469 | DEBUG    | algorithms.der_pp:train:165 - 22 has 5 samples
2023-02-10 13:38:07.470 | DEBUG    | algorithms.der_pp:train:165 - 0 has 5 samples
2023-02-10 13:38:07.471 | DEBUG    | algorithms.der_pp:train:165 - 18 has 5 samples
2023-02-10 13:38:07.471 | DEBUG    | algorithms.der_pp:train:165 - 11 has 5 samples
2023-02-10 13:38:07.472 | DEBUG    | algorithms.der_pp:train:165 - 64 has 5 samples
2023-02-10 13:38:07.473 | DEBUG    | algorithms.der_pp:train:165 - 81 has 5 samples
2023-02-10 13:38:07.473 | DEBUG    | algorithms.der_pp:train:165 - 87 has 5 samples
2023-02-10 13:38:07.474 | DEBUG    | algorithms.der_pp:train:165 - 92 has 5 samples
2023-02-10 13:38:07.475 | DEBUG    | algorithms.der_pp:train:165 - 14 has 5 samples
2023-02-10 13:38:07.475 | DEBUG    | algorithms.der_pp:train:165 - 62 has 5 samples
2023-02-10 13:38:07.476 | DEBUG    | algorithms.der_pp:train:165 - 63 has 5 samples
2023-02-10 13:38:07.477 | DEBUG    | algorithms.der_pp:train:165 - 61 has 5 samples
2023-02-10 13:38:07.477 | DEBUG    | algorithms.der_pp:train:165 - 9 has 5 samples
2023-02-10 13:38:07.478 | DEBUG    | algorithms.der_pp:train:165 - 32 has 5 samples
2023-02-10 13:38:07.479 | DEBUG    | algorithms.der_pp:train:165 - 56 has 5 samples
2023-02-10 13:38:07.480 | DEBUG    | algorithms.der_pp:train:165 - 27 has 5 samples
2023-02-10 13:38:07.480 | DEBUG    | algorithms.der_pp:train:165 - 46 has 5 samples
2023-02-10 13:38:07.481 | DEBUG    | algorithms.der_pp:train:165 - 91 has 5 samples
2023-02-10 13:38:07.482 | DEBUG    | algorithms.der_pp:train:165 - 24 has 5 samples
2023-02-10 13:38:07.482 | DEBUG    | algorithms.der_pp:train:165 - 1 has 5 samples
2023-02-10 13:38:07.483 | DEBUG    | algorithms.der_pp:train:165 - 66 has 5 samples
2023-02-10 13:38:07.484 | DEBUG    | algorithms.der_pp:train:165 - 79 has 5 samples
2023-02-10 13:38:07.485 | DEBUG    | algorithms.der_pp:train:165 - 35 has 5 samples
2023-02-10 13:38:07.485 | DEBUG    | algorithms.der_pp:train:165 - 83 has 5 samples
2023-02-10 13:38:07.486 | DEBUG    | algorithms.der_pp:train:165 - 13 has 5 samples
2023-02-10 13:38:07.487 | DEBUG    | algorithms.der_pp:train:165 - 88 has 5 samples
2023-02-10 13:38:07.487 | DEBUG    | algorithms.der_pp:train:165 - 33 has 5 samples
2023-02-10 13:38:07.488 | DEBUG    | algorithms.der_pp:train:165 - 86 has 5 samples
2023-02-10 13:38:07.489 | DEBUG    | algorithms.der_pp:train:165 - 52 has 5 samples
2023-02-10 13:38:07.490 | DEBUG    | algorithms.der_pp:train:165 - 68 has 5 samples
2023-02-10 13:38:07.490 | DEBUG    | algorithms.der_pp:train:165 - 31 has 5 samples
2023-02-10 13:38:07.491 | DEBUG    | algorithms.der_pp:train:165 - 34 has 5 samples
2023-02-10 13:38:07.492 | DEBUG    | algorithms.der_pp:train:165 - 42 has 5 samples
2023-02-10 13:38:07.492 | INFO     | algorithms.der_pp:train:170 - 1, loss: 4.595
2023-02-10 13:38:07.493 | INFO     | algorithms.algorithm_base:run_base_task_metrics:144 - Running metrics: Task 4
2023-02-10 13:38:11.363 | DEBUG    | algorithms.algorithm_base:run_base_task_metrics:200 - Raw classification accuracy results saved to ./output_cifar100_varied_sampling/der_pp/1676036098.4832497_CIFAR100_OFFICIAL_RUN/task_4_accuracy_results.json
2023-02-10 13:38:11.365 | INFO     | algorithms.algorithm_base:run_base_task_metrics:201 - Correctly classified 691 / 10000 samples (6.91% correct)
2023-02-10 13:38:11.734 | INFO     | algorithms.der_pp:train:178 - Training complete
2023-02-10 13:38:11.740 | INFO     | __main__:run_experiment:290 - Training and evaluation completed!
2023-02-10 13:38:11.741 | INFO     | __main__:run_experiment:304 - Wrote usage stats to file
2023-02-10 13:38:11.742 | INFO     | __main__:main:351 - Complete
2023-02-10 13:38:11.743 | INFO     | __main__:close_tensorboard_writer:252 - Shut down TensorBoard
