2023-04-15 18:46:54.818 | INFO     | __main__:setup_files:218 - Experiment Name: OFFICIAL_RUN
2023-04-15 18:46:54.819 | INFO     | __main__:main:334 - Command line arguments: Configuration(algorithm='derpp', dataset='cifar100', classes_per_task=20, seed=2214, samples=200)
2023-04-15 18:46:54.822 | INFO     | __main__:main:338 - Seeded random to 2214
2023-04-15 18:46:54.823 | INFO     | __main__:main:342 - Got CUDA device
2023-04-15 18:46:54.823 | INFO     | __main__:force_cuda_load:268 - Forcing CUDA initialisation...
2023-04-15 18:46:54.880 | INFO     | __main__:main:346 - CUDA initialised
2023-04-15 18:46:54.881 | INFO     | __main__:setup_shutdown_hook:264 - To access TensorBoard, run the command: tensorboard --logdir=./output_cifar100_varied_sampling/der_pp/1681580814.7880151_CIFAR100_OFFICIAL_RUN
2023-04-15 18:46:54.882 | INFO     | __main__:main:350 - Setup shutdown hooks
2023-04-15 18:46:54.904 | INFO     | __main__:main:355 - Model is setup
2023-04-15 18:46:54.905 | INFO     | __main__:main:357 - Complete pre-setup, starting experiment
2023-04-15 18:46:56.081 | INFO     | datasets.dataset_base:__init__:80 - Using disjoint tasks with 20 (5 tasks) with a randomised split
2023-04-15 18:46:56.083 | DEBUG    | datasets.dataset_base:_setup_task_datasets:95 - Splitting dataset into 5 disjoint tasks
2023-04-15 18:46:56.103 | INFO     | datasets.dataset_base:__init__:85 - {
  "name": "datasets.cifar100.CIFAR100",
  "dataset_class": "torchvision.datasets.cifar.CIFAR100",
  "training_dataset_parameters": "{'train': True, 'download': True}",
  "testing_dataset_parameters": "{'train': False, 'download': True}",
  "training_transform": "Compose(\n    Resize(size=(32, 32), interpolation=bilinear, max_size=None, antialias=None)\n    ToTensor()\n    Normalize(mean=(0.5071, 0.4867, 0.4408), std=(0.2675, 0.2565, 0.2761))\n    RandomCrop(size=(32, 32), padding=4)\n    RandomHorizontalFlip(p=0.5)\n)",
  "testing_transform": "Compose(\n    Resize(size=(32, 32), interpolation=bilinear, max_size=None, antialias=None)\n    ToTensor()\n    Normalize(mean=(0.5071, 0.4867, 0.4408), std=(0.2675, 0.2565, 0.2761))\n)",
  "classes": "apple, aquarium_fish, baby, bear, beaver, bed, bee, beetle, bicycle, bottle, bowl, boy, bridge, bus, butterfly, camel, can, castle, caterpillar, cattle, chair, chimpanzee, clock, cloud, cockroach, couch, crab, crocodile, cup, dinosaur, dolphin, elephant, flatfish, forest, fox, girl, hamster, house, kangaroo, keyboard, lamp, lawn_mower, leopard, lion, lizard, lobster, man, maple_tree, motorcycle, mountain, mouse, mushroom, oak_tree, orange, orchid, otter, palm_tree, pear, pickup_truck, pine_tree, plain, plate, poppy, porcupine, possum, rabbit, raccoon, ray, road, rocket, rose, sea, seal, shark, shrew, skunk, skyscraper, snail, snake, spider, squirrel, streetcar, sunflower, sweet_pepper, table, tank, telephone, television, tiger, tractor, train, trout, tulip, turtle, wardrobe, whale, willow_tree, wolf, woman, worm",
  "disjoint": true,
  "task_count": 5,
  "classes_per_task": [
    20
  ],
  "task_split_indices": [
    [
      83,
      48,
      78,
      11,
      67,
      62,
      66,
      85,
      2,
      53,
      76,
      96,
      17,
      92,
      3,
      63,
      97,
      45,
      61,
      6
    ],
    [
      77,
      13,
      90,
      75,
      44,
      18,
      98,
      8,
      91,
      64,
      4,
      57,
      24,
      80,
      25,
      1,
      99,
      21,
      46,
      95
    ],
    [
      86,
      42,
      22,
      65,
      58,
      20,
      9,
      87,
      79,
      27,
      29,
      7,
      51,
      37,
      50,
      38,
      40,
      60,
      68,
      15
    ],
    [
      84,
      32,
      49,
      41,
      30,
      69,
      33,
      82,
      55,
      93,
      28,
      26,
      0,
      52,
      36,
      39,
      94,
      70,
      43,
      72
    ],
    [
      81,
      5,
      74,
      10,
      73,
      71,
      23,
      34,
      47,
      14,
      88,
      54,
      31,
      19,
      16,
      56,
      12,
      59,
      89,
      35
    ]
  ],
  "task_split_classes": [
    [
      "sweet_pepper",
      "motorcycle",
      "snake",
      "boy",
      "ray",
      "poppy",
      "raccoon",
      "tank",
      "baby",
      "orange",
      "skyscraper",
      "willow_tree",
      "castle",
      "tulip",
      "bear",
      "porcupine",
      "wolf",
      "lobster",
      "plate",
      "bee"
    ],
    [
      "snail",
      "bus",
      "train",
      "skunk",
      "lizard",
      "caterpillar",
      "woman",
      "bicycle",
      "trout",
      "possum",
      "beaver",
      "pear",
      "cockroach",
      "squirrel",
      "couch",
      "aquarium_fish",
      "worm",
      "chimpanzee",
      "man",
      "whale"
    ],
    [
      "telephone",
      "leopard",
      "clock",
      "rabbit",
      "pickup_truck",
      "chair",
      "bottle",
      "television",
      "spider",
      "crocodile",
      "dinosaur",
      "beetle",
      "mushroom",
      "house",
      "mouse",
      "kangaroo",
      "lamp",
      "plain",
      "road",
      "camel"
    ],
    [
      "table",
      "flatfish",
      "mountain",
      "lawn_mower",
      "dolphin",
      "rocket",
      "forest",
      "sunflower",
      "otter",
      "turtle",
      "cup",
      "crab",
      "apple",
      "oak_tree",
      "hamster",
      "keyboard",
      "wardrobe",
      "rose",
      "lion",
      "seal"
    ],
    [
      "streetcar",
      "bed",
      "shrew",
      "bowl",
      "shark",
      "sea",
      "cloud",
      "fox",
      "maple_tree",
      "butterfly",
      "tiger",
      "orchid",
      "elephant",
      "cattle",
      "can",
      "palm_tree",
      "bridge",
      "pine_tree",
      "tractor",
      "girl"
    ]
  ]
}
2023-04-15 18:46:56.109 | DEBUG    | __main__:run_experiment:292 - PID: 4996
2023-04-15 18:46:56.111 | INFO     | __main__:run_experiment:294 - Starting...
2023-04-15 18:46:56.112 | INFO     | algorithms.algorithm_base:train:116 - {
  "name": "algorithms.der_pp.DarkExperiencePlusPlus",
  "model_class": "models.cifar.resnet.ResNet",
  "device": "cuda:0",
  "dataset_class": "datasets.cifar100.CIFAR100",
  "optimiser_class": "torch.optim.sgd.SGD",
  "loss_criterion_class": "torch.nn.modules.loss.CrossEntropyLoss",
  "epochs_per_task": 1,
  "batch_size": 16,
  "max_memory_samples": 200,
  "alpha": 0.5,
  "beta": 0.5
}
2023-04-15 18:46:56.114 | DEBUG    | algorithms.algorithm_base:_setup_training:109 - Model moved to cuda:0 and set to train mode
2023-04-15 18:46:56.115 | INFO     | algorithms.algorithm_base:train:118 - Starting training
2023-04-15 18:46:56.116 | INFO     | algorithms.der_pp:train:86 - Task 1 / 5
2023-04-15 18:46:56.117 | INFO     | algorithms.der_pp:train:87 - Classes in task: ['sweet_pepper', 'motorcycle', 'snake', 'boy', 'ray', 'poppy', 'raccoon', 'tank', 'baby', 'orange', 'skyscraper', 'willow_tree', 'castle', 'tulip', 'bear', 'porcupine', 'wolf', 'lobster', 'plate', 'bee']
2023-04-15 18:46:56.118 | INFO     | algorithms.der_pp:train:95 - Starting epoch 1 / 1
2023-04-15 18:47:00.041 | INFO     | algorithms.der_pp:train:159 - 0:1:40, loss: 7.098
2023-04-15 18:47:02.002 | INFO     | algorithms.der_pp:train:159 - 0:1:80, loss: 6.801
2023-04-15 18:47:03.987 | INFO     | algorithms.der_pp:train:159 - 0:1:120, loss: 6.466
2023-04-15 18:47:05.966 | INFO     | algorithms.der_pp:train:159 - 0:1:160, loss: 6.389
2023-04-15 18:47:07.949 | INFO     | algorithms.der_pp:train:159 - 0:1:200, loss: 5.976
2023-04-15 18:47:09.934 | INFO     | algorithms.der_pp:train:159 - 0:1:240, loss: 5.801
2023-04-15 18:47:11.915 | INFO     | algorithms.der_pp:train:159 - 0:1:280, loss: 5.613
2023-04-15 18:47:13.900 | INFO     | algorithms.der_pp:train:159 - 0:1:320, loss: 5.443
2023-04-15 18:47:15.877 | INFO     | algorithms.der_pp:train:159 - 0:1:360, loss: 5.305
2023-04-15 18:47:17.855 | INFO     | algorithms.der_pp:train:159 - 0:1:400, loss: 5.288
2023-04-15 18:47:19.837 | INFO     | algorithms.der_pp:train:159 - 0:1:440, loss: 5.338
2023-04-15 18:47:21.817 | INFO     | algorithms.der_pp:train:159 - 0:1:480, loss: 5.041
2023-04-15 18:47:23.813 | INFO     | algorithms.der_pp:train:159 - 0:1:520, loss: 4.940
2023-04-15 18:47:25.795 | INFO     | algorithms.der_pp:train:159 - 0:1:560, loss: 4.818
2023-04-15 18:47:27.768 | INFO     | algorithms.der_pp:train:159 - 0:1:600, loss: 4.808
2023-04-15 18:47:28.959 | DEBUG    | algorithms.der_pp:train:162 - Current sample stats:
2023-04-15 18:47:28.960 | DEBUG    | algorithms.der_pp:train:165 - 85 has 10 samples
2023-04-15 18:47:28.961 | DEBUG    | algorithms.der_pp:train:165 - 53 has 10 samples
2023-04-15 18:47:28.961 | DEBUG    | algorithms.der_pp:train:165 - 11 has 10 samples
2023-04-15 18:47:28.962 | DEBUG    | algorithms.der_pp:train:165 - 96 has 10 samples
2023-04-15 18:47:28.962 | DEBUG    | algorithms.der_pp:train:165 - 2 has 10 samples
2023-04-15 18:47:28.963 | DEBUG    | algorithms.der_pp:train:165 - 78 has 10 samples
2023-04-15 18:47:28.963 | DEBUG    | algorithms.der_pp:train:165 - 61 has 10 samples
2023-04-15 18:47:28.964 | DEBUG    | algorithms.der_pp:train:165 - 97 has 10 samples
2023-04-15 18:47:28.965 | DEBUG    | algorithms.der_pp:train:165 - 67 has 10 samples
2023-04-15 18:47:28.966 | DEBUG    | algorithms.der_pp:train:165 - 83 has 10 samples
2023-04-15 18:47:28.966 | DEBUG    | algorithms.der_pp:train:165 - 48 has 10 samples
2023-04-15 18:47:28.967 | DEBUG    | algorithms.der_pp:train:165 - 6 has 10 samples
2023-04-15 18:47:28.968 | DEBUG    | algorithms.der_pp:train:165 - 92 has 10 samples
2023-04-15 18:47:28.968 | DEBUG    | algorithms.der_pp:train:165 - 62 has 10 samples
2023-04-15 18:47:28.969 | DEBUG    | algorithms.der_pp:train:165 - 17 has 10 samples
2023-04-15 18:47:28.970 | DEBUG    | algorithms.der_pp:train:165 - 45 has 10 samples
2023-04-15 18:47:28.971 | DEBUG    | algorithms.der_pp:train:165 - 76 has 10 samples
2023-04-15 18:47:28.971 | DEBUG    | algorithms.der_pp:train:165 - 66 has 10 samples
2023-04-15 18:47:28.972 | DEBUG    | algorithms.der_pp:train:165 - 3 has 10 samples
2023-04-15 18:47:28.973 | DEBUG    | algorithms.der_pp:train:165 - 63 has 10 samples
2023-04-15 18:47:28.974 | INFO     | algorithms.der_pp:train:170 - 1, loss: 5.637
2023-04-15 18:47:28.974 | INFO     | algorithms.algorithm_base:run_base_task_metrics:144 - Running metrics: Task 0
2023-04-15 18:47:32.927 | DEBUG    | algorithms.algorithm_base:run_base_task_metrics:200 - Raw classification accuracy results saved to ./output_cifar100_varied_sampling/der_pp/1681580814.7880151_CIFAR100_OFFICIAL_RUN/task_0_accuracy_results.json
2023-04-15 18:47:32.929 | INFO     | algorithms.algorithm_base:run_base_task_metrics:201 - Correctly classified 658 / 10000 samples (6.58% correct)
2023-04-15 18:47:33.406 | INFO     | algorithms.der_pp:train:86 - Task 2 / 5
2023-04-15 18:47:33.411 | INFO     | algorithms.der_pp:train:87 - Classes in task: ['snail', 'bus', 'train', 'skunk', 'lizard', 'caterpillar', 'woman', 'bicycle', 'trout', 'possum', 'beaver', 'pear', 'cockroach', 'squirrel', 'couch', 'aquarium_fish', 'worm', 'chimpanzee', 'man', 'whale']
2023-04-15 18:47:33.412 | INFO     | algorithms.der_pp:train:95 - Starting epoch 1 / 1
2023-04-15 18:47:35.472 | INFO     | algorithms.der_pp:train:159 - 1:1:40, loss: 7.271
2023-04-15 18:47:37.481 | INFO     | algorithms.der_pp:train:159 - 1:1:80, loss: 6.701
2023-04-15 18:47:39.497 | INFO     | algorithms.der_pp:train:159 - 1:1:120, loss: 6.350
2023-04-15 18:47:41.505 | INFO     | algorithms.der_pp:train:159 - 1:1:160, loss: 6.198
2023-04-15 18:47:43.521 | INFO     | algorithms.der_pp:train:159 - 1:1:200, loss: 6.139
2023-04-15 18:47:45.533 | INFO     | algorithms.der_pp:train:159 - 1:1:240, loss: 5.958
2023-04-15 18:47:47.548 | INFO     | algorithms.der_pp:train:159 - 1:1:280, loss: 6.023
2023-04-15 18:47:49.564 | INFO     | algorithms.der_pp:train:159 - 1:1:320, loss: 5.983
2023-04-15 18:47:51.575 | INFO     | algorithms.der_pp:train:159 - 1:1:360, loss: 5.940
2023-04-15 18:47:53.587 | INFO     | algorithms.der_pp:train:159 - 1:1:400, loss: 5.773
2023-04-15 18:47:55.601 | INFO     | algorithms.der_pp:train:159 - 1:1:440, loss: 5.738
2023-04-15 18:47:57.607 | INFO     | algorithms.der_pp:train:159 - 1:1:480, loss: 5.645
2023-04-15 18:47:59.622 | INFO     | algorithms.der_pp:train:159 - 1:1:520, loss: 5.601
2023-04-15 18:48:01.632 | INFO     | algorithms.der_pp:train:159 - 1:1:560, loss: 5.663
2023-04-15 18:48:03.642 | INFO     | algorithms.der_pp:train:159 - 1:1:600, loss: 5.509
2023-04-15 18:48:04.853 | DEBUG    | algorithms.der_pp:train:162 - Current sample stats:
2023-04-15 18:48:04.854 | DEBUG    | algorithms.der_pp:train:165 - 85 has 5 samples
2023-04-15 18:48:04.855 | DEBUG    | algorithms.der_pp:train:165 - 53 has 5 samples
2023-04-15 18:48:04.855 | DEBUG    | algorithms.der_pp:train:165 - 11 has 5 samples
2023-04-15 18:48:04.856 | DEBUG    | algorithms.der_pp:train:165 - 96 has 5 samples
2023-04-15 18:48:04.857 | DEBUG    | algorithms.der_pp:train:165 - 2 has 5 samples
2023-04-15 18:48:04.858 | DEBUG    | algorithms.der_pp:train:165 - 78 has 5 samples
2023-04-15 18:48:04.858 | DEBUG    | algorithms.der_pp:train:165 - 61 has 5 samples
2023-04-15 18:48:04.859 | DEBUG    | algorithms.der_pp:train:165 - 97 has 5 samples
2023-04-15 18:48:04.860 | DEBUG    | algorithms.der_pp:train:165 - 67 has 5 samples
2023-04-15 18:48:04.860 | DEBUG    | algorithms.der_pp:train:165 - 83 has 5 samples
2023-04-15 18:48:04.861 | DEBUG    | algorithms.der_pp:train:165 - 48 has 5 samples
2023-04-15 18:48:04.862 | DEBUG    | algorithms.der_pp:train:165 - 6 has 5 samples
2023-04-15 18:48:04.863 | DEBUG    | algorithms.der_pp:train:165 - 92 has 5 samples
2023-04-15 18:48:04.863 | DEBUG    | algorithms.der_pp:train:165 - 62 has 5 samples
2023-04-15 18:48:04.864 | DEBUG    | algorithms.der_pp:train:165 - 17 has 5 samples
2023-04-15 18:48:04.865 | DEBUG    | algorithms.der_pp:train:165 - 45 has 5 samples
2023-04-15 18:48:04.866 | DEBUG    | algorithms.der_pp:train:165 - 76 has 5 samples
2023-04-15 18:48:04.866 | DEBUG    | algorithms.der_pp:train:165 - 66 has 5 samples
2023-04-15 18:48:04.867 | DEBUG    | algorithms.der_pp:train:165 - 3 has 5 samples
2023-04-15 18:48:04.868 | DEBUG    | algorithms.der_pp:train:165 - 63 has 5 samples
2023-04-15 18:48:04.868 | DEBUG    | algorithms.der_pp:train:165 - 80 has 5 samples
2023-04-15 18:48:04.869 | DEBUG    | algorithms.der_pp:train:165 - 46 has 5 samples
2023-04-15 18:48:04.870 | DEBUG    | algorithms.der_pp:train:165 - 1 has 5 samples
2023-04-15 18:48:04.871 | DEBUG    | algorithms.der_pp:train:165 - 91 has 5 samples
2023-04-15 18:48:04.871 | DEBUG    | algorithms.der_pp:train:165 - 4 has 5 samples
2023-04-15 18:48:04.872 | DEBUG    | algorithms.der_pp:train:165 - 77 has 5 samples
2023-04-15 18:48:04.873 | DEBUG    | algorithms.der_pp:train:165 - 18 has 5 samples
2023-04-15 18:48:04.874 | DEBUG    | algorithms.der_pp:train:165 - 44 has 5 samples
2023-04-15 18:48:04.874 | DEBUG    | algorithms.der_pp:train:165 - 98 has 5 samples
2023-04-15 18:48:04.875 | DEBUG    | algorithms.der_pp:train:165 - 21 has 5 samples
2023-04-15 18:48:04.876 | DEBUG    | algorithms.der_pp:train:165 - 24 has 5 samples
2023-04-15 18:48:04.876 | DEBUG    | algorithms.der_pp:train:165 - 25 has 5 samples
2023-04-15 18:48:04.877 | DEBUG    | algorithms.der_pp:train:165 - 57 has 5 samples
2023-04-15 18:48:04.878 | DEBUG    | algorithms.der_pp:train:165 - 64 has 5 samples
2023-04-15 18:48:04.879 | DEBUG    | algorithms.der_pp:train:165 - 99 has 5 samples
2023-04-15 18:48:04.879 | DEBUG    | algorithms.der_pp:train:165 - 13 has 5 samples
2023-04-15 18:48:04.880 | DEBUG    | algorithms.der_pp:train:165 - 8 has 5 samples
2023-04-15 18:48:04.881 | DEBUG    | algorithms.der_pp:train:165 - 75 has 5 samples
2023-04-15 18:48:04.881 | DEBUG    | algorithms.der_pp:train:165 - 90 has 5 samples
2023-04-15 18:48:04.882 | DEBUG    | algorithms.der_pp:train:165 - 95 has 5 samples
2023-04-15 18:48:04.883 | INFO     | algorithms.der_pp:train:170 - 1, loss: 6.015
2023-04-15 18:48:04.884 | INFO     | algorithms.algorithm_base:run_base_task_metrics:144 - Running metrics: Task 1
2023-04-15 18:48:08.828 | DEBUG    | algorithms.algorithm_base:run_base_task_metrics:200 - Raw classification accuracy results saved to ./output_cifar100_varied_sampling/der_pp/1681580814.7880151_CIFAR100_OFFICIAL_RUN/task_1_accuracy_results.json
2023-04-15 18:48:08.829 | INFO     | algorithms.algorithm_base:run_base_task_metrics:201 - Correctly classified 831 / 10000 samples (8.31% correct)
2023-04-15 18:48:09.205 | INFO     | algorithms.der_pp:train:86 - Task 3 / 5
2023-04-15 18:48:09.211 | INFO     | algorithms.der_pp:train:87 - Classes in task: ['telephone', 'leopard', 'clock', 'rabbit', 'pickup_truck', 'chair', 'bottle', 'television', 'spider', 'crocodile', 'dinosaur', 'beetle', 'mushroom', 'house', 'mouse', 'kangaroo', 'lamp', 'plain', 'road', 'camel']
2023-04-15 18:48:09.211 | INFO     | algorithms.der_pp:train:95 - Starting epoch 1 / 1
2023-04-15 18:48:11.275 | INFO     | algorithms.der_pp:train:159 - 2:1:40, loss: 7.509
2023-04-15 18:48:13.289 | INFO     | algorithms.der_pp:train:159 - 2:1:80, loss: 6.964
2023-04-15 18:48:15.305 | INFO     | algorithms.der_pp:train:159 - 2:1:120, loss: 6.759
2023-04-15 18:48:17.313 | INFO     | algorithms.der_pp:train:159 - 2:1:160, loss: 6.692
2023-04-15 18:48:19.327 | INFO     | algorithms.der_pp:train:159 - 2:1:200, loss: 6.616
2023-04-15 18:48:21.341 | INFO     | algorithms.der_pp:train:159 - 2:1:240, loss: 6.344
2023-04-15 18:48:23.353 | INFO     | algorithms.der_pp:train:159 - 2:1:280, loss: 6.269
2023-04-15 18:48:25.369 | INFO     | algorithms.der_pp:train:159 - 2:1:320, loss: 6.289
2023-04-15 18:48:27.381 | INFO     | algorithms.der_pp:train:159 - 2:1:360, loss: 6.104
2023-04-15 18:48:29.396 | INFO     | algorithms.der_pp:train:159 - 2:1:400, loss: 6.016
2023-04-15 18:48:31.411 | INFO     | algorithms.der_pp:train:159 - 2:1:440, loss: 6.073
2023-04-15 18:48:33.424 | INFO     | algorithms.der_pp:train:159 - 2:1:480, loss: 5.942
2023-04-15 18:48:35.446 | INFO     | algorithms.der_pp:train:159 - 2:1:520, loss: 5.888
2023-04-15 18:48:37.457 | INFO     | algorithms.der_pp:train:159 - 2:1:560, loss: 5.835
2023-04-15 18:48:39.473 | INFO     | algorithms.der_pp:train:159 - 2:1:600, loss: 5.815
2023-04-15 18:48:40.687 | DEBUG    | algorithms.der_pp:train:162 - Current sample stats:
2023-04-15 18:48:40.687 | DEBUG    | algorithms.der_pp:train:165 - 85 has 3 samples
2023-04-15 18:48:40.688 | DEBUG    | algorithms.der_pp:train:165 - 53 has 3 samples
2023-04-15 18:48:40.689 | DEBUG    | algorithms.der_pp:train:165 - 11 has 3 samples
2023-04-15 18:48:40.689 | DEBUG    | algorithms.der_pp:train:165 - 96 has 3 samples
2023-04-15 18:48:40.690 | DEBUG    | algorithms.der_pp:train:165 - 2 has 3 samples
2023-04-15 18:48:40.691 | DEBUG    | algorithms.der_pp:train:165 - 78 has 3 samples
2023-04-15 18:48:40.691 | DEBUG    | algorithms.der_pp:train:165 - 61 has 3 samples
2023-04-15 18:48:40.692 | DEBUG    | algorithms.der_pp:train:165 - 97 has 3 samples
2023-04-15 18:48:40.693 | DEBUG    | algorithms.der_pp:train:165 - 67 has 3 samples
2023-04-15 18:48:40.694 | DEBUG    | algorithms.der_pp:train:165 - 83 has 3 samples
2023-04-15 18:48:40.694 | DEBUG    | algorithms.der_pp:train:165 - 48 has 3 samples
2023-04-15 18:48:40.695 | DEBUG    | algorithms.der_pp:train:165 - 6 has 3 samples
2023-04-15 18:48:40.696 | DEBUG    | algorithms.der_pp:train:165 - 92 has 3 samples
2023-04-15 18:48:40.696 | DEBUG    | algorithms.der_pp:train:165 - 62 has 3 samples
2023-04-15 18:48:40.697 | DEBUG    | algorithms.der_pp:train:165 - 17 has 3 samples
2023-04-15 18:48:40.698 | DEBUG    | algorithms.der_pp:train:165 - 45 has 3 samples
2023-04-15 18:48:40.699 | DEBUG    | algorithms.der_pp:train:165 - 76 has 3 samples
2023-04-15 18:48:40.699 | DEBUG    | algorithms.der_pp:train:165 - 66 has 3 samples
2023-04-15 18:48:40.700 | DEBUG    | algorithms.der_pp:train:165 - 3 has 3 samples
2023-04-15 18:48:40.701 | DEBUG    | algorithms.der_pp:train:165 - 63 has 3 samples
2023-04-15 18:48:40.702 | DEBUG    | algorithms.der_pp:train:165 - 80 has 3 samples
2023-04-15 18:48:40.702 | DEBUG    | algorithms.der_pp:train:165 - 46 has 3 samples
2023-04-15 18:48:40.703 | DEBUG    | algorithms.der_pp:train:165 - 1 has 3 samples
2023-04-15 18:48:40.704 | DEBUG    | algorithms.der_pp:train:165 - 91 has 3 samples
2023-04-15 18:48:40.704 | DEBUG    | algorithms.der_pp:train:165 - 4 has 3 samples
2023-04-15 18:48:40.705 | DEBUG    | algorithms.der_pp:train:165 - 77 has 3 samples
2023-04-15 18:48:40.706 | DEBUG    | algorithms.der_pp:train:165 - 18 has 3 samples
2023-04-15 18:48:40.707 | DEBUG    | algorithms.der_pp:train:165 - 44 has 3 samples
2023-04-15 18:48:40.707 | DEBUG    | algorithms.der_pp:train:165 - 98 has 3 samples
2023-04-15 18:48:40.708 | DEBUG    | algorithms.der_pp:train:165 - 21 has 3 samples
2023-04-15 18:48:40.709 | DEBUG    | algorithms.der_pp:train:165 - 24 has 3 samples
2023-04-15 18:48:40.710 | DEBUG    | algorithms.der_pp:train:165 - 25 has 3 samples
2023-04-15 18:48:40.710 | DEBUG    | algorithms.der_pp:train:165 - 57 has 3 samples
2023-04-15 18:48:40.711 | DEBUG    | algorithms.der_pp:train:165 - 64 has 3 samples
2023-04-15 18:48:40.712 | DEBUG    | algorithms.der_pp:train:165 - 99 has 3 samples
2023-04-15 18:48:40.712 | DEBUG    | algorithms.der_pp:train:165 - 13 has 3 samples
2023-04-15 18:48:40.713 | DEBUG    | algorithms.der_pp:train:165 - 8 has 3 samples
2023-04-15 18:48:40.714 | DEBUG    | algorithms.der_pp:train:165 - 75 has 3 samples
2023-04-15 18:48:40.715 | DEBUG    | algorithms.der_pp:train:165 - 90 has 3 samples
2023-04-15 18:48:40.715 | DEBUG    | algorithms.der_pp:train:165 - 95 has 3 samples
2023-04-15 18:48:40.716 | DEBUG    | algorithms.der_pp:train:165 - 86 has 4 samples
2023-04-15 18:48:40.717 | DEBUG    | algorithms.der_pp:train:165 - 79 has 4 samples
2023-04-15 18:48:40.718 | DEBUG    | algorithms.der_pp:train:165 - 15 has 4 samples
2023-04-15 18:48:40.718 | DEBUG    | algorithms.der_pp:train:165 - 9 has 4 samples
2023-04-15 18:48:40.719 | DEBUG    | algorithms.der_pp:train:165 - 40 has 4 samples
2023-04-15 18:48:40.720 | DEBUG    | algorithms.der_pp:train:165 - 50 has 4 samples
2023-04-15 18:48:40.720 | DEBUG    | algorithms.der_pp:train:165 - 29 has 4 samples
2023-04-15 18:48:40.721 | DEBUG    | algorithms.der_pp:train:165 - 37 has 4 samples
2023-04-15 18:48:40.722 | DEBUG    | algorithms.der_pp:train:165 - 22 has 4 samples
2023-04-15 18:48:40.723 | DEBUG    | algorithms.der_pp:train:165 - 27 has 4 samples
2023-04-15 18:48:40.723 | DEBUG    | algorithms.der_pp:train:165 - 20 has 4 samples
2023-04-15 18:48:40.724 | DEBUG    | algorithms.der_pp:train:165 - 60 has 4 samples
2023-04-15 18:48:40.725 | DEBUG    | algorithms.der_pp:train:165 - 38 has 4 samples
2023-04-15 18:48:40.725 | DEBUG    | algorithms.der_pp:train:165 - 7 has 4 samples
2023-04-15 18:48:40.726 | DEBUG    | algorithms.der_pp:train:165 - 65 has 4 samples
2023-04-15 18:48:40.727 | DEBUG    | algorithms.der_pp:train:165 - 42 has 4 samples
2023-04-15 18:48:40.728 | DEBUG    | algorithms.der_pp:train:165 - 51 has 4 samples
2023-04-15 18:48:40.728 | DEBUG    | algorithms.der_pp:train:165 - 87 has 4 samples
2023-04-15 18:48:40.729 | DEBUG    | algorithms.der_pp:train:165 - 58 has 4 samples
2023-04-15 18:48:40.730 | DEBUG    | algorithms.der_pp:train:165 - 68 has 4 samples
2023-04-15 18:48:40.731 | INFO     | algorithms.der_pp:train:170 - 1, loss: 6.322
2023-04-15 18:48:40.731 | INFO     | algorithms.algorithm_base:run_base_task_metrics:144 - Running metrics: Task 2
2023-04-15 18:48:44.713 | DEBUG    | algorithms.algorithm_base:run_base_task_metrics:200 - Raw classification accuracy results saved to ./output_cifar100_varied_sampling/der_pp/1681580814.7880151_CIFAR100_OFFICIAL_RUN/task_2_accuracy_results.json
2023-04-15 18:48:44.715 | INFO     | algorithms.algorithm_base:run_base_task_metrics:201 - Correctly classified 844 / 10000 samples (8.44% correct)
2023-04-15 18:48:45.146 | INFO     | algorithms.der_pp:train:86 - Task 4 / 5
2023-04-15 18:48:45.152 | INFO     | algorithms.der_pp:train:87 - Classes in task: ['table', 'flatfish', 'mountain', 'lawn_mower', 'dolphin', 'rocket', 'forest', 'sunflower', 'otter', 'turtle', 'cup', 'crab', 'apple', 'oak_tree', 'hamster', 'keyboard', 'wardrobe', 'rose', 'lion', 'seal']
2023-04-15 18:48:45.153 | INFO     | algorithms.der_pp:train:95 - Starting epoch 1 / 1
2023-04-15 18:48:47.235 | INFO     | algorithms.der_pp:train:159 - 3:1:40, loss: 7.453
2023-04-15 18:48:49.255 | INFO     | algorithms.der_pp:train:159 - 3:1:80, loss: 6.800
2023-04-15 18:48:51.270 | INFO     | algorithms.der_pp:train:159 - 3:1:120, loss: 6.338
2023-04-15 18:48:53.289 | INFO     | algorithms.der_pp:train:159 - 3:1:160, loss: 6.263
2023-04-15 18:48:55.305 | INFO     | algorithms.der_pp:train:159 - 3:1:200, loss: 6.118
2023-04-15 18:48:57.318 | INFO     | algorithms.der_pp:train:159 - 3:1:240, loss: 5.909
2023-04-15 18:48:59.336 | INFO     | algorithms.der_pp:train:159 - 3:1:280, loss: 5.979
2023-04-15 18:49:01.352 | INFO     | algorithms.der_pp:train:159 - 3:1:320, loss: 5.891
2023-04-15 18:49:03.370 | INFO     | algorithms.der_pp:train:159 - 3:1:360, loss: 5.768
2023-04-15 18:49:05.390 | INFO     | algorithms.der_pp:train:159 - 3:1:400, loss: 5.612
2023-04-15 18:49:07.403 | INFO     | algorithms.der_pp:train:159 - 3:1:440, loss: 5.671
2023-04-15 18:49:09.420 | INFO     | algorithms.der_pp:train:159 - 3:1:480, loss: 5.491
2023-04-15 18:49:11.440 | INFO     | algorithms.der_pp:train:159 - 3:1:520, loss: 5.414
2023-04-15 18:49:13.453 | INFO     | algorithms.der_pp:train:159 - 3:1:560, loss: 5.493
2023-04-15 18:49:15.479 | INFO     | algorithms.der_pp:train:159 - 3:1:600, loss: 5.436
2023-04-15 18:49:16.690 | DEBUG    | algorithms.der_pp:train:162 - Current sample stats:
2023-04-15 18:49:16.691 | DEBUG    | algorithms.der_pp:train:165 - 85 has 2 samples
2023-04-15 18:49:16.691 | DEBUG    | algorithms.der_pp:train:165 - 53 has 2 samples
2023-04-15 18:49:16.692 | DEBUG    | algorithms.der_pp:train:165 - 11 has 2 samples
2023-04-15 18:49:16.693 | DEBUG    | algorithms.der_pp:train:165 - 96 has 2 samples
2023-04-15 18:49:16.693 | DEBUG    | algorithms.der_pp:train:165 - 2 has 2 samples
2023-04-15 18:49:16.694 | DEBUG    | algorithms.der_pp:train:165 - 78 has 2 samples
2023-04-15 18:49:16.695 | DEBUG    | algorithms.der_pp:train:165 - 61 has 2 samples
2023-04-15 18:49:16.696 | DEBUG    | algorithms.der_pp:train:165 - 97 has 2 samples
2023-04-15 18:49:16.696 | DEBUG    | algorithms.der_pp:train:165 - 67 has 2 samples
2023-04-15 18:49:16.697 | DEBUG    | algorithms.der_pp:train:165 - 83 has 2 samples
2023-04-15 18:49:16.698 | DEBUG    | algorithms.der_pp:train:165 - 48 has 2 samples
2023-04-15 18:49:16.699 | DEBUG    | algorithms.der_pp:train:165 - 6 has 2 samples
2023-04-15 18:49:16.699 | DEBUG    | algorithms.der_pp:train:165 - 92 has 2 samples
2023-04-15 18:49:16.700 | DEBUG    | algorithms.der_pp:train:165 - 62 has 2 samples
2023-04-15 18:49:16.701 | DEBUG    | algorithms.der_pp:train:165 - 17 has 2 samples
2023-04-15 18:49:16.701 | DEBUG    | algorithms.der_pp:train:165 - 45 has 2 samples
2023-04-15 18:49:16.702 | DEBUG    | algorithms.der_pp:train:165 - 76 has 2 samples
2023-04-15 18:49:16.703 | DEBUG    | algorithms.der_pp:train:165 - 66 has 2 samples
2023-04-15 18:49:16.704 | DEBUG    | algorithms.der_pp:train:165 - 3 has 2 samples
2023-04-15 18:49:16.704 | DEBUG    | algorithms.der_pp:train:165 - 63 has 2 samples
2023-04-15 18:49:16.705 | DEBUG    | algorithms.der_pp:train:165 - 80 has 2 samples
2023-04-15 18:49:16.706 | DEBUG    | algorithms.der_pp:train:165 - 46 has 2 samples
2023-04-15 18:49:16.707 | DEBUG    | algorithms.der_pp:train:165 - 1 has 2 samples
2023-04-15 18:49:16.707 | DEBUG    | algorithms.der_pp:train:165 - 91 has 2 samples
2023-04-15 18:49:16.708 | DEBUG    | algorithms.der_pp:train:165 - 4 has 2 samples
2023-04-15 18:49:16.709 | DEBUG    | algorithms.der_pp:train:165 - 77 has 2 samples
2023-04-15 18:49:16.709 | DEBUG    | algorithms.der_pp:train:165 - 18 has 2 samples
2023-04-15 18:49:16.710 | DEBUG    | algorithms.der_pp:train:165 - 44 has 2 samples
2023-04-15 18:49:16.711 | DEBUG    | algorithms.der_pp:train:165 - 98 has 2 samples
2023-04-15 18:49:16.712 | DEBUG    | algorithms.der_pp:train:165 - 21 has 2 samples
2023-04-15 18:49:16.713 | DEBUG    | algorithms.der_pp:train:165 - 24 has 2 samples
2023-04-15 18:49:16.713 | DEBUG    | algorithms.der_pp:train:165 - 25 has 2 samples
2023-04-15 18:49:16.714 | DEBUG    | algorithms.der_pp:train:165 - 57 has 2 samples
2023-04-15 18:49:16.715 | DEBUG    | algorithms.der_pp:train:165 - 64 has 2 samples
2023-04-15 18:49:16.715 | DEBUG    | algorithms.der_pp:train:165 - 99 has 2 samples
2023-04-15 18:49:16.716 | DEBUG    | algorithms.der_pp:train:165 - 13 has 2 samples
2023-04-15 18:49:16.717 | DEBUG    | algorithms.der_pp:train:165 - 8 has 2 samples
2023-04-15 18:49:16.718 | DEBUG    | algorithms.der_pp:train:165 - 75 has 2 samples
2023-04-15 18:49:16.718 | DEBUG    | algorithms.der_pp:train:165 - 90 has 2 samples
2023-04-15 18:49:16.719 | DEBUG    | algorithms.der_pp:train:165 - 95 has 2 samples
2023-04-15 18:49:16.720 | DEBUG    | algorithms.der_pp:train:165 - 86 has 3 samples
2023-04-15 18:49:16.721 | DEBUG    | algorithms.der_pp:train:165 - 79 has 3 samples
2023-04-15 18:49:16.721 | DEBUG    | algorithms.der_pp:train:165 - 15 has 3 samples
2023-04-15 18:49:16.722 | DEBUG    | algorithms.der_pp:train:165 - 9 has 3 samples
2023-04-15 18:49:16.723 | DEBUG    | algorithms.der_pp:train:165 - 40 has 3 samples
2023-04-15 18:49:16.723 | DEBUG    | algorithms.der_pp:train:165 - 50 has 3 samples
2023-04-15 18:49:16.724 | DEBUG    | algorithms.der_pp:train:165 - 29 has 3 samples
2023-04-15 18:49:16.725 | DEBUG    | algorithms.der_pp:train:165 - 37 has 3 samples
2023-04-15 18:49:16.726 | DEBUG    | algorithms.der_pp:train:165 - 22 has 3 samples
2023-04-15 18:49:16.726 | DEBUG    | algorithms.der_pp:train:165 - 27 has 3 samples
2023-04-15 18:49:16.727 | DEBUG    | algorithms.der_pp:train:165 - 20 has 3 samples
2023-04-15 18:49:16.728 | DEBUG    | algorithms.der_pp:train:165 - 60 has 3 samples
2023-04-15 18:49:16.728 | DEBUG    | algorithms.der_pp:train:165 - 38 has 3 samples
2023-04-15 18:49:16.729 | DEBUG    | algorithms.der_pp:train:165 - 7 has 3 samples
2023-04-15 18:49:16.730 | DEBUG    | algorithms.der_pp:train:165 - 65 has 3 samples
2023-04-15 18:49:16.731 | DEBUG    | algorithms.der_pp:train:165 - 42 has 3 samples
2023-04-15 18:49:16.731 | DEBUG    | algorithms.der_pp:train:165 - 51 has 3 samples
2023-04-15 18:49:16.732 | DEBUG    | algorithms.der_pp:train:165 - 87 has 3 samples
2023-04-15 18:49:16.733 | DEBUG    | algorithms.der_pp:train:165 - 58 has 3 samples
2023-04-15 18:49:16.733 | DEBUG    | algorithms.der_pp:train:165 - 68 has 3 samples
2023-04-15 18:49:16.734 | DEBUG    | algorithms.der_pp:train:165 - 52 has 3 samples
2023-04-15 18:49:16.735 | DEBUG    | algorithms.der_pp:train:165 - 84 has 3 samples
2023-04-15 18:49:16.735 | DEBUG    | algorithms.der_pp:train:165 - 94 has 3 samples
2023-04-15 18:49:16.736 | DEBUG    | algorithms.der_pp:train:165 - 82 has 3 samples
2023-04-15 18:49:16.737 | DEBUG    | algorithms.der_pp:train:165 - 28 has 3 samples
2023-04-15 18:49:16.737 | DEBUG    | algorithms.der_pp:train:165 - 26 has 3 samples
2023-04-15 18:49:16.738 | DEBUG    | algorithms.der_pp:train:165 - 49 has 3 samples
2023-04-15 18:49:16.739 | DEBUG    | algorithms.der_pp:train:165 - 72 has 3 samples
2023-04-15 18:49:16.740 | DEBUG    | algorithms.der_pp:train:165 - 39 has 3 samples
2023-04-15 18:49:16.740 | DEBUG    | algorithms.der_pp:train:165 - 33 has 3 samples
2023-04-15 18:49:16.741 | DEBUG    | algorithms.der_pp:train:165 - 43 has 3 samples
2023-04-15 18:49:16.742 | DEBUG    | algorithms.der_pp:train:165 - 30 has 3 samples
2023-04-15 18:49:16.742 | DEBUG    | algorithms.der_pp:train:165 - 93 has 3 samples
2023-04-15 18:49:16.743 | DEBUG    | algorithms.der_pp:train:165 - 69 has 3 samples
2023-04-15 18:49:16.744 | DEBUG    | algorithms.der_pp:train:165 - 70 has 3 samples
2023-04-15 18:49:16.744 | DEBUG    | algorithms.der_pp:train:165 - 36 has 3 samples
2023-04-15 18:49:16.745 | DEBUG    | algorithms.der_pp:train:165 - 32 has 3 samples
2023-04-15 18:49:16.746 | DEBUG    | algorithms.der_pp:train:165 - 55 has 3 samples
2023-04-15 18:49:16.746 | DEBUG    | algorithms.der_pp:train:165 - 0 has 3 samples
2023-04-15 18:49:16.747 | DEBUG    | algorithms.der_pp:train:165 - 41 has 3 samples
2023-04-15 18:49:16.748 | INFO     | algorithms.der_pp:train:170 - 1, loss: 5.953
2023-04-15 18:49:16.749 | INFO     | algorithms.algorithm_base:run_base_task_metrics:144 - Running metrics: Task 3
2023-04-15 18:49:20.683 | DEBUG    | algorithms.algorithm_base:run_base_task_metrics:200 - Raw classification accuracy results saved to ./output_cifar100_varied_sampling/der_pp/1681580814.7880151_CIFAR100_OFFICIAL_RUN/task_3_accuracy_results.json
2023-04-15 18:49:20.684 | INFO     | algorithms.algorithm_base:run_base_task_metrics:201 - Correctly classified 923 / 10000 samples (9.23% correct)
2023-04-15 18:49:21.062 | INFO     | algorithms.der_pp:train:86 - Task 5 / 5
2023-04-15 18:49:21.068 | INFO     | algorithms.der_pp:train:87 - Classes in task: ['streetcar', 'bed', 'shrew', 'bowl', 'shark', 'sea', 'cloud', 'fox', 'maple_tree', 'butterfly', 'tiger', 'orchid', 'elephant', 'cattle', 'can', 'palm_tree', 'bridge', 'pine_tree', 'tractor', 'girl']
2023-04-15 18:49:21.069 | INFO     | algorithms.der_pp:train:95 - Starting epoch 1 / 1
2023-04-15 18:49:23.137 | INFO     | algorithms.der_pp:train:159 - 4:1:40, loss: 7.451
2023-04-15 18:49:25.154 | INFO     | algorithms.der_pp:train:159 - 4:1:80, loss: 6.962
2023-04-15 18:49:27.170 | INFO     | algorithms.der_pp:train:159 - 4:1:120, loss: 6.686
2023-04-15 18:49:29.187 | INFO     | algorithms.der_pp:train:159 - 4:1:160, loss: 6.525
2023-04-15 18:49:31.203 | INFO     | algorithms.der_pp:train:159 - 4:1:200, loss: 6.381
2023-04-15 18:49:33.215 | INFO     | algorithms.der_pp:train:159 - 4:1:240, loss: 6.284
2023-04-15 18:49:35.241 | INFO     | algorithms.der_pp:train:159 - 4:1:280, loss: 6.239
2023-04-15 18:49:37.258 | INFO     | algorithms.der_pp:train:159 - 4:1:320, loss: 6.070
2023-04-15 18:49:39.278 | INFO     | algorithms.der_pp:train:159 - 4:1:360, loss: 6.021
2023-04-15 18:49:41.301 | INFO     | algorithms.der_pp:train:159 - 4:1:400, loss: 5.949
2023-04-15 18:49:43.318 | INFO     | algorithms.der_pp:train:159 - 4:1:440, loss: 5.924
2023-04-15 18:49:45.336 | INFO     | algorithms.der_pp:train:159 - 4:1:480, loss: 5.845
2023-04-15 18:49:47.360 | INFO     | algorithms.der_pp:train:159 - 4:1:520, loss: 5.876
2023-04-15 18:49:49.378 | INFO     | algorithms.der_pp:train:159 - 4:1:560, loss: 5.624
2023-04-15 18:49:51.396 | INFO     | algorithms.der_pp:train:159 - 4:1:600, loss: 5.683
2023-04-15 18:49:52.606 | DEBUG    | algorithms.der_pp:train:162 - Current sample stats:
2023-04-15 18:49:52.607 | DEBUG    | algorithms.der_pp:train:165 - 85 has 2 samples
2023-04-15 18:49:52.607 | DEBUG    | algorithms.der_pp:train:165 - 53 has 2 samples
2023-04-15 18:49:52.608 | DEBUG    | algorithms.der_pp:train:165 - 11 has 2 samples
2023-04-15 18:49:52.609 | DEBUG    | algorithms.der_pp:train:165 - 96 has 2 samples
2023-04-15 18:49:52.610 | DEBUG    | algorithms.der_pp:train:165 - 2 has 2 samples
2023-04-15 18:49:52.610 | DEBUG    | algorithms.der_pp:train:165 - 78 has 2 samples
2023-04-15 18:49:52.611 | DEBUG    | algorithms.der_pp:train:165 - 61 has 2 samples
2023-04-15 18:49:52.612 | DEBUG    | algorithms.der_pp:train:165 - 97 has 2 samples
2023-04-15 18:49:52.612 | DEBUG    | algorithms.der_pp:train:165 - 67 has 2 samples
2023-04-15 18:49:52.613 | DEBUG    | algorithms.der_pp:train:165 - 83 has 2 samples
2023-04-15 18:49:52.614 | DEBUG    | algorithms.der_pp:train:165 - 48 has 2 samples
2023-04-15 18:49:52.614 | DEBUG    | algorithms.der_pp:train:165 - 6 has 2 samples
2023-04-15 18:49:52.615 | DEBUG    | algorithms.der_pp:train:165 - 92 has 2 samples
2023-04-15 18:49:52.616 | DEBUG    | algorithms.der_pp:train:165 - 62 has 2 samples
2023-04-15 18:49:52.616 | DEBUG    | algorithms.der_pp:train:165 - 17 has 2 samples
2023-04-15 18:49:52.617 | DEBUG    | algorithms.der_pp:train:165 - 45 has 2 samples
2023-04-15 18:49:52.618 | DEBUG    | algorithms.der_pp:train:165 - 76 has 2 samples
2023-04-15 18:49:52.618 | DEBUG    | algorithms.der_pp:train:165 - 66 has 2 samples
2023-04-15 18:49:52.619 | DEBUG    | algorithms.der_pp:train:165 - 3 has 2 samples
2023-04-15 18:49:52.620 | DEBUG    | algorithms.der_pp:train:165 - 63 has 2 samples
2023-04-15 18:49:52.620 | DEBUG    | algorithms.der_pp:train:165 - 80 has 2 samples
2023-04-15 18:49:52.621 | DEBUG    | algorithms.der_pp:train:165 - 46 has 2 samples
2023-04-15 18:49:52.622 | DEBUG    | algorithms.der_pp:train:165 - 1 has 2 samples
2023-04-15 18:49:52.623 | DEBUG    | algorithms.der_pp:train:165 - 91 has 2 samples
2023-04-15 18:49:52.623 | DEBUG    | algorithms.der_pp:train:165 - 4 has 2 samples
2023-04-15 18:49:52.624 | DEBUG    | algorithms.der_pp:train:165 - 77 has 2 samples
2023-04-15 18:49:52.625 | DEBUG    | algorithms.der_pp:train:165 - 18 has 2 samples
2023-04-15 18:49:52.625 | DEBUG    | algorithms.der_pp:train:165 - 44 has 2 samples
2023-04-15 18:49:52.626 | DEBUG    | algorithms.der_pp:train:165 - 98 has 2 samples
2023-04-15 18:49:52.627 | DEBUG    | algorithms.der_pp:train:165 - 21 has 2 samples
2023-04-15 18:49:52.627 | DEBUG    | algorithms.der_pp:train:165 - 24 has 2 samples
2023-04-15 18:49:52.628 | DEBUG    | algorithms.der_pp:train:165 - 25 has 2 samples
2023-04-15 18:49:52.629 | DEBUG    | algorithms.der_pp:train:165 - 57 has 2 samples
2023-04-15 18:49:52.629 | DEBUG    | algorithms.der_pp:train:165 - 64 has 2 samples
2023-04-15 18:49:52.630 | DEBUG    | algorithms.der_pp:train:165 - 99 has 2 samples
2023-04-15 18:49:52.631 | DEBUG    | algorithms.der_pp:train:165 - 13 has 2 samples
2023-04-15 18:49:52.631 | DEBUG    | algorithms.der_pp:train:165 - 8 has 2 samples
2023-04-15 18:49:52.632 | DEBUG    | algorithms.der_pp:train:165 - 75 has 2 samples
2023-04-15 18:49:52.633 | DEBUG    | algorithms.der_pp:train:165 - 90 has 2 samples
2023-04-15 18:49:52.633 | DEBUG    | algorithms.der_pp:train:165 - 95 has 2 samples
2023-04-15 18:49:52.634 | DEBUG    | algorithms.der_pp:train:165 - 86 has 2 samples
2023-04-15 18:49:52.635 | DEBUG    | algorithms.der_pp:train:165 - 79 has 2 samples
2023-04-15 18:49:52.635 | DEBUG    | algorithms.der_pp:train:165 - 15 has 2 samples
2023-04-15 18:49:52.636 | DEBUG    | algorithms.der_pp:train:165 - 9 has 2 samples
2023-04-15 18:49:52.637 | DEBUG    | algorithms.der_pp:train:165 - 40 has 2 samples
2023-04-15 18:49:52.638 | DEBUG    | algorithms.der_pp:train:165 - 50 has 2 samples
2023-04-15 18:49:52.638 | DEBUG    | algorithms.der_pp:train:165 - 29 has 2 samples
2023-04-15 18:49:52.639 | DEBUG    | algorithms.der_pp:train:165 - 37 has 2 samples
2023-04-15 18:49:52.640 | DEBUG    | algorithms.der_pp:train:165 - 22 has 2 samples
2023-04-15 18:49:52.641 | DEBUG    | algorithms.der_pp:train:165 - 27 has 2 samples
2023-04-15 18:49:52.641 | DEBUG    | algorithms.der_pp:train:165 - 20 has 2 samples
2023-04-15 18:49:52.642 | DEBUG    | algorithms.der_pp:train:165 - 60 has 2 samples
2023-04-15 18:49:52.643 | DEBUG    | algorithms.der_pp:train:165 - 38 has 2 samples
2023-04-15 18:49:52.643 | DEBUG    | algorithms.der_pp:train:165 - 7 has 2 samples
2023-04-15 18:49:52.644 | DEBUG    | algorithms.der_pp:train:165 - 65 has 2 samples
2023-04-15 18:49:52.645 | DEBUG    | algorithms.der_pp:train:165 - 42 has 2 samples
2023-04-15 18:49:52.646 | DEBUG    | algorithms.der_pp:train:165 - 51 has 2 samples
2023-04-15 18:49:52.646 | DEBUG    | algorithms.der_pp:train:165 - 87 has 2 samples
2023-04-15 18:49:52.647 | DEBUG    | algorithms.der_pp:train:165 - 58 has 2 samples
2023-04-15 18:49:52.648 | DEBUG    | algorithms.der_pp:train:165 - 68 has 2 samples
2023-04-15 18:49:52.648 | DEBUG    | algorithms.der_pp:train:165 - 52 has 2 samples
2023-04-15 18:49:52.649 | DEBUG    | algorithms.der_pp:train:165 - 84 has 2 samples
2023-04-15 18:49:52.650 | DEBUG    | algorithms.der_pp:train:165 - 94 has 2 samples
2023-04-15 18:49:52.651 | DEBUG    | algorithms.der_pp:train:165 - 82 has 2 samples
2023-04-15 18:49:52.651 | DEBUG    | algorithms.der_pp:train:165 - 28 has 2 samples
2023-04-15 18:49:52.652 | DEBUG    | algorithms.der_pp:train:165 - 26 has 2 samples
2023-04-15 18:49:52.653 | DEBUG    | algorithms.der_pp:train:165 - 49 has 2 samples
2023-04-15 18:49:52.653 | DEBUG    | algorithms.der_pp:train:165 - 72 has 2 samples
2023-04-15 18:49:52.654 | DEBUG    | algorithms.der_pp:train:165 - 39 has 2 samples
2023-04-15 18:49:52.655 | DEBUG    | algorithms.der_pp:train:165 - 33 has 2 samples
2023-04-15 18:49:52.656 | DEBUG    | algorithms.der_pp:train:165 - 43 has 2 samples
2023-04-15 18:49:52.656 | DEBUG    | algorithms.der_pp:train:165 - 30 has 2 samples
2023-04-15 18:49:52.657 | DEBUG    | algorithms.der_pp:train:165 - 93 has 2 samples
2023-04-15 18:49:52.658 | DEBUG    | algorithms.der_pp:train:165 - 69 has 2 samples
2023-04-15 18:49:52.659 | DEBUG    | algorithms.der_pp:train:165 - 70 has 2 samples
2023-04-15 18:49:52.659 | DEBUG    | algorithms.der_pp:train:165 - 36 has 2 samples
2023-04-15 18:49:52.660 | DEBUG    | algorithms.der_pp:train:165 - 32 has 2 samples
2023-04-15 18:49:52.661 | DEBUG    | algorithms.der_pp:train:165 - 55 has 2 samples
2023-04-15 18:49:52.661 | DEBUG    | algorithms.der_pp:train:165 - 0 has 2 samples
2023-04-15 18:49:52.662 | DEBUG    | algorithms.der_pp:train:165 - 41 has 2 samples
2023-04-15 18:49:52.663 | DEBUG    | algorithms.der_pp:train:165 - 59 has 2 samples
2023-04-15 18:49:52.664 | DEBUG    | algorithms.der_pp:train:165 - 81 has 2 samples
2023-04-15 18:49:52.664 | DEBUG    | algorithms.der_pp:train:165 - 34 has 2 samples
2023-04-15 18:49:52.665 | DEBUG    | algorithms.der_pp:train:165 - 12 has 2 samples
2023-04-15 18:49:52.666 | DEBUG    | algorithms.der_pp:train:165 - 71 has 2 samples
2023-04-15 18:49:52.667 | DEBUG    | algorithms.der_pp:train:165 - 74 has 2 samples
2023-04-15 18:49:52.667 | DEBUG    | algorithms.der_pp:train:165 - 47 has 2 samples
2023-04-15 18:49:52.668 | DEBUG    | algorithms.der_pp:train:165 - 88 has 2 samples
2023-04-15 18:49:52.669 | DEBUG    | algorithms.der_pp:train:165 - 89 has 2 samples
2023-04-15 18:49:52.669 | DEBUG    | algorithms.der_pp:train:165 - 35 has 2 samples
2023-04-15 18:49:52.670 | DEBUG    | algorithms.der_pp:train:165 - 16 has 2 samples
2023-04-15 18:49:52.671 | DEBUG    | algorithms.der_pp:train:165 - 14 has 2 samples
2023-04-15 18:49:52.672 | DEBUG    | algorithms.der_pp:train:165 - 73 has 2 samples
2023-04-15 18:49:52.672 | DEBUG    | algorithms.der_pp:train:165 - 54 has 2 samples
2023-04-15 18:49:52.673 | DEBUG    | algorithms.der_pp:train:165 - 10 has 2 samples
2023-04-15 18:49:52.674 | DEBUG    | algorithms.der_pp:train:165 - 5 has 2 samples
2023-04-15 18:49:52.674 | DEBUG    | algorithms.der_pp:train:165 - 19 has 2 samples
2023-04-15 18:49:52.675 | DEBUG    | algorithms.der_pp:train:165 - 31 has 2 samples
2023-04-15 18:49:52.676 | DEBUG    | algorithms.der_pp:train:165 - 23 has 2 samples
2023-04-15 18:49:52.677 | DEBUG    | algorithms.der_pp:train:165 - 56 has 2 samples
2023-04-15 18:49:52.677 | INFO     | algorithms.der_pp:train:170 - 1, loss: 6.212
2023-04-15 18:49:52.678 | INFO     | algorithms.algorithm_base:run_base_task_metrics:144 - Running metrics: Task 4
2023-04-15 18:49:56.636 | DEBUG    | algorithms.algorithm_base:run_base_task_metrics:200 - Raw classification accuracy results saved to ./output_cifar100_varied_sampling/der_pp/1681580814.7880151_CIFAR100_OFFICIAL_RUN/task_4_accuracy_results.json
2023-04-15 18:49:56.638 | INFO     | algorithms.algorithm_base:run_base_task_metrics:201 - Correctly classified 1019 / 10000 samples (10.19% correct)
2023-04-15 18:49:57.011 | INFO     | algorithms.der_pp:train:178 - Training complete
2023-04-15 18:49:57.017 | INFO     | __main__:run_experiment:300 - Training and evaluation completed!
2023-04-15 18:49:57.019 | INFO     | __main__:run_experiment:314 - Wrote usage stats to file
2023-04-15 18:49:57.020 | INFO     | __main__:main:363 - Complete
2023-04-15 18:49:57.021 | INFO     | __main__:close_tensorboard_writer:262 - Shut down TensorBoard
