2023-04-12 23:01:07.282 | INFO     | __main__:setup_files:218 - Experiment Name: OFFICIAL_RUN
2023-04-12 23:01:07.283 | INFO     | __main__:main:334 - Command line arguments: Configuration(algorithm='der', dataset='cifar100', classes_per_task=20, seed=2843, samples=2000)
2023-04-12 23:01:07.285 | INFO     | __main__:main:338 - Seeded random to 2843
2023-04-12 23:01:07.286 | INFO     | __main__:main:342 - Got CUDA device
2023-04-12 23:01:07.287 | INFO     | __main__:force_cuda_load:268 - Forcing CUDA initialisation...
2023-04-12 23:01:07.349 | INFO     | __main__:main:346 - CUDA initialised
2023-04-12 23:01:07.351 | INFO     | __main__:setup_shutdown_hook:264 - To access TensorBoard, run the command: tensorboard --logdir=./output_cifar100_varied_sampling/der_pp/1681336867.2780826_CIFAR100_OFFICIAL_RUN
2023-04-12 23:01:07.352 | INFO     | __main__:main:350 - Setup shutdown hooks
2023-04-12 23:01:07.377 | INFO     | __main__:main:355 - Model is setup
2023-04-12 23:01:07.378 | INFO     | __main__:main:357 - Complete pre-setup, starting experiment
2023-04-12 23:01:08.625 | INFO     | datasets.dataset_base:__init__:80 - Using disjoint tasks with 20 (5 tasks) with a randomised split
2023-04-12 23:01:08.627 | DEBUG    | datasets.dataset_base:_setup_task_datasets:95 - Splitting dataset into 5 disjoint tasks
2023-04-12 23:01:08.647 | INFO     | datasets.dataset_base:__init__:85 - {
  "name": "datasets.cifar100.CIFAR100",
  "dataset_class": "torchvision.datasets.cifar.CIFAR100",
  "training_dataset_parameters": "{'train': True, 'download': True}",
  "testing_dataset_parameters": "{'train': False, 'download': True}",
  "training_transform": "Compose(\n    Resize(size=(32, 32), interpolation=bilinear, max_size=None, antialias=None)\n    ToTensor()\n    Normalize(mean=(0.5071, 0.4867, 0.4408), std=(0.2675, 0.2565, 0.2761))\n    RandomCrop(size=(32, 32), padding=4)\n    RandomHorizontalFlip(p=0.5)\n)",
  "testing_transform": "Compose(\n    Resize(size=(32, 32), interpolation=bilinear, max_size=None, antialias=None)\n    ToTensor()\n    Normalize(mean=(0.5071, 0.4867, 0.4408), std=(0.2675, 0.2565, 0.2761))\n)",
  "classes": "apple, aquarium_fish, baby, bear, beaver, bed, bee, beetle, bicycle, bottle, bowl, boy, bridge, bus, butterfly, camel, can, castle, caterpillar, cattle, chair, chimpanzee, clock, cloud, cockroach, couch, crab, crocodile, cup, dinosaur, dolphin, elephant, flatfish, forest, fox, girl, hamster, house, kangaroo, keyboard, lamp, lawn_mower, leopard, lion, lizard, lobster, man, maple_tree, motorcycle, mountain, mouse, mushroom, oak_tree, orange, orchid, otter, palm_tree, pear, pickup_truck, pine_tree, plain, plate, poppy, porcupine, possum, rabbit, raccoon, ray, road, rocket, rose, sea, seal, shark, shrew, skunk, skyscraper, snail, snake, spider, squirrel, streetcar, sunflower, sweet_pepper, table, tank, telephone, television, tiger, tractor, train, trout, tulip, turtle, wardrobe, whale, willow_tree, wolf, woman, worm",
  "disjoint": true,
  "task_count": 5,
  "classes_per_task": [
    20
  ],
  "task_split_indices": [
    [
      87,
      53,
      70,
      96,
      26,
      34,
      0,
      28,
      22,
      64,
      74,
      23,
      86,
      36,
      62,
      16,
      35,
      18,
      19,
      47
    ],
    [
      66,
      65,
      6,
      40,
      41,
      49,
      73,
      11,
      83,
      13,
      27,
      77,
      93,
      43,
      20,
      80,
      63,
      58,
      10,
      91
    ],
    [
      99,
      61,
      48,
      67,
      84,
      3,
      81,
      56,
      54,
      68,
      14,
      94,
      50,
      46,
      95,
      9,
      51,
      59,
      57,
      30
    ],
    [
      37,
      25,
      12,
      78,
      60,
      39,
      69,
      21,
      71,
      52,
      55,
      75,
      85,
      5,
      97,
      76,
      7,
      38,
      15,
      98
    ],
    [
      44,
      92,
      79,
      33,
      29,
      17,
      8,
      32,
      45,
      90,
      2,
      88,
      24,
      42,
      31,
      89,
      82,
      1,
      4,
      72
    ]
  ],
  "task_split_classes": [
    [
      "television",
      "orange",
      "rose",
      "willow_tree",
      "crab",
      "fox",
      "apple",
      "cup",
      "clock",
      "possum",
      "shrew",
      "cloud",
      "telephone",
      "hamster",
      "poppy",
      "can",
      "girl",
      "caterpillar",
      "cattle",
      "maple_tree"
    ],
    [
      "raccoon",
      "rabbit",
      "bee",
      "lamp",
      "lawn_mower",
      "mountain",
      "shark",
      "boy",
      "sweet_pepper",
      "bus",
      "crocodile",
      "snail",
      "turtle",
      "lion",
      "chair",
      "squirrel",
      "porcupine",
      "pickup_truck",
      "bowl",
      "trout"
    ],
    [
      "worm",
      "plate",
      "motorcycle",
      "ray",
      "table",
      "bear",
      "streetcar",
      "palm_tree",
      "orchid",
      "road",
      "butterfly",
      "wardrobe",
      "mouse",
      "man",
      "whale",
      "bottle",
      "mushroom",
      "pine_tree",
      "pear",
      "dolphin"
    ],
    [
      "house",
      "couch",
      "bridge",
      "snake",
      "plain",
      "keyboard",
      "rocket",
      "chimpanzee",
      "sea",
      "oak_tree",
      "otter",
      "skunk",
      "tank",
      "bed",
      "wolf",
      "skyscraper",
      "beetle",
      "kangaroo",
      "camel",
      "woman"
    ],
    [
      "lizard",
      "tulip",
      "spider",
      "forest",
      "dinosaur",
      "castle",
      "bicycle",
      "flatfish",
      "lobster",
      "train",
      "baby",
      "tiger",
      "cockroach",
      "leopard",
      "elephant",
      "tractor",
      "sunflower",
      "aquarium_fish",
      "beaver",
      "seal"
    ]
  ]
}
2023-04-12 23:01:08.653 | DEBUG    | __main__:run_experiment:292 - PID: 12812
2023-04-12 23:01:08.655 | INFO     | __main__:run_experiment:294 - Starting...
2023-04-12 23:01:08.656 | INFO     | algorithms.algorithm_base:train:116 - {
  "name": "algorithms.der_pp.DarkExperiencePlusPlus",
  "model_class": "models.cifar.resnet.ResNet",
  "device": "cuda:0",
  "dataset_class": "datasets.cifar100.CIFAR100",
  "optimiser_class": "torch.optim.sgd.SGD",
  "loss_criterion_class": "torch.nn.modules.loss.CrossEntropyLoss",
  "epochs_per_task": 1,
  "batch_size": 16,
  "max_memory_samples": 2000,
  "alpha": 0.5,
  "beta": 0
}
2023-04-12 23:01:08.658 | DEBUG    | algorithms.algorithm_base:_setup_training:109 - Model moved to cuda:0 and set to train mode
2023-04-12 23:01:08.659 | INFO     | algorithms.algorithm_base:train:118 - Starting training
2023-04-12 23:01:08.660 | INFO     | algorithms.der_pp:train:86 - Task 1 / 5
2023-04-12 23:01:08.661 | INFO     | algorithms.der_pp:train:87 - Classes in task: ['television', 'orange', 'rose', 'willow_tree', 'crab', 'fox', 'apple', 'cup', 'clock', 'possum', 'shrew', 'cloud', 'telephone', 'hamster', 'poppy', 'can', 'girl', 'caterpillar', 'cattle', 'maple_tree']
2023-04-12 23:01:08.661 | INFO     | algorithms.der_pp:train:95 - Starting epoch 1 / 1
2023-04-12 23:01:12.820 | INFO     | algorithms.der_pp:train:159 - 0:1:40, loss: 5.422
2023-04-12 23:01:14.884 | INFO     | algorithms.der_pp:train:159 - 0:1:80, loss: 5.068
2023-04-12 23:01:16.996 | INFO     | algorithms.der_pp:train:159 - 0:1:120, loss: 5.060
2023-04-12 23:01:19.106 | INFO     | algorithms.der_pp:train:159 - 0:1:160, loss: 4.881
2023-04-12 23:01:21.222 | INFO     | algorithms.der_pp:train:159 - 0:1:200, loss: 4.741
2023-04-12 23:01:23.337 | INFO     | algorithms.der_pp:train:159 - 0:1:240, loss: 4.517
2023-04-12 23:01:25.454 | INFO     | algorithms.der_pp:train:159 - 0:1:280, loss: 4.482
2023-04-12 23:01:27.579 | INFO     | algorithms.der_pp:train:159 - 0:1:320, loss: 4.419
2023-04-12 23:01:29.697 | INFO     | algorithms.der_pp:train:159 - 0:1:360, loss: 4.225
2023-04-12 23:01:31.815 | INFO     | algorithms.der_pp:train:159 - 0:1:400, loss: 4.158
2023-04-12 23:01:33.931 | INFO     | algorithms.der_pp:train:159 - 0:1:440, loss: 4.027
2023-04-12 23:01:36.048 | INFO     | algorithms.der_pp:train:159 - 0:1:480, loss: 3.942
2023-04-12 23:01:38.177 | INFO     | algorithms.der_pp:train:159 - 0:1:520, loss: 3.890
2023-04-12 23:01:40.295 | INFO     | algorithms.der_pp:train:159 - 0:1:560, loss: 3.822
2023-04-12 23:01:42.429 | INFO     | algorithms.der_pp:train:159 - 0:1:600, loss: 3.852
2023-04-12 23:01:43.703 | DEBUG    | algorithms.der_pp:train:162 - Current sample stats:
2023-04-12 23:01:43.704 | DEBUG    | algorithms.der_pp:train:165 - 26 has 100 samples
2023-04-12 23:01:43.705 | DEBUG    | algorithms.der_pp:train:165 - 28 has 100 samples
2023-04-12 23:01:43.706 | DEBUG    | algorithms.der_pp:train:165 - 0 has 100 samples
2023-04-12 23:01:43.706 | DEBUG    | algorithms.der_pp:train:165 - 70 has 100 samples
2023-04-12 23:01:43.707 | DEBUG    | algorithms.der_pp:train:165 - 86 has 100 samples
2023-04-12 23:01:43.708 | DEBUG    | algorithms.der_pp:train:165 - 87 has 100 samples
2023-04-12 23:01:43.708 | DEBUG    | algorithms.der_pp:train:165 - 96 has 100 samples
2023-04-12 23:01:43.709 | DEBUG    | algorithms.der_pp:train:165 - 23 has 100 samples
2023-04-12 23:01:43.710 | DEBUG    | algorithms.der_pp:train:165 - 74 has 100 samples
2023-04-12 23:01:43.710 | DEBUG    | algorithms.der_pp:train:165 - 53 has 100 samples
2023-04-12 23:01:43.711 | DEBUG    | algorithms.der_pp:train:165 - 16 has 100 samples
2023-04-12 23:01:43.712 | DEBUG    | algorithms.der_pp:train:165 - 19 has 100 samples
2023-04-12 23:01:43.712 | DEBUG    | algorithms.der_pp:train:165 - 62 has 100 samples
2023-04-12 23:01:43.713 | DEBUG    | algorithms.der_pp:train:165 - 34 has 100 samples
2023-04-12 23:01:43.714 | DEBUG    | algorithms.der_pp:train:165 - 36 has 100 samples
2023-04-12 23:01:43.714 | DEBUG    | algorithms.der_pp:train:165 - 64 has 100 samples
2023-04-12 23:01:43.715 | DEBUG    | algorithms.der_pp:train:165 - 35 has 100 samples
2023-04-12 23:01:43.716 | DEBUG    | algorithms.der_pp:train:165 - 47 has 100 samples
2023-04-12 23:01:43.716 | DEBUG    | algorithms.der_pp:train:165 - 18 has 100 samples
2023-04-12 23:01:43.717 | DEBUG    | algorithms.der_pp:train:165 - 22 has 100 samples
2023-04-12 23:01:43.718 | INFO     | algorithms.der_pp:train:170 - 1, loss: 4.407
2023-04-12 23:01:43.719 | INFO     | algorithms.algorithm_base:run_base_task_metrics:144 - Running metrics: Task 0
2023-04-12 23:01:47.737 | DEBUG    | algorithms.algorithm_base:run_base_task_metrics:200 - Raw classification accuracy results saved to ./output_cifar100_varied_sampling/der_pp/1681336867.2780826_CIFAR100_OFFICIAL_RUN/task_0_accuracy_results.json
2023-04-12 23:01:47.739 | INFO     | algorithms.algorithm_base:run_base_task_metrics:201 - Correctly classified 573 / 10000 samples (5.73% correct)
2023-04-12 23:01:48.221 | INFO     | algorithms.der_pp:train:86 - Task 2 / 5
2023-04-12 23:01:48.226 | INFO     | algorithms.der_pp:train:87 - Classes in task: ['raccoon', 'rabbit', 'bee', 'lamp', 'lawn_mower', 'mountain', 'shark', 'boy', 'sweet_pepper', 'bus', 'crocodile', 'snail', 'turtle', 'lion', 'chair', 'squirrel', 'porcupine', 'pickup_truck', 'bowl', 'trout']
2023-04-12 23:01:48.227 | INFO     | algorithms.der_pp:train:95 - Starting epoch 1 / 1
2023-04-12 23:01:50.468 | INFO     | algorithms.der_pp:train:159 - 1:1:40, loss: 5.382
2023-04-12 23:01:52.604 | INFO     | algorithms.der_pp:train:159 - 1:1:80, loss: 4.879
2023-04-12 23:01:54.734 | INFO     | algorithms.der_pp:train:159 - 1:1:120, loss: 4.593
2023-04-12 23:01:56.862 | INFO     | algorithms.der_pp:train:159 - 1:1:160, loss: 4.561
2023-04-12 23:01:58.990 | INFO     | algorithms.der_pp:train:159 - 1:1:200, loss: 4.416
2023-04-12 23:02:01.120 | INFO     | algorithms.der_pp:train:159 - 1:1:240, loss: 4.240
2023-04-12 23:02:03.255 | INFO     | algorithms.der_pp:train:159 - 1:1:280, loss: 4.200
2023-04-12 23:02:05.386 | INFO     | algorithms.der_pp:train:159 - 1:1:320, loss: 4.114
2023-04-12 23:02:07.516 | INFO     | algorithms.der_pp:train:159 - 1:1:360, loss: 4.130
2023-04-12 23:02:09.651 | INFO     | algorithms.der_pp:train:159 - 1:1:400, loss: 4.082
2023-04-12 23:02:11.786 | INFO     | algorithms.der_pp:train:159 - 1:1:440, loss: 4.030
2023-04-12 23:02:13.918 | INFO     | algorithms.der_pp:train:159 - 1:1:480, loss: 3.916
2023-04-12 23:02:16.050 | INFO     | algorithms.der_pp:train:159 - 1:1:520, loss: 3.955
2023-04-12 23:02:18.189 | INFO     | algorithms.der_pp:train:159 - 1:1:560, loss: 3.971
2023-04-12 23:02:20.322 | INFO     | algorithms.der_pp:train:159 - 1:1:600, loss: 3.995
2023-04-12 23:02:21.606 | DEBUG    | algorithms.der_pp:train:162 - Current sample stats:
2023-04-12 23:02:21.607 | DEBUG    | algorithms.der_pp:train:165 - 26 has 50 samples
2023-04-12 23:02:21.608 | DEBUG    | algorithms.der_pp:train:165 - 28 has 50 samples
2023-04-12 23:02:21.608 | DEBUG    | algorithms.der_pp:train:165 - 0 has 50 samples
2023-04-12 23:02:21.609 | DEBUG    | algorithms.der_pp:train:165 - 70 has 50 samples
2023-04-12 23:02:21.610 | DEBUG    | algorithms.der_pp:train:165 - 86 has 50 samples
2023-04-12 23:02:21.611 | DEBUG    | algorithms.der_pp:train:165 - 87 has 50 samples
2023-04-12 23:02:21.611 | DEBUG    | algorithms.der_pp:train:165 - 96 has 50 samples
2023-04-12 23:02:21.612 | DEBUG    | algorithms.der_pp:train:165 - 23 has 50 samples
2023-04-12 23:02:21.613 | DEBUG    | algorithms.der_pp:train:165 - 74 has 50 samples
2023-04-12 23:02:21.613 | DEBUG    | algorithms.der_pp:train:165 - 53 has 50 samples
2023-04-12 23:02:21.614 | DEBUG    | algorithms.der_pp:train:165 - 16 has 50 samples
2023-04-12 23:02:21.615 | DEBUG    | algorithms.der_pp:train:165 - 19 has 50 samples
2023-04-12 23:02:21.616 | DEBUG    | algorithms.der_pp:train:165 - 62 has 50 samples
2023-04-12 23:02:21.616 | DEBUG    | algorithms.der_pp:train:165 - 34 has 50 samples
2023-04-12 23:02:21.617 | DEBUG    | algorithms.der_pp:train:165 - 36 has 50 samples
2023-04-12 23:02:21.618 | DEBUG    | algorithms.der_pp:train:165 - 64 has 50 samples
2023-04-12 23:02:21.618 | DEBUG    | algorithms.der_pp:train:165 - 35 has 50 samples
2023-04-12 23:02:21.619 | DEBUG    | algorithms.der_pp:train:165 - 47 has 50 samples
2023-04-12 23:02:21.620 | DEBUG    | algorithms.der_pp:train:165 - 18 has 50 samples
2023-04-12 23:02:21.621 | DEBUG    | algorithms.der_pp:train:165 - 22 has 50 samples
2023-04-12 23:02:21.621 | DEBUG    | algorithms.der_pp:train:165 - 58 has 50 samples
2023-04-12 23:02:21.622 | DEBUG    | algorithms.der_pp:train:165 - 77 has 50 samples
2023-04-12 23:02:21.623 | DEBUG    | algorithms.der_pp:train:165 - 63 has 50 samples
2023-04-12 23:02:21.624 | DEBUG    | algorithms.der_pp:train:165 - 93 has 50 samples
2023-04-12 23:02:21.624 | DEBUG    | algorithms.der_pp:train:165 - 40 has 50 samples
2023-04-12 23:02:21.624 | DEBUG    | algorithms.der_pp:train:165 - 27 has 50 samples
2023-04-12 23:02:21.625 | DEBUG    | algorithms.der_pp:train:165 - 91 has 50 samples
2023-04-12 23:02:21.625 | DEBUG    | algorithms.der_pp:train:165 - 13 has 50 samples
2023-04-12 23:02:21.626 | DEBUG    | algorithms.der_pp:train:165 - 83 has 50 samples
2023-04-12 23:02:21.627 | DEBUG    | algorithms.der_pp:train:165 - 73 has 50 samples
2023-04-12 23:02:21.628 | DEBUG    | algorithms.der_pp:train:165 - 10 has 50 samples
2023-04-12 23:02:21.628 | DEBUG    | algorithms.der_pp:train:165 - 49 has 50 samples
2023-04-12 23:02:21.629 | DEBUG    | algorithms.der_pp:train:165 - 65 has 50 samples
2023-04-12 23:02:21.630 | DEBUG    | algorithms.der_pp:train:165 - 80 has 50 samples
2023-04-12 23:02:21.630 | DEBUG    | algorithms.der_pp:train:165 - 11 has 50 samples
2023-04-12 23:02:21.631 | DEBUG    | algorithms.der_pp:train:165 - 6 has 50 samples
2023-04-12 23:02:21.632 | DEBUG    | algorithms.der_pp:train:165 - 41 has 50 samples
2023-04-12 23:02:21.633 | DEBUG    | algorithms.der_pp:train:165 - 20 has 50 samples
2023-04-12 23:02:21.633 | DEBUG    | algorithms.der_pp:train:165 - 66 has 50 samples
2023-04-12 23:02:21.634 | DEBUG    | algorithms.der_pp:train:165 - 43 has 50 samples
2023-04-12 23:02:21.635 | INFO     | algorithms.der_pp:train:170 - 1, loss: 4.283
2023-04-12 23:02:21.636 | INFO     | algorithms.algorithm_base:run_base_task_metrics:144 - Running metrics: Task 1
2023-04-12 23:02:25.935 | DEBUG    | algorithms.algorithm_base:run_base_task_metrics:200 - Raw classification accuracy results saved to ./output_cifar100_varied_sampling/der_pp/1681336867.2780826_CIFAR100_OFFICIAL_RUN/task_1_accuracy_results.json
2023-04-12 23:02:25.937 | INFO     | algorithms.algorithm_base:run_base_task_metrics:201 - Correctly classified 558 / 10000 samples (5.58% correct)
2023-04-12 23:02:26.305 | INFO     | algorithms.der_pp:train:86 - Task 3 / 5
2023-04-12 23:02:26.310 | INFO     | algorithms.der_pp:train:87 - Classes in task: ['worm', 'plate', 'motorcycle', 'ray', 'table', 'bear', 'streetcar', 'palm_tree', 'orchid', 'road', 'butterfly', 'wardrobe', 'mouse', 'man', 'whale', 'bottle', 'mushroom', 'pine_tree', 'pear', 'dolphin']
2023-04-12 23:02:26.311 | INFO     | algorithms.der_pp:train:95 - Starting epoch 1 / 1
2023-04-12 23:02:28.571 | INFO     | algorithms.der_pp:train:159 - 2:1:40, loss: 5.431
2023-04-12 23:02:30.708 | INFO     | algorithms.der_pp:train:159 - 2:1:80, loss: 5.067
2023-04-12 23:02:32.833 | INFO     | algorithms.der_pp:train:159 - 2:1:120, loss: 4.817
2023-04-12 23:02:34.964 | INFO     | algorithms.der_pp:train:159 - 2:1:160, loss: 4.623
2023-04-12 23:02:37.098 | INFO     | algorithms.der_pp:train:159 - 2:1:200, loss: 4.572
2023-04-12 23:02:39.226 | INFO     | algorithms.der_pp:train:159 - 2:1:240, loss: 4.395
2023-04-12 23:02:41.362 | INFO     | algorithms.der_pp:train:159 - 2:1:280, loss: 4.313
2023-04-12 23:02:43.495 | INFO     | algorithms.der_pp:train:159 - 2:1:320, loss: 4.244
2023-04-12 23:02:45.631 | INFO     | algorithms.der_pp:train:159 - 2:1:360, loss: 4.140
2023-04-12 23:02:47.768 | INFO     | algorithms.der_pp:train:159 - 2:1:400, loss: 4.229
2023-04-12 23:02:49.900 | INFO     | algorithms.der_pp:train:159 - 2:1:440, loss: 4.128
2023-04-12 23:02:52.036 | INFO     | algorithms.der_pp:train:159 - 2:1:480, loss: 4.064
2023-04-12 23:02:54.170 | INFO     | algorithms.der_pp:train:159 - 2:1:520, loss: 3.972
2023-04-12 23:02:55.596 | WARNING  | algorithms.buffers:add_sample:173 - Duplicate hash: -6612586461769649215
2023-04-12 23:02:56.302 | INFO     | algorithms.der_pp:train:159 - 2:1:560, loss: 3.852
2023-04-12 23:02:58.436 | INFO     | algorithms.der_pp:train:159 - 2:1:600, loss: 3.948
2023-04-12 23:02:59.718 | DEBUG    | algorithms.der_pp:train:162 - Current sample stats:
2023-04-12 23:02:59.718 | DEBUG    | algorithms.der_pp:train:165 - 26 has 33 samples
2023-04-12 23:02:59.719 | DEBUG    | algorithms.der_pp:train:165 - 28 has 33 samples
2023-04-12 23:02:59.720 | DEBUG    | algorithms.der_pp:train:165 - 0 has 33 samples
2023-04-12 23:02:59.720 | DEBUG    | algorithms.der_pp:train:165 - 70 has 33 samples
2023-04-12 23:02:59.721 | DEBUG    | algorithms.der_pp:train:165 - 86 has 33 samples
2023-04-12 23:02:59.722 | DEBUG    | algorithms.der_pp:train:165 - 87 has 33 samples
2023-04-12 23:02:59.723 | DEBUG    | algorithms.der_pp:train:165 - 96 has 33 samples
2023-04-12 23:02:59.723 | DEBUG    | algorithms.der_pp:train:165 - 23 has 33 samples
2023-04-12 23:02:59.724 | DEBUG    | algorithms.der_pp:train:165 - 74 has 33 samples
2023-04-12 23:02:59.725 | DEBUG    | algorithms.der_pp:train:165 - 53 has 33 samples
2023-04-12 23:02:59.725 | DEBUG    | algorithms.der_pp:train:165 - 16 has 33 samples
2023-04-12 23:02:59.726 | DEBUG    | algorithms.der_pp:train:165 - 19 has 33 samples
2023-04-12 23:02:59.727 | DEBUG    | algorithms.der_pp:train:165 - 62 has 33 samples
2023-04-12 23:02:59.728 | DEBUG    | algorithms.der_pp:train:165 - 34 has 33 samples
2023-04-12 23:02:59.728 | DEBUG    | algorithms.der_pp:train:165 - 36 has 33 samples
2023-04-12 23:02:59.729 | DEBUG    | algorithms.der_pp:train:165 - 64 has 33 samples
2023-04-12 23:02:59.730 | DEBUG    | algorithms.der_pp:train:165 - 35 has 33 samples
2023-04-12 23:02:59.731 | DEBUG    | algorithms.der_pp:train:165 - 47 has 33 samples
2023-04-12 23:02:59.731 | DEBUG    | algorithms.der_pp:train:165 - 18 has 33 samples
2023-04-12 23:02:59.732 | DEBUG    | algorithms.der_pp:train:165 - 22 has 33 samples
2023-04-12 23:02:59.733 | DEBUG    | algorithms.der_pp:train:165 - 58 has 33 samples
2023-04-12 23:02:59.733 | DEBUG    | algorithms.der_pp:train:165 - 77 has 33 samples
2023-04-12 23:02:59.734 | DEBUG    | algorithms.der_pp:train:165 - 63 has 33 samples
2023-04-12 23:02:59.735 | DEBUG    | algorithms.der_pp:train:165 - 93 has 33 samples
2023-04-12 23:02:59.736 | DEBUG    | algorithms.der_pp:train:165 - 40 has 33 samples
2023-04-12 23:02:59.736 | DEBUG    | algorithms.der_pp:train:165 - 27 has 33 samples
2023-04-12 23:02:59.737 | DEBUG    | algorithms.der_pp:train:165 - 91 has 33 samples
2023-04-12 23:02:59.738 | DEBUG    | algorithms.der_pp:train:165 - 13 has 33 samples
2023-04-12 23:02:59.739 | DEBUG    | algorithms.der_pp:train:165 - 83 has 33 samples
2023-04-12 23:02:59.739 | DEBUG    | algorithms.der_pp:train:165 - 73 has 33 samples
2023-04-12 23:02:59.740 | DEBUG    | algorithms.der_pp:train:165 - 10 has 33 samples
2023-04-12 23:02:59.741 | DEBUG    | algorithms.der_pp:train:165 - 49 has 33 samples
2023-04-12 23:02:59.741 | DEBUG    | algorithms.der_pp:train:165 - 65 has 33 samples
2023-04-12 23:02:59.742 | DEBUG    | algorithms.der_pp:train:165 - 80 has 33 samples
2023-04-12 23:02:59.743 | DEBUG    | algorithms.der_pp:train:165 - 11 has 33 samples
2023-04-12 23:02:59.744 | DEBUG    | algorithms.der_pp:train:165 - 6 has 33 samples
2023-04-12 23:02:59.744 | DEBUG    | algorithms.der_pp:train:165 - 41 has 33 samples
2023-04-12 23:02:59.745 | DEBUG    | algorithms.der_pp:train:165 - 20 has 33 samples
2023-04-12 23:02:59.746 | DEBUG    | algorithms.der_pp:train:165 - 66 has 33 samples
2023-04-12 23:02:59.746 | DEBUG    | algorithms.der_pp:train:165 - 43 has 33 samples
2023-04-12 23:02:59.747 | DEBUG    | algorithms.der_pp:train:165 - 54 has 34 samples
2023-04-12 23:02:59.748 | DEBUG    | algorithms.der_pp:train:165 - 95 has 34 samples
2023-04-12 23:02:59.749 | DEBUG    | algorithms.der_pp:train:165 - 50 has 34 samples
2023-04-12 23:02:59.749 | DEBUG    | algorithms.der_pp:train:165 - 46 has 34 samples
2023-04-12 23:02:59.750 | DEBUG    | algorithms.der_pp:train:165 - 68 has 34 samples
2023-04-12 23:02:59.751 | DEBUG    | algorithms.der_pp:train:165 - 99 has 34 samples
2023-04-12 23:02:59.751 | DEBUG    | algorithms.der_pp:train:165 - 94 has 34 samples
2023-04-12 23:02:59.752 | DEBUG    | algorithms.der_pp:train:165 - 57 has 34 samples
2023-04-12 23:02:59.753 | DEBUG    | algorithms.der_pp:train:165 - 81 has 34 samples
2023-04-12 23:02:59.754 | DEBUG    | algorithms.der_pp:train:165 - 59 has 34 samples
2023-04-12 23:02:59.754 | DEBUG    | algorithms.der_pp:train:165 - 3 has 34 samples
2023-04-12 23:02:59.755 | DEBUG    | algorithms.der_pp:train:165 - 14 has 34 samples
2023-04-12 23:02:59.756 | DEBUG    | algorithms.der_pp:train:165 - 84 has 34 samples
2023-04-12 23:02:59.756 | DEBUG    | algorithms.der_pp:train:165 - 67 has 34 samples
2023-04-12 23:02:59.757 | DEBUG    | algorithms.der_pp:train:165 - 9 has 34 samples
2023-04-12 23:02:59.758 | DEBUG    | algorithms.der_pp:train:165 - 61 has 34 samples
2023-04-12 23:02:59.759 | DEBUG    | algorithms.der_pp:train:165 - 30 has 34 samples
2023-04-12 23:02:59.759 | DEBUG    | algorithms.der_pp:train:165 - 56 has 34 samples
2023-04-12 23:02:59.760 | DEBUG    | algorithms.der_pp:train:165 - 51 has 34 samples
2023-04-12 23:02:59.761 | DEBUG    | algorithms.der_pp:train:165 - 48 has 34 samples
2023-04-12 23:02:59.761 | INFO     | algorithms.der_pp:train:170 - 1, loss: 4.366
2023-04-12 23:02:59.762 | INFO     | algorithms.algorithm_base:run_base_task_metrics:144 - Running metrics: Task 2
2023-04-12 23:03:03.757 | DEBUG    | algorithms.algorithm_base:run_base_task_metrics:200 - Raw classification accuracy results saved to ./output_cifar100_varied_sampling/der_pp/1681336867.2780826_CIFAR100_OFFICIAL_RUN/task_2_accuracy_results.json
2023-04-12 23:03:03.759 | INFO     | algorithms.algorithm_base:run_base_task_metrics:201 - Correctly classified 671 / 10000 samples (6.71% correct)
2023-04-12 23:03:04.181 | INFO     | algorithms.der_pp:train:86 - Task 4 / 5
2023-04-12 23:03:04.187 | INFO     | algorithms.der_pp:train:87 - Classes in task: ['house', 'couch', 'bridge', 'snake', 'plain', 'keyboard', 'rocket', 'chimpanzee', 'sea', 'oak_tree', 'otter', 'skunk', 'tank', 'bed', 'wolf', 'skyscraper', 'beetle', 'kangaroo', 'camel', 'woman']
2023-04-12 23:03:04.188 | INFO     | algorithms.der_pp:train:95 - Starting epoch 1 / 1
2023-04-12 23:03:06.444 | INFO     | algorithms.der_pp:train:159 - 3:1:40, loss: 5.495
2023-04-12 23:03:08.584 | INFO     | algorithms.der_pp:train:159 - 3:1:80, loss: 5.257
2023-04-12 23:03:10.713 | INFO     | algorithms.der_pp:train:159 - 3:1:120, loss: 4.918
2023-04-12 23:03:12.852 | INFO     | algorithms.der_pp:train:159 - 3:1:160, loss: 4.761
2023-04-12 23:03:14.990 | INFO     | algorithms.der_pp:train:159 - 3:1:200, loss: 4.688
2023-04-12 23:03:17.120 | INFO     | algorithms.der_pp:train:159 - 3:1:240, loss: 4.534
2023-04-12 23:03:19.255 | INFO     | algorithms.der_pp:train:159 - 3:1:280, loss: 4.525
2023-04-12 23:03:21.396 | INFO     | algorithms.der_pp:train:159 - 3:1:320, loss: 4.460
2023-04-12 23:03:23.538 | INFO     | algorithms.der_pp:train:159 - 3:1:360, loss: 4.327
2023-04-12 23:03:25.681 | INFO     | algorithms.der_pp:train:159 - 3:1:400, loss: 4.242
2023-04-12 23:03:27.831 | INFO     | algorithms.der_pp:train:159 - 3:1:440, loss: 4.293
2023-04-12 23:03:29.976 | INFO     | algorithms.der_pp:train:159 - 3:1:480, loss: 4.237
2023-04-12 23:03:32.114 | INFO     | algorithms.der_pp:train:159 - 3:1:520, loss: 4.246
2023-04-12 23:03:34.248 | INFO     | algorithms.der_pp:train:159 - 3:1:560, loss: 4.161
2023-04-12 23:03:36.389 | INFO     | algorithms.der_pp:train:159 - 3:1:600, loss: 4.175
2023-04-12 23:03:37.673 | DEBUG    | algorithms.der_pp:train:162 - Current sample stats:
2023-04-12 23:03:37.674 | DEBUG    | algorithms.der_pp:train:165 - 26 has 25 samples
2023-04-12 23:03:37.675 | DEBUG    | algorithms.der_pp:train:165 - 28 has 25 samples
2023-04-12 23:03:37.675 | DEBUG    | algorithms.der_pp:train:165 - 0 has 25 samples
2023-04-12 23:03:37.676 | DEBUG    | algorithms.der_pp:train:165 - 70 has 25 samples
2023-04-12 23:03:37.677 | DEBUG    | algorithms.der_pp:train:165 - 86 has 25 samples
2023-04-12 23:03:37.677 | DEBUG    | algorithms.der_pp:train:165 - 87 has 25 samples
2023-04-12 23:03:37.678 | DEBUG    | algorithms.der_pp:train:165 - 96 has 25 samples
2023-04-12 23:03:37.679 | DEBUG    | algorithms.der_pp:train:165 - 23 has 25 samples
2023-04-12 23:03:37.679 | DEBUG    | algorithms.der_pp:train:165 - 74 has 25 samples
2023-04-12 23:03:37.680 | DEBUG    | algorithms.der_pp:train:165 - 53 has 25 samples
2023-04-12 23:03:37.681 | DEBUG    | algorithms.der_pp:train:165 - 16 has 25 samples
2023-04-12 23:03:37.681 | DEBUG    | algorithms.der_pp:train:165 - 19 has 25 samples
2023-04-12 23:03:37.682 | DEBUG    | algorithms.der_pp:train:165 - 62 has 25 samples
2023-04-12 23:03:37.683 | DEBUG    | algorithms.der_pp:train:165 - 34 has 25 samples
2023-04-12 23:03:37.683 | DEBUG    | algorithms.der_pp:train:165 - 36 has 25 samples
2023-04-12 23:03:37.684 | DEBUG    | algorithms.der_pp:train:165 - 64 has 25 samples
2023-04-12 23:03:37.685 | DEBUG    | algorithms.der_pp:train:165 - 35 has 25 samples
2023-04-12 23:03:37.685 | DEBUG    | algorithms.der_pp:train:165 - 47 has 25 samples
2023-04-12 23:03:37.686 | DEBUG    | algorithms.der_pp:train:165 - 18 has 25 samples
2023-04-12 23:03:37.687 | DEBUG    | algorithms.der_pp:train:165 - 22 has 25 samples
2023-04-12 23:03:37.687 | DEBUG    | algorithms.der_pp:train:165 - 58 has 25 samples
2023-04-12 23:03:37.688 | DEBUG    | algorithms.der_pp:train:165 - 77 has 25 samples
2023-04-12 23:03:37.689 | DEBUG    | algorithms.der_pp:train:165 - 63 has 25 samples
2023-04-12 23:03:37.689 | DEBUG    | algorithms.der_pp:train:165 - 93 has 25 samples
2023-04-12 23:03:37.690 | DEBUG    | algorithms.der_pp:train:165 - 40 has 25 samples
2023-04-12 23:03:37.691 | DEBUG    | algorithms.der_pp:train:165 - 27 has 25 samples
2023-04-12 23:03:37.691 | DEBUG    | algorithms.der_pp:train:165 - 91 has 25 samples
2023-04-12 23:03:37.692 | DEBUG    | algorithms.der_pp:train:165 - 13 has 25 samples
2023-04-12 23:03:37.693 | DEBUG    | algorithms.der_pp:train:165 - 83 has 25 samples
2023-04-12 23:03:37.694 | DEBUG    | algorithms.der_pp:train:165 - 73 has 25 samples
2023-04-12 23:03:37.694 | DEBUG    | algorithms.der_pp:train:165 - 10 has 25 samples
2023-04-12 23:03:37.695 | DEBUG    | algorithms.der_pp:train:165 - 49 has 25 samples
2023-04-12 23:03:37.696 | DEBUG    | algorithms.der_pp:train:165 - 65 has 25 samples
2023-04-12 23:03:37.696 | DEBUG    | algorithms.der_pp:train:165 - 80 has 25 samples
2023-04-12 23:03:37.697 | DEBUG    | algorithms.der_pp:train:165 - 11 has 25 samples
2023-04-12 23:03:37.698 | DEBUG    | algorithms.der_pp:train:165 - 6 has 25 samples
2023-04-12 23:03:37.698 | DEBUG    | algorithms.der_pp:train:165 - 41 has 25 samples
2023-04-12 23:03:37.699 | DEBUG    | algorithms.der_pp:train:165 - 20 has 25 samples
2023-04-12 23:03:37.700 | DEBUG    | algorithms.der_pp:train:165 - 66 has 25 samples
2023-04-12 23:03:37.701 | DEBUG    | algorithms.der_pp:train:165 - 43 has 25 samples
2023-04-12 23:03:37.701 | DEBUG    | algorithms.der_pp:train:165 - 54 has 25 samples
2023-04-12 23:03:37.702 | DEBUG    | algorithms.der_pp:train:165 - 95 has 25 samples
2023-04-12 23:03:37.703 | DEBUG    | algorithms.der_pp:train:165 - 50 has 25 samples
2023-04-12 23:03:37.704 | DEBUG    | algorithms.der_pp:train:165 - 46 has 25 samples
2023-04-12 23:03:37.704 | DEBUG    | algorithms.der_pp:train:165 - 68 has 25 samples
2023-04-12 23:03:37.705 | DEBUG    | algorithms.der_pp:train:165 - 99 has 25 samples
2023-04-12 23:03:37.706 | DEBUG    | algorithms.der_pp:train:165 - 94 has 25 samples
2023-04-12 23:03:37.707 | DEBUG    | algorithms.der_pp:train:165 - 57 has 25 samples
2023-04-12 23:03:37.707 | DEBUG    | algorithms.der_pp:train:165 - 81 has 25 samples
2023-04-12 23:03:37.708 | DEBUG    | algorithms.der_pp:train:165 - 59 has 25 samples
2023-04-12 23:03:37.709 | DEBUG    | algorithms.der_pp:train:165 - 3 has 25 samples
2023-04-12 23:03:37.709 | DEBUG    | algorithms.der_pp:train:165 - 14 has 25 samples
2023-04-12 23:03:37.710 | DEBUG    | algorithms.der_pp:train:165 - 84 has 25 samples
2023-04-12 23:03:37.711 | DEBUG    | algorithms.der_pp:train:165 - 67 has 25 samples
2023-04-12 23:03:37.712 | DEBUG    | algorithms.der_pp:train:165 - 9 has 25 samples
2023-04-12 23:03:37.712 | DEBUG    | algorithms.der_pp:train:165 - 61 has 25 samples
2023-04-12 23:03:37.713 | DEBUG    | algorithms.der_pp:train:165 - 30 has 25 samples
2023-04-12 23:03:37.714 | DEBUG    | algorithms.der_pp:train:165 - 56 has 25 samples
2023-04-12 23:03:37.714 | DEBUG    | algorithms.der_pp:train:165 - 51 has 25 samples
2023-04-12 23:03:37.715 | DEBUG    | algorithms.der_pp:train:165 - 48 has 25 samples
2023-04-12 23:03:37.716 | DEBUG    | algorithms.der_pp:train:165 - 12 has 25 samples
2023-04-12 23:03:37.717 | DEBUG    | algorithms.der_pp:train:165 - 25 has 25 samples
2023-04-12 23:03:37.717 | DEBUG    | algorithms.der_pp:train:165 - 76 has 25 samples
2023-04-12 23:03:37.718 | DEBUG    | algorithms.der_pp:train:165 - 97 has 25 samples
2023-04-12 23:03:37.719 | DEBUG    | algorithms.der_pp:train:165 - 71 has 25 samples
2023-04-12 23:03:37.719 | DEBUG    | algorithms.der_pp:train:165 - 69 has 25 samples
2023-04-12 23:03:37.720 | DEBUG    | algorithms.der_pp:train:165 - 75 has 25 samples
2023-04-12 23:03:37.721 | DEBUG    | algorithms.der_pp:train:165 - 21 has 25 samples
2023-04-12 23:03:37.722 | DEBUG    | algorithms.der_pp:train:165 - 78 has 25 samples
2023-04-12 23:03:37.722 | DEBUG    | algorithms.der_pp:train:165 - 55 has 25 samples
2023-04-12 23:03:37.723 | DEBUG    | algorithms.der_pp:train:165 - 38 has 25 samples
2023-04-12 23:03:37.724 | DEBUG    | algorithms.der_pp:train:165 - 52 has 25 samples
2023-04-12 23:03:37.725 | DEBUG    | algorithms.der_pp:train:165 - 60 has 25 samples
2023-04-12 23:03:37.725 | DEBUG    | algorithms.der_pp:train:165 - 39 has 25 samples
2023-04-12 23:03:37.726 | DEBUG    | algorithms.der_pp:train:165 - 85 has 25 samples
2023-04-12 23:03:37.727 | DEBUG    | algorithms.der_pp:train:165 - 98 has 25 samples
2023-04-12 23:03:37.727 | DEBUG    | algorithms.der_pp:train:165 - 7 has 25 samples
2023-04-12 23:03:37.728 | DEBUG    | algorithms.der_pp:train:165 - 37 has 25 samples
2023-04-12 23:03:37.729 | DEBUG    | algorithms.der_pp:train:165 - 15 has 25 samples
2023-04-12 23:03:37.730 | DEBUG    | algorithms.der_pp:train:165 - 5 has 25 samples
2023-04-12 23:03:37.730 | INFO     | algorithms.der_pp:train:170 - 1, loss: 4.536
2023-04-12 23:03:37.731 | INFO     | algorithms.algorithm_base:run_base_task_metrics:144 - Running metrics: Task 3
2023-04-12 23:03:41.704 | DEBUG    | algorithms.algorithm_base:run_base_task_metrics:200 - Raw classification accuracy results saved to ./output_cifar100_varied_sampling/der_pp/1681336867.2780826_CIFAR100_OFFICIAL_RUN/task_3_accuracy_results.json
2023-04-12 23:03:41.706 | INFO     | algorithms.algorithm_base:run_base_task_metrics:201 - Correctly classified 652 / 10000 samples (6.52% correct)
2023-04-12 23:03:42.072 | INFO     | algorithms.der_pp:train:86 - Task 5 / 5
2023-04-12 23:03:42.077 | INFO     | algorithms.der_pp:train:87 - Classes in task: ['lizard', 'tulip', 'spider', 'forest', 'dinosaur', 'castle', 'bicycle', 'flatfish', 'lobster', 'train', 'baby', 'tiger', 'cockroach', 'leopard', 'elephant', 'tractor', 'sunflower', 'aquarium_fish', 'beaver', 'seal']
2023-04-12 23:03:42.078 | INFO     | algorithms.der_pp:train:95 - Starting epoch 1 / 1
2023-04-12 23:03:44.343 | INFO     | algorithms.der_pp:train:159 - 4:1:40, loss: 5.649
2023-04-12 23:03:46.486 | INFO     | algorithms.der_pp:train:159 - 4:1:80, loss: 5.294
2023-04-12 23:03:48.633 | INFO     | algorithms.der_pp:train:159 - 4:1:120, loss: 5.096
2023-04-12 23:03:50.770 | INFO     | algorithms.der_pp:train:159 - 4:1:160, loss: 4.924
2023-04-12 23:03:52.907 | INFO     | algorithms.der_pp:train:159 - 4:1:200, loss: 4.802
2023-04-12 23:03:55.054 | INFO     | algorithms.der_pp:train:159 - 4:1:240, loss: 4.681
2023-04-12 23:03:55.310 | WARNING  | algorithms.buffers:add_sample:173 - Duplicate hash: -5630230783083779484
2023-04-12 23:03:57.193 | INFO     | algorithms.der_pp:train:159 - 4:1:280, loss: 4.520
2023-04-12 23:03:59.330 | INFO     | algorithms.der_pp:train:159 - 4:1:320, loss: 4.428
2023-04-12 23:04:01.472 | INFO     | algorithms.der_pp:train:159 - 4:1:360, loss: 4.517
2023-04-12 23:04:03.614 | INFO     | algorithms.der_pp:train:159 - 4:1:400, loss: 4.307
2023-04-12 23:04:05.756 | INFO     | algorithms.der_pp:train:159 - 4:1:440, loss: 4.356
2023-04-12 23:04:07.893 | INFO     | algorithms.der_pp:train:159 - 4:1:480, loss: 4.277
2023-04-12 23:04:10.029 | INFO     | algorithms.der_pp:train:159 - 4:1:520, loss: 4.276
2023-04-12 23:04:12.167 | INFO     | algorithms.der_pp:train:159 - 4:1:560, loss: 4.303
2023-04-12 23:04:14.304 | INFO     | algorithms.der_pp:train:159 - 4:1:600, loss: 4.096
2023-04-12 23:04:15.592 | DEBUG    | algorithms.der_pp:train:162 - Current sample stats:
2023-04-12 23:04:15.593 | DEBUG    | algorithms.der_pp:train:165 - 26 has 20 samples
2023-04-12 23:04:15.594 | DEBUG    | algorithms.der_pp:train:165 - 28 has 20 samples
2023-04-12 23:04:15.595 | DEBUG    | algorithms.der_pp:train:165 - 0 has 20 samples
2023-04-12 23:04:15.595 | DEBUG    | algorithms.der_pp:train:165 - 70 has 20 samples
2023-04-12 23:04:15.596 | DEBUG    | algorithms.der_pp:train:165 - 86 has 20 samples
2023-04-12 23:04:15.597 | DEBUG    | algorithms.der_pp:train:165 - 87 has 20 samples
2023-04-12 23:04:15.597 | DEBUG    | algorithms.der_pp:train:165 - 96 has 20 samples
2023-04-12 23:04:15.598 | DEBUG    | algorithms.der_pp:train:165 - 23 has 20 samples
2023-04-12 23:04:15.599 | DEBUG    | algorithms.der_pp:train:165 - 74 has 20 samples
2023-04-12 23:04:15.599 | DEBUG    | algorithms.der_pp:train:165 - 53 has 20 samples
2023-04-12 23:04:15.600 | DEBUG    | algorithms.der_pp:train:165 - 16 has 20 samples
2023-04-12 23:04:15.601 | DEBUG    | algorithms.der_pp:train:165 - 19 has 20 samples
2023-04-12 23:04:15.601 | DEBUG    | algorithms.der_pp:train:165 - 62 has 20 samples
2023-04-12 23:04:15.602 | DEBUG    | algorithms.der_pp:train:165 - 34 has 20 samples
2023-04-12 23:04:15.603 | DEBUG    | algorithms.der_pp:train:165 - 36 has 20 samples
2023-04-12 23:04:15.603 | DEBUG    | algorithms.der_pp:train:165 - 64 has 20 samples
2023-04-12 23:04:15.604 | DEBUG    | algorithms.der_pp:train:165 - 35 has 20 samples
2023-04-12 23:04:15.605 | DEBUG    | algorithms.der_pp:train:165 - 47 has 20 samples
2023-04-12 23:04:15.605 | DEBUG    | algorithms.der_pp:train:165 - 18 has 20 samples
2023-04-12 23:04:15.606 | DEBUG    | algorithms.der_pp:train:165 - 22 has 20 samples
2023-04-12 23:04:15.607 | DEBUG    | algorithms.der_pp:train:165 - 58 has 20 samples
2023-04-12 23:04:15.607 | DEBUG    | algorithms.der_pp:train:165 - 77 has 20 samples
2023-04-12 23:04:15.608 | DEBUG    | algorithms.der_pp:train:165 - 63 has 20 samples
2023-04-12 23:04:15.609 | DEBUG    | algorithms.der_pp:train:165 - 93 has 20 samples
2023-04-12 23:04:15.609 | DEBUG    | algorithms.der_pp:train:165 - 40 has 20 samples
2023-04-12 23:04:15.610 | DEBUG    | algorithms.der_pp:train:165 - 27 has 20 samples
2023-04-12 23:04:15.611 | DEBUG    | algorithms.der_pp:train:165 - 91 has 20 samples
2023-04-12 23:04:15.611 | DEBUG    | algorithms.der_pp:train:165 - 13 has 20 samples
2023-04-12 23:04:15.612 | DEBUG    | algorithms.der_pp:train:165 - 83 has 20 samples
2023-04-12 23:04:15.613 | DEBUG    | algorithms.der_pp:train:165 - 73 has 20 samples
2023-04-12 23:04:15.613 | DEBUG    | algorithms.der_pp:train:165 - 10 has 20 samples
2023-04-12 23:04:15.614 | DEBUG    | algorithms.der_pp:train:165 - 49 has 20 samples
2023-04-12 23:04:15.615 | DEBUG    | algorithms.der_pp:train:165 - 65 has 20 samples
2023-04-12 23:04:15.615 | DEBUG    | algorithms.der_pp:train:165 - 80 has 20 samples
2023-04-12 23:04:15.616 | DEBUG    | algorithms.der_pp:train:165 - 11 has 20 samples
2023-04-12 23:04:15.617 | DEBUG    | algorithms.der_pp:train:165 - 6 has 20 samples
2023-04-12 23:04:15.617 | DEBUG    | algorithms.der_pp:train:165 - 41 has 20 samples
2023-04-12 23:04:15.618 | DEBUG    | algorithms.der_pp:train:165 - 20 has 20 samples
2023-04-12 23:04:15.619 | DEBUG    | algorithms.der_pp:train:165 - 66 has 20 samples
2023-04-12 23:04:15.619 | DEBUG    | algorithms.der_pp:train:165 - 43 has 20 samples
2023-04-12 23:04:15.620 | DEBUG    | algorithms.der_pp:train:165 - 54 has 20 samples
2023-04-12 23:04:15.621 | DEBUG    | algorithms.der_pp:train:165 - 95 has 20 samples
2023-04-12 23:04:15.622 | DEBUG    | algorithms.der_pp:train:165 - 50 has 20 samples
2023-04-12 23:04:15.622 | DEBUG    | algorithms.der_pp:train:165 - 46 has 20 samples
2023-04-12 23:04:15.623 | DEBUG    | algorithms.der_pp:train:165 - 68 has 20 samples
2023-04-12 23:04:15.624 | DEBUG    | algorithms.der_pp:train:165 - 99 has 20 samples
2023-04-12 23:04:15.624 | DEBUG    | algorithms.der_pp:train:165 - 94 has 20 samples
2023-04-12 23:04:15.625 | DEBUG    | algorithms.der_pp:train:165 - 57 has 20 samples
2023-04-12 23:04:15.626 | DEBUG    | algorithms.der_pp:train:165 - 81 has 20 samples
2023-04-12 23:04:15.627 | DEBUG    | algorithms.der_pp:train:165 - 59 has 20 samples
2023-04-12 23:04:15.627 | DEBUG    | algorithms.der_pp:train:165 - 3 has 20 samples
2023-04-12 23:04:15.628 | DEBUG    | algorithms.der_pp:train:165 - 14 has 20 samples
2023-04-12 23:04:15.629 | DEBUG    | algorithms.der_pp:train:165 - 84 has 20 samples
2023-04-12 23:04:15.629 | DEBUG    | algorithms.der_pp:train:165 - 67 has 20 samples
2023-04-12 23:04:15.630 | DEBUG    | algorithms.der_pp:train:165 - 9 has 20 samples
2023-04-12 23:04:15.631 | DEBUG    | algorithms.der_pp:train:165 - 61 has 20 samples
2023-04-12 23:04:15.632 | DEBUG    | algorithms.der_pp:train:165 - 30 has 20 samples
2023-04-12 23:04:15.632 | DEBUG    | algorithms.der_pp:train:165 - 56 has 20 samples
2023-04-12 23:04:15.633 | DEBUG    | algorithms.der_pp:train:165 - 51 has 20 samples
2023-04-12 23:04:15.634 | DEBUG    | algorithms.der_pp:train:165 - 48 has 20 samples
2023-04-12 23:04:15.635 | DEBUG    | algorithms.der_pp:train:165 - 12 has 20 samples
2023-04-12 23:04:15.635 | DEBUG    | algorithms.der_pp:train:165 - 25 has 20 samples
2023-04-12 23:04:15.636 | DEBUG    | algorithms.der_pp:train:165 - 76 has 20 samples
2023-04-12 23:04:15.637 | DEBUG    | algorithms.der_pp:train:165 - 97 has 20 samples
2023-04-12 23:04:15.637 | DEBUG    | algorithms.der_pp:train:165 - 71 has 20 samples
2023-04-12 23:04:15.638 | DEBUG    | algorithms.der_pp:train:165 - 69 has 20 samples
2023-04-12 23:04:15.639 | DEBUG    | algorithms.der_pp:train:165 - 75 has 20 samples
2023-04-12 23:04:15.640 | DEBUG    | algorithms.der_pp:train:165 - 21 has 20 samples
2023-04-12 23:04:15.640 | DEBUG    | algorithms.der_pp:train:165 - 78 has 20 samples
2023-04-12 23:04:15.641 | DEBUG    | algorithms.der_pp:train:165 - 55 has 20 samples
2023-04-12 23:04:15.642 | DEBUG    | algorithms.der_pp:train:165 - 38 has 20 samples
2023-04-12 23:04:15.643 | DEBUG    | algorithms.der_pp:train:165 - 52 has 20 samples
2023-04-12 23:04:15.643 | DEBUG    | algorithms.der_pp:train:165 - 60 has 20 samples
2023-04-12 23:04:15.644 | DEBUG    | algorithms.der_pp:train:165 - 39 has 20 samples
2023-04-12 23:04:15.645 | DEBUG    | algorithms.der_pp:train:165 - 85 has 20 samples
2023-04-12 23:04:15.645 | DEBUG    | algorithms.der_pp:train:165 - 98 has 20 samples
2023-04-12 23:04:15.646 | DEBUG    | algorithms.der_pp:train:165 - 7 has 20 samples
2023-04-12 23:04:15.647 | DEBUG    | algorithms.der_pp:train:165 - 37 has 20 samples
2023-04-12 23:04:15.648 | DEBUG    | algorithms.der_pp:train:165 - 15 has 20 samples
2023-04-12 23:04:15.648 | DEBUG    | algorithms.der_pp:train:165 - 5 has 20 samples
2023-04-12 23:04:15.649 | DEBUG    | algorithms.der_pp:train:165 - 88 has 20 samples
2023-04-12 23:04:15.650 | DEBUG    | algorithms.der_pp:train:165 - 17 has 20 samples
2023-04-12 23:04:15.650 | DEBUG    | algorithms.der_pp:train:165 - 24 has 20 samples
2023-04-12 23:04:15.651 | DEBUG    | algorithms.der_pp:train:165 - 44 has 20 samples
2023-04-12 23:04:15.652 | DEBUG    | algorithms.der_pp:train:165 - 31 has 20 samples
2023-04-12 23:04:15.653 | DEBUG    | algorithms.der_pp:train:165 - 82 has 20 samples
2023-04-12 23:04:15.653 | DEBUG    | algorithms.der_pp:train:165 - 92 has 20 samples
2023-04-12 23:04:15.654 | DEBUG    | algorithms.der_pp:train:165 - 90 has 20 samples
2023-04-12 23:04:15.655 | DEBUG    | algorithms.der_pp:train:165 - 8 has 20 samples
2023-04-12 23:04:15.656 | DEBUG    | algorithms.der_pp:train:165 - 4 has 20 samples
2023-04-12 23:04:15.656 | DEBUG    | algorithms.der_pp:train:165 - 1 has 20 samples
2023-04-12 23:04:15.657 | DEBUG    | algorithms.der_pp:train:165 - 72 has 20 samples
2023-04-12 23:04:15.658 | DEBUG    | algorithms.der_pp:train:165 - 42 has 20 samples
2023-04-12 23:04:15.658 | DEBUG    | algorithms.der_pp:train:165 - 32 has 20 samples
2023-04-12 23:04:15.659 | DEBUG    | algorithms.der_pp:train:165 - 45 has 20 samples
2023-04-12 23:04:15.660 | DEBUG    | algorithms.der_pp:train:165 - 2 has 20 samples
2023-04-12 23:04:15.661 | DEBUG    | algorithms.der_pp:train:165 - 33 has 20 samples
2023-04-12 23:04:15.661 | DEBUG    | algorithms.der_pp:train:165 - 29 has 20 samples
2023-04-12 23:04:15.662 | DEBUG    | algorithms.der_pp:train:165 - 89 has 20 samples
2023-04-12 23:04:15.663 | DEBUG    | algorithms.der_pp:train:165 - 79 has 20 samples
2023-04-12 23:04:15.663 | INFO     | algorithms.der_pp:train:170 - 1, loss: 4.618
2023-04-12 23:04:15.664 | INFO     | algorithms.algorithm_base:run_base_task_metrics:144 - Running metrics: Task 4
2023-04-12 23:04:19.716 | DEBUG    | algorithms.algorithm_base:run_base_task_metrics:200 - Raw classification accuracy results saved to ./output_cifar100_varied_sampling/der_pp/1681336867.2780826_CIFAR100_OFFICIAL_RUN/task_4_accuracy_results.json
2023-04-12 23:04:19.717 | INFO     | algorithms.algorithm_base:run_base_task_metrics:201 - Correctly classified 663 / 10000 samples (6.63% correct)
2023-04-12 23:04:20.087 | INFO     | algorithms.der_pp:train:178 - Training complete
2023-04-12 23:04:20.092 | INFO     | __main__:run_experiment:300 - Training and evaluation completed!
2023-04-12 23:04:20.093 | INFO     | __main__:run_experiment:314 - Wrote usage stats to file
2023-04-12 23:04:20.094 | INFO     | __main__:main:363 - Complete
2023-04-12 23:04:20.095 | INFO     | __main__:close_tensorboard_writer:262 - Shut down TensorBoard
