2023-01-24 13:53:37.889 | INFO     | __main__:setup_files:186 - Experiment Name: OFFICIAL_RUN
2023-01-24 13:53:37.890 | INFO     | __main__:main:291 - Command line arguments: Configuration(algorithm='novel', dataset='cifar100', classes_per_task=20, seed=2001)
2023-01-24 13:53:37.892 | INFO     | __main__:main:295 - Seeded random to 2001
2023-01-24 13:53:37.892 | INFO     | __main__:main:299 - Got CUDA device
2023-01-24 13:53:37.893 | INFO     | __main__:force_cuda_load:234 - Forcing CUDA initialisation...
2023-01-24 13:53:37.954 | INFO     | __main__:main:303 - CUDA initialised
2023-01-24 13:53:37.956 | INFO     | __main__:setup_shutdown_hook:230 - To access TensorBoard, run the command: tensorboard --logdir=./output/novel/1674568417.8855283_CIFAR100_OFFICIAL_RUN
2023-01-24 13:53:37.957 | INFO     | __main__:main:307 - Setup shutdown hooks
2023-01-24 13:53:37.980 | INFO     | __main__:main:312 - Model is setup
2023-01-24 13:53:37.981 | INFO     | __main__:main:314 - Complete pre-setup, starting experiment
2023-01-24 13:53:39.188 | INFO     | datasets.dataset_base:__init__:80 - Using disjoint tasks with 20 (5 tasks) with a randomised split
2023-01-24 13:53:39.190 | DEBUG    | datasets.dataset_base:_setup_task_datasets:95 - Splitting dataset into 5 disjoint tasks
2023-01-24 13:53:39.210 | INFO     | datasets.dataset_base:__init__:85 - {
  "name": "datasets.cifar100.CIFAR100",
  "dataset_class": "torchvision.datasets.cifar.CIFAR100",
  "training_dataset_parameters": "{'train': True, 'download': True}",
  "testing_dataset_parameters": "{'train': False, 'download': True}",
  "training_transform": "Compose(\n    Resize(size=(224, 224), interpolation=bilinear, max_size=None, antialias=None)\n    ToTensor()\n    Normalize(mean=(0.5071, 0.4867, 0.4408), std=(0.2675, 0.2565, 0.2761))\n    RandomCrop(size=(224, 224), padding=4)\n    RandomHorizontalFlip(p=0.5)\n)",
  "testing_transform": "Compose(\n    Resize(size=(224, 224), interpolation=bilinear, max_size=None, antialias=None)\n    ToTensor()\n    Normalize(mean=(0.5071, 0.4867, 0.4408), std=(0.2675, 0.2565, 0.2761))\n)",
  "classes": "apple, aquarium_fish, baby, bear, beaver, bed, bee, beetle, bicycle, bottle, bowl, boy, bridge, bus, butterfly, camel, can, castle, caterpillar, cattle, chair, chimpanzee, clock, cloud, cockroach, couch, crab, crocodile, cup, dinosaur, dolphin, elephant, flatfish, forest, fox, girl, hamster, house, kangaroo, keyboard, lamp, lawn_mower, leopard, lion, lizard, lobster, man, maple_tree, motorcycle, mountain, mouse, mushroom, oak_tree, orange, orchid, otter, palm_tree, pear, pickup_truck, pine_tree, plain, plate, poppy, porcupine, possum, rabbit, raccoon, ray, road, rocket, rose, sea, seal, shark, shrew, skunk, skyscraper, snail, snake, spider, squirrel, streetcar, sunflower, sweet_pepper, table, tank, telephone, television, tiger, tractor, train, trout, tulip, turtle, wardrobe, whale, willow_tree, wolf, woman, worm",
  "disjoint": true,
  "task_count": 5,
  "classes_per_task": [
    20
  ],
  "task_split_indices": [
    [
      9,
      58,
      85,
      43,
      51,
      36,
      4,
      27,
      12,
      29,
      44,
      68,
      82,
      16,
      3,
      92,
      49,
      41,
      35,
      69
    ],
    [
      25,
      67,
      66,
      95,
      14,
      17,
      23,
      97,
      57,
      74,
      37,
      98,
      63,
      96,
      73,
      40,
      47,
      24,
      22,
      93
    ],
    [
      77,
      52,
      1,
      0,
      70,
      62,
      28,
      34,
      18,
      54,
      65,
      13,
      26,
      86,
      33,
      71,
      15,
      50,
      64,
      81
    ],
    [
      30,
      39,
      42,
      31,
      56,
      94,
      91,
      84,
      90,
      60,
      20,
      53,
      48,
      38,
      78,
      61,
      88,
      87,
      45,
      10
    ],
    [
      55,
      8,
      19,
      59,
      32,
      7,
      79,
      21,
      80,
      89,
      72,
      5,
      99,
      76,
      83,
      11,
      6,
      46,
      2,
      75
    ]
  ],
  "task_split_classes": [
    [
      "bottle",
      "pickup_truck",
      "tank",
      "lion",
      "mushroom",
      "hamster",
      "beaver",
      "crocodile",
      "bridge",
      "dinosaur",
      "lizard",
      "road",
      "sunflower",
      "can",
      "bear",
      "tulip",
      "mountain",
      "lawn_mower",
      "girl",
      "rocket"
    ],
    [
      "couch",
      "ray",
      "raccoon",
      "whale",
      "butterfly",
      "castle",
      "cloud",
      "wolf",
      "pear",
      "shrew",
      "house",
      "woman",
      "porcupine",
      "willow_tree",
      "shark",
      "lamp",
      "maple_tree",
      "cockroach",
      "clock",
      "turtle"
    ],
    [
      "snail",
      "oak_tree",
      "aquarium_fish",
      "apple",
      "rose",
      "poppy",
      "cup",
      "fox",
      "caterpillar",
      "orchid",
      "rabbit",
      "bus",
      "crab",
      "telephone",
      "forest",
      "sea",
      "camel",
      "mouse",
      "possum",
      "streetcar"
    ],
    [
      "dolphin",
      "keyboard",
      "leopard",
      "elephant",
      "palm_tree",
      "wardrobe",
      "trout",
      "table",
      "train",
      "plain",
      "chair",
      "orange",
      "motorcycle",
      "kangaroo",
      "snake",
      "plate",
      "tiger",
      "television",
      "lobster",
      "bowl"
    ],
    [
      "otter",
      "bicycle",
      "cattle",
      "pine_tree",
      "flatfish",
      "beetle",
      "spider",
      "chimpanzee",
      "squirrel",
      "tractor",
      "seal",
      "bed",
      "worm",
      "skyscraper",
      "sweet_pepper",
      "boy",
      "bee",
      "man",
      "baby",
      "skunk"
    ]
  ]
}
2023-01-24 13:53:40.305 | WARNING  | models.vit.vit_models:build_backbone:149 - OVERRIDE: FREEZING PRETRAINED MODEL DIRECTLY EXCEPT
2023-01-24 13:53:40.307 | INFO     | models.vit.vit_models:setup_head:158 - SETUP HEAD
2023-01-24 13:53:40.455 | DEBUG    | __main__:run_experiment:258 - PID: 15124
2023-01-24 13:53:40.456 | INFO     | __main__:run_experiment:260 - Starting...
2023-01-24 13:53:40.457 | INFO     | algorithms.algorithm_base:train:116 - {
  "name": "experiments.finalised_novel_impl.NovelImplementation",
  "model_class": "models.vit.mlp.MLP",
  "device": "cuda:0",
  "dataset_class": "datasets.cifar100.CIFAR100",
  "optimiser_class": "torch.optim.sgd.SGD",
  "loss_criterion_class": "torch.nn.modules.loss.CrossEntropyLoss",
  "epochs_per_task": 40,
  "batch_size": 16,
  "uncertainty_type": "random",
  "max_memory_samples": 5000,
  "classification_type": "ncm"
}
2023-01-24 13:53:40.458 | DEBUG    | algorithms.algorithm_base:_setup_training:109 - Model moved to cuda:0 and set to train mode
2023-01-24 13:53:40.459 | INFO     | algorithms.algorithm_base:train:118 - Starting training
2023-01-24 13:53:40.460 | INFO     | experiments.finalised_novel_impl:train:304 - Task 1 / 5
2023-01-24 13:53:40.460 | INFO     | experiments.finalised_novel_impl:train:305 - Classes in task: ['bottle', 'pickup_truck', 'tank', 'lion', 'mushroom', 'hamster', 'beaver', 'crocodile', 'bridge', 'dinosaur', 'lizard', 'road', 'sunflower', 'can', 'bear', 'tulip', 'mountain', 'lawn_mower', 'girl', 'rocket']
2023-01-24 13:53:40.879 | INFO     | experiments.finalised_novel_impl:train:320 - Populated buffer
2023-01-24 13:53:40.881 | INFO     | experiments.finalised_novel_impl:train:334 - Starting epoch 1 / 40
2023-01-24 13:54:02.738 | INFO     | experiments.finalised_novel_impl:train:386 - 1:1:40, loss: 8.039
2023-01-24 13:54:22.414 | INFO     | experiments.finalised_novel_impl:train:386 - 1:1:80, loss: 7.138
2023-01-24 13:54:42.113 | INFO     | experiments.finalised_novel_impl:train:386 - 1:1:120, loss: 6.546
2023-01-24 13:54:59.572 | INFO     | experiments.finalised_novel_impl:train:399 - 1:1, loss: 6.898
2023-01-24 13:54:59.573 | INFO     | experiments.finalised_novel_impl:train:334 - Starting epoch 2 / 40
2023-01-24 13:55:19.799 | INFO     | experiments.finalised_novel_impl:train:386 - 1:2:40, loss: 5.364
2023-01-24 13:55:39.490 | INFO     | experiments.finalised_novel_impl:train:386 - 1:2:80, loss: 3.946
2023-01-24 13:55:59.201 | INFO     | experiments.finalised_novel_impl:train:386 - 1:2:120, loss: 3.862
2023-01-24 13:56:16.583 | INFO     | experiments.finalised_novel_impl:train:399 - 1:2, loss: 4.109
2023-01-24 13:56:16.583 | INFO     | experiments.finalised_novel_impl:train:334 - Starting epoch 3 / 40
2023-01-24 13:56:36.790 | INFO     | experiments.finalised_novel_impl:train:386 - 1:3:40, loss: 3.721
2023-01-24 13:56:56.501 | INFO     | experiments.finalised_novel_impl:train:386 - 1:3:80, loss: 3.225
2023-01-24 13:57:16.203 | INFO     | experiments.finalised_novel_impl:train:386 - 1:3:120, loss: 3.198
2023-01-24 13:57:33.556 | INFO     | experiments.finalised_novel_impl:train:399 - 1:3, loss: 3.254
2023-01-24 13:57:33.557 | INFO     | experiments.finalised_novel_impl:train:334 - Starting epoch 4 / 40
2023-01-24 13:57:53.786 | INFO     | experiments.finalised_novel_impl:train:386 - 1:4:40, loss: 2.824
2023-01-24 13:58:13.499 | INFO     | experiments.finalised_novel_impl:train:386 - 1:4:80, loss: 2.330
2023-01-24 13:58:33.200 | INFO     | experiments.finalised_novel_impl:train:386 - 1:4:120, loss: 2.400
2023-01-24 13:58:50.563 | INFO     | experiments.finalised_novel_impl:train:399 - 1:4, loss: 2.427
2023-01-24 13:58:50.564 | INFO     | experiments.finalised_novel_impl:train:334 - Starting epoch 5 / 40
2023-01-24 13:59:10.766 | INFO     | experiments.finalised_novel_impl:train:386 - 1:5:40, loss: 2.634
2023-01-24 13:59:30.484 | INFO     | experiments.finalised_novel_impl:train:386 - 1:5:80, loss: 2.399
2023-01-24 13:59:50.189 | INFO     | experiments.finalised_novel_impl:train:386 - 1:5:120, loss: 2.319
2023-01-24 14:00:07.573 | INFO     | experiments.finalised_novel_impl:train:399 - 1:5, loss: 2.360
2023-01-24 14:00:07.574 | INFO     | experiments.finalised_novel_impl:train:334 - Starting epoch 6 / 40
2023-01-24 14:00:27.772 | INFO     | experiments.finalised_novel_impl:train:386 - 1:6:40, loss: 3.002
2023-01-24 14:00:47.487 | INFO     | experiments.finalised_novel_impl:train:386 - 1:6:80, loss: 2.647
2023-01-24 14:01:07.204 | INFO     | experiments.finalised_novel_impl:train:386 - 1:6:120, loss: 2.593
2023-01-24 14:01:24.580 | INFO     | experiments.finalised_novel_impl:train:399 - 1:6, loss: 2.657
2023-01-24 14:01:24.581 | INFO     | experiments.finalised_novel_impl:train:334 - Starting epoch 7 / 40
2023-01-24 14:01:44.775 | INFO     | experiments.finalised_novel_impl:train:386 - 1:7:40, loss: 4.089
2023-01-24 14:02:04.492 | INFO     | experiments.finalised_novel_impl:train:386 - 1:7:80, loss: 3.481
2023-01-24 14:02:24.185 | INFO     | experiments.finalised_novel_impl:train:386 - 1:7:120, loss: 3.358
2023-01-24 14:02:41.548 | INFO     | experiments.finalised_novel_impl:train:399 - 1:7, loss: 3.527
2023-01-24 14:02:41.549 | INFO     | experiments.finalised_novel_impl:train:334 - Starting epoch 8 / 40
2023-01-24 14:03:01.740 | INFO     | experiments.finalised_novel_impl:train:386 - 1:8:40, loss: 1.735
2023-01-24 14:03:21.436 | INFO     | experiments.finalised_novel_impl:train:386 - 1:8:80, loss: 1.682
2023-01-24 14:03:41.138 | INFO     | experiments.finalised_novel_impl:train:386 - 1:8:120, loss: 1.732
2023-01-24 14:03:58.530 | INFO     | experiments.finalised_novel_impl:train:399 - 1:8, loss: 1.696
2023-01-24 14:03:58.531 | INFO     | experiments.finalised_novel_impl:train:334 - Starting epoch 9 / 40
2023-01-24 14:04:19.353 | INFO     | experiments.finalised_novel_impl:train:386 - 1:9:40, loss: 2.057
2023-01-24 14:04:39.396 | INFO     | experiments.finalised_novel_impl:train:386 - 1:9:80, loss: 1.883
2023-01-24 14:04:59.300 | INFO     | experiments.finalised_novel_impl:train:386 - 1:9:120, loss: 1.912
2023-01-24 14:05:16.845 | INFO     | experiments.finalised_novel_impl:train:399 - 1:9, loss: 1.908
2023-01-24 14:05:16.846 | INFO     | experiments.finalised_novel_impl:train:334 - Starting epoch 10 / 40
2023-01-24 14:05:37.334 | INFO     | experiments.finalised_novel_impl:train:386 - 1:10:40, loss: 2.259
2023-01-24 14:05:57.326 | INFO     | experiments.finalised_novel_impl:train:386 - 1:10:80, loss: 2.038
2023-01-24 14:06:17.200 | INFO     | experiments.finalised_novel_impl:train:386 - 1:10:120, loss: 2.050
2023-01-24 14:06:34.822 | INFO     | experiments.finalised_novel_impl:train:399 - 1:10, loss: 2.052
2023-01-24 14:06:34.823 | INFO     | algorithms.algorithm_base:run_base_task_metrics:144 - Running metrics: Task 10
2023-01-24 14:06:34.849 | INFO     | experiments.finalised_novel_impl:generate_embeddings:422 - Generating fresh mean embedding vectors
2023-01-24 14:07:14.871 | DEBUG    | experiments.finalised_novel_impl:generate_embeddings:456 - Generated mean embedding vectors for: dict_keys([43, 3, 4, 68, 92, 9, 29, 36, 49, 16, 51, 82, 35, 12, 58, 44, 27, 85, 41, 69])
2023-01-24 14:08:33.236 | DEBUG    | algorithms.algorithm_base:run_base_task_metrics:200 - Raw classification accuracy results saved to ./output/novel/1674568417.8855283_CIFAR100_OFFICIAL_RUN/task_10_accuracy_results.json
2023-01-24 14:08:33.237 | INFO     | algorithms.algorithm_base:run_base_task_metrics:201 - Correctly classified 1025 / 10000 samples (10.25% correct)
2023-01-24 14:08:33.680 | INFO     | experiments.finalised_novel_impl:train:334 - Starting epoch 11 / 40
2023-01-24 14:08:54.487 | INFO     | experiments.finalised_novel_impl:train:386 - 1:11:40, loss: 2.469
2023-01-24 14:09:14.685 | INFO     | experiments.finalised_novel_impl:train:386 - 1:11:80, loss: 2.251
2023-01-24 14:09:36.543 | INFO     | experiments.finalised_novel_impl:train:386 - 1:11:120, loss: 2.196
2023-01-24 14:09:55.236 | INFO     | experiments.finalised_novel_impl:train:399 - 1:11, loss: 2.240
2023-01-24 14:09:55.237 | INFO     | experiments.finalised_novel_impl:train:334 - Starting epoch 12 / 40
2023-01-24 14:10:16.747 | INFO     | experiments.finalised_novel_impl:train:386 - 1:12:40, loss: 2.741
2023-01-24 14:10:37.994 | INFO     | experiments.finalised_novel_impl:train:386 - 1:12:80, loss: 2.510
2023-01-24 14:10:59.320 | INFO     | experiments.finalised_novel_impl:train:386 - 1:12:120, loss: 2.490
2023-01-24 14:11:18.268 | INFO     | experiments.finalised_novel_impl:train:399 - 1:12, loss: 2.521
2023-01-24 14:11:18.269 | INFO     | experiments.finalised_novel_impl:train:334 - Starting epoch 13 / 40
2023-01-24 14:11:39.053 | INFO     | experiments.finalised_novel_impl:train:386 - 1:13:40, loss: 3.087
2023-01-24 14:11:59.310 | INFO     | experiments.finalised_novel_impl:train:386 - 1:13:80, loss: 2.834
2023-01-24 14:12:19.634 | INFO     | experiments.finalised_novel_impl:train:386 - 1:13:120, loss: 2.780
2023-01-24 14:12:37.083 | INFO     | experiments.finalised_novel_impl:train:399 - 1:13, loss: 2.838
2023-01-24 14:12:37.084 | INFO     | experiments.finalised_novel_impl:train:334 - Starting epoch 14 / 40
2023-01-24 14:12:57.284 | INFO     | experiments.finalised_novel_impl:train:386 - 1:14:40, loss: 3.470
2023-01-24 14:13:16.994 | INFO     | experiments.finalised_novel_impl:train:386 - 1:14:80, loss: 3.156
2023-01-24 14:13:36.706 | INFO     | experiments.finalised_novel_impl:train:386 - 1:14:120, loss: 3.002
2023-01-24 14:13:54.124 | INFO     | experiments.finalised_novel_impl:train:399 - 1:14, loss: 3.130
2023-01-24 14:13:54.125 | INFO     | experiments.finalised_novel_impl:train:334 - Starting epoch 15 / 40
2023-01-24 14:14:14.398 | INFO     | experiments.finalised_novel_impl:train:386 - 1:15:40, loss: 3.771
2023-01-24 14:14:34.801 | INFO     | experiments.finalised_novel_impl:train:386 - 1:15:80, loss: 3.405
2023-01-24 14:14:54.574 | INFO     | experiments.finalised_novel_impl:train:386 - 1:15:120, loss: 3.148
2023-01-24 14:15:12.271 | INFO     | experiments.finalised_novel_impl:train:399 - 1:15, loss: 3.300
2023-01-24 14:15:12.272 | INFO     | experiments.finalised_novel_impl:train:334 - Starting epoch 16 / 40
2023-01-24 14:15:33.018 | INFO     | experiments.finalised_novel_impl:train:386 - 1:16:40, loss: 1.583
2023-01-24 14:15:52.860 | INFO     | experiments.finalised_novel_impl:train:386 - 1:16:80, loss: 1.633
2023-01-24 14:16:12.714 | INFO     | experiments.finalised_novel_impl:train:386 - 1:16:120, loss: 1.626
2023-01-24 14:16:30.209 | INFO     | experiments.finalised_novel_impl:train:399 - 1:16, loss: 1.599
2023-01-24 14:16:30.210 | INFO     | experiments.finalised_novel_impl:train:334 - Starting epoch 17 / 40
2023-01-24 14:16:50.573 | INFO     | experiments.finalised_novel_impl:train:386 - 1:17:40, loss: 1.937
2023-01-24 14:17:10.423 | INFO     | experiments.finalised_novel_impl:train:386 - 1:17:80, loss: 1.652
2023-01-24 14:17:30.277 | INFO     | experiments.finalised_novel_impl:train:386 - 1:17:120, loss: 1.590
2023-01-24 14:17:47.748 | INFO     | experiments.finalised_novel_impl:train:399 - 1:17, loss: 1.668
2023-01-24 14:17:47.749 | INFO     | experiments.finalised_novel_impl:train:334 - Starting epoch 18 / 40
2023-01-24 14:18:08.046 | INFO     | experiments.finalised_novel_impl:train:386 - 1:18:40, loss: 1.848
2023-01-24 14:18:27.831 | INFO     | experiments.finalised_novel_impl:train:386 - 1:18:80, loss: 1.595
2023-01-24 14:18:47.611 | INFO     | experiments.finalised_novel_impl:train:386 - 1:18:120, loss: 1.575
2023-01-24 14:19:05.063 | INFO     | experiments.finalised_novel_impl:train:399 - 1:18, loss: 1.626
2023-01-24 14:19:05.064 | INFO     | experiments.finalised_novel_impl:train:334 - Starting epoch 19 / 40
2023-01-24 14:19:25.352 | INFO     | experiments.finalised_novel_impl:train:386 - 1:19:40, loss: 1.899
2023-01-24 14:19:45.137 | INFO     | experiments.finalised_novel_impl:train:386 - 1:19:80, loss: 1.693
2023-01-24 14:20:04.915 | INFO     | experiments.finalised_novel_impl:train:386 - 1:19:120, loss: 1.695
2023-01-24 14:20:22.360 | INFO     | experiments.finalised_novel_impl:train:399 - 1:19, loss: 1.723
2023-01-24 14:20:22.361 | INFO     | experiments.finalised_novel_impl:train:334 - Starting epoch 20 / 40
2023-01-24 14:20:42.638 | INFO     | experiments.finalised_novel_impl:train:386 - 1:20:40, loss: 2.059
2023-01-24 14:21:02.422 | INFO     | experiments.finalised_novel_impl:train:386 - 1:20:80, loss: 1.899
2023-01-24 14:21:22.196 | INFO     | experiments.finalised_novel_impl:train:386 - 1:20:120, loss: 1.899
2023-01-24 14:21:39.645 | INFO     | experiments.finalised_novel_impl:train:399 - 1:20, loss: 1.913
2023-01-24 14:21:39.646 | INFO     | algorithms.algorithm_base:run_base_task_metrics:144 - Running metrics: Task 20
2023-01-24 14:21:39.672 | INFO     | experiments.finalised_novel_impl:generate_embeddings:422 - Generating fresh mean embedding vectors
2023-01-24 14:22:18.701 | DEBUG    | experiments.finalised_novel_impl:generate_embeddings:456 - Generated mean embedding vectors for: dict_keys([43, 3, 4, 68, 92, 9, 29, 36, 49, 16, 51, 82, 35, 12, 58, 44, 27, 85, 41, 69])
2023-01-24 14:23:36.290 | DEBUG    | algorithms.algorithm_base:run_base_task_metrics:200 - Raw classification accuracy results saved to ./output/novel/1674568417.8855283_CIFAR100_OFFICIAL_RUN/task_20_accuracy_results.json
2023-01-24 14:23:36.291 | INFO     | algorithms.algorithm_base:run_base_task_metrics:201 - Correctly classified 1243 / 10000 samples (12.43% correct)
2023-01-24 14:23:36.662 | INFO     | experiments.finalised_novel_impl:train:334 - Starting epoch 21 / 40
2023-01-24 14:23:56.929 | INFO     | experiments.finalised_novel_impl:train:386 - 1:21:40, loss: 2.269
2023-01-24 14:24:16.724 | INFO     | experiments.finalised_novel_impl:train:386 - 1:21:80, loss: 2.114
2023-01-24 14:24:36.507 | INFO     | experiments.finalised_novel_impl:train:386 - 1:21:120, loss: 2.108
2023-01-24 14:24:53.960 | INFO     | experiments.finalised_novel_impl:train:399 - 1:21, loss: 2.119
2023-01-24 14:24:53.961 | INFO     | experiments.finalised_novel_impl:train:334 - Starting epoch 22 / 40
2023-01-24 14:25:14.246 | INFO     | experiments.finalised_novel_impl:train:386 - 1:22:40, loss: 2.449
2023-01-24 14:25:34.041 | INFO     | experiments.finalised_novel_impl:train:386 - 1:22:80, loss: 2.295
2023-01-24 14:25:53.819 | INFO     | experiments.finalised_novel_impl:train:386 - 1:22:120, loss: 2.243
2023-01-24 14:26:11.267 | INFO     | experiments.finalised_novel_impl:train:399 - 1:22, loss: 2.277
2023-01-24 14:26:11.268 | INFO     | experiments.finalised_novel_impl:train:334 - Starting epoch 23 / 40
2023-01-24 14:26:31.570 | INFO     | experiments.finalised_novel_impl:train:386 - 1:23:40, loss: 2.593
2023-01-24 14:26:51.366 | INFO     | experiments.finalised_novel_impl:train:386 - 1:23:80, loss: 2.407
2023-01-24 14:27:11.174 | INFO     | experiments.finalised_novel_impl:train:386 - 1:23:120, loss: 2.352
2023-01-24 14:27:28.666 | INFO     | experiments.finalised_novel_impl:train:399 - 1:23, loss: 2.385
2023-01-24 14:27:28.667 | INFO     | experiments.finalised_novel_impl:train:334 - Starting epoch 24 / 40
2023-01-24 14:27:48.941 | INFO     | experiments.finalised_novel_impl:train:386 - 1:24:40, loss: 2.676
2023-01-24 14:28:08.724 | INFO     | experiments.finalised_novel_impl:train:386 - 1:24:80, loss: 2.463
2023-01-24 14:28:28.512 | INFO     | experiments.finalised_novel_impl:train:386 - 1:24:120, loss: 2.414
2023-01-24 14:28:45.957 | INFO     | experiments.finalised_novel_impl:train:399 - 1:24, loss: 2.453
2023-01-24 14:28:45.958 | INFO     | experiments.finalised_novel_impl:train:334 - Starting epoch 25 / 40
2023-01-24 14:29:06.241 | INFO     | experiments.finalised_novel_impl:train:386 - 1:25:40, loss: 2.805
2023-01-24 14:29:26.020 | INFO     | experiments.finalised_novel_impl:train:386 - 1:25:80, loss: 2.602
2023-01-24 14:29:45.819 | INFO     | experiments.finalised_novel_impl:train:386 - 1:25:120, loss: 2.553
2023-01-24 14:30:03.275 | INFO     | experiments.finalised_novel_impl:train:399 - 1:25, loss: 2.593
2023-01-24 14:30:03.276 | INFO     | experiments.finalised_novel_impl:train:334 - Starting epoch 26 / 40
2023-01-24 14:30:23.550 | INFO     | experiments.finalised_novel_impl:train:386 - 1:26:40, loss: 3.009
2023-01-24 14:30:43.351 | INFO     | experiments.finalised_novel_impl:train:386 - 1:26:80, loss: 2.785
2023-01-24 14:31:03.134 | INFO     | experiments.finalised_novel_impl:train:386 - 1:26:120, loss: 2.771
2023-01-24 14:31:20.587 | INFO     | experiments.finalised_novel_impl:train:399 - 1:26, loss: 2.799
2023-01-24 14:31:20.588 | INFO     | experiments.finalised_novel_impl:train:334 - Starting epoch 27 / 40
2023-01-24 14:31:40.858 | INFO     | experiments.finalised_novel_impl:train:386 - 1:27:40, loss: 3.199
2023-01-24 14:32:00.640 | INFO     | experiments.finalised_novel_impl:train:386 - 1:27:80, loss: 2.968
2023-01-24 14:32:20.438 | INFO     | experiments.finalised_novel_impl:train:386 - 1:27:120, loss: 2.928
2023-01-24 14:32:37.879 | INFO     | experiments.finalised_novel_impl:train:399 - 1:27, loss: 2.974
2023-01-24 14:32:37.880 | INFO     | experiments.finalised_novel_impl:train:334 - Starting epoch 28 / 40
2023-01-24 14:32:58.167 | INFO     | experiments.finalised_novel_impl:train:386 - 1:28:40, loss: 3.351
2023-01-24 14:33:17.947 | INFO     | experiments.finalised_novel_impl:train:386 - 1:28:80, loss: 3.095
2023-01-24 14:33:37.731 | INFO     | experiments.finalised_novel_impl:train:386 - 1:28:120, loss: 3.042
2023-01-24 14:33:55.186 | INFO     | experiments.finalised_novel_impl:train:399 - 1:28, loss: 3.102
2023-01-24 14:33:55.187 | INFO     | experiments.finalised_novel_impl:train:334 - Starting epoch 29 / 40
2023-01-24 14:34:15.475 | INFO     | experiments.finalised_novel_impl:train:386 - 1:29:40, loss: 3.437
2023-01-24 14:34:35.258 | INFO     | experiments.finalised_novel_impl:train:386 - 1:29:80, loss: 3.175
2023-01-24 14:34:55.027 | INFO     | experiments.finalised_novel_impl:train:386 - 1:29:120, loss: 3.072
2023-01-24 14:35:12.472 | INFO     | experiments.finalised_novel_impl:train:399 - 1:29, loss: 3.155
2023-01-24 14:35:12.473 | INFO     | experiments.finalised_novel_impl:train:334 - Starting epoch 30 / 40
2023-01-24 14:35:32.744 | INFO     | experiments.finalised_novel_impl:train:386 - 1:30:40, loss: 3.456
2023-01-24 14:35:52.526 | INFO     | experiments.finalised_novel_impl:train:386 - 1:30:80, loss: 3.186
2023-01-24 14:36:12.320 | INFO     | experiments.finalised_novel_impl:train:386 - 1:30:120, loss: 3.045
2023-01-24 14:36:29.766 | INFO     | experiments.finalised_novel_impl:train:399 - 1:30, loss: 3.143
2023-01-24 14:36:29.767 | INFO     | algorithms.algorithm_base:run_base_task_metrics:144 - Running metrics: Task 30
2023-01-24 14:36:29.792 | INFO     | experiments.finalised_novel_impl:generate_embeddings:422 - Generating fresh mean embedding vectors
2023-01-24 14:37:08.815 | DEBUG    | experiments.finalised_novel_impl:generate_embeddings:456 - Generated mean embedding vectors for: dict_keys([43, 3, 4, 68, 92, 9, 29, 36, 49, 16, 51, 82, 35, 12, 58, 44, 27, 85, 41, 69])
2023-01-24 14:38:26.469 | DEBUG    | algorithms.algorithm_base:run_base_task_metrics:200 - Raw classification accuracy results saved to ./output/novel/1674568417.8855283_CIFAR100_OFFICIAL_RUN/task_30_accuracy_results.json
2023-01-24 14:38:26.470 | INFO     | algorithms.algorithm_base:run_base_task_metrics:201 - Correctly classified 1302 / 10000 samples (13.02% correct)
2023-01-24 14:38:26.896 | INFO     | experiments.finalised_novel_impl:train:334 - Starting epoch 31 / 40
2023-01-24 14:38:47.164 | INFO     | experiments.finalised_novel_impl:train:386 - 1:31:40, loss: 3.458
2023-01-24 14:39:06.945 | INFO     | experiments.finalised_novel_impl:train:386 - 1:31:80, loss: 3.182
2023-01-24 14:39:26.754 | INFO     | experiments.finalised_novel_impl:train:386 - 1:31:120, loss: 3.009
2023-01-24 14:39:44.195 | INFO     | experiments.finalised_novel_impl:train:399 - 1:31, loss: 3.112
2023-01-24 14:39:44.195 | INFO     | experiments.finalised_novel_impl:train:334 - Starting epoch 32 / 40
2023-01-24 14:40:04.480 | INFO     | experiments.finalised_novel_impl:train:386 - 1:32:40, loss: 1.501
2023-01-24 14:40:24.278 | INFO     | experiments.finalised_novel_impl:train:386 - 1:32:80, loss: 1.617
2023-01-24 14:40:44.368 | INFO     | experiments.finalised_novel_impl:train:386 - 1:32:120, loss: 1.747
2023-01-24 14:41:01.789 | INFO     | experiments.finalised_novel_impl:train:399 - 1:32, loss: 1.642
2023-01-24 14:41:01.790 | INFO     | experiments.finalised_novel_impl:train:334 - Starting epoch 33 / 40
2023-01-24 14:41:16.107 | ERROR    | __main__:main:317 - An error has been caught in function 'main', process 'MainProcess' (15124), thread 'MainThread' (24748):
Traceback (most recent call last):

  File "F:\Documents\Development\GitHub\advanced-project\Code\result_generator.py", line 323, in <module>
    main()
    └ <function main at 0x00000204F0172560>

> File "F:\Documents\Development\GitHub\advanced-project\Code\result_generator.py", line 318, in main
    run_experiment(config, algorithm_setup, device, model, directory, writer)
    │              │       │                │       │      │          └ <torch.utils.tensorboard.writer.SummaryWriter object at 0x00000204F0153CA0>
    │              │       │                │       │      └ './output/novel/1674568417.8855283_CIFAR100_OFFICIAL_RUN'
    │              │       │                │       └ ResNet(
    │              │       │                │           (initial): ConvBlock(
    │              │       │                │             (block): Sequential(
    │              │       │                │               (0): Conv2d(3, 16, kernel_size=(3, 3), stride=(1, 1), padding=...
    │              │       │                └ device(type='cuda', index=0)
    │              │       └ AlgorithmSetup(algorithm=<class 'experiments.finalised_novel_impl.NovelImplementation'>, options={}, reduced_model=False, img...
    │              └ Configuration(algorithm='novel', dataset='cifar100', classes_per_task=20, seed=2001)
    └ <function run_experiment at 0x00000204F01724D0>

  File "F:\Documents\Development\GitHub\advanced-project\Code\result_generator.py", line 263, in run_experiment
    algorithm.train()
    │         └ <function NovelImplementation.train at 0x00000204F012F520>
    └ <experiments.finalised_novel_impl.NovelImplementation object at 0x00000204F01498D0>

  File "F:\Documents\Development\GitHub\advanced-project\Code\experiments\finalised_novel_impl.py", line 382, in train
    running_loss += loss.item()
    │               │    └ <method 'item' of 'torch._C._TensorBase' objects>
    │               └ tensor(0.6576, device='cuda:0', grad_fn=<NllLossBackward0>)
    └ 58.97142255306244

KeyboardInterrupt
2023-01-24 14:41:16.125 | INFO     | __main__:close_tensorboard_writer:228 - Shut down TensorBoard
