2023-02-11 12:27:37.000 | INFO     | __main__:setup_files:208 - Experiment Name: OFFICIAL_RUN
2023-02-11 12:27:37.001 | INFO     | __main__:main:322 - Command line arguments: Configuration(algorithm='derpp', dataset='cifar100', classes_per_task=20, seed=9767, samples=1000)
2023-02-11 12:27:37.003 | INFO     | __main__:main:326 - Seeded random to 9767
2023-02-11 12:27:37.004 | INFO     | __main__:main:330 - Got CUDA device
2023-02-11 12:27:37.005 | INFO     | __main__:force_cuda_load:258 - Forcing CUDA initialisation...
2023-02-11 12:27:37.063 | INFO     | __main__:main:334 - CUDA initialised
2023-02-11 12:27:37.064 | INFO     | __main__:setup_shutdown_hook:254 - To access TensorBoard, run the command: tensorboard --logdir=./output_cifar100_varied_sampling/der_pp/1676118456.99669_CIFAR100_OFFICIAL_RUN
2023-02-11 12:27:37.066 | INFO     | __main__:main:338 - Setup shutdown hooks
2023-02-11 12:27:37.093 | INFO     | __main__:main:343 - Model is setup
2023-02-11 12:27:37.094 | INFO     | __main__:main:345 - Complete pre-setup, starting experiment
2023-02-11 12:27:38.374 | INFO     | datasets.dataset_base:__init__:80 - Using disjoint tasks with 20 (5 tasks) with a randomised split
2023-02-11 12:27:38.375 | DEBUG    | datasets.dataset_base:_setup_task_datasets:95 - Splitting dataset into 5 disjoint tasks
2023-02-11 12:27:38.395 | INFO     | datasets.dataset_base:__init__:85 - {
  "name": "datasets.cifar100.CIFAR100",
  "dataset_class": "torchvision.datasets.cifar.CIFAR100",
  "training_dataset_parameters": "{'train': True, 'download': True}",
  "testing_dataset_parameters": "{'train': False, 'download': True}",
  "training_transform": "Compose(\n    Resize(size=(32, 32), interpolation=bilinear, max_size=None, antialias=None)\n    ToTensor()\n    Normalize(mean=(0.5071, 0.4867, 0.4408), std=(0.2675, 0.2565, 0.2761))\n    RandomCrop(size=(32, 32), padding=4)\n    RandomHorizontalFlip(p=0.5)\n)",
  "testing_transform": "Compose(\n    Resize(size=(32, 32), interpolation=bilinear, max_size=None, antialias=None)\n    ToTensor()\n    Normalize(mean=(0.5071, 0.4867, 0.4408), std=(0.2675, 0.2565, 0.2761))\n)",
  "classes": "apple, aquarium_fish, baby, bear, beaver, bed, bee, beetle, bicycle, bottle, bowl, boy, bridge, bus, butterfly, camel, can, castle, caterpillar, cattle, chair, chimpanzee, clock, cloud, cockroach, couch, crab, crocodile, cup, dinosaur, dolphin, elephant, flatfish, forest, fox, girl, hamster, house, kangaroo, keyboard, lamp, lawn_mower, leopard, lion, lizard, lobster, man, maple_tree, motorcycle, mountain, mouse, mushroom, oak_tree, orange, orchid, otter, palm_tree, pear, pickup_truck, pine_tree, plain, plate, poppy, porcupine, possum, rabbit, raccoon, ray, road, rocket, rose, sea, seal, shark, shrew, skunk, skyscraper, snail, snake, spider, squirrel, streetcar, sunflower, sweet_pepper, table, tank, telephone, television, tiger, tractor, train, trout, tulip, turtle, wardrobe, whale, willow_tree, wolf, woman, worm",
  "disjoint": true,
  "task_count": 5,
  "classes_per_task": [
    20
  ],
  "task_split_indices": [
    [
      19,
      40,
      58,
      57,
      95,
      53,
      77,
      30,
      89,
      71,
      12,
      67,
      41,
      4,
      2,
      3,
      17,
      28,
      51,
      55
    ],
    [
      65,
      76,
      84,
      98,
      45,
      25,
      7,
      47,
      70,
      99,
      21,
      72,
      85,
      60,
      6,
      74,
      96,
      50,
      49,
      80
    ],
    [
      38,
      93,
      29,
      36,
      8,
      48,
      5,
      73,
      37,
      20,
      94,
      15,
      23,
      75,
      16,
      90,
      54,
      10,
      39,
      78
    ],
    [
      61,
      9,
      11,
      44,
      87,
      0,
      97,
      18,
      14,
      59,
      69,
      62,
      92,
      26,
      64,
      63,
      81,
      22,
      82,
      43
    ],
    [
      1,
      27,
      13,
      86,
      34,
      88,
      42,
      35,
      52,
      32,
      79,
      33,
      56,
      46,
      24,
      31,
      91,
      66,
      68,
      83
    ]
  ],
  "task_split_classes": [
    [
      "cattle",
      "lamp",
      "pickup_truck",
      "pear",
      "whale",
      "orange",
      "snail",
      "dolphin",
      "tractor",
      "sea",
      "bridge",
      "ray",
      "lawn_mower",
      "beaver",
      "baby",
      "bear",
      "castle",
      "cup",
      "mushroom",
      "otter"
    ],
    [
      "rabbit",
      "skyscraper",
      "table",
      "woman",
      "lobster",
      "couch",
      "beetle",
      "maple_tree",
      "rose",
      "worm",
      "chimpanzee",
      "seal",
      "tank",
      "plain",
      "bee",
      "shrew",
      "willow_tree",
      "mouse",
      "mountain",
      "squirrel"
    ],
    [
      "kangaroo",
      "turtle",
      "dinosaur",
      "hamster",
      "bicycle",
      "motorcycle",
      "bed",
      "shark",
      "house",
      "chair",
      "wardrobe",
      "camel",
      "cloud",
      "skunk",
      "can",
      "train",
      "orchid",
      "bowl",
      "keyboard",
      "snake"
    ],
    [
      "plate",
      "bottle",
      "boy",
      "lizard",
      "television",
      "apple",
      "wolf",
      "caterpillar",
      "butterfly",
      "pine_tree",
      "rocket",
      "poppy",
      "tulip",
      "crab",
      "possum",
      "porcupine",
      "streetcar",
      "clock",
      "sunflower",
      "lion"
    ],
    [
      "aquarium_fish",
      "crocodile",
      "bus",
      "telephone",
      "fox",
      "tiger",
      "leopard",
      "girl",
      "oak_tree",
      "flatfish",
      "spider",
      "forest",
      "palm_tree",
      "man",
      "cockroach",
      "elephant",
      "trout",
      "raccoon",
      "road",
      "sweet_pepper"
    ]
  ]
}
2023-02-11 12:27:38.401 | DEBUG    | __main__:run_experiment:282 - PID: 25492
2023-02-11 12:27:38.403 | INFO     | __main__:run_experiment:284 - Starting...
2023-02-11 12:27:38.403 | INFO     | algorithms.algorithm_base:train:116 - {
  "name": "algorithms.der_pp.DarkExperiencePlusPlus",
  "model_class": "models.cifar.resnet.ResNet",
  "device": "cuda:0",
  "dataset_class": "datasets.cifar100.CIFAR100",
  "optimiser_class": "torch.optim.sgd.SGD",
  "loss_criterion_class": "torch.nn.modules.loss.CrossEntropyLoss",
  "epochs_per_task": 1,
  "batch_size": 16,
  "max_memory_samples": 1000,
  "alpha": 0.5,
  "beta": 0.5
}
2023-02-11 12:27:38.406 | DEBUG    | algorithms.algorithm_base:_setup_training:109 - Model moved to cuda:0 and set to train mode
2023-02-11 12:27:38.407 | INFO     | algorithms.algorithm_base:train:118 - Starting training
2023-02-11 12:27:38.408 | INFO     | algorithms.der_pp:train:86 - Task 1 / 5
2023-02-11 12:27:38.409 | INFO     | algorithms.der_pp:train:87 - Classes in task: ['cattle', 'lamp', 'pickup_truck', 'pear', 'whale', 'orange', 'snail', 'dolphin', 'tractor', 'sea', 'bridge', 'ray', 'lawn_mower', 'beaver', 'baby', 'bear', 'castle', 'cup', 'mushroom', 'otter']
2023-02-11 12:27:38.410 | INFO     | algorithms.der_pp:train:95 - Starting epoch 1 / 1
2023-02-11 12:27:42.409 | INFO     | algorithms.der_pp:train:159 - 0:1:40, loss: 7.356
2023-02-11 12:27:44.454 | INFO     | algorithms.der_pp:train:159 - 0:1:80, loss: 6.784
2023-02-11 12:27:46.527 | INFO     | algorithms.der_pp:train:159 - 0:1:120, loss: 6.334
2023-02-11 12:27:48.618 | INFO     | algorithms.der_pp:train:159 - 0:1:160, loss: 6.109
2023-02-11 12:27:50.713 | INFO     | algorithms.der_pp:train:159 - 0:1:200, loss: 5.896
2023-02-11 12:27:52.814 | INFO     | algorithms.der_pp:train:159 - 0:1:240, loss: 5.810
2023-02-11 12:27:54.916 | INFO     | algorithms.der_pp:train:159 - 0:1:280, loss: 5.658
2023-02-11 12:27:57.022 | INFO     | algorithms.der_pp:train:159 - 0:1:320, loss: 5.595
2023-02-11 12:27:59.123 | INFO     | algorithms.der_pp:train:159 - 0:1:360, loss: 5.556
2023-02-11 12:28:01.249 | INFO     | algorithms.der_pp:train:159 - 0:1:400, loss: 5.423
2023-02-11 12:28:03.354 | INFO     | algorithms.der_pp:train:159 - 0:1:440, loss: 5.144
2023-02-11 12:28:05.454 | INFO     | algorithms.der_pp:train:159 - 0:1:480, loss: 5.160
2023-02-11 12:28:07.559 | INFO     | algorithms.der_pp:train:159 - 0:1:520, loss: 5.085
2023-02-11 12:28:09.665 | INFO     | algorithms.der_pp:train:159 - 0:1:560, loss: 5.058
2023-02-11 12:28:11.765 | INFO     | algorithms.der_pp:train:159 - 0:1:600, loss: 4.969
2023-02-11 12:28:13.024 | DEBUG    | algorithms.der_pp:train:162 - Current sample stats:
2023-02-11 12:28:13.025 | DEBUG    | algorithms.der_pp:train:165 - 67 has 50 samples
2023-02-11 12:28:13.026 | DEBUG    | algorithms.der_pp:train:165 - 28 has 50 samples
2023-02-11 12:28:13.026 | DEBUG    | algorithms.der_pp:train:165 - 55 has 50 samples
2023-02-11 12:28:13.027 | DEBUG    | algorithms.der_pp:train:165 - 57 has 50 samples
2023-02-11 12:28:13.028 | DEBUG    | algorithms.der_pp:train:165 - 17 has 50 samples
2023-02-11 12:28:13.028 | DEBUG    | algorithms.der_pp:train:165 - 58 has 50 samples
2023-02-11 12:28:13.029 | DEBUG    | algorithms.der_pp:train:165 - 41 has 50 samples
2023-02-11 12:28:13.030 | DEBUG    | algorithms.der_pp:train:165 - 40 has 50 samples
2023-02-11 12:28:13.030 | DEBUG    | algorithms.der_pp:train:165 - 4 has 50 samples
2023-02-11 12:28:13.031 | DEBUG    | algorithms.der_pp:train:165 - 71 has 50 samples
2023-02-11 12:28:13.032 | DEBUG    | algorithms.der_pp:train:165 - 19 has 50 samples
2023-02-11 12:28:13.032 | DEBUG    | algorithms.der_pp:train:165 - 53 has 50 samples
2023-02-11 12:28:13.033 | DEBUG    | algorithms.der_pp:train:165 - 95 has 50 samples
2023-02-11 12:28:13.034 | DEBUG    | algorithms.der_pp:train:165 - 2 has 50 samples
2023-02-11 12:28:13.034 | DEBUG    | algorithms.der_pp:train:165 - 30 has 50 samples
2023-02-11 12:28:13.035 | DEBUG    | algorithms.der_pp:train:165 - 51 has 50 samples
2023-02-11 12:28:13.036 | DEBUG    | algorithms.der_pp:train:165 - 12 has 50 samples
2023-02-11 12:28:13.036 | DEBUG    | algorithms.der_pp:train:165 - 77 has 50 samples
2023-02-11 12:28:13.037 | DEBUG    | algorithms.der_pp:train:165 - 89 has 50 samples
2023-02-11 12:28:13.038 | DEBUG    | algorithms.der_pp:train:165 - 3 has 50 samples
2023-02-11 12:28:13.038 | INFO     | algorithms.der_pp:train:170 - 1, loss: 5.699
2023-02-11 12:28:13.039 | INFO     | algorithms.algorithm_base:run_base_task_metrics:144 - Running metrics: Task 0
2023-02-11 12:28:17.315 | DEBUG    | algorithms.algorithm_base:run_base_task_metrics:200 - Raw classification accuracy results saved to ./output_cifar100_varied_sampling/der_pp/1676118456.99669_CIFAR100_OFFICIAL_RUN/task_0_accuracy_results.json
2023-02-11 12:28:17.317 | INFO     | algorithms.algorithm_base:run_base_task_metrics:201 - Correctly classified 622 / 10000 samples (6.22% correct)
2023-02-11 12:28:17.790 | INFO     | algorithms.der_pp:train:86 - Task 2 / 5
2023-02-11 12:28:17.795 | INFO     | algorithms.der_pp:train:87 - Classes in task: ['rabbit', 'skyscraper', 'table', 'woman', 'lobster', 'couch', 'beetle', 'maple_tree', 'rose', 'worm', 'chimpanzee', 'seal', 'tank', 'plain', 'bee', 'shrew', 'willow_tree', 'mouse', 'mountain', 'squirrel']
2023-02-11 12:28:17.795 | INFO     | algorithms.der_pp:train:95 - Starting epoch 1 / 1
2023-02-11 12:28:19.963 | INFO     | algorithms.der_pp:train:159 - 1:1:40, loss: 7.343
2023-02-11 12:28:22.062 | INFO     | algorithms.der_pp:train:159 - 1:1:80, loss: 7.008
2023-02-11 12:28:24.168 | INFO     | algorithms.der_pp:train:159 - 1:1:120, loss: 6.608
2023-02-11 12:28:26.268 | INFO     | algorithms.der_pp:train:159 - 1:1:160, loss: 6.437
2023-02-11 12:28:28.380 | INFO     | algorithms.der_pp:train:159 - 1:1:200, loss: 6.164
2023-02-11 12:28:30.487 | INFO     | algorithms.der_pp:train:159 - 1:1:240, loss: 6.159
2023-02-11 12:28:32.596 | INFO     | algorithms.der_pp:train:159 - 1:1:280, loss: 6.074
2023-02-11 12:28:34.704 | INFO     | algorithms.der_pp:train:159 - 1:1:320, loss: 5.844
2023-02-11 12:28:36.815 | INFO     | algorithms.der_pp:train:159 - 1:1:360, loss: 5.769
2023-02-11 12:28:38.937 | INFO     | algorithms.der_pp:train:159 - 1:1:400, loss: 5.761
2023-02-11 12:28:41.051 | INFO     | algorithms.der_pp:train:159 - 1:1:440, loss: 5.756
2023-02-11 12:28:43.162 | INFO     | algorithms.der_pp:train:159 - 1:1:480, loss: 5.640
2023-02-11 12:28:45.269 | INFO     | algorithms.der_pp:train:159 - 1:1:520, loss: 5.685
2023-02-11 12:28:47.383 | INFO     | algorithms.der_pp:train:159 - 1:1:560, loss: 5.496
2023-02-11 12:28:49.495 | INFO     | algorithms.der_pp:train:159 - 1:1:600, loss: 5.527
2023-02-11 12:28:50.764 | DEBUG    | algorithms.der_pp:train:162 - Current sample stats:
2023-02-11 12:28:50.765 | DEBUG    | algorithms.der_pp:train:165 - 67 has 25 samples
2023-02-11 12:28:50.766 | DEBUG    | algorithms.der_pp:train:165 - 28 has 25 samples
2023-02-11 12:28:50.766 | DEBUG    | algorithms.der_pp:train:165 - 55 has 25 samples
2023-02-11 12:28:50.767 | DEBUG    | algorithms.der_pp:train:165 - 57 has 25 samples
2023-02-11 12:28:50.768 | DEBUG    | algorithms.der_pp:train:165 - 17 has 25 samples
2023-02-11 12:28:50.768 | DEBUG    | algorithms.der_pp:train:165 - 58 has 25 samples
2023-02-11 12:28:50.769 | DEBUG    | algorithms.der_pp:train:165 - 41 has 25 samples
2023-02-11 12:28:50.770 | DEBUG    | algorithms.der_pp:train:165 - 40 has 25 samples
2023-02-11 12:28:50.770 | DEBUG    | algorithms.der_pp:train:165 - 4 has 25 samples
2023-02-11 12:28:50.771 | DEBUG    | algorithms.der_pp:train:165 - 71 has 25 samples
2023-02-11 12:28:50.772 | DEBUG    | algorithms.der_pp:train:165 - 19 has 25 samples
2023-02-11 12:28:50.772 | DEBUG    | algorithms.der_pp:train:165 - 53 has 25 samples
2023-02-11 12:28:50.773 | DEBUG    | algorithms.der_pp:train:165 - 95 has 25 samples
2023-02-11 12:28:50.774 | DEBUG    | algorithms.der_pp:train:165 - 2 has 25 samples
2023-02-11 12:28:50.774 | DEBUG    | algorithms.der_pp:train:165 - 30 has 25 samples
2023-02-11 12:28:50.775 | DEBUG    | algorithms.der_pp:train:165 - 51 has 25 samples
2023-02-11 12:28:50.776 | DEBUG    | algorithms.der_pp:train:165 - 12 has 25 samples
2023-02-11 12:28:50.776 | DEBUG    | algorithms.der_pp:train:165 - 77 has 25 samples
2023-02-11 12:28:50.777 | DEBUG    | algorithms.der_pp:train:165 - 89 has 25 samples
2023-02-11 12:28:50.778 | DEBUG    | algorithms.der_pp:train:165 - 3 has 25 samples
2023-02-11 12:28:50.778 | DEBUG    | algorithms.der_pp:train:165 - 21 has 25 samples
2023-02-11 12:28:50.779 | DEBUG    | algorithms.der_pp:train:165 - 50 has 25 samples
2023-02-11 12:28:50.780 | DEBUG    | algorithms.der_pp:train:165 - 72 has 25 samples
2023-02-11 12:28:50.780 | DEBUG    | algorithms.der_pp:train:165 - 47 has 25 samples
2023-02-11 12:28:50.781 | DEBUG    | algorithms.der_pp:train:165 - 74 has 25 samples
2023-02-11 12:28:50.782 | DEBUG    | algorithms.der_pp:train:165 - 45 has 25 samples
2023-02-11 12:28:50.783 | DEBUG    | algorithms.der_pp:train:165 - 49 has 25 samples
2023-02-11 12:28:50.783 | DEBUG    | algorithms.der_pp:train:165 - 70 has 25 samples
2023-02-11 12:28:50.784 | DEBUG    | algorithms.der_pp:train:165 - 7 has 25 samples
2023-02-11 12:28:50.785 | DEBUG    | algorithms.der_pp:train:165 - 80 has 25 samples
2023-02-11 12:28:50.785 | DEBUG    | algorithms.der_pp:train:165 - 76 has 25 samples
2023-02-11 12:28:50.786 | DEBUG    | algorithms.der_pp:train:165 - 65 has 25 samples
2023-02-11 12:28:50.787 | DEBUG    | algorithms.der_pp:train:165 - 85 has 25 samples
2023-02-11 12:28:50.787 | DEBUG    | algorithms.der_pp:train:165 - 96 has 25 samples
2023-02-11 12:28:50.788 | DEBUG    | algorithms.der_pp:train:165 - 6 has 25 samples
2023-02-11 12:28:50.789 | DEBUG    | algorithms.der_pp:train:165 - 25 has 25 samples
2023-02-11 12:28:50.789 | DEBUG    | algorithms.der_pp:train:165 - 84 has 25 samples
2023-02-11 12:28:50.790 | DEBUG    | algorithms.der_pp:train:165 - 99 has 25 samples
2023-02-11 12:28:50.791 | DEBUG    | algorithms.der_pp:train:165 - 98 has 25 samples
2023-02-11 12:28:50.791 | DEBUG    | algorithms.der_pp:train:165 - 60 has 25 samples
2023-02-11 12:28:50.792 | INFO     | algorithms.der_pp:train:170 - 1, loss: 6.061
2023-02-11 12:28:50.793 | INFO     | algorithms.algorithm_base:run_base_task_metrics:144 - Running metrics: Task 1
2023-02-11 12:28:54.992 | DEBUG    | algorithms.algorithm_base:run_base_task_metrics:200 - Raw classification accuracy results saved to ./output_cifar100_varied_sampling/der_pp/1676118456.99669_CIFAR100_OFFICIAL_RUN/task_1_accuracy_results.json
2023-02-11 12:28:54.994 | INFO     | algorithms.algorithm_base:run_base_task_metrics:201 - Correctly classified 874 / 10000 samples (8.74% correct)
2023-02-11 12:28:55.374 | INFO     | algorithms.der_pp:train:86 - Task 3 / 5
2023-02-11 12:28:55.380 | INFO     | algorithms.der_pp:train:87 - Classes in task: ['kangaroo', 'turtle', 'dinosaur', 'hamster', 'bicycle', 'motorcycle', 'bed', 'shark', 'house', 'chair', 'wardrobe', 'camel', 'cloud', 'skunk', 'can', 'train', 'orchid', 'bowl', 'keyboard', 'snake']
2023-02-11 12:28:55.380 | INFO     | algorithms.der_pp:train:95 - Starting epoch 1 / 1
2023-02-11 12:28:57.546 | INFO     | algorithms.der_pp:train:159 - 2:1:40, loss: 7.539
2023-02-11 12:28:59.654 | INFO     | algorithms.der_pp:train:159 - 2:1:80, loss: 7.148
2023-02-11 12:29:01.762 | INFO     | algorithms.der_pp:train:159 - 2:1:120, loss: 6.802
2023-02-11 12:29:03.877 | INFO     | algorithms.der_pp:train:159 - 2:1:160, loss: 6.573
2023-02-11 12:29:05.994 | INFO     | algorithms.der_pp:train:159 - 2:1:200, loss: 6.366
2023-02-11 12:29:08.103 | INFO     | algorithms.der_pp:train:159 - 2:1:240, loss: 6.257
2023-02-11 12:29:10.218 | INFO     | algorithms.der_pp:train:159 - 2:1:280, loss: 6.188
2023-02-11 12:29:12.332 | INFO     | algorithms.der_pp:train:159 - 2:1:320, loss: 6.287
2023-02-11 12:29:14.447 | INFO     | algorithms.der_pp:train:159 - 2:1:360, loss: 6.158
2023-02-11 12:29:16.562 | INFO     | algorithms.der_pp:train:159 - 2:1:400, loss: 6.002
2023-02-11 12:29:18.674 | INFO     | algorithms.der_pp:train:159 - 2:1:440, loss: 5.966
2023-02-11 12:29:20.785 | INFO     | algorithms.der_pp:train:159 - 2:1:480, loss: 5.955
2023-02-11 12:29:22.896 | INFO     | algorithms.der_pp:train:159 - 2:1:520, loss: 5.860
2023-02-11 12:29:25.014 | INFO     | algorithms.der_pp:train:159 - 2:1:560, loss: 5.863
2023-02-11 12:29:27.129 | INFO     | algorithms.der_pp:train:159 - 2:1:600, loss: 5.822
2023-02-11 12:29:28.397 | DEBUG    | algorithms.der_pp:train:162 - Current sample stats:
2023-02-11 12:29:28.398 | DEBUG    | algorithms.der_pp:train:165 - 67 has 16 samples
2023-02-11 12:29:28.399 | DEBUG    | algorithms.der_pp:train:165 - 28 has 16 samples
2023-02-11 12:29:28.400 | DEBUG    | algorithms.der_pp:train:165 - 55 has 16 samples
2023-02-11 12:29:28.400 | DEBUG    | algorithms.der_pp:train:165 - 57 has 16 samples
2023-02-11 12:29:28.401 | DEBUG    | algorithms.der_pp:train:165 - 17 has 16 samples
2023-02-11 12:29:28.402 | DEBUG    | algorithms.der_pp:train:165 - 58 has 16 samples
2023-02-11 12:29:28.403 | DEBUG    | algorithms.der_pp:train:165 - 41 has 16 samples
2023-02-11 12:29:28.403 | DEBUG    | algorithms.der_pp:train:165 - 40 has 16 samples
2023-02-11 12:29:28.404 | DEBUG    | algorithms.der_pp:train:165 - 4 has 16 samples
2023-02-11 12:29:28.405 | DEBUG    | algorithms.der_pp:train:165 - 71 has 16 samples
2023-02-11 12:29:28.405 | DEBUG    | algorithms.der_pp:train:165 - 19 has 16 samples
2023-02-11 12:29:28.406 | DEBUG    | algorithms.der_pp:train:165 - 53 has 16 samples
2023-02-11 12:29:28.407 | DEBUG    | algorithms.der_pp:train:165 - 95 has 16 samples
2023-02-11 12:29:28.408 | DEBUG    | algorithms.der_pp:train:165 - 2 has 16 samples
2023-02-11 12:29:28.408 | DEBUG    | algorithms.der_pp:train:165 - 30 has 16 samples
2023-02-11 12:29:28.409 | DEBUG    | algorithms.der_pp:train:165 - 51 has 16 samples
2023-02-11 12:29:28.410 | DEBUG    | algorithms.der_pp:train:165 - 12 has 16 samples
2023-02-11 12:29:28.411 | DEBUG    | algorithms.der_pp:train:165 - 77 has 16 samples
2023-02-11 12:29:28.411 | DEBUG    | algorithms.der_pp:train:165 - 89 has 16 samples
2023-02-11 12:29:28.412 | DEBUG    | algorithms.der_pp:train:165 - 3 has 16 samples
2023-02-11 12:29:28.413 | DEBUG    | algorithms.der_pp:train:165 - 21 has 17 samples
2023-02-11 12:29:28.413 | DEBUG    | algorithms.der_pp:train:165 - 50 has 17 samples
2023-02-11 12:29:28.414 | DEBUG    | algorithms.der_pp:train:165 - 72 has 17 samples
2023-02-11 12:29:28.415 | DEBUG    | algorithms.der_pp:train:165 - 47 has 17 samples
2023-02-11 12:29:28.416 | DEBUG    | algorithms.der_pp:train:165 - 74 has 17 samples
2023-02-11 12:29:28.416 | DEBUG    | algorithms.der_pp:train:165 - 45 has 17 samples
2023-02-11 12:29:28.417 | DEBUG    | algorithms.der_pp:train:165 - 49 has 17 samples
2023-02-11 12:29:28.418 | DEBUG    | algorithms.der_pp:train:165 - 70 has 17 samples
2023-02-11 12:29:28.418 | DEBUG    | algorithms.der_pp:train:165 - 7 has 17 samples
2023-02-11 12:29:28.419 | DEBUG    | algorithms.der_pp:train:165 - 80 has 17 samples
2023-02-11 12:29:28.420 | DEBUG    | algorithms.der_pp:train:165 - 76 has 17 samples
2023-02-11 12:29:28.421 | DEBUG    | algorithms.der_pp:train:165 - 65 has 17 samples
2023-02-11 12:29:28.421 | DEBUG    | algorithms.der_pp:train:165 - 85 has 17 samples
2023-02-11 12:29:28.422 | DEBUG    | algorithms.der_pp:train:165 - 96 has 17 samples
2023-02-11 12:29:28.423 | DEBUG    | algorithms.der_pp:train:165 - 6 has 17 samples
2023-02-11 12:29:28.424 | DEBUG    | algorithms.der_pp:train:165 - 25 has 17 samples
2023-02-11 12:29:28.424 | DEBUG    | algorithms.der_pp:train:165 - 84 has 17 samples
2023-02-11 12:29:28.425 | DEBUG    | algorithms.der_pp:train:165 - 99 has 17 samples
2023-02-11 12:29:28.426 | DEBUG    | algorithms.der_pp:train:165 - 98 has 17 samples
2023-02-11 12:29:28.426 | DEBUG    | algorithms.der_pp:train:165 - 60 has 17 samples
2023-02-11 12:29:28.427 | DEBUG    | algorithms.der_pp:train:165 - 5 has 17 samples
2023-02-11 12:29:28.428 | DEBUG    | algorithms.der_pp:train:165 - 75 has 17 samples
2023-02-11 12:29:28.429 | DEBUG    | algorithms.der_pp:train:165 - 73 has 17 samples
2023-02-11 12:29:28.429 | DEBUG    | algorithms.der_pp:train:165 - 90 has 17 samples
2023-02-11 12:29:28.430 | DEBUG    | algorithms.der_pp:train:165 - 29 has 17 samples
2023-02-11 12:29:28.431 | DEBUG    | algorithms.der_pp:train:165 - 39 has 17 samples
2023-02-11 12:29:28.431 | DEBUG    | algorithms.der_pp:train:165 - 37 has 17 samples
2023-02-11 12:29:28.432 | DEBUG    | algorithms.der_pp:train:165 - 38 has 17 samples
2023-02-11 12:29:28.433 | DEBUG    | algorithms.der_pp:train:165 - 16 has 17 samples
2023-02-11 12:29:28.434 | DEBUG    | algorithms.der_pp:train:165 - 15 has 17 samples
2023-02-11 12:29:28.434 | DEBUG    | algorithms.der_pp:train:165 - 94 has 17 samples
2023-02-11 12:29:28.435 | DEBUG    | algorithms.der_pp:train:165 - 93 has 17 samples
2023-02-11 12:29:28.436 | DEBUG    | algorithms.der_pp:train:165 - 23 has 17 samples
2023-02-11 12:29:28.436 | DEBUG    | algorithms.der_pp:train:165 - 36 has 17 samples
2023-02-11 12:29:28.437 | DEBUG    | algorithms.der_pp:train:165 - 8 has 17 samples
2023-02-11 12:29:28.438 | DEBUG    | algorithms.der_pp:train:165 - 54 has 17 samples
2023-02-11 12:29:28.439 | DEBUG    | algorithms.der_pp:train:165 - 78 has 17 samples
2023-02-11 12:29:28.439 | DEBUG    | algorithms.der_pp:train:165 - 48 has 17 samples
2023-02-11 12:29:28.440 | DEBUG    | algorithms.der_pp:train:165 - 10 has 17 samples
2023-02-11 12:29:28.441 | DEBUG    | algorithms.der_pp:train:165 - 20 has 17 samples
2023-02-11 12:29:28.441 | INFO     | algorithms.der_pp:train:170 - 1, loss: 6.300
2023-02-11 12:29:28.442 | INFO     | algorithms.algorithm_base:run_base_task_metrics:144 - Running metrics: Task 2
2023-02-11 12:29:32.565 | DEBUG    | algorithms.algorithm_base:run_base_task_metrics:200 - Raw classification accuracy results saved to ./output_cifar100_varied_sampling/der_pp/1676118456.99669_CIFAR100_OFFICIAL_RUN/task_2_accuracy_results.json
2023-02-11 12:29:32.567 | INFO     | algorithms.algorithm_base:run_base_task_metrics:201 - Correctly classified 927 / 10000 samples (9.27% correct)
2023-02-11 12:29:32.997 | INFO     | algorithms.der_pp:train:86 - Task 4 / 5
2023-02-11 12:29:33.002 | INFO     | algorithms.der_pp:train:87 - Classes in task: ['plate', 'bottle', 'boy', 'lizard', 'television', 'apple', 'wolf', 'caterpillar', 'butterfly', 'pine_tree', 'rocket', 'poppy', 'tulip', 'crab', 'possum', 'porcupine', 'streetcar', 'clock', 'sunflower', 'lion']
2023-02-11 12:29:33.003 | INFO     | algorithms.der_pp:train:95 - Starting epoch 1 / 1
2023-02-11 12:29:35.165 | INFO     | algorithms.der_pp:train:159 - 3:1:40, loss: 7.611
2023-02-11 12:29:37.271 | INFO     | algorithms.der_pp:train:159 - 3:1:80, loss: 6.984
2023-02-11 12:29:39.385 | INFO     | algorithms.der_pp:train:159 - 3:1:120, loss: 6.699
2023-02-11 12:29:41.492 | INFO     | algorithms.der_pp:train:159 - 3:1:160, loss: 6.614
2023-02-11 12:29:43.605 | INFO     | algorithms.der_pp:train:159 - 3:1:200, loss: 6.465
2023-02-11 12:29:45.711 | INFO     | algorithms.der_pp:train:159 - 3:1:240, loss: 6.307
2023-02-11 12:29:47.822 | INFO     | algorithms.der_pp:train:159 - 3:1:280, loss: 6.410
2023-02-11 12:29:49.935 | INFO     | algorithms.der_pp:train:159 - 3:1:320, loss: 6.058
2023-02-11 12:29:52.050 | INFO     | algorithms.der_pp:train:159 - 3:1:360, loss: 6.061
2023-02-11 12:29:54.161 | INFO     | algorithms.der_pp:train:159 - 3:1:400, loss: 5.879
2023-02-11 12:29:56.276 | INFO     | algorithms.der_pp:train:159 - 3:1:440, loss: 5.985
2023-02-11 12:29:58.385 | INFO     | algorithms.der_pp:train:159 - 3:1:480, loss: 5.985
2023-02-11 12:30:00.498 | INFO     | algorithms.der_pp:train:159 - 3:1:520, loss: 5.873
2023-02-11 12:30:02.609 | INFO     | algorithms.der_pp:train:159 - 3:1:560, loss: 5.717
2023-02-11 12:30:04.721 | INFO     | algorithms.der_pp:train:159 - 3:1:600, loss: 5.801
2023-02-11 12:30:05.990 | DEBUG    | algorithms.der_pp:train:162 - Current sample stats:
2023-02-11 12:30:05.991 | DEBUG    | algorithms.der_pp:train:165 - 67 has 12 samples
2023-02-11 12:30:05.991 | DEBUG    | algorithms.der_pp:train:165 - 28 has 12 samples
2023-02-11 12:30:05.992 | DEBUG    | algorithms.der_pp:train:165 - 55 has 12 samples
2023-02-11 12:30:05.993 | DEBUG    | algorithms.der_pp:train:165 - 57 has 12 samples
2023-02-11 12:30:05.994 | DEBUG    | algorithms.der_pp:train:165 - 17 has 12 samples
2023-02-11 12:30:05.994 | DEBUG    | algorithms.der_pp:train:165 - 58 has 12 samples
2023-02-11 12:30:05.995 | DEBUG    | algorithms.der_pp:train:165 - 41 has 12 samples
2023-02-11 12:30:05.996 | DEBUG    | algorithms.der_pp:train:165 - 40 has 12 samples
2023-02-11 12:30:05.997 | DEBUG    | algorithms.der_pp:train:165 - 4 has 12 samples
2023-02-11 12:30:05.997 | DEBUG    | algorithms.der_pp:train:165 - 71 has 12 samples
2023-02-11 12:30:05.998 | DEBUG    | algorithms.der_pp:train:165 - 19 has 12 samples
2023-02-11 12:30:05.999 | DEBUG    | algorithms.der_pp:train:165 - 53 has 12 samples
2023-02-11 12:30:05.999 | DEBUG    | algorithms.der_pp:train:165 - 95 has 12 samples
2023-02-11 12:30:06.000 | DEBUG    | algorithms.der_pp:train:165 - 2 has 12 samples
2023-02-11 12:30:06.001 | DEBUG    | algorithms.der_pp:train:165 - 30 has 12 samples
2023-02-11 12:30:06.002 | DEBUG    | algorithms.der_pp:train:165 - 51 has 12 samples
2023-02-11 12:30:06.002 | DEBUG    | algorithms.der_pp:train:165 - 12 has 12 samples
2023-02-11 12:30:06.003 | DEBUG    | algorithms.der_pp:train:165 - 77 has 12 samples
2023-02-11 12:30:06.004 | DEBUG    | algorithms.der_pp:train:165 - 89 has 12 samples
2023-02-11 12:30:06.004 | DEBUG    | algorithms.der_pp:train:165 - 3 has 12 samples
2023-02-11 12:30:06.005 | DEBUG    | algorithms.der_pp:train:165 - 21 has 12 samples
2023-02-11 12:30:06.006 | DEBUG    | algorithms.der_pp:train:165 - 50 has 12 samples
2023-02-11 12:30:06.007 | DEBUG    | algorithms.der_pp:train:165 - 72 has 12 samples
2023-02-11 12:30:06.007 | DEBUG    | algorithms.der_pp:train:165 - 47 has 12 samples
2023-02-11 12:30:06.008 | DEBUG    | algorithms.der_pp:train:165 - 74 has 12 samples
2023-02-11 12:30:06.009 | DEBUG    | algorithms.der_pp:train:165 - 45 has 12 samples
2023-02-11 12:30:06.009 | DEBUG    | algorithms.der_pp:train:165 - 49 has 12 samples
2023-02-11 12:30:06.010 | DEBUG    | algorithms.der_pp:train:165 - 70 has 12 samples
2023-02-11 12:30:06.011 | DEBUG    | algorithms.der_pp:train:165 - 7 has 12 samples
2023-02-11 12:30:06.012 | DEBUG    | algorithms.der_pp:train:165 - 80 has 12 samples
2023-02-11 12:30:06.012 | DEBUG    | algorithms.der_pp:train:165 - 76 has 12 samples
2023-02-11 12:30:06.013 | DEBUG    | algorithms.der_pp:train:165 - 65 has 12 samples
2023-02-11 12:30:06.014 | DEBUG    | algorithms.der_pp:train:165 - 85 has 12 samples
2023-02-11 12:30:06.014 | DEBUG    | algorithms.der_pp:train:165 - 96 has 12 samples
2023-02-11 12:30:06.015 | DEBUG    | algorithms.der_pp:train:165 - 6 has 12 samples
2023-02-11 12:30:06.016 | DEBUG    | algorithms.der_pp:train:165 - 25 has 12 samples
2023-02-11 12:30:06.017 | DEBUG    | algorithms.der_pp:train:165 - 84 has 12 samples
2023-02-11 12:30:06.017 | DEBUG    | algorithms.der_pp:train:165 - 99 has 12 samples
2023-02-11 12:30:06.018 | DEBUG    | algorithms.der_pp:train:165 - 98 has 12 samples
2023-02-11 12:30:06.019 | DEBUG    | algorithms.der_pp:train:165 - 60 has 12 samples
2023-02-11 12:30:06.019 | DEBUG    | algorithms.der_pp:train:165 - 5 has 13 samples
2023-02-11 12:30:06.020 | DEBUG    | algorithms.der_pp:train:165 - 75 has 13 samples
2023-02-11 12:30:06.021 | DEBUG    | algorithms.der_pp:train:165 - 73 has 13 samples
2023-02-11 12:30:06.022 | DEBUG    | algorithms.der_pp:train:165 - 90 has 13 samples
2023-02-11 12:30:06.022 | DEBUG    | algorithms.der_pp:train:165 - 29 has 13 samples
2023-02-11 12:30:06.023 | DEBUG    | algorithms.der_pp:train:165 - 39 has 13 samples
2023-02-11 12:30:06.024 | DEBUG    | algorithms.der_pp:train:165 - 37 has 13 samples
2023-02-11 12:30:06.025 | DEBUG    | algorithms.der_pp:train:165 - 38 has 13 samples
2023-02-11 12:30:06.025 | DEBUG    | algorithms.der_pp:train:165 - 16 has 13 samples
2023-02-11 12:30:06.026 | DEBUG    | algorithms.der_pp:train:165 - 15 has 13 samples
2023-02-11 12:30:06.027 | DEBUG    | algorithms.der_pp:train:165 - 94 has 13 samples
2023-02-11 12:30:06.027 | DEBUG    | algorithms.der_pp:train:165 - 93 has 13 samples
2023-02-11 12:30:06.028 | DEBUG    | algorithms.der_pp:train:165 - 23 has 13 samples
2023-02-11 12:30:06.029 | DEBUG    | algorithms.der_pp:train:165 - 36 has 13 samples
2023-02-11 12:30:06.030 | DEBUG    | algorithms.der_pp:train:165 - 8 has 13 samples
2023-02-11 12:30:06.030 | DEBUG    | algorithms.der_pp:train:165 - 54 has 13 samples
2023-02-11 12:30:06.031 | DEBUG    | algorithms.der_pp:train:165 - 78 has 13 samples
2023-02-11 12:30:06.032 | DEBUG    | algorithms.der_pp:train:165 - 48 has 13 samples
2023-02-11 12:30:06.032 | DEBUG    | algorithms.der_pp:train:165 - 10 has 13 samples
2023-02-11 12:30:06.033 | DEBUG    | algorithms.der_pp:train:165 - 20 has 13 samples
2023-02-11 12:30:06.034 | DEBUG    | algorithms.der_pp:train:165 - 82 has 13 samples
2023-02-11 12:30:06.034 | DEBUG    | algorithms.der_pp:train:165 - 44 has 13 samples
2023-02-11 12:30:06.035 | DEBUG    | algorithms.der_pp:train:165 - 26 has 13 samples
2023-02-11 12:30:06.036 | DEBUG    | algorithms.der_pp:train:165 - 43 has 13 samples
2023-02-11 12:30:06.036 | DEBUG    | algorithms.der_pp:train:165 - 69 has 13 samples
2023-02-11 12:30:06.037 | DEBUG    | algorithms.der_pp:train:165 - 59 has 13 samples
2023-02-11 12:30:06.038 | DEBUG    | algorithms.der_pp:train:165 - 97 has 13 samples
2023-02-11 12:30:06.039 | DEBUG    | algorithms.der_pp:train:165 - 22 has 13 samples
2023-02-11 12:30:06.039 | DEBUG    | algorithms.der_pp:train:165 - 0 has 13 samples
2023-02-11 12:30:06.040 | DEBUG    | algorithms.der_pp:train:165 - 18 has 13 samples
2023-02-11 12:30:06.041 | DEBUG    | algorithms.der_pp:train:165 - 11 has 13 samples
2023-02-11 12:30:06.041 | DEBUG    | algorithms.der_pp:train:165 - 64 has 13 samples
2023-02-11 12:30:06.042 | DEBUG    | algorithms.der_pp:train:165 - 81 has 13 samples
2023-02-11 12:30:06.043 | DEBUG    | algorithms.der_pp:train:165 - 87 has 13 samples
2023-02-11 12:30:06.043 | DEBUG    | algorithms.der_pp:train:165 - 92 has 13 samples
2023-02-11 12:30:06.044 | DEBUG    | algorithms.der_pp:train:165 - 14 has 13 samples
2023-02-11 12:30:06.045 | DEBUG    | algorithms.der_pp:train:165 - 62 has 13 samples
2023-02-11 12:30:06.045 | DEBUG    | algorithms.der_pp:train:165 - 63 has 13 samples
2023-02-11 12:30:06.046 | DEBUG    | algorithms.der_pp:train:165 - 61 has 13 samples
2023-02-11 12:30:06.047 | DEBUG    | algorithms.der_pp:train:165 - 9 has 13 samples
2023-02-11 12:30:06.047 | INFO     | algorithms.der_pp:train:170 - 1, loss: 6.282
2023-02-11 12:30:06.048 | INFO     | algorithms.algorithm_base:run_base_task_metrics:144 - Running metrics: Task 3
2023-02-11 12:30:10.184 | DEBUG    | algorithms.algorithm_base:run_base_task_metrics:200 - Raw classification accuracy results saved to ./output_cifar100_varied_sampling/der_pp/1676118456.99669_CIFAR100_OFFICIAL_RUN/task_3_accuracy_results.json
2023-02-11 12:30:10.187 | INFO     | algorithms.algorithm_base:run_base_task_metrics:201 - Correctly classified 903 / 10000 samples (9.03% correct)
2023-02-11 12:30:10.563 | INFO     | algorithms.der_pp:train:86 - Task 5 / 5
2023-02-11 12:30:10.568 | INFO     | algorithms.der_pp:train:87 - Classes in task: ['aquarium_fish', 'crocodile', 'bus', 'telephone', 'fox', 'tiger', 'leopard', 'girl', 'oak_tree', 'flatfish', 'spider', 'forest', 'palm_tree', 'man', 'cockroach', 'elephant', 'trout', 'raccoon', 'road', 'sweet_pepper']
2023-02-11 12:30:10.570 | INFO     | algorithms.der_pp:train:95 - Starting epoch 1 / 1
2023-02-11 12:30:12.745 | INFO     | algorithms.der_pp:train:159 - 4:1:40, loss: 8.052
2023-02-11 12:30:14.864 | INFO     | algorithms.der_pp:train:159 - 4:1:80, loss: 7.386
2023-02-11 12:30:16.980 | INFO     | algorithms.der_pp:train:159 - 4:1:120, loss: 7.130
2023-02-11 12:30:19.096 | INFO     | algorithms.der_pp:train:159 - 4:1:160, loss: 6.866
2023-02-11 12:30:21.215 | INFO     | algorithms.der_pp:train:159 - 4:1:200, loss: 6.755
2023-02-11 12:30:23.332 | INFO     | algorithms.der_pp:train:159 - 4:1:240, loss: 6.545
2023-02-11 12:30:25.451 | INFO     | algorithms.der_pp:train:159 - 4:1:280, loss: 6.474
2023-02-11 12:30:27.564 | INFO     | algorithms.der_pp:train:159 - 4:1:320, loss: 6.374
2023-02-11 12:30:29.675 | INFO     | algorithms.der_pp:train:159 - 4:1:360, loss: 6.448
2023-02-11 12:30:31.789 | INFO     | algorithms.der_pp:train:159 - 4:1:400, loss: 6.258
2023-02-11 12:30:33.902 | INFO     | algorithms.der_pp:train:159 - 4:1:440, loss: 6.210
2023-02-11 12:30:36.017 | INFO     | algorithms.der_pp:train:159 - 4:1:480, loss: 6.299
2023-02-11 12:30:38.136 | INFO     | algorithms.der_pp:train:159 - 4:1:520, loss: 6.129
2023-02-11 12:30:40.255 | INFO     | algorithms.der_pp:train:159 - 4:1:560, loss: 6.061
2023-02-11 12:30:42.373 | INFO     | algorithms.der_pp:train:159 - 4:1:600, loss: 6.121
2023-02-11 12:30:43.641 | DEBUG    | algorithms.der_pp:train:162 - Current sample stats:
2023-02-11 12:30:43.642 | DEBUG    | algorithms.der_pp:train:165 - 67 has 10 samples
2023-02-11 12:30:43.643 | DEBUG    | algorithms.der_pp:train:165 - 28 has 10 samples
2023-02-11 12:30:43.644 | DEBUG    | algorithms.der_pp:train:165 - 55 has 10 samples
2023-02-11 12:30:43.644 | DEBUG    | algorithms.der_pp:train:165 - 57 has 10 samples
2023-02-11 12:30:43.645 | DEBUG    | algorithms.der_pp:train:165 - 17 has 10 samples
2023-02-11 12:30:43.646 | DEBUG    | algorithms.der_pp:train:165 - 58 has 10 samples
2023-02-11 12:30:43.646 | DEBUG    | algorithms.der_pp:train:165 - 41 has 10 samples
2023-02-11 12:30:43.647 | DEBUG    | algorithms.der_pp:train:165 - 40 has 10 samples
2023-02-11 12:30:43.648 | DEBUG    | algorithms.der_pp:train:165 - 4 has 10 samples
2023-02-11 12:30:43.648 | DEBUG    | algorithms.der_pp:train:165 - 71 has 10 samples
2023-02-11 12:30:43.649 | DEBUG    | algorithms.der_pp:train:165 - 19 has 10 samples
2023-02-11 12:30:43.650 | DEBUG    | algorithms.der_pp:train:165 - 53 has 10 samples
2023-02-11 12:30:43.650 | DEBUG    | algorithms.der_pp:train:165 - 95 has 10 samples
2023-02-11 12:30:43.651 | DEBUG    | algorithms.der_pp:train:165 - 2 has 10 samples
2023-02-11 12:30:43.652 | DEBUG    | algorithms.der_pp:train:165 - 30 has 10 samples
2023-02-11 12:30:43.652 | DEBUG    | algorithms.der_pp:train:165 - 51 has 10 samples
2023-02-11 12:30:43.653 | DEBUG    | algorithms.der_pp:train:165 - 12 has 10 samples
2023-02-11 12:30:43.654 | DEBUG    | algorithms.der_pp:train:165 - 77 has 10 samples
2023-02-11 12:30:43.654 | DEBUG    | algorithms.der_pp:train:165 - 89 has 10 samples
2023-02-11 12:30:43.655 | DEBUG    | algorithms.der_pp:train:165 - 3 has 10 samples
2023-02-11 12:30:43.656 | DEBUG    | algorithms.der_pp:train:165 - 21 has 10 samples
2023-02-11 12:30:43.656 | DEBUG    | algorithms.der_pp:train:165 - 50 has 10 samples
2023-02-11 12:30:43.657 | DEBUG    | algorithms.der_pp:train:165 - 72 has 10 samples
2023-02-11 12:30:43.658 | DEBUG    | algorithms.der_pp:train:165 - 47 has 10 samples
2023-02-11 12:30:43.658 | DEBUG    | algorithms.der_pp:train:165 - 74 has 10 samples
2023-02-11 12:30:43.659 | DEBUG    | algorithms.der_pp:train:165 - 45 has 10 samples
2023-02-11 12:30:43.660 | DEBUG    | algorithms.der_pp:train:165 - 49 has 10 samples
2023-02-11 12:30:43.660 | DEBUG    | algorithms.der_pp:train:165 - 70 has 10 samples
2023-02-11 12:30:43.661 | DEBUG    | algorithms.der_pp:train:165 - 7 has 10 samples
2023-02-11 12:30:43.662 | DEBUG    | algorithms.der_pp:train:165 - 80 has 10 samples
2023-02-11 12:30:43.662 | DEBUG    | algorithms.der_pp:train:165 - 76 has 10 samples
2023-02-11 12:30:43.663 | DEBUG    | algorithms.der_pp:train:165 - 65 has 10 samples
2023-02-11 12:30:43.664 | DEBUG    | algorithms.der_pp:train:165 - 85 has 10 samples
2023-02-11 12:30:43.664 | DEBUG    | algorithms.der_pp:train:165 - 96 has 10 samples
2023-02-11 12:30:43.665 | DEBUG    | algorithms.der_pp:train:165 - 6 has 10 samples
2023-02-11 12:30:43.666 | DEBUG    | algorithms.der_pp:train:165 - 25 has 10 samples
2023-02-11 12:30:43.666 | DEBUG    | algorithms.der_pp:train:165 - 84 has 10 samples
2023-02-11 12:30:43.667 | DEBUG    | algorithms.der_pp:train:165 - 99 has 10 samples
2023-02-11 12:30:43.668 | DEBUG    | algorithms.der_pp:train:165 - 98 has 10 samples
2023-02-11 12:30:43.668 | DEBUG    | algorithms.der_pp:train:165 - 60 has 10 samples
2023-02-11 12:30:43.669 | DEBUG    | algorithms.der_pp:train:165 - 5 has 10 samples
2023-02-11 12:30:43.670 | DEBUG    | algorithms.der_pp:train:165 - 75 has 10 samples
2023-02-11 12:30:43.670 | DEBUG    | algorithms.der_pp:train:165 - 73 has 10 samples
2023-02-11 12:30:43.671 | DEBUG    | algorithms.der_pp:train:165 - 90 has 10 samples
2023-02-11 12:30:43.672 | DEBUG    | algorithms.der_pp:train:165 - 29 has 10 samples
2023-02-11 12:30:43.672 | DEBUG    | algorithms.der_pp:train:165 - 39 has 10 samples
2023-02-11 12:30:43.673 | DEBUG    | algorithms.der_pp:train:165 - 37 has 10 samples
2023-02-11 12:30:43.674 | DEBUG    | algorithms.der_pp:train:165 - 38 has 10 samples
2023-02-11 12:30:43.675 | DEBUG    | algorithms.der_pp:train:165 - 16 has 10 samples
2023-02-11 12:30:43.675 | DEBUG    | algorithms.der_pp:train:165 - 15 has 10 samples
2023-02-11 12:30:43.676 | DEBUG    | algorithms.der_pp:train:165 - 94 has 10 samples
2023-02-11 12:30:43.677 | DEBUG    | algorithms.der_pp:train:165 - 93 has 10 samples
2023-02-11 12:30:43.677 | DEBUG    | algorithms.der_pp:train:165 - 23 has 10 samples
2023-02-11 12:30:43.678 | DEBUG    | algorithms.der_pp:train:165 - 36 has 10 samples
2023-02-11 12:30:43.679 | DEBUG    | algorithms.der_pp:train:165 - 8 has 10 samples
2023-02-11 12:30:43.680 | DEBUG    | algorithms.der_pp:train:165 - 54 has 10 samples
2023-02-11 12:30:43.680 | DEBUG    | algorithms.der_pp:train:165 - 78 has 10 samples
2023-02-11 12:30:43.681 | DEBUG    | algorithms.der_pp:train:165 - 48 has 10 samples
2023-02-11 12:30:43.682 | DEBUG    | algorithms.der_pp:train:165 - 10 has 10 samples
2023-02-11 12:30:43.683 | DEBUG    | algorithms.der_pp:train:165 - 20 has 10 samples
2023-02-11 12:30:43.683 | DEBUG    | algorithms.der_pp:train:165 - 82 has 10 samples
2023-02-11 12:30:43.684 | DEBUG    | algorithms.der_pp:train:165 - 44 has 10 samples
2023-02-11 12:30:43.685 | DEBUG    | algorithms.der_pp:train:165 - 26 has 10 samples
2023-02-11 12:30:43.685 | DEBUG    | algorithms.der_pp:train:165 - 43 has 10 samples
2023-02-11 12:30:43.686 | DEBUG    | algorithms.der_pp:train:165 - 69 has 10 samples
2023-02-11 12:30:43.687 | DEBUG    | algorithms.der_pp:train:165 - 59 has 10 samples
2023-02-11 12:30:43.687 | DEBUG    | algorithms.der_pp:train:165 - 97 has 10 samples
2023-02-11 12:30:43.688 | DEBUG    | algorithms.der_pp:train:165 - 22 has 10 samples
2023-02-11 12:30:43.689 | DEBUG    | algorithms.der_pp:train:165 - 0 has 10 samples
2023-02-11 12:30:43.690 | DEBUG    | algorithms.der_pp:train:165 - 18 has 10 samples
2023-02-11 12:30:43.690 | DEBUG    | algorithms.der_pp:train:165 - 11 has 10 samples
2023-02-11 12:30:43.691 | DEBUG    | algorithms.der_pp:train:165 - 64 has 10 samples
2023-02-11 12:30:43.692 | DEBUG    | algorithms.der_pp:train:165 - 81 has 10 samples
2023-02-11 12:30:43.692 | DEBUG    | algorithms.der_pp:train:165 - 87 has 10 samples
2023-02-11 12:30:43.693 | DEBUG    | algorithms.der_pp:train:165 - 92 has 10 samples
2023-02-11 12:30:43.694 | DEBUG    | algorithms.der_pp:train:165 - 14 has 10 samples
2023-02-11 12:30:43.695 | DEBUG    | algorithms.der_pp:train:165 - 62 has 10 samples
2023-02-11 12:30:43.695 | DEBUG    | algorithms.der_pp:train:165 - 63 has 10 samples
2023-02-11 12:30:43.696 | DEBUG    | algorithms.der_pp:train:165 - 61 has 10 samples
2023-02-11 12:30:43.697 | DEBUG    | algorithms.der_pp:train:165 - 9 has 10 samples
2023-02-11 12:30:43.697 | DEBUG    | algorithms.der_pp:train:165 - 32 has 10 samples
2023-02-11 12:30:43.698 | DEBUG    | algorithms.der_pp:train:165 - 56 has 10 samples
2023-02-11 12:30:43.699 | DEBUG    | algorithms.der_pp:train:165 - 27 has 10 samples
2023-02-11 12:30:43.700 | DEBUG    | algorithms.der_pp:train:165 - 46 has 10 samples
2023-02-11 12:30:43.700 | DEBUG    | algorithms.der_pp:train:165 - 91 has 10 samples
2023-02-11 12:30:43.701 | DEBUG    | algorithms.der_pp:train:165 - 24 has 10 samples
2023-02-11 12:30:43.702 | DEBUG    | algorithms.der_pp:train:165 - 1 has 10 samples
2023-02-11 12:30:43.702 | DEBUG    | algorithms.der_pp:train:165 - 66 has 10 samples
2023-02-11 12:30:43.703 | DEBUG    | algorithms.der_pp:train:165 - 79 has 10 samples
2023-02-11 12:30:43.704 | DEBUG    | algorithms.der_pp:train:165 - 35 has 10 samples
2023-02-11 12:30:43.705 | DEBUG    | algorithms.der_pp:train:165 - 83 has 10 samples
2023-02-11 12:30:43.705 | DEBUG    | algorithms.der_pp:train:165 - 13 has 10 samples
2023-02-11 12:30:43.706 | DEBUG    | algorithms.der_pp:train:165 - 88 has 10 samples
2023-02-11 12:30:43.707 | DEBUG    | algorithms.der_pp:train:165 - 33 has 10 samples
2023-02-11 12:30:43.707 | DEBUG    | algorithms.der_pp:train:165 - 86 has 10 samples
2023-02-11 12:30:43.708 | DEBUG    | algorithms.der_pp:train:165 - 52 has 10 samples
2023-02-11 12:30:43.709 | DEBUG    | algorithms.der_pp:train:165 - 68 has 10 samples
2023-02-11 12:30:43.710 | DEBUG    | algorithms.der_pp:train:165 - 31 has 10 samples
2023-02-11 12:30:43.710 | DEBUG    | algorithms.der_pp:train:165 - 34 has 10 samples
2023-02-11 12:30:43.711 | DEBUG    | algorithms.der_pp:train:165 - 42 has 10 samples
2023-02-11 12:30:43.712 | INFO     | algorithms.der_pp:train:170 - 1, loss: 6.585
2023-02-11 12:30:43.713 | INFO     | algorithms.algorithm_base:run_base_task_metrics:144 - Running metrics: Task 4
2023-02-11 12:30:47.896 | DEBUG    | algorithms.algorithm_base:run_base_task_metrics:200 - Raw classification accuracy results saved to ./output_cifar100_varied_sampling/der_pp/1676118456.99669_CIFAR100_OFFICIAL_RUN/task_4_accuracy_results.json
2023-02-11 12:30:47.898 | INFO     | algorithms.algorithm_base:run_base_task_metrics:201 - Correctly classified 1159 / 10000 samples (11.59% correct)
2023-02-11 12:30:48.272 | INFO     | algorithms.der_pp:train:178 - Training complete
2023-02-11 12:30:48.278 | INFO     | __main__:run_experiment:290 - Training and evaluation completed!
2023-02-11 12:30:48.279 | INFO     | __main__:run_experiment:304 - Wrote usage stats to file
2023-02-11 12:30:48.280 | INFO     | __main__:main:351 - Complete
2023-02-11 12:30:48.281 | INFO     | __main__:close_tensorboard_writer:252 - Shut down TensorBoard
