2023-04-14 14:20:31.777 | INFO     | __main__:setup_files:218 - Experiment Name: OFFICIAL_RUN
2023-04-14 14:20:31.778 | INFO     | __main__:main:334 - Command line arguments: Configuration(algorithm='scr', dataset='cifar100', classes_per_task=20, seed=2843, samples=200)
2023-04-14 14:20:31.793 | INFO     | __main__:main:338 - Seeded random to 2843
2023-04-14 14:20:31.795 | INFO     | __main__:main:342 - Got CUDA device
2023-04-14 14:20:31.795 | INFO     | __main__:force_cuda_load:268 - Forcing CUDA initialisation...
2023-04-14 14:20:31.851 | INFO     | __main__:main:346 - CUDA initialised
2023-04-14 14:20:31.854 | INFO     | __main__:setup_shutdown_hook:264 - To access TensorBoard, run the command: tensorboard --logdir=./output_cifar100_varied_sampling/scr/1681478431.7514703_CIFAR100_OFFICIAL_RUN
2023-04-14 14:20:31.855 | INFO     | __main__:main:350 - Setup shutdown hooks
2023-04-14 14:20:31.883 | INFO     | __main__:main:355 - Model is setup
2023-04-14 14:20:31.885 | INFO     | __main__:main:357 - Complete pre-setup, starting experiment
2023-04-14 14:20:33.066 | INFO     | datasets.dataset_base:__init__:80 - Using disjoint tasks with 20 (5 tasks) with a randomised split
2023-04-14 14:20:33.069 | DEBUG    | datasets.dataset_base:_setup_task_datasets:95 - Splitting dataset into 5 disjoint tasks
2023-04-14 14:20:33.087 | INFO     | datasets.dataset_base:__init__:85 - {
  "name": "datasets.cifar100.CIFAR100",
  "dataset_class": "torchvision.datasets.cifar.CIFAR100",
  "training_dataset_parameters": "{'train': True, 'download': True}",
  "testing_dataset_parameters": "{'train': False, 'download': True}",
  "training_transform": "Compose(\n    Resize(size=(32, 32), interpolation=bilinear, max_size=None, antialias=None)\n    ToTensor()\n    Normalize(mean=(0.5071, 0.4867, 0.4408), std=(0.2675, 0.2565, 0.2761))\n    RandomCrop(size=(32, 32), padding=4)\n    RandomHorizontalFlip(p=0.5)\n)",
  "testing_transform": "Compose(\n    Resize(size=(32, 32), interpolation=bilinear, max_size=None, antialias=None)\n    ToTensor()\n    Normalize(mean=(0.5071, 0.4867, 0.4408), std=(0.2675, 0.2565, 0.2761))\n)",
  "classes": "apple, aquarium_fish, baby, bear, beaver, bed, bee, beetle, bicycle, bottle, bowl, boy, bridge, bus, butterfly, camel, can, castle, caterpillar, cattle, chair, chimpanzee, clock, cloud, cockroach, couch, crab, crocodile, cup, dinosaur, dolphin, elephant, flatfish, forest, fox, girl, hamster, house, kangaroo, keyboard, lamp, lawn_mower, leopard, lion, lizard, lobster, man, maple_tree, motorcycle, mountain, mouse, mushroom, oak_tree, orange, orchid, otter, palm_tree, pear, pickup_truck, pine_tree, plain, plate, poppy, porcupine, possum, rabbit, raccoon, ray, road, rocket, rose, sea, seal, shark, shrew, skunk, skyscraper, snail, snake, spider, squirrel, streetcar, sunflower, sweet_pepper, table, tank, telephone, television, tiger, tractor, train, trout, tulip, turtle, wardrobe, whale, willow_tree, wolf, woman, worm",
  "disjoint": true,
  "task_count": 5,
  "classes_per_task": [
    20
  ],
  "task_split_indices": [
    [
      87,
      53,
      70,
      96,
      26,
      34,
      0,
      28,
      22,
      64,
      74,
      23,
      86,
      36,
      62,
      16,
      35,
      18,
      19,
      47
    ],
    [
      66,
      65,
      6,
      40,
      41,
      49,
      73,
      11,
      83,
      13,
      27,
      77,
      93,
      43,
      20,
      80,
      63,
      58,
      10,
      91
    ],
    [
      99,
      61,
      48,
      67,
      84,
      3,
      81,
      56,
      54,
      68,
      14,
      94,
      50,
      46,
      95,
      9,
      51,
      59,
      57,
      30
    ],
    [
      37,
      25,
      12,
      78,
      60,
      39,
      69,
      21,
      71,
      52,
      55,
      75,
      85,
      5,
      97,
      76,
      7,
      38,
      15,
      98
    ],
    [
      44,
      92,
      79,
      33,
      29,
      17,
      8,
      32,
      45,
      90,
      2,
      88,
      24,
      42,
      31,
      89,
      82,
      1,
      4,
      72
    ]
  ],
  "task_split_classes": [
    [
      "television",
      "orange",
      "rose",
      "willow_tree",
      "crab",
      "fox",
      "apple",
      "cup",
      "clock",
      "possum",
      "shrew",
      "cloud",
      "telephone",
      "hamster",
      "poppy",
      "can",
      "girl",
      "caterpillar",
      "cattle",
      "maple_tree"
    ],
    [
      "raccoon",
      "rabbit",
      "bee",
      "lamp",
      "lawn_mower",
      "mountain",
      "shark",
      "boy",
      "sweet_pepper",
      "bus",
      "crocodile",
      "snail",
      "turtle",
      "lion",
      "chair",
      "squirrel",
      "porcupine",
      "pickup_truck",
      "bowl",
      "trout"
    ],
    [
      "worm",
      "plate",
      "motorcycle",
      "ray",
      "table",
      "bear",
      "streetcar",
      "palm_tree",
      "orchid",
      "road",
      "butterfly",
      "wardrobe",
      "mouse",
      "man",
      "whale",
      "bottle",
      "mushroom",
      "pine_tree",
      "pear",
      "dolphin"
    ],
    [
      "house",
      "couch",
      "bridge",
      "snake",
      "plain",
      "keyboard",
      "rocket",
      "chimpanzee",
      "sea",
      "oak_tree",
      "otter",
      "skunk",
      "tank",
      "bed",
      "wolf",
      "skyscraper",
      "beetle",
      "kangaroo",
      "camel",
      "woman"
    ],
    [
      "lizard",
      "tulip",
      "spider",
      "forest",
      "dinosaur",
      "castle",
      "bicycle",
      "flatfish",
      "lobster",
      "train",
      "baby",
      "tiger",
      "cockroach",
      "leopard",
      "elephant",
      "tractor",
      "sunflower",
      "aquarium_fish",
      "beaver",
      "seal"
    ]
  ]
}
2023-04-14 14:20:33.118 | DEBUG    | __main__:run_experiment:292 - PID: 15024
2023-04-14 14:20:33.119 | INFO     | __main__:run_experiment:294 - Starting...
2023-04-14 14:20:33.121 | INFO     | algorithms.algorithm_base:train:116 - {
  "name": "algorithms.scr.SupervisedContrastiveReplay",
  "model_class": "models.scr.scr_resnet.SupConResNet",
  "device": "cuda:0",
  "dataset_class": "datasets.cifar100.CIFAR100",
  "optimiser_class": "torch.optim.sgd.SGD",
  "loss_criterion_class": "torch.nn.modules.loss.CrossEntropyLoss",
  "epochs_per_task": 1,
  "batch_size": 10,
  "max_memory_samples": 200,
  "memory_batch_size": 100,
  "tau (temperature)": 0.07,
  "lr": 0.1
}
2023-04-14 14:20:33.122 | DEBUG    | algorithms.algorithm_base:_setup_training:109 - Model moved to cuda:0 and set to train mode
2023-04-14 14:20:33.123 | INFO     | algorithms.algorithm_base:train:118 - Starting training
2023-04-14 14:20:33.124 | INFO     | algorithms.scr:train:126 - Task 1 / 5
2023-04-14 14:20:33.125 | INFO     | algorithms.scr:train:127 - Classes in task: ['television', 'orange', 'rose', 'willow_tree', 'crab', 'fox', 'apple', 'cup', 'clock', 'possum', 'shrew', 'cloud', 'telephone', 'hamster', 'poppy', 'can', 'girl', 'caterpillar', 'cattle', 'maple_tree']
2023-04-14 14:20:33.126 | INFO     | algorithms.scr:train:134 - Starting epoch 1 / 1
2023-04-14 14:20:42.623 | INFO     | algorithms.scr:train:180 - 0:1:40, loss: 4.114
2023-04-14 14:20:52.154 | INFO     | algorithms.scr:train:180 - 0:1:80, loss: 5.221
2023-04-14 14:21:01.670 | INFO     | algorithms.scr:train:180 - 0:1:120, loss: 5.192
2023-04-14 14:21:11.175 | INFO     | algorithms.scr:train:180 - 0:1:160, loss: 5.090
2023-04-14 14:21:20.786 | INFO     | algorithms.scr:train:180 - 0:1:200, loss: 5.076
2023-04-14 14:21:30.725 | INFO     | algorithms.scr:train:180 - 0:1:240, loss: 5.046
2023-04-14 14:21:40.639 | INFO     | algorithms.scr:train:180 - 0:1:280, loss: 5.047
2023-04-14 14:21:50.551 | INFO     | algorithms.scr:train:180 - 0:1:320, loss: 5.021
2023-04-14 14:22:00.462 | INFO     | algorithms.scr:train:180 - 0:1:360, loss: 4.962
2023-04-14 14:22:10.378 | INFO     | algorithms.scr:train:180 - 0:1:400, loss: 4.985
2023-04-14 14:22:20.297 | INFO     | algorithms.scr:train:180 - 0:1:440, loss: 4.924
2023-04-14 14:22:30.205 | INFO     | algorithms.scr:train:180 - 0:1:480, loss: 4.885
2023-04-14 14:22:40.124 | INFO     | algorithms.scr:train:180 - 0:1:520, loss: 4.907
2023-04-14 14:22:50.039 | INFO     | algorithms.scr:train:180 - 0:1:560, loss: 4.918
2023-04-14 14:22:59.985 | INFO     | algorithms.scr:train:180 - 0:1:600, loss: 4.846
2023-04-14 14:23:09.960 | INFO     | algorithms.scr:train:180 - 0:1:640, loss: 4.843
2023-04-14 14:23:19.893 | INFO     | algorithms.scr:train:180 - 0:1:680, loss: 4.813
2023-04-14 14:23:29.834 | INFO     | algorithms.scr:train:180 - 0:1:720, loss: 4.805
2023-04-14 14:23:39.759 | INFO     | algorithms.scr:train:180 - 0:1:760, loss: 4.787
2023-04-14 14:23:49.683 | INFO     | algorithms.scr:train:180 - 0:1:800, loss: 4.764
2023-04-14 14:23:59.634 | INFO     | algorithms.scr:train:180 - 0:1:840, loss: 4.713
2023-04-14 14:24:09.531 | INFO     | algorithms.scr:train:180 - 0:1:880, loss: 4.713
2023-04-14 14:24:19.443 | INFO     | algorithms.scr:train:180 - 0:1:920, loss: 4.656
2023-04-14 14:24:29.361 | INFO     | algorithms.scr:train:180 - 0:1:960, loss: 4.668
2023-04-14 14:24:39.029 | DEBUG    | algorithms.scr:train:183 - Current sample stats:
2023-04-14 14:24:39.029 | DEBUG    | algorithms.scr:train:186 - 23 has 10 samples
2023-04-14 14:24:39.030 | DEBUG    | algorithms.scr:train:186 - 74 has 10 samples
2023-04-14 14:24:39.031 | DEBUG    | algorithms.scr:train:186 - 34 has 10 samples
2023-04-14 14:24:39.032 | DEBUG    | algorithms.scr:train:186 - 62 has 10 samples
2023-04-14 14:24:39.032 | DEBUG    | algorithms.scr:train:186 - 19 has 10 samples
2023-04-14 14:24:39.033 | DEBUG    | algorithms.scr:train:186 - 0 has 10 samples
2023-04-14 14:24:39.034 | DEBUG    | algorithms.scr:train:186 - 64 has 10 samples
2023-04-14 14:24:39.034 | DEBUG    | algorithms.scr:train:186 - 26 has 10 samples
2023-04-14 14:24:39.035 | DEBUG    | algorithms.scr:train:186 - 22 has 10 samples
2023-04-14 14:24:39.036 | DEBUG    | algorithms.scr:train:186 - 70 has 10 samples
2023-04-14 14:24:39.037 | DEBUG    | algorithms.scr:train:186 - 87 has 10 samples
2023-04-14 14:24:39.037 | DEBUG    | algorithms.scr:train:186 - 18 has 10 samples
2023-04-14 14:24:39.038 | DEBUG    | algorithms.scr:train:186 - 53 has 10 samples
2023-04-14 14:24:39.039 | DEBUG    | algorithms.scr:train:186 - 28 has 10 samples
2023-04-14 14:24:39.040 | DEBUG    | algorithms.scr:train:186 - 36 has 10 samples
2023-04-14 14:24:39.040 | DEBUG    | algorithms.scr:train:186 - 96 has 10 samples
2023-04-14 14:24:39.041 | DEBUG    | algorithms.scr:train:186 - 16 has 10 samples
2023-04-14 14:24:39.042 | DEBUG    | algorithms.scr:train:186 - 35 has 10 samples
2023-04-14 14:24:39.042 | DEBUG    | algorithms.scr:train:186 - 86 has 10 samples
2023-04-14 14:24:39.043 | DEBUG    | algorithms.scr:train:186 - 47 has 10 samples
2023-04-14 14:24:39.044 | INFO     | algorithms.scr:train:192 - 1, loss: 4.867
2023-04-14 14:24:39.045 | INFO     | algorithms.algorithm_base:run_base_task_metrics:144 - Running metrics: Task 0
2023-04-14 14:24:39.052 | INFO     | algorithms.scr:classify:209 - Generating fresh mean embedding vectors
2023-04-14 14:24:39.600 | DEBUG    | algorithms.scr:classify:231 - Generated mean embedding vectors for: dict_keys([23, 74, 34, 62, 19, 0, 64, 26, 22, 70, 87, 18, 53, 28, 36, 96, 16, 35, 86, 47])
2023-04-14 14:25:25.514 | DEBUG    | algorithms.algorithm_base:run_base_task_metrics:200 - Raw classification accuracy results saved to ./output_cifar100_varied_sampling/scr/1681478431.7514703_CIFAR100_OFFICIAL_RUN/task_0_accuracy_results.json
2023-04-14 14:25:25.515 | INFO     | algorithms.algorithm_base:run_base_task_metrics:201 - Correctly classified 811 / 10000 samples (8.11% correct)
2023-04-14 14:25:25.984 | INFO     | algorithms.scr:train:126 - Task 2 / 5
2023-04-14 14:25:25.989 | INFO     | algorithms.scr:train:127 - Classes in task: ['raccoon', 'rabbit', 'bee', 'lamp', 'lawn_mower', 'mountain', 'shark', 'boy', 'sweet_pepper', 'bus', 'crocodile', 'snail', 'turtle', 'lion', 'chair', 'squirrel', 'porcupine', 'pickup_truck', 'bowl', 'trout']
2023-04-14 14:25:25.990 | INFO     | algorithms.scr:train:134 - Starting epoch 1 / 1
2023-04-14 14:25:36.158 | INFO     | algorithms.scr:train:180 - 1:1:40, loss: 4.708
2023-04-14 14:25:46.069 | INFO     | algorithms.scr:train:180 - 1:1:80, loss: 4.408
2023-04-14 14:25:55.974 | INFO     | algorithms.scr:train:180 - 1:1:120, loss: 4.297
2023-04-14 14:26:05.900 | INFO     | algorithms.scr:train:180 - 1:1:160, loss: 4.175
2023-04-14 14:26:15.809 | INFO     | algorithms.scr:train:180 - 1:1:200, loss: 4.087
2023-04-14 14:26:25.760 | INFO     | algorithms.scr:train:180 - 1:1:240, loss: 4.031
2023-04-14 14:26:35.661 | INFO     | algorithms.scr:train:180 - 1:1:280, loss: 3.948
2023-04-14 14:26:45.567 | INFO     | algorithms.scr:train:180 - 1:1:320, loss: 3.903
2023-04-14 14:26:55.473 | INFO     | algorithms.scr:train:180 - 1:1:360, loss: 3.807
2023-04-14 14:27:05.364 | INFO     | algorithms.scr:train:180 - 1:1:400, loss: 3.760
2023-04-14 14:27:15.256 | INFO     | algorithms.scr:train:180 - 1:1:440, loss: 3.732
2023-04-14 14:27:25.135 | INFO     | algorithms.scr:train:180 - 1:1:480, loss: 3.669
2023-04-14 14:27:35.019 | INFO     | algorithms.scr:train:180 - 1:1:520, loss: 3.571
2023-04-14 14:27:44.927 | INFO     | algorithms.scr:train:180 - 1:1:560, loss: 3.610
2023-04-14 14:27:54.826 | INFO     | algorithms.scr:train:180 - 1:1:600, loss: 3.547
2023-04-14 14:28:04.758 | INFO     | algorithms.scr:train:180 - 1:1:640, loss: 3.548
2023-04-14 14:28:14.655 | INFO     | algorithms.scr:train:180 - 1:1:680, loss: 3.532
2023-04-14 14:28:24.547 | INFO     | algorithms.scr:train:180 - 1:1:720, loss: 3.489
2023-04-14 14:28:34.441 | INFO     | algorithms.scr:train:180 - 1:1:760, loss: 3.501
2023-04-14 14:28:44.358 | INFO     | algorithms.scr:train:180 - 1:1:800, loss: 3.406
2023-04-14 14:28:54.283 | INFO     | algorithms.scr:train:180 - 1:1:840, loss: 3.405
2023-04-14 14:29:04.194 | INFO     | algorithms.scr:train:180 - 1:1:880, loss: 3.347
2023-04-14 14:29:14.108 | INFO     | algorithms.scr:train:180 - 1:1:920, loss: 3.366
2023-04-14 14:29:24.012 | INFO     | algorithms.scr:train:180 - 1:1:960, loss: 3.340
2023-04-14 14:29:33.665 | DEBUG    | algorithms.scr:train:183 - Current sample stats:
2023-04-14 14:29:33.666 | DEBUG    | algorithms.scr:train:186 - 23 has 5 samples
2023-04-14 14:29:33.667 | DEBUG    | algorithms.scr:train:186 - 74 has 5 samples
2023-04-14 14:29:33.668 | DEBUG    | algorithms.scr:train:186 - 34 has 5 samples
2023-04-14 14:29:33.669 | DEBUG    | algorithms.scr:train:186 - 62 has 5 samples
2023-04-14 14:29:33.669 | DEBUG    | algorithms.scr:train:186 - 19 has 5 samples
2023-04-14 14:29:33.670 | DEBUG    | algorithms.scr:train:186 - 0 has 5 samples
2023-04-14 14:29:33.671 | DEBUG    | algorithms.scr:train:186 - 64 has 5 samples
2023-04-14 14:29:33.671 | DEBUG    | algorithms.scr:train:186 - 26 has 5 samples
2023-04-14 14:29:33.672 | DEBUG    | algorithms.scr:train:186 - 22 has 5 samples
2023-04-14 14:29:33.673 | DEBUG    | algorithms.scr:train:186 - 70 has 5 samples
2023-04-14 14:29:33.674 | DEBUG    | algorithms.scr:train:186 - 87 has 5 samples
2023-04-14 14:29:33.674 | DEBUG    | algorithms.scr:train:186 - 18 has 5 samples
2023-04-14 14:29:33.675 | DEBUG    | algorithms.scr:train:186 - 53 has 5 samples
2023-04-14 14:29:33.676 | DEBUG    | algorithms.scr:train:186 - 28 has 5 samples
2023-04-14 14:29:33.676 | DEBUG    | algorithms.scr:train:186 - 36 has 5 samples
2023-04-14 14:29:33.677 | DEBUG    | algorithms.scr:train:186 - 96 has 5 samples
2023-04-14 14:29:33.678 | DEBUG    | algorithms.scr:train:186 - 16 has 5 samples
2023-04-14 14:29:33.679 | DEBUG    | algorithms.scr:train:186 - 35 has 5 samples
2023-04-14 14:29:33.679 | DEBUG    | algorithms.scr:train:186 - 86 has 5 samples
2023-04-14 14:29:33.680 | DEBUG    | algorithms.scr:train:186 - 47 has 5 samples
2023-04-14 14:29:33.681 | DEBUG    | algorithms.scr:train:186 - 91 has 5 samples
2023-04-14 14:29:33.682 | DEBUG    | algorithms.scr:train:186 - 65 has 5 samples
2023-04-14 14:29:33.682 | DEBUG    | algorithms.scr:train:186 - 80 has 5 samples
2023-04-14 14:29:33.683 | DEBUG    | algorithms.scr:train:186 - 66 has 5 samples
2023-04-14 14:29:33.684 | DEBUG    | algorithms.scr:train:186 - 41 has 5 samples
2023-04-14 14:29:33.684 | DEBUG    | algorithms.scr:train:186 - 49 has 5 samples
2023-04-14 14:29:33.685 | DEBUG    | algorithms.scr:train:186 - 11 has 5 samples
2023-04-14 14:29:33.686 | DEBUG    | algorithms.scr:train:186 - 73 has 5 samples
2023-04-14 14:29:33.687 | DEBUG    | algorithms.scr:train:186 - 63 has 5 samples
2023-04-14 14:29:33.687 | DEBUG    | algorithms.scr:train:186 - 6 has 5 samples
2023-04-14 14:29:33.688 | DEBUG    | algorithms.scr:train:186 - 43 has 5 samples
2023-04-14 14:29:33.689 | DEBUG    | algorithms.scr:train:186 - 83 has 5 samples
2023-04-14 14:29:33.690 | DEBUG    | algorithms.scr:train:186 - 58 has 5 samples
2023-04-14 14:29:33.690 | DEBUG    | algorithms.scr:train:186 - 93 has 5 samples
2023-04-14 14:29:33.691 | DEBUG    | algorithms.scr:train:186 - 13 has 5 samples
2023-04-14 14:29:33.692 | DEBUG    | algorithms.scr:train:186 - 20 has 5 samples
2023-04-14 14:29:33.692 | DEBUG    | algorithms.scr:train:186 - 77 has 5 samples
2023-04-14 14:29:33.693 | DEBUG    | algorithms.scr:train:186 - 10 has 5 samples
2023-04-14 14:29:33.694 | DEBUG    | algorithms.scr:train:186 - 40 has 5 samples
2023-04-14 14:29:33.695 | DEBUG    | algorithms.scr:train:186 - 27 has 5 samples
2023-04-14 14:29:33.696 | INFO     | algorithms.scr:train:192 - 1, loss: 3.741
2023-04-14 14:29:33.696 | INFO     | algorithms.algorithm_base:run_base_task_metrics:144 - Running metrics: Task 1
2023-04-14 14:29:33.704 | INFO     | algorithms.scr:classify:209 - Generating fresh mean embedding vectors
2023-04-14 14:29:34.203 | DEBUG    | algorithms.scr:classify:231 - Generated mean embedding vectors for: dict_keys([23, 74, 34, 62, 19, 0, 64, 26, 22, 70, 87, 18, 53, 28, 36, 96, 16, 35, 86, 47, 91, 65, 80, 66, 41, 49, 11, 73, 63, 6, 43, 83, 58, 93, 13, 20, 77, 10, 40, 27])
2023-04-14 14:30:38.056 | DEBUG    | algorithms.algorithm_base:run_base_task_metrics:200 - Raw classification accuracy results saved to ./output_cifar100_varied_sampling/scr/1681478431.7514703_CIFAR100_OFFICIAL_RUN/task_1_accuracy_results.json
2023-04-14 14:30:38.058 | INFO     | algorithms.algorithm_base:run_base_task_metrics:201 - Correctly classified 927 / 10000 samples (9.27% correct)
2023-04-14 14:30:38.431 | INFO     | algorithms.scr:train:126 - Task 3 / 5
2023-04-14 14:30:38.436 | INFO     | algorithms.scr:train:127 - Classes in task: ['worm', 'plate', 'motorcycle', 'ray', 'table', 'bear', 'streetcar', 'palm_tree', 'orchid', 'road', 'butterfly', 'wardrobe', 'mouse', 'man', 'whale', 'bottle', 'mushroom', 'pine_tree', 'pear', 'dolphin']
2023-04-14 14:30:38.437 | INFO     | algorithms.scr:train:134 - Starting epoch 1 / 1
2023-04-14 14:30:48.598 | INFO     | algorithms.scr:train:180 - 2:1:40, loss: 3.628
2023-04-14 14:30:58.474 | INFO     | algorithms.scr:train:180 - 2:1:80, loss: 3.314
2023-04-14 14:31:08.371 | INFO     | algorithms.scr:train:180 - 2:1:120, loss: 3.272
2023-04-14 14:31:18.257 | INFO     | algorithms.scr:train:180 - 2:1:160, loss: 3.184
2023-04-14 14:31:28.151 | INFO     | algorithms.scr:train:180 - 2:1:200, loss: 3.126
2023-04-14 14:31:38.049 | INFO     | algorithms.scr:train:180 - 2:1:240, loss: 3.080
2023-04-14 14:31:47.931 | INFO     | algorithms.scr:train:180 - 2:1:280, loss: 2.995
2023-04-14 14:31:57.818 | INFO     | algorithms.scr:train:180 - 2:1:320, loss: 2.949
2023-04-14 14:32:07.690 | INFO     | algorithms.scr:train:180 - 2:1:360, loss: 2.858
2023-04-14 14:32:17.585 | INFO     | algorithms.scr:train:180 - 2:1:400, loss: 2.890
2023-04-14 14:32:27.466 | INFO     | algorithms.scr:train:180 - 2:1:440, loss: 2.738
2023-04-14 14:32:37.348 | INFO     | algorithms.scr:train:180 - 2:1:480, loss: 2.803
2023-04-14 14:32:47.236 | INFO     | algorithms.scr:train:180 - 2:1:520, loss: 2.725
2023-04-14 14:32:57.124 | INFO     | algorithms.scr:train:180 - 2:1:560, loss: 2.762
2023-04-14 14:33:07.038 | INFO     | algorithms.scr:train:180 - 2:1:600, loss: 2.650
2023-04-14 14:33:16.910 | INFO     | algorithms.scr:train:180 - 2:1:640, loss: 2.735
2023-04-14 14:33:26.791 | INFO     | algorithms.scr:train:180 - 2:1:680, loss: 2.709
2023-04-14 14:33:36.682 | INFO     | algorithms.scr:train:180 - 2:1:720, loss: 2.603
2023-04-14 14:33:46.581 | INFO     | algorithms.scr:train:180 - 2:1:760, loss: 2.605
2023-04-14 14:33:56.484 | INFO     | algorithms.scr:train:180 - 2:1:800, loss: 2.631
2023-04-14 14:34:06.371 | INFO     | algorithms.scr:train:180 - 2:1:840, loss: 2.595
2023-04-14 14:34:16.262 | INFO     | algorithms.scr:train:180 - 2:1:880, loss: 2.587
2023-04-14 14:34:26.157 | INFO     | algorithms.scr:train:180 - 2:1:920, loss: 2.531
2023-04-14 14:34:36.047 | INFO     | algorithms.scr:train:180 - 2:1:960, loss: 2.570
2023-04-14 14:34:45.684 | DEBUG    | algorithms.scr:train:183 - Current sample stats:
2023-04-14 14:34:45.685 | DEBUG    | algorithms.scr:train:186 - 23 has 3 samples
2023-04-14 14:34:45.686 | DEBUG    | algorithms.scr:train:186 - 74 has 3 samples
2023-04-14 14:34:45.686 | DEBUG    | algorithms.scr:train:186 - 34 has 3 samples
2023-04-14 14:34:45.687 | DEBUG    | algorithms.scr:train:186 - 62 has 3 samples
2023-04-14 14:34:45.688 | DEBUG    | algorithms.scr:train:186 - 19 has 3 samples
2023-04-14 14:34:45.688 | DEBUG    | algorithms.scr:train:186 - 0 has 3 samples
2023-04-14 14:34:45.689 | DEBUG    | algorithms.scr:train:186 - 64 has 3 samples
2023-04-14 14:34:45.690 | DEBUG    | algorithms.scr:train:186 - 26 has 3 samples
2023-04-14 14:34:45.691 | DEBUG    | algorithms.scr:train:186 - 22 has 3 samples
2023-04-14 14:34:45.691 | DEBUG    | algorithms.scr:train:186 - 70 has 3 samples
2023-04-14 14:34:45.692 | DEBUG    | algorithms.scr:train:186 - 87 has 3 samples
2023-04-14 14:34:45.693 | DEBUG    | algorithms.scr:train:186 - 18 has 3 samples
2023-04-14 14:34:45.694 | DEBUG    | algorithms.scr:train:186 - 53 has 3 samples
2023-04-14 14:34:45.694 | DEBUG    | algorithms.scr:train:186 - 28 has 3 samples
2023-04-14 14:34:45.695 | DEBUG    | algorithms.scr:train:186 - 36 has 3 samples
2023-04-14 14:34:45.696 | DEBUG    | algorithms.scr:train:186 - 96 has 3 samples
2023-04-14 14:34:45.696 | DEBUG    | algorithms.scr:train:186 - 16 has 3 samples
2023-04-14 14:34:45.697 | DEBUG    | algorithms.scr:train:186 - 35 has 3 samples
2023-04-14 14:34:45.698 | DEBUG    | algorithms.scr:train:186 - 86 has 3 samples
2023-04-14 14:34:45.699 | DEBUG    | algorithms.scr:train:186 - 47 has 3 samples
2023-04-14 14:34:45.699 | DEBUG    | algorithms.scr:train:186 - 91 has 3 samples
2023-04-14 14:34:45.700 | DEBUG    | algorithms.scr:train:186 - 65 has 3 samples
2023-04-14 14:34:45.701 | DEBUG    | algorithms.scr:train:186 - 80 has 3 samples
2023-04-14 14:34:45.701 | DEBUG    | algorithms.scr:train:186 - 66 has 3 samples
2023-04-14 14:34:45.702 | DEBUG    | algorithms.scr:train:186 - 41 has 3 samples
2023-04-14 14:34:45.703 | DEBUG    | algorithms.scr:train:186 - 49 has 3 samples
2023-04-14 14:34:45.704 | DEBUG    | algorithms.scr:train:186 - 11 has 3 samples
2023-04-14 14:34:45.704 | DEBUG    | algorithms.scr:train:186 - 73 has 3 samples
2023-04-14 14:34:45.705 | DEBUG    | algorithms.scr:train:186 - 63 has 3 samples
2023-04-14 14:34:45.706 | DEBUG    | algorithms.scr:train:186 - 6 has 3 samples
2023-04-14 14:34:45.706 | DEBUG    | algorithms.scr:train:186 - 43 has 3 samples
2023-04-14 14:34:45.707 | DEBUG    | algorithms.scr:train:186 - 83 has 3 samples
2023-04-14 14:34:45.708 | DEBUG    | algorithms.scr:train:186 - 58 has 3 samples
2023-04-14 14:34:45.709 | DEBUG    | algorithms.scr:train:186 - 93 has 3 samples
2023-04-14 14:34:45.709 | DEBUG    | algorithms.scr:train:186 - 13 has 3 samples
2023-04-14 14:34:45.710 | DEBUG    | algorithms.scr:train:186 - 20 has 3 samples
2023-04-14 14:34:45.711 | DEBUG    | algorithms.scr:train:186 - 77 has 3 samples
2023-04-14 14:34:45.712 | DEBUG    | algorithms.scr:train:186 - 10 has 3 samples
2023-04-14 14:34:45.712 | DEBUG    | algorithms.scr:train:186 - 40 has 3 samples
2023-04-14 14:34:45.713 | DEBUG    | algorithms.scr:train:186 - 27 has 3 samples
2023-04-14 14:34:45.713 | DEBUG    | algorithms.scr:train:186 - 14 has 4 samples
2023-04-14 14:34:45.714 | DEBUG    | algorithms.scr:train:186 - 84 has 4 samples
2023-04-14 14:34:45.715 | DEBUG    | algorithms.scr:train:186 - 59 has 4 samples
2023-04-14 14:34:45.716 | DEBUG    | algorithms.scr:train:186 - 48 has 4 samples
2023-04-14 14:34:45.716 | DEBUG    | algorithms.scr:train:186 - 67 has 4 samples
2023-04-14 14:34:45.717 | DEBUG    | algorithms.scr:train:186 - 50 has 4 samples
2023-04-14 14:34:45.718 | DEBUG    | algorithms.scr:train:186 - 94 has 4 samples
2023-04-14 14:34:45.719 | DEBUG    | algorithms.scr:train:186 - 81 has 4 samples
2023-04-14 14:34:45.719 | DEBUG    | algorithms.scr:train:186 - 68 has 4 samples
2023-04-14 14:34:45.720 | DEBUG    | algorithms.scr:train:186 - 56 has 4 samples
2023-04-14 14:34:45.721 | DEBUG    | algorithms.scr:train:186 - 9 has 4 samples
2023-04-14 14:34:45.721 | DEBUG    | algorithms.scr:train:186 - 51 has 4 samples
2023-04-14 14:34:45.722 | DEBUG    | algorithms.scr:train:186 - 57 has 4 samples
2023-04-14 14:34:45.723 | DEBUG    | algorithms.scr:train:186 - 61 has 4 samples
2023-04-14 14:34:45.724 | DEBUG    | algorithms.scr:train:186 - 95 has 4 samples
2023-04-14 14:34:45.725 | DEBUG    | algorithms.scr:train:186 - 46 has 4 samples
2023-04-14 14:34:45.725 | DEBUG    | algorithms.scr:train:186 - 54 has 4 samples
2023-04-14 14:34:45.726 | DEBUG    | algorithms.scr:train:186 - 30 has 4 samples
2023-04-14 14:34:45.728 | DEBUG    | algorithms.scr:train:186 - 99 has 4 samples
2023-04-14 14:34:45.728 | DEBUG    | algorithms.scr:train:186 - 3 has 4 samples
2023-04-14 14:34:45.729 | INFO     | algorithms.scr:train:192 - 1, loss: 2.843
2023-04-14 14:34:45.730 | INFO     | algorithms.algorithm_base:run_base_task_metrics:144 - Running metrics: Task 2
2023-04-14 14:34:45.738 | INFO     | algorithms.scr:classify:209 - Generating fresh mean embedding vectors
2023-04-14 14:34:46.247 | DEBUG    | algorithms.scr:classify:231 - Generated mean embedding vectors for: dict_keys([23, 74, 34, 62, 19, 0, 64, 26, 22, 70, 87, 18, 53, 28, 36, 96, 16, 35, 86, 47, 91, 65, 80, 66, 41, 49, 11, 73, 63, 6, 43, 83, 58, 93, 13, 20, 77, 10, 40, 27, 14, 84, 59, 48, 67, 50, 94, 81, 68, 56, 9, 51, 57, 61, 95, 46, 54, 30, 99, 3])
2023-04-14 14:36:11.012 | DEBUG    | algorithms.algorithm_base:run_base_task_metrics:200 - Raw classification accuracy results saved to ./output_cifar100_varied_sampling/scr/1681478431.7514703_CIFAR100_OFFICIAL_RUN/task_2_accuracy_results.json
2023-04-14 14:36:11.014 | INFO     | algorithms.algorithm_base:run_base_task_metrics:201 - Correctly classified 1170 / 10000 samples (11.70% correct)
2023-04-14 14:36:11.421 | INFO     | algorithms.scr:train:126 - Task 4 / 5
2023-04-14 14:36:11.427 | INFO     | algorithms.scr:train:127 - Classes in task: ['house', 'couch', 'bridge', 'snake', 'plain', 'keyboard', 'rocket', 'chimpanzee', 'sea', 'oak_tree', 'otter', 'skunk', 'tank', 'bed', 'wolf', 'skyscraper', 'beetle', 'kangaroo', 'camel', 'woman']
2023-04-14 14:36:11.428 | INFO     | algorithms.scr:train:134 - Starting epoch 1 / 1
2023-04-14 14:36:21.572 | INFO     | algorithms.scr:train:180 - 3:1:40, loss: 2.749
2023-04-14 14:36:31.467 | INFO     | algorithms.scr:train:180 - 3:1:80, loss: 2.602
2023-04-14 14:36:41.366 | INFO     | algorithms.scr:train:180 - 3:1:120, loss: 2.468
2023-04-14 14:36:51.257 | INFO     | algorithms.scr:train:180 - 3:1:160, loss: 2.391
2023-04-14 14:37:01.161 | INFO     | algorithms.scr:train:180 - 3:1:200, loss: 2.434
2023-04-14 14:37:11.054 | INFO     | algorithms.scr:train:180 - 3:1:240, loss: 2.321
2023-04-14 14:37:20.948 | INFO     | algorithms.scr:train:180 - 3:1:280, loss: 2.365
2023-04-14 14:37:30.858 | INFO     | algorithms.scr:train:180 - 3:1:320, loss: 2.275
2023-04-14 14:37:40.746 | INFO     | algorithms.scr:train:180 - 3:1:360, loss: 2.236
2023-04-14 14:37:50.644 | INFO     | algorithms.scr:train:180 - 3:1:400, loss: 2.236
2023-04-14 14:38:00.559 | INFO     | algorithms.scr:train:180 - 3:1:440, loss: 2.170
2023-04-14 14:38:10.438 | INFO     | algorithms.scr:train:180 - 3:1:480, loss: 2.187
2023-04-14 14:38:20.318 | INFO     | algorithms.scr:train:180 - 3:1:520, loss: 2.201
2023-04-14 14:38:30.207 | INFO     | algorithms.scr:train:180 - 3:1:560, loss: 2.150
2023-04-14 14:38:40.084 | INFO     | algorithms.scr:train:180 - 3:1:600, loss: 2.136
2023-04-14 14:38:49.995 | INFO     | algorithms.scr:train:180 - 3:1:640, loss: 2.085
2023-04-14 14:38:59.865 | INFO     | algorithms.scr:train:180 - 3:1:680, loss: 2.110
2023-04-14 14:39:09.727 | INFO     | algorithms.scr:train:180 - 3:1:720, loss: 2.102
2023-04-14 14:39:19.606 | INFO     | algorithms.scr:train:180 - 3:1:760, loss: 2.085
2023-04-14 14:39:29.476 | INFO     | algorithms.scr:train:180 - 3:1:800, loss: 2.078
2023-04-14 14:39:39.365 | INFO     | algorithms.scr:train:180 - 3:1:840, loss: 2.041
2023-04-14 14:39:49.236 | INFO     | algorithms.scr:train:180 - 3:1:880, loss: 2.088
2023-04-14 14:39:59.112 | INFO     | algorithms.scr:train:180 - 3:1:920, loss: 1.992
2023-04-14 14:40:08.983 | INFO     | algorithms.scr:train:180 - 3:1:960, loss: 1.965
2023-04-14 14:40:18.606 | DEBUG    | algorithms.scr:train:183 - Current sample stats:
2023-04-14 14:40:18.607 | DEBUG    | algorithms.scr:train:186 - 23 has 2 samples
2023-04-14 14:40:18.607 | DEBUG    | algorithms.scr:train:186 - 74 has 2 samples
2023-04-14 14:40:18.608 | DEBUG    | algorithms.scr:train:186 - 34 has 2 samples
2023-04-14 14:40:18.609 | DEBUG    | algorithms.scr:train:186 - 62 has 2 samples
2023-04-14 14:40:18.609 | DEBUG    | algorithms.scr:train:186 - 19 has 2 samples
2023-04-14 14:40:18.610 | DEBUG    | algorithms.scr:train:186 - 0 has 2 samples
2023-04-14 14:40:18.611 | DEBUG    | algorithms.scr:train:186 - 64 has 2 samples
2023-04-14 14:40:18.612 | DEBUG    | algorithms.scr:train:186 - 26 has 2 samples
2023-04-14 14:40:18.612 | DEBUG    | algorithms.scr:train:186 - 22 has 2 samples
2023-04-14 14:40:18.613 | DEBUG    | algorithms.scr:train:186 - 70 has 2 samples
2023-04-14 14:40:18.614 | DEBUG    | algorithms.scr:train:186 - 87 has 2 samples
2023-04-14 14:40:18.614 | DEBUG    | algorithms.scr:train:186 - 18 has 2 samples
2023-04-14 14:40:18.615 | DEBUG    | algorithms.scr:train:186 - 53 has 2 samples
2023-04-14 14:40:18.616 | DEBUG    | algorithms.scr:train:186 - 28 has 2 samples
2023-04-14 14:40:18.617 | DEBUG    | algorithms.scr:train:186 - 36 has 2 samples
2023-04-14 14:40:18.617 | DEBUG    | algorithms.scr:train:186 - 96 has 2 samples
2023-04-14 14:40:18.618 | DEBUG    | algorithms.scr:train:186 - 16 has 2 samples
2023-04-14 14:40:18.619 | DEBUG    | algorithms.scr:train:186 - 35 has 2 samples
2023-04-14 14:40:18.620 | DEBUG    | algorithms.scr:train:186 - 86 has 2 samples
2023-04-14 14:40:18.620 | DEBUG    | algorithms.scr:train:186 - 47 has 2 samples
2023-04-14 14:40:18.621 | DEBUG    | algorithms.scr:train:186 - 91 has 2 samples
2023-04-14 14:40:18.622 | DEBUG    | algorithms.scr:train:186 - 65 has 2 samples
2023-04-14 14:40:18.622 | DEBUG    | algorithms.scr:train:186 - 80 has 2 samples
2023-04-14 14:40:18.623 | DEBUG    | algorithms.scr:train:186 - 66 has 2 samples
2023-04-14 14:40:18.624 | DEBUG    | algorithms.scr:train:186 - 41 has 2 samples
2023-04-14 14:40:18.625 | DEBUG    | algorithms.scr:train:186 - 49 has 2 samples
2023-04-14 14:40:18.625 | DEBUG    | algorithms.scr:train:186 - 11 has 2 samples
2023-04-14 14:40:18.626 | DEBUG    | algorithms.scr:train:186 - 73 has 2 samples
2023-04-14 14:40:18.627 | DEBUG    | algorithms.scr:train:186 - 63 has 2 samples
2023-04-14 14:40:18.628 | DEBUG    | algorithms.scr:train:186 - 6 has 2 samples
2023-04-14 14:40:18.628 | DEBUG    | algorithms.scr:train:186 - 43 has 2 samples
2023-04-14 14:40:18.629 | DEBUG    | algorithms.scr:train:186 - 83 has 2 samples
2023-04-14 14:40:18.630 | DEBUG    | algorithms.scr:train:186 - 58 has 2 samples
2023-04-14 14:40:18.630 | DEBUG    | algorithms.scr:train:186 - 93 has 2 samples
2023-04-14 14:40:18.631 | DEBUG    | algorithms.scr:train:186 - 13 has 2 samples
2023-04-14 14:40:18.632 | DEBUG    | algorithms.scr:train:186 - 20 has 2 samples
2023-04-14 14:40:18.633 | DEBUG    | algorithms.scr:train:186 - 77 has 2 samples
2023-04-14 14:40:18.633 | DEBUG    | algorithms.scr:train:186 - 10 has 2 samples
2023-04-14 14:40:18.634 | DEBUG    | algorithms.scr:train:186 - 40 has 2 samples
2023-04-14 14:40:18.635 | DEBUG    | algorithms.scr:train:186 - 27 has 2 samples
2023-04-14 14:40:18.636 | DEBUG    | algorithms.scr:train:186 - 14 has 3 samples
2023-04-14 14:40:18.637 | DEBUG    | algorithms.scr:train:186 - 84 has 3 samples
2023-04-14 14:40:18.638 | DEBUG    | algorithms.scr:train:186 - 59 has 3 samples
2023-04-14 14:40:18.638 | DEBUG    | algorithms.scr:train:186 - 48 has 3 samples
2023-04-14 14:40:18.639 | DEBUG    | algorithms.scr:train:186 - 67 has 3 samples
2023-04-14 14:40:18.640 | DEBUG    | algorithms.scr:train:186 - 50 has 3 samples
2023-04-14 14:40:18.641 | DEBUG    | algorithms.scr:train:186 - 94 has 3 samples
2023-04-14 14:40:18.641 | DEBUG    | algorithms.scr:train:186 - 81 has 3 samples
2023-04-14 14:40:18.642 | DEBUG    | algorithms.scr:train:186 - 68 has 3 samples
2023-04-14 14:40:18.643 | DEBUG    | algorithms.scr:train:186 - 56 has 3 samples
2023-04-14 14:40:18.644 | DEBUG    | algorithms.scr:train:186 - 9 has 3 samples
2023-04-14 14:40:18.645 | DEBUG    | algorithms.scr:train:186 - 51 has 3 samples
2023-04-14 14:40:18.645 | DEBUG    | algorithms.scr:train:186 - 57 has 3 samples
2023-04-14 14:40:18.646 | DEBUG    | algorithms.scr:train:186 - 61 has 3 samples
2023-04-14 14:40:18.647 | DEBUG    | algorithms.scr:train:186 - 95 has 3 samples
2023-04-14 14:40:18.648 | DEBUG    | algorithms.scr:train:186 - 46 has 3 samples
2023-04-14 14:40:18.649 | DEBUG    | algorithms.scr:train:186 - 54 has 3 samples
2023-04-14 14:40:18.650 | DEBUG    | algorithms.scr:train:186 - 30 has 3 samples
2023-04-14 14:40:18.650 | DEBUG    | algorithms.scr:train:186 - 99 has 3 samples
2023-04-14 14:40:18.651 | DEBUG    | algorithms.scr:train:186 - 3 has 3 samples
2023-04-14 14:40:18.652 | DEBUG    | algorithms.scr:train:186 - 85 has 3 samples
2023-04-14 14:40:18.653 | DEBUG    | algorithms.scr:train:186 - 52 has 3 samples
2023-04-14 14:40:18.654 | DEBUG    | algorithms.scr:train:186 - 55 has 3 samples
2023-04-14 14:40:18.654 | DEBUG    | algorithms.scr:train:186 - 97 has 3 samples
2023-04-14 14:40:18.655 | DEBUG    | algorithms.scr:train:186 - 71 has 3 samples
2023-04-14 14:40:18.656 | DEBUG    | algorithms.scr:train:186 - 25 has 3 samples
2023-04-14 14:40:18.657 | DEBUG    | algorithms.scr:train:186 - 98 has 3 samples
2023-04-14 14:40:18.657 | DEBUG    | algorithms.scr:train:186 - 76 has 3 samples
2023-04-14 14:40:18.658 | DEBUG    | algorithms.scr:train:186 - 60 has 3 samples
2023-04-14 14:40:18.659 | DEBUG    | algorithms.scr:train:186 - 38 has 3 samples
2023-04-14 14:40:18.660 | DEBUG    | algorithms.scr:train:186 - 7 has 3 samples
2023-04-14 14:40:18.660 | DEBUG    | algorithms.scr:train:186 - 69 has 3 samples
2023-04-14 14:40:18.661 | DEBUG    | algorithms.scr:train:186 - 12 has 3 samples
2023-04-14 14:40:18.662 | DEBUG    | algorithms.scr:train:186 - 75 has 3 samples
2023-04-14 14:40:18.663 | DEBUG    | algorithms.scr:train:186 - 15 has 3 samples
2023-04-14 14:40:18.664 | DEBUG    | algorithms.scr:train:186 - 21 has 3 samples
2023-04-14 14:40:18.664 | DEBUG    | algorithms.scr:train:186 - 5 has 3 samples
2023-04-14 14:40:18.665 | DEBUG    | algorithms.scr:train:186 - 78 has 3 samples
2023-04-14 14:40:18.666 | DEBUG    | algorithms.scr:train:186 - 37 has 3 samples
2023-04-14 14:40:18.667 | DEBUG    | algorithms.scr:train:186 - 39 has 3 samples
2023-04-14 14:40:18.667 | INFO     | algorithms.scr:train:192 - 1, loss: 2.221
2023-04-14 14:40:18.668 | INFO     | algorithms.algorithm_base:run_base_task_metrics:144 - Running metrics: Task 3
2023-04-14 14:40:18.676 | INFO     | algorithms.scr:classify:209 - Generating fresh mean embedding vectors
2023-04-14 14:40:19.179 | DEBUG    | algorithms.scr:classify:231 - Generated mean embedding vectors for: dict_keys([23, 74, 34, 62, 19, 0, 64, 26, 22, 70, 87, 18, 53, 28, 36, 96, 16, 35, 86, 47, 91, 65, 80, 66, 41, 49, 11, 73, 63, 6, 43, 83, 58, 93, 13, 20, 77, 10, 40, 27, 14, 84, 59, 48, 67, 50, 94, 81, 68, 56, 9, 51, 57, 61, 95, 46, 54, 30, 99, 3, 85, 52, 55, 97, 71, 25, 98, 76, 60, 38, 7, 69, 12, 75, 15, 21, 5, 78, 37, 39])
2023-04-14 14:42:04.134 | DEBUG    | algorithms.algorithm_base:run_base_task_metrics:200 - Raw classification accuracy results saved to ./output_cifar100_varied_sampling/scr/1681478431.7514703_CIFAR100_OFFICIAL_RUN/task_3_accuracy_results.json
2023-04-14 14:42:04.135 | INFO     | algorithms.algorithm_base:run_base_task_metrics:201 - Correctly classified 1254 / 10000 samples (12.54% correct)
2023-04-14 14:42:04.534 | INFO     | algorithms.scr:train:126 - Task 5 / 5
2023-04-14 14:42:04.542 | INFO     | algorithms.scr:train:127 - Classes in task: ['lizard', 'tulip', 'spider', 'forest', 'dinosaur', 'castle', 'bicycle', 'flatfish', 'lobster', 'train', 'baby', 'tiger', 'cockroach', 'leopard', 'elephant', 'tractor', 'sunflower', 'aquarium_fish', 'beaver', 'seal']
2023-04-14 14:42:04.542 | INFO     | algorithms.scr:train:134 - Starting epoch 1 / 1
2023-04-14 14:42:14.662 | INFO     | algorithms.scr:train:180 - 4:1:40, loss: 2.139
2023-04-14 14:42:24.542 | INFO     | algorithms.scr:train:180 - 4:1:80, loss: 1.969
2023-04-14 14:42:34.410 | INFO     | algorithms.scr:train:180 - 4:1:120, loss: 1.911
2023-04-14 14:42:44.287 | INFO     | algorithms.scr:train:180 - 4:1:160, loss: 1.818
2023-04-14 14:42:54.163 | INFO     | algorithms.scr:train:180 - 4:1:200, loss: 1.857
2023-04-14 14:43:04.037 | INFO     | algorithms.scr:train:180 - 4:1:240, loss: 1.776
2023-04-14 14:43:13.955 | INFO     | algorithms.scr:train:180 - 4:1:280, loss: 1.779
2023-04-14 14:43:23.834 | INFO     | algorithms.scr:train:180 - 4:1:320, loss: 1.740
2023-04-14 14:43:33.693 | INFO     | algorithms.scr:train:180 - 4:1:360, loss: 1.748
2023-04-14 14:43:43.569 | INFO     | algorithms.scr:train:180 - 4:1:400, loss: 1.753
2023-04-14 14:43:53.442 | INFO     | algorithms.scr:train:180 - 4:1:440, loss: 1.712
2023-04-14 14:44:03.343 | INFO     | algorithms.scr:train:180 - 4:1:480, loss: 1.685
2023-04-14 14:44:13.199 | INFO     | algorithms.scr:train:180 - 4:1:520, loss: 1.674
2023-04-14 14:44:23.067 | INFO     | algorithms.scr:train:180 - 4:1:560, loss: 1.705
2023-04-14 14:44:32.941 | INFO     | algorithms.scr:train:180 - 4:1:600, loss: 1.671
2023-04-14 14:44:42.824 | INFO     | algorithms.scr:train:180 - 4:1:640, loss: 1.641
2023-04-14 14:44:52.689 | INFO     | algorithms.scr:train:180 - 4:1:680, loss: 1.646
2023-04-14 14:45:02.548 | INFO     | algorithms.scr:train:180 - 4:1:720, loss: 1.633
2023-04-14 14:45:12.431 | INFO     | algorithms.scr:train:180 - 4:1:760, loss: 1.645
2023-04-14 14:45:22.293 | INFO     | algorithms.scr:train:180 - 4:1:800, loss: 1.632
2023-04-14 14:45:32.161 | INFO     | algorithms.scr:train:180 - 4:1:840, loss: 1.613
2023-04-14 14:45:42.063 | INFO     | algorithms.scr:train:180 - 4:1:880, loss: 1.601
2023-04-14 14:45:51.927 | INFO     | algorithms.scr:train:180 - 4:1:920, loss: 1.535
2023-04-14 14:46:01.806 | INFO     | algorithms.scr:train:180 - 4:1:960, loss: 1.589
2023-04-14 14:46:11.424 | DEBUG    | algorithms.scr:train:183 - Current sample stats:
2023-04-14 14:46:11.425 | DEBUG    | algorithms.scr:train:186 - 23 has 2 samples
2023-04-14 14:46:11.426 | DEBUG    | algorithms.scr:train:186 - 74 has 2 samples
2023-04-14 14:46:11.427 | DEBUG    | algorithms.scr:train:186 - 34 has 2 samples
2023-04-14 14:46:11.427 | DEBUG    | algorithms.scr:train:186 - 62 has 2 samples
2023-04-14 14:46:11.428 | DEBUG    | algorithms.scr:train:186 - 19 has 2 samples
2023-04-14 14:46:11.429 | DEBUG    | algorithms.scr:train:186 - 0 has 2 samples
2023-04-14 14:46:11.430 | DEBUG    | algorithms.scr:train:186 - 64 has 2 samples
2023-04-14 14:46:11.430 | DEBUG    | algorithms.scr:train:186 - 26 has 2 samples
2023-04-14 14:46:11.431 | DEBUG    | algorithms.scr:train:186 - 22 has 2 samples
2023-04-14 14:46:11.432 | DEBUG    | algorithms.scr:train:186 - 70 has 2 samples
2023-04-14 14:46:11.432 | DEBUG    | algorithms.scr:train:186 - 87 has 2 samples
2023-04-14 14:46:11.433 | DEBUG    | algorithms.scr:train:186 - 18 has 2 samples
2023-04-14 14:46:11.434 | DEBUG    | algorithms.scr:train:186 - 53 has 2 samples
2023-04-14 14:46:11.435 | DEBUG    | algorithms.scr:train:186 - 28 has 2 samples
2023-04-14 14:46:11.435 | DEBUG    | algorithms.scr:train:186 - 36 has 2 samples
2023-04-14 14:46:11.436 | DEBUG    | algorithms.scr:train:186 - 96 has 2 samples
2023-04-14 14:46:11.437 | DEBUG    | algorithms.scr:train:186 - 16 has 2 samples
2023-04-14 14:46:11.437 | DEBUG    | algorithms.scr:train:186 - 35 has 2 samples
2023-04-14 14:46:11.438 | DEBUG    | algorithms.scr:train:186 - 86 has 2 samples
2023-04-14 14:46:11.439 | DEBUG    | algorithms.scr:train:186 - 47 has 2 samples
2023-04-14 14:46:11.440 | DEBUG    | algorithms.scr:train:186 - 91 has 2 samples
2023-04-14 14:46:11.440 | DEBUG    | algorithms.scr:train:186 - 65 has 2 samples
2023-04-14 14:46:11.441 | DEBUG    | algorithms.scr:train:186 - 80 has 2 samples
2023-04-14 14:46:11.442 | DEBUG    | algorithms.scr:train:186 - 66 has 2 samples
2023-04-14 14:46:11.443 | DEBUG    | algorithms.scr:train:186 - 41 has 2 samples
2023-04-14 14:46:11.443 | DEBUG    | algorithms.scr:train:186 - 49 has 2 samples
2023-04-14 14:46:11.444 | DEBUG    | algorithms.scr:train:186 - 11 has 2 samples
2023-04-14 14:46:11.445 | DEBUG    | algorithms.scr:train:186 - 73 has 2 samples
2023-04-14 14:46:11.445 | DEBUG    | algorithms.scr:train:186 - 63 has 2 samples
2023-04-14 14:46:11.446 | DEBUG    | algorithms.scr:train:186 - 6 has 2 samples
2023-04-14 14:46:11.447 | DEBUG    | algorithms.scr:train:186 - 43 has 2 samples
2023-04-14 14:46:11.448 | DEBUG    | algorithms.scr:train:186 - 83 has 2 samples
2023-04-14 14:46:11.448 | DEBUG    | algorithms.scr:train:186 - 58 has 2 samples
2023-04-14 14:46:11.449 | DEBUG    | algorithms.scr:train:186 - 93 has 2 samples
2023-04-14 14:46:11.450 | DEBUG    | algorithms.scr:train:186 - 13 has 2 samples
2023-04-14 14:46:11.451 | DEBUG    | algorithms.scr:train:186 - 20 has 2 samples
2023-04-14 14:46:11.451 | DEBUG    | algorithms.scr:train:186 - 77 has 2 samples
2023-04-14 14:46:11.452 | DEBUG    | algorithms.scr:train:186 - 10 has 2 samples
2023-04-14 14:46:11.453 | DEBUG    | algorithms.scr:train:186 - 40 has 2 samples
2023-04-14 14:46:11.453 | DEBUG    | algorithms.scr:train:186 - 27 has 2 samples
2023-04-14 14:46:11.454 | DEBUG    | algorithms.scr:train:186 - 14 has 2 samples
2023-04-14 14:46:11.455 | DEBUG    | algorithms.scr:train:186 - 84 has 2 samples
2023-04-14 14:46:11.456 | DEBUG    | algorithms.scr:train:186 - 59 has 2 samples
2023-04-14 14:46:11.457 | DEBUG    | algorithms.scr:train:186 - 48 has 2 samples
2023-04-14 14:46:11.457 | DEBUG    | algorithms.scr:train:186 - 67 has 2 samples
2023-04-14 14:46:11.458 | DEBUG    | algorithms.scr:train:186 - 50 has 2 samples
2023-04-14 14:46:11.459 | DEBUG    | algorithms.scr:train:186 - 94 has 2 samples
2023-04-14 14:46:11.460 | DEBUG    | algorithms.scr:train:186 - 81 has 2 samples
2023-04-14 14:46:11.461 | DEBUG    | algorithms.scr:train:186 - 68 has 2 samples
2023-04-14 14:46:11.461 | DEBUG    | algorithms.scr:train:186 - 56 has 2 samples
2023-04-14 14:46:11.462 | DEBUG    | algorithms.scr:train:186 - 9 has 2 samples
2023-04-14 14:46:11.463 | DEBUG    | algorithms.scr:train:186 - 51 has 2 samples
2023-04-14 14:46:11.464 | DEBUG    | algorithms.scr:train:186 - 57 has 2 samples
2023-04-14 14:46:11.465 | DEBUG    | algorithms.scr:train:186 - 61 has 2 samples
2023-04-14 14:46:11.465 | DEBUG    | algorithms.scr:train:186 - 95 has 2 samples
2023-04-14 14:46:11.466 | DEBUG    | algorithms.scr:train:186 - 46 has 2 samples
2023-04-14 14:46:11.467 | DEBUG    | algorithms.scr:train:186 - 54 has 2 samples
2023-04-14 14:46:11.468 | DEBUG    | algorithms.scr:train:186 - 30 has 2 samples
2023-04-14 14:46:11.468 | DEBUG    | algorithms.scr:train:186 - 99 has 2 samples
2023-04-14 14:46:11.469 | DEBUG    | algorithms.scr:train:186 - 3 has 2 samples
2023-04-14 14:46:11.469 | DEBUG    | algorithms.scr:train:186 - 85 has 2 samples
2023-04-14 14:46:11.470 | DEBUG    | algorithms.scr:train:186 - 52 has 2 samples
2023-04-14 14:46:11.471 | DEBUG    | algorithms.scr:train:186 - 55 has 2 samples
2023-04-14 14:46:11.472 | DEBUG    | algorithms.scr:train:186 - 97 has 2 samples
2023-04-14 14:46:11.472 | DEBUG    | algorithms.scr:train:186 - 71 has 2 samples
2023-04-14 14:46:11.473 | DEBUG    | algorithms.scr:train:186 - 25 has 2 samples
2023-04-14 14:46:11.474 | DEBUG    | algorithms.scr:train:186 - 98 has 2 samples
2023-04-14 14:46:11.475 | DEBUG    | algorithms.scr:train:186 - 76 has 2 samples
2023-04-14 14:46:11.476 | DEBUG    | algorithms.scr:train:186 - 60 has 2 samples
2023-04-14 14:46:11.477 | DEBUG    | algorithms.scr:train:186 - 38 has 2 samples
2023-04-14 14:46:11.477 | DEBUG    | algorithms.scr:train:186 - 7 has 2 samples
2023-04-14 14:46:11.478 | DEBUG    | algorithms.scr:train:186 - 69 has 2 samples
2023-04-14 14:46:11.479 | DEBUG    | algorithms.scr:train:186 - 12 has 2 samples
2023-04-14 14:46:11.480 | DEBUG    | algorithms.scr:train:186 - 75 has 2 samples
2023-04-14 14:46:11.480 | DEBUG    | algorithms.scr:train:186 - 15 has 2 samples
2023-04-14 14:46:11.481 | DEBUG    | algorithms.scr:train:186 - 21 has 2 samples
2023-04-14 14:46:11.482 | DEBUG    | algorithms.scr:train:186 - 5 has 2 samples
2023-04-14 14:46:11.483 | DEBUG    | algorithms.scr:train:186 - 78 has 2 samples
2023-04-14 14:46:11.484 | DEBUG    | algorithms.scr:train:186 - 37 has 2 samples
2023-04-14 14:46:11.484 | DEBUG    | algorithms.scr:train:186 - 39 has 2 samples
2023-04-14 14:46:11.485 | DEBUG    | algorithms.scr:train:186 - 32 has 2 samples
2023-04-14 14:46:11.486 | DEBUG    | algorithms.scr:train:186 - 89 has 2 samples
2023-04-14 14:46:11.486 | DEBUG    | algorithms.scr:train:186 - 92 has 2 samples
2023-04-14 14:46:11.487 | DEBUG    | algorithms.scr:train:186 - 72 has 2 samples
2023-04-14 14:46:11.488 | DEBUG    | algorithms.scr:train:186 - 29 has 2 samples
2023-04-14 14:46:11.489 | DEBUG    | algorithms.scr:train:186 - 8 has 2 samples
2023-04-14 14:46:11.490 | DEBUG    | algorithms.scr:train:186 - 31 has 2 samples
2023-04-14 14:46:11.491 | DEBUG    | algorithms.scr:train:186 - 24 has 2 samples
2023-04-14 14:46:11.492 | DEBUG    | algorithms.scr:train:186 - 1 has 2 samples
2023-04-14 14:46:11.492 | DEBUG    | algorithms.scr:train:186 - 88 has 2 samples
2023-04-14 14:46:11.493 | DEBUG    | algorithms.scr:train:186 - 4 has 2 samples
2023-04-14 14:46:11.494 | DEBUG    | algorithms.scr:train:186 - 90 has 2 samples
2023-04-14 14:46:11.495 | DEBUG    | algorithms.scr:train:186 - 42 has 2 samples
2023-04-14 14:46:11.495 | DEBUG    | algorithms.scr:train:186 - 2 has 2 samples
2023-04-14 14:46:11.496 | DEBUG    | algorithms.scr:train:186 - 33 has 2 samples
2023-04-14 14:46:11.497 | DEBUG    | algorithms.scr:train:186 - 82 has 2 samples
2023-04-14 14:46:11.498 | DEBUG    | algorithms.scr:train:186 - 79 has 2 samples
2023-04-14 14:46:11.499 | DEBUG    | algorithms.scr:train:186 - 17 has 2 samples
2023-04-14 14:46:11.499 | DEBUG    | algorithms.scr:train:186 - 44 has 2 samples
2023-04-14 14:46:11.500 | DEBUG    | algorithms.scr:train:186 - 45 has 2 samples
2023-04-14 14:46:11.501 | INFO     | algorithms.scr:train:192 - 1, loss: 1.724
2023-04-14 14:46:11.502 | INFO     | algorithms.algorithm_base:run_base_task_metrics:144 - Running metrics: Task 4
2023-04-14 14:46:11.509 | INFO     | algorithms.scr:classify:209 - Generating fresh mean embedding vectors
2023-04-14 14:46:12.033 | DEBUG    | algorithms.scr:classify:231 - Generated mean embedding vectors for: dict_keys([23, 74, 34, 62, 19, 0, 64, 26, 22, 70, 87, 18, 53, 28, 36, 96, 16, 35, 86, 47, 91, 65, 80, 66, 41, 49, 11, 73, 63, 6, 43, 83, 58, 93, 13, 20, 77, 10, 40, 27, 14, 84, 59, 48, 67, 50, 94, 81, 68, 56, 9, 51, 57, 61, 95, 46, 54, 30, 99, 3, 85, 52, 55, 97, 71, 25, 98, 76, 60, 38, 7, 69, 12, 75, 15, 21, 5, 78, 37, 39, 32, 89, 92, 72, 29, 8, 31, 24, 1, 88, 4, 90, 42, 2, 33, 82, 79, 17, 44, 45])
2023-04-14 14:48:16.309 | DEBUG    | algorithms.algorithm_base:run_base_task_metrics:200 - Raw classification accuracy results saved to ./output_cifar100_varied_sampling/scr/1681478431.7514703_CIFAR100_OFFICIAL_RUN/task_4_accuracy_results.json
2023-04-14 14:48:16.311 | INFO     | algorithms.algorithm_base:run_base_task_metrics:201 - Correctly classified 1161 / 10000 samples (11.61% correct)
2023-04-14 14:48:16.718 | INFO     | algorithms.scr:train:201 - Training complete
2023-04-14 14:48:16.724 | INFO     | __main__:run_experiment:300 - Training and evaluation completed!
2023-04-14 14:48:16.726 | INFO     | __main__:run_experiment:314 - Wrote usage stats to file
2023-04-14 14:48:16.727 | INFO     | __main__:main:363 - Complete
2023-04-14 14:48:16.728 | INFO     | __main__:close_tensorboard_writer:262 - Shut down TensorBoard
