2023-04-18 01:08:08.058 | INFO     | __main__:setup_files:218 - Experiment Name: OFFICIAL_RUN
2023-04-18 01:08:08.060 | INFO     | __main__:main:334 - Command line arguments: Configuration(algorithm='scr', dataset='cifar10', classes_per_task=2, seed=2843, samples=200)
2023-04-18 01:08:08.062 | INFO     | __main__:main:338 - Seeded random to 2843
2023-04-18 01:08:08.062 | INFO     | __main__:main:342 - Got CUDA device
2023-04-18 01:08:08.063 | INFO     | __main__:force_cuda_load:268 - Forcing CUDA initialisation...
2023-04-18 01:08:08.118 | INFO     | __main__:main:346 - CUDA initialised
2023-04-18 01:08:08.120 | INFO     | __main__:setup_shutdown_hook:264 - To access TensorBoard, run the command: tensorboard --logdir=./output_cifar10_varied_sampling/scr/1681776488.052138_CIFAR10_OFFICIAL_RUN
2023-04-18 01:08:08.121 | INFO     | __main__:main:350 - Setup shutdown hooks
2023-04-18 01:08:08.144 | INFO     | __main__:main:355 - Model is setup
2023-04-18 01:08:08.146 | INFO     | __main__:main:357 - Complete pre-setup, starting experiment
2023-04-18 01:08:09.358 | INFO     | datasets.dataset_base:__init__:80 - Using disjoint tasks with 2 (5 tasks) with a randomised split
2023-04-18 01:08:09.359 | DEBUG    | datasets.dataset_base:_setup_task_datasets:95 - Splitting dataset into 5 disjoint tasks
2023-04-18 01:08:09.379 | INFO     | datasets.dataset_base:__init__:85 - {
  "name": "datasets.cifar10.CIFAR10",
  "dataset_class": "torchvision.datasets.cifar.CIFAR10",
  "training_dataset_parameters": "{'train': True, 'download': True}",
  "testing_dataset_parameters": "{'train': False, 'download': True}",
  "training_transform": "Compose(\n    Resize(size=(32, 32), interpolation=bilinear, max_size=None, antialias=None)\n    ToTensor()\n    Normalize(mean=(0.4914, 0.4822, 0.4465), std=(0.247, 0.2435, 0.2616))\n    RandomCrop(size=(32, 32), padding=4)\n    RandomHorizontalFlip(p=0.5)\n)",
  "testing_transform": "Compose(\n    Resize(size=(32, 32), interpolation=bilinear, max_size=None, antialias=None)\n    ToTensor()\n    Normalize(mean=(0.4914, 0.4822, 0.4465), std=(0.247, 0.2435, 0.2616))\n)",
  "classes": "plane, car, bird, cat, deer, dog, frog, horse, ship, truck",
  "disjoint": true,
  "task_count": 5,
  "classes_per_task": [
    2
  ],
  "task_split_indices": [
    [
      4,
      3
    ],
    [
      7,
      2
    ],
    [
      1,
      6
    ],
    [
      5,
      8
    ],
    [
      0,
      9
    ]
  ],
  "task_split_classes": [
    [
      "deer",
      "cat"
    ],
    [
      "horse",
      "bird"
    ],
    [
      "car",
      "frog"
    ],
    [
      "dog",
      "ship"
    ],
    [
      "plane",
      "truck"
    ]
  ]
}
2023-04-18 01:08:09.401 | DEBUG    | __main__:run_experiment:292 - PID: 22596
2023-04-18 01:08:09.403 | INFO     | __main__:run_experiment:294 - Starting...
2023-04-18 01:08:09.404 | INFO     | algorithms.algorithm_base:train:116 - {
  "name": "algorithms.scr.SupervisedContrastiveReplay",
  "model_class": "models.scr.scr_resnet.SupConResNet",
  "device": "cuda:0",
  "dataset_class": "datasets.cifar10.CIFAR10",
  "optimiser_class": "torch.optim.sgd.SGD",
  "loss_criterion_class": "torch.nn.modules.loss.CrossEntropyLoss",
  "epochs_per_task": 1,
  "batch_size": 10,
  "max_memory_samples": 200,
  "memory_batch_size": 100,
  "tau (temperature)": 0.07,
  "lr": 0.1
}
2023-04-18 01:08:09.405 | DEBUG    | algorithms.algorithm_base:_setup_training:109 - Model moved to cuda:0 and set to train mode
2023-04-18 01:08:09.406 | INFO     | algorithms.algorithm_base:train:118 - Starting training
2023-04-18 01:08:09.407 | INFO     | algorithms.scr:train:126 - Task 1 / 5
2023-04-18 01:08:09.407 | INFO     | algorithms.scr:train:127 - Classes in task: ['deer', 'cat']
2023-04-18 01:08:09.408 | INFO     | algorithms.scr:train:134 - Starting epoch 1 / 1
2023-04-18 01:08:19.741 | INFO     | algorithms.scr:train:180 - 0:1:40, loss: 4.188
2023-04-18 01:08:29.650 | INFO     | algorithms.scr:train:180 - 0:1:80, loss: 5.371
2023-04-18 01:08:39.575 | INFO     | algorithms.scr:train:180 - 0:1:120, loss: 5.366
2023-04-18 01:08:49.474 | INFO     | algorithms.scr:train:180 - 0:1:160, loss: 5.359
2023-04-18 01:08:59.670 | INFO     | algorithms.scr:train:180 - 0:1:200, loss: 5.327
2023-04-18 01:09:10.003 | INFO     | algorithms.scr:train:180 - 0:1:240, loss: 5.325
2023-04-18 01:09:20.313 | INFO     | algorithms.scr:train:180 - 0:1:280, loss: 5.316
2023-04-18 01:09:30.645 | INFO     | algorithms.scr:train:180 - 0:1:320, loss: 5.298
2023-04-18 01:09:40.976 | INFO     | algorithms.scr:train:180 - 0:1:360, loss: 5.299
2023-04-18 01:09:51.348 | INFO     | algorithms.scr:train:180 - 0:1:400, loss: 5.280
2023-04-18 01:10:01.709 | INFO     | algorithms.scr:train:180 - 0:1:440, loss: 5.297
2023-04-18 01:10:12.017 | INFO     | algorithms.scr:train:180 - 0:1:480, loss: 5.286
2023-04-18 01:10:22.345 | INFO     | algorithms.scr:train:180 - 0:1:520, loss: 5.292
2023-04-18 01:10:32.698 | INFO     | algorithms.scr:train:180 - 0:1:560, loss: 5.284
2023-04-18 01:10:43.052 | INFO     | algorithms.scr:train:180 - 0:1:600, loss: 5.271
2023-04-18 01:10:53.384 | INFO     | algorithms.scr:train:180 - 0:1:640, loss: 5.276
2023-04-18 01:11:03.650 | INFO     | algorithms.scr:train:180 - 0:1:680, loss: 5.254
2023-04-18 01:11:13.967 | INFO     | algorithms.scr:train:180 - 0:1:720, loss: 5.238
2023-04-18 01:11:24.307 | INFO     | algorithms.scr:train:180 - 0:1:760, loss: 5.251
2023-04-18 01:11:34.622 | INFO     | algorithms.scr:train:180 - 0:1:800, loss: 5.253
2023-04-18 01:11:44.929 | INFO     | algorithms.scr:train:180 - 0:1:840, loss: 5.241
2023-04-18 01:11:55.238 | INFO     | algorithms.scr:train:180 - 0:1:880, loss: 5.229
2023-04-18 01:12:05.543 | INFO     | algorithms.scr:train:180 - 0:1:920, loss: 5.260
2023-04-18 01:12:15.893 | INFO     | algorithms.scr:train:180 - 0:1:960, loss: 5.262
2023-04-18 01:12:25.955 | DEBUG    | algorithms.scr:train:183 - Current sample stats:
2023-04-18 01:12:25.956 | DEBUG    | algorithms.scr:train:186 - 3 has 100 samples
2023-04-18 01:12:25.957 | DEBUG    | algorithms.scr:train:186 - 4 has 100 samples
2023-04-18 01:12:25.958 | INFO     | algorithms.scr:train:192 - 1, loss: 5.243
2023-04-18 01:12:25.958 | INFO     | algorithms.algorithm_base:run_base_task_metrics:144 - Running metrics: Task 0
2023-04-18 01:12:25.966 | INFO     | algorithms.scr:classify:209 - Generating fresh mean embedding vectors
2023-04-18 01:12:26.562 | DEBUG    | algorithms.scr:classify:231 - Generated mean embedding vectors for: dict_keys([3, 4])
2023-04-18 01:12:53.553 | DEBUG    | algorithms.algorithm_base:run_base_task_metrics:200 - Raw classification accuracy results saved to ./output_cifar10_varied_sampling/scr/1681776488.052138_CIFAR10_OFFICIAL_RUN/task_0_accuracy_results.json
2023-04-18 01:12:53.555 | INFO     | algorithms.algorithm_base:run_base_task_metrics:201 - Correctly classified 1621 / 10000 samples (16.21% correct)
2023-04-18 01:12:53.748 | INFO     | algorithms.scr:train:126 - Task 2 / 5
2023-04-18 01:12:53.752 | INFO     | algorithms.scr:train:127 - Classes in task: ['horse', 'bird']
2023-04-18 01:12:53.753 | INFO     | algorithms.scr:train:134 - Starting epoch 1 / 1
2023-04-18 01:13:04.312 | INFO     | algorithms.scr:train:180 - 1:1:40, loss: 5.422
2023-04-18 01:13:14.616 | INFO     | algorithms.scr:train:180 - 1:1:80, loss: 5.266
2023-04-18 01:13:24.912 | INFO     | algorithms.scr:train:180 - 1:1:120, loss: 5.242
2023-04-18 01:13:35.176 | INFO     | algorithms.scr:train:180 - 1:1:160, loss: 5.213
2023-04-18 01:13:45.447 | INFO     | algorithms.scr:train:180 - 1:1:200, loss: 5.175
2023-04-18 01:13:55.725 | INFO     | algorithms.scr:train:180 - 1:1:240, loss: 5.127
2023-04-18 01:14:06.056 | INFO     | algorithms.scr:train:180 - 1:1:280, loss: 5.092
2023-04-18 01:14:16.321 | INFO     | algorithms.scr:train:180 - 1:1:320, loss: 5.078
2023-04-18 01:14:26.594 | INFO     | algorithms.scr:train:180 - 1:1:360, loss: 5.030
2023-04-18 01:14:36.875 | INFO     | algorithms.scr:train:180 - 1:1:400, loss: 4.994
2023-04-18 01:14:47.146 | INFO     | algorithms.scr:train:180 - 1:1:440, loss: 4.997
2023-04-18 01:14:57.453 | INFO     | algorithms.scr:train:180 - 1:1:480, loss: 4.940
2023-04-18 01:15:07.727 | INFO     | algorithms.scr:train:180 - 1:1:520, loss: 4.910
2023-04-18 01:15:18.000 | INFO     | algorithms.scr:train:180 - 1:1:560, loss: 4.905
2023-04-18 01:15:28.279 | INFO     | algorithms.scr:train:180 - 1:1:600, loss: 4.916
2023-04-18 01:15:38.557 | INFO     | algorithms.scr:train:180 - 1:1:640, loss: 4.900
2023-04-18 01:15:48.845 | INFO     | algorithms.scr:train:180 - 1:1:680, loss: 4.878
2023-04-18 01:15:59.098 | INFO     | algorithms.scr:train:180 - 1:1:720, loss: 4.864
2023-04-18 01:16:09.350 | INFO     | algorithms.scr:train:180 - 1:1:760, loss: 4.865
2023-04-18 01:16:19.620 | INFO     | algorithms.scr:train:180 - 1:1:800, loss: 4.821
2023-04-18 01:16:29.883 | INFO     | algorithms.scr:train:180 - 1:1:840, loss: 4.789
2023-04-18 01:16:40.158 | INFO     | algorithms.scr:train:180 - 1:1:880, loss: 4.809
2023-04-18 01:16:50.466 | INFO     | algorithms.scr:train:180 - 1:1:920, loss: 4.761
2023-04-18 01:17:00.725 | INFO     | algorithms.scr:train:180 - 1:1:960, loss: 4.762
2023-04-18 01:17:10.753 | DEBUG    | algorithms.scr:train:183 - Current sample stats:
2023-04-18 01:17:10.754 | DEBUG    | algorithms.scr:train:186 - 3 has 50 samples
2023-04-18 01:17:10.755 | DEBUG    | algorithms.scr:train:186 - 4 has 50 samples
2023-04-18 01:17:10.756 | DEBUG    | algorithms.scr:train:186 - 2 has 50 samples
2023-04-18 01:17:10.757 | DEBUG    | algorithms.scr:train:186 - 7 has 50 samples
2023-04-18 01:17:10.757 | INFO     | algorithms.scr:train:192 - 1, loss: 4.980
2023-04-18 01:17:10.758 | INFO     | algorithms.algorithm_base:run_base_task_metrics:144 - Running metrics: Task 1
2023-04-18 01:17:10.765 | INFO     | algorithms.scr:classify:209 - Generating fresh mean embedding vectors
2023-04-18 01:17:11.291 | DEBUG    | algorithms.scr:classify:231 - Generated mean embedding vectors for: dict_keys([3, 4, 2, 7])
2023-04-18 01:17:41.296 | DEBUG    | algorithms.algorithm_base:run_base_task_metrics:200 - Raw classification accuracy results saved to ./output_cifar10_varied_sampling/scr/1681776488.052138_CIFAR10_OFFICIAL_RUN/task_1_accuracy_results.json
2023-04-18 01:17:41.298 | INFO     | algorithms.algorithm_base:run_base_task_metrics:201 - Correctly classified 2036 / 10000 samples (20.36% correct)
2023-04-18 01:17:41.430 | INFO     | algorithms.scr:train:126 - Task 3 / 5
2023-04-18 01:17:41.434 | INFO     | algorithms.scr:train:127 - Classes in task: ['car', 'frog']
2023-04-18 01:17:41.435 | INFO     | algorithms.scr:train:134 - Starting epoch 1 / 1
2023-04-18 01:17:52.017 | INFO     | algorithms.scr:train:180 - 2:1:40, loss: 4.926
2023-04-18 01:18:02.298 | INFO     | algorithms.scr:train:180 - 2:1:80, loss: 4.662
2023-04-18 01:18:12.563 | INFO     | algorithms.scr:train:180 - 2:1:120, loss: 4.563
2023-04-18 01:18:22.839 | INFO     | algorithms.scr:train:180 - 2:1:160, loss: 4.525
2023-04-18 01:18:33.132 | INFO     | algorithms.scr:train:180 - 2:1:200, loss: 4.469
2023-04-18 01:18:43.407 | INFO     | algorithms.scr:train:180 - 2:1:240, loss: 4.407
2023-04-18 01:18:53.680 | INFO     | algorithms.scr:train:180 - 2:1:280, loss: 4.360
2023-04-18 01:19:03.983 | INFO     | algorithms.scr:train:180 - 2:1:320, loss: 4.321
2023-04-18 01:19:14.236 | INFO     | algorithms.scr:train:180 - 2:1:360, loss: 4.307
2023-04-18 01:19:24.518 | INFO     | algorithms.scr:train:180 - 2:1:400, loss: 4.272
2023-04-18 01:19:34.812 | INFO     | algorithms.scr:train:180 - 2:1:440, loss: 4.245
2023-04-18 01:19:45.099 | INFO     | algorithms.scr:train:180 - 2:1:480, loss: 4.263
2023-04-18 01:19:55.387 | INFO     | algorithms.scr:train:180 - 2:1:520, loss: 4.270
2023-04-18 01:20:05.684 | INFO     | algorithms.scr:train:180 - 2:1:560, loss: 4.219
2023-04-18 01:20:15.972 | INFO     | algorithms.scr:train:180 - 2:1:600, loss: 4.216
2023-04-18 01:20:26.246 | INFO     | algorithms.scr:train:180 - 2:1:640, loss: 4.192
2023-04-18 01:20:36.515 | INFO     | algorithms.scr:train:180 - 2:1:680, loss: 4.146
2023-04-18 01:20:46.786 | INFO     | algorithms.scr:train:180 - 2:1:720, loss: 4.154
2023-04-18 01:20:57.075 | INFO     | algorithms.scr:train:180 - 2:1:760, loss: 4.166
2023-04-18 01:21:07.355 | INFO     | algorithms.scr:train:180 - 2:1:800, loss: 4.155
2023-04-18 01:21:17.644 | INFO     | algorithms.scr:train:180 - 2:1:840, loss: 4.131
2023-04-18 01:21:27.896 | INFO     | algorithms.scr:train:180 - 2:1:880, loss: 4.105
2023-04-18 01:21:38.173 | INFO     | algorithms.scr:train:180 - 2:1:920, loss: 4.105
2023-04-18 01:21:48.433 | INFO     | algorithms.scr:train:180 - 2:1:960, loss: 4.109
2023-04-18 01:21:58.504 | DEBUG    | algorithms.scr:train:183 - Current sample stats:
2023-04-18 01:21:58.505 | DEBUG    | algorithms.scr:train:186 - 3 has 33 samples
2023-04-18 01:21:58.506 | DEBUG    | algorithms.scr:train:186 - 4 has 33 samples
2023-04-18 01:21:58.506 | DEBUG    | algorithms.scr:train:186 - 2 has 33 samples
2023-04-18 01:21:58.507 | DEBUG    | algorithms.scr:train:186 - 7 has 33 samples
2023-04-18 01:21:58.508 | DEBUG    | algorithms.scr:train:186 - 1 has 34 samples
2023-04-18 01:21:58.509 | DEBUG    | algorithms.scr:train:186 - 6 has 34 samples
2023-04-18 01:21:58.509 | INFO     | algorithms.scr:train:192 - 1, loss: 4.294
2023-04-18 01:21:58.510 | INFO     | algorithms.algorithm_base:run_base_task_metrics:144 - Running metrics: Task 2
2023-04-18 01:21:58.517 | INFO     | algorithms.scr:classify:209 - Generating fresh mean embedding vectors
2023-04-18 01:21:59.022 | DEBUG    | algorithms.scr:classify:231 - Generated mean embedding vectors for: dict_keys([3, 4, 2, 7, 1, 6])
2023-04-18 01:22:30.954 | DEBUG    | algorithms.algorithm_base:run_base_task_metrics:200 - Raw classification accuracy results saved to ./output_cifar10_varied_sampling/scr/1681776488.052138_CIFAR10_OFFICIAL_RUN/task_2_accuracy_results.json
2023-04-18 01:22:30.956 | INFO     | algorithms.algorithm_base:run_base_task_metrics:201 - Correctly classified 3256 / 10000 samples (32.56% correct)
2023-04-18 01:22:31.091 | INFO     | algorithms.scr:train:126 - Task 4 / 5
2023-04-18 01:22:31.095 | INFO     | algorithms.scr:train:127 - Classes in task: ['dog', 'ship']
2023-04-18 01:22:31.096 | INFO     | algorithms.scr:train:134 - Starting epoch 1 / 1
2023-04-18 01:22:41.624 | INFO     | algorithms.scr:train:180 - 3:1:40, loss: 4.355
2023-04-18 01:22:51.921 | INFO     | algorithms.scr:train:180 - 3:1:80, loss: 4.219
2023-04-18 01:23:02.187 | INFO     | algorithms.scr:train:180 - 3:1:120, loss: 4.132
2023-04-18 01:23:12.473 | INFO     | algorithms.scr:train:180 - 3:1:160, loss: 4.074
2023-04-18 01:23:22.771 | INFO     | algorithms.scr:train:180 - 3:1:200, loss: 4.019
2023-04-18 01:23:33.067 | INFO     | algorithms.scr:train:180 - 3:1:240, loss: 3.970
2023-04-18 01:23:43.362 | INFO     | algorithms.scr:train:180 - 3:1:280, loss: 3.943
2023-04-18 01:23:53.681 | INFO     | algorithms.scr:train:180 - 3:1:320, loss: 3.886
2023-04-18 01:24:04.011 | INFO     | algorithms.scr:train:180 - 3:1:360, loss: 3.941
2023-04-18 01:24:14.284 | INFO     | algorithms.scr:train:180 - 3:1:400, loss: 3.884
2023-04-18 01:24:24.560 | INFO     | algorithms.scr:train:180 - 3:1:440, loss: 3.914
2023-04-18 01:24:34.851 | INFO     | algorithms.scr:train:180 - 3:1:480, loss: 3.877
2023-04-18 01:24:45.134 | INFO     | algorithms.scr:train:180 - 3:1:520, loss: 3.881
2023-04-18 01:24:55.441 | INFO     | algorithms.scr:train:180 - 3:1:560, loss: 3.836
2023-04-18 01:25:05.737 | INFO     | algorithms.scr:train:180 - 3:1:600, loss: 3.820
2023-04-18 01:25:15.987 | INFO     | algorithms.scr:train:180 - 3:1:640, loss: 3.868
2023-04-18 01:25:26.250 | INFO     | algorithms.scr:train:180 - 3:1:680, loss: 3.818
2023-04-18 01:25:36.490 | INFO     | algorithms.scr:train:180 - 3:1:720, loss: 3.799
2023-04-18 01:25:46.753 | INFO     | algorithms.scr:train:180 - 3:1:760, loss: 3.835
2023-04-18 01:25:57.029 | INFO     | algorithms.scr:train:180 - 3:1:800, loss: 3.793
2023-04-18 01:26:07.272 | INFO     | algorithms.scr:train:180 - 3:1:840, loss: 3.772
2023-04-18 01:26:17.529 | INFO     | algorithms.scr:train:180 - 3:1:880, loss: 3.770
2023-04-18 01:26:27.801 | INFO     | algorithms.scr:train:180 - 3:1:920, loss: 3.773
2023-04-18 01:26:38.090 | INFO     | algorithms.scr:train:180 - 3:1:960, loss: 3.783
2023-04-18 01:26:48.074 | DEBUG    | algorithms.scr:train:183 - Current sample stats:
2023-04-18 01:26:48.075 | DEBUG    | algorithms.scr:train:186 - 3 has 25 samples
2023-04-18 01:26:48.075 | DEBUG    | algorithms.scr:train:186 - 4 has 25 samples
2023-04-18 01:26:48.076 | DEBUG    | algorithms.scr:train:186 - 2 has 25 samples
2023-04-18 01:26:48.077 | DEBUG    | algorithms.scr:train:186 - 7 has 25 samples
2023-04-18 01:26:48.078 | DEBUG    | algorithms.scr:train:186 - 1 has 25 samples
2023-04-18 01:26:48.078 | DEBUG    | algorithms.scr:train:186 - 6 has 25 samples
2023-04-18 01:26:48.079 | DEBUG    | algorithms.scr:train:186 - 8 has 25 samples
2023-04-18 01:26:48.080 | DEBUG    | algorithms.scr:train:186 - 5 has 25 samples
2023-04-18 01:26:48.080 | INFO     | algorithms.scr:train:192 - 1, loss: 3.909
2023-04-18 01:26:48.081 | INFO     | algorithms.algorithm_base:run_base_task_metrics:144 - Running metrics: Task 3
2023-04-18 01:26:48.089 | INFO     | algorithms.scr:classify:209 - Generating fresh mean embedding vectors
2023-04-18 01:26:48.611 | DEBUG    | algorithms.scr:classify:231 - Generated mean embedding vectors for: dict_keys([3, 4, 2, 7, 1, 6, 8, 5])
2023-04-18 01:27:22.318 | DEBUG    | algorithms.algorithm_base:run_base_task_metrics:200 - Raw classification accuracy results saved to ./output_cifar10_varied_sampling/scr/1681776488.052138_CIFAR10_OFFICIAL_RUN/task_3_accuracy_results.json
2023-04-18 01:27:22.319 | INFO     | algorithms.algorithm_base:run_base_task_metrics:201 - Correctly classified 3683 / 10000 samples (36.83% correct)
2023-04-18 01:27:22.452 | INFO     | algorithms.scr:train:126 - Task 5 / 5
2023-04-18 01:27:22.457 | INFO     | algorithms.scr:train:127 - Classes in task: ['plane', 'truck']
2023-04-18 01:27:22.458 | INFO     | algorithms.scr:train:134 - Starting epoch 1 / 1
2023-04-18 01:27:32.988 | INFO     | algorithms.scr:train:180 - 4:1:40, loss: 4.060
2023-04-18 01:27:43.248 | INFO     | algorithms.scr:train:180 - 4:1:80, loss: 3.902
2023-04-18 01:27:53.535 | INFO     | algorithms.scr:train:180 - 4:1:120, loss: 3.818
2023-04-18 01:28:03.788 | INFO     | algorithms.scr:train:180 - 4:1:160, loss: 3.801
2023-04-18 01:28:14.057 | INFO     | algorithms.scr:train:180 - 4:1:200, loss: 3.787
2023-04-18 01:28:24.313 | INFO     | algorithms.scr:train:180 - 4:1:240, loss: 3.745
2023-04-18 01:28:34.585 | INFO     | algorithms.scr:train:180 - 4:1:280, loss: 3.722
2023-04-18 01:28:44.895 | INFO     | algorithms.scr:train:180 - 4:1:320, loss: 3.672
2023-04-18 01:28:55.184 | INFO     | algorithms.scr:train:180 - 4:1:360, loss: 3.675
2023-04-18 01:29:05.471 | INFO     | algorithms.scr:train:180 - 4:1:400, loss: 3.653
2023-04-18 01:29:15.722 | INFO     | algorithms.scr:train:180 - 4:1:440, loss: 3.597
2023-04-18 01:29:25.976 | INFO     | algorithms.scr:train:180 - 4:1:480, loss: 3.637
2023-04-18 01:29:36.252 | INFO     | algorithms.scr:train:180 - 4:1:520, loss: 3.584
2023-04-18 01:29:46.510 | INFO     | algorithms.scr:train:180 - 4:1:560, loss: 3.581
2023-04-18 01:29:56.773 | INFO     | algorithms.scr:train:180 - 4:1:600, loss: 3.571
2023-04-18 01:30:07.030 | INFO     | algorithms.scr:train:180 - 4:1:640, loss: 3.572
2023-04-18 01:30:17.274 | INFO     | algorithms.scr:train:180 - 4:1:680, loss: 3.569
2023-04-18 01:30:27.563 | INFO     | algorithms.scr:train:180 - 4:1:720, loss: 3.555
2023-04-18 01:30:37.830 | INFO     | algorithms.scr:train:180 - 4:1:760, loss: 3.542
2023-04-18 01:30:48.122 | INFO     | algorithms.scr:train:180 - 4:1:800, loss: 3.531
2023-04-18 01:30:58.397 | INFO     | algorithms.scr:train:180 - 4:1:840, loss: 3.539
2023-04-18 01:31:08.669 | INFO     | algorithms.scr:train:180 - 4:1:880, loss: 3.539
2023-04-18 01:31:18.966 | INFO     | algorithms.scr:train:180 - 4:1:920, loss: 3.519
2023-04-18 01:31:29.215 | INFO     | algorithms.scr:train:180 - 4:1:960, loss: 3.495
2023-04-18 01:31:39.236 | DEBUG    | algorithms.scr:train:183 - Current sample stats:
2023-04-18 01:31:39.237 | DEBUG    | algorithms.scr:train:186 - 3 has 20 samples
2023-04-18 01:31:39.238 | DEBUG    | algorithms.scr:train:186 - 4 has 20 samples
2023-04-18 01:31:39.239 | DEBUG    | algorithms.scr:train:186 - 2 has 20 samples
2023-04-18 01:31:39.239 | DEBUG    | algorithms.scr:train:186 - 7 has 20 samples
2023-04-18 01:31:39.240 | DEBUG    | algorithms.scr:train:186 - 1 has 20 samples
2023-04-18 01:31:39.241 | DEBUG    | algorithms.scr:train:186 - 6 has 20 samples
2023-04-18 01:31:39.242 | DEBUG    | algorithms.scr:train:186 - 8 has 20 samples
2023-04-18 01:31:39.242 | DEBUG    | algorithms.scr:train:186 - 5 has 20 samples
2023-04-18 01:31:39.243 | DEBUG    | algorithms.scr:train:186 - 0 has 20 samples
2023-04-18 01:31:39.244 | DEBUG    | algorithms.scr:train:186 - 9 has 20 samples
2023-04-18 01:31:39.244 | INFO     | algorithms.scr:train:192 - 1, loss: 3.647
2023-04-18 01:31:39.245 | INFO     | algorithms.algorithm_base:run_base_task_metrics:144 - Running metrics: Task 4
2023-04-18 01:31:39.253 | INFO     | algorithms.scr:classify:209 - Generating fresh mean embedding vectors
2023-04-18 01:31:39.775 | DEBUG    | algorithms.scr:classify:231 - Generated mean embedding vectors for: dict_keys([3, 4, 2, 7, 1, 6, 8, 5, 0, 9])
2023-04-18 01:32:15.648 | DEBUG    | algorithms.algorithm_base:run_base_task_metrics:200 - Raw classification accuracy results saved to ./output_cifar10_varied_sampling/scr/1681776488.052138_CIFAR10_OFFICIAL_RUN/task_4_accuracy_results.json
2023-04-18 01:32:15.650 | INFO     | algorithms.algorithm_base:run_base_task_metrics:201 - Correctly classified 4082 / 10000 samples (40.82% correct)
2023-04-18 01:32:15.786 | INFO     | algorithms.scr:train:201 - Training complete
2023-04-18 01:32:15.790 | INFO     | __main__:run_experiment:300 - Training and evaluation completed!
2023-04-18 01:32:15.791 | INFO     | __main__:run_experiment:314 - Wrote usage stats to file
2023-04-18 01:32:15.792 | INFO     | __main__:main:363 - Complete
2023-04-18 01:32:15.793 | INFO     | __main__:close_tensorboard_writer:262 - Shut down TensorBoard
