2023-01-27 11:12:36.602 | INFO     | __main__:setup_files:206 - Experiment Name: OFFICIAL_RUN
2023-01-27 11:12:36.603 | INFO     | __main__:main:311 - Command line arguments: Configuration(algorithm='finetuning', dataset='cifar10', classes_per_task=2, seed=2843)
2023-01-27 11:12:36.605 | INFO     | __main__:main:315 - Seeded random to 2843
2023-01-27 11:12:36.606 | INFO     | __main__:main:319 - Got CUDA device
2023-01-27 11:12:36.606 | INFO     | __main__:force_cuda_load:254 - Forcing CUDA initialisation...
2023-01-27 11:12:36.666 | INFO     | __main__:main:323 - CUDA initialised
2023-01-27 11:12:36.667 | INFO     | __main__:setup_shutdown_hook:250 - To access TensorBoard, run the command: tensorboard --logdir=./output_cifar10_5k/finetuning/1674817956.5979638_CIFAR10_OFFICIAL_RUN
2023-01-27 11:12:36.669 | INFO     | __main__:main:327 - Setup shutdown hooks
2023-01-27 11:12:36.790 | INFO     | __main__:main:332 - Model is setup
2023-01-27 11:12:36.791 | INFO     | __main__:main:334 - Complete pre-setup, starting experiment
2023-01-27 11:12:37.953 | INFO     | datasets.dataset_base:__init__:80 - Using disjoint tasks with 2 (5 tasks) with a randomised split
2023-01-27 11:12:37.954 | DEBUG    | datasets.dataset_base:_setup_task_datasets:95 - Splitting dataset into 5 disjoint tasks
2023-01-27 11:12:37.972 | INFO     | datasets.dataset_base:__init__:85 - {
  "name": "datasets.cifar10.CIFAR10",
  "dataset_class": "torchvision.datasets.cifar.CIFAR10",
  "training_dataset_parameters": "{'train': True, 'download': True}",
  "testing_dataset_parameters": "{'train': False, 'download': True}",
  "training_transform": "Compose(\n    Resize(size=(32, 32), interpolation=bilinear, max_size=None, antialias=None)\n    ToTensor()\n    Normalize(mean=(0.4914, 0.4822, 0.4465), std=(0.247, 0.2435, 0.2616))\n    RandomCrop(size=(32, 32), padding=4)\n    RandomHorizontalFlip(p=0.5)\n)",
  "testing_transform": "Compose(\n    Resize(size=(32, 32), interpolation=bilinear, max_size=None, antialias=None)\n    ToTensor()\n    Normalize(mean=(0.4914, 0.4822, 0.4465), std=(0.247, 0.2435, 0.2616))\n)",
  "classes": "plane, car, bird, cat, deer, dog, frog, horse, ship, truck",
  "disjoint": true,
  "task_count": 5,
  "classes_per_task": [
    2
  ],
  "task_split_indices": [
    [
      4,
      3
    ],
    [
      7,
      2
    ],
    [
      1,
      6
    ],
    [
      5,
      8
    ],
    [
      0,
      9
    ]
  ],
  "task_split_classes": [
    [
      "deer",
      "cat"
    ],
    [
      "horse",
      "bird"
    ],
    [
      "car",
      "frog"
    ],
    [
      "dog",
      "ship"
    ],
    [
      "plane",
      "truck"
    ]
  ]
}
2023-01-27 11:12:37.976 | DEBUG    | __main__:run_experiment:278 - PID: 12452
2023-01-27 11:12:37.977 | INFO     | __main__:run_experiment:280 - Starting...
2023-01-27 11:12:37.977 | INFO     | algorithms.algorithm_base:train:116 - {
  "name": "algorithms.finetuning.Finetuning",
  "model_class": "models.cifar.resnet.ResNet",
  "device": "cuda:0",
  "dataset_class": "datasets.cifar10.CIFAR10",
  "optimiser_class": "torch.optim.sgd.SGD",
  "loss_criterion_class": "torch.nn.modules.loss.CrossEntropyLoss",
  "max_epochs_per_task": 1,
  "batch_size": 64
}
2023-01-27 11:12:37.979 | DEBUG    | algorithms.algorithm_base:_setup_training:109 - Model moved to cuda:0 and set to train mode
2023-01-27 11:12:37.980 | INFO     | algorithms.algorithm_base:train:118 - Starting training
2023-01-27 11:12:37.981 | INFO     | algorithms.finetuning:train:53 - Task 1 / 5
2023-01-27 11:12:37.981 | INFO     | algorithms.finetuning:train:54 - Classes in task: ['deer', 'cat']
2023-01-27 11:12:37.982 | INFO     | algorithms.finetuning:train:58 - Starting epoch 1 / 1
2023-01-27 11:12:49.585 | INFO     | algorithms.finetuning:train:83 - 1, loss: 1.896
2023-01-27 11:12:49.586 | INFO     | algorithms.algorithm_base:run_base_task_metrics:144 - Running metrics: Task 0
2023-01-27 11:12:54.430 | DEBUG    | algorithms.algorithm_base:run_base_task_metrics:200 - Raw classification accuracy results saved to ./output_cifar10_5k/finetuning/1674817956.5979638_CIFAR10_OFFICIAL_RUN/task_0_accuracy_results.json
2023-01-27 11:12:54.432 | INFO     | algorithms.algorithm_base:run_base_task_metrics:201 - Correctly classified 1557 / 10000 samples (15.57% correct)
2023-01-27 11:12:54.665 | INFO     | algorithms.finetuning:train:53 - Task 2 / 5
2023-01-27 11:12:54.669 | INFO     | algorithms.finetuning:train:54 - Classes in task: ['horse', 'bird']
2023-01-27 11:12:54.670 | INFO     | algorithms.finetuning:train:58 - Starting epoch 1 / 1
2023-01-27 11:13:03.608 | INFO     | algorithms.finetuning:train:83 - 1, loss: 0.627
2023-01-27 11:13:03.609 | INFO     | algorithms.algorithm_base:run_base_task_metrics:144 - Running metrics: Task 1
2023-01-27 11:13:08.232 | DEBUG    | algorithms.algorithm_base:run_base_task_metrics:200 - Raw classification accuracy results saved to ./output_cifar10_5k/finetuning/1674817956.5979638_CIFAR10_OFFICIAL_RUN/task_1_accuracy_results.json
2023-01-27 11:13:08.233 | INFO     | algorithms.algorithm_base:run_base_task_metrics:201 - Correctly classified 1580 / 10000 samples (15.80% correct)
2023-01-27 11:13:08.364 | INFO     | algorithms.finetuning:train:53 - Task 3 / 5
2023-01-27 11:13:08.368 | INFO     | algorithms.finetuning:train:54 - Classes in task: ['car', 'frog']
2023-01-27 11:13:08.369 | INFO     | algorithms.finetuning:train:58 - Starting epoch 1 / 1
2023-01-27 11:13:17.271 | INFO     | algorithms.finetuning:train:83 - 1, loss: 0.611
2023-01-27 11:13:17.272 | INFO     | algorithms.algorithm_base:run_base_task_metrics:144 - Running metrics: Task 2
2023-01-27 11:13:21.924 | DEBUG    | algorithms.algorithm_base:run_base_task_metrics:200 - Raw classification accuracy results saved to ./output_cifar10_5k/finetuning/1674817956.5979638_CIFAR10_OFFICIAL_RUN/task_2_accuracy_results.json
2023-01-27 11:13:21.926 | INFO     | algorithms.algorithm_base:run_base_task_metrics:201 - Correctly classified 1868 / 10000 samples (18.68% correct)
2023-01-27 11:13:22.059 | INFO     | algorithms.finetuning:train:53 - Task 4 / 5
2023-01-27 11:13:22.063 | INFO     | algorithms.finetuning:train:54 - Classes in task: ['dog', 'ship']
2023-01-27 11:13:22.064 | INFO     | algorithms.finetuning:train:58 - Starting epoch 1 / 1
2023-01-27 11:13:30.976 | INFO     | algorithms.finetuning:train:83 - 1, loss: 0.728
2023-01-27 11:13:30.977 | INFO     | algorithms.algorithm_base:run_base_task_metrics:144 - Running metrics: Task 3
2023-01-27 11:13:35.624 | DEBUG    | algorithms.algorithm_base:run_base_task_metrics:200 - Raw classification accuracy results saved to ./output_cifar10_5k/finetuning/1674817956.5979638_CIFAR10_OFFICIAL_RUN/task_3_accuracy_results.json
2023-01-27 11:13:35.626 | INFO     | algorithms.algorithm_base:run_base_task_metrics:201 - Correctly classified 1797 / 10000 samples (17.97% correct)
2023-01-27 11:13:35.759 | INFO     | algorithms.finetuning:train:53 - Task 5 / 5
2023-01-27 11:13:35.762 | INFO     | algorithms.finetuning:train:54 - Classes in task: ['plane', 'truck']
2023-01-27 11:13:35.763 | INFO     | algorithms.finetuning:train:58 - Starting epoch 1 / 1
2023-01-27 11:13:44.693 | INFO     | algorithms.finetuning:train:83 - 1, loss: 0.950
2023-01-27 11:13:44.695 | INFO     | algorithms.algorithm_base:run_base_task_metrics:144 - Running metrics: Task 4
2023-01-27 11:13:49.345 | DEBUG    | algorithms.algorithm_base:run_base_task_metrics:200 - Raw classification accuracy results saved to ./output_cifar10_5k/finetuning/1674817956.5979638_CIFAR10_OFFICIAL_RUN/task_4_accuracy_results.json
2023-01-27 11:13:49.347 | INFO     | algorithms.algorithm_base:run_base_task_metrics:201 - Correctly classified 1571 / 10000 samples (15.71% correct)
2023-01-27 11:13:49.477 | INFO     | algorithms.finetuning:train:92 - Training complete
2023-01-27 11:13:49.481 | INFO     | __main__:run_experiment:286 - Training and evaluation completed!
2023-01-27 11:13:49.482 | INFO     | __main__:run_experiment:300 - Wrote usage stats to file
2023-01-27 11:13:49.483 | INFO     | __main__:main:340 - Complete
2023-01-27 11:13:49.484 | INFO     | __main__:close_tensorboard_writer:248 - Shut down TensorBoard
