2023-04-20 04:55:34.785 | INFO     | __main__:setup_files:218 - Experiment Name: OFFICIAL_RUN
2023-04-20 04:55:34.786 | INFO     | __main__:main:334 - Command line arguments: Configuration(algorithm='scr', dataset='cifar10', classes_per_task=2, seed=2214, samples=2000)
2023-04-20 04:55:34.788 | INFO     | __main__:main:338 - Seeded random to 2214
2023-04-20 04:55:34.789 | INFO     | __main__:main:342 - Got CUDA device
2023-04-20 04:55:34.790 | INFO     | __main__:force_cuda_load:268 - Forcing CUDA initialisation...
2023-04-20 04:55:34.847 | INFO     | __main__:main:346 - CUDA initialised
2023-04-20 04:55:34.848 | INFO     | __main__:setup_shutdown_hook:264 - To access TensorBoard, run the command: tensorboard --logdir=./output_cifar10_varied_sampling/scr/1681962934.7817645_CIFAR10_OFFICIAL_RUN
2023-04-20 04:55:34.849 | INFO     | __main__:main:350 - Setup shutdown hooks
2023-04-20 04:55:34.873 | INFO     | __main__:main:355 - Model is setup
2023-04-20 04:55:34.874 | INFO     | __main__:main:357 - Complete pre-setup, starting experiment
2023-04-20 04:55:36.106 | INFO     | datasets.dataset_base:__init__:80 - Using disjoint tasks with 2 (5 tasks) with a randomised split
2023-04-20 04:55:36.107 | DEBUG    | datasets.dataset_base:_setup_task_datasets:95 - Splitting dataset into 5 disjoint tasks
2023-04-20 04:55:36.126 | INFO     | datasets.dataset_base:__init__:85 - {
  "name": "datasets.cifar10.CIFAR10",
  "dataset_class": "torchvision.datasets.cifar.CIFAR10",
  "training_dataset_parameters": "{'train': True, 'download': True}",
  "testing_dataset_parameters": "{'train': False, 'download': True}",
  "training_transform": "Compose(\n    Resize(size=(32, 32), interpolation=bilinear, max_size=None, antialias=None)\n    ToTensor()\n    Normalize(mean=(0.4914, 0.4822, 0.4465), std=(0.247, 0.2435, 0.2616))\n    RandomCrop(size=(32, 32), padding=4)\n    RandomHorizontalFlip(p=0.5)\n)",
  "testing_transform": "Compose(\n    Resize(size=(32, 32), interpolation=bilinear, max_size=None, antialias=None)\n    ToTensor()\n    Normalize(mean=(0.4914, 0.4822, 0.4465), std=(0.247, 0.2435, 0.2616))\n)",
  "classes": "plane, car, bird, cat, deer, dog, frog, horse, ship, truck",
  "disjoint": true,
  "task_count": 5,
  "classes_per_task": [
    2
  ],
  "task_split_indices": [
    [
      2,
      0
    ],
    [
      6,
      9
    ],
    [
      5,
      8
    ],
    [
      3,
      1
    ],
    [
      7,
      4
    ]
  ],
  "task_split_classes": [
    [
      "bird",
      "plane"
    ],
    [
      "frog",
      "truck"
    ],
    [
      "dog",
      "ship"
    ],
    [
      "cat",
      "car"
    ],
    [
      "horse",
      "deer"
    ]
  ]
}
2023-04-20 04:55:36.151 | DEBUG    | __main__:run_experiment:292 - PID: 17908
2023-04-20 04:55:36.152 | INFO     | __main__:run_experiment:294 - Starting...
2023-04-20 04:55:36.153 | INFO     | algorithms.algorithm_base:train:116 - {
  "name": "algorithms.scr.SupervisedContrastiveReplay",
  "model_class": "models.scr.scr_resnet.SupConResNet",
  "device": "cuda:0",
  "dataset_class": "datasets.cifar10.CIFAR10",
  "optimiser_class": "torch.optim.sgd.SGD",
  "loss_criterion_class": "torch.nn.modules.loss.CrossEntropyLoss",
  "epochs_per_task": 1,
  "batch_size": 10,
  "max_memory_samples": 2000,
  "memory_batch_size": 100,
  "tau (temperature)": 0.07,
  "lr": 0.1
}
2023-04-20 04:55:36.155 | DEBUG    | algorithms.algorithm_base:_setup_training:109 - Model moved to cuda:0 and set to train mode
2023-04-20 04:55:36.155 | INFO     | algorithms.algorithm_base:train:118 - Starting training
2023-04-20 04:55:36.156 | INFO     | algorithms.scr:train:126 - Task 1 / 5
2023-04-20 04:55:36.157 | INFO     | algorithms.scr:train:127 - Classes in task: ['bird', 'plane']
2023-04-20 04:55:36.158 | INFO     | algorithms.scr:train:134 - Starting epoch 1 / 1
2023-04-20 04:55:46.608 | INFO     | algorithms.scr:train:180 - 0:1:40, loss: 4.172
2023-04-20 04:55:56.596 | INFO     | algorithms.scr:train:180 - 0:1:80, loss: 5.340
2023-04-20 04:56:06.598 | INFO     | algorithms.scr:train:180 - 0:1:120, loss: 5.305
2023-04-20 04:56:16.591 | INFO     | algorithms.scr:train:180 - 0:1:160, loss: 5.290
2023-04-20 04:56:26.878 | INFO     | algorithms.scr:train:180 - 0:1:200, loss: 5.282
2023-04-20 04:56:37.252 | INFO     | algorithms.scr:train:180 - 0:1:240, loss: 5.273
2023-04-20 04:56:47.607 | INFO     | algorithms.scr:train:180 - 0:1:280, loss: 5.257
2023-04-20 04:56:57.956 | INFO     | algorithms.scr:train:180 - 0:1:320, loss: 5.258
2023-04-20 04:57:08.411 | INFO     | algorithms.scr:train:180 - 0:1:360, loss: 5.246
2023-04-20 04:57:18.851 | INFO     | algorithms.scr:train:180 - 0:1:400, loss: 5.231
2023-04-20 04:57:29.207 | INFO     | algorithms.scr:train:180 - 0:1:440, loss: 5.226
2023-04-20 04:57:39.562 | INFO     | algorithms.scr:train:180 - 0:1:480, loss: 5.222
2023-04-20 04:57:49.919 | INFO     | algorithms.scr:train:180 - 0:1:520, loss: 5.234
2023-04-20 04:58:00.244 | INFO     | algorithms.scr:train:180 - 0:1:560, loss: 5.222
2023-04-20 04:58:10.637 | INFO     | algorithms.scr:train:180 - 0:1:600, loss: 5.202
2023-04-20 04:58:21.017 | INFO     | algorithms.scr:train:180 - 0:1:640, loss: 5.209
2023-04-20 04:58:31.387 | INFO     | algorithms.scr:train:180 - 0:1:680, loss: 5.199
2023-04-20 04:58:41.746 | INFO     | algorithms.scr:train:180 - 0:1:720, loss: 5.205
2023-04-20 04:58:52.100 | INFO     | algorithms.scr:train:180 - 0:1:760, loss: 5.207
2023-04-20 04:59:02.451 | INFO     | algorithms.scr:train:180 - 0:1:800, loss: 5.198
2023-04-20 04:59:12.817 | INFO     | algorithms.scr:train:180 - 0:1:840, loss: 5.186
2023-04-20 04:59:23.144 | INFO     | algorithms.scr:train:180 - 0:1:880, loss: 5.197
2023-04-20 04:59:33.471 | INFO     | algorithms.scr:train:180 - 0:1:920, loss: 5.179
2023-04-20 04:59:43.824 | INFO     | algorithms.scr:train:180 - 0:1:960, loss: 5.190
2023-04-20 04:59:53.964 | DEBUG    | algorithms.scr:train:183 - Current sample stats:
2023-04-20 04:59:53.964 | DEBUG    | algorithms.scr:train:186 - 0 has 1000 samples
2023-04-20 04:59:53.965 | DEBUG    | algorithms.scr:train:186 - 2 has 1000 samples
2023-04-20 04:59:53.966 | INFO     | algorithms.scr:train:192 - 1, loss: 5.188
2023-04-20 04:59:53.967 | INFO     | algorithms.algorithm_base:run_base_task_metrics:144 - Running metrics: Task 0
2023-04-20 04:59:53.974 | INFO     | algorithms.scr:classify:209 - Generating fresh mean embedding vectors
2023-04-20 04:59:59.493 | DEBUG    | algorithms.scr:classify:231 - Generated mean embedding vectors for: dict_keys([0, 2])
2023-04-20 05:00:28.241 | DEBUG    | algorithms.algorithm_base:run_base_task_metrics:200 - Raw classification accuracy results saved to ./output_cifar10_varied_sampling/scr/1681962934.7817645_CIFAR10_OFFICIAL_RUN/task_0_accuracy_results.json
2023-04-20 05:00:28.242 | INFO     | algorithms.algorithm_base:run_base_task_metrics:201 - Correctly classified 1783 / 10000 samples (17.83% correct)
2023-04-20 05:00:28.437 | INFO     | algorithms.scr:train:126 - Task 2 / 5
2023-04-20 05:00:28.441 | INFO     | algorithms.scr:train:127 - Classes in task: ['frog', 'truck']
2023-04-20 05:00:28.442 | INFO     | algorithms.scr:train:134 - Starting epoch 1 / 1
2023-04-20 05:00:39.078 | INFO     | algorithms.scr:train:180 - 1:1:40, loss: 5.305
2023-04-20 05:00:49.436 | INFO     | algorithms.scr:train:180 - 1:1:80, loss: 5.165
2023-04-20 05:00:59.802 | INFO     | algorithms.scr:train:180 - 1:1:120, loss: 5.151
2023-04-20 05:01:10.133 | INFO     | algorithms.scr:train:180 - 1:1:160, loss: 5.128
2023-04-20 05:01:20.482 | INFO     | algorithms.scr:train:180 - 1:1:200, loss: 5.116
2023-04-20 05:01:30.824 | INFO     | algorithms.scr:train:180 - 1:1:240, loss: 5.069
2023-04-20 05:01:41.202 | INFO     | algorithms.scr:train:180 - 1:1:280, loss: 5.045
2023-04-20 05:01:51.555 | INFO     | algorithms.scr:train:180 - 1:1:320, loss: 5.022
2023-04-20 05:02:01.886 | INFO     | algorithms.scr:train:180 - 1:1:360, loss: 4.974
2023-04-20 05:02:12.257 | INFO     | algorithms.scr:train:180 - 1:1:400, loss: 4.973
2023-04-20 05:02:22.580 | INFO     | algorithms.scr:train:180 - 1:1:440, loss: 4.940
2023-04-20 05:02:32.967 | INFO     | algorithms.scr:train:180 - 1:1:480, loss: 4.928
2023-04-20 05:02:43.305 | INFO     | algorithms.scr:train:180 - 1:1:520, loss: 4.915
2023-04-20 05:02:53.654 | INFO     | algorithms.scr:train:180 - 1:1:560, loss: 4.910
2023-04-20 05:03:03.986 | INFO     | algorithms.scr:train:180 - 1:1:600, loss: 4.901
2023-04-20 05:03:14.395 | INFO     | algorithms.scr:train:180 - 1:1:640, loss: 4.867
2023-04-20 05:03:24.785 | INFO     | algorithms.scr:train:180 - 1:1:680, loss: 4.874
2023-04-20 05:03:35.163 | INFO     | algorithms.scr:train:180 - 1:1:720, loss: 4.861
2023-04-20 05:03:45.510 | INFO     | algorithms.scr:train:180 - 1:1:760, loss: 4.863
2023-04-20 05:03:55.878 | INFO     | algorithms.scr:train:180 - 1:1:800, loss: 4.817
2023-04-20 05:04:06.216 | INFO     | algorithms.scr:train:180 - 1:1:840, loss: 4.807
2023-04-20 05:04:16.601 | INFO     | algorithms.scr:train:180 - 1:1:880, loss: 4.814
2023-04-20 05:04:26.931 | INFO     | algorithms.scr:train:180 - 1:1:920, loss: 4.798
2023-04-20 05:04:37.290 | INFO     | algorithms.scr:train:180 - 1:1:960, loss: 4.783
2023-04-20 05:04:47.367 | DEBUG    | algorithms.scr:train:183 - Current sample stats:
2023-04-20 05:04:47.368 | DEBUG    | algorithms.scr:train:186 - 0 has 500 samples
2023-04-20 05:04:47.369 | DEBUG    | algorithms.scr:train:186 - 2 has 500 samples
2023-04-20 05:04:47.370 | DEBUG    | algorithms.scr:train:186 - 9 has 500 samples
2023-04-20 05:04:47.370 | DEBUG    | algorithms.scr:train:186 - 6 has 500 samples
2023-04-20 05:04:47.371 | INFO     | algorithms.scr:train:192 - 1, loss: 4.952
2023-04-20 05:04:47.372 | INFO     | algorithms.algorithm_base:run_base_task_metrics:144 - Running metrics: Task 1
2023-04-20 05:04:47.379 | INFO     | algorithms.scr:classify:209 - Generating fresh mean embedding vectors
2023-04-20 05:04:52.760 | DEBUG    | algorithms.scr:classify:231 - Generated mean embedding vectors for: dict_keys([0, 2, 9, 6])
2023-04-20 05:05:23.828 | DEBUG    | algorithms.algorithm_base:run_base_task_metrics:200 - Raw classification accuracy results saved to ./output_cifar10_varied_sampling/scr/1681962934.7817645_CIFAR10_OFFICIAL_RUN/task_1_accuracy_results.json
2023-04-20 05:05:23.829 | INFO     | algorithms.algorithm_base:run_base_task_metrics:201 - Correctly classified 3303 / 10000 samples (33.03% correct)
2023-04-20 05:05:23.966 | INFO     | algorithms.scr:train:126 - Task 3 / 5
2023-04-20 05:05:23.970 | INFO     | algorithms.scr:train:127 - Classes in task: ['dog', 'ship']
2023-04-20 05:05:23.971 | INFO     | algorithms.scr:train:134 - Starting epoch 1 / 1
2023-04-20 05:05:34.627 | INFO     | algorithms.scr:train:180 - 2:1:40, loss: 4.958
2023-04-20 05:05:44.947 | INFO     | algorithms.scr:train:180 - 2:1:80, loss: 4.853
2023-04-20 05:05:55.272 | INFO     | algorithms.scr:train:180 - 2:1:120, loss: 4.834
2023-04-20 05:06:05.600 | INFO     | algorithms.scr:train:180 - 2:1:160, loss: 4.799
2023-04-20 05:06:15.991 | INFO     | algorithms.scr:train:180 - 2:1:200, loss: 4.781
2023-04-20 05:06:26.336 | INFO     | algorithms.scr:train:180 - 2:1:240, loss: 4.770
2023-04-20 05:06:36.688 | INFO     | algorithms.scr:train:180 - 2:1:280, loss: 4.744
2023-04-20 05:06:47.015 | INFO     | algorithms.scr:train:180 - 2:1:320, loss: 4.767
2023-04-20 05:06:57.374 | INFO     | algorithms.scr:train:180 - 2:1:360, loss: 4.742
2023-04-20 05:07:07.713 | INFO     | algorithms.scr:train:180 - 2:1:400, loss: 4.756
2023-04-20 05:07:18.076 | INFO     | algorithms.scr:train:180 - 2:1:440, loss: 4.706
2023-04-20 05:07:28.391 | INFO     | algorithms.scr:train:180 - 2:1:480, loss: 4.687
2023-04-20 05:07:38.741 | INFO     | algorithms.scr:train:180 - 2:1:520, loss: 4.662
2023-04-20 05:07:49.094 | INFO     | algorithms.scr:train:180 - 2:1:560, loss: 4.650
2023-04-20 05:07:59.437 | INFO     | algorithms.scr:train:180 - 2:1:600, loss: 4.626
2023-04-20 05:08:09.823 | INFO     | algorithms.scr:train:180 - 2:1:640, loss: 4.622
2023-04-20 05:08:20.238 | INFO     | algorithms.scr:train:180 - 2:1:680, loss: 4.614
2023-04-20 05:08:30.577 | INFO     | algorithms.scr:train:180 - 2:1:720, loss: 4.595
2023-04-20 05:08:41.024 | INFO     | algorithms.scr:train:180 - 2:1:760, loss: 4.588
2023-04-20 05:08:51.455 | INFO     | algorithms.scr:train:180 - 2:1:800, loss: 4.569
2023-04-20 05:09:01.815 | INFO     | algorithms.scr:train:180 - 2:1:840, loss: 4.558
2023-04-20 05:09:12.167 | INFO     | algorithms.scr:train:180 - 2:1:880, loss: 4.544
2023-04-20 05:09:22.499 | INFO     | algorithms.scr:train:180 - 2:1:920, loss: 4.516
2023-04-20 05:09:33.022 | INFO     | algorithms.scr:train:180 - 2:1:960, loss: 4.513
2023-04-20 05:09:43.154 | DEBUG    | algorithms.scr:train:183 - Current sample stats:
2023-04-20 05:09:43.155 | DEBUG    | algorithms.scr:train:186 - 0 has 333 samples
2023-04-20 05:09:43.156 | DEBUG    | algorithms.scr:train:186 - 2 has 333 samples
2023-04-20 05:09:43.156 | DEBUG    | algorithms.scr:train:186 - 9 has 333 samples
2023-04-20 05:09:43.157 | DEBUG    | algorithms.scr:train:186 - 6 has 333 samples
2023-04-20 05:09:43.158 | DEBUG    | algorithms.scr:train:186 - 5 has 334 samples
2023-04-20 05:09:43.159 | DEBUG    | algorithms.scr:train:186 - 8 has 334 samples
2023-04-20 05:09:43.159 | INFO     | algorithms.scr:train:192 - 1, loss: 4.678
2023-04-20 05:09:43.160 | INFO     | algorithms.algorithm_base:run_base_task_metrics:144 - Running metrics: Task 2
2023-04-20 05:09:43.167 | INFO     | algorithms.scr:classify:209 - Generating fresh mean embedding vectors
2023-04-20 05:09:48.633 | DEBUG    | algorithms.scr:classify:231 - Generated mean embedding vectors for: dict_keys([0, 2, 9, 6, 5, 8])
2023-04-20 05:10:22.225 | DEBUG    | algorithms.algorithm_base:run_base_task_metrics:200 - Raw classification accuracy results saved to ./output_cifar10_varied_sampling/scr/1681962934.7817645_CIFAR10_OFFICIAL_RUN/task_2_accuracy_results.json
2023-04-20 05:10:22.226 | INFO     | algorithms.algorithm_base:run_base_task_metrics:201 - Correctly classified 4699 / 10000 samples (46.99% correct)
2023-04-20 05:10:22.362 | INFO     | algorithms.scr:train:126 - Task 4 / 5
2023-04-20 05:10:22.366 | INFO     | algorithms.scr:train:127 - Classes in task: ['cat', 'car']
2023-04-20 05:10:22.367 | INFO     | algorithms.scr:train:134 - Starting epoch 1 / 1
2023-04-20 05:10:32.995 | INFO     | algorithms.scr:train:180 - 3:1:40, loss: 4.717
2023-04-20 05:10:43.358 | INFO     | algorithms.scr:train:180 - 3:1:80, loss: 4.660
2023-04-20 05:10:53.672 | INFO     | algorithms.scr:train:180 - 3:1:120, loss: 4.644
2023-04-20 05:11:04.027 | INFO     | algorithms.scr:train:180 - 3:1:160, loss: 4.625
2023-04-20 05:11:14.421 | INFO     | algorithms.scr:train:180 - 3:1:200, loss: 4.624
2023-04-20 05:11:24.798 | INFO     | algorithms.scr:train:180 - 3:1:240, loss: 4.575
2023-04-20 05:11:35.147 | INFO     | algorithms.scr:train:180 - 3:1:280, loss: 4.580
2023-04-20 05:11:45.473 | INFO     | algorithms.scr:train:180 - 3:1:320, loss: 4.563
2023-04-20 05:11:55.818 | INFO     | algorithms.scr:train:180 - 3:1:360, loss: 4.545
2023-04-20 05:12:06.156 | INFO     | algorithms.scr:train:180 - 3:1:400, loss: 4.543
2023-04-20 05:12:16.500 | INFO     | algorithms.scr:train:180 - 3:1:440, loss: 4.514
2023-04-20 05:12:26.854 | INFO     | algorithms.scr:train:180 - 3:1:480, loss: 4.528
2023-04-20 05:12:37.315 | INFO     | algorithms.scr:train:180 - 3:1:520, loss: 4.501
2023-04-20 05:12:47.699 | INFO     | algorithms.scr:train:180 - 3:1:560, loss: 4.480
2023-04-20 05:12:58.022 | INFO     | algorithms.scr:train:180 - 3:1:600, loss: 4.484
2023-04-20 05:13:08.337 | INFO     | algorithms.scr:train:180 - 3:1:640, loss: 4.460
2023-04-20 05:13:18.691 | INFO     | algorithms.scr:train:180 - 3:1:680, loss: 4.441
2023-04-20 05:13:29.043 | INFO     | algorithms.scr:train:180 - 3:1:720, loss: 4.455
2023-04-20 05:13:39.405 | INFO     | algorithms.scr:train:180 - 3:1:760, loss: 4.428
2023-04-20 05:13:49.744 | INFO     | algorithms.scr:train:180 - 3:1:800, loss: 4.422
2023-04-20 05:14:00.118 | INFO     | algorithms.scr:train:180 - 3:1:840, loss: 4.412
2023-04-20 05:14:10.442 | INFO     | algorithms.scr:train:180 - 3:1:880, loss: 4.428
2023-04-20 05:14:20.791 | INFO     | algorithms.scr:train:180 - 3:1:920, loss: 4.400
2023-04-20 05:14:31.121 | INFO     | algorithms.scr:train:180 - 3:1:960, loss: 4.417
2023-04-20 05:14:41.203 | DEBUG    | algorithms.scr:train:183 - Current sample stats:
2023-04-20 05:14:41.204 | DEBUG    | algorithms.scr:train:186 - 0 has 250 samples
2023-04-20 05:14:41.204 | DEBUG    | algorithms.scr:train:186 - 2 has 250 samples
2023-04-20 05:14:41.205 | DEBUG    | algorithms.scr:train:186 - 9 has 250 samples
2023-04-20 05:14:41.206 | DEBUG    | algorithms.scr:train:186 - 6 has 250 samples
2023-04-20 05:14:41.207 | DEBUG    | algorithms.scr:train:186 - 5 has 250 samples
2023-04-20 05:14:41.207 | DEBUG    | algorithms.scr:train:186 - 8 has 250 samples
2023-04-20 05:14:41.208 | DEBUG    | algorithms.scr:train:186 - 1 has 250 samples
2023-04-20 05:14:41.209 | DEBUG    | algorithms.scr:train:186 - 3 has 250 samples
2023-04-20 05:14:41.210 | INFO     | algorithms.scr:train:192 - 1, loss: 4.514
2023-04-20 05:14:41.210 | INFO     | algorithms.algorithm_base:run_base_task_metrics:144 - Running metrics: Task 3
2023-04-20 05:14:41.218 | INFO     | algorithms.scr:classify:209 - Generating fresh mean embedding vectors
2023-04-20 05:14:46.700 | DEBUG    | algorithms.scr:classify:231 - Generated mean embedding vectors for: dict_keys([0, 2, 9, 6, 5, 8, 1, 3])
2023-04-20 05:15:22.577 | DEBUG    | algorithms.algorithm_base:run_base_task_metrics:200 - Raw classification accuracy results saved to ./output_cifar10_varied_sampling/scr/1681962934.7817645_CIFAR10_OFFICIAL_RUN/task_3_accuracy_results.json
2023-04-20 05:15:22.579 | INFO     | algorithms.algorithm_base:run_base_task_metrics:201 - Correctly classified 5801 / 10000 samples (58.01% correct)
2023-04-20 05:15:22.715 | INFO     | algorithms.scr:train:126 - Task 5 / 5
2023-04-20 05:15:22.720 | INFO     | algorithms.scr:train:127 - Classes in task: ['horse', 'deer']
2023-04-20 05:15:22.720 | INFO     | algorithms.scr:train:134 - Starting epoch 1 / 1
2023-04-20 05:15:33.472 | INFO     | algorithms.scr:train:180 - 4:1:40, loss: 4.623
2023-04-20 05:15:43.839 | INFO     | algorithms.scr:train:180 - 4:1:80, loss: 4.555
2023-04-20 05:15:54.213 | INFO     | algorithms.scr:train:180 - 4:1:120, loss: 4.493
2023-04-20 05:16:04.555 | INFO     | algorithms.scr:train:180 - 4:1:160, loss: 4.520
2023-04-20 05:16:14.902 | INFO     | algorithms.scr:train:180 - 4:1:200, loss: 4.487
2023-04-20 05:16:25.242 | INFO     | algorithms.scr:train:180 - 4:1:240, loss: 4.455
2023-04-20 05:16:35.587 | INFO     | algorithms.scr:train:180 - 4:1:280, loss: 4.447
2023-04-20 05:16:45.951 | INFO     | algorithms.scr:train:180 - 4:1:320, loss: 4.432
2023-04-20 05:16:56.340 | INFO     | algorithms.scr:train:180 - 4:1:360, loss: 4.446
2023-04-20 05:17:06.677 | INFO     | algorithms.scr:train:180 - 4:1:400, loss: 4.443
2023-04-20 05:17:17.014 | INFO     | algorithms.scr:train:180 - 4:1:440, loss: 4.414
2023-04-20 05:17:27.343 | INFO     | algorithms.scr:train:180 - 4:1:480, loss: 4.386
2023-04-20 05:17:37.668 | INFO     | algorithms.scr:train:180 - 4:1:520, loss: 4.394
2023-04-20 05:17:48.008 | INFO     | algorithms.scr:train:180 - 4:1:560, loss: 4.338
2023-04-20 05:17:58.338 | INFO     | algorithms.scr:train:180 - 4:1:600, loss: 4.354
2023-04-20 05:18:08.701 | INFO     | algorithms.scr:train:180 - 4:1:640, loss: 4.344
2023-04-20 05:18:19.060 | INFO     | algorithms.scr:train:180 - 4:1:680, loss: 4.345
2023-04-20 05:18:29.407 | INFO     | algorithms.scr:train:180 - 4:1:720, loss: 4.337
2023-04-20 05:18:39.962 | INFO     | algorithms.scr:train:180 - 4:1:760, loss: 4.335
2023-04-20 05:18:50.305 | INFO     | algorithms.scr:train:180 - 4:1:800, loss: 4.331
2023-04-20 05:19:00.658 | INFO     | algorithms.scr:train:180 - 4:1:840, loss: 4.319
2023-04-20 05:19:11.024 | INFO     | algorithms.scr:train:180 - 4:1:880, loss: 4.313
2023-04-20 05:19:21.373 | INFO     | algorithms.scr:train:180 - 4:1:920, loss: 4.283
2023-04-20 05:19:31.706 | INFO     | algorithms.scr:train:180 - 4:1:960, loss: 4.290
2023-04-20 05:19:41.802 | DEBUG    | algorithms.scr:train:183 - Current sample stats:
2023-04-20 05:19:41.803 | DEBUG    | algorithms.scr:train:186 - 0 has 200 samples
2023-04-20 05:19:41.804 | DEBUG    | algorithms.scr:train:186 - 2 has 200 samples
2023-04-20 05:19:41.804 | DEBUG    | algorithms.scr:train:186 - 9 has 200 samples
2023-04-20 05:19:41.805 | DEBUG    | algorithms.scr:train:186 - 6 has 200 samples
2023-04-20 05:19:41.806 | DEBUG    | algorithms.scr:train:186 - 5 has 200 samples
2023-04-20 05:19:41.807 | DEBUG    | algorithms.scr:train:186 - 8 has 200 samples
2023-04-20 05:19:41.807 | DEBUG    | algorithms.scr:train:186 - 1 has 200 samples
2023-04-20 05:19:41.808 | DEBUG    | algorithms.scr:train:186 - 3 has 200 samples
2023-04-20 05:19:41.809 | DEBUG    | algorithms.scr:train:186 - 7 has 200 samples
2023-04-20 05:19:41.809 | DEBUG    | algorithms.scr:train:186 - 4 has 200 samples
2023-04-20 05:19:41.810 | INFO     | algorithms.scr:train:192 - 1, loss: 4.398
2023-04-20 05:19:41.811 | INFO     | algorithms.algorithm_base:run_base_task_metrics:144 - Running metrics: Task 4
2023-04-20 05:19:41.818 | INFO     | algorithms.scr:classify:209 - Generating fresh mean embedding vectors
2023-04-20 05:19:47.284 | DEBUG    | algorithms.scr:classify:231 - Generated mean embedding vectors for: dict_keys([0, 2, 9, 6, 5, 8, 1, 3, 7, 4])
2023-04-20 05:20:24.934 | DEBUG    | algorithms.algorithm_base:run_base_task_metrics:200 - Raw classification accuracy results saved to ./output_cifar10_varied_sampling/scr/1681962934.7817645_CIFAR10_OFFICIAL_RUN/task_4_accuracy_results.json
2023-04-20 05:20:24.935 | INFO     | algorithms.algorithm_base:run_base_task_metrics:201 - Correctly classified 6946 / 10000 samples (69.46% correct)
2023-04-20 05:20:25.070 | INFO     | algorithms.scr:train:201 - Training complete
2023-04-20 05:20:25.075 | INFO     | __main__:run_experiment:300 - Training and evaluation completed!
2023-04-20 05:20:25.076 | INFO     | __main__:run_experiment:314 - Wrote usage stats to file
2023-04-20 05:20:25.077 | INFO     | __main__:main:363 - Complete
2023-04-20 05:20:25.078 | INFO     | __main__:close_tensorboard_writer:262 - Shut down TensorBoard
