2023-04-18 20:47:05.518 | INFO     | __main__:setup_files:218 - Experiment Name: OFFICIAL_RUN
2023-04-18 20:47:05.519 | INFO     | __main__:main:334 - Command line arguments: Configuration(algorithm='rainbow', dataset='cifar10', classes_per_task=2, seed=2214, samples=200)
2023-04-18 20:47:05.565 | INFO     | __main__:main:338 - Seeded random to 2214
2023-04-18 20:47:05.566 | INFO     | __main__:main:342 - Got CUDA device
2023-04-18 20:47:05.567 | INFO     | __main__:force_cuda_load:268 - Forcing CUDA initialisation...
2023-04-18 20:47:05.996 | INFO     | __main__:main:346 - CUDA initialised
2023-04-18 20:47:05.998 | INFO     | __main__:setup_shutdown_hook:264 - To access TensorBoard, run the command: tensorboard --logdir=./output_cifar10_varied_sampling/rainbow_online/1681847225.512752_CIFAR10_OFFICIAL_RUN
2023-04-18 20:47:05.999 | INFO     | __main__:main:350 - Setup shutdown hooks
2023-04-18 20:47:06.230 | INFO     | __main__:main:355 - Model is setup
2023-04-18 20:47:06.231 | INFO     | __main__:main:357 - Complete pre-setup, starting experiment
2023-04-18 20:47:08.406 | INFO     | datasets.dataset_base:__init__:80 - Using disjoint tasks with 2 (5 tasks) with a randomised split
2023-04-18 20:47:08.408 | DEBUG    | datasets.dataset_base:_setup_task_datasets:95 - Splitting dataset into 5 disjoint tasks
2023-04-18 20:47:08.429 | INFO     | datasets.dataset_base:__init__:85 - {
  "name": "datasets.cifar10.CIFAR10",
  "dataset_class": "torchvision.datasets.cifar.CIFAR10",
  "training_dataset_parameters": "{'train': True, 'download': True}",
  "testing_dataset_parameters": "{'train': False, 'download': True}",
  "training_transform": "Compose(\n    Resize(size=(32, 32), interpolation=bilinear, max_size=None, antialias=None)\n    ToTensor()\n    Normalize(mean=(0.4914, 0.4822, 0.4465), std=(0.247, 0.2435, 0.2616))\n    RandomCrop(size=(32, 32), padding=4)\n    RandomHorizontalFlip(p=0.5)\n)",
  "testing_transform": "Compose(\n    Resize(size=(32, 32), interpolation=bilinear, max_size=None, antialias=None)\n    ToTensor()\n    Normalize(mean=(0.4914, 0.4822, 0.4465), std=(0.247, 0.2435, 0.2616))\n)",
  "classes": "plane, car, bird, cat, deer, dog, frog, horse, ship, truck",
  "disjoint": true,
  "task_count": 5,
  "classes_per_task": [
    2
  ],
  "task_split_indices": [
    [
      2,
      0
    ],
    [
      6,
      9
    ],
    [
      5,
      8
    ],
    [
      3,
      1
    ],
    [
      7,
      4
    ]
  ],
  "task_split_classes": [
    [
      "bird",
      "plane"
    ],
    [
      "frog",
      "truck"
    ],
    [
      "dog",
      "ship"
    ],
    [
      "cat",
      "car"
    ],
    [
      "horse",
      "deer"
    ]
  ]
}
2023-04-18 20:47:08.486 | DEBUG    | __main__:run_experiment:292 - PID: 23384
2023-04-18 20:47:08.488 | INFO     | __main__:run_experiment:294 - Starting...
2023-04-18 20:47:08.488 | INFO     | algorithms.algorithm_base:train:116 - {
  "name": "algorithms.rainbow_online.RainbowOnline",
  "model_class": "models.cifar.resnet.ResNet",
  "device": "cuda:0",
  "dataset_class": "datasets.cifar10.CIFAR10",
  "optimiser_class": "torch.optim.sgd.SGD",
  "loss_criterion_class": "torch.nn.modules.loss.CrossEntropyLoss",
  "batch_size": 32,
  "max_memory_samples": 200,
  "epochs_per_task": "50 (On Exemplar Buffer Only)",
  "gradient_clip": 10,
  "max_lr": 0.05,
  "min_lr": 0.0005,
  "cutmix_probability": 0.5,
  "sampling_technique": "diverse"
}
2023-04-18 20:47:08.491 | DEBUG    | algorithms.algorithm_base:_setup_training:109 - Model moved to cuda:0 and set to train mode
2023-04-18 20:47:08.492 | INFO     | algorithms.algorithm_base:train:118 - Starting training
2023-04-18 20:47:08.493 | INFO     | algorithms.rainbow_online:train:334 - Starting Task 1 / 5
2023-04-18 20:47:08.493 | INFO     | algorithms.rainbow_online:train:338 - Updating memory...
2023-04-18 20:47:08.493 | DEBUG    | algorithms.rainbow_online:train:341 - T_b: None
2023-04-18 20:47:08.596 | INFO     | algorithms.rainbow_online:perform_diversity_aware_memory_update:189 - Segmenting classes
2023-04-18 20:47:08.648 | DEBUG    | algorithms.rainbow_online:perform_diversity_aware_memory_update:215 - Seen classes: 2
2023-04-18 20:47:08.650 | INFO     | algorithms.rainbow_online:perform_diversity_aware_memory_update:218 - Sorting class samples by uncertainty and generating next buffer: memory size per class 100
2023-04-18 20:47:08.651 | DEBUG    | algorithms.rainbow_online:perform_diversity_aware_memory_update:298 - Class 2 under sampling strategy diverse
2023-04-18 20:50:50.065 | DEBUG    | algorithms.rainbow_online:perform_diversity_aware_memory_update:321 - Indexes: [0, 50, 100, 150, 200, 250, 300, 350, 400, 450, 500, 550, 600, 650, 700, 750, 800, 850, 900, 950, 1000, 1050, 1100, 1150, 1200, 1250, 1300, 1350, 1400, 1450, 1500, 1550, 1600, 1650, 1700, 1750, 1800, 1850, 1900, 1950, 2000, 2050, 2100, 2150, 2200, 2250, 2300, 2350, 2400, 2450, 2500, 2550, 2600, 2650, 2700, 2750, 2800, 2850, 2900, 2950, 3000, 3050, 3100, 3150, 3200, 3250, 3300, 3350, 3400, 3450, 3500, 3550, 3600, 3650, 3700, 3750, 3800, 3850, 3900, 3950, 4000, 4050, 4100, 4150, 4200, 4250, 4300, 4350, 4400, 4450, 4500, 4550, 4600, 4650, 4700, 4750, 4800, 4850, 4900, 4950]
2023-04-18 20:50:50.097 | INFO     | algorithms.rainbow_online:perform_diversity_aware_memory_update:322 - Saved sample images to Tensorboard
2023-04-18 20:50:50.097 | INFO     | algorithms.rainbow_online:perform_diversity_aware_memory_update:323 - There are 100 samples from class 2
2023-04-18 20:50:50.098 | DEBUG    | algorithms.rainbow_online:perform_diversity_aware_memory_update:298 - Class 0 under sampling strategy diverse
2023-04-18 20:54:13.711 | DEBUG    | algorithms.rainbow_online:perform_diversity_aware_memory_update:321 - Indexes: [0, 50, 100, 150, 200, 250, 300, 350, 400, 450, 500, 550, 600, 650, 700, 750, 800, 850, 900, 950, 1000, 1050, 1100, 1150, 1200, 1250, 1300, 1350, 1400, 1450, 1500, 1550, 1600, 1650, 1700, 1750, 1800, 1850, 1900, 1950, 2000, 2050, 2100, 2150, 2200, 2250, 2300, 2350, 2400, 2450, 2500, 2550, 2600, 2650, 2700, 2750, 2800, 2850, 2900, 2950, 3000, 3050, 3100, 3150, 3200, 3250, 3300, 3350, 3400, 3450, 3500, 3550, 3600, 3650, 3700, 3750, 3800, 3850, 3900, 3950, 4000, 4050, 4100, 4150, 4200, 4250, 4300, 4350, 4400, 4450, 4500, 4550, 4600, 4650, 4700, 4750, 4800, 4850, 4900, 4950]
2023-04-18 20:54:13.742 | INFO     | algorithms.rainbow_online:perform_diversity_aware_memory_update:322 - Saved sample images to Tensorboard
2023-04-18 20:54:13.742 | INFO     | algorithms.rainbow_online:perform_diversity_aware_memory_update:323 - There are 100 samples from class 0
2023-04-18 20:54:13.743 | INFO     | algorithms.rainbow_online:perform_diversity_aware_memory_update:325 - Generated next exemplar buffer
2023-04-18 20:54:13.743 | DEBUG    | algorithms.rainbow_online:train:345 - T_a: <class 'numpy.ndarray'>
2023-04-18 20:54:13.744 | INFO     | algorithms.rainbow_online:train:350 - Using memory buffer exclusively
2023-04-18 20:54:13.745 | INFO     | algorithms.rainbow_online:train:358 - Starting epoch 1 / 50
2023-04-18 20:54:17.539 | INFO     | algorithms.rainbow_online:train:412 - 1, loss: 2.593
2023-04-18 20:54:17.540 | INFO     | algorithms.rainbow_online:train:358 - Starting epoch 2 / 50
2023-04-18 20:54:17.771 | INFO     | algorithms.rainbow_online:train:412 - 2, loss: 2.142
2023-04-18 20:54:17.772 | INFO     | algorithms.rainbow_online:train:358 - Starting epoch 3 / 50
2023-04-18 20:54:18.003 | INFO     | algorithms.rainbow_online:train:412 - 3, loss: 2.081
2023-04-18 20:54:18.004 | INFO     | algorithms.rainbow_online:train:358 - Starting epoch 4 / 50
2023-04-18 20:54:18.238 | INFO     | algorithms.rainbow_online:train:412 - 4, loss: 2.004
2023-04-18 20:54:18.240 | INFO     | algorithms.rainbow_online:train:358 - Starting epoch 5 / 50
2023-04-18 20:54:18.473 | INFO     | algorithms.rainbow_online:train:412 - 5, loss: 1.933
2023-04-18 20:54:18.475 | INFO     | algorithms.rainbow_online:train:358 - Starting epoch 6 / 50
2023-04-18 20:54:18.705 | INFO     | algorithms.rainbow_online:train:412 - 6, loss: 1.871
2023-04-18 20:54:18.707 | INFO     | algorithms.rainbow_online:train:358 - Starting epoch 7 / 50
2023-04-18 20:54:18.936 | INFO     | algorithms.rainbow_online:train:412 - 7, loss: 1.902
2023-04-18 20:54:18.937 | INFO     | algorithms.rainbow_online:train:358 - Starting epoch 8 / 50
2023-04-18 20:54:19.168 | INFO     | algorithms.rainbow_online:train:412 - 8, loss: 1.812
2023-04-18 20:54:19.169 | INFO     | algorithms.rainbow_online:train:358 - Starting epoch 9 / 50
2023-04-18 20:54:19.400 | INFO     | algorithms.rainbow_online:train:412 - 9, loss: 1.789
2023-04-18 20:54:19.402 | INFO     | algorithms.rainbow_online:train:358 - Starting epoch 10 / 50
2023-04-18 20:54:19.631 | INFO     | algorithms.rainbow_online:train:412 - 10, loss: 1.742
2023-04-18 20:54:19.632 | INFO     | algorithms.algorithm_base:run_base_task_metrics:144 - Running metrics: Task 10
2023-04-18 20:54:24.579 | DEBUG    | algorithms.algorithm_base:run_base_task_metrics:200 - Raw classification accuracy results saved to ./output_cifar10_varied_sampling/rainbow_online/1681847225.512752_CIFAR10_OFFICIAL_RUN/task_10_accuracy_results.json
2023-04-18 20:54:24.581 | INFO     | algorithms.algorithm_base:run_base_task_metrics:201 - Correctly classified 1455 / 10000 samples (14.55% correct)
2023-04-18 20:54:25.198 | INFO     | algorithms.rainbow_online:train:358 - Starting epoch 11 / 50
2023-04-18 20:54:25.431 | INFO     | algorithms.rainbow_online:train:412 - 11, loss: 1.619
2023-04-18 20:54:25.433 | INFO     | algorithms.rainbow_online:train:358 - Starting epoch 12 / 50
2023-04-18 20:54:25.663 | INFO     | algorithms.rainbow_online:train:412 - 12, loss: 1.685
2023-04-18 20:54:25.665 | INFO     | algorithms.rainbow_online:train:358 - Starting epoch 13 / 50
2023-04-18 20:54:25.893 | INFO     | algorithms.rainbow_online:train:412 - 13, loss: 1.619
2023-04-18 20:54:25.895 | INFO     | algorithms.rainbow_online:train:358 - Starting epoch 14 / 50
2023-04-18 20:54:26.125 | INFO     | algorithms.rainbow_online:train:412 - 14, loss: 1.537
2023-04-18 20:54:26.126 | INFO     | algorithms.rainbow_online:train:358 - Starting epoch 15 / 50
2023-04-18 20:54:26.356 | INFO     | algorithms.rainbow_online:train:412 - 15, loss: 1.671
2023-04-18 20:54:26.358 | INFO     | algorithms.rainbow_online:train:358 - Starting epoch 16 / 50
2023-04-18 20:54:26.586 | INFO     | algorithms.rainbow_online:train:412 - 16, loss: 1.689
2023-04-18 20:54:26.588 | INFO     | algorithms.rainbow_online:train:358 - Starting epoch 17 / 50
2023-04-18 20:54:26.819 | INFO     | algorithms.rainbow_online:train:412 - 17, loss: 1.581
2023-04-18 20:54:26.821 | INFO     | algorithms.rainbow_online:train:358 - Starting epoch 18 / 50
2023-04-18 20:54:27.050 | INFO     | algorithms.rainbow_online:train:412 - 18, loss: 1.535
2023-04-18 20:54:27.051 | INFO     | algorithms.rainbow_online:train:358 - Starting epoch 19 / 50
2023-04-18 20:54:27.283 | INFO     | algorithms.rainbow_online:train:412 - 19, loss: 1.642
2023-04-18 20:54:27.285 | INFO     | algorithms.rainbow_online:train:358 - Starting epoch 20 / 50
2023-04-18 20:54:27.518 | INFO     | algorithms.rainbow_online:train:412 - 20, loss: 1.519
2023-04-18 20:54:27.520 | INFO     | algorithms.algorithm_base:run_base_task_metrics:144 - Running metrics: Task 20
2023-04-18 20:54:32.261 | DEBUG    | algorithms.algorithm_base:run_base_task_metrics:200 - Raw classification accuracy results saved to ./output_cifar10_varied_sampling/rainbow_online/1681847225.512752_CIFAR10_OFFICIAL_RUN/task_20_accuracy_results.json
2023-04-18 20:54:32.262 | INFO     | algorithms.algorithm_base:run_base_task_metrics:201 - Correctly classified 1510 / 10000 samples (15.10% correct)
2023-04-18 20:54:32.398 | INFO     | algorithms.rainbow_online:train:358 - Starting epoch 21 / 50
2023-04-18 20:54:32.633 | INFO     | algorithms.rainbow_online:train:412 - 21, loss: 1.551
2023-04-18 20:54:32.635 | INFO     | algorithms.rainbow_online:train:358 - Starting epoch 22 / 50
2023-04-18 20:54:32.865 | INFO     | algorithms.rainbow_online:train:412 - 22, loss: 1.435
2023-04-18 20:54:32.866 | INFO     | algorithms.rainbow_online:train:358 - Starting epoch 23 / 50
2023-04-18 20:54:33.098 | INFO     | algorithms.rainbow_online:train:412 - 23, loss: 1.377
2023-04-18 20:54:33.100 | INFO     | algorithms.rainbow_online:train:358 - Starting epoch 24 / 50
2023-04-18 20:54:33.331 | INFO     | algorithms.rainbow_online:train:412 - 24, loss: 1.378
2023-04-18 20:54:33.332 | INFO     | algorithms.rainbow_online:train:358 - Starting epoch 25 / 50
2023-04-18 20:54:33.564 | INFO     | algorithms.rainbow_online:train:412 - 25, loss: 1.599
2023-04-18 20:54:33.566 | INFO     | algorithms.rainbow_online:train:358 - Starting epoch 26 / 50
2023-04-18 20:54:33.796 | INFO     | algorithms.rainbow_online:train:412 - 26, loss: 1.510
2023-04-18 20:54:33.797 | INFO     | algorithms.rainbow_online:train:358 - Starting epoch 27 / 50
2023-04-18 20:54:34.030 | INFO     | algorithms.rainbow_online:train:412 - 27, loss: 1.410
2023-04-18 20:54:34.031 | INFO     | algorithms.rainbow_online:train:358 - Starting epoch 28 / 50
2023-04-18 20:54:34.259 | INFO     | algorithms.rainbow_online:train:412 - 28, loss: 1.379
2023-04-18 20:54:34.261 | INFO     | algorithms.rainbow_online:train:358 - Starting epoch 29 / 50
2023-04-18 20:54:34.493 | INFO     | algorithms.rainbow_online:train:412 - 29, loss: 1.383
2023-04-18 20:54:34.494 | INFO     | algorithms.rainbow_online:train:358 - Starting epoch 30 / 50
2023-04-18 20:54:34.724 | INFO     | algorithms.rainbow_online:train:412 - 30, loss: 1.340
2023-04-18 20:54:34.726 | INFO     | algorithms.algorithm_base:run_base_task_metrics:144 - Running metrics: Task 30
2023-04-18 20:54:39.439 | DEBUG    | algorithms.algorithm_base:run_base_task_metrics:200 - Raw classification accuracy results saved to ./output_cifar10_varied_sampling/rainbow_online/1681847225.512752_CIFAR10_OFFICIAL_RUN/task_30_accuracy_results.json
2023-04-18 20:54:39.440 | INFO     | algorithms.algorithm_base:run_base_task_metrics:201 - Correctly classified 1552 / 10000 samples (15.52% correct)
2023-04-18 20:54:39.577 | INFO     | algorithms.rainbow_online:train:358 - Starting epoch 31 / 50
2023-04-18 20:54:39.812 | INFO     | algorithms.rainbow_online:train:412 - 31, loss: 1.265
2023-04-18 20:54:39.813 | INFO     | algorithms.rainbow_online:train:358 - Starting epoch 32 / 50
2023-04-18 20:54:40.044 | INFO     | algorithms.rainbow_online:train:412 - 32, loss: 1.226
2023-04-18 20:54:40.045 | INFO     | algorithms.rainbow_online:train:358 - Starting epoch 33 / 50
2023-04-18 20:54:40.275 | INFO     | algorithms.rainbow_online:train:412 - 33, loss: 1.184
2023-04-18 20:54:40.276 | INFO     | algorithms.rainbow_online:train:358 - Starting epoch 34 / 50
2023-04-18 20:54:40.509 | INFO     | algorithms.rainbow_online:train:412 - 34, loss: 1.166
2023-04-18 20:54:40.510 | INFO     | algorithms.rainbow_online:train:358 - Starting epoch 35 / 50
2023-04-18 20:54:40.741 | INFO     | algorithms.rainbow_online:train:412 - 35, loss: 1.362
2023-04-18 20:54:40.742 | INFO     | algorithms.rainbow_online:train:358 - Starting epoch 36 / 50
2023-04-18 20:54:40.973 | INFO     | algorithms.rainbow_online:train:412 - 36, loss: 1.172
2023-04-18 20:54:40.974 | INFO     | algorithms.rainbow_online:train:358 - Starting epoch 37 / 50
2023-04-18 20:54:41.204 | INFO     | algorithms.rainbow_online:train:412 - 37, loss: 1.245
2023-04-18 20:54:41.205 | INFO     | algorithms.rainbow_online:train:358 - Starting epoch 38 / 50
2023-04-18 20:54:41.436 | INFO     | algorithms.rainbow_online:train:412 - 38, loss: 1.280
2023-04-18 20:54:41.438 | INFO     | algorithms.rainbow_online:train:358 - Starting epoch 39 / 50
2023-04-18 20:54:41.667 | INFO     | algorithms.rainbow_online:train:412 - 39, loss: 1.191
2023-04-18 20:54:41.670 | INFO     | algorithms.rainbow_online:train:358 - Starting epoch 40 / 50
2023-04-18 20:54:41.898 | INFO     | algorithms.rainbow_online:train:412 - 40, loss: 1.130
2023-04-18 20:54:41.900 | INFO     | algorithms.algorithm_base:run_base_task_metrics:144 - Running metrics: Task 40
2023-04-18 20:54:46.578 | DEBUG    | algorithms.algorithm_base:run_base_task_metrics:200 - Raw classification accuracy results saved to ./output_cifar10_varied_sampling/rainbow_online/1681847225.512752_CIFAR10_OFFICIAL_RUN/task_40_accuracy_results.json
2023-04-18 20:54:46.580 | INFO     | algorithms.algorithm_base:run_base_task_metrics:201 - Correctly classified 1601 / 10000 samples (16.01% correct)
2023-04-18 20:54:46.716 | INFO     | algorithms.rainbow_online:train:358 - Starting epoch 41 / 50
2023-04-18 20:54:46.952 | INFO     | algorithms.rainbow_online:train:412 - 41, loss: 1.227
2023-04-18 20:54:46.954 | INFO     | algorithms.rainbow_online:train:358 - Starting epoch 42 / 50
2023-04-18 20:54:47.185 | INFO     | algorithms.rainbow_online:train:412 - 42, loss: 1.121
2023-04-18 20:54:47.186 | INFO     | algorithms.rainbow_online:train:358 - Starting epoch 43 / 50
2023-04-18 20:54:47.417 | INFO     | algorithms.rainbow_online:train:412 - 43, loss: 1.198
2023-04-18 20:54:47.419 | INFO     | algorithms.rainbow_online:train:358 - Starting epoch 44 / 50
2023-04-18 20:54:47.649 | INFO     | algorithms.rainbow_online:train:412 - 44, loss: 1.119
2023-04-18 20:54:47.650 | INFO     | algorithms.rainbow_online:train:358 - Starting epoch 45 / 50
2023-04-18 20:54:47.882 | INFO     | algorithms.rainbow_online:train:412 - 45, loss: 1.063
2023-04-18 20:54:47.883 | INFO     | algorithms.rainbow_online:train:358 - Starting epoch 46 / 50
2023-04-18 20:54:48.113 | INFO     | algorithms.rainbow_online:train:412 - 46, loss: 1.060
2023-04-18 20:54:48.115 | INFO     | algorithms.rainbow_online:train:358 - Starting epoch 47 / 50
2023-04-18 20:54:48.346 | INFO     | algorithms.rainbow_online:train:412 - 47, loss: 1.022
2023-04-18 20:54:48.348 | INFO     | algorithms.rainbow_online:train:358 - Starting epoch 48 / 50
2023-04-18 20:54:48.578 | INFO     | algorithms.rainbow_online:train:412 - 48, loss: 0.962
2023-04-18 20:54:48.580 | INFO     | algorithms.rainbow_online:train:358 - Starting epoch 49 / 50
2023-04-18 20:54:48.813 | INFO     | algorithms.rainbow_online:train:412 - 49, loss: 0.908
2023-04-18 20:54:48.814 | INFO     | algorithms.rainbow_online:train:358 - Starting epoch 50 / 50
2023-04-18 20:54:49.046 | INFO     | algorithms.rainbow_online:train:412 - 50, loss: 1.110
2023-04-18 20:54:49.048 | INFO     | algorithms.algorithm_base:run_base_task_metrics:144 - Running metrics: Task 50
2023-04-18 20:54:53.762 | DEBUG    | algorithms.algorithm_base:run_base_task_metrics:200 - Raw classification accuracy results saved to ./output_cifar10_varied_sampling/rainbow_online/1681847225.512752_CIFAR10_OFFICIAL_RUN/task_50_accuracy_results.json
2023-04-18 20:54:53.763 | INFO     | algorithms.algorithm_base:run_base_task_metrics:201 - Correctly classified 1644 / 10000 samples (16.44% correct)
2023-04-18 20:54:53.899 | INFO     | algorithms.rainbow_online:train:334 - Starting Task 2 / 5
2023-04-18 20:54:53.904 | INFO     | algorithms.rainbow_online:train:338 - Updating memory...
2023-04-18 20:54:53.905 | DEBUG    | algorithms.rainbow_online:train:341 - T_b: <class 'numpy.ndarray'>
2023-04-18 20:54:53.916 | INFO     | algorithms.rainbow_online:perform_diversity_aware_memory_update:189 - Segmenting classes
2023-04-18 20:54:53.918 | DEBUG    | algorithms.rainbow_online:perform_diversity_aware_memory_update:200 - Keys dict_keys([2])
2023-04-18 20:54:53.919 | DEBUG    | algorithms.rainbow_online:perform_diversity_aware_memory_update:200 - Keys dict_keys([2, 0])
2023-04-18 20:54:53.944 | DEBUG    | algorithms.rainbow_online:perform_diversity_aware_memory_update:215 - Seen classes: 4
2023-04-18 20:54:53.946 | INFO     | algorithms.rainbow_online:perform_diversity_aware_memory_update:218 - Sorting class samples by uncertainty and generating next buffer: memory size per class 50
2023-04-18 20:54:53.946 | DEBUG    | algorithms.rainbow_online:perform_diversity_aware_memory_update:298 - Class 2 under sampling strategy diverse
2023-04-18 20:54:58.037 | DEBUG    | algorithms.rainbow_online:perform_diversity_aware_memory_update:321 - Indexes: [0, 2, 4, 6, 8, 10, 12, 14, 16, 18, 20, 22, 24, 26, 28, 30, 32, 34, 36, 38, 40, 42, 44, 46, 48, 50, 52, 54, 56, 58, 60, 62, 64, 66, 68, 70, 72, 74, 76, 78, 80, 82, 84, 86, 88, 90, 92, 94, 96, 98]
2023-04-18 20:54:58.053 | INFO     | algorithms.rainbow_online:perform_diversity_aware_memory_update:322 - Saved sample images to Tensorboard
2023-04-18 20:54:58.054 | INFO     | algorithms.rainbow_online:perform_diversity_aware_memory_update:323 - There are 50 samples from class 2
2023-04-18 20:54:58.054 | DEBUG    | algorithms.rainbow_online:perform_diversity_aware_memory_update:298 - Class 0 under sampling strategy diverse
2023-04-18 20:55:02.199 | DEBUG    | algorithms.rainbow_online:perform_diversity_aware_memory_update:321 - Indexes: [0, 2, 4, 6, 8, 10, 12, 14, 16, 18, 20, 22, 24, 26, 28, 30, 32, 34, 36, 38, 40, 42, 44, 46, 48, 50, 52, 54, 56, 58, 60, 62, 64, 66, 68, 70, 72, 74, 76, 78, 80, 82, 84, 86, 88, 90, 92, 94, 96, 98]
2023-04-18 20:55:02.214 | INFO     | algorithms.rainbow_online:perform_diversity_aware_memory_update:322 - Saved sample images to Tensorboard
2023-04-18 20:55:02.214 | INFO     | algorithms.rainbow_online:perform_diversity_aware_memory_update:323 - There are 50 samples from class 0
2023-04-18 20:55:02.215 | DEBUG    | algorithms.rainbow_online:perform_diversity_aware_memory_update:298 - Class 6 under sampling strategy diverse
2023-04-18 20:58:27.254 | DEBUG    | algorithms.rainbow_online:perform_diversity_aware_memory_update:321 - Indexes: [0, 100, 200, 300, 400, 500, 600, 700, 800, 900, 1000, 1100, 1200, 1300, 1400, 1500, 1600, 1700, 1800, 1900, 2000, 2100, 2200, 2300, 2400, 2500, 2600, 2700, 2800, 2900, 3000, 3100, 3200, 3300, 3400, 3500, 3600, 3700, 3800, 3900, 4000, 4100, 4200, 4300, 4400, 4500, 4600, 4700, 4800, 4900]
2023-04-18 20:58:27.272 | INFO     | algorithms.rainbow_online:perform_diversity_aware_memory_update:322 - Saved sample images to Tensorboard
2023-04-18 20:58:27.273 | INFO     | algorithms.rainbow_online:perform_diversity_aware_memory_update:323 - There are 50 samples from class 6
2023-04-18 20:58:27.274 | DEBUG    | algorithms.rainbow_online:perform_diversity_aware_memory_update:298 - Class 9 under sampling strategy diverse
2023-04-18 21:01:52.118 | DEBUG    | algorithms.rainbow_online:perform_diversity_aware_memory_update:321 - Indexes: [0, 100, 200, 300, 400, 500, 600, 700, 800, 900, 1000, 1100, 1200, 1300, 1400, 1500, 1600, 1700, 1800, 1900, 2000, 2100, 2200, 2300, 2400, 2500, 2600, 2700, 2800, 2900, 3000, 3100, 3200, 3300, 3400, 3500, 3600, 3700, 3800, 3900, 4000, 4100, 4200, 4300, 4400, 4500, 4600, 4700, 4800, 4900]
2023-04-18 21:01:52.134 | INFO     | algorithms.rainbow_online:perform_diversity_aware_memory_update:322 - Saved sample images to Tensorboard
2023-04-18 21:01:52.135 | INFO     | algorithms.rainbow_online:perform_diversity_aware_memory_update:323 - There are 50 samples from class 9
2023-04-18 21:01:52.135 | INFO     | algorithms.rainbow_online:perform_diversity_aware_memory_update:325 - Generated next exemplar buffer
2023-04-18 21:01:52.136 | DEBUG    | algorithms.rainbow_online:train:345 - T_a: <class 'numpy.ndarray'>
2023-04-18 21:01:52.137 | INFO     | algorithms.rainbow_online:train:350 - Using memory buffer exclusively
2023-04-18 21:01:52.138 | INFO     | algorithms.rainbow_online:train:358 - Starting epoch 1 / 50
2023-04-18 21:01:52.369 | INFO     | algorithms.rainbow_online:train:412 - 1, loss: 2.394
2023-04-18 21:01:52.370 | INFO     | algorithms.rainbow_online:train:358 - Starting epoch 2 / 50
2023-04-18 21:01:52.605 | INFO     | algorithms.rainbow_online:train:412 - 2, loss: 2.247
2023-04-18 21:01:52.606 | INFO     | algorithms.rainbow_online:train:358 - Starting epoch 3 / 50
2023-04-18 21:01:52.836 | INFO     | algorithms.rainbow_online:train:412 - 3, loss: 2.106
2023-04-18 21:01:52.837 | INFO     | algorithms.rainbow_online:train:358 - Starting epoch 4 / 50
2023-04-18 21:01:53.071 | INFO     | algorithms.rainbow_online:train:412 - 4, loss: 2.013
2023-04-18 21:01:53.072 | INFO     | algorithms.rainbow_online:train:358 - Starting epoch 5 / 50
2023-04-18 21:01:53.304 | INFO     | algorithms.rainbow_online:train:412 - 5, loss: 2.004
2023-04-18 21:01:53.304 | INFO     | algorithms.rainbow_online:train:358 - Starting epoch 6 / 50
2023-04-18 21:01:53.536 | INFO     | algorithms.rainbow_online:train:412 - 6, loss: 1.987
2023-04-18 21:01:53.538 | INFO     | algorithms.rainbow_online:train:358 - Starting epoch 7 / 50
2023-04-18 21:01:53.769 | INFO     | algorithms.rainbow_online:train:412 - 7, loss: 1.922
2023-04-18 21:01:53.771 | INFO     | algorithms.rainbow_online:train:358 - Starting epoch 8 / 50
2023-04-18 21:01:54.001 | INFO     | algorithms.rainbow_online:train:412 - 8, loss: 2.115
2023-04-18 21:01:54.002 | INFO     | algorithms.rainbow_online:train:358 - Starting epoch 9 / 50
2023-04-18 21:01:54.232 | INFO     | algorithms.rainbow_online:train:412 - 9, loss: 1.935
2023-04-18 21:01:54.234 | INFO     | algorithms.rainbow_online:train:358 - Starting epoch 10 / 50
2023-04-18 21:01:54.466 | INFO     | algorithms.rainbow_online:train:412 - 10, loss: 1.856
2023-04-18 21:01:54.468 | INFO     | algorithms.algorithm_base:run_base_task_metrics:144 - Running metrics: Task 60
2023-04-18 21:01:59.159 | DEBUG    | algorithms.algorithm_base:run_base_task_metrics:200 - Raw classification accuracy results saved to ./output_cifar10_varied_sampling/rainbow_online/1681847225.512752_CIFAR10_OFFICIAL_RUN/task_60_accuracy_results.json
2023-04-18 21:01:59.161 | INFO     | algorithms.algorithm_base:run_base_task_metrics:201 - Correctly classified 1623 / 10000 samples (16.23% correct)
2023-04-18 21:01:59.302 | INFO     | algorithms.rainbow_online:train:358 - Starting epoch 11 / 50
2023-04-18 21:01:59.536 | INFO     | algorithms.rainbow_online:train:412 - 11, loss: 1.838
2023-04-18 21:01:59.537 | INFO     | algorithms.rainbow_online:train:358 - Starting epoch 12 / 50
2023-04-18 21:01:59.768 | INFO     | algorithms.rainbow_online:train:412 - 12, loss: 1.849
2023-04-18 21:01:59.770 | INFO     | algorithms.rainbow_online:train:358 - Starting epoch 13 / 50
2023-04-18 21:02:00.001 | INFO     | algorithms.rainbow_online:train:412 - 13, loss: 1.933
2023-04-18 21:02:00.003 | INFO     | algorithms.rainbow_online:train:358 - Starting epoch 14 / 50
2023-04-18 21:02:00.232 | INFO     | algorithms.rainbow_online:train:412 - 14, loss: 1.697
2023-04-18 21:02:00.233 | INFO     | algorithms.rainbow_online:train:358 - Starting epoch 15 / 50
2023-04-18 21:02:00.465 | INFO     | algorithms.rainbow_online:train:412 - 15, loss: 1.802
2023-04-18 21:02:00.466 | INFO     | algorithms.rainbow_online:train:358 - Starting epoch 16 / 50
2023-04-18 21:02:00.696 | INFO     | algorithms.rainbow_online:train:412 - 16, loss: 1.945
2023-04-18 21:02:00.698 | INFO     | algorithms.rainbow_online:train:358 - Starting epoch 17 / 50
2023-04-18 21:02:00.929 | INFO     | algorithms.rainbow_online:train:412 - 17, loss: 1.773
2023-04-18 21:02:00.931 | INFO     | algorithms.rainbow_online:train:358 - Starting epoch 18 / 50
2023-04-18 21:02:01.162 | INFO     | algorithms.rainbow_online:train:412 - 18, loss: 1.871
2023-04-18 21:02:01.163 | INFO     | algorithms.rainbow_online:train:358 - Starting epoch 19 / 50
2023-04-18 21:02:01.394 | INFO     | algorithms.rainbow_online:train:412 - 19, loss: 1.884
2023-04-18 21:02:01.396 | INFO     | algorithms.rainbow_online:train:358 - Starting epoch 20 / 50
2023-04-18 21:02:01.627 | INFO     | algorithms.rainbow_online:train:412 - 20, loss: 1.911
2023-04-18 21:02:01.628 | INFO     | algorithms.algorithm_base:run_base_task_metrics:144 - Running metrics: Task 70
2023-04-18 21:02:06.348 | DEBUG    | algorithms.algorithm_base:run_base_task_metrics:200 - Raw classification accuracy results saved to ./output_cifar10_varied_sampling/rainbow_online/1681847225.512752_CIFAR10_OFFICIAL_RUN/task_70_accuracy_results.json
2023-04-18 21:02:06.349 | INFO     | algorithms.algorithm_base:run_base_task_metrics:201 - Correctly classified 1988 / 10000 samples (19.88% correct)
2023-04-18 21:02:06.487 | INFO     | algorithms.rainbow_online:train:358 - Starting epoch 21 / 50
2023-04-18 21:02:06.723 | INFO     | algorithms.rainbow_online:train:412 - 21, loss: 1.962
2023-04-18 21:02:06.724 | INFO     | algorithms.rainbow_online:train:358 - Starting epoch 22 / 50
2023-04-18 21:02:06.955 | INFO     | algorithms.rainbow_online:train:412 - 22, loss: 1.962
2023-04-18 21:02:06.957 | INFO     | algorithms.rainbow_online:train:358 - Starting epoch 23 / 50
2023-04-18 21:02:07.187 | INFO     | algorithms.rainbow_online:train:412 - 23, loss: 1.927
2023-04-18 21:02:07.189 | INFO     | algorithms.rainbow_online:train:358 - Starting epoch 24 / 50
2023-04-18 21:02:07.421 | INFO     | algorithms.rainbow_online:train:412 - 24, loss: 1.720
2023-04-18 21:02:07.422 | INFO     | algorithms.rainbow_online:train:358 - Starting epoch 25 / 50
2023-04-18 21:02:07.653 | INFO     | algorithms.rainbow_online:train:412 - 25, loss: 1.720
2023-04-18 21:02:07.654 | INFO     | algorithms.rainbow_online:train:358 - Starting epoch 26 / 50
2023-04-18 21:02:07.885 | INFO     | algorithms.rainbow_online:train:412 - 26, loss: 1.930
2023-04-18 21:02:07.886 | INFO     | algorithms.rainbow_online:train:358 - Starting epoch 27 / 50
2023-04-18 21:02:08.115 | INFO     | algorithms.rainbow_online:train:412 - 27, loss: 1.798
2023-04-18 21:02:08.116 | INFO     | algorithms.rainbow_online:train:358 - Starting epoch 28 / 50
2023-04-18 21:02:08.348 | INFO     | algorithms.rainbow_online:train:412 - 28, loss: 1.707
2023-04-18 21:02:08.350 | INFO     | algorithms.rainbow_online:train:358 - Starting epoch 29 / 50
2023-04-18 21:02:08.580 | INFO     | algorithms.rainbow_online:train:412 - 29, loss: 1.609
2023-04-18 21:02:08.581 | INFO     | algorithms.rainbow_online:train:358 - Starting epoch 30 / 50
2023-04-18 21:02:08.811 | INFO     | algorithms.rainbow_online:train:412 - 30, loss: 1.759
2023-04-18 21:02:08.813 | INFO     | algorithms.algorithm_base:run_base_task_metrics:144 - Running metrics: Task 80
2023-04-18 21:02:13.517 | DEBUG    | algorithms.algorithm_base:run_base_task_metrics:200 - Raw classification accuracy results saved to ./output_cifar10_varied_sampling/rainbow_online/1681847225.512752_CIFAR10_OFFICIAL_RUN/task_80_accuracy_results.json
2023-04-18 21:02:13.518 | INFO     | algorithms.algorithm_base:run_base_task_metrics:201 - Correctly classified 2006 / 10000 samples (20.06% correct)
2023-04-18 21:02:13.652 | INFO     | algorithms.rainbow_online:train:358 - Starting epoch 31 / 50
2023-04-18 21:02:13.888 | INFO     | algorithms.rainbow_online:train:412 - 31, loss: 1.796
2023-04-18 21:02:13.889 | INFO     | algorithms.rainbow_online:train:358 - Starting epoch 32 / 50
2023-04-18 21:02:14.118 | INFO     | algorithms.rainbow_online:train:412 - 32, loss: 1.675
2023-04-18 21:02:14.119 | INFO     | algorithms.rainbow_online:train:358 - Starting epoch 33 / 50
2023-04-18 21:02:14.351 | INFO     | algorithms.rainbow_online:train:412 - 33, loss: 1.718
2023-04-18 21:02:14.353 | INFO     | algorithms.rainbow_online:train:358 - Starting epoch 34 / 50
2023-04-18 21:02:14.583 | INFO     | algorithms.rainbow_online:train:412 - 34, loss: 1.688
2023-04-18 21:02:14.584 | INFO     | algorithms.rainbow_online:train:358 - Starting epoch 35 / 50
2023-04-18 21:02:14.815 | INFO     | algorithms.rainbow_online:train:412 - 35, loss: 1.745
2023-04-18 21:02:14.816 | INFO     | algorithms.rainbow_online:train:358 - Starting epoch 36 / 50
2023-04-18 21:02:15.046 | INFO     | algorithms.rainbow_online:train:412 - 36, loss: 1.727
2023-04-18 21:02:15.048 | INFO     | algorithms.rainbow_online:train:358 - Starting epoch 37 / 50
2023-04-18 21:02:15.280 | INFO     | algorithms.rainbow_online:train:412 - 37, loss: 1.763
2023-04-18 21:02:15.280 | INFO     | algorithms.rainbow_online:train:358 - Starting epoch 38 / 50
2023-04-18 21:02:15.512 | INFO     | algorithms.rainbow_online:train:412 - 38, loss: 1.523
2023-04-18 21:02:15.514 | INFO     | algorithms.rainbow_online:train:358 - Starting epoch 39 / 50
2023-04-18 21:02:15.745 | INFO     | algorithms.rainbow_online:train:412 - 39, loss: 1.879
2023-04-18 21:02:15.746 | INFO     | algorithms.rainbow_online:train:358 - Starting epoch 40 / 50
2023-04-18 21:02:15.975 | INFO     | algorithms.rainbow_online:train:412 - 40, loss: 1.712
2023-04-18 21:02:15.977 | INFO     | algorithms.algorithm_base:run_base_task_metrics:144 - Running metrics: Task 90
2023-04-18 21:02:20.688 | DEBUG    | algorithms.algorithm_base:run_base_task_metrics:200 - Raw classification accuracy results saved to ./output_cifar10_varied_sampling/rainbow_online/1681847225.512752_CIFAR10_OFFICIAL_RUN/task_90_accuracy_results.json
2023-04-18 21:02:20.689 | INFO     | algorithms.algorithm_base:run_base_task_metrics:201 - Correctly classified 2081 / 10000 samples (20.81% correct)
2023-04-18 21:02:20.824 | INFO     | algorithms.rainbow_online:train:358 - Starting epoch 41 / 50
2023-04-18 21:02:21.059 | INFO     | algorithms.rainbow_online:train:412 - 41, loss: 1.524
2023-04-18 21:02:21.061 | INFO     | algorithms.rainbow_online:train:358 - Starting epoch 42 / 50
2023-04-18 21:02:21.292 | INFO     | algorithms.rainbow_online:train:412 - 42, loss: 1.695
2023-04-18 21:02:21.294 | INFO     | algorithms.rainbow_online:train:358 - Starting epoch 43 / 50
2023-04-18 21:02:21.524 | INFO     | algorithms.rainbow_online:train:412 - 43, loss: 1.642
2023-04-18 21:02:21.525 | INFO     | algorithms.rainbow_online:train:358 - Starting epoch 44 / 50
2023-04-18 21:02:21.755 | INFO     | algorithms.rainbow_online:train:412 - 44, loss: 1.612
2023-04-18 21:02:21.756 | INFO     | algorithms.rainbow_online:train:358 - Starting epoch 45 / 50
2023-04-18 21:02:21.989 | INFO     | algorithms.rainbow_online:train:412 - 45, loss: 1.731
2023-04-18 21:02:21.991 | INFO     | algorithms.rainbow_online:train:358 - Starting epoch 46 / 50
2023-04-18 21:02:22.222 | INFO     | algorithms.rainbow_online:train:412 - 46, loss: 1.590
2023-04-18 21:02:22.223 | INFO     | algorithms.rainbow_online:train:358 - Starting epoch 47 / 50
2023-04-18 21:02:22.455 | INFO     | algorithms.rainbow_online:train:412 - 47, loss: 1.662
2023-04-18 21:02:22.456 | INFO     | algorithms.rainbow_online:train:358 - Starting epoch 48 / 50
2023-04-18 21:02:22.688 | INFO     | algorithms.rainbow_online:train:412 - 48, loss: 1.573
2023-04-18 21:02:22.690 | INFO     | algorithms.rainbow_online:train:358 - Starting epoch 49 / 50
2023-04-18 21:02:22.919 | INFO     | algorithms.rainbow_online:train:412 - 49, loss: 1.552
2023-04-18 21:02:22.921 | INFO     | algorithms.rainbow_online:train:358 - Starting epoch 50 / 50
2023-04-18 21:02:23.150 | INFO     | algorithms.rainbow_online:train:412 - 50, loss: 1.557
2023-04-18 21:02:23.151 | INFO     | algorithms.algorithm_base:run_base_task_metrics:144 - Running metrics: Task 100
2023-04-18 21:02:27.847 | DEBUG    | algorithms.algorithm_base:run_base_task_metrics:200 - Raw classification accuracy results saved to ./output_cifar10_varied_sampling/rainbow_online/1681847225.512752_CIFAR10_OFFICIAL_RUN/task_100_accuracy_results.json
2023-04-18 21:02:27.849 | INFO     | algorithms.algorithm_base:run_base_task_metrics:201 - Correctly classified 2156 / 10000 samples (21.56% correct)
2023-04-18 21:02:27.985 | INFO     | algorithms.rainbow_online:train:334 - Starting Task 3 / 5
2023-04-18 21:02:27.989 | INFO     | algorithms.rainbow_online:train:338 - Updating memory...
2023-04-18 21:02:27.990 | DEBUG    | algorithms.rainbow_online:train:341 - T_b: <class 'numpy.ndarray'>
2023-04-18 21:02:27.999 | INFO     | algorithms.rainbow_online:perform_diversity_aware_memory_update:189 - Segmenting classes
2023-04-18 21:02:28.001 | DEBUG    | algorithms.rainbow_online:perform_diversity_aware_memory_update:200 - Keys dict_keys([2])
2023-04-18 21:02:28.002 | DEBUG    | algorithms.rainbow_online:perform_diversity_aware_memory_update:200 - Keys dict_keys([2, 0])
2023-04-18 21:02:28.003 | DEBUG    | algorithms.rainbow_online:perform_diversity_aware_memory_update:200 - Keys dict_keys([2, 0, 6])
2023-04-18 21:02:28.003 | DEBUG    | algorithms.rainbow_online:perform_diversity_aware_memory_update:200 - Keys dict_keys([2, 0, 6, 9])
2023-04-18 21:02:28.029 | DEBUG    | algorithms.rainbow_online:perform_diversity_aware_memory_update:215 - Seen classes: 6
2023-04-18 21:02:28.030 | INFO     | algorithms.rainbow_online:perform_diversity_aware_memory_update:218 - Sorting class samples by uncertainty and generating next buffer: memory size per class 33
2023-04-18 21:02:28.031 | DEBUG    | algorithms.rainbow_online:perform_diversity_aware_memory_update:298 - Class 2 under sampling strategy diverse
2023-04-18 21:02:30.084 | DEBUG    | algorithms.rainbow_online:perform_diversity_aware_memory_update:321 - Indexes: [0, 1, 3, 4, 6, 7, 9, 10, 12, 13, 15, 16, 18, 19, 21, 22, 24, 25, 27, 28, 30, 31, 33, 34, 36, 37, 39, 40, 42, 43, 45, 46, 48]
2023-04-18 21:02:30.095 | INFO     | algorithms.rainbow_online:perform_diversity_aware_memory_update:322 - Saved sample images to Tensorboard
2023-04-18 21:02:30.095 | INFO     | algorithms.rainbow_online:perform_diversity_aware_memory_update:323 - There are 33 samples from class 2
2023-04-18 21:02:30.096 | DEBUG    | algorithms.rainbow_online:perform_diversity_aware_memory_update:298 - Class 0 under sampling strategy diverse
2023-04-18 21:02:32.168 | DEBUG    | algorithms.rainbow_online:perform_diversity_aware_memory_update:321 - Indexes: [0, 1, 3, 4, 6, 7, 9, 10, 12, 13, 15, 16, 18, 19, 21, 22, 24, 25, 27, 28, 30, 31, 33, 34, 36, 37, 39, 40, 42, 43, 45, 46, 48]
2023-04-18 21:02:32.178 | INFO     | algorithms.rainbow_online:perform_diversity_aware_memory_update:322 - Saved sample images to Tensorboard
2023-04-18 21:02:32.179 | INFO     | algorithms.rainbow_online:perform_diversity_aware_memory_update:323 - There are 33 samples from class 0
2023-04-18 21:02:32.180 | DEBUG    | algorithms.rainbow_online:perform_diversity_aware_memory_update:298 - Class 6 under sampling strategy diverse
2023-04-18 21:02:34.240 | DEBUG    | algorithms.rainbow_online:perform_diversity_aware_memory_update:321 - Indexes: [0, 1, 3, 4, 6, 7, 9, 10, 12, 13, 15, 16, 18, 19, 21, 22, 24, 25, 27, 28, 30, 31, 33, 34, 36, 37, 39, 40, 42, 43, 45, 46, 48]
2023-04-18 21:02:34.253 | INFO     | algorithms.rainbow_online:perform_diversity_aware_memory_update:322 - Saved sample images to Tensorboard
2023-04-18 21:02:34.254 | INFO     | algorithms.rainbow_online:perform_diversity_aware_memory_update:323 - There are 33 samples from class 6
2023-04-18 21:02:34.254 | DEBUG    | algorithms.rainbow_online:perform_diversity_aware_memory_update:298 - Class 9 under sampling strategy diverse
2023-04-18 21:02:36.325 | DEBUG    | algorithms.rainbow_online:perform_diversity_aware_memory_update:321 - Indexes: [0, 1, 3, 4, 6, 7, 9, 10, 12, 13, 15, 16, 18, 19, 21, 22, 24, 25, 27, 28, 30, 31, 33, 34, 36, 37, 39, 40, 42, 43, 45, 46, 48]
2023-04-18 21:02:36.337 | INFO     | algorithms.rainbow_online:perform_diversity_aware_memory_update:322 - Saved sample images to Tensorboard
2023-04-18 21:02:36.338 | INFO     | algorithms.rainbow_online:perform_diversity_aware_memory_update:323 - There are 33 samples from class 9
2023-04-18 21:02:36.338 | DEBUG    | algorithms.rainbow_online:perform_diversity_aware_memory_update:298 - Class 5 under sampling strategy diverse
2023-04-18 21:06:00.592 | DEBUG    | algorithms.rainbow_online:perform_diversity_aware_memory_update:321 - Indexes: [0, 151, 303, 454, 606, 757, 909, 1060, 1212, 1363, 1515, 1666, 1818, 1969, 2121, 2272, 2424, 2575, 2727, 2878, 3030, 3181, 3333, 3484, 3636, 3787, 3939, 4090, 4242, 4393, 4545, 4696, 4848]
2023-04-18 21:06:00.604 | INFO     | algorithms.rainbow_online:perform_diversity_aware_memory_update:322 - Saved sample images to Tensorboard
2023-04-18 21:06:00.605 | INFO     | algorithms.rainbow_online:perform_diversity_aware_memory_update:323 - There are 33 samples from class 5
2023-04-18 21:06:00.606 | DEBUG    | algorithms.rainbow_online:perform_diversity_aware_memory_update:298 - Class 8 under sampling strategy diverse
2023-04-18 21:09:25.103 | DEBUG    | algorithms.rainbow_online:perform_diversity_aware_memory_update:321 - Indexes: [0, 151, 303, 454, 606, 757, 909, 1060, 1212, 1363, 1515, 1666, 1818, 1969, 2121, 2272, 2424, 2575, 2727, 2878, 3030, 3181, 3333, 3484, 3636, 3787, 3939, 4090, 4242, 4393, 4545, 4696, 4848]
2023-04-18 21:09:25.113 | INFO     | algorithms.rainbow_online:perform_diversity_aware_memory_update:322 - Saved sample images to Tensorboard
2023-04-18 21:09:25.114 | INFO     | algorithms.rainbow_online:perform_diversity_aware_memory_update:323 - There are 33 samples from class 8
2023-04-18 21:09:25.114 | INFO     | algorithms.rainbow_online:perform_diversity_aware_memory_update:325 - Generated next exemplar buffer
2023-04-18 21:09:25.115 | DEBUG    | algorithms.rainbow_online:train:345 - T_a: <class 'numpy.ndarray'>
2023-04-18 21:09:25.116 | INFO     | algorithms.rainbow_online:train:350 - Using memory buffer exclusively
2023-04-18 21:09:25.117 | INFO     | algorithms.rainbow_online:train:358 - Starting epoch 1 / 50
2023-04-18 21:09:25.639 | INFO     | algorithms.rainbow_online:train:412 - 1, loss: 2.547
2023-04-18 21:09:25.640 | INFO     | algorithms.rainbow_online:train:358 - Starting epoch 2 / 50
2023-04-18 21:09:25.871 | INFO     | algorithms.rainbow_online:train:412 - 2, loss: 2.560
2023-04-18 21:09:25.872 | INFO     | algorithms.rainbow_online:train:358 - Starting epoch 3 / 50
2023-04-18 21:09:26.101 | INFO     | algorithms.rainbow_online:train:412 - 3, loss: 2.549
2023-04-18 21:09:26.102 | INFO     | algorithms.rainbow_online:train:358 - Starting epoch 4 / 50
2023-04-18 21:09:26.332 | INFO     | algorithms.rainbow_online:train:412 - 4, loss: 2.222
2023-04-18 21:09:26.334 | INFO     | algorithms.rainbow_online:train:358 - Starting epoch 5 / 50
2023-04-18 21:09:26.561 | INFO     | algorithms.rainbow_online:train:412 - 5, loss: 2.555
2023-04-18 21:09:26.563 | INFO     | algorithms.rainbow_online:train:358 - Starting epoch 6 / 50
2023-04-18 21:09:26.793 | INFO     | algorithms.rainbow_online:train:412 - 6, loss: 2.259
2023-04-18 21:09:26.794 | INFO     | algorithms.rainbow_online:train:358 - Starting epoch 7 / 50
2023-04-18 21:09:27.022 | INFO     | algorithms.rainbow_online:train:412 - 7, loss: 2.283
2023-04-18 21:09:27.023 | INFO     | algorithms.rainbow_online:train:358 - Starting epoch 8 / 50
2023-04-18 21:09:27.252 | INFO     | algorithms.rainbow_online:train:412 - 8, loss: 2.447
2023-04-18 21:09:27.253 | INFO     | algorithms.rainbow_online:train:358 - Starting epoch 9 / 50
2023-04-18 21:09:27.482 | INFO     | algorithms.rainbow_online:train:412 - 9, loss: 2.176
2023-04-18 21:09:27.483 | INFO     | algorithms.rainbow_online:train:358 - Starting epoch 10 / 50
2023-04-18 21:09:27.713 | INFO     | algorithms.rainbow_online:train:412 - 10, loss: 2.254
2023-04-18 21:09:27.715 | INFO     | algorithms.algorithm_base:run_base_task_metrics:144 - Running metrics: Task 110
2023-04-18 21:09:32.445 | DEBUG    | algorithms.algorithm_base:run_base_task_metrics:200 - Raw classification accuracy results saved to ./output_cifar10_varied_sampling/rainbow_online/1681847225.512752_CIFAR10_OFFICIAL_RUN/task_110_accuracy_results.json
2023-04-18 21:09:32.446 | INFO     | algorithms.algorithm_base:run_base_task_metrics:201 - Correctly classified 1591 / 10000 samples (15.91% correct)
2023-04-18 21:09:32.638 | INFO     | algorithms.rainbow_online:train:358 - Starting epoch 11 / 50
2023-04-18 21:09:32.870 | INFO     | algorithms.rainbow_online:train:412 - 11, loss: 2.291
2023-04-18 21:09:32.872 | INFO     | algorithms.rainbow_online:train:358 - Starting epoch 12 / 50
2023-04-18 21:09:33.100 | INFO     | algorithms.rainbow_online:train:412 - 12, loss: 2.384
2023-04-18 21:09:33.102 | INFO     | algorithms.rainbow_online:train:358 - Starting epoch 13 / 50
2023-04-18 21:09:33.333 | INFO     | algorithms.rainbow_online:train:412 - 13, loss: 2.300
2023-04-18 21:09:33.334 | INFO     | algorithms.rainbow_online:train:358 - Starting epoch 14 / 50
2023-04-18 21:09:33.562 | INFO     | algorithms.rainbow_online:train:412 - 14, loss: 2.245
2023-04-18 21:09:33.563 | INFO     | algorithms.rainbow_online:train:358 - Starting epoch 15 / 50
2023-04-18 21:09:33.793 | INFO     | algorithms.rainbow_online:train:412 - 15, loss: 2.201
2023-04-18 21:09:33.794 | INFO     | algorithms.rainbow_online:train:358 - Starting epoch 16 / 50
2023-04-18 21:09:34.026 | INFO     | algorithms.rainbow_online:train:412 - 16, loss: 2.165
2023-04-18 21:09:34.027 | INFO     | algorithms.rainbow_online:train:358 - Starting epoch 17 / 50
2023-04-18 21:09:34.257 | INFO     | algorithms.rainbow_online:train:412 - 17, loss: 2.233
2023-04-18 21:09:34.258 | INFO     | algorithms.rainbow_online:train:358 - Starting epoch 18 / 50
2023-04-18 21:09:34.489 | INFO     | algorithms.rainbow_online:train:412 - 18, loss: 2.128
2023-04-18 21:09:34.491 | INFO     | algorithms.rainbow_online:train:358 - Starting epoch 19 / 50
2023-04-18 21:09:34.720 | INFO     | algorithms.rainbow_online:train:412 - 19, loss: 2.096
2023-04-18 21:09:34.721 | INFO     | algorithms.rainbow_online:train:358 - Starting epoch 20 / 50
2023-04-18 21:09:34.952 | INFO     | algorithms.rainbow_online:train:412 - 20, loss: 2.104
2023-04-18 21:09:34.954 | INFO     | algorithms.algorithm_base:run_base_task_metrics:144 - Running metrics: Task 120
2023-04-18 21:09:39.717 | DEBUG    | algorithms.algorithm_base:run_base_task_metrics:200 - Raw classification accuracy results saved to ./output_cifar10_varied_sampling/rainbow_online/1681847225.512752_CIFAR10_OFFICIAL_RUN/task_120_accuracy_results.json
2023-04-18 21:09:39.718 | INFO     | algorithms.algorithm_base:run_base_task_metrics:201 - Correctly classified 1783 / 10000 samples (17.83% correct)
2023-04-18 21:09:39.855 | INFO     | algorithms.rainbow_online:train:358 - Starting epoch 21 / 50
2023-04-18 21:09:40.089 | INFO     | algorithms.rainbow_online:train:412 - 21, loss: 2.027
2023-04-18 21:09:40.089 | INFO     | algorithms.rainbow_online:train:358 - Starting epoch 22 / 50
2023-04-18 21:09:40.321 | INFO     | algorithms.rainbow_online:train:412 - 22, loss: 2.214
2023-04-18 21:09:40.323 | INFO     | algorithms.rainbow_online:train:358 - Starting epoch 23 / 50
2023-04-18 21:09:40.551 | INFO     | algorithms.rainbow_online:train:412 - 23, loss: 2.033
2023-04-18 21:09:40.552 | INFO     | algorithms.rainbow_online:train:358 - Starting epoch 24 / 50
2023-04-18 21:09:40.782 | INFO     | algorithms.rainbow_online:train:412 - 24, loss: 2.042
2023-04-18 21:09:40.782 | INFO     | algorithms.rainbow_online:train:358 - Starting epoch 25 / 50
2023-04-18 21:09:41.011 | INFO     | algorithms.rainbow_online:train:412 - 25, loss: 2.125
2023-04-18 21:09:41.012 | INFO     | algorithms.rainbow_online:train:358 - Starting epoch 26 / 50
2023-04-18 21:09:41.240 | INFO     | algorithms.rainbow_online:train:412 - 26, loss: 2.063
2023-04-18 21:09:41.241 | INFO     | algorithms.rainbow_online:train:358 - Starting epoch 27 / 50
2023-04-18 21:09:41.474 | INFO     | algorithms.rainbow_online:train:412 - 27, loss: 1.955
2023-04-18 21:09:41.474 | INFO     | algorithms.rainbow_online:train:358 - Starting epoch 28 / 50
2023-04-18 21:09:41.704 | INFO     | algorithms.rainbow_online:train:412 - 28, loss: 1.990
2023-04-18 21:09:41.704 | INFO     | algorithms.rainbow_online:train:358 - Starting epoch 29 / 50
2023-04-18 21:09:41.933 | INFO     | algorithms.rainbow_online:train:412 - 29, loss: 1.962
2023-04-18 21:09:41.934 | INFO     | algorithms.rainbow_online:train:358 - Starting epoch 30 / 50
2023-04-18 21:09:42.163 | INFO     | algorithms.rainbow_online:train:412 - 30, loss: 2.108
2023-04-18 21:09:42.164 | INFO     | algorithms.algorithm_base:run_base_task_metrics:144 - Running metrics: Task 130
2023-04-18 21:09:46.897 | DEBUG    | algorithms.algorithm_base:run_base_task_metrics:200 - Raw classification accuracy results saved to ./output_cifar10_varied_sampling/rainbow_online/1681847225.512752_CIFAR10_OFFICIAL_RUN/task_130_accuracy_results.json
2023-04-18 21:09:46.899 | INFO     | algorithms.algorithm_base:run_base_task_metrics:201 - Correctly classified 1868 / 10000 samples (18.68% correct)
2023-04-18 21:09:47.034 | INFO     | algorithms.rainbow_online:train:358 - Starting epoch 31 / 50
2023-04-18 21:09:47.268 | INFO     | algorithms.rainbow_online:train:412 - 31, loss: 2.107
2023-04-18 21:09:47.270 | INFO     | algorithms.rainbow_online:train:358 - Starting epoch 32 / 50
2023-04-18 21:09:47.504 | INFO     | algorithms.rainbow_online:train:412 - 32, loss: 2.148
2023-04-18 21:09:47.504 | INFO     | algorithms.rainbow_online:train:358 - Starting epoch 33 / 50
2023-04-18 21:09:47.733 | INFO     | algorithms.rainbow_online:train:412 - 33, loss: 2.040
2023-04-18 21:09:47.734 | INFO     | algorithms.rainbow_online:train:358 - Starting epoch 34 / 50
2023-04-18 21:09:47.963 | INFO     | algorithms.rainbow_online:train:412 - 34, loss: 2.050
2023-04-18 21:09:47.964 | INFO     | algorithms.rainbow_online:train:358 - Starting epoch 35 / 50
2023-04-18 21:09:48.192 | INFO     | algorithms.rainbow_online:train:412 - 35, loss: 1.987
2023-04-18 21:09:48.195 | INFO     | algorithms.rainbow_online:train:358 - Starting epoch 36 / 50
2023-04-18 21:09:48.426 | INFO     | algorithms.rainbow_online:train:412 - 36, loss: 2.084
2023-04-18 21:09:48.427 | INFO     | algorithms.rainbow_online:train:358 - Starting epoch 37 / 50
2023-04-18 21:09:48.656 | INFO     | algorithms.rainbow_online:train:412 - 37, loss: 1.844
2023-04-18 21:09:48.657 | INFO     | algorithms.rainbow_online:train:358 - Starting epoch 38 / 50
2023-04-18 21:09:48.888 | INFO     | algorithms.rainbow_online:train:412 - 38, loss: 1.890
2023-04-18 21:09:48.889 | INFO     | algorithms.rainbow_online:train:358 - Starting epoch 39 / 50
2023-04-18 21:09:49.118 | INFO     | algorithms.rainbow_online:train:412 - 39, loss: 1.791
2023-04-18 21:09:49.119 | INFO     | algorithms.rainbow_online:train:358 - Starting epoch 40 / 50
2023-04-18 21:09:49.352 | INFO     | algorithms.rainbow_online:train:412 - 40, loss: 2.030
2023-04-18 21:09:49.354 | INFO     | algorithms.algorithm_base:run_base_task_metrics:144 - Running metrics: Task 140
2023-04-18 21:09:54.093 | DEBUG    | algorithms.algorithm_base:run_base_task_metrics:200 - Raw classification accuracy results saved to ./output_cifar10_varied_sampling/rainbow_online/1681847225.512752_CIFAR10_OFFICIAL_RUN/task_140_accuracy_results.json
2023-04-18 21:09:54.094 | INFO     | algorithms.algorithm_base:run_base_task_metrics:201 - Correctly classified 2089 / 10000 samples (20.89% correct)
2023-04-18 21:09:54.234 | INFO     | algorithms.rainbow_online:train:358 - Starting epoch 41 / 50
2023-04-18 21:09:54.468 | INFO     | algorithms.rainbow_online:train:412 - 41, loss: 1.829
2023-04-18 21:09:54.469 | INFO     | algorithms.rainbow_online:train:358 - Starting epoch 42 / 50
2023-04-18 21:09:54.698 | INFO     | algorithms.rainbow_online:train:412 - 42, loss: 2.067
2023-04-18 21:09:54.699 | INFO     | algorithms.rainbow_online:train:358 - Starting epoch 43 / 50
2023-04-18 21:09:54.928 | INFO     | algorithms.rainbow_online:train:412 - 43, loss: 2.039
2023-04-18 21:09:54.930 | INFO     | algorithms.rainbow_online:train:358 - Starting epoch 44 / 50
2023-04-18 21:09:55.158 | INFO     | algorithms.rainbow_online:train:412 - 44, loss: 1.985
2023-04-18 21:09:55.159 | INFO     | algorithms.rainbow_online:train:358 - Starting epoch 45 / 50
2023-04-18 21:09:55.389 | INFO     | algorithms.rainbow_online:train:412 - 45, loss: 1.878
2023-04-18 21:09:55.390 | INFO     | algorithms.rainbow_online:train:358 - Starting epoch 46 / 50
2023-04-18 21:09:55.621 | INFO     | algorithms.rainbow_online:train:412 - 46, loss: 1.875
2023-04-18 21:09:55.621 | INFO     | algorithms.rainbow_online:train:358 - Starting epoch 47 / 50
2023-04-18 21:09:55.851 | INFO     | algorithms.rainbow_online:train:412 - 47, loss: 1.848
2023-04-18 21:09:55.852 | INFO     | algorithms.rainbow_online:train:358 - Starting epoch 48 / 50
2023-04-18 21:09:56.084 | INFO     | algorithms.rainbow_online:train:412 - 48, loss: 1.858
2023-04-18 21:09:56.085 | INFO     | algorithms.rainbow_online:train:358 - Starting epoch 49 / 50
2023-04-18 21:09:56.315 | INFO     | algorithms.rainbow_online:train:412 - 49, loss: 1.913
2023-04-18 21:09:56.316 | INFO     | algorithms.rainbow_online:train:358 - Starting epoch 50 / 50
2023-04-18 21:09:56.543 | INFO     | algorithms.rainbow_online:train:412 - 50, loss: 1.710
2023-04-18 21:09:56.544 | INFO     | algorithms.algorithm_base:run_base_task_metrics:144 - Running metrics: Task 150
2023-04-18 21:10:01.237 | DEBUG    | algorithms.algorithm_base:run_base_task_metrics:200 - Raw classification accuracy results saved to ./output_cifar10_varied_sampling/rainbow_online/1681847225.512752_CIFAR10_OFFICIAL_RUN/task_150_accuracy_results.json
2023-04-18 21:10:01.238 | INFO     | algorithms.algorithm_base:run_base_task_metrics:201 - Correctly classified 2334 / 10000 samples (23.34% correct)
2023-04-18 21:10:01.376 | INFO     | algorithms.rainbow_online:train:334 - Starting Task 4 / 5
2023-04-18 21:10:01.380 | INFO     | algorithms.rainbow_online:train:338 - Updating memory...
2023-04-18 21:10:01.381 | DEBUG    | algorithms.rainbow_online:train:341 - T_b: <class 'numpy.ndarray'>
2023-04-18 21:10:01.391 | INFO     | algorithms.rainbow_online:perform_diversity_aware_memory_update:189 - Segmenting classes
2023-04-18 21:10:01.393 | DEBUG    | algorithms.rainbow_online:perform_diversity_aware_memory_update:200 - Keys dict_keys([2])
2023-04-18 21:10:01.393 | DEBUG    | algorithms.rainbow_online:perform_diversity_aware_memory_update:200 - Keys dict_keys([2, 0])
2023-04-18 21:10:01.394 | DEBUG    | algorithms.rainbow_online:perform_diversity_aware_memory_update:200 - Keys dict_keys([2, 0, 6])
2023-04-18 21:10:01.395 | DEBUG    | algorithms.rainbow_online:perform_diversity_aware_memory_update:200 - Keys dict_keys([2, 0, 6, 9])
2023-04-18 21:10:01.396 | DEBUG    | algorithms.rainbow_online:perform_diversity_aware_memory_update:200 - Keys dict_keys([2, 0, 6, 9, 5])
2023-04-18 21:10:01.397 | DEBUG    | algorithms.rainbow_online:perform_diversity_aware_memory_update:200 - Keys dict_keys([2, 0, 6, 9, 5, 8])
2023-04-18 21:10:01.422 | DEBUG    | algorithms.rainbow_online:perform_diversity_aware_memory_update:215 - Seen classes: 8
2023-04-18 21:10:01.424 | INFO     | algorithms.rainbow_online:perform_diversity_aware_memory_update:218 - Sorting class samples by uncertainty and generating next buffer: memory size per class 25
2023-04-18 21:10:01.425 | DEBUG    | algorithms.rainbow_online:perform_diversity_aware_memory_update:298 - Class 2 under sampling strategy diverse
2023-04-18 21:10:02.790 | DEBUG    | algorithms.rainbow_online:perform_diversity_aware_memory_update:321 - Indexes: [0, 1, 2, 3, 5, 6, 7, 9, 10, 11, 13, 14, 15, 17, 18, 19, 21, 22, 23, 25, 26, 27, 29, 30, 31]
2023-04-18 21:10:02.800 | INFO     | algorithms.rainbow_online:perform_diversity_aware_memory_update:322 - Saved sample images to Tensorboard
2023-04-18 21:10:02.801 | INFO     | algorithms.rainbow_online:perform_diversity_aware_memory_update:323 - There are 25 samples from class 2
2023-04-18 21:10:02.801 | DEBUG    | algorithms.rainbow_online:perform_diversity_aware_memory_update:298 - Class 0 under sampling strategy diverse
2023-04-18 21:10:04.171 | DEBUG    | algorithms.rainbow_online:perform_diversity_aware_memory_update:321 - Indexes: [0, 1, 2, 3, 5, 6, 7, 9, 10, 11, 13, 14, 15, 17, 18, 19, 21, 22, 23, 25, 26, 27, 29, 30, 31]
2023-04-18 21:10:04.179 | INFO     | algorithms.rainbow_online:perform_diversity_aware_memory_update:322 - Saved sample images to Tensorboard
2023-04-18 21:10:04.180 | INFO     | algorithms.rainbow_online:perform_diversity_aware_memory_update:323 - There are 25 samples from class 0
2023-04-18 21:10:04.181 | DEBUG    | algorithms.rainbow_online:perform_diversity_aware_memory_update:298 - Class 6 under sampling strategy diverse
2023-04-18 21:10:05.547 | DEBUG    | algorithms.rainbow_online:perform_diversity_aware_memory_update:321 - Indexes: [0, 1, 2, 3, 5, 6, 7, 9, 10, 11, 13, 14, 15, 17, 18, 19, 21, 22, 23, 25, 26, 27, 29, 30, 31]
2023-04-18 21:10:05.557 | INFO     | algorithms.rainbow_online:perform_diversity_aware_memory_update:322 - Saved sample images to Tensorboard
2023-04-18 21:10:05.558 | INFO     | algorithms.rainbow_online:perform_diversity_aware_memory_update:323 - There are 25 samples from class 6
2023-04-18 21:10:05.559 | DEBUG    | algorithms.rainbow_online:perform_diversity_aware_memory_update:298 - Class 9 under sampling strategy diverse
2023-04-18 21:10:06.927 | DEBUG    | algorithms.rainbow_online:perform_diversity_aware_memory_update:321 - Indexes: [0, 1, 2, 3, 5, 6, 7, 9, 10, 11, 13, 14, 15, 17, 18, 19, 21, 22, 23, 25, 26, 27, 29, 30, 31]
2023-04-18 21:10:06.936 | INFO     | algorithms.rainbow_online:perform_diversity_aware_memory_update:322 - Saved sample images to Tensorboard
2023-04-18 21:10:06.937 | INFO     | algorithms.rainbow_online:perform_diversity_aware_memory_update:323 - There are 25 samples from class 9
2023-04-18 21:10:06.938 | DEBUG    | algorithms.rainbow_online:perform_diversity_aware_memory_update:298 - Class 5 under sampling strategy diverse
2023-04-18 21:10:08.302 | DEBUG    | algorithms.rainbow_online:perform_diversity_aware_memory_update:321 - Indexes: [0, 1, 2, 3, 5, 6, 7, 9, 10, 11, 13, 14, 15, 17, 18, 19, 21, 22, 23, 25, 26, 27, 29, 30, 31]
2023-04-18 21:10:08.311 | INFO     | algorithms.rainbow_online:perform_diversity_aware_memory_update:322 - Saved sample images to Tensorboard
2023-04-18 21:10:08.312 | INFO     | algorithms.rainbow_online:perform_diversity_aware_memory_update:323 - There are 25 samples from class 5
2023-04-18 21:10:08.313 | DEBUG    | algorithms.rainbow_online:perform_diversity_aware_memory_update:298 - Class 8 under sampling strategy diverse
2023-04-18 21:10:09.684 | DEBUG    | algorithms.rainbow_online:perform_diversity_aware_memory_update:321 - Indexes: [0, 1, 2, 3, 5, 6, 7, 9, 10, 11, 13, 14, 15, 17, 18, 19, 21, 22, 23, 25, 26, 27, 29, 30, 31]
2023-04-18 21:10:09.692 | INFO     | algorithms.rainbow_online:perform_diversity_aware_memory_update:322 - Saved sample images to Tensorboard
2023-04-18 21:10:09.693 | INFO     | algorithms.rainbow_online:perform_diversity_aware_memory_update:323 - There are 25 samples from class 8
2023-04-18 21:10:09.693 | DEBUG    | algorithms.rainbow_online:perform_diversity_aware_memory_update:298 - Class 3 under sampling strategy diverse
2023-04-18 21:13:33.897 | DEBUG    | algorithms.rainbow_online:perform_diversity_aware_memory_update:321 - Indexes: [0, 200, 400, 600, 800, 1000, 1200, 1400, 1600, 1800, 2000, 2200, 2400, 2600, 2800, 3000, 3200, 3400, 3600, 3800, 4000, 4200, 4400, 4600, 4800]
2023-04-18 21:13:33.906 | INFO     | algorithms.rainbow_online:perform_diversity_aware_memory_update:322 - Saved sample images to Tensorboard
2023-04-18 21:13:33.906 | INFO     | algorithms.rainbow_online:perform_diversity_aware_memory_update:323 - There are 25 samples from class 3
2023-04-18 21:13:33.907 | DEBUG    | algorithms.rainbow_online:perform_diversity_aware_memory_update:298 - Class 1 under sampling strategy diverse
2023-04-18 21:16:58.084 | DEBUG    | algorithms.rainbow_online:perform_diversity_aware_memory_update:321 - Indexes: [0, 200, 400, 600, 800, 1000, 1200, 1400, 1600, 1800, 2000, 2200, 2400, 2600, 2800, 3000, 3200, 3400, 3600, 3800, 4000, 4200, 4400, 4600, 4800]
2023-04-18 21:16:58.094 | INFO     | algorithms.rainbow_online:perform_diversity_aware_memory_update:322 - Saved sample images to Tensorboard
2023-04-18 21:16:58.095 | INFO     | algorithms.rainbow_online:perform_diversity_aware_memory_update:323 - There are 25 samples from class 1
2023-04-18 21:16:58.095 | INFO     | algorithms.rainbow_online:perform_diversity_aware_memory_update:325 - Generated next exemplar buffer
2023-04-18 21:16:58.096 | DEBUG    | algorithms.rainbow_online:train:345 - T_a: <class 'numpy.ndarray'>
2023-04-18 21:16:58.097 | INFO     | algorithms.rainbow_online:train:350 - Using memory buffer exclusively
2023-04-18 21:16:58.098 | INFO     | algorithms.rainbow_online:train:358 - Starting epoch 1 / 50
2023-04-18 21:16:58.329 | INFO     | algorithms.rainbow_online:train:412 - 1, loss: 2.571
2023-04-18 21:16:58.331 | INFO     | algorithms.rainbow_online:train:358 - Starting epoch 2 / 50
2023-04-18 21:16:58.562 | INFO     | algorithms.rainbow_online:train:412 - 2, loss: 2.555
2023-04-18 21:16:58.564 | INFO     | algorithms.rainbow_online:train:358 - Starting epoch 3 / 50
2023-04-18 21:16:58.793 | INFO     | algorithms.rainbow_online:train:412 - 3, loss: 2.413
2023-04-18 21:16:58.795 | INFO     | algorithms.rainbow_online:train:358 - Starting epoch 4 / 50
2023-04-18 21:16:59.026 | INFO     | algorithms.rainbow_online:train:412 - 4, loss: 2.476
2023-04-18 21:16:59.027 | INFO     | algorithms.rainbow_online:train:358 - Starting epoch 5 / 50
2023-04-18 21:16:59.259 | INFO     | algorithms.rainbow_online:train:412 - 5, loss: 2.329
2023-04-18 21:16:59.261 | INFO     | algorithms.rainbow_online:train:358 - Starting epoch 6 / 50
2023-04-18 21:16:59.493 | INFO     | algorithms.rainbow_online:train:412 - 6, loss: 2.451
2023-04-18 21:16:59.495 | INFO     | algorithms.rainbow_online:train:358 - Starting epoch 7 / 50
2023-04-18 21:16:59.725 | INFO     | algorithms.rainbow_online:train:412 - 7, loss: 2.429
2023-04-18 21:16:59.726 | INFO     | algorithms.rainbow_online:train:358 - Starting epoch 8 / 50
2023-04-18 21:16:59.957 | INFO     | algorithms.rainbow_online:train:412 - 8, loss: 2.309
2023-04-18 21:16:59.958 | INFO     | algorithms.rainbow_online:train:358 - Starting epoch 9 / 50
2023-04-18 21:17:00.188 | INFO     | algorithms.rainbow_online:train:412 - 9, loss: 2.279
2023-04-18 21:17:00.190 | INFO     | algorithms.rainbow_online:train:358 - Starting epoch 10 / 50
2023-04-18 21:17:00.422 | INFO     | algorithms.rainbow_online:train:412 - 10, loss: 2.335
2023-04-18 21:17:00.423 | INFO     | algorithms.algorithm_base:run_base_task_metrics:144 - Running metrics: Task 160
2023-04-18 21:17:05.134 | DEBUG    | algorithms.algorithm_base:run_base_task_metrics:200 - Raw classification accuracy results saved to ./output_cifar10_varied_sampling/rainbow_online/1681847225.512752_CIFAR10_OFFICIAL_RUN/task_160_accuracy_results.json
2023-04-18 21:17:05.135 | INFO     | algorithms.algorithm_base:run_base_task_metrics:201 - Correctly classified 2426 / 10000 samples (24.26% correct)
2023-04-18 21:17:05.276 | INFO     | algorithms.rainbow_online:train:358 - Starting epoch 11 / 50
2023-04-18 21:17:05.512 | INFO     | algorithms.rainbow_online:train:412 - 11, loss: 2.390
2023-04-18 21:17:05.513 | INFO     | algorithms.rainbow_online:train:358 - Starting epoch 12 / 50
2023-04-18 21:17:05.744 | INFO     | algorithms.rainbow_online:train:412 - 12, loss: 2.401
2023-04-18 21:17:05.746 | INFO     | algorithms.rainbow_online:train:358 - Starting epoch 13 / 50
2023-04-18 21:17:05.975 | INFO     | algorithms.rainbow_online:train:412 - 13, loss: 2.119
2023-04-18 21:17:05.977 | INFO     | algorithms.rainbow_online:train:358 - Starting epoch 14 / 50
2023-04-18 21:17:06.210 | INFO     | algorithms.rainbow_online:train:412 - 14, loss: 2.241
2023-04-18 21:17:06.212 | INFO     | algorithms.rainbow_online:train:358 - Starting epoch 15 / 50
2023-04-18 21:17:06.446 | INFO     | algorithms.rainbow_online:train:412 - 15, loss: 2.161
2023-04-18 21:17:06.447 | INFO     | algorithms.rainbow_online:train:358 - Starting epoch 16 / 50
2023-04-18 21:17:06.678 | INFO     | algorithms.rainbow_online:train:412 - 16, loss: 2.159
2023-04-18 21:17:06.680 | INFO     | algorithms.rainbow_online:train:358 - Starting epoch 17 / 50
2023-04-18 21:17:06.910 | INFO     | algorithms.rainbow_online:train:412 - 17, loss: 2.156
2023-04-18 21:17:06.912 | INFO     | algorithms.rainbow_online:train:358 - Starting epoch 18 / 50
2023-04-18 21:17:07.144 | INFO     | algorithms.rainbow_online:train:412 - 18, loss: 2.083
2023-04-18 21:17:07.145 | INFO     | algorithms.rainbow_online:train:358 - Starting epoch 19 / 50
2023-04-18 21:17:07.376 | INFO     | algorithms.rainbow_online:train:412 - 19, loss: 2.274
2023-04-18 21:17:07.377 | INFO     | algorithms.rainbow_online:train:358 - Starting epoch 20 / 50
2023-04-18 21:17:07.607 | INFO     | algorithms.rainbow_online:train:412 - 20, loss: 2.115
2023-04-18 21:17:07.608 | INFO     | algorithms.algorithm_base:run_base_task_metrics:144 - Running metrics: Task 170
2023-04-18 21:17:12.298 | DEBUG    | algorithms.algorithm_base:run_base_task_metrics:200 - Raw classification accuracy results saved to ./output_cifar10_varied_sampling/rainbow_online/1681847225.512752_CIFAR10_OFFICIAL_RUN/task_170_accuracy_results.json
2023-04-18 21:17:12.300 | INFO     | algorithms.algorithm_base:run_base_task_metrics:201 - Correctly classified 2573 / 10000 samples (25.73% correct)
2023-04-18 21:17:12.438 | INFO     | algorithms.rainbow_online:train:358 - Starting epoch 21 / 50
2023-04-18 21:17:12.672 | INFO     | algorithms.rainbow_online:train:412 - 21, loss: 2.078
2023-04-18 21:17:12.674 | INFO     | algorithms.rainbow_online:train:358 - Starting epoch 22 / 50
2023-04-18 21:17:12.903 | INFO     | algorithms.rainbow_online:train:412 - 22, loss: 2.156
2023-04-18 21:17:12.905 | INFO     | algorithms.rainbow_online:train:358 - Starting epoch 23 / 50
2023-04-18 21:17:13.136 | INFO     | algorithms.rainbow_online:train:412 - 23, loss: 1.914
2023-04-18 21:17:13.138 | INFO     | algorithms.rainbow_online:train:358 - Starting epoch 24 / 50
2023-04-18 21:17:13.368 | INFO     | algorithms.rainbow_online:train:412 - 24, loss: 1.987
2023-04-18 21:17:13.369 | INFO     | algorithms.rainbow_online:train:358 - Starting epoch 25 / 50
2023-04-18 21:17:13.601 | INFO     | algorithms.rainbow_online:train:412 - 25, loss: 2.103
2023-04-18 21:17:13.602 | INFO     | algorithms.rainbow_online:train:358 - Starting epoch 26 / 50
2023-04-18 21:17:13.832 | INFO     | algorithms.rainbow_online:train:412 - 26, loss: 2.088
2023-04-18 21:17:13.834 | INFO     | algorithms.rainbow_online:train:358 - Starting epoch 27 / 50
2023-04-18 21:17:14.066 | INFO     | algorithms.rainbow_online:train:412 - 27, loss: 2.062
2023-04-18 21:17:14.067 | INFO     | algorithms.rainbow_online:train:358 - Starting epoch 28 / 50
2023-04-18 21:17:14.299 | INFO     | algorithms.rainbow_online:train:412 - 28, loss: 2.095
2023-04-18 21:17:14.300 | INFO     | algorithms.rainbow_online:train:358 - Starting epoch 29 / 50
2023-04-18 21:17:14.534 | INFO     | algorithms.rainbow_online:train:412 - 29, loss: 2.153
2023-04-18 21:17:14.535 | INFO     | algorithms.rainbow_online:train:358 - Starting epoch 30 / 50
2023-04-18 21:17:14.765 | INFO     | algorithms.rainbow_online:train:412 - 30, loss: 1.866
2023-04-18 21:17:14.767 | INFO     | algorithms.algorithm_base:run_base_task_metrics:144 - Running metrics: Task 180
2023-04-18 21:17:19.468 | DEBUG    | algorithms.algorithm_base:run_base_task_metrics:200 - Raw classification accuracy results saved to ./output_cifar10_varied_sampling/rainbow_online/1681847225.512752_CIFAR10_OFFICIAL_RUN/task_180_accuracy_results.json
2023-04-18 21:17:19.470 | INFO     | algorithms.algorithm_base:run_base_task_metrics:201 - Correctly classified 2655 / 10000 samples (26.55% correct)
2023-04-18 21:17:19.609 | INFO     | algorithms.rainbow_online:train:358 - Starting epoch 31 / 50
2023-04-18 21:17:19.843 | INFO     | algorithms.rainbow_online:train:412 - 31, loss: 1.983
2023-04-18 21:17:19.844 | INFO     | algorithms.rainbow_online:train:358 - Starting epoch 32 / 50
2023-04-18 21:17:20.076 | INFO     | algorithms.rainbow_online:train:412 - 32, loss: 2.092
2023-04-18 21:17:20.085 | INFO     | algorithms.rainbow_online:train:358 - Starting epoch 33 / 50
2023-04-18 21:17:20.319 | INFO     | algorithms.rainbow_online:train:412 - 33, loss: 1.896
2023-04-18 21:17:20.321 | INFO     | algorithms.rainbow_online:train:358 - Starting epoch 34 / 50
2023-04-18 21:17:20.550 | INFO     | algorithms.rainbow_online:train:412 - 34, loss: 2.091
2023-04-18 21:17:20.551 | INFO     | algorithms.rainbow_online:train:358 - Starting epoch 35 / 50
2023-04-18 21:17:20.781 | INFO     | algorithms.rainbow_online:train:412 - 35, loss: 2.040
2023-04-18 21:17:20.782 | INFO     | algorithms.rainbow_online:train:358 - Starting epoch 36 / 50
2023-04-18 21:17:21.014 | INFO     | algorithms.rainbow_online:train:412 - 36, loss: 1.833
2023-04-18 21:17:21.015 | INFO     | algorithms.rainbow_online:train:358 - Starting epoch 37 / 50
2023-04-18 21:17:21.246 | INFO     | algorithms.rainbow_online:train:412 - 37, loss: 1.913
2023-04-18 21:17:21.248 | INFO     | algorithms.rainbow_online:train:358 - Starting epoch 38 / 50
2023-04-18 21:17:21.477 | INFO     | algorithms.rainbow_online:train:412 - 38, loss: 1.943
2023-04-18 21:17:21.479 | INFO     | algorithms.rainbow_online:train:358 - Starting epoch 39 / 50
2023-04-18 21:17:21.711 | INFO     | algorithms.rainbow_online:train:412 - 39, loss: 2.049
2023-04-18 21:17:21.712 | INFO     | algorithms.rainbow_online:train:358 - Starting epoch 40 / 50
2023-04-18 21:17:21.942 | INFO     | algorithms.rainbow_online:train:412 - 40, loss: 1.657
2023-04-18 21:17:21.944 | INFO     | algorithms.algorithm_base:run_base_task_metrics:144 - Running metrics: Task 190
2023-04-18 21:17:26.629 | DEBUG    | algorithms.algorithm_base:run_base_task_metrics:200 - Raw classification accuracy results saved to ./output_cifar10_varied_sampling/rainbow_online/1681847225.512752_CIFAR10_OFFICIAL_RUN/task_190_accuracy_results.json
2023-04-18 21:17:26.630 | INFO     | algorithms.algorithm_base:run_base_task_metrics:201 - Correctly classified 2792 / 10000 samples (27.92% correct)
2023-04-18 21:17:26.768 | INFO     | algorithms.rainbow_online:train:358 - Starting epoch 41 / 50
2023-04-18 21:17:27.001 | INFO     | algorithms.rainbow_online:train:412 - 41, loss: 1.811
2023-04-18 21:17:27.002 | INFO     | algorithms.rainbow_online:train:358 - Starting epoch 42 / 50
2023-04-18 21:17:27.231 | INFO     | algorithms.rainbow_online:train:412 - 42, loss: 1.796
2023-04-18 21:17:27.233 | INFO     | algorithms.rainbow_online:train:358 - Starting epoch 43 / 50
2023-04-18 21:17:27.463 | INFO     | algorithms.rainbow_online:train:412 - 43, loss: 1.806
2023-04-18 21:17:27.465 | INFO     | algorithms.rainbow_online:train:358 - Starting epoch 44 / 50
2023-04-18 21:17:27.696 | INFO     | algorithms.rainbow_online:train:412 - 44, loss: 1.569
2023-04-18 21:17:27.698 | INFO     | algorithms.rainbow_online:train:358 - Starting epoch 45 / 50
2023-04-18 21:17:27.929 | INFO     | algorithms.rainbow_online:train:412 - 45, loss: 2.071
2023-04-18 21:17:27.930 | INFO     | algorithms.rainbow_online:train:358 - Starting epoch 46 / 50
2023-04-18 21:17:28.161 | INFO     | algorithms.rainbow_online:train:412 - 46, loss: 1.928
2023-04-18 21:17:28.162 | INFO     | algorithms.rainbow_online:train:358 - Starting epoch 47 / 50
2023-04-18 21:17:28.393 | INFO     | algorithms.rainbow_online:train:412 - 47, loss: 1.617
2023-04-18 21:17:28.395 | INFO     | algorithms.rainbow_online:train:358 - Starting epoch 48 / 50
2023-04-18 21:17:28.625 | INFO     | algorithms.rainbow_online:train:412 - 48, loss: 1.797
2023-04-18 21:17:28.626 | INFO     | algorithms.rainbow_online:train:358 - Starting epoch 49 / 50
2023-04-18 21:17:28.857 | INFO     | algorithms.rainbow_online:train:412 - 49, loss: 1.683
2023-04-18 21:17:28.859 | INFO     | algorithms.rainbow_online:train:358 - Starting epoch 50 / 50
2023-04-18 21:17:29.089 | INFO     | algorithms.rainbow_online:train:412 - 50, loss: 1.737
2023-04-18 21:17:29.091 | INFO     | algorithms.algorithm_base:run_base_task_metrics:144 - Running metrics: Task 200
2023-04-18 21:17:33.801 | DEBUG    | algorithms.algorithm_base:run_base_task_metrics:200 - Raw classification accuracy results saved to ./output_cifar10_varied_sampling/rainbow_online/1681847225.512752_CIFAR10_OFFICIAL_RUN/task_200_accuracy_results.json
2023-04-18 21:17:33.803 | INFO     | algorithms.algorithm_base:run_base_task_metrics:201 - Correctly classified 2874 / 10000 samples (28.74% correct)
2023-04-18 21:17:33.939 | INFO     | algorithms.rainbow_online:train:334 - Starting Task 5 / 5
2023-04-18 21:17:33.944 | INFO     | algorithms.rainbow_online:train:338 - Updating memory...
2023-04-18 21:17:33.944 | DEBUG    | algorithms.rainbow_online:train:341 - T_b: <class 'numpy.ndarray'>
2023-04-18 21:17:33.955 | INFO     | algorithms.rainbow_online:perform_diversity_aware_memory_update:189 - Segmenting classes
2023-04-18 21:17:33.956 | DEBUG    | algorithms.rainbow_online:perform_diversity_aware_memory_update:200 - Keys dict_keys([2])
2023-04-18 21:17:33.957 | DEBUG    | algorithms.rainbow_online:perform_diversity_aware_memory_update:200 - Keys dict_keys([2, 0])
2023-04-18 21:17:33.957 | DEBUG    | algorithms.rainbow_online:perform_diversity_aware_memory_update:200 - Keys dict_keys([2, 0, 6])
2023-04-18 21:17:33.958 | DEBUG    | algorithms.rainbow_online:perform_diversity_aware_memory_update:200 - Keys dict_keys([2, 0, 6, 9])
2023-04-18 21:17:33.959 | DEBUG    | algorithms.rainbow_online:perform_diversity_aware_memory_update:200 - Keys dict_keys([2, 0, 6, 9, 5])
2023-04-18 21:17:33.960 | DEBUG    | algorithms.rainbow_online:perform_diversity_aware_memory_update:200 - Keys dict_keys([2, 0, 6, 9, 5, 8])
2023-04-18 21:17:33.960 | DEBUG    | algorithms.rainbow_online:perform_diversity_aware_memory_update:200 - Keys dict_keys([2, 0, 6, 9, 5, 8, 3])
2023-04-18 21:17:33.961 | DEBUG    | algorithms.rainbow_online:perform_diversity_aware_memory_update:200 - Keys dict_keys([2, 0, 6, 9, 5, 8, 3, 1])
2023-04-18 21:17:33.987 | DEBUG    | algorithms.rainbow_online:perform_diversity_aware_memory_update:215 - Seen classes: 10
2023-04-18 21:17:33.989 | INFO     | algorithms.rainbow_online:perform_diversity_aware_memory_update:218 - Sorting class samples by uncertainty and generating next buffer: memory size per class 20
2023-04-18 21:17:33.990 | DEBUG    | algorithms.rainbow_online:perform_diversity_aware_memory_update:298 - Class 2 under sampling strategy diverse
2023-04-18 21:17:35.032 | DEBUG    | algorithms.rainbow_online:perform_diversity_aware_memory_update:321 - Indexes: [0, 1, 2, 3, 5, 6, 7, 8, 10, 11, 12, 13, 15, 16, 17, 18, 20, 21, 22, 23]
2023-04-18 21:17:35.040 | INFO     | algorithms.rainbow_online:perform_diversity_aware_memory_update:322 - Saved sample images to Tensorboard
2023-04-18 21:17:35.041 | INFO     | algorithms.rainbow_online:perform_diversity_aware_memory_update:323 - There are 20 samples from class 2
2023-04-18 21:17:35.041 | DEBUG    | algorithms.rainbow_online:perform_diversity_aware_memory_update:298 - Class 0 under sampling strategy diverse
2023-04-18 21:17:36.100 | DEBUG    | algorithms.rainbow_online:perform_diversity_aware_memory_update:321 - Indexes: [0, 1, 2, 3, 5, 6, 7, 8, 10, 11, 12, 13, 15, 16, 17, 18, 20, 21, 22, 23]
2023-04-18 21:17:36.107 | INFO     | algorithms.rainbow_online:perform_diversity_aware_memory_update:322 - Saved sample images to Tensorboard
2023-04-18 21:17:36.107 | INFO     | algorithms.rainbow_online:perform_diversity_aware_memory_update:323 - There are 20 samples from class 0
2023-04-18 21:17:36.108 | DEBUG    | algorithms.rainbow_online:perform_diversity_aware_memory_update:298 - Class 6 under sampling strategy diverse
2023-04-18 21:17:37.148 | DEBUG    | algorithms.rainbow_online:perform_diversity_aware_memory_update:321 - Indexes: [0, 1, 2, 3, 5, 6, 7, 8, 10, 11, 12, 13, 15, 16, 17, 18, 20, 21, 22, 23]
2023-04-18 21:17:37.156 | INFO     | algorithms.rainbow_online:perform_diversity_aware_memory_update:322 - Saved sample images to Tensorboard
2023-04-18 21:17:37.157 | INFO     | algorithms.rainbow_online:perform_diversity_aware_memory_update:323 - There are 20 samples from class 6
2023-04-18 21:17:37.158 | DEBUG    | algorithms.rainbow_online:perform_diversity_aware_memory_update:298 - Class 9 under sampling strategy diverse
2023-04-18 21:17:38.202 | DEBUG    | algorithms.rainbow_online:perform_diversity_aware_memory_update:321 - Indexes: [0, 1, 2, 3, 5, 6, 7, 8, 10, 11, 12, 13, 15, 16, 17, 18, 20, 21, 22, 23]
2023-04-18 21:17:38.209 | INFO     | algorithms.rainbow_online:perform_diversity_aware_memory_update:322 - Saved sample images to Tensorboard
2023-04-18 21:17:38.210 | INFO     | algorithms.rainbow_online:perform_diversity_aware_memory_update:323 - There are 20 samples from class 9
2023-04-18 21:17:38.210 | DEBUG    | algorithms.rainbow_online:perform_diversity_aware_memory_update:298 - Class 5 under sampling strategy diverse
2023-04-18 21:17:39.250 | DEBUG    | algorithms.rainbow_online:perform_diversity_aware_memory_update:321 - Indexes: [0, 1, 2, 3, 5, 6, 7, 8, 10, 11, 12, 13, 15, 16, 17, 18, 20, 21, 22, 23]
2023-04-18 21:17:39.257 | INFO     | algorithms.rainbow_online:perform_diversity_aware_memory_update:322 - Saved sample images to Tensorboard
2023-04-18 21:17:39.258 | INFO     | algorithms.rainbow_online:perform_diversity_aware_memory_update:323 - There are 20 samples from class 5
2023-04-18 21:17:39.259 | DEBUG    | algorithms.rainbow_online:perform_diversity_aware_memory_update:298 - Class 8 under sampling strategy diverse
2023-04-18 21:17:40.305 | DEBUG    | algorithms.rainbow_online:perform_diversity_aware_memory_update:321 - Indexes: [0, 1, 2, 3, 5, 6, 7, 8, 10, 11, 12, 13, 15, 16, 17, 18, 20, 21, 22, 23]
2023-04-18 21:17:40.312 | INFO     | algorithms.rainbow_online:perform_diversity_aware_memory_update:322 - Saved sample images to Tensorboard
2023-04-18 21:17:40.313 | INFO     | algorithms.rainbow_online:perform_diversity_aware_memory_update:323 - There are 20 samples from class 8
2023-04-18 21:17:40.313 | DEBUG    | algorithms.rainbow_online:perform_diversity_aware_memory_update:298 - Class 3 under sampling strategy diverse
2023-04-18 21:17:41.357 | DEBUG    | algorithms.rainbow_online:perform_diversity_aware_memory_update:321 - Indexes: [0, 1, 2, 3, 5, 6, 7, 8, 10, 11, 12, 13, 15, 16, 17, 18, 20, 21, 22, 23]
2023-04-18 21:17:41.364 | INFO     | algorithms.rainbow_online:perform_diversity_aware_memory_update:322 - Saved sample images to Tensorboard
2023-04-18 21:17:41.365 | INFO     | algorithms.rainbow_online:perform_diversity_aware_memory_update:323 - There are 20 samples from class 3
2023-04-18 21:17:41.365 | DEBUG    | algorithms.rainbow_online:perform_diversity_aware_memory_update:298 - Class 1 under sampling strategy diverse
2023-04-18 21:17:42.403 | DEBUG    | algorithms.rainbow_online:perform_diversity_aware_memory_update:321 - Indexes: [0, 1, 2, 3, 5, 6, 7, 8, 10, 11, 12, 13, 15, 16, 17, 18, 20, 21, 22, 23]
2023-04-18 21:17:42.411 | INFO     | algorithms.rainbow_online:perform_diversity_aware_memory_update:322 - Saved sample images to Tensorboard
2023-04-18 21:17:42.412 | INFO     | algorithms.rainbow_online:perform_diversity_aware_memory_update:323 - There are 20 samples from class 1
2023-04-18 21:17:42.412 | DEBUG    | algorithms.rainbow_online:perform_diversity_aware_memory_update:298 - Class 7 under sampling strategy diverse
2023-04-18 21:21:07.830 | DEBUG    | algorithms.rainbow_online:perform_diversity_aware_memory_update:321 - Indexes: [0, 250, 500, 750, 1000, 1250, 1500, 1750, 2000, 2250, 2500, 2750, 3000, 3250, 3500, 3750, 4000, 4250, 4500, 4750]
2023-04-18 21:21:07.837 | INFO     | algorithms.rainbow_online:perform_diversity_aware_memory_update:322 - Saved sample images to Tensorboard
2023-04-18 21:21:07.838 | INFO     | algorithms.rainbow_online:perform_diversity_aware_memory_update:323 - There are 20 samples from class 7
2023-04-18 21:21:07.839 | DEBUG    | algorithms.rainbow_online:perform_diversity_aware_memory_update:298 - Class 4 under sampling strategy diverse
2023-04-18 21:24:32.910 | DEBUG    | algorithms.rainbow_online:perform_diversity_aware_memory_update:321 - Indexes: [0, 250, 500, 750, 1000, 1250, 1500, 1750, 2000, 2250, 2500, 2750, 3000, 3250, 3500, 3750, 4000, 4250, 4500, 4750]
2023-04-18 21:24:32.918 | INFO     | algorithms.rainbow_online:perform_diversity_aware_memory_update:322 - Saved sample images to Tensorboard
2023-04-18 21:24:32.918 | INFO     | algorithms.rainbow_online:perform_diversity_aware_memory_update:323 - There are 20 samples from class 4
2023-04-18 21:24:32.919 | INFO     | algorithms.rainbow_online:perform_diversity_aware_memory_update:325 - Generated next exemplar buffer
2023-04-18 21:24:32.920 | DEBUG    | algorithms.rainbow_online:train:345 - T_a: <class 'numpy.ndarray'>
2023-04-18 21:24:32.921 | INFO     | algorithms.rainbow_online:train:350 - Using memory buffer exclusively
2023-04-18 21:24:32.921 | INFO     | algorithms.rainbow_online:train:358 - Starting epoch 1 / 50
2023-04-18 21:24:33.150 | INFO     | algorithms.rainbow_online:train:412 - 1, loss: 2.780
2023-04-18 21:24:33.151 | INFO     | algorithms.rainbow_online:train:358 - Starting epoch 2 / 50
2023-04-18 21:24:33.385 | INFO     | algorithms.rainbow_online:train:412 - 2, loss: 2.635
2023-04-18 21:24:33.387 | INFO     | algorithms.rainbow_online:train:358 - Starting epoch 3 / 50
2023-04-18 21:24:33.617 | INFO     | algorithms.rainbow_online:train:412 - 3, loss: 2.724
2023-04-18 21:24:33.618 | INFO     | algorithms.rainbow_online:train:358 - Starting epoch 4 / 50
2023-04-18 21:24:33.848 | INFO     | algorithms.rainbow_online:train:412 - 4, loss: 2.541
2023-04-18 21:24:33.849 | INFO     | algorithms.rainbow_online:train:358 - Starting epoch 5 / 50
2023-04-18 21:24:34.079 | INFO     | algorithms.rainbow_online:train:412 - 5, loss: 2.426
2023-04-18 21:24:34.081 | INFO     | algorithms.rainbow_online:train:358 - Starting epoch 6 / 50
2023-04-18 21:24:34.315 | INFO     | algorithms.rainbow_online:train:412 - 6, loss: 2.572
2023-04-18 21:24:34.317 | INFO     | algorithms.rainbow_online:train:358 - Starting epoch 7 / 50
2023-04-18 21:24:34.547 | INFO     | algorithms.rainbow_online:train:412 - 7, loss: 2.653
2023-04-18 21:24:34.548 | INFO     | algorithms.rainbow_online:train:358 - Starting epoch 8 / 50
2023-04-18 21:24:34.778 | INFO     | algorithms.rainbow_online:train:412 - 8, loss: 2.428
2023-04-18 21:24:34.780 | INFO     | algorithms.rainbow_online:train:358 - Starting epoch 9 / 50
2023-04-18 21:24:35.009 | INFO     | algorithms.rainbow_online:train:412 - 9, loss: 2.440
2023-04-18 21:24:35.011 | INFO     | algorithms.rainbow_online:train:358 - Starting epoch 10 / 50
2023-04-18 21:24:35.243 | INFO     | algorithms.rainbow_online:train:412 - 10, loss: 2.445
2023-04-18 21:24:35.244 | INFO     | algorithms.algorithm_base:run_base_task_metrics:144 - Running metrics: Task 210
2023-04-18 21:24:39.952 | DEBUG    | algorithms.algorithm_base:run_base_task_metrics:200 - Raw classification accuracy results saved to ./output_cifar10_varied_sampling/rainbow_online/1681847225.512752_CIFAR10_OFFICIAL_RUN/task_210_accuracy_results.json
2023-04-18 21:24:39.953 | INFO     | algorithms.algorithm_base:run_base_task_metrics:201 - Correctly classified 2367 / 10000 samples (23.67% correct)
2023-04-18 21:24:40.092 | INFO     | algorithms.rainbow_online:train:358 - Starting epoch 11 / 50
2023-04-18 21:24:40.328 | INFO     | algorithms.rainbow_online:train:412 - 11, loss: 2.320
2023-04-18 21:24:40.329 | INFO     | algorithms.rainbow_online:train:358 - Starting epoch 12 / 50
2023-04-18 21:24:40.561 | INFO     | algorithms.rainbow_online:train:412 - 12, loss: 2.522
2023-04-18 21:24:40.562 | INFO     | algorithms.rainbow_online:train:358 - Starting epoch 13 / 50
2023-04-18 21:24:40.794 | INFO     | algorithms.rainbow_online:train:412 - 13, loss: 2.461
2023-04-18 21:24:40.796 | INFO     | algorithms.rainbow_online:train:358 - Starting epoch 14 / 50
2023-04-18 21:24:41.026 | INFO     | algorithms.rainbow_online:train:412 - 14, loss: 2.390
2023-04-18 21:24:41.028 | INFO     | algorithms.rainbow_online:train:358 - Starting epoch 15 / 50
2023-04-18 21:24:41.257 | INFO     | algorithms.rainbow_online:train:412 - 15, loss: 2.339
2023-04-18 21:24:41.259 | INFO     | algorithms.rainbow_online:train:358 - Starting epoch 16 / 50
2023-04-18 21:24:41.492 | INFO     | algorithms.rainbow_online:train:412 - 16, loss: 2.234
2023-04-18 21:24:41.493 | INFO     | algorithms.rainbow_online:train:358 - Starting epoch 17 / 50
2023-04-18 21:24:41.723 | INFO     | algorithms.rainbow_online:train:412 - 17, loss: 2.211
2023-04-18 21:24:41.726 | INFO     | algorithms.rainbow_online:train:358 - Starting epoch 18 / 50
2023-04-18 21:24:41.956 | INFO     | algorithms.rainbow_online:train:412 - 18, loss: 2.391
2023-04-18 21:24:41.958 | INFO     | algorithms.rainbow_online:train:358 - Starting epoch 19 / 50
2023-04-18 21:24:42.187 | INFO     | algorithms.rainbow_online:train:412 - 19, loss: 2.315
2023-04-18 21:24:42.189 | INFO     | algorithms.rainbow_online:train:358 - Starting epoch 20 / 50
2023-04-18 21:24:42.422 | INFO     | algorithms.rainbow_online:train:412 - 20, loss: 2.256
2023-04-18 21:24:42.424 | INFO     | algorithms.algorithm_base:run_base_task_metrics:144 - Running metrics: Task 220
2023-04-18 21:24:47.166 | DEBUG    | algorithms.algorithm_base:run_base_task_metrics:200 - Raw classification accuracy results saved to ./output_cifar10_varied_sampling/rainbow_online/1681847225.512752_CIFAR10_OFFICIAL_RUN/task_220_accuracy_results.json
2023-04-18 21:24:47.167 | INFO     | algorithms.algorithm_base:run_base_task_metrics:201 - Correctly classified 2640 / 10000 samples (26.40% correct)
2023-04-18 21:24:47.357 | INFO     | algorithms.rainbow_online:train:358 - Starting epoch 21 / 50
2023-04-18 21:24:47.590 | INFO     | algorithms.rainbow_online:train:412 - 21, loss: 2.261
2023-04-18 21:24:47.592 | INFO     | algorithms.rainbow_online:train:358 - Starting epoch 22 / 50
2023-04-18 21:24:47.823 | INFO     | algorithms.rainbow_online:train:412 - 22, loss: 2.296
2023-04-18 21:24:47.825 | INFO     | algorithms.rainbow_online:train:358 - Starting epoch 23 / 50
2023-04-18 21:24:48.054 | INFO     | algorithms.rainbow_online:train:412 - 23, loss: 2.324
2023-04-18 21:24:48.056 | INFO     | algorithms.rainbow_online:train:358 - Starting epoch 24 / 50
2023-04-18 21:24:48.287 | INFO     | algorithms.rainbow_online:train:412 - 24, loss: 2.057
2023-04-18 21:24:48.288 | INFO     | algorithms.rainbow_online:train:358 - Starting epoch 25 / 50
2023-04-18 21:24:48.521 | INFO     | algorithms.rainbow_online:train:412 - 25, loss: 2.240
2023-04-18 21:24:48.523 | INFO     | algorithms.rainbow_online:train:358 - Starting epoch 26 / 50
2023-04-18 21:24:48.753 | INFO     | algorithms.rainbow_online:train:412 - 26, loss: 2.131
2023-04-18 21:24:48.754 | INFO     | algorithms.rainbow_online:train:358 - Starting epoch 27 / 50
2023-04-18 21:24:48.984 | INFO     | algorithms.rainbow_online:train:412 - 27, loss: 2.147
2023-04-18 21:24:48.986 | INFO     | algorithms.rainbow_online:train:358 - Starting epoch 28 / 50
2023-04-18 21:24:49.215 | INFO     | algorithms.rainbow_online:train:412 - 28, loss: 2.256
2023-04-18 21:24:49.216 | INFO     | algorithms.rainbow_online:train:358 - Starting epoch 29 / 50
2023-04-18 21:24:49.451 | INFO     | algorithms.rainbow_online:train:412 - 29, loss: 2.164
2023-04-18 21:24:49.453 | INFO     | algorithms.rainbow_online:train:358 - Starting epoch 30 / 50
2023-04-18 21:24:49.682 | INFO     | algorithms.rainbow_online:train:412 - 30, loss: 2.176
2023-04-18 21:24:49.683 | INFO     | algorithms.algorithm_base:run_base_task_metrics:144 - Running metrics: Task 230
2023-04-18 21:24:54.387 | DEBUG    | algorithms.algorithm_base:run_base_task_metrics:200 - Raw classification accuracy results saved to ./output_cifar10_varied_sampling/rainbow_online/1681847225.512752_CIFAR10_OFFICIAL_RUN/task_230_accuracy_results.json
2023-04-18 21:24:54.388 | INFO     | algorithms.algorithm_base:run_base_task_metrics:201 - Correctly classified 2727 / 10000 samples (27.27% correct)
2023-04-18 21:24:54.527 | INFO     | algorithms.rainbow_online:train:358 - Starting epoch 31 / 50
2023-04-18 21:24:54.763 | INFO     | algorithms.rainbow_online:train:412 - 31, loss: 1.922
2023-04-18 21:24:54.765 | INFO     | algorithms.rainbow_online:train:358 - Starting epoch 32 / 50
2023-04-18 21:24:54.994 | INFO     | algorithms.rainbow_online:train:412 - 32, loss: 2.179
2023-04-18 21:24:54.996 | INFO     | algorithms.rainbow_online:train:358 - Starting epoch 33 / 50
2023-04-18 21:24:55.227 | INFO     | algorithms.rainbow_online:train:412 - 33, loss: 2.250
2023-04-18 21:24:55.229 | INFO     | algorithms.rainbow_online:train:358 - Starting epoch 34 / 50
2023-04-18 21:24:55.463 | INFO     | algorithms.rainbow_online:train:412 - 34, loss: 1.959
2023-04-18 21:24:55.464 | INFO     | algorithms.rainbow_online:train:358 - Starting epoch 35 / 50
2023-04-18 21:24:55.694 | INFO     | algorithms.rainbow_online:train:412 - 35, loss: 1.878
2023-04-18 21:24:55.696 | INFO     | algorithms.rainbow_online:train:358 - Starting epoch 36 / 50
2023-04-18 21:24:55.928 | INFO     | algorithms.rainbow_online:train:412 - 36, loss: 1.966
2023-04-18 21:24:55.930 | INFO     | algorithms.rainbow_online:train:358 - Starting epoch 37 / 50
2023-04-18 21:24:56.160 | INFO     | algorithms.rainbow_online:train:412 - 37, loss: 1.868
2023-04-18 21:24:56.162 | INFO     | algorithms.rainbow_online:train:358 - Starting epoch 38 / 50
2023-04-18 21:24:56.394 | INFO     | algorithms.rainbow_online:train:412 - 38, loss: 1.819
2023-04-18 21:24:56.395 | INFO     | algorithms.rainbow_online:train:358 - Starting epoch 39 / 50
2023-04-18 21:24:56.625 | INFO     | algorithms.rainbow_online:train:412 - 39, loss: 2.051
2023-04-18 21:24:56.627 | INFO     | algorithms.rainbow_online:train:358 - Starting epoch 40 / 50
2023-04-18 21:24:56.857 | INFO     | algorithms.rainbow_online:train:412 - 40, loss: 1.603
2023-04-18 21:24:56.859 | INFO     | algorithms.algorithm_base:run_base_task_metrics:144 - Running metrics: Task 240
2023-04-18 21:25:01.566 | DEBUG    | algorithms.algorithm_base:run_base_task_metrics:200 - Raw classification accuracy results saved to ./output_cifar10_varied_sampling/rainbow_online/1681847225.512752_CIFAR10_OFFICIAL_RUN/task_240_accuracy_results.json
2023-04-18 21:25:01.567 | INFO     | algorithms.algorithm_base:run_base_task_metrics:201 - Correctly classified 2851 / 10000 samples (28.51% correct)
2023-04-18 21:25:01.705 | INFO     | algorithms.rainbow_online:train:358 - Starting epoch 41 / 50
2023-04-18 21:25:01.940 | INFO     | algorithms.rainbow_online:train:412 - 41, loss: 2.122
2023-04-18 21:25:01.942 | INFO     | algorithms.rainbow_online:train:358 - Starting epoch 42 / 50
2023-04-18 21:25:02.173 | INFO     | algorithms.rainbow_online:train:412 - 42, loss: 1.838
2023-04-18 21:25:02.173 | INFO     | algorithms.rainbow_online:train:358 - Starting epoch 43 / 50
2023-04-18 21:25:02.406 | INFO     | algorithms.rainbow_online:train:412 - 43, loss: 1.748
2023-04-18 21:25:02.407 | INFO     | algorithms.rainbow_online:train:358 - Starting epoch 44 / 50
2023-04-18 21:25:02.635 | INFO     | algorithms.rainbow_online:train:412 - 44, loss: 1.630
2023-04-18 21:25:02.637 | INFO     | algorithms.rainbow_online:train:358 - Starting epoch 45 / 50
2023-04-18 21:25:02.868 | INFO     | algorithms.rainbow_online:train:412 - 45, loss: 1.566
2023-04-18 21:25:02.870 | INFO     | algorithms.rainbow_online:train:358 - Starting epoch 46 / 50
2023-04-18 21:25:03.100 | INFO     | algorithms.rainbow_online:train:412 - 46, loss: 1.503
2023-04-18 21:25:03.102 | INFO     | algorithms.rainbow_online:train:358 - Starting epoch 47 / 50
2023-04-18 21:25:03.333 | INFO     | algorithms.rainbow_online:train:412 - 47, loss: 1.778
2023-04-18 21:25:03.335 | INFO     | algorithms.rainbow_online:train:358 - Starting epoch 48 / 50
2023-04-18 21:25:03.568 | INFO     | algorithms.rainbow_online:train:412 - 48, loss: 1.878
2023-04-18 21:25:03.570 | INFO     | algorithms.rainbow_online:train:358 - Starting epoch 49 / 50
2023-04-18 21:25:03.799 | INFO     | algorithms.rainbow_online:train:412 - 49, loss: 1.689
2023-04-18 21:25:03.801 | INFO     | algorithms.rainbow_online:train:358 - Starting epoch 50 / 50
2023-04-18 21:25:04.034 | INFO     | algorithms.rainbow_online:train:412 - 50, loss: 1.840
2023-04-18 21:25:04.035 | INFO     | algorithms.algorithm_base:run_base_task_metrics:144 - Running metrics: Task 250
2023-04-18 21:25:08.720 | DEBUG    | algorithms.algorithm_base:run_base_task_metrics:200 - Raw classification accuracy results saved to ./output_cifar10_varied_sampling/rainbow_online/1681847225.512752_CIFAR10_OFFICIAL_RUN/task_250_accuracy_results.json
2023-04-18 21:25:08.721 | INFO     | algorithms.algorithm_base:run_base_task_metrics:201 - Correctly classified 2949 / 10000 samples (29.49% correct)
2023-04-18 21:25:08.856 | INFO     | algorithms.rainbow_online:train:421 - Training complete
2023-04-18 21:25:08.861 | INFO     | __main__:run_experiment:300 - Training and evaluation completed!
2023-04-18 21:25:08.863 | INFO     | __main__:run_experiment:314 - Wrote usage stats to file
2023-04-18 21:25:08.864 | INFO     | __main__:main:363 - Complete
2023-04-18 21:25:08.864 | INFO     | __main__:close_tensorboard_writer:262 - Shut down TensorBoard
