2023-01-24 09:16:13.059 | INFO     | __main__:setup_files:186 - Experiment Name: OFFICIAL_RUN
2023-01-24 09:16:13.061 | INFO     | __main__:main:291 - Command line arguments: Configuration(algorithm='non_mlp', dataset='cifar100', classes_per_task=20, seed=2001)
2023-01-24 09:16:13.100 | INFO     | __main__:main:295 - Seeded random to 2001
2023-01-24 09:16:13.103 | INFO     | __main__:main:299 - Got CUDA device
2023-01-24 09:16:13.104 | INFO     | __main__:force_cuda_load:234 - Forcing CUDA initialisation...
2023-01-24 09:16:13.648 | INFO     | __main__:main:303 - CUDA initialised
2023-01-24 09:16:13.650 | INFO     | __main__:setup_shutdown_hook:230 - To access TensorBoard, run the command: tensorboard --logdir=./output/non_mlp/1674551773.033262_CIFAR100_OFFICIAL_RUN
2023-01-24 09:16:13.651 | INFO     | __main__:main:307 - Setup shutdown hooks
2023-01-24 09:16:13.888 | INFO     | __main__:main:312 - Model is setup
2023-01-24 09:16:13.889 | INFO     | __main__:main:314 - Complete pre-setup, starting experiment
2023-01-24 09:16:17.078 | INFO     | datasets.dataset_base:__init__:80 - Using disjoint tasks with 20 (5 tasks) with a randomised split
2023-01-24 09:16:17.079 | DEBUG    | datasets.dataset_base:_setup_task_datasets:95 - Splitting dataset into 5 disjoint tasks
2023-01-24 09:16:17.099 | INFO     | datasets.dataset_base:__init__:85 - {
  "name": "datasets.cifar100.CIFAR100",
  "dataset_class": "torchvision.datasets.cifar.CIFAR100",
  "training_dataset_parameters": "{'train': True, 'download': True}",
  "testing_dataset_parameters": "{'train': False, 'download': True}",
  "training_transform": "Compose(\n    Resize(size=(224, 224), interpolation=bilinear, max_size=None, antialias=None)\n    ToTensor()\n    Normalize(mean=(0.5071, 0.4867, 0.4408), std=(0.2675, 0.2565, 0.2761))\n    RandomCrop(size=(224, 224), padding=4)\n    RandomHorizontalFlip(p=0.5)\n)",
  "testing_transform": "Compose(\n    Resize(size=(224, 224), interpolation=bilinear, max_size=None, antialias=None)\n    ToTensor()\n    Normalize(mean=(0.5071, 0.4867, 0.4408), std=(0.2675, 0.2565, 0.2761))\n)",
  "classes": "apple, aquarium_fish, baby, bear, beaver, bed, bee, beetle, bicycle, bottle, bowl, boy, bridge, bus, butterfly, camel, can, castle, caterpillar, cattle, chair, chimpanzee, clock, cloud, cockroach, couch, crab, crocodile, cup, dinosaur, dolphin, elephant, flatfish, forest, fox, girl, hamster, house, kangaroo, keyboard, lamp, lawn_mower, leopard, lion, lizard, lobster, man, maple_tree, motorcycle, mountain, mouse, mushroom, oak_tree, orange, orchid, otter, palm_tree, pear, pickup_truck, pine_tree, plain, plate, poppy, porcupine, possum, rabbit, raccoon, ray, road, rocket, rose, sea, seal, shark, shrew, skunk, skyscraper, snail, snake, spider, squirrel, streetcar, sunflower, sweet_pepper, table, tank, telephone, television, tiger, tractor, train, trout, tulip, turtle, wardrobe, whale, willow_tree, wolf, woman, worm",
  "disjoint": true,
  "task_count": 5,
  "classes_per_task": [
    20
  ],
  "task_split_indices": [
    [
      9,
      58,
      85,
      43,
      51,
      36,
      4,
      27,
      12,
      29,
      44,
      68,
      82,
      16,
      3,
      92,
      49,
      41,
      35,
      69
    ],
    [
      25,
      67,
      66,
      95,
      14,
      17,
      23,
      97,
      57,
      74,
      37,
      98,
      63,
      96,
      73,
      40,
      47,
      24,
      22,
      93
    ],
    [
      77,
      52,
      1,
      0,
      70,
      62,
      28,
      34,
      18,
      54,
      65,
      13,
      26,
      86,
      33,
      71,
      15,
      50,
      64,
      81
    ],
    [
      30,
      39,
      42,
      31,
      56,
      94,
      91,
      84,
      90,
      60,
      20,
      53,
      48,
      38,
      78,
      61,
      88,
      87,
      45,
      10
    ],
    [
      55,
      8,
      19,
      59,
      32,
      7,
      79,
      21,
      80,
      89,
      72,
      5,
      99,
      76,
      83,
      11,
      6,
      46,
      2,
      75
    ]
  ],
  "task_split_classes": [
    [
      "bottle",
      "pickup_truck",
      "tank",
      "lion",
      "mushroom",
      "hamster",
      "beaver",
      "crocodile",
      "bridge",
      "dinosaur",
      "lizard",
      "road",
      "sunflower",
      "can",
      "bear",
      "tulip",
      "mountain",
      "lawn_mower",
      "girl",
      "rocket"
    ],
    [
      "couch",
      "ray",
      "raccoon",
      "whale",
      "butterfly",
      "castle",
      "cloud",
      "wolf",
      "pear",
      "shrew",
      "house",
      "woman",
      "porcupine",
      "willow_tree",
      "shark",
      "lamp",
      "maple_tree",
      "cockroach",
      "clock",
      "turtle"
    ],
    [
      "snail",
      "oak_tree",
      "aquarium_fish",
      "apple",
      "rose",
      "poppy",
      "cup",
      "fox",
      "caterpillar",
      "orchid",
      "rabbit",
      "bus",
      "crab",
      "telephone",
      "forest",
      "sea",
      "camel",
      "mouse",
      "possum",
      "streetcar"
    ],
    [
      "dolphin",
      "keyboard",
      "leopard",
      "elephant",
      "palm_tree",
      "wardrobe",
      "trout",
      "table",
      "train",
      "plain",
      "chair",
      "orange",
      "motorcycle",
      "kangaroo",
      "snake",
      "plate",
      "tiger",
      "television",
      "lobster",
      "bowl"
    ],
    [
      "otter",
      "bicycle",
      "cattle",
      "pine_tree",
      "flatfish",
      "beetle",
      "spider",
      "chimpanzee",
      "squirrel",
      "tractor",
      "seal",
      "bed",
      "worm",
      "skyscraper",
      "sweet_pepper",
      "boy",
      "bee",
      "man",
      "baby",
      "skunk"
    ]
  ]
}
2023-01-24 09:16:22.268 | WARNING  | models.vit.vit_models:build_backbone:149 - OVERRIDE: FREEZING PRETRAINED MODEL DIRECTLY EXCEPT
2023-01-24 09:16:22.270 | INFO     | models.vit.vit_models:setup_head:158 - SETUP HEAD
2023-01-24 09:16:23.415 | DEBUG    | __main__:run_experiment:258 - PID: 22724
2023-01-24 09:16:23.415 | INFO     | __main__:run_experiment:260 - Starting...
2023-01-24 09:16:23.416 | INFO     | algorithms.algorithm_base:train:116 - {
  "name": "experiments.non_mlp.NonMLPImplementation",
  "model_class": "Ignored",
  "device": "cuda:0",
  "dataset_class": "datasets.cifar100.CIFAR100",
  "optimiser_class": "Ignored",
  "loss_criterion_class": "Ignored",
  "epochs_per_task": 70,
  "batch_size": 16,
  "max_memory_samples": 5000
}
2023-01-24 09:16:23.417 | INFO     | algorithms.algorithm_base:train:118 - Starting training
2023-01-24 09:16:23.417 | INFO     | experiments.non_mlp:train:258 - Task 1 / 5
2023-01-24 09:16:23.418 | INFO     | experiments.non_mlp:train:259 - Classes in task: ['bottle', 'pickup_truck', 'tank', 'lion', 'mushroom', 'hamster', 'beaver', 'crocodile', 'bridge', 'dinosaur', 'lizard', 'road', 'sunflower', 'can', 'bear', 'tulip', 'mountain', 'lawn_mower', 'girl', 'rocket']
2023-01-24 09:16:23.418 | INFO     | experiments.non_mlp:_uncertainity_memory_update:165 - Starting memory update
2023-01-24 09:16:23.419 | INFO     | experiments.non_mlp:_uncertainity_memory_update:177 - Using uncertainty type: batch_normalised _compute_batch_distance
2023-01-24 09:16:23.419 | DEBUG    | experiments.non_mlp:_uncertainity_memory_update:179 - Processing new task samples
2023-01-24 09:27:54.038 | INFO     | experiments.non_mlp:generate_embeddings:282 - Generating fresh mean embedding vectors
2023-01-24 09:27:54.040 | DEBUG    | experiments.non_mlp:generate_embeddings:315 - Generated mean embedding vectors for: dict_keys([])
2023-01-24 09:27:54.041 | DEBUG    | experiments.non_mlp:_uncertainity_memory_update:197 - Processing old task samples: total targets = dict_keys([])
2023-01-24 09:27:54.042 | DEBUG    | experiments.non_mlp:_uncertainity_memory_update:223 - Drawing memory samples
2023-01-24 09:27:54.044 | DEBUG    | experiments.non_mlp:_uncertainity_memory_update:243 - Creating buffer
2023-01-24 09:27:54.102 | INFO     | experiments.non_mlp:_uncertainity_memory_update:252 - Memory update completed
2023-01-24 09:27:54.107 | INFO     | experiments.non_mlp:train:272 - Populated buffer
2023-01-24 09:27:54.108 | INFO     | algorithms.algorithm_base:run_base_task_metrics:144 - Running metrics: Task 0
2023-01-24 09:27:54.134 | INFO     | experiments.non_mlp:generate_embeddings:282 - Generating fresh mean embedding vectors
2023-01-24 09:28:32.846 | DEBUG    | experiments.non_mlp:generate_embeddings:315 - Generated mean embedding vectors for: dict_keys([29, 82, 12, 41, 4, 35, 68, 9, 49, 27, 92, 43, 16, 3, 51, 58, 85, 69, 44, 36])
2023-01-24 09:29:50.227 | DEBUG    | algorithms.algorithm_base:run_base_task_metrics:200 - Raw classification accuracy results saved to ./output/non_mlp/1674551773.033262_CIFAR100_OFFICIAL_RUN/task_0_accuracy_results.json
2023-01-24 09:29:50.228 | INFO     | algorithms.algorithm_base:run_base_task_metrics:201 - Correctly classified 1848 / 10000 samples (18.48% correct)
2023-01-24 09:29:51.418 | INFO     | experiments.non_mlp:train:258 - Task 2 / 5
2023-01-24 09:29:51.423 | INFO     | experiments.non_mlp:train:259 - Classes in task: ['couch', 'ray', 'raccoon', 'whale', 'butterfly', 'castle', 'cloud', 'wolf', 'pear', 'shrew', 'house', 'woman', 'porcupine', 'willow_tree', 'shark', 'lamp', 'maple_tree', 'cockroach', 'clock', 'turtle']
2023-01-24 09:29:51.424 | INFO     | experiments.non_mlp:_uncertainity_memory_update:165 - Starting memory update
2023-01-24 09:29:51.425 | INFO     | experiments.non_mlp:_uncertainity_memory_update:177 - Using uncertainty type: batch_normalised _compute_batch_distance
2023-01-24 09:29:51.426 | DEBUG    | experiments.non_mlp:_uncertainity_memory_update:179 - Processing new task samples
2023-01-24 09:40:47.796 | INFO     | experiments.non_mlp:generate_embeddings:282 - Generating fresh mean embedding vectors
2023-01-24 09:41:26.454 | DEBUG    | experiments.non_mlp:generate_embeddings:315 - Generated mean embedding vectors for: dict_keys([29, 82, 12, 41, 4, 35, 68, 9, 49, 27, 92, 43, 16, 3, 51, 58, 85, 69, 44, 36])
2023-01-24 09:41:26.464 | DEBUG    | experiments.non_mlp:_uncertainity_memory_update:197 - Processing old task samples: total targets = dict_keys([29, 82, 12, 41, 4, 35, 68, 9, 49, 27, 92, 43, 16, 3, 51, 58, 85, 69, 44, 36])
2023-01-24 09:41:26.465 | DEBUG    | experiments.non_mlp:_uncertainity_memory_update:200 - On target 29
2023-01-24 09:41:42.909 | DEBUG    | experiments.non_mlp:_uncertainity_memory_update:200 - On target 82
2023-01-24 09:41:59.318 | DEBUG    | experiments.non_mlp:_uncertainity_memory_update:200 - On target 12
2023-01-24 09:42:15.698 | DEBUG    | experiments.non_mlp:_uncertainity_memory_update:200 - On target 41
2023-01-24 09:42:32.125 | DEBUG    | experiments.non_mlp:_uncertainity_memory_update:200 - On target 4
2023-01-24 09:42:48.525 | DEBUG    | experiments.non_mlp:_uncertainity_memory_update:200 - On target 35
2023-01-24 09:43:04.907 | DEBUG    | experiments.non_mlp:_uncertainity_memory_update:200 - On target 68
2023-01-24 09:43:21.310 | DEBUG    | experiments.non_mlp:_uncertainity_memory_update:200 - On target 9
2023-01-24 09:43:37.689 | DEBUG    | experiments.non_mlp:_uncertainity_memory_update:200 - On target 49
2023-01-24 09:43:54.093 | DEBUG    | experiments.non_mlp:_uncertainity_memory_update:200 - On target 27
2023-01-24 09:44:10.460 | DEBUG    | experiments.non_mlp:_uncertainity_memory_update:200 - On target 92
2023-01-24 09:44:26.803 | DEBUG    | experiments.non_mlp:_uncertainity_memory_update:200 - On target 43
2023-01-24 09:44:43.238 | DEBUG    | experiments.non_mlp:_uncertainity_memory_update:200 - On target 16
2023-01-24 09:44:59.656 | DEBUG    | experiments.non_mlp:_uncertainity_memory_update:200 - On target 3
2023-01-24 09:45:16.047 | DEBUG    | experiments.non_mlp:_uncertainity_memory_update:200 - On target 51
2023-01-24 09:45:32.512 | DEBUG    | experiments.non_mlp:_uncertainity_memory_update:200 - On target 58
2023-01-24 09:45:48.925 | DEBUG    | experiments.non_mlp:_uncertainity_memory_update:200 - On target 85
2023-01-24 09:46:05.309 | DEBUG    | experiments.non_mlp:_uncertainity_memory_update:200 - On target 69
2023-01-24 09:46:21.725 | DEBUG    | experiments.non_mlp:_uncertainity_memory_update:200 - On target 44
2023-01-24 09:46:38.113 | DEBUG    | experiments.non_mlp:_uncertainity_memory_update:200 - On target 36
2023-01-24 09:46:54.503 | DEBUG    | experiments.non_mlp:_uncertainity_memory_update:223 - Drawing memory samples
2023-01-24 09:46:54.507 | DEBUG    | experiments.non_mlp:_uncertainity_memory_update:243 - Creating buffer
2023-01-24 09:46:54.552 | INFO     | experiments.non_mlp:_uncertainity_memory_update:252 - Memory update completed
2023-01-24 09:46:54.558 | INFO     | experiments.non_mlp:train:272 - Populated buffer
2023-01-24 09:46:54.559 | INFO     | algorithms.algorithm_base:run_base_task_metrics:144 - Running metrics: Task 1
2023-01-24 09:46:54.585 | INFO     | experiments.non_mlp:generate_embeddings:282 - Generating fresh mean embedding vectors
2023-01-24 09:47:32.933 | DEBUG    | experiments.non_mlp:generate_embeddings:315 - Generated mean embedding vectors for: dict_keys([57, 40, 66, 97, 67, 37, 74, 95, 24, 23, 47, 73, 63, 17, 93, 22, 14, 96, 98, 25, 29, 82, 12, 41, 4, 35, 68, 9, 49, 27, 92, 43, 16, 3, 51, 58, 85, 69, 44, 36])
2023-01-24 09:48:49.700 | DEBUG    | algorithms.algorithm_base:run_base_task_metrics:200 - Raw classification accuracy results saved to ./output/non_mlp/1674551773.033262_CIFAR100_OFFICIAL_RUN/task_1_accuracy_results.json
2023-01-24 09:48:49.701 | INFO     | algorithms.algorithm_base:run_base_task_metrics:201 - Correctly classified 3239 / 10000 samples (32.39% correct)
2023-01-24 09:48:50.123 | INFO     | experiments.non_mlp:train:258 - Task 3 / 5
2023-01-24 09:48:50.129 | INFO     | experiments.non_mlp:train:259 - Classes in task: ['snail', 'oak_tree', 'aquarium_fish', 'apple', 'rose', 'poppy', 'cup', 'fox', 'caterpillar', 'orchid', 'rabbit', 'bus', 'crab', 'telephone', 'forest', 'sea', 'camel', 'mouse', 'possum', 'streetcar']
2023-01-24 09:48:50.130 | INFO     | experiments.non_mlp:_uncertainity_memory_update:165 - Starting memory update
2023-01-24 09:48:50.130 | INFO     | experiments.non_mlp:_uncertainity_memory_update:177 - Using uncertainty type: batch_normalised _compute_batch_distance
2023-01-24 09:48:50.131 | DEBUG    | experiments.non_mlp:_uncertainity_memory_update:179 - Processing new task samples
2023-01-24 09:59:46.482 | INFO     | experiments.non_mlp:generate_embeddings:282 - Generating fresh mean embedding vectors
2023-01-24 10:00:24.851 | DEBUG    | experiments.non_mlp:generate_embeddings:315 - Generated mean embedding vectors for: dict_keys([57, 40, 66, 97, 67, 37, 74, 95, 24, 23, 47, 73, 63, 17, 93, 22, 14, 96, 98, 25, 29, 82, 12, 41, 4, 35, 68, 9, 49, 27, 92, 43, 16, 3, 51, 58, 85, 69, 44, 36])
2023-01-24 10:00:24.857 | DEBUG    | experiments.non_mlp:_uncertainity_memory_update:197 - Processing old task samples: total targets = dict_keys([57, 40, 66, 97, 67, 37, 74, 95, 24, 23, 47, 73, 63, 17, 93, 22, 14, 96, 98, 25, 29, 82, 12, 41, 4, 35, 68, 9, 49, 27, 92, 43, 16, 3, 51, 58, 85, 69, 44, 36])
2023-01-24 10:00:24.858 | DEBUG    | experiments.non_mlp:_uncertainity_memory_update:200 - On target 57
2023-01-24 10:00:33.138 | DEBUG    | experiments.non_mlp:_uncertainity_memory_update:200 - On target 40
2023-01-24 10:00:41.301 | DEBUG    | experiments.non_mlp:_uncertainity_memory_update:200 - On target 66
2023-01-24 10:00:49.524 | DEBUG    | experiments.non_mlp:_uncertainity_memory_update:200 - On target 97
2023-01-24 10:00:57.683 | DEBUG    | experiments.non_mlp:_uncertainity_memory_update:200 - On target 67
2023-01-24 10:01:05.869 | DEBUG    | experiments.non_mlp:_uncertainity_memory_update:200 - On target 37
2023-01-24 10:01:14.087 | DEBUG    | experiments.non_mlp:_uncertainity_memory_update:200 - On target 74
2023-01-24 10:01:22.323 | DEBUG    | experiments.non_mlp:_uncertainity_memory_update:200 - On target 95
2023-01-24 10:01:30.501 | DEBUG    | experiments.non_mlp:_uncertainity_memory_update:200 - On target 24
2023-01-24 10:01:38.694 | DEBUG    | experiments.non_mlp:_uncertainity_memory_update:200 - On target 23
2023-01-24 10:01:46.931 | DEBUG    | experiments.non_mlp:_uncertainity_memory_update:200 - On target 47
2023-01-24 10:01:55.149 | DEBUG    | experiments.non_mlp:_uncertainity_memory_update:200 - On target 73
2023-01-24 10:02:03.345 | DEBUG    | experiments.non_mlp:_uncertainity_memory_update:200 - On target 63
2023-01-24 10:02:11.551 | DEBUG    | experiments.non_mlp:_uncertainity_memory_update:200 - On target 17
2023-01-24 10:02:19.730 | DEBUG    | experiments.non_mlp:_uncertainity_memory_update:200 - On target 93
2023-01-24 10:02:27.947 | DEBUG    | experiments.non_mlp:_uncertainity_memory_update:200 - On target 22
2023-01-24 10:02:36.131 | DEBUG    | experiments.non_mlp:_uncertainity_memory_update:200 - On target 14
2023-01-24 10:02:44.297 | DEBUG    | experiments.non_mlp:_uncertainity_memory_update:200 - On target 96
2023-01-24 10:02:52.516 | DEBUG    | experiments.non_mlp:_uncertainity_memory_update:200 - On target 98
2023-01-24 10:03:00.733 | DEBUG    | experiments.non_mlp:_uncertainity_memory_update:200 - On target 25
2023-01-24 10:03:08.925 | DEBUG    | experiments.non_mlp:_uncertainity_memory_update:200 - On target 29
2023-01-24 10:03:17.107 | DEBUG    | experiments.non_mlp:_uncertainity_memory_update:200 - On target 82
2023-01-24 10:03:25.311 | DEBUG    | experiments.non_mlp:_uncertainity_memory_update:200 - On target 12
2023-01-24 10:03:33.522 | DEBUG    | experiments.non_mlp:_uncertainity_memory_update:200 - On target 41
2023-01-24 10:03:41.742 | DEBUG    | experiments.non_mlp:_uncertainity_memory_update:200 - On target 4
2023-01-24 10:03:49.898 | DEBUG    | experiments.non_mlp:_uncertainity_memory_update:200 - On target 35
2023-01-24 10:03:58.063 | DEBUG    | experiments.non_mlp:_uncertainity_memory_update:200 - On target 68
2023-01-24 10:04:06.262 | DEBUG    | experiments.non_mlp:_uncertainity_memory_update:200 - On target 9
2023-01-24 10:04:14.474 | DEBUG    | experiments.non_mlp:_uncertainity_memory_update:200 - On target 49
2023-01-24 10:04:22.659 | DEBUG    | experiments.non_mlp:_uncertainity_memory_update:200 - On target 27
2023-01-24 10:04:30.851 | DEBUG    | experiments.non_mlp:_uncertainity_memory_update:200 - On target 92
2023-01-24 10:04:39.047 | DEBUG    | experiments.non_mlp:_uncertainity_memory_update:200 - On target 43
2023-01-24 10:04:47.239 | DEBUG    | experiments.non_mlp:_uncertainity_memory_update:200 - On target 16
2023-01-24 10:04:55.382 | DEBUG    | experiments.non_mlp:_uncertainity_memory_update:200 - On target 3
2023-01-24 10:05:03.567 | DEBUG    | experiments.non_mlp:_uncertainity_memory_update:200 - On target 51
2023-01-24 10:05:11.760 | DEBUG    | experiments.non_mlp:_uncertainity_memory_update:200 - On target 58
2023-01-24 10:05:19.985 | DEBUG    | experiments.non_mlp:_uncertainity_memory_update:200 - On target 85
2023-01-24 10:05:28.185 | DEBUG    | experiments.non_mlp:_uncertainity_memory_update:200 - On target 69
2023-01-24 10:05:36.353 | DEBUG    | experiments.non_mlp:_uncertainity_memory_update:200 - On target 44
2023-01-24 10:05:44.564 | DEBUG    | experiments.non_mlp:_uncertainity_memory_update:200 - On target 36
2023-01-24 10:05:52.734 | DEBUG    | experiments.non_mlp:_uncertainity_memory_update:223 - Drawing memory samples
2023-01-24 10:05:52.738 | DEBUG    | experiments.non_mlp:_uncertainity_memory_update:243 - Creating buffer
2023-01-24 10:05:52.782 | INFO     | experiments.non_mlp:_uncertainity_memory_update:252 - Memory update completed
2023-01-24 10:05:52.790 | INFO     | experiments.non_mlp:train:272 - Populated buffer
2023-01-24 10:05:52.791 | INFO     | algorithms.algorithm_base:run_base_task_metrics:144 - Running metrics: Task 2
2023-01-24 10:05:52.817 | INFO     | experiments.non_mlp:generate_embeddings:282 - Generating fresh mean embedding vectors
2023-01-24 10:06:31.090 | DEBUG    | experiments.non_mlp:generate_embeddings:315 - Generated mean embedding vectors for: dict_keys([52, 71, 33, 50, 34, 54, 70, 13, 18, 26, 0, 1, 28, 77, 64, 81, 15, 65, 86, 62, 57, 40, 66, 97, 67, 37, 74, 95, 24, 23, 47, 73, 63, 17, 93, 22, 14, 96, 98, 25, 29, 82, 12, 41, 4, 35, 68, 9, 49, 27, 92, 43, 16, 3, 51, 58, 85, 69, 44, 36])
2023-01-24 10:07:48.072 | DEBUG    | algorithms.algorithm_base:run_base_task_metrics:200 - Raw classification accuracy results saved to ./output/non_mlp/1674551773.033262_CIFAR100_OFFICIAL_RUN/task_2_accuracy_results.json
2023-01-24 10:07:48.073 | INFO     | algorithms.algorithm_base:run_base_task_metrics:201 - Correctly classified 4575 / 10000 samples (45.75% correct)
2023-01-24 10:07:48.450 | INFO     | experiments.non_mlp:train:258 - Task 4 / 5
2023-01-24 10:07:48.456 | INFO     | experiments.non_mlp:train:259 - Classes in task: ['dolphin', 'keyboard', 'leopard', 'elephant', 'palm_tree', 'wardrobe', 'trout', 'table', 'train', 'plain', 'chair', 'orange', 'motorcycle', 'kangaroo', 'snake', 'plate', 'tiger', 'television', 'lobster', 'bowl']
2023-01-24 10:07:48.456 | INFO     | experiments.non_mlp:_uncertainity_memory_update:165 - Starting memory update
2023-01-24 10:07:48.457 | INFO     | experiments.non_mlp:_uncertainity_memory_update:177 - Using uncertainty type: batch_normalised _compute_batch_distance
2023-01-24 10:07:48.458 | DEBUG    | experiments.non_mlp:_uncertainity_memory_update:179 - Processing new task samples
2023-01-24 10:18:45.055 | INFO     | experiments.non_mlp:generate_embeddings:282 - Generating fresh mean embedding vectors
2023-01-24 10:19:23.217 | DEBUG    | experiments.non_mlp:generate_embeddings:315 - Generated mean embedding vectors for: dict_keys([52, 71, 33, 50, 34, 54, 70, 13, 18, 26, 0, 1, 28, 77, 64, 81, 15, 65, 86, 62, 57, 40, 66, 97, 67, 37, 74, 95, 24, 23, 47, 73, 63, 17, 93, 22, 14, 96, 98, 25, 29, 82, 12, 41, 4, 35, 68, 9, 49, 27, 92, 43, 16, 3, 51, 58, 85, 69, 44, 36])
2023-01-24 10:19:23.221 | DEBUG    | experiments.non_mlp:_uncertainity_memory_update:197 - Processing old task samples: total targets = dict_keys([52, 71, 33, 50, 34, 54, 70, 13, 18, 26, 0, 1, 28, 77, 64, 81, 15, 65, 86, 62, 57, 40, 66, 97, 67, 37, 74, 95, 24, 23, 47, 73, 63, 17, 93, 22, 14, 96, 98, 25, 29, 82, 12, 41, 4, 35, 68, 9, 49, 27, 92, 43, 16, 3, 51, 58, 85, 69, 44, 36])
2023-01-24 10:19:23.222 | DEBUG    | experiments.non_mlp:_uncertainity_memory_update:200 - On target 52
2023-01-24 10:19:28.684 | DEBUG    | experiments.non_mlp:_uncertainity_memory_update:200 - On target 71
2023-01-24 10:19:34.173 | DEBUG    | experiments.non_mlp:_uncertainity_memory_update:200 - On target 33
2023-01-24 10:19:39.598 | DEBUG    | experiments.non_mlp:_uncertainity_memory_update:200 - On target 50
2023-01-24 10:19:45.030 | DEBUG    | experiments.non_mlp:_uncertainity_memory_update:200 - On target 34
2023-01-24 10:19:50.486 | DEBUG    | experiments.non_mlp:_uncertainity_memory_update:200 - On target 54
2023-01-24 10:19:55.957 | DEBUG    | experiments.non_mlp:_uncertainity_memory_update:200 - On target 70
2023-01-24 10:20:01.422 | DEBUG    | experiments.non_mlp:_uncertainity_memory_update:200 - On target 13
2023-01-24 10:20:06.869 | DEBUG    | experiments.non_mlp:_uncertainity_memory_update:200 - On target 18
2023-01-24 10:20:12.267 | DEBUG    | experiments.non_mlp:_uncertainity_memory_update:200 - On target 26
2023-01-24 10:20:17.708 | DEBUG    | experiments.non_mlp:_uncertainity_memory_update:200 - On target 0
2023-01-24 10:20:23.170 | DEBUG    | experiments.non_mlp:_uncertainity_memory_update:200 - On target 1
2023-01-24 10:20:28.651 | DEBUG    | experiments.non_mlp:_uncertainity_memory_update:200 - On target 28
2023-01-24 10:20:34.094 | DEBUG    | experiments.non_mlp:_uncertainity_memory_update:200 - On target 77
2023-01-24 10:20:39.556 | DEBUG    | experiments.non_mlp:_uncertainity_memory_update:200 - On target 64
2023-01-24 10:20:44.985 | DEBUG    | experiments.non_mlp:_uncertainity_memory_update:200 - On target 81
2023-01-24 10:20:50.443 | DEBUG    | experiments.non_mlp:_uncertainity_memory_update:200 - On target 15
2023-01-24 10:20:55.893 | DEBUG    | experiments.non_mlp:_uncertainity_memory_update:200 - On target 65
2023-01-24 10:21:01.349 | DEBUG    | experiments.non_mlp:_uncertainity_memory_update:200 - On target 86
2023-01-24 10:21:06.814 | DEBUG    | experiments.non_mlp:_uncertainity_memory_update:200 - On target 62
2023-01-24 10:21:12.258 | DEBUG    | experiments.non_mlp:_uncertainity_memory_update:200 - On target 57
2023-01-24 10:21:17.713 | DEBUG    | experiments.non_mlp:_uncertainity_memory_update:200 - On target 40
2023-01-24 10:21:23.167 | DEBUG    | experiments.non_mlp:_uncertainity_memory_update:200 - On target 66
2023-01-24 10:21:28.613 | DEBUG    | experiments.non_mlp:_uncertainity_memory_update:200 - On target 97
2023-01-24 10:21:34.065 | DEBUG    | experiments.non_mlp:_uncertainity_memory_update:200 - On target 67
2023-01-24 10:21:39.519 | DEBUG    | experiments.non_mlp:_uncertainity_memory_update:200 - On target 37
2023-01-24 10:21:44.958 | DEBUG    | experiments.non_mlp:_uncertainity_memory_update:200 - On target 74
2023-01-24 10:21:50.410 | DEBUG    | experiments.non_mlp:_uncertainity_memory_update:200 - On target 95
2023-01-24 10:21:55.888 | DEBUG    | experiments.non_mlp:_uncertainity_memory_update:200 - On target 24
2023-01-24 10:22:01.351 | DEBUG    | experiments.non_mlp:_uncertainity_memory_update:200 - On target 23
2023-01-24 10:22:06.823 | DEBUG    | experiments.non_mlp:_uncertainity_memory_update:200 - On target 47
2023-01-24 10:22:12.251 | DEBUG    | experiments.non_mlp:_uncertainity_memory_update:200 - On target 73
2023-01-24 10:22:17.680 | DEBUG    | experiments.non_mlp:_uncertainity_memory_update:200 - On target 63
2023-01-24 10:22:23.117 | DEBUG    | experiments.non_mlp:_uncertainity_memory_update:200 - On target 17
2023-01-24 10:22:28.562 | DEBUG    | experiments.non_mlp:_uncertainity_memory_update:200 - On target 93
2023-01-24 10:22:34.002 | DEBUG    | experiments.non_mlp:_uncertainity_memory_update:200 - On target 22
2023-01-24 10:22:39.424 | DEBUG    | experiments.non_mlp:_uncertainity_memory_update:200 - On target 14
2023-01-24 10:22:44.875 | DEBUG    | experiments.non_mlp:_uncertainity_memory_update:200 - On target 96
2023-01-24 10:22:50.332 | DEBUG    | experiments.non_mlp:_uncertainity_memory_update:200 - On target 98
2023-01-24 10:22:55.773 | DEBUG    | experiments.non_mlp:_uncertainity_memory_update:200 - On target 25
2023-01-24 10:23:01.231 | DEBUG    | experiments.non_mlp:_uncertainity_memory_update:200 - On target 29
2023-01-24 10:23:06.672 | DEBUG    | experiments.non_mlp:_uncertainity_memory_update:200 - On target 82
2023-01-24 10:23:12.115 | DEBUG    | experiments.non_mlp:_uncertainity_memory_update:200 - On target 12
2023-01-24 10:23:17.579 | DEBUG    | experiments.non_mlp:_uncertainity_memory_update:200 - On target 41
2023-01-24 10:23:23.041 | DEBUG    | experiments.non_mlp:_uncertainity_memory_update:200 - On target 4
2023-01-24 10:23:28.488 | DEBUG    | experiments.non_mlp:_uncertainity_memory_update:200 - On target 35
2023-01-24 10:23:33.915 | DEBUG    | experiments.non_mlp:_uncertainity_memory_update:200 - On target 68
2023-01-24 10:23:39.396 | DEBUG    | experiments.non_mlp:_uncertainity_memory_update:200 - On target 9
2023-01-24 10:23:44.854 | DEBUG    | experiments.non_mlp:_uncertainity_memory_update:200 - On target 49
2023-01-24 10:23:50.306 | DEBUG    | experiments.non_mlp:_uncertainity_memory_update:200 - On target 27
2023-01-24 10:23:55.745 | DEBUG    | experiments.non_mlp:_uncertainity_memory_update:200 - On target 92
2023-01-24 10:24:01.208 | DEBUG    | experiments.non_mlp:_uncertainity_memory_update:200 - On target 43
2023-01-24 10:24:06.648 | DEBUG    | experiments.non_mlp:_uncertainity_memory_update:200 - On target 16
2023-01-24 10:24:12.088 | DEBUG    | experiments.non_mlp:_uncertainity_memory_update:200 - On target 3
2023-01-24 10:24:17.579 | DEBUG    | experiments.non_mlp:_uncertainity_memory_update:200 - On target 51
2023-01-24 10:24:23.048 | DEBUG    | experiments.non_mlp:_uncertainity_memory_update:200 - On target 58
2023-01-24 10:24:28.481 | DEBUG    | experiments.non_mlp:_uncertainity_memory_update:200 - On target 85
2023-01-24 10:24:33.948 | DEBUG    | experiments.non_mlp:_uncertainity_memory_update:200 - On target 69
2023-01-24 10:24:39.395 | DEBUG    | experiments.non_mlp:_uncertainity_memory_update:200 - On target 44
2023-01-24 10:24:44.842 | DEBUG    | experiments.non_mlp:_uncertainity_memory_update:200 - On target 36
2023-01-24 10:24:50.297 | DEBUG    | experiments.non_mlp:_uncertainity_memory_update:223 - Drawing memory samples
2023-01-24 10:24:50.300 | DEBUG    | experiments.non_mlp:_uncertainity_memory_update:243 - Creating buffer
2023-01-24 10:24:50.344 | INFO     | experiments.non_mlp:_uncertainity_memory_update:252 - Memory update completed
2023-01-24 10:24:50.351 | INFO     | experiments.non_mlp:train:272 - Populated buffer
2023-01-24 10:24:50.351 | INFO     | algorithms.algorithm_base:run_base_task_metrics:144 - Running metrics: Task 3
2023-01-24 10:24:50.377 | INFO     | experiments.non_mlp:generate_embeddings:282 - Generating fresh mean embedding vectors
2023-01-24 10:25:29.047 | DEBUG    | experiments.non_mlp:generate_embeddings:315 - Generated mean embedding vectors for: dict_keys([90, 61, 38, 91, 39, 60, 53, 94, 78, 45, 31, 84, 20, 88, 48, 56, 10, 30, 87, 42, 52, 71, 33, 50, 34, 54, 70, 13, 18, 26, 0, 1, 28, 77, 64, 81, 15, 65, 86, 62, 57, 40, 66, 97, 67, 37, 74, 95, 24, 23, 47, 73, 63, 17, 93, 22, 14, 96, 98, 25, 29, 82, 12, 41, 4, 35, 68, 9, 49, 27, 92, 43, 16, 3, 51, 58, 85, 69, 44, 36])
2023-01-24 10:26:46.230 | DEBUG    | algorithms.algorithm_base:run_base_task_metrics:200 - Raw classification accuracy results saved to ./output/non_mlp/1674551773.033262_CIFAR100_OFFICIAL_RUN/task_3_accuracy_results.json
2023-01-24 10:26:46.231 | INFO     | algorithms.algorithm_base:run_base_task_metrics:201 - Correctly classified 5977 / 10000 samples (59.77% correct)
2023-01-24 10:26:46.602 | INFO     | experiments.non_mlp:train:258 - Task 5 / 5
2023-01-24 10:26:46.609 | INFO     | experiments.non_mlp:train:259 - Classes in task: ['otter', 'bicycle', 'cattle', 'pine_tree', 'flatfish', 'beetle', 'spider', 'chimpanzee', 'squirrel', 'tractor', 'seal', 'bed', 'worm', 'skyscraper', 'sweet_pepper', 'boy', 'bee', 'man', 'baby', 'skunk']
2023-01-24 10:26:46.610 | INFO     | experiments.non_mlp:_uncertainity_memory_update:165 - Starting memory update
2023-01-24 10:26:46.610 | INFO     | experiments.non_mlp:_uncertainity_memory_update:177 - Using uncertainty type: batch_normalised _compute_batch_distance
2023-01-24 10:26:46.611 | DEBUG    | experiments.non_mlp:_uncertainity_memory_update:179 - Processing new task samples
2023-01-24 10:37:43.236 | INFO     | experiments.non_mlp:generate_embeddings:282 - Generating fresh mean embedding vectors
2023-01-24 10:38:21.741 | DEBUG    | experiments.non_mlp:generate_embeddings:315 - Generated mean embedding vectors for: dict_keys([90, 61, 38, 91, 39, 60, 53, 94, 78, 45, 31, 84, 20, 88, 48, 56, 10, 30, 87, 42, 52, 71, 33, 50, 34, 54, 70, 13, 18, 26, 0, 1, 28, 77, 64, 81, 15, 65, 86, 62, 57, 40, 66, 97, 67, 37, 74, 95, 24, 23, 47, 73, 63, 17, 93, 22, 14, 96, 98, 25, 29, 82, 12, 41, 4, 35, 68, 9, 49, 27, 92, 43, 16, 3, 51, 58, 85, 69, 44, 36])
2023-01-24 10:38:21.744 | DEBUG    | experiments.non_mlp:_uncertainity_memory_update:197 - Processing old task samples: total targets = dict_keys([90, 61, 38, 91, 39, 60, 53, 94, 78, 45, 31, 84, 20, 88, 48, 56, 10, 30, 87, 42, 52, 71, 33, 50, 34, 54, 70, 13, 18, 26, 0, 1, 28, 77, 64, 81, 15, 65, 86, 62, 57, 40, 66, 97, 67, 37, 74, 95, 24, 23, 47, 73, 63, 17, 93, 22, 14, 96, 98, 25, 29, 82, 12, 41, 4, 35, 68, 9, 49, 27, 92, 43, 16, 3, 51, 58, 85, 69, 44, 36])
2023-01-24 10:38:21.745 | DEBUG    | experiments.non_mlp:_uncertainity_memory_update:200 - On target 90
2023-01-24 10:38:25.863 | DEBUG    | experiments.non_mlp:_uncertainity_memory_update:200 - On target 61
2023-01-24 10:38:29.938 | DEBUG    | experiments.non_mlp:_uncertainity_memory_update:200 - On target 38
2023-01-24 10:38:34.000 | DEBUG    | experiments.non_mlp:_uncertainity_memory_update:200 - On target 91
2023-01-24 10:38:38.064 | DEBUG    | experiments.non_mlp:_uncertainity_memory_update:200 - On target 39
2023-01-24 10:38:42.125 | DEBUG    | experiments.non_mlp:_uncertainity_memory_update:200 - On target 60
2023-01-24 10:38:46.192 | DEBUG    | experiments.non_mlp:_uncertainity_memory_update:200 - On target 53
2023-01-24 10:38:50.268 | DEBUG    | experiments.non_mlp:_uncertainity_memory_update:200 - On target 94
2023-01-24 10:38:54.327 | DEBUG    | experiments.non_mlp:_uncertainity_memory_update:200 - On target 78
2023-01-24 10:38:58.388 | DEBUG    | experiments.non_mlp:_uncertainity_memory_update:200 - On target 45
2023-01-24 10:39:02.422 | DEBUG    | experiments.non_mlp:_uncertainity_memory_update:200 - On target 31
2023-01-24 10:39:06.489 | DEBUG    | experiments.non_mlp:_uncertainity_memory_update:200 - On target 84
2023-01-24 10:39:10.566 | DEBUG    | experiments.non_mlp:_uncertainity_memory_update:200 - On target 20
2023-01-24 10:39:14.601 | DEBUG    | experiments.non_mlp:_uncertainity_memory_update:200 - On target 88
2023-01-24 10:39:18.671 | DEBUG    | experiments.non_mlp:_uncertainity_memory_update:200 - On target 48
2023-01-24 10:39:22.770 | DEBUG    | experiments.non_mlp:_uncertainity_memory_update:200 - On target 56
2023-01-24 10:39:26.832 | DEBUG    | experiments.non_mlp:_uncertainity_memory_update:200 - On target 10
2023-01-24 10:39:30.912 | DEBUG    | experiments.non_mlp:_uncertainity_memory_update:200 - On target 30
2023-01-24 10:39:34.940 | DEBUG    | experiments.non_mlp:_uncertainity_memory_update:200 - On target 87
2023-01-24 10:39:39.027 | DEBUG    | experiments.non_mlp:_uncertainity_memory_update:200 - On target 42
2023-01-24 10:39:43.083 | DEBUG    | experiments.non_mlp:_uncertainity_memory_update:200 - On target 52
2023-01-24 10:39:47.138 | DEBUG    | experiments.non_mlp:_uncertainity_memory_update:200 - On target 71
2023-01-24 10:39:51.203 | DEBUG    | experiments.non_mlp:_uncertainity_memory_update:200 - On target 33
2023-01-24 10:39:55.270 | DEBUG    | experiments.non_mlp:_uncertainity_memory_update:200 - On target 50
2023-01-24 10:39:59.339 | DEBUG    | experiments.non_mlp:_uncertainity_memory_update:200 - On target 34
2023-01-24 10:40:03.432 | DEBUG    | experiments.non_mlp:_uncertainity_memory_update:200 - On target 54
2023-01-24 10:40:07.476 | DEBUG    | experiments.non_mlp:_uncertainity_memory_update:200 - On target 70
2023-01-24 10:40:11.525 | DEBUG    | experiments.non_mlp:_uncertainity_memory_update:200 - On target 13
2023-01-24 10:40:15.599 | DEBUG    | experiments.non_mlp:_uncertainity_memory_update:200 - On target 18
2023-01-24 10:40:19.691 | DEBUG    | experiments.non_mlp:_uncertainity_memory_update:200 - On target 26
2023-01-24 10:40:23.749 | DEBUG    | experiments.non_mlp:_uncertainity_memory_update:200 - On target 0
2023-01-24 10:40:27.842 | DEBUG    | experiments.non_mlp:_uncertainity_memory_update:200 - On target 1
2023-01-24 10:40:31.916 | DEBUG    | experiments.non_mlp:_uncertainity_memory_update:200 - On target 28
2023-01-24 10:40:35.936 | DEBUG    | experiments.non_mlp:_uncertainity_memory_update:200 - On target 77
2023-01-24 10:40:39.994 | DEBUG    | experiments.non_mlp:_uncertainity_memory_update:200 - On target 64
2023-01-24 10:40:44.065 | DEBUG    | experiments.non_mlp:_uncertainity_memory_update:200 - On target 81
2023-01-24 10:40:48.135 | DEBUG    | experiments.non_mlp:_uncertainity_memory_update:200 - On target 15
2023-01-24 10:40:52.232 | DEBUG    | experiments.non_mlp:_uncertainity_memory_update:200 - On target 65
2023-01-24 10:40:56.310 | DEBUG    | experiments.non_mlp:_uncertainity_memory_update:200 - On target 86
2023-01-24 10:41:00.350 | DEBUG    | experiments.non_mlp:_uncertainity_memory_update:200 - On target 62
2023-01-24 10:41:04.422 | DEBUG    | experiments.non_mlp:_uncertainity_memory_update:200 - On target 57
2023-01-24 10:41:08.500 | DEBUG    | experiments.non_mlp:_uncertainity_memory_update:200 - On target 40
2023-01-24 10:41:12.565 | DEBUG    | experiments.non_mlp:_uncertainity_memory_update:200 - On target 66
2023-01-24 10:41:16.634 | DEBUG    | experiments.non_mlp:_uncertainity_memory_update:200 - On target 97
2023-01-24 10:41:20.712 | DEBUG    | experiments.non_mlp:_uncertainity_memory_update:200 - On target 67
2023-01-24 10:41:24.763 | DEBUG    | experiments.non_mlp:_uncertainity_memory_update:200 - On target 37
2023-01-24 10:41:28.838 | DEBUG    | experiments.non_mlp:_uncertainity_memory_update:200 - On target 74
2023-01-24 10:41:32.936 | DEBUG    | experiments.non_mlp:_uncertainity_memory_update:200 - On target 95
2023-01-24 10:41:36.990 | DEBUG    | experiments.non_mlp:_uncertainity_memory_update:200 - On target 24
2023-01-24 10:41:41.065 | DEBUG    | experiments.non_mlp:_uncertainity_memory_update:200 - On target 23
2023-01-24 10:41:45.118 | DEBUG    | experiments.non_mlp:_uncertainity_memory_update:200 - On target 47
2023-01-24 10:41:49.177 | DEBUG    | experiments.non_mlp:_uncertainity_memory_update:200 - On target 73
2023-01-24 10:41:53.225 | DEBUG    | experiments.non_mlp:_uncertainity_memory_update:200 - On target 63
2023-01-24 10:41:57.313 | DEBUG    | experiments.non_mlp:_uncertainity_memory_update:200 - On target 17
2023-01-24 10:42:01.404 | DEBUG    | experiments.non_mlp:_uncertainity_memory_update:200 - On target 93
2023-01-24 10:42:05.460 | DEBUG    | experiments.non_mlp:_uncertainity_memory_update:200 - On target 22
2023-01-24 10:42:09.511 | DEBUG    | experiments.non_mlp:_uncertainity_memory_update:200 - On target 14
2023-01-24 10:42:13.586 | DEBUG    | experiments.non_mlp:_uncertainity_memory_update:200 - On target 96
2023-01-24 10:42:17.636 | DEBUG    | experiments.non_mlp:_uncertainity_memory_update:200 - On target 98
2023-01-24 10:42:21.700 | DEBUG    | experiments.non_mlp:_uncertainity_memory_update:200 - On target 25
2023-01-24 10:42:25.746 | DEBUG    | experiments.non_mlp:_uncertainity_memory_update:200 - On target 29
2023-01-24 10:42:29.804 | DEBUG    | experiments.non_mlp:_uncertainity_memory_update:200 - On target 82
2023-01-24 10:42:33.866 | DEBUG    | experiments.non_mlp:_uncertainity_memory_update:200 - On target 12
2023-01-24 10:42:37.945 | DEBUG    | experiments.non_mlp:_uncertainity_memory_update:200 - On target 41
2023-01-24 10:42:42.017 | DEBUG    | experiments.non_mlp:_uncertainity_memory_update:200 - On target 4
2023-01-24 10:42:46.105 | DEBUG    | experiments.non_mlp:_uncertainity_memory_update:200 - On target 35
2023-01-24 10:42:50.184 | DEBUG    | experiments.non_mlp:_uncertainity_memory_update:200 - On target 68
2023-01-24 10:42:54.236 | DEBUG    | experiments.non_mlp:_uncertainity_memory_update:200 - On target 9
2023-01-24 10:42:58.288 | DEBUG    | experiments.non_mlp:_uncertainity_memory_update:200 - On target 49
2023-01-24 10:43:02.370 | DEBUG    | experiments.non_mlp:_uncertainity_memory_update:200 - On target 27
2023-01-24 10:43:06.452 | DEBUG    | experiments.non_mlp:_uncertainity_memory_update:200 - On target 92
2023-01-24 10:43:10.518 | DEBUG    | experiments.non_mlp:_uncertainity_memory_update:200 - On target 43
2023-01-24 10:43:14.601 | DEBUG    | experiments.non_mlp:_uncertainity_memory_update:200 - On target 16
2023-01-24 10:43:18.638 | DEBUG    | experiments.non_mlp:_uncertainity_memory_update:200 - On target 3
2023-01-24 10:43:22.711 | DEBUG    | experiments.non_mlp:_uncertainity_memory_update:200 - On target 51
2023-01-24 10:43:26.789 | DEBUG    | experiments.non_mlp:_uncertainity_memory_update:200 - On target 58
2023-01-24 10:43:30.854 | DEBUG    | experiments.non_mlp:_uncertainity_memory_update:200 - On target 85
2023-01-24 10:43:34.935 | DEBUG    | experiments.non_mlp:_uncertainity_memory_update:200 - On target 69
2023-01-24 10:43:39.024 | DEBUG    | experiments.non_mlp:_uncertainity_memory_update:200 - On target 44
2023-01-24 10:43:43.115 | DEBUG    | experiments.non_mlp:_uncertainity_memory_update:200 - On target 36
2023-01-24 10:43:47.175 | DEBUG    | experiments.non_mlp:_uncertainity_memory_update:223 - Drawing memory samples
2023-01-24 10:43:47.179 | DEBUG    | experiments.non_mlp:_uncertainity_memory_update:243 - Creating buffer
2023-01-24 10:43:47.223 | INFO     | experiments.non_mlp:_uncertainity_memory_update:252 - Memory update completed
2023-01-24 10:43:47.231 | INFO     | experiments.non_mlp:train:272 - Populated buffer
2023-01-24 10:43:47.233 | INFO     | algorithms.algorithm_base:run_base_task_metrics:144 - Running metrics: Task 4
2023-01-24 10:43:47.261 | INFO     | experiments.non_mlp:generate_embeddings:282 - Generating fresh mean embedding vectors
2023-01-24 10:44:26.029 | DEBUG    | experiments.non_mlp:generate_embeddings:315 - Generated mean embedding vectors for: dict_keys([72, 19, 7, 46, 2, 8, 83, 75, 6, 21, 55, 80, 89, 79, 11, 5, 59, 99, 76, 32, 90, 61, 38, 91, 39, 60, 53, 94, 78, 45, 31, 84, 20, 88, 48, 56, 10, 30, 87, 42, 52, 71, 33, 50, 34, 54, 70, 13, 18, 26, 0, 1, 28, 77, 64, 81, 15, 65, 86, 62, 57, 40, 66, 97, 67, 37, 74, 95, 24, 23, 47, 73, 63, 17, 93, 22, 14, 96, 98, 25, 29, 82, 12, 41, 4, 35, 68, 9, 49, 27, 92, 43, 16, 3, 51, 58, 85, 69, 44, 36])
2023-01-24 10:45:43.464 | DEBUG    | algorithms.algorithm_base:run_base_task_metrics:200 - Raw classification accuracy results saved to ./output/non_mlp/1674551773.033262_CIFAR100_OFFICIAL_RUN/task_4_accuracy_results.json
2023-01-24 10:45:43.465 | INFO     | algorithms.algorithm_base:run_base_task_metrics:201 - Correctly classified 7190 / 10000 samples (71.90% correct)
2023-01-24 10:45:43.886 | INFO     | experiments.non_mlp:train:276 - Training complete
2023-01-24 10:45:43.893 | INFO     | __main__:run_experiment:266 - Training and evaluation completed!
2023-01-24 10:45:44.106 | INFO     | __main__:run_experiment:280 - Wrote usage stats to file
2023-01-24 10:45:44.108 | INFO     | __main__:main:320 - Complete
2023-01-24 10:45:44.109 | INFO     | __main__:close_tensorboard_writer:228 - Shut down TensorBoard
