2023-01-31 09:23:38.472 | INFO     | __main__:setup_files:206 - Experiment Name: OFFICIAL_RUN
2023-01-31 09:23:38.473 | INFO     | __main__:main:311 - Command line arguments: Configuration(algorithm='offline', dataset='cifar10', classes_per_task=0, seed=9767)
2023-01-31 09:23:38.491 | INFO     | __main__:main:315 - Seeded random to 9767
2023-01-31 09:23:38.493 | INFO     | __main__:main:319 - Got CUDA device
2023-01-31 09:23:38.494 | INFO     | __main__:force_cuda_load:254 - Forcing CUDA initialisation...
2023-01-31 09:23:38.556 | INFO     | __main__:main:323 - CUDA initialised
2023-01-31 09:23:38.557 | INFO     | __main__:setup_shutdown_hook:250 - To access TensorBoard, run the command: tensorboard --logdir=./output_cifar10_5k/offline/1675157018.3666286_CIFAR10_OFFICIAL_RUN
2023-01-31 09:23:38.594 | INFO     | __main__:main:327 - Setup shutdown hooks
2023-01-31 09:23:38.718 | INFO     | __main__:main:332 - Model is setup
2023-01-31 09:23:38.720 | INFO     | __main__:main:334 - Complete pre-setup, starting experiment
2023-01-31 09:23:39.976 | INFO     | datasets.dataset_base:__init__:85 - {
  "name": "datasets.cifar10.CIFAR10",
  "dataset_class": "torchvision.datasets.cifar.CIFAR10",
  "training_dataset_parameters": "{'train': True, 'download': True}",
  "testing_dataset_parameters": "{'train': False, 'download': True}",
  "training_transform": "Compose(\n    Resize(size=(32, 32), interpolation=bilinear, max_size=None, antialias=None)\n    ToTensor()\n    Normalize(mean=(0.4914, 0.4822, 0.4465), std=(0.247, 0.2435, 0.2616))\n    RandomCrop(size=(32, 32), padding=4)\n    RandomHorizontalFlip(p=0.5)\n)",
  "testing_transform": "Compose(\n    Resize(size=(32, 32), interpolation=bilinear, max_size=None, antialias=None)\n    ToTensor()\n    Normalize(mean=(0.4914, 0.4822, 0.4465), std=(0.247, 0.2435, 0.2616))\n)",
  "classes": "plane, car, bird, cat, deer, dog, frog, horse, ship, truck",
  "disjoint": false
}
2023-01-31 09:23:39.984 | DEBUG    | __main__:run_experiment:278 - PID: 11080
2023-01-31 09:23:39.986 | INFO     | __main__:run_experiment:280 - Starting...
2023-01-31 09:23:39.986 | INFO     | algorithms.algorithm_base:train:116 - {
  "name": "algorithms.offline.OfflineTraining",
  "model_class": "models.cifar.resnet.ResNet",
  "device": "cuda:0",
  "dataset_class": "datasets.cifar10.CIFAR10",
  "optimiser_class": "torch.optim.sgd.SGD",
  "loss_criterion_class": "torch.nn.modules.loss.CrossEntropyLoss",
  "epochs_per_task": 250,
  "batch_size": 64,
  "apply_learning_rate_annealing": true,
  "gradient_clip": 10,
  "max_lr": "0.05",
  "min_lr": "0.0005"
}
2023-01-31 09:23:39.988 | DEBUG    | algorithms.algorithm_base:_setup_training:109 - Model moved to cuda:0 and set to train mode
2023-01-31 09:23:39.989 | INFO     | algorithms.algorithm_base:train:118 - Starting training
2023-01-31 09:23:39.990 | INFO     | algorithms.offline:train:68 - Task 1 / 1
2023-01-31 09:23:39.990 | INFO     | algorithms.offline:train:69 - Classes in task: ['plane', 'car', 'bird', 'cat', 'deer', 'dog', 'frog', 'horse', 'ship', 'truck']
2023-01-31 09:23:39.991 | INFO     | algorithms.offline:train:78 - Annealing Scheduler setup
2023-01-31 09:23:39.992 | INFO     | algorithms.offline:train:97 - Starting epoch 1 / 250
2023-01-31 09:24:31.737 | INFO     | algorithms.offline:train:123 - 1, loss: 1.413
2023-01-31 09:24:31.739 | INFO     | algorithms.offline:train:97 - Starting epoch 2 / 250
2023-01-31 09:25:17.679 | INFO     | algorithms.offline:train:123 - 2, loss: 0.916
2023-01-31 09:25:17.679 | INFO     | algorithms.offline:train:97 - Starting epoch 3 / 250
2023-01-31 09:26:03.623 | INFO     | algorithms.offline:train:123 - 3, loss: 0.855
2023-01-31 09:26:03.624 | INFO     | algorithms.offline:train:97 - Starting epoch 4 / 250
2023-01-31 09:26:49.568 | INFO     | algorithms.offline:train:123 - 4, loss: 0.825
2023-01-31 09:26:49.569 | INFO     | algorithms.offline:train:97 - Starting epoch 5 / 250
2023-01-31 09:27:35.580 | INFO     | algorithms.offline:train:123 - 5, loss: 0.800
2023-01-31 09:27:35.581 | INFO     | algorithms.offline:train:97 - Starting epoch 6 / 250
2023-01-31 09:28:21.606 | INFO     | algorithms.offline:train:123 - 6, loss: 0.776
2023-01-31 09:28:21.607 | INFO     | algorithms.offline:train:97 - Starting epoch 7 / 250
2023-01-31 09:29:07.612 | INFO     | algorithms.offline:train:123 - 7, loss: 0.764
2023-01-31 09:29:07.613 | INFO     | algorithms.offline:train:97 - Starting epoch 8 / 250
2023-01-31 09:29:53.591 | INFO     | algorithms.offline:train:123 - 8, loss: 0.745
2023-01-31 09:29:53.592 | INFO     | algorithms.offline:train:97 - Starting epoch 9 / 250
2023-01-31 09:30:39.480 | INFO     | algorithms.offline:train:123 - 9, loss: 0.722
2023-01-31 09:30:39.480 | INFO     | algorithms.offline:train:97 - Starting epoch 10 / 250
2023-01-31 09:31:25.372 | INFO     | algorithms.offline:train:123 - 10, loss: 0.706
2023-01-31 09:31:25.373 | INFO     | algorithms.algorithm_base:run_base_task_metrics:144 - Running metrics: Task 10
2023-01-31 09:31:30.282 | DEBUG    | algorithms.algorithm_base:run_base_task_metrics:200 - Raw classification accuracy results saved to ./output_cifar10_5k/offline/1675157018.3666286_CIFAR10_OFFICIAL_RUN/task_10_accuracy_results.json
2023-01-31 09:31:30.284 | INFO     | algorithms.algorithm_base:run_base_task_metrics:201 - Correctly classified 7751 / 10000 samples (77.51% correct)
2023-01-31 09:31:30.744 | INFO     | algorithms.offline:train:97 - Starting epoch 11 / 250
2023-01-31 09:32:16.733 | INFO     | algorithms.offline:train:123 - 11, loss: 0.687
2023-01-31 09:32:16.734 | INFO     | algorithms.offline:train:97 - Starting epoch 12 / 250
2023-01-31 09:33:02.713 | INFO     | algorithms.offline:train:123 - 12, loss: 0.667
2023-01-31 09:33:02.714 | INFO     | algorithms.offline:train:97 - Starting epoch 13 / 250
2023-01-31 09:33:48.725 | INFO     | algorithms.offline:train:123 - 13, loss: 0.657
2023-01-31 09:33:48.726 | INFO     | algorithms.offline:train:97 - Starting epoch 14 / 250
2023-01-31 09:34:34.750 | INFO     | algorithms.offline:train:123 - 14, loss: 0.647
2023-01-31 09:34:34.751 | INFO     | algorithms.offline:train:97 - Starting epoch 15 / 250
2023-01-31 09:35:20.787 | INFO     | algorithms.offline:train:123 - 15, loss: 0.631
2023-01-31 09:35:20.788 | INFO     | algorithms.offline:train:97 - Starting epoch 16 / 250
2023-01-31 09:36:06.799 | INFO     | algorithms.offline:train:123 - 16, loss: 0.625
2023-01-31 09:36:06.800 | INFO     | algorithms.offline:train:97 - Starting epoch 17 / 250
2023-01-31 09:36:52.795 | INFO     | algorithms.offline:train:123 - 17, loss: 0.613
2023-01-31 09:36:52.796 | INFO     | algorithms.offline:train:97 - Starting epoch 18 / 250
2023-01-31 09:37:38.820 | INFO     | algorithms.offline:train:123 - 18, loss: 0.593
2023-01-31 09:37:38.821 | INFO     | algorithms.offline:train:97 - Starting epoch 19 / 250
2023-01-31 09:38:24.846 | INFO     | algorithms.offline:train:123 - 19, loss: 0.576
2023-01-31 09:38:24.847 | INFO     | algorithms.offline:train:97 - Starting epoch 20 / 250
2023-01-31 09:39:10.845 | INFO     | algorithms.offline:train:123 - 20, loss: 0.566
2023-01-31 09:39:10.846 | INFO     | algorithms.algorithm_base:run_base_task_metrics:144 - Running metrics: Task 20
2023-01-31 09:39:15.474 | DEBUG    | algorithms.algorithm_base:run_base_task_metrics:200 - Raw classification accuracy results saved to ./output_cifar10_5k/offline/1675157018.3666286_CIFAR10_OFFICIAL_RUN/task_20_accuracy_results.json
2023-01-31 09:39:15.476 | INFO     | algorithms.algorithm_base:run_base_task_metrics:201 - Correctly classified 8126 / 10000 samples (81.26% correct)
2023-01-31 09:39:15.609 | INFO     | algorithms.offline:train:97 - Starting epoch 21 / 250
2023-01-31 09:40:01.675 | INFO     | algorithms.offline:train:123 - 21, loss: 0.552
2023-01-31 09:40:01.676 | INFO     | algorithms.offline:train:97 - Starting epoch 22 / 250
2023-01-31 09:40:47.715 | INFO     | algorithms.offline:train:123 - 22, loss: 0.539
2023-01-31 09:40:47.716 | INFO     | algorithms.offline:train:97 - Starting epoch 23 / 250
2023-01-31 09:41:33.759 | INFO     | algorithms.offline:train:123 - 23, loss: 0.529
2023-01-31 09:41:33.760 | INFO     | algorithms.offline:train:97 - Starting epoch 24 / 250
2023-01-31 09:42:19.805 | INFO     | algorithms.offline:train:123 - 24, loss: 0.515
2023-01-31 09:42:19.806 | INFO     | algorithms.offline:train:97 - Starting epoch 25 / 250
2023-01-31 09:43:05.828 | INFO     | algorithms.offline:train:123 - 25, loss: 0.506
2023-01-31 09:43:05.829 | INFO     | algorithms.offline:train:97 - Starting epoch 26 / 250
2023-01-31 09:43:51.910 | INFO     | algorithms.offline:train:123 - 26, loss: 0.500
2023-01-31 09:43:51.911 | INFO     | algorithms.offline:train:97 - Starting epoch 27 / 250
2023-01-31 09:44:37.991 | INFO     | algorithms.offline:train:123 - 27, loss: 0.492
2023-01-31 09:44:37.992 | INFO     | algorithms.offline:train:97 - Starting epoch 28 / 250
2023-01-31 09:45:24.072 | INFO     | algorithms.offline:train:123 - 28, loss: 0.482
2023-01-31 09:45:24.073 | INFO     | algorithms.offline:train:97 - Starting epoch 29 / 250
2023-01-31 09:46:10.138 | INFO     | algorithms.offline:train:123 - 29, loss: 0.469
2023-01-31 09:46:10.139 | INFO     | algorithms.offline:train:97 - Starting epoch 30 / 250
2023-01-31 09:46:56.203 | INFO     | algorithms.offline:train:123 - 30, loss: 0.469
2023-01-31 09:46:56.204 | INFO     | algorithms.algorithm_base:run_base_task_metrics:144 - Running metrics: Task 30
2023-01-31 09:47:00.807 | DEBUG    | algorithms.algorithm_base:run_base_task_metrics:200 - Raw classification accuracy results saved to ./output_cifar10_5k/offline/1675157018.3666286_CIFAR10_OFFICIAL_RUN/task_30_accuracy_results.json
2023-01-31 09:47:00.808 | INFO     | algorithms.algorithm_base:run_base_task_metrics:201 - Correctly classified 8326 / 10000 samples (83.26% correct)
2023-01-31 09:47:00.945 | INFO     | algorithms.offline:train:97 - Starting epoch 31 / 250
2023-01-31 09:47:47.029 | INFO     | algorithms.offline:train:123 - 31, loss: 0.457
2023-01-31 09:47:47.030 | INFO     | algorithms.offline:train:97 - Starting epoch 32 / 250
2023-01-31 09:48:33.068 | INFO     | algorithms.offline:train:123 - 32, loss: 0.458
2023-01-31 09:48:33.069 | INFO     | algorithms.offline:train:97 - Starting epoch 33 / 250
2023-01-31 09:49:19.095 | INFO     | algorithms.offline:train:123 - 33, loss: 0.455
2023-01-31 09:49:19.096 | INFO     | algorithms.offline:train:97 - Starting epoch 34 / 250
2023-01-31 09:50:05.145 | INFO     | algorithms.offline:train:123 - 34, loss: 0.450
2023-01-31 09:50:05.146 | INFO     | algorithms.offline:train:97 - Starting epoch 35 / 250
2023-01-31 09:50:51.162 | INFO     | algorithms.offline:train:123 - 35, loss: 0.434
2023-01-31 09:50:51.163 | INFO     | algorithms.offline:train:97 - Starting epoch 36 / 250
2023-01-31 09:51:37.184 | INFO     | algorithms.offline:train:123 - 36, loss: 0.427
2023-01-31 09:51:37.185 | INFO     | algorithms.offline:train:97 - Starting epoch 37 / 250
2023-01-31 09:52:23.230 | INFO     | algorithms.offline:train:123 - 37, loss: 0.414
2023-01-31 09:52:23.231 | INFO     | algorithms.offline:train:97 - Starting epoch 38 / 250
2023-01-31 09:53:09.254 | INFO     | algorithms.offline:train:123 - 38, loss: 0.408
2023-01-31 09:53:09.255 | INFO     | algorithms.offline:train:97 - Starting epoch 39 / 250
2023-01-31 09:53:55.307 | INFO     | algorithms.offline:train:123 - 39, loss: 0.396
2023-01-31 09:53:55.308 | INFO     | algorithms.offline:train:97 - Starting epoch 40 / 250
2023-01-31 09:54:41.355 | INFO     | algorithms.offline:train:123 - 40, loss: 0.389
2023-01-31 09:54:41.356 | INFO     | algorithms.algorithm_base:run_base_task_metrics:144 - Running metrics: Task 40
2023-01-31 09:54:46.006 | DEBUG    | algorithms.algorithm_base:run_base_task_metrics:200 - Raw classification accuracy results saved to ./output_cifar10_5k/offline/1675157018.3666286_CIFAR10_OFFICIAL_RUN/task_40_accuracy_results.json
2023-01-31 09:54:46.008 | INFO     | algorithms.algorithm_base:run_base_task_metrics:201 - Correctly classified 8454 / 10000 samples (84.54% correct)
2023-01-31 09:54:46.144 | INFO     | algorithms.offline:train:97 - Starting epoch 41 / 250
2023-01-31 09:55:32.196 | INFO     | algorithms.offline:train:123 - 41, loss: 0.383
2023-01-31 09:55:32.197 | INFO     | algorithms.offline:train:97 - Starting epoch 42 / 250
2023-01-31 09:56:18.222 | INFO     | algorithms.offline:train:123 - 42, loss: 0.370
2023-01-31 09:56:18.223 | INFO     | algorithms.offline:train:97 - Starting epoch 43 / 250
2023-01-31 09:57:04.261 | INFO     | algorithms.offline:train:123 - 43, loss: 0.364
2023-01-31 09:57:04.262 | INFO     | algorithms.offline:train:97 - Starting epoch 44 / 250
2023-01-31 09:57:50.315 | INFO     | algorithms.offline:train:123 - 44, loss: 0.352
2023-01-31 09:57:50.316 | INFO     | algorithms.offline:train:97 - Starting epoch 45 / 250
2023-01-31 09:58:36.385 | INFO     | algorithms.offline:train:123 - 45, loss: 0.345
2023-01-31 09:58:36.386 | INFO     | algorithms.offline:train:97 - Starting epoch 46 / 250
2023-01-31 09:59:22.418 | INFO     | algorithms.offline:train:123 - 46, loss: 0.343
2023-01-31 09:59:22.419 | INFO     | algorithms.offline:train:97 - Starting epoch 47 / 250
2023-01-31 10:00:08.459 | INFO     | algorithms.offline:train:123 - 47, loss: 0.327
2023-01-31 10:00:08.460 | INFO     | algorithms.offline:train:97 - Starting epoch 48 / 250
2023-01-31 10:00:54.513 | INFO     | algorithms.offline:train:123 - 48, loss: 0.326
2023-01-31 10:00:54.514 | INFO     | algorithms.offline:train:97 - Starting epoch 49 / 250
2023-01-31 10:01:40.569 | INFO     | algorithms.offline:train:123 - 49, loss: 0.320
2023-01-31 10:01:40.570 | INFO     | algorithms.offline:train:97 - Starting epoch 50 / 250
2023-01-31 10:02:26.641 | INFO     | algorithms.offline:train:123 - 50, loss: 0.308
2023-01-31 10:02:26.642 | INFO     | algorithms.algorithm_base:run_base_task_metrics:144 - Running metrics: Task 50
2023-01-31 10:02:31.284 | DEBUG    | algorithms.algorithm_base:run_base_task_metrics:200 - Raw classification accuracy results saved to ./output_cifar10_5k/offline/1675157018.3666286_CIFAR10_OFFICIAL_RUN/task_50_accuracy_results.json
2023-01-31 10:02:31.286 | INFO     | algorithms.algorithm_base:run_base_task_metrics:201 - Correctly classified 8631 / 10000 samples (86.31% correct)
2023-01-31 10:02:31.420 | INFO     | algorithms.offline:train:97 - Starting epoch 51 / 250
2023-01-31 10:03:17.519 | INFO     | algorithms.offline:train:123 - 51, loss: 0.306
2023-01-31 10:03:17.520 | INFO     | algorithms.offline:train:97 - Starting epoch 52 / 250
2023-01-31 10:04:03.578 | INFO     | algorithms.offline:train:123 - 52, loss: 0.294
2023-01-31 10:04:03.579 | INFO     | algorithms.offline:train:97 - Starting epoch 53 / 250
2023-01-31 10:04:49.644 | INFO     | algorithms.offline:train:123 - 53, loss: 0.290
2023-01-31 10:04:49.645 | INFO     | algorithms.offline:train:97 - Starting epoch 54 / 250
2023-01-31 10:05:35.690 | INFO     | algorithms.offline:train:123 - 54, loss: 0.288
2023-01-31 10:05:35.691 | INFO     | algorithms.offline:train:97 - Starting epoch 55 / 250
2023-01-31 10:06:21.750 | INFO     | algorithms.offline:train:123 - 55, loss: 0.281
2023-01-31 10:06:21.750 | INFO     | algorithms.offline:train:97 - Starting epoch 56 / 250
2023-01-31 10:07:07.790 | INFO     | algorithms.offline:train:123 - 56, loss: 0.275
2023-01-31 10:07:07.791 | INFO     | algorithms.offline:train:97 - Starting epoch 57 / 250
2023-01-31 10:07:53.815 | INFO     | algorithms.offline:train:123 - 57, loss: 0.268
2023-01-31 10:07:53.816 | INFO     | algorithms.offline:train:97 - Starting epoch 58 / 250
2023-01-31 10:08:39.934 | INFO     | algorithms.offline:train:123 - 58, loss: 0.271
2023-01-31 10:08:39.935 | INFO     | algorithms.offline:train:97 - Starting epoch 59 / 250
2023-01-31 10:09:26.221 | INFO     | algorithms.offline:train:123 - 59, loss: 0.259
2023-01-31 10:09:26.222 | INFO     | algorithms.offline:train:97 - Starting epoch 60 / 250
2023-01-31 10:10:12.264 | INFO     | algorithms.offline:train:123 - 60, loss: 0.256
2023-01-31 10:10:12.265 | INFO     | algorithms.algorithm_base:run_base_task_metrics:144 - Running metrics: Task 60
2023-01-31 10:10:16.920 | DEBUG    | algorithms.algorithm_base:run_base_task_metrics:200 - Raw classification accuracy results saved to ./output_cifar10_5k/offline/1675157018.3666286_CIFAR10_OFFICIAL_RUN/task_60_accuracy_results.json
2023-01-31 10:10:16.922 | INFO     | algorithms.algorithm_base:run_base_task_metrics:201 - Correctly classified 8674 / 10000 samples (86.74% correct)
2023-01-31 10:10:17.056 | INFO     | algorithms.offline:train:97 - Starting epoch 61 / 250
2023-01-31 10:11:03.087 | INFO     | algorithms.offline:train:123 - 61, loss: 0.251
2023-01-31 10:11:03.088 | INFO     | algorithms.offline:train:97 - Starting epoch 62 / 250
2023-01-31 10:11:49.105 | INFO     | algorithms.offline:train:123 - 62, loss: 0.245
2023-01-31 10:11:49.106 | INFO     | algorithms.offline:train:97 - Starting epoch 63 / 250
2023-01-31 10:12:35.114 | INFO     | algorithms.offline:train:123 - 63, loss: 0.245
2023-01-31 10:12:35.115 | INFO     | algorithms.offline:train:97 - Starting epoch 64 / 250
2023-01-31 10:13:21.114 | INFO     | algorithms.offline:train:123 - 64, loss: 0.264
2023-01-31 10:13:21.115 | INFO     | algorithms.offline:train:97 - Starting epoch 65 / 250
2023-01-31 10:14:07.095 | INFO     | algorithms.offline:train:123 - 65, loss: 0.257
2023-01-31 10:14:07.096 | INFO     | algorithms.offline:train:97 - Starting epoch 66 / 250
2023-01-31 10:14:53.128 | INFO     | algorithms.offline:train:123 - 66, loss: 0.255
2023-01-31 10:14:53.129 | INFO     | algorithms.offline:train:97 - Starting epoch 67 / 250
2023-01-31 10:15:39.183 | INFO     | algorithms.offline:train:123 - 67, loss: 0.249
2023-01-31 10:15:39.184 | INFO     | algorithms.offline:train:97 - Starting epoch 68 / 250
2023-01-31 10:16:25.191 | INFO     | algorithms.offline:train:123 - 68, loss: 0.243
2023-01-31 10:16:25.192 | INFO     | algorithms.offline:train:97 - Starting epoch 69 / 250
2023-01-31 10:17:11.203 | INFO     | algorithms.offline:train:123 - 69, loss: 0.235
2023-01-31 10:17:11.204 | INFO     | algorithms.offline:train:97 - Starting epoch 70 / 250
2023-01-31 10:17:57.216 | INFO     | algorithms.offline:train:123 - 70, loss: 0.230
2023-01-31 10:17:57.217 | INFO     | algorithms.algorithm_base:run_base_task_metrics:144 - Running metrics: Task 70
2023-01-31 10:18:01.912 | DEBUG    | algorithms.algorithm_base:run_base_task_metrics:200 - Raw classification accuracy results saved to ./output_cifar10_5k/offline/1675157018.3666286_CIFAR10_OFFICIAL_RUN/task_70_accuracy_results.json
2023-01-31 10:18:01.913 | INFO     | algorithms.algorithm_base:run_base_task_metrics:201 - Correctly classified 8663 / 10000 samples (86.63% correct)
2023-01-31 10:18:02.048 | INFO     | algorithms.offline:train:97 - Starting epoch 71 / 250
2023-01-31 10:18:48.158 | INFO     | algorithms.offline:train:123 - 71, loss: 0.228
2023-01-31 10:18:48.159 | INFO     | algorithms.offline:train:97 - Starting epoch 72 / 250
2023-01-31 10:19:34.199 | INFO     | algorithms.offline:train:123 - 72, loss: 0.221
2023-01-31 10:19:34.200 | INFO     | algorithms.offline:train:97 - Starting epoch 73 / 250
2023-01-31 10:20:20.245 | INFO     | algorithms.offline:train:123 - 73, loss: 0.217
2023-01-31 10:20:20.246 | INFO     | algorithms.offline:train:97 - Starting epoch 74 / 250
2023-01-31 10:21:06.273 | INFO     | algorithms.offline:train:123 - 74, loss: 0.205
2023-01-31 10:21:06.274 | INFO     | algorithms.offline:train:97 - Starting epoch 75 / 250
2023-01-31 10:21:52.329 | INFO     | algorithms.offline:train:123 - 75, loss: 0.203
2023-01-31 10:21:52.330 | INFO     | algorithms.offline:train:97 - Starting epoch 76 / 250
2023-01-31 10:22:38.384 | INFO     | algorithms.offline:train:123 - 76, loss: 0.199
2023-01-31 10:22:38.385 | INFO     | algorithms.offline:train:97 - Starting epoch 77 / 250
2023-01-31 10:23:24.451 | INFO     | algorithms.offline:train:123 - 77, loss: 0.193
2023-01-31 10:23:24.452 | INFO     | algorithms.offline:train:97 - Starting epoch 78 / 250
2023-01-31 10:24:10.507 | INFO     | algorithms.offline:train:123 - 78, loss: 0.189
2023-01-31 10:24:10.508 | INFO     | algorithms.offline:train:97 - Starting epoch 79 / 250
2023-01-31 10:24:56.553 | INFO     | algorithms.offline:train:123 - 79, loss: 0.185
2023-01-31 10:24:56.554 | INFO     | algorithms.offline:train:97 - Starting epoch 80 / 250
2023-01-31 10:25:42.599 | INFO     | algorithms.offline:train:123 - 80, loss: 0.178
2023-01-31 10:25:42.600 | INFO     | algorithms.algorithm_base:run_base_task_metrics:144 - Running metrics: Task 80
2023-01-31 10:25:47.260 | DEBUG    | algorithms.algorithm_base:run_base_task_metrics:200 - Raw classification accuracy results saved to ./output_cifar10_5k/offline/1675157018.3666286_CIFAR10_OFFICIAL_RUN/task_80_accuracy_results.json
2023-01-31 10:25:47.261 | INFO     | algorithms.algorithm_base:run_base_task_metrics:201 - Correctly classified 8740 / 10000 samples (87.40% correct)
2023-01-31 10:25:47.397 | INFO     | algorithms.offline:train:97 - Starting epoch 81 / 250
2023-01-31 10:26:33.420 | INFO     | algorithms.offline:train:123 - 81, loss: 0.176
2023-01-31 10:26:33.421 | INFO     | algorithms.offline:train:97 - Starting epoch 82 / 250
2023-01-31 10:27:19.466 | INFO     | algorithms.offline:train:123 - 82, loss: 0.169
2023-01-31 10:27:19.467 | INFO     | algorithms.offline:train:97 - Starting epoch 83 / 250
2023-01-31 10:28:05.493 | INFO     | algorithms.offline:train:123 - 83, loss: 0.166
2023-01-31 10:28:05.494 | INFO     | algorithms.offline:train:97 - Starting epoch 84 / 250
2023-01-31 10:28:51.521 | INFO     | algorithms.offline:train:123 - 84, loss: 0.162
2023-01-31 10:28:51.522 | INFO     | algorithms.offline:train:97 - Starting epoch 85 / 250
2023-01-31 10:29:37.537 | INFO     | algorithms.offline:train:123 - 85, loss: 0.159
2023-01-31 10:29:37.538 | INFO     | algorithms.offline:train:97 - Starting epoch 86 / 250
2023-01-31 10:30:23.541 | INFO     | algorithms.offline:train:123 - 86, loss: 0.155
2023-01-31 10:30:23.542 | INFO     | algorithms.offline:train:97 - Starting epoch 87 / 250
2023-01-31 10:31:09.581 | INFO     | algorithms.offline:train:123 - 87, loss: 0.147
2023-01-31 10:31:09.582 | INFO     | algorithms.offline:train:97 - Starting epoch 88 / 250
2023-01-31 10:31:55.631 | INFO     | algorithms.offline:train:123 - 88, loss: 0.146
2023-01-31 10:31:55.632 | INFO     | algorithms.offline:train:97 - Starting epoch 89 / 250
2023-01-31 10:32:41.655 | INFO     | algorithms.offline:train:123 - 89, loss: 0.144
2023-01-31 10:32:41.655 | INFO     | algorithms.offline:train:97 - Starting epoch 90 / 250
2023-01-31 10:33:27.718 | INFO     | algorithms.offline:train:123 - 90, loss: 0.135
2023-01-31 10:33:27.719 | INFO     | algorithms.algorithm_base:run_base_task_metrics:144 - Running metrics: Task 90
2023-01-31 10:33:32.387 | DEBUG    | algorithms.algorithm_base:run_base_task_metrics:200 - Raw classification accuracy results saved to ./output_cifar10_5k/offline/1675157018.3666286_CIFAR10_OFFICIAL_RUN/task_90_accuracy_results.json
2023-01-31 10:33:32.389 | INFO     | algorithms.algorithm_base:run_base_task_metrics:201 - Correctly classified 8800 / 10000 samples (88.00% correct)
2023-01-31 10:33:32.524 | INFO     | algorithms.offline:train:97 - Starting epoch 91 / 250
2023-01-31 10:34:18.562 | INFO     | algorithms.offline:train:123 - 91, loss: 0.135
2023-01-31 10:34:18.563 | INFO     | algorithms.offline:train:97 - Starting epoch 92 / 250
2023-01-31 10:35:04.581 | INFO     | algorithms.offline:train:123 - 92, loss: 0.128
2023-01-31 10:35:04.582 | INFO     | algorithms.offline:train:97 - Starting epoch 93 / 250
2023-01-31 10:35:50.628 | INFO     | algorithms.offline:train:123 - 93, loss: 0.125
2023-01-31 10:35:50.629 | INFO     | algorithms.offline:train:97 - Starting epoch 94 / 250
2023-01-31 10:36:36.650 | INFO     | algorithms.offline:train:123 - 94, loss: 0.124
2023-01-31 10:36:36.651 | INFO     | algorithms.offline:train:97 - Starting epoch 95 / 250
2023-01-31 10:37:22.681 | INFO     | algorithms.offline:train:123 - 95, loss: 0.121
2023-01-31 10:37:22.682 | INFO     | algorithms.offline:train:97 - Starting epoch 96 / 250
2023-01-31 10:38:08.708 | INFO     | algorithms.offline:train:123 - 96, loss: 0.118
2023-01-31 10:38:08.709 | INFO     | algorithms.offline:train:97 - Starting epoch 97 / 250
2023-01-31 10:38:54.726 | INFO     | algorithms.offline:train:123 - 97, loss: 0.114
2023-01-31 10:38:54.727 | INFO     | algorithms.offline:train:97 - Starting epoch 98 / 250
2023-01-31 10:39:40.748 | INFO     | algorithms.offline:train:123 - 98, loss: 0.109
2023-01-31 10:39:40.749 | INFO     | algorithms.offline:train:97 - Starting epoch 99 / 250
2023-01-31 10:40:26.745 | INFO     | algorithms.offline:train:123 - 99, loss: 0.106
2023-01-31 10:40:26.746 | INFO     | algorithms.offline:train:97 - Starting epoch 100 / 250
2023-01-31 10:41:12.756 | INFO     | algorithms.offline:train:123 - 100, loss: 0.105
2023-01-31 10:41:12.757 | INFO     | algorithms.algorithm_base:run_base_task_metrics:144 - Running metrics: Task 100
2023-01-31 10:41:17.425 | DEBUG    | algorithms.algorithm_base:run_base_task_metrics:200 - Raw classification accuracy results saved to ./output_cifar10_5k/offline/1675157018.3666286_CIFAR10_OFFICIAL_RUN/task_100_accuracy_results.json
2023-01-31 10:41:17.427 | INFO     | algorithms.algorithm_base:run_base_task_metrics:201 - Correctly classified 8811 / 10000 samples (88.11% correct)
2023-01-31 10:41:17.561 | INFO     | algorithms.offline:train:97 - Starting epoch 101 / 250
2023-01-31 10:42:03.591 | INFO     | algorithms.offline:train:123 - 101, loss: 0.102
2023-01-31 10:42:03.592 | INFO     | algorithms.offline:train:97 - Starting epoch 102 / 250
2023-01-31 10:42:49.622 | INFO     | algorithms.offline:train:123 - 102, loss: 0.102
2023-01-31 10:42:49.623 | INFO     | algorithms.offline:train:97 - Starting epoch 103 / 250
2023-01-31 10:43:35.652 | INFO     | algorithms.offline:train:123 - 103, loss: 0.098
2023-01-31 10:43:35.653 | INFO     | algorithms.offline:train:97 - Starting epoch 104 / 250
2023-01-31 10:44:21.691 | INFO     | algorithms.offline:train:123 - 104, loss: 0.097
2023-01-31 10:44:21.692 | INFO     | algorithms.offline:train:97 - Starting epoch 105 / 250
2023-01-31 10:45:07.741 | INFO     | algorithms.offline:train:123 - 105, loss: 0.094
2023-01-31 10:45:07.742 | INFO     | algorithms.offline:train:97 - Starting epoch 106 / 250
2023-01-31 10:45:53.770 | INFO     | algorithms.offline:train:123 - 106, loss: 0.094
2023-01-31 10:45:53.771 | INFO     | algorithms.offline:train:97 - Starting epoch 107 / 250
2023-01-31 10:46:39.851 | INFO     | algorithms.offline:train:123 - 107, loss: 0.090
2023-01-31 10:46:39.852 | INFO     | algorithms.offline:train:97 - Starting epoch 108 / 250
2023-01-31 10:47:25.909 | INFO     | algorithms.offline:train:123 - 108, loss: 0.087
2023-01-31 10:47:25.909 | INFO     | algorithms.offline:train:97 - Starting epoch 109 / 250
2023-01-31 10:48:11.939 | INFO     | algorithms.offline:train:123 - 109, loss: 0.083
2023-01-31 10:48:11.939 | INFO     | algorithms.offline:train:97 - Starting epoch 110 / 250
2023-01-31 10:48:57.983 | INFO     | algorithms.offline:train:123 - 110, loss: 0.083
2023-01-31 10:48:57.985 | INFO     | algorithms.algorithm_base:run_base_task_metrics:144 - Running metrics: Task 110
2023-01-31 10:49:02.649 | DEBUG    | algorithms.algorithm_base:run_base_task_metrics:200 - Raw classification accuracy results saved to ./output_cifar10_5k/offline/1675157018.3666286_CIFAR10_OFFICIAL_RUN/task_110_accuracy_results.json
2023-01-31 10:49:02.651 | INFO     | algorithms.algorithm_base:run_base_task_metrics:201 - Correctly classified 8850 / 10000 samples (88.50% correct)
2023-01-31 10:49:02.783 | INFO     | algorithms.offline:train:97 - Starting epoch 111 / 250
2023-01-31 10:49:48.829 | INFO     | algorithms.offline:train:123 - 111, loss: 0.080
2023-01-31 10:49:48.829 | INFO     | algorithms.offline:train:97 - Starting epoch 112 / 250
2023-01-31 10:50:34.900 | INFO     | algorithms.offline:train:123 - 112, loss: 0.079
2023-01-31 10:50:34.901 | INFO     | algorithms.offline:train:97 - Starting epoch 113 / 250
2023-01-31 10:51:20.948 | INFO     | algorithms.offline:train:123 - 113, loss: 0.078
2023-01-31 10:51:20.949 | INFO     | algorithms.offline:train:97 - Starting epoch 114 / 250
2023-01-31 10:52:06.983 | INFO     | algorithms.offline:train:123 - 114, loss: 0.079
2023-01-31 10:52:06.984 | INFO     | algorithms.offline:train:97 - Starting epoch 115 / 250
2023-01-31 10:52:53.051 | INFO     | algorithms.offline:train:123 - 115, loss: 0.074
2023-01-31 10:52:53.052 | INFO     | algorithms.offline:train:97 - Starting epoch 116 / 250
2023-01-31 10:53:39.086 | INFO     | algorithms.offline:train:123 - 116, loss: 0.069
2023-01-31 10:53:39.087 | INFO     | algorithms.offline:train:97 - Starting epoch 117 / 250
2023-01-31 10:54:25.120 | INFO     | algorithms.offline:train:123 - 117, loss: 0.070
2023-01-31 10:54:25.121 | INFO     | algorithms.offline:train:97 - Starting epoch 118 / 250
2023-01-31 10:55:11.147 | INFO     | algorithms.offline:train:123 - 118, loss: 0.068
2023-01-31 10:55:11.148 | INFO     | algorithms.offline:train:97 - Starting epoch 119 / 250
2023-01-31 10:55:57.195 | INFO     | algorithms.offline:train:123 - 119, loss: 0.067
2023-01-31 10:55:57.195 | INFO     | algorithms.offline:train:97 - Starting epoch 120 / 250
2023-01-31 10:56:43.210 | INFO     | algorithms.offline:train:123 - 120, loss: 0.065
2023-01-31 10:56:43.211 | INFO     | algorithms.algorithm_base:run_base_task_metrics:144 - Running metrics: Task 120
2023-01-31 10:56:47.837 | DEBUG    | algorithms.algorithm_base:run_base_task_metrics:200 - Raw classification accuracy results saved to ./output_cifar10_5k/offline/1675157018.3666286_CIFAR10_OFFICIAL_RUN/task_120_accuracy_results.json
2023-01-31 10:56:47.839 | INFO     | algorithms.algorithm_base:run_base_task_metrics:201 - Correctly classified 8859 / 10000 samples (88.59% correct)
2023-01-31 10:56:47.974 | INFO     | algorithms.offline:train:97 - Starting epoch 121 / 250
2023-01-31 10:57:34.012 | INFO     | algorithms.offline:train:123 - 121, loss: 0.066
2023-01-31 10:57:34.013 | INFO     | algorithms.offline:train:97 - Starting epoch 122 / 250
2023-01-31 10:58:20.074 | INFO     | algorithms.offline:train:123 - 122, loss: 0.064
2023-01-31 10:58:20.075 | INFO     | algorithms.offline:train:97 - Starting epoch 123 / 250
2023-01-31 10:59:06.112 | INFO     | algorithms.offline:train:123 - 123, loss: 0.064
2023-01-31 10:59:06.113 | INFO     | algorithms.offline:train:97 - Starting epoch 124 / 250
2023-01-31 10:59:52.145 | INFO     | algorithms.offline:train:123 - 124, loss: 0.063
2023-01-31 10:59:52.146 | INFO     | algorithms.offline:train:97 - Starting epoch 125 / 250
2023-01-31 11:00:38.183 | INFO     | algorithms.offline:train:123 - 125, loss: 0.061
2023-01-31 11:00:38.184 | INFO     | algorithms.offline:train:97 - Starting epoch 126 / 250
2023-01-31 11:01:24.217 | INFO     | algorithms.offline:train:123 - 126, loss: 0.058
2023-01-31 11:01:24.218 | INFO     | algorithms.offline:train:97 - Starting epoch 127 / 250
2023-01-31 11:02:10.256 | INFO     | algorithms.offline:train:123 - 127, loss: 0.059
2023-01-31 11:02:10.257 | INFO     | algorithms.offline:train:97 - Starting epoch 128 / 250
2023-01-31 11:02:56.293 | INFO     | algorithms.offline:train:123 - 128, loss: 0.078
2023-01-31 11:02:56.294 | INFO     | algorithms.offline:train:97 - Starting epoch 129 / 250
2023-01-31 11:03:42.317 | INFO     | algorithms.offline:train:123 - 129, loss: 0.083
2023-01-31 11:03:42.318 | INFO     | algorithms.offline:train:97 - Starting epoch 130 / 250
2023-01-31 11:04:28.311 | INFO     | algorithms.offline:train:123 - 130, loss: 0.079
2023-01-31 11:04:28.312 | INFO     | algorithms.algorithm_base:run_base_task_metrics:144 - Running metrics: Task 130
2023-01-31 11:04:32.984 | DEBUG    | algorithms.algorithm_base:run_base_task_metrics:200 - Raw classification accuracy results saved to ./output_cifar10_5k/offline/1675157018.3666286_CIFAR10_OFFICIAL_RUN/task_130_accuracy_results.json
2023-01-31 11:04:32.986 | INFO     | algorithms.algorithm_base:run_base_task_metrics:201 - Correctly classified 8759 / 10000 samples (87.59% correct)
2023-01-31 11:04:33.123 | INFO     | algorithms.offline:train:97 - Starting epoch 131 / 250
2023-01-31 11:05:19.142 | INFO     | algorithms.offline:train:123 - 131, loss: 0.079
2023-01-31 11:05:19.143 | INFO     | algorithms.offline:train:97 - Starting epoch 132 / 250
2023-01-31 11:06:05.136 | INFO     | algorithms.offline:train:123 - 132, loss: 0.078
2023-01-31 11:06:05.137 | INFO     | algorithms.offline:train:97 - Starting epoch 133 / 250
2023-01-31 11:06:51.144 | INFO     | algorithms.offline:train:123 - 133, loss: 0.077
2023-01-31 11:06:51.145 | INFO     | algorithms.offline:train:97 - Starting epoch 134 / 250
2023-01-31 11:07:37.155 | INFO     | algorithms.offline:train:123 - 134, loss: 0.075
2023-01-31 11:07:37.156 | INFO     | algorithms.offline:train:97 - Starting epoch 135 / 250
2023-01-31 11:08:23.193 | INFO     | algorithms.offline:train:123 - 135, loss: 0.074
2023-01-31 11:08:23.194 | INFO     | algorithms.offline:train:97 - Starting epoch 136 / 250
2023-01-31 11:09:09.270 | INFO     | algorithms.offline:train:123 - 136, loss: 0.071
2023-01-31 11:09:09.271 | INFO     | algorithms.offline:train:97 - Starting epoch 137 / 250
2023-01-31 11:09:55.510 | INFO     | algorithms.offline:train:123 - 137, loss: 0.070
2023-01-31 11:09:55.511 | INFO     | algorithms.offline:train:97 - Starting epoch 138 / 250
2023-01-31 11:10:41.540 | INFO     | algorithms.offline:train:123 - 138, loss: 0.068
2023-01-31 11:10:41.541 | INFO     | algorithms.offline:train:97 - Starting epoch 139 / 250
2023-01-31 11:11:27.547 | INFO     | algorithms.offline:train:123 - 139, loss: 0.063
2023-01-31 11:11:27.548 | INFO     | algorithms.offline:train:97 - Starting epoch 140 / 250
2023-01-31 11:12:13.548 | INFO     | algorithms.offline:train:123 - 140, loss: 0.067
2023-01-31 11:12:13.549 | INFO     | algorithms.algorithm_base:run_base_task_metrics:144 - Running metrics: Task 140
2023-01-31 11:12:18.213 | DEBUG    | algorithms.algorithm_base:run_base_task_metrics:200 - Raw classification accuracy results saved to ./output_cifar10_5k/offline/1675157018.3666286_CIFAR10_OFFICIAL_RUN/task_140_accuracy_results.json
2023-01-31 11:12:18.215 | INFO     | algorithms.algorithm_base:run_base_task_metrics:201 - Correctly classified 8841 / 10000 samples (88.41% correct)
2023-01-31 11:12:18.353 | INFO     | algorithms.offline:train:97 - Starting epoch 141 / 250
2023-01-31 11:13:04.408 | INFO     | algorithms.offline:train:123 - 141, loss: 0.064
2023-01-31 11:13:04.409 | INFO     | algorithms.offline:train:97 - Starting epoch 142 / 250
2023-01-31 11:13:50.425 | INFO     | algorithms.offline:train:123 - 142, loss: 0.062
2023-01-31 11:13:50.426 | INFO     | algorithms.offline:train:97 - Starting epoch 143 / 250
2023-01-31 11:14:36.480 | INFO     | algorithms.offline:train:123 - 143, loss: 0.063
2023-01-31 11:14:36.481 | INFO     | algorithms.offline:train:97 - Starting epoch 144 / 250
2023-01-31 11:15:22.558 | INFO     | algorithms.offline:train:123 - 144, loss: 0.060
2023-01-31 11:15:22.559 | INFO     | algorithms.offline:train:97 - Starting epoch 145 / 250
2023-01-31 11:16:08.621 | INFO     | algorithms.offline:train:123 - 145, loss: 0.058
2023-01-31 11:16:08.622 | INFO     | algorithms.offline:train:97 - Starting epoch 146 / 250
2023-01-31 11:16:54.671 | INFO     | algorithms.offline:train:123 - 146, loss: 0.055
2023-01-31 11:16:54.672 | INFO     | algorithms.offline:train:97 - Starting epoch 147 / 250
2023-01-31 11:17:40.725 | INFO     | algorithms.offline:train:123 - 147, loss: 0.054
2023-01-31 11:17:40.726 | INFO     | algorithms.offline:train:97 - Starting epoch 148 / 250
2023-01-31 11:18:26.753 | INFO     | algorithms.offline:train:123 - 148, loss: 0.055
2023-01-31 11:18:26.754 | INFO     | algorithms.offline:train:97 - Starting epoch 149 / 250
2023-01-31 11:19:12.804 | INFO     | algorithms.offline:train:123 - 149, loss: 0.051
2023-01-31 11:19:12.805 | INFO     | algorithms.offline:train:97 - Starting epoch 150 / 250
2023-01-31 11:19:58.842 | INFO     | algorithms.offline:train:123 - 150, loss: 0.052
2023-01-31 11:19:58.843 | INFO     | algorithms.algorithm_base:run_base_task_metrics:144 - Running metrics: Task 150
2023-01-31 11:20:03.477 | DEBUG    | algorithms.algorithm_base:run_base_task_metrics:200 - Raw classification accuracy results saved to ./output_cifar10_5k/offline/1675157018.3666286_CIFAR10_OFFICIAL_RUN/task_150_accuracy_results.json
2023-01-31 11:20:03.478 | INFO     | algorithms.algorithm_base:run_base_task_metrics:201 - Correctly classified 8890 / 10000 samples (88.90% correct)
2023-01-31 11:20:03.613 | INFO     | algorithms.offline:train:97 - Starting epoch 151 / 250
2023-01-31 11:20:49.675 | INFO     | algorithms.offline:train:123 - 151, loss: 0.051
2023-01-31 11:20:49.676 | INFO     | algorithms.offline:train:97 - Starting epoch 152 / 250
2023-01-31 11:21:35.718 | INFO     | algorithms.offline:train:123 - 152, loss: 0.049
2023-01-31 11:21:35.719 | INFO     | algorithms.offline:train:97 - Starting epoch 153 / 250
2023-01-31 11:22:21.762 | INFO     | algorithms.offline:train:123 - 153, loss: 0.049
2023-01-31 11:22:21.763 | INFO     | algorithms.offline:train:97 - Starting epoch 154 / 250
2023-01-31 11:23:07.826 | INFO     | algorithms.offline:train:123 - 154, loss: 0.046
2023-01-31 11:23:07.827 | INFO     | algorithms.offline:train:97 - Starting epoch 155 / 250
2023-01-31 11:23:53.865 | INFO     | algorithms.offline:train:123 - 155, loss: 0.047
2023-01-31 11:23:53.866 | INFO     | algorithms.offline:train:97 - Starting epoch 156 / 250
2023-01-31 11:24:39.914 | INFO     | algorithms.offline:train:123 - 156, loss: 0.046
2023-01-31 11:24:39.915 | INFO     | algorithms.offline:train:97 - Starting epoch 157 / 250
2023-01-31 11:25:25.951 | INFO     | algorithms.offline:train:123 - 157, loss: 0.046
2023-01-31 11:25:25.952 | INFO     | algorithms.offline:train:97 - Starting epoch 158 / 250
2023-01-31 11:26:11.983 | INFO     | algorithms.offline:train:123 - 158, loss: 0.041
2023-01-31 11:26:11.984 | INFO     | algorithms.offline:train:97 - Starting epoch 159 / 250
2023-01-31 11:26:58.002 | INFO     | algorithms.offline:train:123 - 159, loss: 0.041
2023-01-31 11:26:58.003 | INFO     | algorithms.offline:train:97 - Starting epoch 160 / 250
2023-01-31 11:27:44.056 | INFO     | algorithms.offline:train:123 - 160, loss: 0.041
2023-01-31 11:27:44.057 | INFO     | algorithms.algorithm_base:run_base_task_metrics:144 - Running metrics: Task 160
2023-01-31 11:27:48.807 | DEBUG    | algorithms.algorithm_base:run_base_task_metrics:200 - Raw classification accuracy results saved to ./output_cifar10_5k/offline/1675157018.3666286_CIFAR10_OFFICIAL_RUN/task_160_accuracy_results.json
2023-01-31 11:27:48.808 | INFO     | algorithms.algorithm_base:run_base_task_metrics:201 - Correctly classified 8892 / 10000 samples (88.92% correct)
2023-01-31 11:27:49.005 | INFO     | algorithms.offline:train:97 - Starting epoch 161 / 250
2023-01-31 11:28:35.041 | INFO     | algorithms.offline:train:123 - 161, loss: 0.041
2023-01-31 11:28:35.042 | INFO     | algorithms.offline:train:97 - Starting epoch 162 / 250
2023-01-31 11:29:21.042 | INFO     | algorithms.offline:train:123 - 162, loss: 0.038
2023-01-31 11:29:21.043 | INFO     | algorithms.offline:train:97 - Starting epoch 163 / 250
2023-01-31 11:30:07.042 | INFO     | algorithms.offline:train:123 - 163, loss: 0.037
2023-01-31 11:30:07.043 | INFO     | algorithms.offline:train:97 - Starting epoch 164 / 250
2023-01-31 11:30:53.060 | INFO     | algorithms.offline:train:123 - 164, loss: 0.037
2023-01-31 11:30:53.061 | INFO     | algorithms.offline:train:97 - Starting epoch 165 / 250
2023-01-31 11:31:39.069 | INFO     | algorithms.offline:train:123 - 165, loss: 0.037
2023-01-31 11:31:39.070 | INFO     | algorithms.offline:train:97 - Starting epoch 166 / 250
2023-01-31 11:32:25.072 | INFO     | algorithms.offline:train:123 - 166, loss: 0.038
2023-01-31 11:32:25.073 | INFO     | algorithms.offline:train:97 - Starting epoch 167 / 250
2023-01-31 11:33:11.082 | INFO     | algorithms.offline:train:123 - 167, loss: 0.035
2023-01-31 11:33:11.083 | INFO     | algorithms.offline:train:97 - Starting epoch 168 / 250
2023-01-31 11:33:57.082 | INFO     | algorithms.offline:train:123 - 168, loss: 0.033
2023-01-31 11:33:57.083 | INFO     | algorithms.offline:train:97 - Starting epoch 169 / 250
2023-01-31 11:34:43.084 | INFO     | algorithms.offline:train:123 - 169, loss: 0.032
2023-01-31 11:34:43.085 | INFO     | algorithms.offline:train:97 - Starting epoch 170 / 250
2023-01-31 11:35:29.078 | INFO     | algorithms.offline:train:123 - 170, loss: 0.030
2023-01-31 11:35:29.080 | INFO     | algorithms.algorithm_base:run_base_task_metrics:144 - Running metrics: Task 170
2023-01-31 11:35:33.794 | DEBUG    | algorithms.algorithm_base:run_base_task_metrics:200 - Raw classification accuracy results saved to ./output_cifar10_5k/offline/1675157018.3666286_CIFAR10_OFFICIAL_RUN/task_170_accuracy_results.json
2023-01-31 11:35:33.796 | INFO     | algorithms.algorithm_base:run_base_task_metrics:201 - Correctly classified 8937 / 10000 samples (89.37% correct)
2023-01-31 11:35:33.931 | INFO     | algorithms.offline:train:97 - Starting epoch 171 / 250
2023-01-31 11:36:20.006 | INFO     | algorithms.offline:train:123 - 171, loss: 0.031
2023-01-31 11:36:20.007 | INFO     | algorithms.offline:train:97 - Starting epoch 172 / 250
2023-01-31 11:37:06.035 | INFO     | algorithms.offline:train:123 - 172, loss: 0.031
2023-01-31 11:37:06.036 | INFO     | algorithms.offline:train:97 - Starting epoch 173 / 250
2023-01-31 11:37:52.047 | INFO     | algorithms.offline:train:123 - 173, loss: 0.029
2023-01-31 11:37:52.048 | INFO     | algorithms.offline:train:97 - Starting epoch 174 / 250
2023-01-31 11:38:38.076 | INFO     | algorithms.offline:train:123 - 174, loss: 0.029
2023-01-31 11:38:38.077 | INFO     | algorithms.offline:train:97 - Starting epoch 175 / 250
2023-01-31 11:39:24.120 | INFO     | algorithms.offline:train:123 - 175, loss: 0.028
2023-01-31 11:39:24.121 | INFO     | algorithms.offline:train:97 - Starting epoch 176 / 250
2023-01-31 11:40:10.169 | INFO     | algorithms.offline:train:123 - 176, loss: 0.027
2023-01-31 11:40:10.170 | INFO     | algorithms.offline:train:97 - Starting epoch 177 / 250
2023-01-31 11:40:56.180 | INFO     | algorithms.offline:train:123 - 177, loss: 0.029
2023-01-31 11:40:56.180 | INFO     | algorithms.offline:train:97 - Starting epoch 178 / 250
2023-01-31 11:41:42.213 | INFO     | algorithms.offline:train:123 - 178, loss: 0.028
2023-01-31 11:41:42.213 | INFO     | algorithms.offline:train:97 - Starting epoch 179 / 250
2023-01-31 11:42:28.241 | INFO     | algorithms.offline:train:123 - 179, loss: 0.026
2023-01-31 11:42:28.242 | INFO     | algorithms.offline:train:97 - Starting epoch 180 / 250
2023-01-31 11:43:14.240 | INFO     | algorithms.offline:train:123 - 180, loss: 0.026
2023-01-31 11:43:14.242 | INFO     | algorithms.algorithm_base:run_base_task_metrics:144 - Running metrics: Task 180
2023-01-31 11:43:18.907 | DEBUG    | algorithms.algorithm_base:run_base_task_metrics:200 - Raw classification accuracy results saved to ./output_cifar10_5k/offline/1675157018.3666286_CIFAR10_OFFICIAL_RUN/task_180_accuracy_results.json
2023-01-31 11:43:18.909 | INFO     | algorithms.algorithm_base:run_base_task_metrics:201 - Correctly classified 8943 / 10000 samples (89.43% correct)
2023-01-31 11:43:19.044 | INFO     | algorithms.offline:train:97 - Starting epoch 181 / 250
2023-01-31 11:44:05.032 | INFO     | algorithms.offline:train:123 - 181, loss: 0.025
2023-01-31 11:44:05.033 | INFO     | algorithms.offline:train:97 - Starting epoch 182 / 250
2023-01-31 11:44:51.047 | INFO     | algorithms.offline:train:123 - 182, loss: 0.023
2023-01-31 11:44:51.048 | INFO     | algorithms.offline:train:97 - Starting epoch 183 / 250
2023-01-31 11:45:37.021 | INFO     | algorithms.offline:train:123 - 183, loss: 0.023
2023-01-31 11:45:37.022 | INFO     | algorithms.offline:train:97 - Starting epoch 184 / 250
2023-01-31 11:46:23.016 | INFO     | algorithms.offline:train:123 - 184, loss: 0.024
2023-01-31 11:46:23.017 | INFO     | algorithms.offline:train:97 - Starting epoch 185 / 250
2023-01-31 11:47:08.927 | INFO     | algorithms.offline:train:123 - 185, loss: 0.022
2023-01-31 11:47:08.928 | INFO     | algorithms.offline:train:97 - Starting epoch 186 / 250
2023-01-31 11:47:54.886 | INFO     | algorithms.offline:train:123 - 186, loss: 0.023
2023-01-31 11:47:54.887 | INFO     | algorithms.offline:train:97 - Starting epoch 187 / 250
2023-01-31 11:48:40.862 | INFO     | algorithms.offline:train:123 - 187, loss: 0.023
2023-01-31 11:48:40.863 | INFO     | algorithms.offline:train:97 - Starting epoch 188 / 250
2023-01-31 11:49:26.842 | INFO     | algorithms.offline:train:123 - 188, loss: 0.022
2023-01-31 11:49:26.843 | INFO     | algorithms.offline:train:97 - Starting epoch 189 / 250
2023-01-31 11:50:12.793 | INFO     | algorithms.offline:train:123 - 189, loss: 0.022
2023-01-31 11:50:12.794 | INFO     | algorithms.offline:train:97 - Starting epoch 190 / 250
2023-01-31 11:50:58.766 | INFO     | algorithms.offline:train:123 - 190, loss: 0.020
2023-01-31 11:50:58.768 | INFO     | algorithms.algorithm_base:run_base_task_metrics:144 - Running metrics: Task 190
2023-01-31 11:51:03.406 | DEBUG    | algorithms.algorithm_base:run_base_task_metrics:200 - Raw classification accuracy results saved to ./output_cifar10_5k/offline/1675157018.3666286_CIFAR10_OFFICIAL_RUN/task_190_accuracy_results.json
2023-01-31 11:51:03.408 | INFO     | algorithms.algorithm_base:run_base_task_metrics:201 - Correctly classified 8956 / 10000 samples (89.56% correct)
2023-01-31 11:51:03.542 | INFO     | algorithms.offline:train:97 - Starting epoch 191 / 250
2023-01-31 11:51:49.553 | INFO     | algorithms.offline:train:123 - 191, loss: 0.019
2023-01-31 11:51:49.554 | INFO     | algorithms.offline:train:97 - Starting epoch 192 / 250
2023-01-31 11:52:35.596 | INFO     | algorithms.offline:train:123 - 192, loss: 0.021
2023-01-31 11:52:35.597 | INFO     | algorithms.offline:train:97 - Starting epoch 193 / 250
2023-01-31 11:53:21.589 | INFO     | algorithms.offline:train:123 - 193, loss: 0.020
2023-01-31 11:53:21.590 | INFO     | algorithms.offline:train:97 - Starting epoch 194 / 250
2023-01-31 11:54:07.596 | INFO     | algorithms.offline:train:123 - 194, loss: 0.020
2023-01-31 11:54:07.597 | INFO     | algorithms.offline:train:97 - Starting epoch 195 / 250
2023-01-31 11:54:53.624 | INFO     | algorithms.offline:train:123 - 195, loss: 0.018
2023-01-31 11:54:53.625 | INFO     | algorithms.offline:train:97 - Starting epoch 196 / 250
2023-01-31 11:55:39.626 | INFO     | algorithms.offline:train:123 - 196, loss: 0.019
2023-01-31 11:55:39.627 | INFO     | algorithms.offline:train:97 - Starting epoch 197 / 250
2023-01-31 11:56:25.627 | INFO     | algorithms.offline:train:123 - 197, loss: 0.019
2023-01-31 11:56:25.628 | INFO     | algorithms.offline:train:97 - Starting epoch 198 / 250
2023-01-31 11:57:11.631 | INFO     | algorithms.offline:train:123 - 198, loss: 0.017
2023-01-31 11:57:11.632 | INFO     | algorithms.offline:train:97 - Starting epoch 199 / 250
2023-01-31 11:57:57.637 | INFO     | algorithms.offline:train:123 - 199, loss: 0.017
2023-01-31 11:57:57.638 | INFO     | algorithms.offline:train:97 - Starting epoch 200 / 250
2023-01-31 11:58:43.625 | INFO     | algorithms.offline:train:123 - 200, loss: 0.019
2023-01-31 11:58:43.626 | INFO     | algorithms.algorithm_base:run_base_task_metrics:144 - Running metrics: Task 200
2023-01-31 11:58:48.265 | DEBUG    | algorithms.algorithm_base:run_base_task_metrics:200 - Raw classification accuracy results saved to ./output_cifar10_5k/offline/1675157018.3666286_CIFAR10_OFFICIAL_RUN/task_200_accuracy_results.json
2023-01-31 11:58:48.267 | INFO     | algorithms.algorithm_base:run_base_task_metrics:201 - Correctly classified 8946 / 10000 samples (89.46% correct)
2023-01-31 11:58:48.403 | INFO     | algorithms.offline:train:97 - Starting epoch 201 / 250
2023-01-31 11:59:34.482 | INFO     | algorithms.offline:train:123 - 201, loss: 0.017
2023-01-31 11:59:34.483 | INFO     | algorithms.offline:train:97 - Starting epoch 202 / 250
2023-01-31 12:00:20.550 | INFO     | algorithms.offline:train:123 - 202, loss: 0.017
2023-01-31 12:00:20.551 | INFO     | algorithms.offline:train:97 - Starting epoch 203 / 250
2023-01-31 12:01:06.596 | INFO     | algorithms.offline:train:123 - 203, loss: 0.017
2023-01-31 12:01:06.597 | INFO     | algorithms.offline:train:97 - Starting epoch 204 / 250
2023-01-31 12:01:52.640 | INFO     | algorithms.offline:train:123 - 204, loss: 0.017
2023-01-31 12:01:52.641 | INFO     | algorithms.offline:train:97 - Starting epoch 205 / 250
2023-01-31 12:02:38.734 | INFO     | algorithms.offline:train:123 - 205, loss: 0.016
2023-01-31 12:02:38.735 | INFO     | algorithms.offline:train:97 - Starting epoch 206 / 250
2023-01-31 12:03:24.775 | INFO     | algorithms.offline:train:123 - 206, loss: 0.016
2023-01-31 12:03:24.776 | INFO     | algorithms.offline:train:97 - Starting epoch 207 / 250
2023-01-31 12:04:10.831 | INFO     | algorithms.offline:train:123 - 207, loss: 0.016
2023-01-31 12:04:10.832 | INFO     | algorithms.offline:train:97 - Starting epoch 208 / 250
2023-01-31 12:04:56.867 | INFO     | algorithms.offline:train:123 - 208, loss: 0.015
2023-01-31 12:04:56.868 | INFO     | algorithms.offline:train:97 - Starting epoch 209 / 250
2023-01-31 12:05:42.929 | INFO     | algorithms.offline:train:123 - 209, loss: 0.015
2023-01-31 12:05:42.930 | INFO     | algorithms.offline:train:97 - Starting epoch 210 / 250
2023-01-31 12:06:28.968 | INFO     | algorithms.offline:train:123 - 210, loss: 0.014
2023-01-31 12:06:28.970 | INFO     | algorithms.algorithm_base:run_base_task_metrics:144 - Running metrics: Task 210
2023-01-31 12:06:33.620 | DEBUG    | algorithms.algorithm_base:run_base_task_metrics:200 - Raw classification accuracy results saved to ./output_cifar10_5k/offline/1675157018.3666286_CIFAR10_OFFICIAL_RUN/task_210_accuracy_results.json
2023-01-31 12:06:33.621 | INFO     | algorithms.algorithm_base:run_base_task_metrics:201 - Correctly classified 8955 / 10000 samples (89.55% correct)
2023-01-31 12:06:33.756 | INFO     | algorithms.offline:train:97 - Starting epoch 211 / 250
2023-01-31 12:07:19.792 | INFO     | algorithms.offline:train:123 - 211, loss: 0.015
2023-01-31 12:07:19.793 | INFO     | algorithms.offline:train:97 - Starting epoch 212 / 250
2023-01-31 12:08:05.804 | INFO     | algorithms.offline:train:123 - 212, loss: 0.014
2023-01-31 12:08:05.804 | INFO     | algorithms.offline:train:97 - Starting epoch 213 / 250
2023-01-31 12:08:51.847 | INFO     | algorithms.offline:train:123 - 213, loss: 0.014
2023-01-31 12:08:51.848 | INFO     | algorithms.offline:train:97 - Starting epoch 214 / 250
2023-01-31 12:09:37.991 | INFO     | algorithms.offline:train:123 - 214, loss: 0.014
2023-01-31 12:09:37.992 | INFO     | algorithms.offline:train:97 - Starting epoch 215 / 250
2023-01-31 12:10:24.225 | INFO     | algorithms.offline:train:123 - 215, loss: 0.014
2023-01-31 12:10:24.226 | INFO     | algorithms.offline:train:97 - Starting epoch 216 / 250
2023-01-31 12:11:10.252 | INFO     | algorithms.offline:train:123 - 216, loss: 0.013
2023-01-31 12:11:10.253 | INFO     | algorithms.offline:train:97 - Starting epoch 217 / 250
2023-01-31 12:11:56.266 | INFO     | algorithms.offline:train:123 - 217, loss: 0.013
2023-01-31 12:11:56.267 | INFO     | algorithms.offline:train:97 - Starting epoch 218 / 250
2023-01-31 12:12:42.318 | INFO     | algorithms.offline:train:123 - 218, loss: 0.013
2023-01-31 12:12:42.319 | INFO     | algorithms.offline:train:97 - Starting epoch 219 / 250
2023-01-31 12:13:28.348 | INFO     | algorithms.offline:train:123 - 219, loss: 0.012
2023-01-31 12:13:28.349 | INFO     | algorithms.offline:train:97 - Starting epoch 220 / 250
2023-01-31 12:14:14.389 | INFO     | algorithms.offline:train:123 - 220, loss: 0.012
2023-01-31 12:14:14.390 | INFO     | algorithms.algorithm_base:run_base_task_metrics:144 - Running metrics: Task 220
2023-01-31 12:14:19.075 | DEBUG    | algorithms.algorithm_base:run_base_task_metrics:200 - Raw classification accuracy results saved to ./output_cifar10_5k/offline/1675157018.3666286_CIFAR10_OFFICIAL_RUN/task_220_accuracy_results.json
2023-01-31 12:14:19.077 | INFO     | algorithms.algorithm_base:run_base_task_metrics:201 - Correctly classified 8971 / 10000 samples (89.71% correct)
2023-01-31 12:14:19.212 | INFO     | algorithms.offline:train:97 - Starting epoch 221 / 250
2023-01-31 12:15:05.338 | INFO     | algorithms.offline:train:123 - 221, loss: 0.011
2023-01-31 12:15:05.339 | INFO     | algorithms.offline:train:97 - Starting epoch 222 / 250
2023-01-31 12:15:51.489 | INFO     | algorithms.offline:train:123 - 222, loss: 0.012
2023-01-31 12:15:51.490 | INFO     | algorithms.offline:train:97 - Starting epoch 223 / 250
2023-01-31 12:16:37.581 | INFO     | algorithms.offline:train:123 - 223, loss: 0.011
2023-01-31 12:16:37.582 | INFO     | algorithms.offline:train:97 - Starting epoch 224 / 250
2023-01-31 12:17:23.685 | INFO     | algorithms.offline:train:123 - 224, loss: 0.012
2023-01-31 12:17:23.686 | INFO     | algorithms.offline:train:97 - Starting epoch 225 / 250
2023-01-31 12:18:09.786 | INFO     | algorithms.offline:train:123 - 225, loss: 0.014
2023-01-31 12:18:09.787 | INFO     | algorithms.offline:train:97 - Starting epoch 226 / 250
2023-01-31 12:18:55.861 | INFO     | algorithms.offline:train:123 - 226, loss: 0.012
2023-01-31 12:18:55.862 | INFO     | algorithms.offline:train:97 - Starting epoch 227 / 250
2023-01-31 12:19:41.952 | INFO     | algorithms.offline:train:123 - 227, loss: 0.011
2023-01-31 12:19:41.952 | INFO     | algorithms.offline:train:97 - Starting epoch 228 / 250
2023-01-31 12:20:28.003 | INFO     | algorithms.offline:train:123 - 228, loss: 0.011
2023-01-31 12:20:28.004 | INFO     | algorithms.offline:train:97 - Starting epoch 229 / 250
2023-01-31 12:21:14.314 | INFO     | algorithms.offline:train:123 - 229, loss: 0.011
2023-01-31 12:21:14.315 | INFO     | algorithms.offline:train:97 - Starting epoch 230 / 250
2023-01-31 12:22:00.416 | INFO     | algorithms.offline:train:123 - 230, loss: 0.010
2023-01-31 12:22:00.417 | INFO     | algorithms.algorithm_base:run_base_task_metrics:144 - Running metrics: Task 230
2023-01-31 12:22:05.097 | DEBUG    | algorithms.algorithm_base:run_base_task_metrics:200 - Raw classification accuracy results saved to ./output_cifar10_5k/offline/1675157018.3666286_CIFAR10_OFFICIAL_RUN/task_230_accuracy_results.json
2023-01-31 12:22:05.099 | INFO     | algorithms.algorithm_base:run_base_task_metrics:201 - Correctly classified 8960 / 10000 samples (89.60% correct)
2023-01-31 12:22:05.233 | INFO     | algorithms.offline:train:97 - Starting epoch 231 / 250
2023-01-31 12:22:51.301 | INFO     | algorithms.offline:train:123 - 231, loss: 0.011
2023-01-31 12:22:51.302 | INFO     | algorithms.offline:train:97 - Starting epoch 232 / 250
2023-01-31 12:23:37.423 | INFO     | algorithms.offline:train:123 - 232, loss: 0.010
2023-01-31 12:23:37.424 | INFO     | algorithms.offline:train:97 - Starting epoch 233 / 250
2023-01-31 12:24:23.487 | INFO     | algorithms.offline:train:123 - 233, loss: 0.010
2023-01-31 12:24:23.488 | INFO     | algorithms.offline:train:97 - Starting epoch 234 / 250
2023-01-31 12:25:09.545 | INFO     | algorithms.offline:train:123 - 234, loss: 0.009
2023-01-31 12:25:09.546 | INFO     | algorithms.offline:train:97 - Starting epoch 235 / 250
2023-01-31 12:25:55.602 | INFO     | algorithms.offline:train:123 - 235, loss: 0.009
2023-01-31 12:25:55.603 | INFO     | algorithms.offline:train:97 - Starting epoch 236 / 250
2023-01-31 12:26:41.650 | INFO     | algorithms.offline:train:123 - 236, loss: 0.010
2023-01-31 12:26:41.651 | INFO     | algorithms.offline:train:97 - Starting epoch 237 / 250
2023-01-31 12:27:27.701 | INFO     | algorithms.offline:train:123 - 237, loss: 0.009
2023-01-31 12:27:27.702 | INFO     | algorithms.offline:train:97 - Starting epoch 238 / 250
2023-01-31 12:28:13.746 | INFO     | algorithms.offline:train:123 - 238, loss: 0.008
2023-01-31 12:28:13.747 | INFO     | algorithms.offline:train:97 - Starting epoch 239 / 250
2023-01-31 12:28:59.808 | INFO     | algorithms.offline:train:123 - 239, loss: 0.009
2023-01-31 12:28:59.809 | INFO     | algorithms.offline:train:97 - Starting epoch 240 / 250
2023-01-31 12:29:45.866 | INFO     | algorithms.offline:train:123 - 240, loss: 0.010
2023-01-31 12:29:45.867 | INFO     | algorithms.algorithm_base:run_base_task_metrics:144 - Running metrics: Task 240
2023-01-31 12:29:50.574 | DEBUG    | algorithms.algorithm_base:run_base_task_metrics:200 - Raw classification accuracy results saved to ./output_cifar10_5k/offline/1675157018.3666286_CIFAR10_OFFICIAL_RUN/task_240_accuracy_results.json
2023-01-31 12:29:50.576 | INFO     | algorithms.algorithm_base:run_base_task_metrics:201 - Correctly classified 8990 / 10000 samples (89.90% correct)
2023-01-31 12:29:50.712 | INFO     | algorithms.offline:train:97 - Starting epoch 241 / 250
2023-01-31 12:30:36.761 | INFO     | algorithms.offline:train:123 - 241, loss: 0.009
2023-01-31 12:30:36.762 | INFO     | algorithms.offline:train:97 - Starting epoch 242 / 250
2023-01-31 12:31:22.818 | INFO     | algorithms.offline:train:123 - 242, loss: 0.010
2023-01-31 12:31:22.819 | INFO     | algorithms.offline:train:97 - Starting epoch 243 / 250
2023-01-31 12:32:08.862 | INFO     | algorithms.offline:train:123 - 243, loss: 0.009
2023-01-31 12:32:08.863 | INFO     | algorithms.offline:train:97 - Starting epoch 244 / 250
2023-01-31 12:32:54.905 | INFO     | algorithms.offline:train:123 - 244, loss: 0.010
2023-01-31 12:32:54.906 | INFO     | algorithms.offline:train:97 - Starting epoch 245 / 250
2023-01-31 12:33:40.967 | INFO     | algorithms.offline:train:123 - 245, loss: 0.009
2023-01-31 12:33:40.968 | INFO     | algorithms.offline:train:97 - Starting epoch 246 / 250
2023-01-31 12:34:26.995 | INFO     | algorithms.offline:train:123 - 246, loss: 0.009
2023-01-31 12:34:26.996 | INFO     | algorithms.offline:train:97 - Starting epoch 247 / 250
2023-01-31 12:35:13.045 | INFO     | algorithms.offline:train:123 - 247, loss: 0.010
2023-01-31 12:35:13.046 | INFO     | algorithms.offline:train:97 - Starting epoch 248 / 250
2023-01-31 12:35:59.093 | INFO     | algorithms.offline:train:123 - 248, loss: 0.009
2023-01-31 12:35:59.094 | INFO     | algorithms.offline:train:97 - Starting epoch 249 / 250
2023-01-31 12:36:45.143 | INFO     | algorithms.offline:train:123 - 249, loss: 0.009
2023-01-31 12:36:45.144 | INFO     | algorithms.offline:train:97 - Starting epoch 250 / 250
2023-01-31 12:37:31.189 | INFO     | algorithms.offline:train:123 - 250, loss: 0.008
2023-01-31 12:37:31.190 | INFO     | algorithms.algorithm_base:run_base_task_metrics:144 - Running metrics: Task 250
2023-01-31 12:37:35.841 | DEBUG    | algorithms.algorithm_base:run_base_task_metrics:200 - Raw classification accuracy results saved to ./output_cifar10_5k/offline/1675157018.3666286_CIFAR10_OFFICIAL_RUN/task_250_accuracy_results.json
2023-01-31 12:37:35.842 | INFO     | algorithms.algorithm_base:run_base_task_metrics:201 - Correctly classified 8995 / 10000 samples (89.95% correct)
2023-01-31 12:37:35.979 | INFO     | algorithms.algorithm_base:run_base_task_metrics:144 - Running metrics: Task 250
2023-01-31 12:37:40.669 | DEBUG    | algorithms.algorithm_base:run_base_task_metrics:200 - Raw classification accuracy results saved to ./output_cifar10_5k/offline/1675157018.3666286_CIFAR10_OFFICIAL_RUN/task_250_accuracy_results.json
2023-01-31 12:37:40.670 | INFO     | algorithms.algorithm_base:run_base_task_metrics:201 - Correctly classified 8995 / 10000 samples (89.95% correct)
2023-01-31 12:37:40.802 | INFO     | algorithms.offline:train:140 - Training complete
2023-01-31 12:37:40.806 | INFO     | __main__:run_experiment:286 - Training and evaluation completed!
2023-01-31 12:37:40.808 | INFO     | __main__:run_experiment:300 - Wrote usage stats to file
2023-01-31 12:37:40.808 | INFO     | __main__:main:340 - Complete
2023-01-31 12:37:40.809 | INFO     | __main__:close_tensorboard_writer:248 - Shut down TensorBoard
