2023-01-24 21:54:09.607 | INFO     | __main__:setup_files:192 - Experiment Name: OFFICIAL_RUN
2023-01-24 21:54:09.608 | INFO     | __main__:main:297 - Command line arguments: Configuration(algorithm='novel_et', dataset='cifar100', classes_per_task=20, seed=2001)
2023-01-24 21:54:09.610 | INFO     | __main__:main:301 - Seeded random to 2001
2023-01-24 21:54:09.611 | INFO     | __main__:main:305 - Got CUDA device
2023-01-24 21:54:09.612 | INFO     | __main__:force_cuda_load:240 - Forcing CUDA initialisation...
2023-01-24 21:54:09.676 | INFO     | __main__:main:309 - CUDA initialised
2023-01-24 21:54:09.678 | INFO     | __main__:setup_shutdown_hook:236 - To access TensorBoard, run the command: tensorboard --logdir=./output/novel_et/1674597249.6034975_CIFAR100_OFFICIAL_RUN
2023-01-24 21:54:09.738 | INFO     | __main__:main:313 - Setup shutdown hooks
2023-01-24 21:54:09.764 | INFO     | __main__:main:318 - Model is setup
2023-01-24 21:54:09.765 | INFO     | __main__:main:320 - Complete pre-setup, starting experiment
2023-01-24 21:54:10.973 | INFO     | datasets.dataset_base:__init__:80 - Using disjoint tasks with 20 (5 tasks) with a randomised split
2023-01-24 21:54:10.975 | DEBUG    | datasets.dataset_base:_setup_task_datasets:95 - Splitting dataset into 5 disjoint tasks
2023-01-24 21:54:10.994 | INFO     | datasets.dataset_base:__init__:85 - {
  "name": "datasets.cifar100.CIFAR100",
  "dataset_class": "torchvision.datasets.cifar.CIFAR100",
  "training_dataset_parameters": "{'train': True, 'download': True}",
  "testing_dataset_parameters": "{'train': False, 'download': True}",
  "training_transform": "Compose(\n    Resize(size=(224, 224), interpolation=bilinear, max_size=None, antialias=None)\n    ToTensor()\n    Normalize(mean=(0.5071, 0.4867, 0.4408), std=(0.2675, 0.2565, 0.2761))\n    RandomCrop(size=(224, 224), padding=4)\n    RandomHorizontalFlip(p=0.5)\n)",
  "testing_transform": "Compose(\n    Resize(size=(224, 224), interpolation=bilinear, max_size=None, antialias=None)\n    ToTensor()\n    Normalize(mean=(0.5071, 0.4867, 0.4408), std=(0.2675, 0.2565, 0.2761))\n)",
  "classes": "apple, aquarium_fish, baby, bear, beaver, bed, bee, beetle, bicycle, bottle, bowl, boy, bridge, bus, butterfly, camel, can, castle, caterpillar, cattle, chair, chimpanzee, clock, cloud, cockroach, couch, crab, crocodile, cup, dinosaur, dolphin, elephant, flatfish, forest, fox, girl, hamster, house, kangaroo, keyboard, lamp, lawn_mower, leopard, lion, lizard, lobster, man, maple_tree, motorcycle, mountain, mouse, mushroom, oak_tree, orange, orchid, otter, palm_tree, pear, pickup_truck, pine_tree, plain, plate, poppy, porcupine, possum, rabbit, raccoon, ray, road, rocket, rose, sea, seal, shark, shrew, skunk, skyscraper, snail, snake, spider, squirrel, streetcar, sunflower, sweet_pepper, table, tank, telephone, television, tiger, tractor, train, trout, tulip, turtle, wardrobe, whale, willow_tree, wolf, woman, worm",
  "disjoint": true,
  "task_count": 5,
  "classes_per_task": [
    20
  ],
  "task_split_indices": [
    [
      9,
      58,
      85,
      43,
      51,
      36,
      4,
      27,
      12,
      29,
      44,
      68,
      82,
      16,
      3,
      92,
      49,
      41,
      35,
      69
    ],
    [
      25,
      67,
      66,
      95,
      14,
      17,
      23,
      97,
      57,
      74,
      37,
      98,
      63,
      96,
      73,
      40,
      47,
      24,
      22,
      93
    ],
    [
      77,
      52,
      1,
      0,
      70,
      62,
      28,
      34,
      18,
      54,
      65,
      13,
      26,
      86,
      33,
      71,
      15,
      50,
      64,
      81
    ],
    [
      30,
      39,
      42,
      31,
      56,
      94,
      91,
      84,
      90,
      60,
      20,
      53,
      48,
      38,
      78,
      61,
      88,
      87,
      45,
      10
    ],
    [
      55,
      8,
      19,
      59,
      32,
      7,
      79,
      21,
      80,
      89,
      72,
      5,
      99,
      76,
      83,
      11,
      6,
      46,
      2,
      75
    ]
  ],
  "task_split_classes": [
    [
      "bottle",
      "pickup_truck",
      "tank",
      "lion",
      "mushroom",
      "hamster",
      "beaver",
      "crocodile",
      "bridge",
      "dinosaur",
      "lizard",
      "road",
      "sunflower",
      "can",
      "bear",
      "tulip",
      "mountain",
      "lawn_mower",
      "girl",
      "rocket"
    ],
    [
      "couch",
      "ray",
      "raccoon",
      "whale",
      "butterfly",
      "castle",
      "cloud",
      "wolf",
      "pear",
      "shrew",
      "house",
      "woman",
      "porcupine",
      "willow_tree",
      "shark",
      "lamp",
      "maple_tree",
      "cockroach",
      "clock",
      "turtle"
    ],
    [
      "snail",
      "oak_tree",
      "aquarium_fish",
      "apple",
      "rose",
      "poppy",
      "cup",
      "fox",
      "caterpillar",
      "orchid",
      "rabbit",
      "bus",
      "crab",
      "telephone",
      "forest",
      "sea",
      "camel",
      "mouse",
      "possum",
      "streetcar"
    ],
    [
      "dolphin",
      "keyboard",
      "leopard",
      "elephant",
      "palm_tree",
      "wardrobe",
      "trout",
      "table",
      "train",
      "plain",
      "chair",
      "orange",
      "motorcycle",
      "kangaroo",
      "snake",
      "plate",
      "tiger",
      "television",
      "lobster",
      "bowl"
    ],
    [
      "otter",
      "bicycle",
      "cattle",
      "pine_tree",
      "flatfish",
      "beetle",
      "spider",
      "chimpanzee",
      "squirrel",
      "tractor",
      "seal",
      "bed",
      "worm",
      "skyscraper",
      "sweet_pepper",
      "boy",
      "bee",
      "man",
      "baby",
      "skunk"
    ]
  ]
}
2023-01-24 21:54:12.137 | WARNING  | models.vit.vit_models:build_backbone:149 - OVERRIDE: FREEZING PRETRAINED MODEL DIRECTLY EXCEPT
2023-01-24 21:54:12.140 | INFO     | models.vit.vit_models:setup_head:158 - SETUP HEAD
2023-01-24 21:54:12.283 | DEBUG    | __main__:run_experiment:264 - PID: 18312
2023-01-24 21:54:12.284 | INFO     | __main__:run_experiment:266 - Starting...
2023-01-24 21:54:12.284 | INFO     | algorithms.algorithm_base:train:116 - {
  "name": "experiments.finalised_novel_impl_et_only.NovelImplementationETOnly",
  "model_class": "experiments.finalised_novel_impl_et_only.TestNet",
  "device": "cuda:0",
  "dataset_class": "datasets.cifar100.CIFAR100",
  "optimiser_class": "torch.optim.sgd.SGD",
  "loss_criterion_class": "torch.nn.modules.loss.CrossEntropyLoss",
  "epochs_per_task": 70,
  "batch_size": 16,
  "uncertainty_type": "random",
  "max_memory_samples": 5000,
  "classification_type": "ncm",
  "end_train_only": true
}
2023-01-24 21:54:12.285 | DEBUG    | algorithms.algorithm_base:_setup_training:109 - Model moved to cuda:0 and set to train mode
2023-01-24 21:54:12.286 | INFO     | algorithms.algorithm_base:train:118 - Starting training
2023-01-24 21:54:12.287 | INFO     | experiments.finalised_novel_impl_et_only:train:298 - Task 1 / 5
2023-01-24 21:54:12.287 | INFO     | experiments.finalised_novel_impl_et_only:train:299 - Classes in task: ['bottle', 'pickup_truck', 'tank', 'lion', 'mushroom', 'hamster', 'beaver', 'crocodile', 'bridge', 'dinosaur', 'lizard', 'road', 'sunflower', 'can', 'bear', 'tulip', 'mountain', 'lawn_mower', 'girl', 'rocket']
2023-01-24 21:54:12.710 | INFO     | experiments.finalised_novel_impl_et_only:train:314 - Populated buffer
2023-01-24 21:54:12.711 | INFO     | experiments.finalised_novel_impl_et_only:train:298 - Task 2 / 5
2023-01-24 21:54:12.712 | INFO     | experiments.finalised_novel_impl_et_only:train:299 - Classes in task: ['couch', 'ray', 'raccoon', 'whale', 'butterfly', 'castle', 'cloud', 'wolf', 'pear', 'shrew', 'house', 'woman', 'porcupine', 'willow_tree', 'shark', 'lamp', 'maple_tree', 'cockroach', 'clock', 'turtle']
2023-01-24 21:54:12.962 | WARNING  | algorithms.buffers:add_sample:62 - Duplicate hash: -7693449581470621348
2023-01-24 21:54:13.142 | INFO     | experiments.finalised_novel_impl_et_only:train:314 - Populated buffer
2023-01-24 21:54:13.144 | INFO     | experiments.finalised_novel_impl_et_only:train:298 - Task 3 / 5
2023-01-24 21:54:13.145 | INFO     | experiments.finalised_novel_impl_et_only:train:299 - Classes in task: ['snail', 'oak_tree', 'aquarium_fish', 'apple', 'rose', 'poppy', 'cup', 'fox', 'caterpillar', 'orchid', 'rabbit', 'bus', 'crab', 'telephone', 'forest', 'sea', 'camel', 'mouse', 'possum', 'streetcar']
2023-01-24 21:54:13.577 | INFO     | experiments.finalised_novel_impl_et_only:train:314 - Populated buffer
2023-01-24 21:54:13.578 | INFO     | experiments.finalised_novel_impl_et_only:train:298 - Task 4 / 5
2023-01-24 21:54:13.579 | INFO     | experiments.finalised_novel_impl_et_only:train:299 - Classes in task: ['dolphin', 'keyboard', 'leopard', 'elephant', 'palm_tree', 'wardrobe', 'trout', 'table', 'train', 'plain', 'chair', 'orange', 'motorcycle', 'kangaroo', 'snake', 'plate', 'tiger', 'television', 'lobster', 'bowl']
2023-01-24 21:54:14.016 | INFO     | experiments.finalised_novel_impl_et_only:train:314 - Populated buffer
2023-01-24 21:54:14.018 | INFO     | experiments.finalised_novel_impl_et_only:train:298 - Task 5 / 5
2023-01-24 21:54:14.019 | INFO     | experiments.finalised_novel_impl_et_only:train:299 - Classes in task: ['otter', 'bicycle', 'cattle', 'pine_tree', 'flatfish', 'beetle', 'spider', 'chimpanzee', 'squirrel', 'tractor', 'seal', 'bed', 'worm', 'skyscraper', 'sweet_pepper', 'boy', 'bee', 'man', 'baby', 'skunk']
2023-01-24 21:54:14.474 | INFO     | experiments.finalised_novel_impl_et_only:train:314 - Populated buffer
2023-01-24 21:54:14.476 | INFO     | experiments.finalised_novel_impl_et_only:train:326 - Starting epoch 1 / 70
2023-01-24 21:54:36.630 | INFO     | experiments.finalised_novel_impl_et_only:train:377 - 1:40, loss: 4.705
2023-01-24 21:54:56.313 | INFO     | experiments.finalised_novel_impl_et_only:train:377 - 1:80, loss: 4.622
2023-01-24 21:55:16.289 | INFO     | experiments.finalised_novel_impl_et_only:train:377 - 1:120, loss: 4.665
2023-01-24 21:55:34.128 | INFO     | experiments.finalised_novel_impl_et_only:train:388 - 1, loss: 4.671
2023-01-24 21:55:34.129 | INFO     | experiments.finalised_novel_impl_et_only:train:326 - Starting epoch 2 / 70
2023-01-24 21:55:55.058 | INFO     | experiments.finalised_novel_impl_et_only:train:377 - 2:40, loss: 4.696
2023-01-24 21:56:15.056 | INFO     | experiments.finalised_novel_impl_et_only:train:377 - 2:80, loss: 4.630
2023-01-24 21:56:35.437 | INFO     | experiments.finalised_novel_impl_et_only:train:377 - 2:120, loss: 4.688
2023-01-24 21:56:53.468 | INFO     | experiments.finalised_novel_impl_et_only:train:388 - 2, loss: 4.677
2023-01-24 21:56:53.469 | INFO     | experiments.finalised_novel_impl_et_only:train:326 - Starting epoch 3 / 70
2023-01-24 21:57:15.079 | INFO     | experiments.finalised_novel_impl_et_only:train:377 - 3:40, loss: 4.761
2023-01-24 21:57:34.927 | INFO     | experiments.finalised_novel_impl_et_only:train:377 - 3:80, loss: 4.649
2023-01-24 21:57:54.700 | INFO     | experiments.finalised_novel_impl_et_only:train:377 - 3:120, loss: 4.630
2023-01-24 21:58:12.121 | INFO     | experiments.finalised_novel_impl_et_only:train:388 - 3, loss: 4.661
2023-01-24 21:58:12.122 | INFO     | experiments.finalised_novel_impl_et_only:train:326 - Starting epoch 4 / 70
2023-01-24 21:58:32.382 | INFO     | experiments.finalised_novel_impl_et_only:train:377 - 4:40, loss: 4.706
2023-01-24 21:58:52.143 | INFO     | experiments.finalised_novel_impl_et_only:train:377 - 4:80, loss: 4.620
2023-01-24 21:59:11.916 | INFO     | experiments.finalised_novel_impl_et_only:train:377 - 4:120, loss: 4.594
2023-01-24 21:59:29.342 | INFO     | experiments.finalised_novel_impl_et_only:train:388 - 4, loss: 4.621
2023-01-24 21:59:29.343 | INFO     | experiments.finalised_novel_impl_et_only:train:326 - Starting epoch 5 / 70
2023-01-24 21:59:49.931 | INFO     | experiments.finalised_novel_impl_et_only:train:377 - 5:40, loss: 4.588
2023-01-24 22:00:10.318 | INFO     | experiments.finalised_novel_impl_et_only:train:377 - 5:80, loss: 4.397
2023-01-24 22:00:30.138 | INFO     | experiments.finalised_novel_impl_et_only:train:377 - 5:120, loss: 4.276
2023-01-24 22:00:47.563 | INFO     | experiments.finalised_novel_impl_et_only:train:388 - 5, loss: 4.338
2023-01-24 22:00:47.564 | INFO     | experiments.finalised_novel_impl_et_only:train:326 - Starting epoch 6 / 70
2023-01-24 22:01:07.829 | INFO     | experiments.finalised_novel_impl_et_only:train:377 - 6:40, loss: 4.378
2023-01-24 22:01:27.628 | INFO     | experiments.finalised_novel_impl_et_only:train:377 - 6:80, loss: 4.287
2023-01-24 22:01:47.415 | INFO     | experiments.finalised_novel_impl_et_only:train:377 - 6:120, loss: 4.212
2023-01-24 22:02:04.846 | INFO     | experiments.finalised_novel_impl_et_only:train:388 - 6, loss: 4.236
2023-01-24 22:02:04.847 | INFO     | experiments.finalised_novel_impl_et_only:train:326 - Starting epoch 7 / 70
2023-01-24 22:02:25.144 | INFO     | experiments.finalised_novel_impl_et_only:train:377 - 7:40, loss: 4.815
2023-01-24 22:02:44.906 | INFO     | experiments.finalised_novel_impl_et_only:train:377 - 7:80, loss: 4.820
2023-01-24 22:03:04.678 | INFO     | experiments.finalised_novel_impl_et_only:train:377 - 7:120, loss: 4.697
2023-01-24 22:03:22.727 | INFO     | experiments.finalised_novel_impl_et_only:train:388 - 7, loss: 4.699
2023-01-24 22:03:22.728 | INFO     | experiments.finalised_novel_impl_et_only:train:326 - Starting epoch 8 / 70
2023-01-24 22:03:43.028 | INFO     | experiments.finalised_novel_impl_et_only:train:377 - 8:40, loss: 4.021
2023-01-24 22:04:02.846 | INFO     | experiments.finalised_novel_impl_et_only:train:377 - 8:80, loss: 3.867
2023-01-24 22:04:22.613 | INFO     | experiments.finalised_novel_impl_et_only:train:377 - 8:120, loss: 3.852
2023-01-24 22:04:22.615 | WARNING  | experiments.finalised_novel_impl_et_only:train:385 - Sim: First: 0.0% Relud: 0.0%
2023-01-24 22:04:40.048 | INFO     | experiments.finalised_novel_impl_et_only:train:388 - 8, loss: 3.858
2023-01-24 22:04:40.049 | INFO     | experiments.finalised_novel_impl_et_only:train:326 - Starting epoch 9 / 70
2023-01-24 22:05:00.313 | INFO     | experiments.finalised_novel_impl_et_only:train:377 - 9:40, loss: 3.780
2023-01-24 22:05:20.109 | INFO     | experiments.finalised_novel_impl_et_only:train:377 - 9:80, loss: 3.568
2023-01-24 22:05:39.874 | INFO     | experiments.finalised_novel_impl_et_only:train:377 - 9:120, loss: 3.542
2023-01-24 22:05:57.609 | INFO     | experiments.finalised_novel_impl_et_only:train:388 - 9, loss: 3.566
2023-01-24 22:05:57.610 | INFO     | experiments.finalised_novel_impl_et_only:train:326 - Starting epoch 10 / 70
2023-01-24 22:06:17.936 | INFO     | experiments.finalised_novel_impl_et_only:train:377 - 10:40, loss: 3.384
2023-01-24 22:06:37.691 | INFO     | experiments.finalised_novel_impl_et_only:train:377 - 10:80, loss: 3.125
2023-01-24 22:06:57.686 | INFO     | experiments.finalised_novel_impl_et_only:train:377 - 10:120, loss: 3.046
2023-01-24 22:07:15.436 | INFO     | experiments.finalised_novel_impl_et_only:train:388 - 10, loss: 3.116
2023-01-24 22:07:15.437 | INFO     | algorithms.algorithm_base:run_base_task_metrics:144 - Running metrics: Task 10
2023-01-24 22:07:15.464 | INFO     | experiments.finalised_novel_impl_et_only:generate_embeddings:411 - Generating fresh mean embedding vectors
2023-01-24 22:07:55.596 | DEBUG    | experiments.finalised_novel_impl_et_only:generate_embeddings:444 - Generated mean embedding vectors for: dict_keys([27, 4, 36, 58, 68, 51, 29, 3, 35, 9, 12, 16, 41, 92, 85, 44, 43, 69, 82, 49, 57, 73, 96, 17, 97, 25, 47, 98, 40, 37, 24, 74, 14, 23, 63, 93, 67, 95, 22, 66, 0, 34, 28, 1, 33, 50, 52, 65, 13, 77, 81, 62, 15, 71, 54, 18, 86, 64, 26, 70, 39, 42, 78, 88, 30, 91, 87, 53, 84, 61, 20, 94, 31, 10, 56, 90, 45, 48, 60, 38, 46, 7, 80, 32, 19, 75, 5, 8, 83, 59, 6, 76, 2, 79, 11, 55, 99, 72, 89, 21])
2023-01-24 22:09:14.927 | DEBUG    | algorithms.algorithm_base:run_base_task_metrics:200 - Raw classification accuracy results saved to ./output/novel_et/1674597249.6034975_CIFAR100_OFFICIAL_RUN/task_10_accuracy_results.json
2023-01-24 22:09:14.928 | INFO     | algorithms.algorithm_base:run_base_task_metrics:201 - Correctly classified 7161 / 10000 samples (71.61% correct)
2023-01-24 22:09:15.943 | INFO     | experiments.finalised_novel_impl_et_only:train:326 - Starting epoch 11 / 70
2023-01-24 22:09:36.424 | INFO     | experiments.finalised_novel_impl_et_only:train:377 - 11:40, loss: 2.929
2023-01-24 22:09:56.273 | INFO     | experiments.finalised_novel_impl_et_only:train:377 - 11:80, loss: 2.708
2023-01-24 22:10:16.406 | INFO     | experiments.finalised_novel_impl_et_only:train:377 - 11:120, loss: 2.611
2023-01-24 22:10:34.201 | INFO     | experiments.finalised_novel_impl_et_only:train:388 - 11, loss: 2.694
2023-01-24 22:10:34.202 | INFO     | experiments.finalised_novel_impl_et_only:train:326 - Starting epoch 12 / 70
2023-01-24 22:10:55.310 | INFO     | experiments.finalised_novel_impl_et_only:train:377 - 12:40, loss: 2.624
2023-01-24 22:11:15.386 | INFO     | experiments.finalised_novel_impl_et_only:train:377 - 12:80, loss: 2.427
2023-01-24 22:11:35.577 | INFO     | experiments.finalised_novel_impl_et_only:train:377 - 12:120, loss: 2.300
2023-01-24 22:11:53.752 | INFO     | experiments.finalised_novel_impl_et_only:train:388 - 12, loss: 2.408
2023-01-24 22:11:53.753 | INFO     | experiments.finalised_novel_impl_et_only:train:326 - Starting epoch 13 / 70
2023-01-24 22:12:16.229 | INFO     | experiments.finalised_novel_impl_et_only:train:377 - 13:40, loss: 2.420
2023-01-24 22:12:38.704 | INFO     | experiments.finalised_novel_impl_et_only:train:377 - 13:80, loss: 2.248
2023-01-24 22:13:01.554 | INFO     | experiments.finalised_novel_impl_et_only:train:377 - 13:120, loss: 2.130
2023-01-24 22:13:19.113 | INFO     | experiments.finalised_novel_impl_et_only:train:388 - 13, loss: 2.228
2023-01-24 22:13:19.114 | INFO     | experiments.finalised_novel_impl_et_only:train:326 - Starting epoch 14 / 70
2023-01-24 22:13:39.879 | INFO     | experiments.finalised_novel_impl_et_only:train:377 - 14:40, loss: 2.481
2023-01-24 22:13:59.939 | INFO     | experiments.finalised_novel_impl_et_only:train:377 - 14:80, loss: 2.436
2023-01-24 22:14:19.675 | INFO     | experiments.finalised_novel_impl_et_only:train:377 - 14:120, loss: 2.324
2023-01-24 22:14:37.043 | INFO     | experiments.finalised_novel_impl_et_only:train:388 - 14, loss: 2.385
2023-01-24 22:14:37.044 | INFO     | experiments.finalised_novel_impl_et_only:train:326 - Starting epoch 15 / 70
2023-01-24 22:14:57.463 | INFO     | experiments.finalised_novel_impl_et_only:train:377 - 15:40, loss: 3.338
2023-01-24 22:15:19.119 | INFO     | experiments.finalised_novel_impl_et_only:train:377 - 15:80, loss: 3.543
2023-01-24 22:15:39.330 | INFO     | experiments.finalised_novel_impl_et_only:train:377 - 15:120, loss: 2.950
2023-01-24 22:15:57.174 | INFO     | experiments.finalised_novel_impl_et_only:train:388 - 15, loss: 3.200
2023-01-24 22:15:57.175 | INFO     | experiments.finalised_novel_impl_et_only:train:326 - Starting epoch 16 / 70
2023-01-24 22:16:17.693 | INFO     | experiments.finalised_novel_impl_et_only:train:377 - 16:40, loss: 2.243
2023-01-24 22:16:37.760 | INFO     | experiments.finalised_novel_impl_et_only:train:377 - 16:80, loss: 2.327
2023-01-24 22:16:57.908 | INFO     | experiments.finalised_novel_impl_et_only:train:377 - 16:120, loss: 2.227
2023-01-24 22:16:57.910 | WARNING  | experiments.finalised_novel_impl_et_only:train:385 - Sim: First: 0.0% Relud: 0.0%
2023-01-24 22:17:16.294 | INFO     | experiments.finalised_novel_impl_et_only:train:388 - 16, loss: 2.260
2023-01-24 22:17:16.295 | INFO     | experiments.finalised_novel_impl_et_only:train:326 - Starting epoch 17 / 70
2023-01-24 22:17:37.270 | INFO     | experiments.finalised_novel_impl_et_only:train:377 - 17:40, loss: 2.183
2023-01-24 22:17:57.153 | INFO     | experiments.finalised_novel_impl_et_only:train:377 - 17:80, loss: 2.109
2023-01-24 22:18:17.197 | INFO     | experiments.finalised_novel_impl_et_only:train:377 - 17:120, loss: 1.985
2023-01-24 22:18:34.813 | INFO     | experiments.finalised_novel_impl_et_only:train:388 - 17, loss: 2.070
2023-01-24 22:18:34.814 | INFO     | experiments.finalised_novel_impl_et_only:train:326 - Starting epoch 18 / 70
2023-01-24 22:18:55.209 | INFO     | experiments.finalised_novel_impl_et_only:train:377 - 18:40, loss: 1.919
2023-01-24 22:19:15.209 | INFO     | experiments.finalised_novel_impl_et_only:train:377 - 18:80, loss: 1.959
2023-01-24 22:19:35.103 | INFO     | experiments.finalised_novel_impl_et_only:train:377 - 18:120, loss: 1.754
2023-01-24 22:19:52.669 | INFO     | experiments.finalised_novel_impl_et_only:train:388 - 18, loss: 1.868
2023-01-24 22:19:52.670 | INFO     | experiments.finalised_novel_impl_et_only:train:326 - Starting epoch 19 / 70
2023-01-24 22:20:13.151 | INFO     | experiments.finalised_novel_impl_et_only:train:377 - 19:40, loss: 1.782
2023-01-24 22:20:33.115 | INFO     | experiments.finalised_novel_impl_et_only:train:377 - 19:80, loss: 1.824
2023-01-24 22:20:53.122 | INFO     | experiments.finalised_novel_impl_et_only:train:377 - 19:120, loss: 1.600
2023-01-24 22:21:10.697 | INFO     | experiments.finalised_novel_impl_et_only:train:388 - 19, loss: 1.720
2023-01-24 22:21:10.698 | INFO     | experiments.finalised_novel_impl_et_only:train:326 - Starting epoch 20 / 70
2023-01-24 22:21:31.153 | INFO     | experiments.finalised_novel_impl_et_only:train:377 - 20:40, loss: 1.638
2023-01-24 22:21:51.104 | INFO     | experiments.finalised_novel_impl_et_only:train:377 - 20:80, loss: 1.702
2023-01-24 22:22:11.161 | INFO     | experiments.finalised_novel_impl_et_only:train:377 - 20:120, loss: 1.481
2023-01-24 22:22:28.804 | INFO     | experiments.finalised_novel_impl_et_only:train:388 - 20, loss: 1.602
2023-01-24 22:22:28.805 | INFO     | algorithms.algorithm_base:run_base_task_metrics:144 - Running metrics: Task 20
2023-01-24 22:22:28.831 | INFO     | experiments.finalised_novel_impl_et_only:generate_embeddings:411 - Generating fresh mean embedding vectors
2023-01-24 22:23:08.053 | DEBUG    | experiments.finalised_novel_impl_et_only:generate_embeddings:444 - Generated mean embedding vectors for: dict_keys([27, 4, 36, 58, 68, 51, 29, 3, 35, 9, 12, 16, 41, 92, 85, 44, 43, 69, 82, 49, 57, 73, 96, 17, 97, 25, 47, 98, 40, 37, 24, 74, 14, 23, 63, 93, 67, 95, 22, 66, 0, 34, 28, 1, 33, 50, 52, 65, 13, 77, 81, 62, 15, 71, 54, 18, 86, 64, 26, 70, 39, 42, 78, 88, 30, 91, 87, 53, 84, 61, 20, 94, 31, 10, 56, 90, 45, 48, 60, 38, 46, 7, 80, 32, 19, 75, 5, 8, 83, 59, 6, 76, 2, 79, 11, 55, 99, 72, 89, 21])
2023-01-24 22:24:26.373 | DEBUG    | algorithms.algorithm_base:run_base_task_metrics:200 - Raw classification accuracy results saved to ./output/novel_et/1674597249.6034975_CIFAR100_OFFICIAL_RUN/task_20_accuracy_results.json
2023-01-24 22:24:26.374 | INFO     | algorithms.algorithm_base:run_base_task_metrics:201 - Correctly classified 7138 / 10000 samples (71.38% correct)
2023-01-24 22:24:26.755 | INFO     | experiments.finalised_novel_impl_et_only:train:326 - Starting epoch 21 / 70
2023-01-24 22:24:47.150 | INFO     | experiments.finalised_novel_impl_et_only:train:377 - 21:40, loss: 1.566
2023-01-24 22:25:07.151 | INFO     | experiments.finalised_novel_impl_et_only:train:377 - 21:80, loss: 1.622
2023-01-24 22:25:27.484 | INFO     | experiments.finalised_novel_impl_et_only:train:377 - 21:120, loss: 1.380
2023-01-24 22:25:45.280 | INFO     | experiments.finalised_novel_impl_et_only:train:388 - 21, loss: 1.515
2023-01-24 22:25:45.281 | INFO     | experiments.finalised_novel_impl_et_only:train:326 - Starting epoch 22 / 70
2023-01-24 22:26:05.710 | INFO     | experiments.finalised_novel_impl_et_only:train:377 - 22:40, loss: 1.470
2023-01-24 22:26:25.657 | INFO     | experiments.finalised_novel_impl_et_only:train:377 - 22:80, loss: 1.566
2023-01-24 22:26:45.896 | INFO     | experiments.finalised_novel_impl_et_only:train:377 - 22:120, loss: 1.307
2023-01-24 22:27:03.835 | INFO     | experiments.finalised_novel_impl_et_only:train:388 - 22, loss: 1.448
2023-01-24 22:27:03.836 | INFO     | experiments.finalised_novel_impl_et_only:train:326 - Starting epoch 23 / 70
2023-01-24 22:27:24.076 | INFO     | experiments.finalised_novel_impl_et_only:train:377 - 23:40, loss: 1.390
2023-01-24 22:27:45.308 | INFO     | experiments.finalised_novel_impl_et_only:train:377 - 23:80, loss: 1.509
2023-01-24 22:28:05.596 | INFO     | experiments.finalised_novel_impl_et_only:train:377 - 23:120, loss: 1.253
2023-01-24 22:28:23.186 | INFO     | experiments.finalised_novel_impl_et_only:train:388 - 23, loss: 1.382
2023-01-24 22:28:23.187 | INFO     | experiments.finalised_novel_impl_et_only:train:326 - Starting epoch 24 / 70
2023-01-24 22:28:43.755 | INFO     | experiments.finalised_novel_impl_et_only:train:377 - 24:40, loss: 1.401
2023-01-24 22:29:04.012 | INFO     | experiments.finalised_novel_impl_et_only:train:377 - 24:80, loss: 1.455
2023-01-24 22:29:24.317 | INFO     | experiments.finalised_novel_impl_et_only:train:377 - 24:120, loss: 1.244
2023-01-24 22:29:24.319 | WARNING  | experiments.finalised_novel_impl_et_only:train:385 - Sim: First: 0.0% Relud: 0.0%
2023-01-24 22:29:42.338 | INFO     | experiments.finalised_novel_impl_et_only:train:388 - 24, loss: 1.373
2023-01-24 22:29:42.339 | INFO     | experiments.finalised_novel_impl_et_only:train:326 - Starting epoch 25 / 70
2023-01-24 22:30:04.542 | INFO     | experiments.finalised_novel_impl_et_only:train:377 - 25:40, loss: 1.371
2023-01-24 22:30:25.036 | INFO     | experiments.finalised_novel_impl_et_only:train:377 - 25:80, loss: 1.434
2023-01-24 22:30:45.470 | INFO     | experiments.finalised_novel_impl_et_only:train:377 - 25:120, loss: 1.229
2023-01-24 22:31:03.921 | INFO     | experiments.finalised_novel_impl_et_only:train:388 - 25, loss: 1.353
2023-01-24 22:31:03.922 | INFO     | experiments.finalised_novel_impl_et_only:train:326 - Starting epoch 26 / 70
2023-01-24 22:31:25.398 | INFO     | experiments.finalised_novel_impl_et_only:train:377 - 26:40, loss: 1.382
2023-01-24 22:31:45.696 | INFO     | experiments.finalised_novel_impl_et_only:train:377 - 26:80, loss: 1.455
2023-01-24 22:32:06.724 | INFO     | experiments.finalised_novel_impl_et_only:train:377 - 26:120, loss: 1.231
2023-01-24 22:32:25.634 | INFO     | experiments.finalised_novel_impl_et_only:train:388 - 26, loss: 1.369
2023-01-24 22:32:25.635 | INFO     | experiments.finalised_novel_impl_et_only:train:326 - Starting epoch 27 / 70
2023-01-24 22:32:46.733 | INFO     | experiments.finalised_novel_impl_et_only:train:377 - 27:40, loss: 1.464
2023-01-24 22:33:06.697 | INFO     | experiments.finalised_novel_impl_et_only:train:377 - 27:80, loss: 1.511
2023-01-24 22:33:26.451 | INFO     | experiments.finalised_novel_impl_et_only:train:377 - 27:120, loss: 1.290
2023-01-24 22:33:43.873 | INFO     | experiments.finalised_novel_impl_et_only:train:388 - 27, loss: 1.440
2023-01-24 22:33:43.874 | INFO     | experiments.finalised_novel_impl_et_only:train:326 - Starting epoch 28 / 70
2023-01-24 22:34:04.133 | INFO     | experiments.finalised_novel_impl_et_only:train:377 - 28:40, loss: 1.624
2023-01-24 22:34:23.885 | INFO     | experiments.finalised_novel_impl_et_only:train:377 - 28:80, loss: 1.599
2023-01-24 22:34:43.817 | INFO     | experiments.finalised_novel_impl_et_only:train:377 - 28:120, loss: 1.397
2023-01-24 22:35:01.599 | INFO     | experiments.finalised_novel_impl_et_only:train:388 - 28, loss: 1.541
2023-01-24 22:35:01.600 | INFO     | experiments.finalised_novel_impl_et_only:train:326 - Starting epoch 29 / 70
2023-01-24 22:35:22.019 | INFO     | experiments.finalised_novel_impl_et_only:train:377 - 29:40, loss: 1.834
2023-01-24 22:35:42.116 | INFO     | experiments.finalised_novel_impl_et_only:train:377 - 29:80, loss: 1.782
2023-01-24 22:36:02.488 | INFO     | experiments.finalised_novel_impl_et_only:train:377 - 29:120, loss: 1.584
2023-01-24 22:36:20.342 | INFO     | experiments.finalised_novel_impl_et_only:train:388 - 29, loss: 1.724
2023-01-24 22:36:20.343 | INFO     | experiments.finalised_novel_impl_et_only:train:326 - Starting epoch 30 / 70
2023-01-24 22:36:41.630 | INFO     | experiments.finalised_novel_impl_et_only:train:377 - 30:40, loss: 2.187
2023-01-24 22:37:02.037 | INFO     | experiments.finalised_novel_impl_et_only:train:377 - 30:80, loss: 2.108
2023-01-24 22:37:22.304 | INFO     | experiments.finalised_novel_impl_et_only:train:377 - 30:120, loss: 1.769
2023-01-24 22:37:39.971 | INFO     | experiments.finalised_novel_impl_et_only:train:388 - 30, loss: 2.011
2023-01-24 22:37:39.972 | INFO     | algorithms.algorithm_base:run_base_task_metrics:144 - Running metrics: Task 30
2023-01-24 22:37:39.999 | INFO     | experiments.finalised_novel_impl_et_only:generate_embeddings:411 - Generating fresh mean embedding vectors
2023-01-24 22:38:19.526 | DEBUG    | experiments.finalised_novel_impl_et_only:generate_embeddings:444 - Generated mean embedding vectors for: dict_keys([27, 4, 36, 58, 68, 51, 29, 3, 35, 9, 12, 16, 41, 92, 85, 44, 43, 69, 82, 49, 57, 73, 96, 17, 97, 25, 47, 98, 40, 37, 24, 74, 14, 23, 63, 93, 67, 95, 22, 66, 0, 34, 28, 1, 33, 50, 52, 65, 13, 77, 81, 62, 15, 71, 54, 18, 86, 64, 26, 70, 39, 42, 78, 88, 30, 91, 87, 53, 84, 61, 20, 94, 31, 10, 56, 90, 45, 48, 60, 38, 46, 7, 80, 32, 19, 75, 5, 8, 83, 59, 6, 76, 2, 79, 11, 55, 99, 72, 89, 21])
2023-01-24 22:39:36.975 | DEBUG    | algorithms.algorithm_base:run_base_task_metrics:200 - Raw classification accuracy results saved to ./output/novel_et/1674597249.6034975_CIFAR100_OFFICIAL_RUN/task_30_accuracy_results.json
2023-01-24 22:39:36.976 | INFO     | algorithms.algorithm_base:run_base_task_metrics:201 - Correctly classified 7143 / 10000 samples (71.43% correct)
2023-01-24 22:39:37.415 | INFO     | experiments.finalised_novel_impl_et_only:train:326 - Starting epoch 31 / 70
2023-01-24 22:39:57.667 | INFO     | experiments.finalised_novel_impl_et_only:train:377 - 31:40, loss: 2.593
2023-01-24 22:40:17.434 | INFO     | experiments.finalised_novel_impl_et_only:train:377 - 31:80, loss: 2.677
2023-01-24 22:40:37.188 | INFO     | experiments.finalised_novel_impl_et_only:train:377 - 31:120, loss: 1.983
2023-01-24 22:40:54.610 | INFO     | experiments.finalised_novel_impl_et_only:train:388 - 31, loss: 2.375
2023-01-24 22:40:54.611 | INFO     | experiments.finalised_novel_impl_et_only:train:326 - Starting epoch 32 / 70
2023-01-24 22:41:15.194 | INFO     | experiments.finalised_novel_impl_et_only:train:377 - 32:40, loss: 1.179
2023-01-24 22:41:35.923 | INFO     | experiments.finalised_novel_impl_et_only:train:377 - 32:80, loss: 1.354
2023-01-24 22:41:56.114 | INFO     | experiments.finalised_novel_impl_et_only:train:377 - 32:120, loss: 1.104
2023-01-24 22:41:56.116 | WARNING  | experiments.finalised_novel_impl_et_only:train:385 - Sim: First: 0.0% Relud: 0.0%
2023-01-24 22:42:13.757 | INFO     | experiments.finalised_novel_impl_et_only:train:388 - 32, loss: 1.225
2023-01-24 22:42:13.758 | INFO     | experiments.finalised_novel_impl_et_only:train:326 - Starting epoch 33 / 70
2023-01-24 22:42:34.559 | INFO     | experiments.finalised_novel_impl_et_only:train:377 - 33:40, loss: 1.245
2023-01-24 22:42:54.876 | INFO     | experiments.finalised_novel_impl_et_only:train:377 - 33:80, loss: 1.407
2023-01-24 22:43:15.680 | INFO     | experiments.finalised_novel_impl_et_only:train:377 - 33:120, loss: 1.162
2023-01-24 22:43:33.830 | INFO     | experiments.finalised_novel_impl_et_only:train:388 - 33, loss: 1.282
2023-01-24 22:43:33.831 | INFO     | experiments.finalised_novel_impl_et_only:train:326 - Starting epoch 34 / 70
2023-01-24 22:43:54.660 | INFO     | experiments.finalised_novel_impl_et_only:train:377 - 34:40, loss: 1.167
2023-01-24 22:44:14.854 | INFO     | experiments.finalised_novel_impl_et_only:train:377 - 34:80, loss: 1.292
2023-01-24 22:44:34.969 | INFO     | experiments.finalised_novel_impl_et_only:train:377 - 34:120, loss: 1.056
2023-01-24 22:44:52.993 | INFO     | experiments.finalised_novel_impl_et_only:train:388 - 34, loss: 1.192
2023-01-24 22:44:52.994 | INFO     | experiments.finalised_novel_impl_et_only:train:326 - Starting epoch 35 / 70
2023-01-24 22:45:13.847 | INFO     | experiments.finalised_novel_impl_et_only:train:377 - 35:40, loss: 1.141
2023-01-24 22:45:34.562 | INFO     | experiments.finalised_novel_impl_et_only:train:377 - 35:80, loss: 1.286
2023-01-24 22:45:54.822 | INFO     | experiments.finalised_novel_impl_et_only:train:377 - 35:120, loss: 1.041
2023-01-24 22:46:12.246 | INFO     | experiments.finalised_novel_impl_et_only:train:388 - 35, loss: 1.175
2023-01-24 22:46:12.247 | INFO     | experiments.finalised_novel_impl_et_only:train:326 - Starting epoch 36 / 70
2023-01-24 22:46:32.538 | INFO     | experiments.finalised_novel_impl_et_only:train:377 - 36:40, loss: 1.116
2023-01-24 22:46:52.457 | INFO     | experiments.finalised_novel_impl_et_only:train:377 - 36:80, loss: 1.267
2023-01-24 22:47:12.146 | INFO     | experiments.finalised_novel_impl_et_only:train:377 - 36:120, loss: 1.017
2023-01-24 22:47:29.507 | INFO     | experiments.finalised_novel_impl_et_only:train:388 - 36, loss: 1.141
2023-01-24 22:47:29.508 | INFO     | experiments.finalised_novel_impl_et_only:train:326 - Starting epoch 37 / 70
2023-01-24 22:47:49.705 | INFO     | experiments.finalised_novel_impl_et_only:train:377 - 37:40, loss: 1.104
2023-01-24 22:48:09.395 | INFO     | experiments.finalised_novel_impl_et_only:train:377 - 37:80, loss: 1.223
2023-01-24 22:48:29.096 | INFO     | experiments.finalised_novel_impl_et_only:train:377 - 37:120, loss: 0.966
2023-01-24 22:48:46.465 | INFO     | experiments.finalised_novel_impl_et_only:train:388 - 37, loss: 1.113
2023-01-24 22:48:46.466 | INFO     | experiments.finalised_novel_impl_et_only:train:326 - Starting epoch 38 / 70
2023-01-24 22:49:06.644 | INFO     | experiments.finalised_novel_impl_et_only:train:377 - 38:40, loss: 1.060
2023-01-24 22:49:26.322 | INFO     | experiments.finalised_novel_impl_et_only:train:377 - 38:80, loss: 1.164
2023-01-24 22:49:46.026 | INFO     | experiments.finalised_novel_impl_et_only:train:377 - 38:120, loss: 0.929
2023-01-24 22:50:03.395 | INFO     | experiments.finalised_novel_impl_et_only:train:388 - 38, loss: 1.065
2023-01-24 22:50:03.396 | INFO     | experiments.finalised_novel_impl_et_only:train:326 - Starting epoch 39 / 70
2023-01-24 22:50:23.565 | INFO     | experiments.finalised_novel_impl_et_only:train:377 - 39:40, loss: 1.013
2023-01-24 22:50:43.260 | INFO     | experiments.finalised_novel_impl_et_only:train:377 - 39:80, loss: 1.111
2023-01-24 22:51:02.946 | INFO     | experiments.finalised_novel_impl_et_only:train:377 - 39:120, loss: 0.864
2023-01-24 22:51:20.310 | INFO     | experiments.finalised_novel_impl_et_only:train:388 - 39, loss: 1.011
2023-01-24 22:51:20.311 | INFO     | experiments.finalised_novel_impl_et_only:train:326 - Starting epoch 40 / 70
2023-01-24 22:51:40.499 | INFO     | experiments.finalised_novel_impl_et_only:train:377 - 40:40, loss: 0.997
2023-01-24 22:52:00.200 | INFO     | experiments.finalised_novel_impl_et_only:train:377 - 40:80, loss: 1.105
2023-01-24 22:52:19.889 | INFO     | experiments.finalised_novel_impl_et_only:train:377 - 40:120, loss: 0.884
2023-01-24 22:52:19.891 | WARNING  | experiments.finalised_novel_impl_et_only:train:385 - Sim: First: 0.0% Relud: 0.0%
2023-01-24 22:52:37.264 | INFO     | experiments.finalised_novel_impl_et_only:train:388 - 40, loss: 1.011
2023-01-24 22:52:37.265 | INFO     | algorithms.algorithm_base:run_base_task_metrics:144 - Running metrics: Task 40
2023-01-24 22:52:37.290 | INFO     | experiments.finalised_novel_impl_et_only:generate_embeddings:411 - Generating fresh mean embedding vectors
2023-01-24 22:53:15.900 | DEBUG    | experiments.finalised_novel_impl_et_only:generate_embeddings:444 - Generated mean embedding vectors for: dict_keys([27, 4, 36, 58, 68, 51, 29, 3, 35, 9, 12, 16, 41, 92, 85, 44, 43, 69, 82, 49, 57, 73, 96, 17, 97, 25, 47, 98, 40, 37, 24, 74, 14, 23, 63, 93, 67, 95, 22, 66, 0, 34, 28, 1, 33, 50, 52, 65, 13, 77, 81, 62, 15, 71, 54, 18, 86, 64, 26, 70, 39, 42, 78, 88, 30, 91, 87, 53, 84, 61, 20, 94, 31, 10, 56, 90, 45, 48, 60, 38, 46, 7, 80, 32, 19, 75, 5, 8, 83, 59, 6, 76, 2, 79, 11, 55, 99, 72, 89, 21])
2023-01-24 22:54:33.090 | DEBUG    | algorithms.algorithm_base:run_base_task_metrics:200 - Raw classification accuracy results saved to ./output/novel_et/1674597249.6034975_CIFAR100_OFFICIAL_RUN/task_40_accuracy_results.json
2023-01-24 22:54:33.091 | INFO     | algorithms.algorithm_base:run_base_task_metrics:201 - Correctly classified 7154 / 10000 samples (71.54% correct)
2023-01-24 22:54:33.464 | INFO     | experiments.finalised_novel_impl_et_only:train:326 - Starting epoch 41 / 70
2023-01-24 22:54:53.652 | INFO     | experiments.finalised_novel_impl_et_only:train:377 - 41:40, loss: 1.002
2023-01-24 22:55:13.333 | INFO     | experiments.finalised_novel_impl_et_only:train:377 - 41:80, loss: 1.055
2023-01-24 22:55:33.028 | INFO     | experiments.finalised_novel_impl_et_only:train:377 - 41:120, loss: 0.888
2023-01-24 22:55:50.388 | INFO     | experiments.finalised_novel_impl_et_only:train:388 - 41, loss: 0.996
2023-01-24 22:55:50.389 | INFO     | experiments.finalised_novel_impl_et_only:train:326 - Starting epoch 42 / 70
2023-01-24 22:55:52.480 | ERROR    | __main__:main:323 - An error has been caught in function 'main', process 'MainProcess' (18312), thread 'MainThread' (15248):
Traceback (most recent call last):

  File "F:\Documents\Development\GitHub\advanced-project\Code\result_generator.py", line 329, in <module>
    main()
    └ <function main at 0x00000263EC1EF400>

> File "F:\Documents\Development\GitHub\advanced-project\Code\result_generator.py", line 324, in main
    run_experiment(config, algorithm_setup, device, model, directory, writer)
    │              │       │                │       │      │          └ <torch.utils.tensorboard.writer.SummaryWriter object at 0x00000263E6102C20>
    │              │       │                │       │      └ './output/novel_et/1674597249.6034975_CIFAR100_OFFICIAL_RUN'
    │              │       │                │       └ ResNet(
    │              │       │                │           (initial): ConvBlock(
    │              │       │                │             (block): Sequential(
    │              │       │                │               (0): Conv2d(3, 16, kernel_size=(3, 3), stride=(1, 1), padding=...
    │              │       │                └ device(type='cuda', index=0)
    │              │       └ AlgorithmSetup(algorithm=<class 'experiments.finalised_novel_impl_et_only.NovelImplementationETOnly'>, options={}, reduced_mo...
    │              └ Configuration(algorithm='novel_et', dataset='cifar100', classes_per_task=20, seed=2001)
    └ <function run_experiment at 0x00000263EC1EF370>

  File "F:\Documents\Development\GitHub\advanced-project\Code\result_generator.py", line 269, in run_experiment
    algorithm.train()
    │         └ <function NovelImplementationETOnly.train at 0x00000263E60ECCA0>
    └ <experiments.finalised_novel_impl_et_only.NovelImplementationETOnly object at 0x00000263E60E9D20>

  File "F:\Documents\Development\GitHub\advanced-project\Code\experiments\finalised_novel_impl_et_only.py", line 373, in train
    running_loss += loss.item()
    │               │    └ <method 'item' of 'torch._C._TensorBase' objects>
    │               └ tensor(0.7556, device='cuda:0', grad_fn=<NllLossBackward0>)
    └ 4.790130019187927

KeyboardInterrupt
2023-01-24 22:55:52.508 | INFO     | __main__:close_tensorboard_writer:234 - Shut down TensorBoard
