2023-02-07 10:27:17.745 | INFO     | __main__:setup_files:209 - Experiment Name: OFFICIAL_RUN
2023-02-07 10:27:17.747 | INFO     | __main__:main:323 - Command line arguments: Configuration(algorithm='scr', dataset='cifar10', classes_per_task=2, seed=9767, samples=500)
2023-02-07 10:27:17.749 | INFO     | __main__:main:327 - Seeded random to 9767
2023-02-07 10:27:17.749 | INFO     | __main__:main:331 - Got CUDA device
2023-02-07 10:27:17.750 | INFO     | __main__:force_cuda_load:259 - Forcing CUDA initialisation...
2023-02-07 10:27:17.805 | INFO     | __main__:main:335 - CUDA initialised
2023-02-07 10:27:17.806 | INFO     | __main__:setup_shutdown_hook:255 - To access TensorBoard, run the command: tensorboard --logdir=./output_cifar10_varying/scr/1675765637.7412953_CIFAR10_OFFICIAL_RUN
2023-02-07 10:27:17.807 | INFO     | __main__:main:339 - Setup shutdown hooks
2023-02-07 10:27:17.831 | INFO     | __main__:main:344 - Model is setup
2023-02-07 10:27:17.832 | INFO     | __main__:main:346 - Complete pre-setup, starting experiment
2023-02-07 10:27:19.031 | INFO     | datasets.dataset_base:__init__:80 - Using disjoint tasks with 2 (5 tasks) with a randomised split
2023-02-07 10:27:19.033 | DEBUG    | datasets.dataset_base:_setup_task_datasets:95 - Splitting dataset into 5 disjoint tasks
2023-02-07 10:27:19.052 | INFO     | datasets.dataset_base:__init__:85 - {
  "name": "datasets.cifar10.CIFAR10",
  "dataset_class": "torchvision.datasets.cifar.CIFAR10",
  "training_dataset_parameters": "{'train': True, 'download': True}",
  "testing_dataset_parameters": "{'train': False, 'download': True}",
  "training_transform": "Compose(\n    Resize(size=(32, 32), interpolation=bilinear, max_size=None, antialias=None)\n    ToTensor()\n    Normalize(mean=(0.4914, 0.4822, 0.4465), std=(0.247, 0.2435, 0.2616))\n    RandomCrop(size=(32, 32), padding=4)\n    RandomHorizontalFlip(p=0.5)\n)",
  "testing_transform": "Compose(\n    Resize(size=(32, 32), interpolation=bilinear, max_size=None, antialias=None)\n    ToTensor()\n    Normalize(mean=(0.4914, 0.4822, 0.4465), std=(0.247, 0.2435, 0.2616))\n)",
  "classes": "plane, car, bird, cat, deer, dog, frog, horse, ship, truck",
  "disjoint": true,
  "task_count": 5,
  "classes_per_task": [
    2
  ],
  "task_split_indices": [
    [
      0,
      6
    ],
    [
      4,
      5
    ],
    [
      7,
      2
    ],
    [
      1,
      3
    ],
    [
      9,
      8
    ]
  ],
  "task_split_classes": [
    [
      "plane",
      "frog"
    ],
    [
      "deer",
      "dog"
    ],
    [
      "horse",
      "bird"
    ],
    [
      "car",
      "cat"
    ],
    [
      "truck",
      "ship"
    ]
  ]
}
2023-02-07 10:27:19.074 | DEBUG    | __main__:run_experiment:283 - PID: 13800
2023-02-07 10:27:19.076 | INFO     | __main__:run_experiment:285 - Starting...
2023-02-07 10:27:19.077 | INFO     | algorithms.algorithm_base:train:116 - {
  "name": "algorithms.scr.SupervisedContrastiveReplay",
  "model_class": "models.scr.scr_resnet.SupConResNet",
  "device": "cuda:0",
  "dataset_class": "datasets.cifar10.CIFAR10",
  "optimiser_class": "torch.optim.sgd.SGD",
  "loss_criterion_class": "torch.nn.modules.loss.CrossEntropyLoss",
  "epochs_per_task": 1,
  "batch_size": 10,
  "max_memory_samples": 500,
  "memory_batch_size": 100,
  "tau (temperature)": 0.07,
  "lr": 0.1
}
2023-02-07 10:27:19.078 | DEBUG    | algorithms.algorithm_base:_setup_training:109 - Model moved to cuda:0 and set to train mode
2023-02-07 10:27:19.079 | INFO     | algorithms.algorithm_base:train:118 - Starting training
2023-02-07 10:27:19.080 | INFO     | algorithms.scr:train:126 - Task 1 / 5
2023-02-07 10:27:19.081 | INFO     | algorithms.scr:train:127 - Classes in task: ['plane', 'frog']
2023-02-07 10:27:19.082 | INFO     | algorithms.scr:train:134 - Starting epoch 1 / 1
2023-02-07 10:27:28.914 | INFO     | algorithms.scr:train:180 - 0:1:40, loss: 4.097
2023-02-07 10:27:38.810 | INFO     | algorithms.scr:train:180 - 0:1:80, loss: 5.203
2023-02-07 10:27:48.695 | INFO     | algorithms.scr:train:180 - 0:1:120, loss: 5.141
2023-02-07 10:27:58.597 | INFO     | algorithms.scr:train:180 - 0:1:160, loss: 5.155
2023-02-07 10:28:08.745 | INFO     | algorithms.scr:train:180 - 0:1:200, loss: 5.119
2023-02-07 10:28:19.026 | INFO     | algorithms.scr:train:180 - 0:1:240, loss: 5.082
2023-02-07 10:28:29.301 | INFO     | algorithms.scr:train:180 - 0:1:280, loss: 5.061
2023-02-07 10:28:39.552 | INFO     | algorithms.scr:train:180 - 0:1:320, loss: 5.045
2023-02-07 10:28:49.805 | INFO     | algorithms.scr:train:180 - 0:1:360, loss: 5.059
2023-02-07 10:29:00.098 | INFO     | algorithms.scr:train:180 - 0:1:400, loss: 5.032
2023-02-07 10:29:10.367 | INFO     | algorithms.scr:train:180 - 0:1:440, loss: 4.992
2023-02-07 10:29:20.628 | INFO     | algorithms.scr:train:180 - 0:1:480, loss: 4.970
2023-02-07 10:29:30.895 | INFO     | algorithms.scr:train:180 - 0:1:520, loss: 5.029
2023-02-07 10:29:41.164 | INFO     | algorithms.scr:train:180 - 0:1:560, loss: 5.032
2023-02-07 10:29:51.476 | INFO     | algorithms.scr:train:180 - 0:1:600, loss: 5.011
2023-02-07 10:30:01.764 | INFO     | algorithms.scr:train:180 - 0:1:640, loss: 5.008
2023-02-07 10:30:12.034 | INFO     | algorithms.scr:train:180 - 0:1:680, loss: 4.972
2023-02-07 10:30:22.271 | INFO     | algorithms.scr:train:180 - 0:1:720, loss: 4.987
2023-02-07 10:30:32.559 | INFO     | algorithms.scr:train:180 - 0:1:760, loss: 4.977
2023-02-07 10:30:42.807 | INFO     | algorithms.scr:train:180 - 0:1:800, loss: 4.970
2023-02-07 10:30:53.062 | INFO     | algorithms.scr:train:180 - 0:1:840, loss: 4.987
2023-02-07 10:31:03.342 | INFO     | algorithms.scr:train:180 - 0:1:880, loss: 4.968
2023-02-07 10:31:13.619 | INFO     | algorithms.scr:train:180 - 0:1:920, loss: 4.959
2023-02-07 10:31:23.920 | INFO     | algorithms.scr:train:180 - 0:1:960, loss: 4.948
2023-02-07 10:31:33.935 | DEBUG    | algorithms.scr:train:183 - Current sample stats:
2023-02-07 10:31:33.936 | DEBUG    | algorithms.scr:train:186 - 6 has 250 samples
2023-02-07 10:31:33.937 | DEBUG    | algorithms.scr:train:186 - 0 has 250 samples
2023-02-07 10:31:33.937 | INFO     | algorithms.scr:train:192 - 1, loss: 4.991
2023-02-07 10:31:33.938 | INFO     | algorithms.algorithm_base:run_base_task_metrics:144 - Running metrics: Task 0
2023-02-07 10:31:33.945 | INFO     | algorithms.scr:classify:209 - Generating fresh mean embedding vectors
2023-02-07 10:31:35.286 | DEBUG    | algorithms.scr:classify:231 - Generated mean embedding vectors for: dict_keys([6, 0])
2023-02-07 10:32:02.690 | DEBUG    | algorithms.algorithm_base:run_base_task_metrics:200 - Raw classification accuracy results saved to ./output_cifar10_varying/scr/1675765637.7412953_CIFAR10_OFFICIAL_RUN/task_0_accuracy_results.json
2023-02-07 10:32:02.692 | INFO     | algorithms.algorithm_base:run_base_task_metrics:201 - Correctly classified 1930 / 10000 samples (19.30% correct)
2023-02-07 10:32:02.880 | INFO     | algorithms.scr:train:126 - Task 2 / 5
2023-02-07 10:32:02.884 | INFO     | algorithms.scr:train:127 - Classes in task: ['deer', 'dog']
2023-02-07 10:32:02.885 | INFO     | algorithms.scr:train:134 - Starting epoch 1 / 1
2023-02-07 10:32:13.399 | INFO     | algorithms.scr:train:180 - 1:1:40, loss: 5.195
2023-02-07 10:32:23.622 | INFO     | algorithms.scr:train:180 - 1:1:80, loss: 5.088
2023-02-07 10:32:33.873 | INFO     | algorithms.scr:train:180 - 1:1:120, loss: 5.081
2023-02-07 10:32:44.173 | INFO     | algorithms.scr:train:180 - 1:1:160, loss: 5.063
2023-02-07 10:32:54.436 | INFO     | algorithms.scr:train:180 - 1:1:200, loss: 5.063
2023-02-07 10:33:04.724 | INFO     | algorithms.scr:train:180 - 1:1:240, loss: 4.999
2023-02-07 10:33:15.062 | INFO     | algorithms.scr:train:180 - 1:1:280, loss: 4.986
2023-02-07 10:33:25.330 | INFO     | algorithms.scr:train:180 - 1:1:320, loss: 4.990
2023-02-07 10:33:35.618 | INFO     | algorithms.scr:train:180 - 1:1:360, loss: 4.940
2023-02-07 10:33:45.916 | INFO     | algorithms.scr:train:180 - 1:1:400, loss: 4.898
2023-02-07 10:33:56.208 | INFO     | algorithms.scr:train:180 - 1:1:440, loss: 4.892
2023-02-07 10:34:06.512 | INFO     | algorithms.scr:train:180 - 1:1:480, loss: 4.864
2023-02-07 10:34:16.812 | INFO     | algorithms.scr:train:180 - 1:1:520, loss: 4.830
2023-02-07 10:34:27.107 | INFO     | algorithms.scr:train:180 - 1:1:560, loss: 4.861
2023-02-07 10:34:37.408 | INFO     | algorithms.scr:train:180 - 1:1:600, loss: 4.817
2023-02-07 10:34:47.698 | INFO     | algorithms.scr:train:180 - 1:1:640, loss: 4.829
2023-02-07 10:34:58.069 | INFO     | algorithms.scr:train:180 - 1:1:680, loss: 4.811
2023-02-07 10:35:08.413 | INFO     | algorithms.scr:train:180 - 1:1:720, loss: 4.794
2023-02-07 10:35:18.649 | INFO     | algorithms.scr:train:180 - 1:1:760, loss: 4.770
2023-02-07 10:35:28.878 | INFO     | algorithms.scr:train:180 - 1:1:800, loss: 4.764
2023-02-07 10:35:39.167 | INFO     | algorithms.scr:train:180 - 1:1:840, loss: 4.765
2023-02-07 10:35:49.419 | INFO     | algorithms.scr:train:180 - 1:1:880, loss: 4.723
2023-02-07 10:35:59.686 | INFO     | algorithms.scr:train:180 - 1:1:920, loss: 4.721
2023-02-07 10:36:09.928 | INFO     | algorithms.scr:train:180 - 1:1:960, loss: 4.726
2023-02-07 10:36:19.913 | DEBUG    | algorithms.scr:train:183 - Current sample stats:
2023-02-07 10:36:19.914 | DEBUG    | algorithms.scr:train:186 - 6 has 125 samples
2023-02-07 10:36:19.915 | DEBUG    | algorithms.scr:train:186 - 0 has 125 samples
2023-02-07 10:36:19.916 | DEBUG    | algorithms.scr:train:186 - 5 has 125 samples
2023-02-07 10:36:19.916 | DEBUG    | algorithms.scr:train:186 - 4 has 125 samples
2023-02-07 10:36:19.917 | INFO     | algorithms.scr:train:192 - 1, loss: 4.888
2023-02-07 10:36:19.918 | INFO     | algorithms.algorithm_base:run_base_task_metrics:144 - Running metrics: Task 1
2023-02-07 10:36:19.925 | INFO     | algorithms.scr:classify:209 - Generating fresh mean embedding vectors
2023-02-07 10:36:21.235 | DEBUG    | algorithms.scr:classify:231 - Generated mean embedding vectors for: dict_keys([6, 0, 5, 4])
2023-02-07 10:36:51.434 | DEBUG    | algorithms.algorithm_base:run_base_task_metrics:200 - Raw classification accuracy results saved to ./output_cifar10_varying/scr/1675765637.7412953_CIFAR10_OFFICIAL_RUN/task_1_accuracy_results.json
2023-02-07 10:36:51.436 | INFO     | algorithms.algorithm_base:run_base_task_metrics:201 - Correctly classified 2993 / 10000 samples (29.93% correct)
2023-02-07 10:36:51.766 | INFO     | algorithms.scr:train:126 - Task 3 / 5
2023-02-07 10:36:51.770 | INFO     | algorithms.scr:train:127 - Classes in task: ['horse', 'bird']
2023-02-07 10:36:51.771 | INFO     | algorithms.scr:train:134 - Starting epoch 1 / 1
2023-02-07 10:37:02.326 | INFO     | algorithms.scr:train:180 - 2:1:40, loss: 5.015
2023-02-07 10:37:12.576 | INFO     | algorithms.scr:train:180 - 2:1:80, loss: 4.900
2023-02-07 10:37:22.822 | INFO     | algorithms.scr:train:180 - 2:1:120, loss: 4.882
2023-02-07 10:37:33.080 | INFO     | algorithms.scr:train:180 - 2:1:160, loss: 4.868
2023-02-07 10:37:43.317 | INFO     | algorithms.scr:train:180 - 2:1:200, loss: 4.833
2023-02-07 10:37:53.580 | INFO     | algorithms.scr:train:180 - 2:1:240, loss: 4.802
2023-02-07 10:38:03.841 | INFO     | algorithms.scr:train:180 - 2:1:280, loss: 4.793
2023-02-07 10:38:14.104 | INFO     | algorithms.scr:train:180 - 2:1:320, loss: 4.743
2023-02-07 10:38:24.341 | INFO     | algorithms.scr:train:180 - 2:1:360, loss: 4.726
2023-02-07 10:38:34.604 | INFO     | algorithms.scr:train:180 - 2:1:400, loss: 4.689
2023-02-07 10:38:44.859 | INFO     | algorithms.scr:train:180 - 2:1:440, loss: 4.655
2023-02-07 10:38:55.112 | INFO     | algorithms.scr:train:180 - 2:1:480, loss: 4.671
2023-02-07 10:39:05.357 | INFO     | algorithms.scr:train:180 - 2:1:520, loss: 4.605
2023-02-07 10:39:15.598 | INFO     | algorithms.scr:train:180 - 2:1:560, loss: 4.573
2023-02-07 10:39:25.869 | INFO     | algorithms.scr:train:180 - 2:1:600, loss: 4.591
2023-02-07 10:39:36.137 | INFO     | algorithms.scr:train:180 - 2:1:640, loss: 4.582
2023-02-07 10:39:46.384 | INFO     | algorithms.scr:train:180 - 2:1:680, loss: 4.543
2023-02-07 10:39:56.642 | INFO     | algorithms.scr:train:180 - 2:1:720, loss: 4.557
2023-02-07 10:40:06.890 | INFO     | algorithms.scr:train:180 - 2:1:760, loss: 4.530
2023-02-07 10:40:17.159 | INFO     | algorithms.scr:train:180 - 2:1:800, loss: 4.510
2023-02-07 10:40:27.400 | INFO     | algorithms.scr:train:180 - 2:1:840, loss: 4.510
2023-02-07 10:40:37.636 | INFO     | algorithms.scr:train:180 - 2:1:880, loss: 4.510
2023-02-07 10:40:47.908 | INFO     | algorithms.scr:train:180 - 2:1:920, loss: 4.500
2023-02-07 10:40:58.171 | INFO     | algorithms.scr:train:180 - 2:1:960, loss: 4.466
2023-02-07 10:41:08.199 | DEBUG    | algorithms.scr:train:183 - Current sample stats:
2023-02-07 10:41:08.200 | DEBUG    | algorithms.scr:train:186 - 6 has 83 samples
2023-02-07 10:41:08.200 | DEBUG    | algorithms.scr:train:186 - 0 has 83 samples
2023-02-07 10:41:08.201 | DEBUG    | algorithms.scr:train:186 - 5 has 83 samples
2023-02-07 10:41:08.202 | DEBUG    | algorithms.scr:train:186 - 4 has 83 samples
2023-02-07 10:41:08.202 | DEBUG    | algorithms.scr:train:186 - 7 has 84 samples
2023-02-07 10:41:08.203 | DEBUG    | algorithms.scr:train:186 - 2 has 84 samples
2023-02-07 10:41:08.204 | INFO     | algorithms.scr:train:192 - 1, loss: 4.661
2023-02-07 10:41:08.205 | INFO     | algorithms.algorithm_base:run_base_task_metrics:144 - Running metrics: Task 2
2023-02-07 10:41:08.212 | INFO     | algorithms.scr:classify:209 - Generating fresh mean embedding vectors
2023-02-07 10:41:09.519 | DEBUG    | algorithms.scr:classify:231 - Generated mean embedding vectors for: dict_keys([6, 0, 5, 4, 7, 2])
2023-02-07 10:41:41.698 | DEBUG    | algorithms.algorithm_base:run_base_task_metrics:200 - Raw classification accuracy results saved to ./output_cifar10_varying/scr/1675765637.7412953_CIFAR10_OFFICIAL_RUN/task_2_accuracy_results.json
2023-02-07 10:41:41.700 | INFO     | algorithms.algorithm_base:run_base_task_metrics:201 - Correctly classified 4007 / 10000 samples (40.07% correct)
2023-02-07 10:41:41.832 | INFO     | algorithms.scr:train:126 - Task 4 / 5
2023-02-07 10:41:41.836 | INFO     | algorithms.scr:train:127 - Classes in task: ['car', 'cat']
2023-02-07 10:41:41.836 | INFO     | algorithms.scr:train:134 - Starting epoch 1 / 1
2023-02-07 10:41:52.337 | INFO     | algorithms.scr:train:180 - 3:1:40, loss: 4.707
2023-02-07 10:42:02.575 | INFO     | algorithms.scr:train:180 - 3:1:80, loss: 4.526
2023-02-07 10:42:12.813 | INFO     | algorithms.scr:train:180 - 3:1:120, loss: 4.443
2023-02-07 10:42:23.104 | INFO     | algorithms.scr:train:180 - 3:1:160, loss: 4.413
2023-02-07 10:42:33.329 | INFO     | algorithms.scr:train:180 - 3:1:200, loss: 4.383
2023-02-07 10:42:43.588 | INFO     | algorithms.scr:train:180 - 3:1:240, loss: 4.340
2023-02-07 10:42:53.804 | INFO     | algorithms.scr:train:180 - 3:1:280, loss: 4.302
2023-02-07 10:43:04.057 | INFO     | algorithms.scr:train:180 - 3:1:320, loss: 4.294
2023-02-07 10:43:14.320 | INFO     | algorithms.scr:train:180 - 3:1:360, loss: 4.248
2023-02-07 10:43:24.566 | INFO     | algorithms.scr:train:180 - 3:1:400, loss: 4.225
2023-02-07 10:43:34.822 | INFO     | algorithms.scr:train:180 - 3:1:440, loss: 4.226
2023-02-07 10:43:45.075 | INFO     | algorithms.scr:train:180 - 3:1:480, loss: 4.214
2023-02-07 10:43:55.316 | INFO     | algorithms.scr:train:180 - 3:1:520, loss: 4.220
2023-02-07 10:44:05.587 | INFO     | algorithms.scr:train:180 - 3:1:560, loss: 4.178
2023-02-07 10:44:15.838 | INFO     | algorithms.scr:train:180 - 3:1:600, loss: 4.164
2023-02-07 10:44:26.086 | INFO     | algorithms.scr:train:180 - 3:1:640, loss: 4.162
2023-02-07 10:44:36.337 | INFO     | algorithms.scr:train:180 - 3:1:680, loss: 4.131
2023-02-07 10:44:46.572 | INFO     | algorithms.scr:train:180 - 3:1:720, loss: 4.117
2023-02-07 10:44:56.858 | INFO     | algorithms.scr:train:180 - 3:1:760, loss: 4.125
2023-02-07 10:45:07.121 | INFO     | algorithms.scr:train:180 - 3:1:800, loss: 4.105
2023-02-07 10:45:17.378 | INFO     | algorithms.scr:train:180 - 3:1:840, loss: 4.094
2023-02-07 10:45:27.640 | INFO     | algorithms.scr:train:180 - 3:1:880, loss: 4.075
2023-02-07 10:45:37.877 | INFO     | algorithms.scr:train:180 - 3:1:920, loss: 4.074
2023-02-07 10:45:48.112 | INFO     | algorithms.scr:train:180 - 3:1:960, loss: 4.048
2023-02-07 10:45:58.086 | DEBUG    | algorithms.scr:train:183 - Current sample stats:
2023-02-07 10:45:58.087 | DEBUG    | algorithms.scr:train:186 - 6 has 62 samples
2023-02-07 10:45:58.087 | DEBUG    | algorithms.scr:train:186 - 0 has 62 samples
2023-02-07 10:45:58.088 | DEBUG    | algorithms.scr:train:186 - 5 has 62 samples
2023-02-07 10:45:58.089 | DEBUG    | algorithms.scr:train:186 - 4 has 62 samples
2023-02-07 10:45:58.090 | DEBUG    | algorithms.scr:train:186 - 7 has 63 samples
2023-02-07 10:45:58.090 | DEBUG    | algorithms.scr:train:186 - 2 has 63 samples
2023-02-07 10:45:58.091 | DEBUG    | algorithms.scr:train:186 - 1 has 63 samples
2023-02-07 10:45:58.092 | DEBUG    | algorithms.scr:train:186 - 3 has 63 samples
2023-02-07 10:45:58.093 | INFO     | algorithms.scr:train:192 - 1, loss: 4.236
2023-02-07 10:45:58.093 | INFO     | algorithms.algorithm_base:run_base_task_metrics:144 - Running metrics: Task 3
2023-02-07 10:45:58.100 | INFO     | algorithms.scr:classify:209 - Generating fresh mean embedding vectors
2023-02-07 10:45:59.430 | DEBUG    | algorithms.scr:classify:231 - Generated mean embedding vectors for: dict_keys([6, 0, 5, 4, 7, 2, 1, 3])
2023-02-07 10:46:33.949 | DEBUG    | algorithms.algorithm_base:run_base_task_metrics:200 - Raw classification accuracy results saved to ./output_cifar10_varying/scr/1675765637.7412953_CIFAR10_OFFICIAL_RUN/task_3_accuracy_results.json
2023-02-07 10:46:33.951 | INFO     | algorithms.algorithm_base:run_base_task_metrics:201 - Correctly classified 4494 / 10000 samples (44.94% correct)
2023-02-07 10:46:34.082 | INFO     | algorithms.scr:train:126 - Task 5 / 5
2023-02-07 10:46:34.087 | INFO     | algorithms.scr:train:127 - Classes in task: ['truck', 'ship']
2023-02-07 10:46:34.088 | INFO     | algorithms.scr:train:134 - Starting epoch 1 / 1
2023-02-07 10:46:44.593 | INFO     | algorithms.scr:train:180 - 4:1:40, loss: 4.295
2023-02-07 10:46:54.870 | INFO     | algorithms.scr:train:180 - 4:1:80, loss: 4.131
2023-02-07 10:47:05.109 | INFO     | algorithms.scr:train:180 - 4:1:120, loss: 4.125
2023-02-07 10:47:15.337 | INFO     | algorithms.scr:train:180 - 4:1:160, loss: 4.088
2023-02-07 10:47:25.573 | INFO     | algorithms.scr:train:180 - 4:1:200, loss: 4.030
2023-02-07 10:47:35.812 | INFO     | algorithms.scr:train:180 - 4:1:240, loss: 3.988
2023-02-07 10:47:46.059 | INFO     | algorithms.scr:train:180 - 4:1:280, loss: 3.978
2023-02-07 10:47:56.302 | INFO     | algorithms.scr:train:180 - 4:1:320, loss: 3.975
2023-02-07 10:48:06.531 | INFO     | algorithms.scr:train:180 - 4:1:360, loss: 3.924
2023-02-07 10:48:16.750 | INFO     | algorithms.scr:train:180 - 4:1:400, loss: 3.903
2023-02-07 10:48:26.977 | INFO     | algorithms.scr:train:180 - 4:1:440, loss: 3.886
2023-02-07 10:48:37.187 | INFO     | algorithms.scr:train:180 - 4:1:480, loss: 3.873
2023-02-07 10:48:47.399 | INFO     | algorithms.scr:train:180 - 4:1:520, loss: 3.846
2023-02-07 10:48:57.608 | INFO     | algorithms.scr:train:180 - 4:1:560, loss: 3.848
2023-02-07 10:49:07.841 | INFO     | algorithms.scr:train:180 - 4:1:600, loss: 3.835
2023-02-07 10:49:18.073 | INFO     | algorithms.scr:train:180 - 4:1:640, loss: 3.821
2023-02-07 10:49:28.332 | INFO     | algorithms.scr:train:180 - 4:1:680, loss: 3.796
2023-02-07 10:49:38.570 | INFO     | algorithms.scr:train:180 - 4:1:720, loss: 3.779
2023-02-07 10:49:48.807 | INFO     | algorithms.scr:train:180 - 4:1:760, loss: 3.821
2023-02-07 10:49:59.022 | INFO     | algorithms.scr:train:180 - 4:1:800, loss: 3.826
2023-02-07 10:50:09.270 | INFO     | algorithms.scr:train:180 - 4:1:840, loss: 3.782
2023-02-07 10:50:19.612 | INFO     | algorithms.scr:train:180 - 4:1:880, loss: 3.752
2023-02-07 10:50:29.939 | INFO     | algorithms.scr:train:180 - 4:1:920, loss: 3.769
2023-02-07 10:50:40.158 | INFO     | algorithms.scr:train:180 - 4:1:960, loss: 3.752
2023-02-07 10:50:50.245 | DEBUG    | algorithms.scr:train:183 - Current sample stats:
2023-02-07 10:50:50.246 | DEBUG    | algorithms.scr:train:186 - 6 has 50 samples
2023-02-07 10:50:50.247 | DEBUG    | algorithms.scr:train:186 - 0 has 50 samples
2023-02-07 10:50:50.248 | DEBUG    | algorithms.scr:train:186 - 5 has 50 samples
2023-02-07 10:50:50.249 | DEBUG    | algorithms.scr:train:186 - 4 has 50 samples
2023-02-07 10:50:50.249 | DEBUG    | algorithms.scr:train:186 - 7 has 50 samples
2023-02-07 10:50:50.250 | DEBUG    | algorithms.scr:train:186 - 2 has 50 samples
2023-02-07 10:50:50.251 | DEBUG    | algorithms.scr:train:186 - 1 has 50 samples
2023-02-07 10:50:50.252 | DEBUG    | algorithms.scr:train:186 - 3 has 50 samples
2023-02-07 10:50:50.252 | DEBUG    | algorithms.scr:train:186 - 8 has 50 samples
2023-02-07 10:50:50.253 | DEBUG    | algorithms.scr:train:186 - 9 has 50 samples
2023-02-07 10:50:50.254 | INFO     | algorithms.scr:train:192 - 1, loss: 3.903
2023-02-07 10:50:50.255 | INFO     | algorithms.algorithm_base:run_base_task_metrics:144 - Running metrics: Task 4
2023-02-07 10:50:50.262 | INFO     | algorithms.scr:classify:209 - Generating fresh mean embedding vectors
2023-02-07 10:50:51.605 | DEBUG    | algorithms.scr:classify:231 - Generated mean embedding vectors for: dict_keys([6, 0, 5, 4, 7, 2, 1, 3, 8, 9])
2023-02-07 10:51:28.513 | DEBUG    | algorithms.algorithm_base:run_base_task_metrics:200 - Raw classification accuracy results saved to ./output_cifar10_varying/scr/1675765637.7412953_CIFAR10_OFFICIAL_RUN/task_4_accuracy_results.json
2023-02-07 10:51:28.515 | INFO     | algorithms.algorithm_base:run_base_task_metrics:201 - Correctly classified 5794 / 10000 samples (57.94% correct)
2023-02-07 10:51:28.646 | INFO     | algorithms.scr:train:201 - Training complete
2023-02-07 10:51:28.651 | INFO     | __main__:run_experiment:291 - Training and evaluation completed!
2023-02-07 10:51:28.652 | INFO     | __main__:run_experiment:305 - Wrote usage stats to file
2023-02-07 10:51:28.653 | INFO     | __main__:main:352 - Complete
2023-02-07 10:51:28.654 | INFO     | __main__:close_tensorboard_writer:253 - Shut down TensorBoard
