2023-01-27 10:07:43.018 | INFO     | __main__:setup_files:206 - Experiment Name: OFFICIAL_RUN
2023-01-27 10:07:43.019 | INFO     | __main__:main:311 - Command line arguments: Configuration(algorithm='der', dataset='cifar10', classes_per_task=2, seed=2214)
2023-01-27 10:07:43.021 | INFO     | __main__:main:315 - Seeded random to 2214
2023-01-27 10:07:43.022 | INFO     | __main__:main:319 - Got CUDA device
2023-01-27 10:07:43.023 | INFO     | __main__:force_cuda_load:254 - Forcing CUDA initialisation...
2023-01-27 10:07:43.081 | INFO     | __main__:main:323 - CUDA initialised
2023-01-27 10:07:43.082 | INFO     | __main__:setup_shutdown_hook:250 - To access TensorBoard, run the command: tensorboard --logdir=./output_cifar10_5k/der_pp/1674814063.0139632_CIFAR10_OFFICIAL_RUN
2023-01-27 10:07:43.084 | INFO     | __main__:main:327 - Setup shutdown hooks
2023-01-27 10:07:43.206 | INFO     | __main__:main:332 - Model is setup
2023-01-27 10:07:43.208 | INFO     | __main__:main:334 - Complete pre-setup, starting experiment
2023-01-27 10:07:44.379 | INFO     | datasets.dataset_base:__init__:80 - Using disjoint tasks with 2 (5 tasks) with a randomised split
2023-01-27 10:07:44.380 | DEBUG    | datasets.dataset_base:_setup_task_datasets:95 - Splitting dataset into 5 disjoint tasks
2023-01-27 10:07:44.400 | INFO     | datasets.dataset_base:__init__:85 - {
  "name": "datasets.cifar10.CIFAR10",
  "dataset_class": "torchvision.datasets.cifar.CIFAR10",
  "training_dataset_parameters": "{'train': True, 'download': True}",
  "testing_dataset_parameters": "{'train': False, 'download': True}",
  "training_transform": "Compose(\n    Resize(size=(32, 32), interpolation=bilinear, max_size=None, antialias=None)\n    ToTensor()\n    Normalize(mean=(0.4914, 0.4822, 0.4465), std=(0.247, 0.2435, 0.2616))\n    RandomCrop(size=(32, 32), padding=4)\n    RandomHorizontalFlip(p=0.5)\n)",
  "testing_transform": "Compose(\n    Resize(size=(32, 32), interpolation=bilinear, max_size=None, antialias=None)\n    ToTensor()\n    Normalize(mean=(0.4914, 0.4822, 0.4465), std=(0.247, 0.2435, 0.2616))\n)",
  "classes": "plane, car, bird, cat, deer, dog, frog, horse, ship, truck",
  "disjoint": true,
  "task_count": 5,
  "classes_per_task": [
    2
  ],
  "task_split_indices": [
    [
      2,
      0
    ],
    [
      6,
      9
    ],
    [
      5,
      8
    ],
    [
      3,
      1
    ],
    [
      7,
      4
    ]
  ],
  "task_split_classes": [
    [
      "bird",
      "plane"
    ],
    [
      "frog",
      "truck"
    ],
    [
      "dog",
      "ship"
    ],
    [
      "cat",
      "car"
    ],
    [
      "horse",
      "deer"
    ]
  ]
}
2023-01-27 10:07:44.405 | DEBUG    | __main__:run_experiment:278 - PID: 13528
2023-01-27 10:07:44.405 | INFO     | __main__:run_experiment:280 - Starting...
2023-01-27 10:07:44.406 | INFO     | algorithms.algorithm_base:train:116 - {
  "name": "algorithms.der_pp.DarkExperiencePlusPlus",
  "model_class": "models.cifar.resnet.ResNet",
  "device": "cuda:0",
  "dataset_class": "datasets.cifar10.CIFAR10",
  "optimiser_class": "torch.optim.sgd.SGD",
  "loss_criterion_class": "torch.nn.modules.loss.CrossEntropyLoss",
  "epochs_per_task": 1,
  "batch_size": 16,
  "max_memory_samples": 5000,
  "alpha": 0.5,
  "beta": 0
}
2023-01-27 10:07:44.408 | DEBUG    | algorithms.algorithm_base:_setup_training:109 - Model moved to cuda:0 and set to train mode
2023-01-27 10:07:44.409 | INFO     | algorithms.algorithm_base:train:118 - Starting training
2023-01-27 10:07:44.410 | INFO     | algorithms.der_pp:train:86 - Task 1 / 5
2023-01-27 10:07:44.410 | INFO     | algorithms.der_pp:train:87 - Classes in task: ['bird', 'plane']
2023-01-27 10:07:44.411 | INFO     | algorithms.der_pp:train:95 - Starting epoch 1 / 1
2023-01-27 10:07:49.608 | INFO     | algorithms.der_pp:train:159 - 0:1:40, loss: 2.484
2023-01-27 10:07:52.184 | INFO     | algorithms.der_pp:train:159 - 0:1:80, loss: 2.112
2023-01-27 10:07:54.759 | INFO     | algorithms.der_pp:train:159 - 0:1:120, loss: 1.900
2023-01-27 10:07:57.341 | INFO     | algorithms.der_pp:train:159 - 0:1:160, loss: 1.777
2023-01-27 10:07:59.962 | INFO     | algorithms.der_pp:train:159 - 0:1:200, loss: 1.631
2023-01-27 10:08:02.548 | INFO     | algorithms.der_pp:train:159 - 0:1:240, loss: 1.555
2023-01-27 10:08:05.132 | INFO     | algorithms.der_pp:train:159 - 0:1:280, loss: 1.503
2023-01-27 10:08:07.713 | INFO     | algorithms.der_pp:train:159 - 0:1:320, loss: 1.437
2023-01-27 10:08:10.357 | INFO     | algorithms.der_pp:train:159 - 0:1:360, loss: 1.276
2023-01-27 10:08:13.041 | INFO     | algorithms.der_pp:train:159 - 0:1:400, loss: 1.301
2023-01-27 10:08:15.652 | INFO     | algorithms.der_pp:train:159 - 0:1:440, loss: 1.213
2023-01-27 10:08:18.265 | INFO     | algorithms.der_pp:train:159 - 0:1:480, loss: 1.264
2023-01-27 10:08:20.885 | INFO     | algorithms.der_pp:train:159 - 0:1:520, loss: 1.204
2023-01-27 10:08:23.501 | INFO     | algorithms.der_pp:train:159 - 0:1:560, loss: 1.108
2023-01-27 10:08:26.120 | INFO     | algorithms.der_pp:train:159 - 0:1:600, loss: 1.110
2023-01-27 10:08:27.689 | DEBUG    | algorithms.der_pp:train:162 - Current sample stats:
2023-01-27 10:08:27.690 | DEBUG    | algorithms.der_pp:train:165 - 2 has 2500 samples
2023-01-27 10:08:27.691 | DEBUG    | algorithms.der_pp:train:165 - 0 has 2500 samples
2023-01-27 10:08:27.692 | INFO     | algorithms.der_pp:train:170 - 1, loss: 1.509
2023-01-27 10:08:27.692 | INFO     | algorithms.algorithm_base:run_base_task_metrics:144 - Running metrics: Task 0
2023-01-27 10:08:32.524 | DEBUG    | algorithms.algorithm_base:run_base_task_metrics:200 - Raw classification accuracy results saved to ./output_cifar10_5k/der_pp/1674814063.0139632_CIFAR10_OFFICIAL_RUN/task_0_accuracy_results.json
2023-01-27 10:08:32.525 | INFO     | algorithms.algorithm_base:run_base_task_metrics:201 - Correctly classified 1595 / 10000 samples (15.95% correct)
2023-01-27 10:08:32.723 | INFO     | algorithms.der_pp:train:86 - Task 2 / 5
2023-01-27 10:08:32.728 | INFO     | algorithms.der_pp:train:87 - Classes in task: ['frog', 'truck']
2023-01-27 10:08:32.728 | INFO     | algorithms.der_pp:train:95 - Starting epoch 1 / 1
2023-01-27 10:08:35.403 | INFO     | algorithms.der_pp:train:159 - 1:1:40, loss: 3.087
2023-01-27 10:08:38.004 | INFO     | algorithms.der_pp:train:159 - 1:1:80, loss: 2.458
2023-01-27 10:08:40.609 | INFO     | algorithms.der_pp:train:159 - 1:1:120, loss: 2.099
2023-01-27 10:08:43.210 | INFO     | algorithms.der_pp:train:159 - 1:1:160, loss: 1.948
2023-01-27 10:08:45.818 | INFO     | algorithms.der_pp:train:159 - 1:1:200, loss: 1.782
2023-01-27 10:08:48.424 | INFO     | algorithms.der_pp:train:159 - 1:1:240, loss: 1.629
2023-01-27 10:08:51.032 | INFO     | algorithms.der_pp:train:159 - 1:1:280, loss: 1.516
2023-01-27 10:08:53.630 | INFO     | algorithms.der_pp:train:159 - 1:1:320, loss: 1.412
2023-01-27 10:08:56.230 | INFO     | algorithms.der_pp:train:159 - 1:1:360, loss: 1.261
2023-01-27 10:08:58.827 | INFO     | algorithms.der_pp:train:159 - 1:1:400, loss: 1.310
2023-01-27 10:09:01.440 | INFO     | algorithms.der_pp:train:159 - 1:1:440, loss: 1.172
2023-01-27 10:09:04.045 | INFO     | algorithms.der_pp:train:159 - 1:1:480, loss: 1.123
2023-01-27 10:09:06.650 | INFO     | algorithms.der_pp:train:159 - 1:1:520, loss: 1.050
2023-01-27 10:09:09.260 | INFO     | algorithms.der_pp:train:159 - 1:1:560, loss: 1.042
2023-01-27 10:09:11.871 | INFO     | algorithms.der_pp:train:159 - 1:1:600, loss: 1.040
2023-01-27 10:09:13.441 | DEBUG    | algorithms.der_pp:train:162 - Current sample stats:
2023-01-27 10:09:13.442 | DEBUG    | algorithms.der_pp:train:165 - 2 has 1250 samples
2023-01-27 10:09:13.443 | DEBUG    | algorithms.der_pp:train:165 - 0 has 1250 samples
2023-01-27 10:09:13.444 | DEBUG    | algorithms.der_pp:train:165 - 9 has 1250 samples
2023-01-27 10:09:13.444 | DEBUG    | algorithms.der_pp:train:165 - 6 has 1250 samples
2023-01-27 10:09:13.445 | INFO     | algorithms.der_pp:train:170 - 1, loss: 1.573
2023-01-27 10:09:13.446 | INFO     | algorithms.algorithm_base:run_base_task_metrics:144 - Running metrics: Task 1
2023-01-27 10:09:18.103 | DEBUG    | algorithms.algorithm_base:run_base_task_metrics:200 - Raw classification accuracy results saved to ./output_cifar10_5k/der_pp/1674814063.0139632_CIFAR10_OFFICIAL_RUN/task_1_accuracy_results.json
2023-01-27 10:09:18.105 | INFO     | algorithms.algorithm_base:run_base_task_metrics:201 - Correctly classified 2115 / 10000 samples (21.15% correct)
2023-01-27 10:09:18.236 | INFO     | algorithms.der_pp:train:86 - Task 3 / 5
2023-01-27 10:09:18.240 | INFO     | algorithms.der_pp:train:87 - Classes in task: ['dog', 'ship']
2023-01-27 10:09:18.241 | INFO     | algorithms.der_pp:train:95 - Starting epoch 1 / 1
2023-01-27 10:09:20.915 | INFO     | algorithms.der_pp:train:159 - 2:1:40, loss: 3.510
2023-01-27 10:09:23.520 | INFO     | algorithms.der_pp:train:159 - 2:1:80, loss: 2.874
2023-01-27 10:09:26.128 | INFO     | algorithms.der_pp:train:159 - 2:1:120, loss: 2.621
2023-01-27 10:09:28.728 | INFO     | algorithms.der_pp:train:159 - 2:1:160, loss: 2.219
2023-01-27 10:09:31.328 | INFO     | algorithms.der_pp:train:159 - 2:1:200, loss: 1.983
2023-01-27 10:09:33.930 | INFO     | algorithms.der_pp:train:159 - 2:1:240, loss: 1.823
2023-01-27 10:09:36.531 | INFO     | algorithms.der_pp:train:159 - 2:1:280, loss: 1.711
2023-01-27 10:09:39.133 | INFO     | algorithms.der_pp:train:159 - 2:1:320, loss: 1.572
2023-01-27 10:09:41.737 | INFO     | algorithms.der_pp:train:159 - 2:1:360, loss: 1.523
2023-01-27 10:09:44.341 | INFO     | algorithms.der_pp:train:159 - 2:1:400, loss: 1.457
2023-01-27 10:09:46.946 | INFO     | algorithms.der_pp:train:159 - 2:1:440, loss: 1.321
2023-01-27 10:09:49.558 | INFO     | algorithms.der_pp:train:159 - 2:1:480, loss: 1.286
2023-01-27 10:09:52.171 | INFO     | algorithms.der_pp:train:159 - 2:1:520, loss: 1.268
2023-01-27 10:09:54.780 | INFO     | algorithms.der_pp:train:159 - 2:1:560, loss: 1.215
2023-01-27 10:09:57.387 | INFO     | algorithms.der_pp:train:159 - 2:1:600, loss: 1.179
2023-01-27 10:09:58.953 | DEBUG    | algorithms.der_pp:train:162 - Current sample stats:
2023-01-27 10:09:58.954 | DEBUG    | algorithms.der_pp:train:165 - 2 has 833 samples
2023-01-27 10:09:58.955 | DEBUG    | algorithms.der_pp:train:165 - 0 has 833 samples
2023-01-27 10:09:58.956 | DEBUG    | algorithms.der_pp:train:165 - 9 has 833 samples
2023-01-27 10:09:58.956 | DEBUG    | algorithms.der_pp:train:165 - 6 has 833 samples
2023-01-27 10:09:58.957 | DEBUG    | algorithms.der_pp:train:165 - 8 has 834 samples
2023-01-27 10:09:58.958 | DEBUG    | algorithms.der_pp:train:165 - 5 has 834 samples
2023-01-27 10:09:58.959 | INFO     | algorithms.der_pp:train:170 - 1, loss: 1.813
2023-01-27 10:09:58.959 | INFO     | algorithms.algorithm_base:run_base_task_metrics:144 - Running metrics: Task 2
2023-01-27 10:10:03.595 | DEBUG    | algorithms.algorithm_base:run_base_task_metrics:200 - Raw classification accuracy results saved to ./output_cifar10_5k/der_pp/1674814063.0139632_CIFAR10_OFFICIAL_RUN/task_2_accuracy_results.json
2023-01-27 10:10:03.597 | INFO     | algorithms.algorithm_base:run_base_task_metrics:201 - Correctly classified 2691 / 10000 samples (26.91% correct)
2023-01-27 10:10:03.729 | INFO     | algorithms.der_pp:train:86 - Task 4 / 5
2023-01-27 10:10:03.734 | INFO     | algorithms.der_pp:train:87 - Classes in task: ['cat', 'car']
2023-01-27 10:10:03.734 | INFO     | algorithms.der_pp:train:95 - Starting epoch 1 / 1
2023-01-27 10:10:06.411 | INFO     | algorithms.der_pp:train:159 - 3:1:40, loss: 3.949
2023-01-27 10:10:09.025 | INFO     | algorithms.der_pp:train:159 - 3:1:80, loss: 3.116
2023-01-27 10:10:11.634 | INFO     | algorithms.der_pp:train:159 - 3:1:120, loss: 2.756
2023-01-27 10:10:14.237 | INFO     | algorithms.der_pp:train:159 - 3:1:160, loss: 2.460
2023-01-27 10:10:16.841 | INFO     | algorithms.der_pp:train:159 - 3:1:200, loss: 2.230
2023-01-27 10:10:19.448 | INFO     | algorithms.der_pp:train:159 - 3:1:240, loss: 2.071
2023-01-27 10:10:22.053 | INFO     | algorithms.der_pp:train:159 - 3:1:280, loss: 1.887
2023-01-27 10:10:24.658 | INFO     | algorithms.der_pp:train:159 - 3:1:320, loss: 1.794
2023-01-27 10:10:27.267 | INFO     | algorithms.der_pp:train:159 - 3:1:360, loss: 1.742
2023-01-27 10:10:29.872 | INFO     | algorithms.der_pp:train:159 - 3:1:400, loss: 1.644
2023-01-27 10:10:32.482 | INFO     | algorithms.der_pp:train:159 - 3:1:440, loss: 1.498
2023-01-27 10:10:35.097 | INFO     | algorithms.der_pp:train:159 - 3:1:480, loss: 1.526
2023-01-27 10:10:37.701 | INFO     | algorithms.der_pp:train:159 - 3:1:520, loss: 1.425
2023-01-27 10:10:40.311 | INFO     | algorithms.der_pp:train:159 - 3:1:560, loss: 1.417
2023-01-27 10:10:42.917 | INFO     | algorithms.der_pp:train:159 - 3:1:600, loss: 1.365
2023-01-27 10:10:44.488 | DEBUG    | algorithms.der_pp:train:162 - Current sample stats:
2023-01-27 10:10:44.489 | DEBUG    | algorithms.der_pp:train:165 - 2 has 625 samples
2023-01-27 10:10:44.490 | DEBUG    | algorithms.der_pp:train:165 - 0 has 625 samples
2023-01-27 10:10:44.491 | DEBUG    | algorithms.der_pp:train:165 - 9 has 625 samples
2023-01-27 10:10:44.491 | DEBUG    | algorithms.der_pp:train:165 - 6 has 625 samples
2023-01-27 10:10:44.492 | DEBUG    | algorithms.der_pp:train:165 - 8 has 625 samples
2023-01-27 10:10:44.493 | DEBUG    | algorithms.der_pp:train:165 - 5 has 625 samples
2023-01-27 10:10:44.493 | DEBUG    | algorithms.der_pp:train:165 - 3 has 625 samples
2023-01-27 10:10:44.494 | DEBUG    | algorithms.der_pp:train:165 - 1 has 625 samples
2023-01-27 10:10:44.495 | INFO     | algorithms.der_pp:train:170 - 1, loss: 2.034
2023-01-27 10:10:44.496 | INFO     | algorithms.algorithm_base:run_base_task_metrics:144 - Running metrics: Task 3
2023-01-27 10:10:49.190 | DEBUG    | algorithms.algorithm_base:run_base_task_metrics:200 - Raw classification accuracy results saved to ./output_cifar10_5k/der_pp/1674814063.0139632_CIFAR10_OFFICIAL_RUN/task_3_accuracy_results.json
2023-01-27 10:10:49.192 | INFO     | algorithms.algorithm_base:run_base_task_metrics:201 - Correctly classified 2678 / 10000 samples (26.78% correct)
2023-01-27 10:10:49.325 | INFO     | algorithms.der_pp:train:86 - Task 5 / 5
2023-01-27 10:10:49.330 | INFO     | algorithms.der_pp:train:87 - Classes in task: ['horse', 'deer']
2023-01-27 10:10:49.330 | INFO     | algorithms.der_pp:train:95 - Starting epoch 1 / 1
2023-01-27 10:10:51.995 | INFO     | algorithms.der_pp:train:159 - 4:1:40, loss: 3.975
2023-01-27 10:10:54.592 | INFO     | algorithms.der_pp:train:159 - 4:1:80, loss: 3.198
2023-01-27 10:10:57.185 | INFO     | algorithms.der_pp:train:159 - 4:1:120, loss: 2.872
2023-01-27 10:10:59.772 | INFO     | algorithms.der_pp:train:159 - 4:1:160, loss: 2.655
2023-01-27 10:11:02.366 | INFO     | algorithms.der_pp:train:159 - 4:1:200, loss: 2.536
2023-01-27 10:11:04.960 | INFO     | algorithms.der_pp:train:159 - 4:1:240, loss: 2.298
2023-01-27 10:11:07.552 | INFO     | algorithms.der_pp:train:159 - 4:1:280, loss: 2.117
2023-01-27 10:11:10.195 | INFO     | algorithms.der_pp:train:159 - 4:1:320, loss: 2.054
2023-01-27 10:11:12.820 | INFO     | algorithms.der_pp:train:159 - 4:1:360, loss: 1.974
2023-01-27 10:11:15.434 | INFO     | algorithms.der_pp:train:159 - 4:1:400, loss: 1.870
2023-01-27 10:11:18.035 | INFO     | algorithms.der_pp:train:159 - 4:1:440, loss: 1.863
2023-01-27 10:11:20.641 | INFO     | algorithms.der_pp:train:159 - 4:1:480, loss: 1.793
2023-01-27 10:11:23.273 | INFO     | algorithms.der_pp:train:159 - 4:1:520, loss: 1.717
2023-01-27 10:11:25.875 | INFO     | algorithms.der_pp:train:159 - 4:1:560, loss: 1.762
2023-01-27 10:11:28.479 | INFO     | algorithms.der_pp:train:159 - 4:1:600, loss: 1.734
2023-01-27 10:11:30.044 | DEBUG    | algorithms.der_pp:train:162 - Current sample stats:
2023-01-27 10:11:30.045 | DEBUG    | algorithms.der_pp:train:165 - 2 has 500 samples
2023-01-27 10:11:30.046 | DEBUG    | algorithms.der_pp:train:165 - 0 has 500 samples
2023-01-27 10:11:30.047 | DEBUG    | algorithms.der_pp:train:165 - 9 has 500 samples
2023-01-27 10:11:30.048 | DEBUG    | algorithms.der_pp:train:165 - 6 has 500 samples
2023-01-27 10:11:30.048 | DEBUG    | algorithms.der_pp:train:165 - 8 has 500 samples
2023-01-27 10:11:30.049 | DEBUG    | algorithms.der_pp:train:165 - 5 has 500 samples
2023-01-27 10:11:30.050 | DEBUG    | algorithms.der_pp:train:165 - 3 has 500 samples
2023-01-27 10:11:30.051 | DEBUG    | algorithms.der_pp:train:165 - 1 has 500 samples
2023-01-27 10:11:30.052 | DEBUG    | algorithms.der_pp:train:165 - 7 has 500 samples
2023-01-27 10:11:30.053 | DEBUG    | algorithms.der_pp:train:165 - 4 has 500 samples
2023-01-27 10:11:30.053 | INFO     | algorithms.der_pp:train:170 - 1, loss: 2.269
2023-01-27 10:11:30.054 | INFO     | algorithms.algorithm_base:run_base_task_metrics:144 - Running metrics: Task 4
2023-01-27 10:11:34.665 | DEBUG    | algorithms.algorithm_base:run_base_task_metrics:200 - Raw classification accuracy results saved to ./output_cifar10_5k/der_pp/1674814063.0139632_CIFAR10_OFFICIAL_RUN/task_4_accuracy_results.json
2023-01-27 10:11:34.667 | INFO     | algorithms.algorithm_base:run_base_task_metrics:201 - Correctly classified 2776 / 10000 samples (27.76% correct)
2023-01-27 10:11:34.801 | INFO     | algorithms.der_pp:train:178 - Training complete
2023-01-27 10:11:34.806 | INFO     | __main__:run_experiment:286 - Training and evaluation completed!
2023-01-27 10:11:34.807 | INFO     | __main__:run_experiment:300 - Wrote usage stats to file
2023-01-27 10:11:34.808 | INFO     | __main__:main:340 - Complete
2023-01-27 10:11:34.809 | INFO     | __main__:close_tensorboard_writer:248 - Shut down TensorBoard
