2023-02-18 05:27:56.823 | INFO     | __main__:setup_files:218 - Experiment Name: OFFICIAL_RUN
2023-02-18 05:27:56.824 | INFO     | __main__:main:332 - Command line arguments: Configuration(algorithm='scr', dataset='cifar10', classes_per_task=2, seed=5953, samples=500)
2023-02-18 05:27:56.826 | INFO     | __main__:main:336 - Seeded random to 5953
2023-02-18 05:27:56.827 | INFO     | __main__:main:340 - Got CUDA device
2023-02-18 05:27:56.828 | INFO     | __main__:force_cuda_load:268 - Forcing CUDA initialisation...
2023-02-18 05:27:56.886 | INFO     | __main__:main:344 - CUDA initialised
2023-02-18 05:27:56.887 | INFO     | __main__:setup_shutdown_hook:264 - To access TensorBoard, run the command: tensorboard --logdir=./output_cifar10_0.5k/scr/1676698076.8198597_CIFAR10_OFFICIAL_RUN
2023-02-18 05:27:56.954 | INFO     | __main__:main:348 - Setup shutdown hooks
2023-02-18 05:27:56.981 | INFO     | __main__:main:353 - Model is setup
2023-02-18 05:27:56.983 | INFO     | __main__:main:355 - Complete pre-setup, starting experiment
2023-02-18 05:27:58.231 | INFO     | datasets.dataset_base:__init__:80 - Using disjoint tasks with 2 (5 tasks) with a randomised split
2023-02-18 05:27:58.233 | DEBUG    | datasets.dataset_base:_setup_task_datasets:95 - Splitting dataset into 5 disjoint tasks
2023-02-18 05:27:58.251 | INFO     | datasets.dataset_base:__init__:85 - {
  "name": "datasets.cifar10.CIFAR10",
  "dataset_class": "torchvision.datasets.cifar.CIFAR10",
  "training_dataset_parameters": "{'train': True, 'download': True}",
  "testing_dataset_parameters": "{'train': False, 'download': True}",
  "training_transform": "Compose(\n    Resize(size=(32, 32), interpolation=bilinear, max_size=None, antialias=None)\n    ToTensor()\n    Normalize(mean=(0.4914, 0.4822, 0.4465), std=(0.247, 0.2435, 0.2616))\n    RandomCrop(size=(32, 32), padding=4)\n    RandomHorizontalFlip(p=0.5)\n)",
  "testing_transform": "Compose(\n    Resize(size=(32, 32), interpolation=bilinear, max_size=None, antialias=None)\n    ToTensor()\n    Normalize(mean=(0.4914, 0.4822, 0.4465), std=(0.247, 0.2435, 0.2616))\n)",
  "classes": "plane, car, bird, cat, deer, dog, frog, horse, ship, truck",
  "disjoint": true,
  "task_count": 5,
  "classes_per_task": [
    2
  ],
  "task_split_indices": [
    [
      1,
      2
    ],
    [
      9,
      3
    ],
    [
      4,
      0
    ],
    [
      5,
      7
    ],
    [
      6,
      8
    ]
  ],
  "task_split_classes": [
    [
      "car",
      "bird"
    ],
    [
      "truck",
      "cat"
    ],
    [
      "deer",
      "plane"
    ],
    [
      "dog",
      "horse"
    ],
    [
      "frog",
      "ship"
    ]
  ]
}
2023-02-18 05:27:58.276 | DEBUG    | __main__:run_experiment:292 - PID: 11696
2023-02-18 05:27:58.278 | INFO     | __main__:run_experiment:294 - Starting...
2023-02-18 05:27:58.278 | INFO     | algorithms.algorithm_base:train:116 - {
  "name": "algorithms.scr.SupervisedContrastiveReplay",
  "model_class": "models.scr.scr_resnet.SupConResNet",
  "device": "cuda:0",
  "dataset_class": "datasets.cifar10.CIFAR10",
  "optimiser_class": "torch.optim.sgd.SGD",
  "loss_criterion_class": "torch.nn.modules.loss.CrossEntropyLoss",
  "epochs_per_task": 1,
  "batch_size": 10,
  "max_memory_samples": 500,
  "memory_batch_size": 100,
  "tau (temperature)": 0.07,
  "lr": 0.1
}
2023-02-18 05:27:58.279 | DEBUG    | algorithms.algorithm_base:_setup_training:109 - Model moved to cuda:0 and set to train mode
2023-02-18 05:27:58.280 | INFO     | algorithms.algorithm_base:train:118 - Starting training
2023-02-18 05:27:58.281 | INFO     | algorithms.scr:train:126 - Task 1 / 5
2023-02-18 05:27:58.282 | INFO     | algorithms.scr:train:127 - Classes in task: ['car', 'bird']
2023-02-18 05:27:58.282 | INFO     | algorithms.scr:train:134 - Starting epoch 1 / 1
2023-02-18 05:28:08.174 | INFO     | algorithms.scr:train:180 - 0:1:40, loss: 4.182
2023-02-18 05:28:18.130 | INFO     | algorithms.scr:train:180 - 0:1:80, loss: 5.291
2023-02-18 05:28:28.100 | INFO     | algorithms.scr:train:180 - 0:1:120, loss: 5.226
2023-02-18 05:28:38.054 | INFO     | algorithms.scr:train:180 - 0:1:160, loss: 5.210
2023-02-18 05:28:48.320 | INFO     | algorithms.scr:train:180 - 0:1:200, loss: 5.202
2023-02-18 05:28:58.684 | INFO     | algorithms.scr:train:180 - 0:1:240, loss: 5.167
2023-02-18 05:29:09.147 | INFO     | algorithms.scr:train:180 - 0:1:280, loss: 5.159
2023-02-18 05:29:19.504 | INFO     | algorithms.scr:train:180 - 0:1:320, loss: 5.153
2023-02-18 05:29:29.845 | INFO     | algorithms.scr:train:180 - 0:1:360, loss: 5.141
2023-02-18 05:29:40.234 | INFO     | algorithms.scr:train:180 - 0:1:400, loss: 5.088
2023-02-18 05:29:50.563 | INFO     | algorithms.scr:train:180 - 0:1:440, loss: 5.095
2023-02-18 05:30:00.931 | INFO     | algorithms.scr:train:180 - 0:1:480, loss: 5.110
2023-02-18 05:30:11.272 | INFO     | algorithms.scr:train:180 - 0:1:520, loss: 5.102
2023-02-18 05:30:21.607 | INFO     | algorithms.scr:train:180 - 0:1:560, loss: 5.087
2023-02-18 05:30:31.977 | INFO     | algorithms.scr:train:180 - 0:1:600, loss: 5.099
2023-02-18 05:30:42.327 | INFO     | algorithms.scr:train:180 - 0:1:640, loss: 5.059
2023-02-18 05:30:52.653 | INFO     | algorithms.scr:train:180 - 0:1:680, loss: 5.041
2023-02-18 05:31:03.025 | INFO     | algorithms.scr:train:180 - 0:1:720, loss: 5.066
2023-02-18 05:31:13.362 | INFO     | algorithms.scr:train:180 - 0:1:760, loss: 5.065
2023-02-18 05:31:23.694 | INFO     | algorithms.scr:train:180 - 0:1:800, loss: 5.059
2023-02-18 05:31:34.065 | INFO     | algorithms.scr:train:180 - 0:1:840, loss: 5.060
2023-02-18 05:31:44.424 | INFO     | algorithms.scr:train:180 - 0:1:880, loss: 5.041
2023-02-18 05:31:54.782 | INFO     | algorithms.scr:train:180 - 0:1:920, loss: 5.052
2023-02-18 05:32:05.179 | INFO     | algorithms.scr:train:180 - 0:1:960, loss: 5.046
2023-02-18 05:32:15.356 | DEBUG    | algorithms.scr:train:183 - Current sample stats:
2023-02-18 05:32:15.357 | DEBUG    | algorithms.scr:train:186 - 2 has 250 samples
2023-02-18 05:32:15.358 | DEBUG    | algorithms.scr:train:186 - 1 has 250 samples
2023-02-18 05:32:15.358 | INFO     | algorithms.scr:train:192 - 1, loss: 5.073
2023-02-18 05:32:15.359 | INFO     | algorithms.algorithm_base:run_base_task_metrics:144 - Running metrics: Task 0
2023-02-18 05:32:15.366 | INFO     | algorithms.scr:classify:209 - Generating fresh mean embedding vectors
2023-02-18 05:32:16.768 | DEBUG    | algorithms.scr:classify:231 - Generated mean embedding vectors for: dict_keys([2, 1])
2023-02-18 05:32:44.067 | DEBUG    | algorithms.algorithm_base:run_base_task_metrics:200 - Raw classification accuracy results saved to ./output_cifar10_0.5k/scr/1676698076.8198597_CIFAR10_OFFICIAL_RUN/task_0_accuracy_results.json
2023-02-18 05:32:44.069 | INFO     | algorithms.algorithm_base:run_base_task_metrics:201 - Correctly classified 1903 / 10000 samples (19.03% correct)
2023-02-18 05:32:44.259 | INFO     | algorithms.scr:train:126 - Task 2 / 5
2023-02-18 05:32:44.263 | INFO     | algorithms.scr:train:127 - Classes in task: ['truck', 'cat']
2023-02-18 05:32:44.263 | INFO     | algorithms.scr:train:134 - Starting epoch 1 / 1
2023-02-18 05:32:54.906 | INFO     | algorithms.scr:train:180 - 1:1:40, loss: 5.225
2023-02-18 05:33:05.247 | INFO     | algorithms.scr:train:180 - 1:1:80, loss: 5.098
2023-02-18 05:33:15.579 | INFO     | algorithms.scr:train:180 - 1:1:120, loss: 5.080
2023-02-18 05:33:25.909 | INFO     | algorithms.scr:train:180 - 1:1:160, loss: 5.078
2023-02-18 05:33:36.255 | INFO     | algorithms.scr:train:180 - 1:1:200, loss: 5.063
2023-02-18 05:33:46.572 | INFO     | algorithms.scr:train:180 - 1:1:240, loss: 5.057
2023-02-18 05:33:56.918 | INFO     | algorithms.scr:train:180 - 1:1:280, loss: 5.049
2023-02-18 05:34:07.222 | INFO     | algorithms.scr:train:180 - 1:1:320, loss: 5.040
2023-02-18 05:34:17.516 | INFO     | algorithms.scr:train:180 - 1:1:360, loss: 5.045
2023-02-18 05:34:27.836 | INFO     | algorithms.scr:train:180 - 1:1:400, loss: 5.013
2023-02-18 05:34:38.146 | INFO     | algorithms.scr:train:180 - 1:1:440, loss: 5.007
2023-02-18 05:34:48.471 | INFO     | algorithms.scr:train:180 - 1:1:480, loss: 4.977
2023-02-18 05:34:58.779 | INFO     | algorithms.scr:train:180 - 1:1:520, loss: 4.970
2023-02-18 05:35:09.084 | INFO     | algorithms.scr:train:180 - 1:1:560, loss: 4.942
2023-02-18 05:35:19.516 | INFO     | algorithms.scr:train:180 - 1:1:600, loss: 4.923
2023-02-18 05:35:29.819 | INFO     | algorithms.scr:train:180 - 1:1:640, loss: 4.923
2023-02-18 05:35:40.126 | INFO     | algorithms.scr:train:180 - 1:1:680, loss: 4.881
2023-02-18 05:35:50.426 | INFO     | algorithms.scr:train:180 - 1:1:720, loss: 4.895
2023-02-18 05:36:00.734 | INFO     | algorithms.scr:train:180 - 1:1:760, loss: 4.853
2023-02-18 05:36:11.042 | INFO     | algorithms.scr:train:180 - 1:1:800, loss: 4.841
2023-02-18 05:36:21.409 | INFO     | algorithms.scr:train:180 - 1:1:840, loss: 4.802
2023-02-18 05:36:31.699 | INFO     | algorithms.scr:train:180 - 1:1:880, loss: 4.808
2023-02-18 05:36:42.014 | INFO     | algorithms.scr:train:180 - 1:1:920, loss: 4.765
2023-02-18 05:36:52.341 | INFO     | algorithms.scr:train:180 - 1:1:960, loss: 4.771
2023-02-18 05:37:02.389 | DEBUG    | algorithms.scr:train:183 - Current sample stats:
2023-02-18 05:37:02.390 | DEBUG    | algorithms.scr:train:186 - 2 has 125 samples
2023-02-18 05:37:02.391 | DEBUG    | algorithms.scr:train:186 - 1 has 125 samples
2023-02-18 05:37:02.392 | DEBUG    | algorithms.scr:train:186 - 3 has 125 samples
2023-02-18 05:37:02.392 | DEBUG    | algorithms.scr:train:186 - 9 has 125 samples
2023-02-18 05:37:02.393 | INFO     | algorithms.scr:train:192 - 1, loss: 4.955
2023-02-18 05:37:02.394 | INFO     | algorithms.algorithm_base:run_base_task_metrics:144 - Running metrics: Task 1
2023-02-18 05:37:02.401 | INFO     | algorithms.scr:classify:209 - Generating fresh mean embedding vectors
2023-02-18 05:37:03.756 | DEBUG    | algorithms.scr:classify:231 - Generated mean embedding vectors for: dict_keys([2, 1, 3, 9])
2023-02-18 05:37:33.672 | DEBUG    | algorithms.algorithm_base:run_base_task_metrics:200 - Raw classification accuracy results saved to ./output_cifar10_0.5k/scr/1676698076.8198597_CIFAR10_OFFICIAL_RUN/task_1_accuracy_results.json
2023-02-18 05:37:33.674 | INFO     | algorithms.algorithm_base:run_base_task_metrics:201 - Correctly classified 3138 / 10000 samples (31.38% correct)
2023-02-18 05:37:33.805 | INFO     | algorithms.scr:train:126 - Task 3 / 5
2023-02-18 05:37:33.810 | INFO     | algorithms.scr:train:127 - Classes in task: ['deer', 'plane']
2023-02-18 05:37:33.811 | INFO     | algorithms.scr:train:134 - Starting epoch 1 / 1
2023-02-18 05:37:44.453 | INFO     | algorithms.scr:train:180 - 2:1:40, loss: 4.997
2023-02-18 05:37:54.785 | INFO     | algorithms.scr:train:180 - 2:1:80, loss: 4.810
2023-02-18 05:38:05.120 | INFO     | algorithms.scr:train:180 - 2:1:120, loss: 4.771
2023-02-18 05:38:15.516 | INFO     | algorithms.scr:train:180 - 2:1:160, loss: 4.771
2023-02-18 05:38:25.885 | INFO     | algorithms.scr:train:180 - 2:1:200, loss: 4.718
2023-02-18 05:38:36.217 | INFO     | algorithms.scr:train:180 - 2:1:240, loss: 4.687
2023-02-18 05:38:46.559 | INFO     | algorithms.scr:train:180 - 2:1:280, loss: 4.688
2023-02-18 05:38:56.887 | INFO     | algorithms.scr:train:180 - 2:1:320, loss: 4.649
2023-02-18 05:39:07.230 | INFO     | algorithms.scr:train:180 - 2:1:360, loss: 4.601
2023-02-18 05:39:17.590 | INFO     | algorithms.scr:train:180 - 2:1:400, loss: 4.600
2023-02-18 05:39:27.906 | INFO     | algorithms.scr:train:180 - 2:1:440, loss: 4.609
2023-02-18 05:39:38.230 | INFO     | algorithms.scr:train:180 - 2:1:480, loss: 4.530
2023-02-18 05:39:48.562 | INFO     | algorithms.scr:train:180 - 2:1:520, loss: 4.517
2023-02-18 05:39:58.882 | INFO     | algorithms.scr:train:180 - 2:1:560, loss: 4.513
2023-02-18 05:40:09.271 | INFO     | algorithms.scr:train:180 - 2:1:600, loss: 4.518
2023-02-18 05:40:19.594 | INFO     | algorithms.scr:train:180 - 2:1:640, loss: 4.483
2023-02-18 05:40:29.926 | INFO     | algorithms.scr:train:180 - 2:1:680, loss: 4.450
2023-02-18 05:40:40.261 | INFO     | algorithms.scr:train:180 - 2:1:720, loss: 4.451
2023-02-18 05:40:50.599 | INFO     | algorithms.scr:train:180 - 2:1:760, loss: 4.408
2023-02-18 05:41:00.911 | INFO     | algorithms.scr:train:180 - 2:1:800, loss: 4.414
2023-02-18 05:41:11.217 | INFO     | algorithms.scr:train:180 - 2:1:840, loss: 4.416
2023-02-18 05:41:21.661 | INFO     | algorithms.scr:train:180 - 2:1:880, loss: 4.410
2023-02-18 05:41:31.985 | INFO     | algorithms.scr:train:180 - 2:1:920, loss: 4.424
2023-02-18 05:41:42.295 | INFO     | algorithms.scr:train:180 - 2:1:960, loss: 4.402
2023-02-18 05:41:52.383 | DEBUG    | algorithms.scr:train:183 - Current sample stats:
2023-02-18 05:41:52.384 | DEBUG    | algorithms.scr:train:186 - 2 has 83 samples
2023-02-18 05:41:52.384 | DEBUG    | algorithms.scr:train:186 - 1 has 83 samples
2023-02-18 05:41:52.385 | DEBUG    | algorithms.scr:train:186 - 3 has 83 samples
2023-02-18 05:41:52.386 | DEBUG    | algorithms.scr:train:186 - 9 has 83 samples
2023-02-18 05:41:52.386 | DEBUG    | algorithms.scr:train:186 - 4 has 84 samples
2023-02-18 05:41:52.387 | DEBUG    | algorithms.scr:train:186 - 0 has 84 samples
2023-02-18 05:41:52.388 | INFO     | algorithms.scr:train:192 - 1, loss: 4.568
2023-02-18 05:41:52.389 | INFO     | algorithms.algorithm_base:run_base_task_metrics:144 - Running metrics: Task 2
2023-02-18 05:41:52.396 | INFO     | algorithms.scr:classify:209 - Generating fresh mean embedding vectors
2023-02-18 05:41:53.770 | DEBUG    | algorithms.scr:classify:231 - Generated mean embedding vectors for: dict_keys([2, 1, 3, 9, 4, 0])
2023-02-18 05:42:25.703 | DEBUG    | algorithms.algorithm_base:run_base_task_metrics:200 - Raw classification accuracy results saved to ./output_cifar10_0.5k/scr/1676698076.8198597_CIFAR10_OFFICIAL_RUN/task_2_accuracy_results.json
2023-02-18 05:42:25.705 | INFO     | algorithms.algorithm_base:run_base_task_metrics:201 - Correctly classified 4078 / 10000 samples (40.78% correct)
2023-02-18 05:42:25.836 | INFO     | algorithms.scr:train:126 - Task 4 / 5
2023-02-18 05:42:25.841 | INFO     | algorithms.scr:train:127 - Classes in task: ['dog', 'horse']
2023-02-18 05:42:25.842 | INFO     | algorithms.scr:train:134 - Starting epoch 1 / 1
2023-02-18 05:42:36.440 | INFO     | algorithms.scr:train:180 - 3:1:40, loss: 4.639
2023-02-18 05:42:46.795 | INFO     | algorithms.scr:train:180 - 3:1:80, loss: 4.505
2023-02-18 05:42:57.131 | INFO     | algorithms.scr:train:180 - 3:1:120, loss: 4.454
2023-02-18 05:43:07.500 | INFO     | algorithms.scr:train:180 - 3:1:160, loss: 4.437
2023-02-18 05:43:17.819 | INFO     | algorithms.scr:train:180 - 3:1:200, loss: 4.401
2023-02-18 05:43:28.139 | INFO     | algorithms.scr:train:180 - 3:1:240, loss: 4.357
2023-02-18 05:43:38.457 | INFO     | algorithms.scr:train:180 - 3:1:280, loss: 4.353
2023-02-18 05:43:48.789 | INFO     | algorithms.scr:train:180 - 3:1:320, loss: 4.324
2023-02-18 05:43:59.119 | INFO     | algorithms.scr:train:180 - 3:1:360, loss: 4.309
2023-02-18 05:44:09.435 | INFO     | algorithms.scr:train:180 - 3:1:400, loss: 4.318
2023-02-18 05:44:19.826 | INFO     | algorithms.scr:train:180 - 3:1:440, loss: 4.295
2023-02-18 05:44:30.184 | INFO     | algorithms.scr:train:180 - 3:1:480, loss: 4.252
2023-02-18 05:44:40.526 | INFO     | algorithms.scr:train:180 - 3:1:520, loss: 4.272
2023-02-18 05:44:50.868 | INFO     | algorithms.scr:train:180 - 3:1:560, loss: 4.232
2023-02-18 05:45:01.198 | INFO     | algorithms.scr:train:180 - 3:1:600, loss: 4.221
2023-02-18 05:45:11.525 | INFO     | algorithms.scr:train:180 - 3:1:640, loss: 4.209
2023-02-18 05:45:21.831 | INFO     | algorithms.scr:train:180 - 3:1:680, loss: 4.206
2023-02-18 05:45:32.157 | INFO     | algorithms.scr:train:180 - 3:1:720, loss: 4.172
2023-02-18 05:45:42.529 | INFO     | algorithms.scr:train:180 - 3:1:760, loss: 4.168
2023-02-18 05:45:52.858 | INFO     | algorithms.scr:train:180 - 3:1:800, loss: 4.163
2023-02-18 05:46:03.196 | INFO     | algorithms.scr:train:180 - 3:1:840, loss: 4.138
2023-02-18 05:46:13.519 | INFO     | algorithms.scr:train:180 - 3:1:880, loss: 4.139
2023-02-18 05:46:23.836 | INFO     | algorithms.scr:train:180 - 3:1:920, loss: 4.105
2023-02-18 05:46:34.153 | INFO     | algorithms.scr:train:180 - 3:1:960, loss: 4.121
2023-02-18 05:46:44.210 | DEBUG    | algorithms.scr:train:183 - Current sample stats:
2023-02-18 05:46:44.210 | DEBUG    | algorithms.scr:train:186 - 2 has 62 samples
2023-02-18 05:46:44.211 | DEBUG    | algorithms.scr:train:186 - 1 has 62 samples
2023-02-18 05:46:44.212 | DEBUG    | algorithms.scr:train:186 - 3 has 62 samples
2023-02-18 05:46:44.213 | DEBUG    | algorithms.scr:train:186 - 9 has 62 samples
2023-02-18 05:46:44.213 | DEBUG    | algorithms.scr:train:186 - 4 has 63 samples
2023-02-18 05:46:44.214 | DEBUG    | algorithms.scr:train:186 - 0 has 63 samples
2023-02-18 05:46:44.215 | DEBUG    | algorithms.scr:train:186 - 5 has 63 samples
2023-02-18 05:46:44.215 | DEBUG    | algorithms.scr:train:186 - 7 has 63 samples
2023-02-18 05:46:44.216 | INFO     | algorithms.scr:train:192 - 1, loss: 4.276
2023-02-18 05:46:44.217 | INFO     | algorithms.algorithm_base:run_base_task_metrics:144 - Running metrics: Task 3
2023-02-18 05:46:44.224 | INFO     | algorithms.scr:classify:209 - Generating fresh mean embedding vectors
2023-02-18 05:46:45.557 | DEBUG    | algorithms.scr:classify:231 - Generated mean embedding vectors for: dict_keys([2, 1, 3, 9, 4, 0, 5, 7])
2023-02-18 05:47:19.424 | DEBUG    | algorithms.algorithm_base:run_base_task_metrics:200 - Raw classification accuracy results saved to ./output_cifar10_0.5k/scr/1676698076.8198597_CIFAR10_OFFICIAL_RUN/task_3_accuracy_results.json
2023-02-18 05:47:19.426 | INFO     | algorithms.algorithm_base:run_base_task_metrics:201 - Correctly classified 4694 / 10000 samples (46.94% correct)
2023-02-18 05:47:19.557 | INFO     | algorithms.scr:train:126 - Task 5 / 5
2023-02-18 05:47:19.562 | INFO     | algorithms.scr:train:127 - Classes in task: ['frog', 'ship']
2023-02-18 05:47:19.563 | INFO     | algorithms.scr:train:134 - Starting epoch 1 / 1
2023-02-18 05:47:30.221 | INFO     | algorithms.scr:train:180 - 4:1:40, loss: 4.353
2023-02-18 05:47:40.588 | INFO     | algorithms.scr:train:180 - 4:1:80, loss: 4.213
2023-02-18 05:47:50.916 | INFO     | algorithms.scr:train:180 - 4:1:120, loss: 4.135
2023-02-18 05:48:01.235 | INFO     | algorithms.scr:train:180 - 4:1:160, loss: 4.123
2023-02-18 05:48:11.559 | INFO     | algorithms.scr:train:180 - 4:1:200, loss: 4.072
2023-02-18 05:48:21.869 | INFO     | algorithms.scr:train:180 - 4:1:240, loss: 4.038
2023-02-18 05:48:32.194 | INFO     | algorithms.scr:train:180 - 4:1:280, loss: 4.025
2023-02-18 05:48:42.537 | INFO     | algorithms.scr:train:180 - 4:1:320, loss: 4.023
2023-02-18 05:48:52.868 | INFO     | algorithms.scr:train:180 - 4:1:360, loss: 3.934
2023-02-18 05:49:03.183 | INFO     | algorithms.scr:train:180 - 4:1:400, loss: 3.924
2023-02-18 05:49:13.517 | INFO     | algorithms.scr:train:180 - 4:1:440, loss: 3.924
2023-02-18 05:49:23.841 | INFO     | algorithms.scr:train:180 - 4:1:480, loss: 3.905
2023-02-18 05:49:34.185 | INFO     | algorithms.scr:train:180 - 4:1:520, loss: 3.883
2023-02-18 05:49:44.498 | INFO     | algorithms.scr:train:180 - 4:1:560, loss: 3.860
2023-02-18 05:49:54.811 | INFO     | algorithms.scr:train:180 - 4:1:600, loss: 3.863
2023-02-18 05:50:05.118 | INFO     | algorithms.scr:train:180 - 4:1:640, loss: 3.845
2023-02-18 05:50:15.476 | INFO     | algorithms.scr:train:180 - 4:1:680, loss: 3.834
2023-02-18 05:50:25.878 | INFO     | algorithms.scr:train:180 - 4:1:720, loss: 3.836
2023-02-18 05:50:36.269 | INFO     | algorithms.scr:train:180 - 4:1:760, loss: 3.824
2023-02-18 05:50:46.597 | INFO     | algorithms.scr:train:180 - 4:1:800, loss: 3.755
2023-02-18 05:50:56.909 | INFO     | algorithms.scr:train:180 - 4:1:840, loss: 3.782
2023-02-18 05:51:07.254 | INFO     | algorithms.scr:train:180 - 4:1:880, loss: 3.797
2023-02-18 05:51:17.590 | INFO     | algorithms.scr:train:180 - 4:1:920, loss: 3.776
2023-02-18 05:51:27.897 | INFO     | algorithms.scr:train:180 - 4:1:960, loss: 3.765
2023-02-18 05:51:37.960 | DEBUG    | algorithms.scr:train:183 - Current sample stats:
2023-02-18 05:51:37.961 | DEBUG    | algorithms.scr:train:186 - 2 has 50 samples
2023-02-18 05:51:37.962 | DEBUG    | algorithms.scr:train:186 - 1 has 50 samples
2023-02-18 05:51:37.963 | DEBUG    | algorithms.scr:train:186 - 3 has 50 samples
2023-02-18 05:51:37.964 | DEBUG    | algorithms.scr:train:186 - 9 has 50 samples
2023-02-18 05:51:37.964 | DEBUG    | algorithms.scr:train:186 - 4 has 50 samples
2023-02-18 05:51:37.965 | DEBUG    | algorithms.scr:train:186 - 0 has 50 samples
2023-02-18 05:51:37.966 | DEBUG    | algorithms.scr:train:186 - 5 has 50 samples
2023-02-18 05:51:37.966 | DEBUG    | algorithms.scr:train:186 - 7 has 50 samples
2023-02-18 05:51:37.967 | DEBUG    | algorithms.scr:train:186 - 8 has 50 samples
2023-02-18 05:51:37.968 | DEBUG    | algorithms.scr:train:186 - 6 has 50 samples
2023-02-18 05:51:37.969 | INFO     | algorithms.scr:train:192 - 1, loss: 3.930
2023-02-18 05:51:37.969 | INFO     | algorithms.algorithm_base:run_base_task_metrics:144 - Running metrics: Task 4
2023-02-18 05:51:37.977 | INFO     | algorithms.scr:classify:209 - Generating fresh mean embedding vectors
2023-02-18 05:51:39.383 | DEBUG    | algorithms.scr:classify:231 - Generated mean embedding vectors for: dict_keys([2, 1, 3, 9, 4, 0, 5, 7, 8, 6])
2023-02-18 05:52:15.075 | DEBUG    | algorithms.algorithm_base:run_base_task_metrics:200 - Raw classification accuracy results saved to ./output_cifar10_0.5k/scr/1676698076.8198597_CIFAR10_OFFICIAL_RUN/task_4_accuracy_results.json
2023-02-18 05:52:15.077 | INFO     | algorithms.algorithm_base:run_base_task_metrics:201 - Correctly classified 5835 / 10000 samples (58.35% correct)
2023-02-18 05:52:15.210 | INFO     | algorithms.scr:train:201 - Training complete
2023-02-18 05:52:15.216 | INFO     | __main__:run_experiment:300 - Training and evaluation completed!
2023-02-18 05:52:15.217 | INFO     | __main__:run_experiment:314 - Wrote usage stats to file
2023-02-18 05:52:15.218 | INFO     | __main__:main:361 - Complete
2023-02-18 05:52:15.219 | INFO     | __main__:close_tensorboard_writer:262 - Shut down TensorBoard
