2023-02-16 11:54:31.758 | INFO     | __main__:setup_files:208 - Experiment Name: OFFICIAL_RUN
2023-02-16 11:54:31.759 | INFO     | __main__:main:322 - Command line arguments: Configuration(algorithm='ewc', dataset='cifar10', classes_per_task=2, seed=2843, samples=None)
2023-02-16 11:54:31.761 | INFO     | __main__:main:326 - Seeded random to 2843
2023-02-16 11:54:31.762 | INFO     | __main__:main:330 - Got CUDA device
2023-02-16 11:54:31.764 | INFO     | __main__:force_cuda_load:258 - Forcing CUDA initialisation...
2023-02-16 11:54:31.822 | INFO     | __main__:main:334 - CUDA initialised
2023-02-16 11:54:31.824 | INFO     | __main__:setup_shutdown_hook:254 - To access TensorBoard, run the command: tensorboard --logdir=./output_cifar10_0.5k/ewc/1676548471.7549589_CIFAR10_OFFICIAL_RUN
2023-02-16 11:54:31.825 | INFO     | __main__:main:338 - Setup shutdown hooks
2023-02-16 11:54:31.951 | INFO     | __main__:main:343 - Model is setup
2023-02-16 11:54:31.953 | INFO     | __main__:main:345 - Complete pre-setup, starting experiment
2023-02-16 11:54:33.148 | INFO     | datasets.dataset_base:__init__:80 - Using disjoint tasks with 2 (5 tasks) with a randomised split
2023-02-16 11:54:33.149 | DEBUG    | datasets.dataset_base:_setup_task_datasets:95 - Splitting dataset into 5 disjoint tasks
2023-02-16 11:54:33.170 | INFO     | datasets.dataset_base:__init__:85 - {
  "name": "datasets.cifar10.CIFAR10",
  "dataset_class": "torchvision.datasets.cifar.CIFAR10",
  "training_dataset_parameters": "{'train': True, 'download': True}",
  "testing_dataset_parameters": "{'train': False, 'download': True}",
  "training_transform": "Compose(\n    Resize(size=(32, 32), interpolation=bilinear, max_size=None, antialias=None)\n    ToTensor()\n    Normalize(mean=(0.4914, 0.4822, 0.4465), std=(0.247, 0.2435, 0.2616))\n    RandomCrop(size=(32, 32), padding=4)\n    RandomHorizontalFlip(p=0.5)\n)",
  "testing_transform": "Compose(\n    Resize(size=(32, 32), interpolation=bilinear, max_size=None, antialias=None)\n    ToTensor()\n    Normalize(mean=(0.4914, 0.4822, 0.4465), std=(0.247, 0.2435, 0.2616))\n)",
  "classes": "plane, car, bird, cat, deer, dog, frog, horse, ship, truck",
  "disjoint": true,
  "task_count": 5,
  "classes_per_task": [
    2
  ],
  "task_split_indices": [
    [
      4,
      3
    ],
    [
      7,
      2
    ],
    [
      1,
      6
    ],
    [
      5,
      8
    ],
    [
      0,
      9
    ]
  ],
  "task_split_classes": [
    [
      "deer",
      "cat"
    ],
    [
      "horse",
      "bird"
    ],
    [
      "car",
      "frog"
    ],
    [
      "dog",
      "ship"
    ],
    [
      "plane",
      "truck"
    ]
  ]
}
2023-02-16 11:54:33.173 | DEBUG    | __main__:run_experiment:282 - PID: 17860
2023-02-16 11:54:33.174 | INFO     | __main__:run_experiment:284 - Starting...
2023-02-16 11:54:33.175 | INFO     | algorithms.algorithm_base:train:116 - {
  "name": "algorithms.ewc.ElasticWeightConsolidation",
  "model_class": "models.cifar.resnet.ResNet",
  "device": "cuda:0",
  "dataset_class": "datasets.cifar10.CIFAR10",
  "optimiser_class": "torch.optim.sgd.SGD",
  "loss_criterion_class": "torch.nn.modules.loss.CrossEntropyLoss",
  "max_epochs_per_task": 50,
  "batch_size": 64,
  "task_importance": 175000
}
2023-02-16 11:54:33.176 | DEBUG    | algorithms.algorithm_base:_setup_training:109 - Model moved to cuda:0 and set to train mode
2023-02-16 11:54:33.177 | INFO     | algorithms.algorithm_base:train:118 - Starting training
2023-02-16 11:54:33.178 | INFO     | algorithms.ewc:train:69 - Task 1 / 5
2023-02-16 11:54:33.180 | INFO     | algorithms.ewc:train:70 - Classes in task: ['deer', 'cat']
2023-02-16 11:54:33.180 | INFO     | algorithms.ewc:train:73 - Starting epoch 1 / 50
2023-02-16 11:54:44.765 | INFO     | algorithms.ewc:train:114 - 1, loss: 1.895
2023-02-16 11:54:44.767 | INFO     | algorithms.ewc:train:119 - 1, EWC Loss: 0.000
2023-02-16 11:54:44.768 | INFO     | algorithms.ewc:train:73 - Starting epoch 2 / 50
2023-02-16 11:54:53.770 | INFO     | algorithms.ewc:train:114 - 2, loss: 1.232
2023-02-16 11:54:53.772 | INFO     | algorithms.ewc:train:119 - 2, EWC Loss: 0.000
2023-02-16 11:54:53.773 | INFO     | algorithms.ewc:train:73 - Starting epoch 3 / 50
2023-02-16 11:55:02.776 | INFO     | algorithms.ewc:train:114 - 3, loss: 0.933
2023-02-16 11:55:02.777 | INFO     | algorithms.ewc:train:119 - 3, EWC Loss: 0.000
2023-02-16 11:55:02.778 | INFO     | algorithms.ewc:train:73 - Starting epoch 4 / 50
2023-02-16 11:55:11.791 | INFO     | algorithms.ewc:train:114 - 4, loss: 0.778
2023-02-16 11:55:11.792 | INFO     | algorithms.ewc:train:119 - 4, EWC Loss: 0.000
2023-02-16 11:55:11.793 | INFO     | algorithms.ewc:train:73 - Starting epoch 5 / 50
2023-02-16 11:55:20.817 | INFO     | algorithms.ewc:train:114 - 5, loss: 0.678
2023-02-16 11:55:20.818 | INFO     | algorithms.ewc:train:119 - 5, EWC Loss: 0.000
2023-02-16 11:55:20.819 | INFO     | algorithms.ewc:train:73 - Starting epoch 6 / 50
2023-02-16 11:55:29.903 | INFO     | algorithms.ewc:train:114 - 6, loss: 0.615
2023-02-16 11:55:29.905 | INFO     | algorithms.ewc:train:119 - 6, EWC Loss: 0.000
2023-02-16 11:55:29.906 | INFO     | algorithms.ewc:train:73 - Starting epoch 7 / 50
2023-02-16 11:55:38.960 | INFO     | algorithms.ewc:train:114 - 7, loss: 0.572
2023-02-16 11:55:38.961 | INFO     | algorithms.ewc:train:119 - 7, EWC Loss: 0.000
2023-02-16 11:55:38.962 | INFO     | algorithms.ewc:train:73 - Starting epoch 8 / 50
2023-02-16 11:55:48.004 | INFO     | algorithms.ewc:train:114 - 8, loss: 0.530
2023-02-16 11:55:48.005 | INFO     | algorithms.ewc:train:119 - 8, EWC Loss: 0.000
2023-02-16 11:55:48.006 | INFO     | algorithms.ewc:train:73 - Starting epoch 9 / 50
2023-02-16 11:55:57.064 | INFO     | algorithms.ewc:train:114 - 9, loss: 0.498
2023-02-16 11:55:57.064 | INFO     | algorithms.ewc:train:119 - 9, EWC Loss: 0.000
2023-02-16 11:55:57.066 | INFO     | algorithms.ewc:train:73 - Starting epoch 10 / 50
2023-02-16 11:56:06.161 | INFO     | algorithms.ewc:train:114 - 10, loss: 0.474
2023-02-16 11:56:06.161 | INFO     | algorithms.ewc:train:119 - 10, EWC Loss: 0.000
2023-02-16 11:56:06.162 | INFO     | algorithms.ewc:train:73 - Starting epoch 11 / 50
2023-02-16 11:56:15.231 | INFO     | algorithms.ewc:train:114 - 11, loss: 0.460
2023-02-16 11:56:15.233 | INFO     | algorithms.ewc:train:119 - 11, EWC Loss: 0.000
2023-02-16 11:56:15.234 | INFO     | algorithms.ewc:train:73 - Starting epoch 12 / 50
2023-02-16 11:56:24.286 | INFO     | algorithms.ewc:train:114 - 12, loss: 0.430
2023-02-16 11:56:24.287 | INFO     | algorithms.ewc:train:119 - 12, EWC Loss: 0.000
2023-02-16 11:56:24.288 | INFO     | algorithms.ewc:train:73 - Starting epoch 13 / 50
2023-02-16 11:56:33.341 | INFO     | algorithms.ewc:train:114 - 13, loss: 0.425
2023-02-16 11:56:33.343 | INFO     | algorithms.ewc:train:119 - 13, EWC Loss: 0.000
2023-02-16 11:56:33.344 | INFO     | algorithms.ewc:train:73 - Starting epoch 14 / 50
2023-02-16 11:56:42.402 | INFO     | algorithms.ewc:train:114 - 14, loss: 0.401
2023-02-16 11:56:42.403 | INFO     | algorithms.ewc:train:119 - 14, EWC Loss: 0.000
2023-02-16 11:56:42.404 | INFO     | algorithms.ewc:train:73 - Starting epoch 15 / 50
2023-02-16 11:56:51.460 | INFO     | algorithms.ewc:train:114 - 15, loss: 0.386
2023-02-16 11:56:51.461 | INFO     | algorithms.ewc:train:119 - 15, EWC Loss: 0.000
2023-02-16 11:56:51.462 | INFO     | algorithms.ewc:train:73 - Starting epoch 16 / 50
2023-02-16 11:57:00.506 | INFO     | algorithms.ewc:train:114 - 16, loss: 0.382
2023-02-16 11:57:00.507 | INFO     | algorithms.ewc:train:119 - 16, EWC Loss: 0.000
2023-02-16 11:57:00.508 | INFO     | algorithms.ewc:train:73 - Starting epoch 17 / 50
2023-02-16 11:57:09.557 | INFO     | algorithms.ewc:train:114 - 17, loss: 0.361
2023-02-16 11:57:09.559 | INFO     | algorithms.ewc:train:119 - 17, EWC Loss: 0.000
2023-02-16 11:57:09.560 | INFO     | algorithms.ewc:train:73 - Starting epoch 18 / 50
2023-02-16 11:57:18.614 | INFO     | algorithms.ewc:train:114 - 18, loss: 0.353
2023-02-16 11:57:18.616 | INFO     | algorithms.ewc:train:119 - 18, EWC Loss: 0.000
2023-02-16 11:57:18.617 | INFO     | algorithms.ewc:train:73 - Starting epoch 19 / 50
2023-02-16 11:57:27.671 | INFO     | algorithms.ewc:train:114 - 19, loss: 0.336
2023-02-16 11:57:27.673 | INFO     | algorithms.ewc:train:119 - 19, EWC Loss: 0.000
2023-02-16 11:57:27.674 | INFO     | algorithms.ewc:train:73 - Starting epoch 20 / 50
2023-02-16 11:57:36.719 | INFO     | algorithms.ewc:train:114 - 20, loss: 0.325
2023-02-16 11:57:36.720 | INFO     | algorithms.ewc:train:119 - 20, EWC Loss: 0.000
2023-02-16 11:57:36.721 | INFO     | algorithms.ewc:train:73 - Starting epoch 21 / 50
2023-02-16 11:57:45.771 | INFO     | algorithms.ewc:train:114 - 21, loss: 0.322
2023-02-16 11:57:45.772 | INFO     | algorithms.ewc:train:119 - 21, EWC Loss: 0.000
2023-02-16 11:57:45.773 | INFO     | algorithms.ewc:train:73 - Starting epoch 22 / 50
2023-02-16 11:57:54.829 | INFO     | algorithms.ewc:train:114 - 22, loss: 0.314
2023-02-16 11:57:54.830 | INFO     | algorithms.ewc:train:119 - 22, EWC Loss: 0.000
2023-02-16 11:57:54.831 | INFO     | algorithms.ewc:train:73 - Starting epoch 23 / 50
2023-02-16 11:58:03.875 | INFO     | algorithms.ewc:train:114 - 23, loss: 0.302
2023-02-16 11:58:03.877 | INFO     | algorithms.ewc:train:119 - 23, EWC Loss: 0.000
2023-02-16 11:58:03.878 | INFO     | algorithms.ewc:train:73 - Starting epoch 24 / 50
2023-02-16 11:58:12.929 | INFO     | algorithms.ewc:train:114 - 24, loss: 0.302
2023-02-16 11:58:12.931 | INFO     | algorithms.ewc:train:119 - 24, EWC Loss: 0.000
2023-02-16 11:58:12.932 | INFO     | algorithms.ewc:train:73 - Starting epoch 25 / 50
2023-02-16 11:58:21.990 | INFO     | algorithms.ewc:train:114 - 25, loss: 0.293
2023-02-16 11:58:21.991 | INFO     | algorithms.ewc:train:119 - 25, EWC Loss: 0.000
2023-02-16 11:58:21.991 | INFO     | algorithms.ewc:train:73 - Starting epoch 26 / 50
2023-02-16 11:58:31.051 | INFO     | algorithms.ewc:train:114 - 26, loss: 0.283
2023-02-16 11:58:31.053 | INFO     | algorithms.ewc:train:119 - 26, EWC Loss: 0.000
2023-02-16 11:58:31.054 | INFO     | algorithms.ewc:train:73 - Starting epoch 27 / 50
2023-02-16 11:58:40.107 | INFO     | algorithms.ewc:train:114 - 27, loss: 0.278
2023-02-16 11:58:40.109 | INFO     | algorithms.ewc:train:119 - 27, EWC Loss: 0.000
2023-02-16 11:58:40.110 | INFO     | algorithms.ewc:train:73 - Starting epoch 28 / 50
2023-02-16 11:58:49.164 | INFO     | algorithms.ewc:train:114 - 28, loss: 0.274
2023-02-16 11:58:49.165 | INFO     | algorithms.ewc:train:119 - 28, EWC Loss: 0.000
2023-02-16 11:58:49.166 | INFO     | algorithms.ewc:train:73 - Starting epoch 29 / 50
2023-02-16 11:58:58.225 | INFO     | algorithms.ewc:train:114 - 29, loss: 0.270
2023-02-16 11:58:58.226 | INFO     | algorithms.ewc:train:119 - 29, EWC Loss: 0.000
2023-02-16 11:58:58.227 | INFO     | algorithms.ewc:train:73 - Starting epoch 30 / 50
2023-02-16 11:59:07.292 | INFO     | algorithms.ewc:train:114 - 30, loss: 0.250
2023-02-16 11:59:07.294 | INFO     | algorithms.ewc:train:119 - 30, EWC Loss: 0.000
2023-02-16 11:59:07.295 | INFO     | algorithms.ewc:train:73 - Starting epoch 31 / 50
2023-02-16 11:59:16.385 | INFO     | algorithms.ewc:train:114 - 31, loss: 0.259
2023-02-16 11:59:16.385 | INFO     | algorithms.ewc:train:119 - 31, EWC Loss: 0.000
2023-02-16 11:59:16.387 | INFO     | algorithms.ewc:train:73 - Starting epoch 32 / 50
2023-02-16 11:59:25.435 | INFO     | algorithms.ewc:train:114 - 32, loss: 0.250
2023-02-16 11:59:25.436 | INFO     | algorithms.ewc:train:119 - 32, EWC Loss: 0.000
2023-02-16 11:59:25.437 | INFO     | algorithms.ewc:train:73 - Starting epoch 33 / 50
2023-02-16 11:59:34.496 | INFO     | algorithms.ewc:train:114 - 33, loss: 0.245
2023-02-16 11:59:34.498 | INFO     | algorithms.ewc:train:119 - 33, EWC Loss: 0.000
2023-02-16 11:59:34.499 | INFO     | algorithms.ewc:train:73 - Starting epoch 34 / 50
2023-02-16 11:59:43.545 | INFO     | algorithms.ewc:train:114 - 34, loss: 0.239
2023-02-16 11:59:43.548 | INFO     | algorithms.ewc:train:119 - 34, EWC Loss: 0.000
2023-02-16 11:59:43.549 | INFO     | algorithms.ewc:train:73 - Starting epoch 35 / 50
2023-02-16 11:59:52.602 | INFO     | algorithms.ewc:train:114 - 35, loss: 0.228
2023-02-16 11:59:52.603 | INFO     | algorithms.ewc:train:119 - 35, EWC Loss: 0.000
2023-02-16 11:59:52.604 | INFO     | algorithms.ewc:train:73 - Starting epoch 36 / 50
2023-02-16 12:00:01.677 | INFO     | algorithms.ewc:train:114 - 36, loss: 0.229
2023-02-16 12:00:01.679 | INFO     | algorithms.ewc:train:119 - 36, EWC Loss: 0.000
2023-02-16 12:00:01.680 | INFO     | algorithms.ewc:train:73 - Starting epoch 37 / 50
2023-02-16 12:00:10.733 | INFO     | algorithms.ewc:train:114 - 37, loss: 0.225
2023-02-16 12:00:10.735 | INFO     | algorithms.ewc:train:119 - 37, EWC Loss: 0.000
2023-02-16 12:00:10.736 | INFO     | algorithms.ewc:train:73 - Starting epoch 38 / 50
2023-02-16 12:00:19.776 | INFO     | algorithms.ewc:train:114 - 38, loss: 0.215
2023-02-16 12:00:19.777 | INFO     | algorithms.ewc:train:119 - 38, EWC Loss: 0.000
2023-02-16 12:00:19.778 | INFO     | algorithms.ewc:train:73 - Starting epoch 39 / 50
2023-02-16 12:00:28.841 | INFO     | algorithms.ewc:train:114 - 39, loss: 0.214
2023-02-16 12:00:28.843 | INFO     | algorithms.ewc:train:119 - 39, EWC Loss: 0.000
2023-02-16 12:00:28.844 | INFO     | algorithms.ewc:train:73 - Starting epoch 40 / 50
2023-02-16 12:00:37.903 | INFO     | algorithms.ewc:train:114 - 40, loss: 0.212
2023-02-16 12:00:37.904 | INFO     | algorithms.ewc:train:119 - 40, EWC Loss: 0.000
2023-02-16 12:00:37.905 | INFO     | algorithms.ewc:train:73 - Starting epoch 41 / 50
2023-02-16 12:00:46.961 | INFO     | algorithms.ewc:train:114 - 41, loss: 0.196
2023-02-16 12:00:46.962 | INFO     | algorithms.ewc:train:119 - 41, EWC Loss: 0.000
2023-02-16 12:00:46.963 | INFO     | algorithms.ewc:train:73 - Starting epoch 42 / 50
2023-02-16 12:00:56.015 | INFO     | algorithms.ewc:train:114 - 42, loss: 0.209
2023-02-16 12:00:56.016 | INFO     | algorithms.ewc:train:119 - 42, EWC Loss: 0.000
2023-02-16 12:00:56.017 | INFO     | algorithms.ewc:train:73 - Starting epoch 43 / 50
2023-02-16 12:01:05.076 | INFO     | algorithms.ewc:train:114 - 43, loss: 0.196
2023-02-16 12:01:05.078 | INFO     | algorithms.ewc:train:119 - 43, EWC Loss: 0.000
2023-02-16 12:01:05.079 | INFO     | algorithms.ewc:train:73 - Starting epoch 44 / 50
2023-02-16 12:01:14.126 | INFO     | algorithms.ewc:train:114 - 44, loss: 0.192
2023-02-16 12:01:14.128 | INFO     | algorithms.ewc:train:119 - 44, EWC Loss: 0.000
2023-02-16 12:01:14.129 | INFO     | algorithms.ewc:train:73 - Starting epoch 45 / 50
2023-02-16 12:01:23.186 | INFO     | algorithms.ewc:train:114 - 45, loss: 0.190
2023-02-16 12:01:23.188 | INFO     | algorithms.ewc:train:119 - 45, EWC Loss: 0.000
2023-02-16 12:01:23.189 | INFO     | algorithms.ewc:train:73 - Starting epoch 46 / 50
2023-02-16 12:01:32.264 | INFO     | algorithms.ewc:train:114 - 46, loss: 0.187
2023-02-16 12:01:32.266 | INFO     | algorithms.ewc:train:119 - 46, EWC Loss: 0.000
2023-02-16 12:01:32.267 | INFO     | algorithms.ewc:train:73 - Starting epoch 47 / 50
2023-02-16 12:01:41.313 | INFO     | algorithms.ewc:train:114 - 47, loss: 0.181
2023-02-16 12:01:41.314 | INFO     | algorithms.ewc:train:119 - 47, EWC Loss: 0.000
2023-02-16 12:01:41.315 | INFO     | algorithms.ewc:train:73 - Starting epoch 48 / 50
2023-02-16 12:01:50.371 | INFO     | algorithms.ewc:train:114 - 48, loss: 0.179
2023-02-16 12:01:50.372 | INFO     | algorithms.ewc:train:119 - 48, EWC Loss: 0.000
2023-02-16 12:01:50.374 | INFO     | algorithms.ewc:train:73 - Starting epoch 49 / 50
2023-02-16 12:01:59.437 | INFO     | algorithms.ewc:train:114 - 49, loss: 0.172
2023-02-16 12:01:59.438 | INFO     | algorithms.ewc:train:119 - 49, EWC Loss: 0.000
2023-02-16 12:01:59.439 | INFO     | algorithms.ewc:train:73 - Starting epoch 50 / 50
2023-02-16 12:02:08.489 | INFO     | algorithms.ewc:train:114 - 50, loss: 0.173
2023-02-16 12:02:08.491 | INFO     | algorithms.ewc:train:119 - 50, EWC Loss: 0.000
2023-02-16 12:02:08.492 | INFO     | algorithms.algorithm_base:run_base_task_metrics:144 - Running metrics: Task 0
2023-02-16 12:02:13.577 | DEBUG    | algorithms.algorithm_base:run_base_task_metrics:200 - Raw classification accuracy results saved to ./output_cifar10_0.5k/ewc/1676548471.7549589_CIFAR10_OFFICIAL_RUN/task_0_accuracy_results.json
2023-02-16 12:02:13.579 | INFO     | algorithms.algorithm_base:run_base_task_metrics:201 - Correctly classified 1810 / 10000 samples (18.10% correct)
2023-02-16 12:02:13.824 | DEBUG    | algorithms.ewc:train:136 - Consolidating EWC parameters
2023-02-16 12:02:13.829 | DEBUG    | algorithms.ewc:consolidate:142 - Copying existing model parameters
2023-02-16 12:02:13.876 | DEBUG    | algorithms.ewc:consolidate:145 - Computing FIM
2023-02-16 12:02:15.892 | DEBUG    | algorithms.ewc:fim_diag:209 - Samples:   100. Fps: 49.6665 samples/s.
2023-02-16 12:02:17.442 | DEBUG    | algorithms.ewc:fim_diag:209 - Samples:   200. Fps: 64.5213 samples/s.
2023-02-16 12:02:18.984 | DEBUG    | algorithms.ewc:fim_diag:209 - Samples:   300. Fps: 64.9112 samples/s.
2023-02-16 12:02:20.527 | DEBUG    | algorithms.ewc:fim_diag:209 - Samples:   400. Fps: 64.7426 samples/s.
2023-02-16 12:02:22.108 | DEBUG    | algorithms.ewc:fim_diag:209 - Samples:   500. Fps: 63.2451 samples/s.
2023-02-16 12:02:23.693 | DEBUG    | algorithms.ewc:fim_diag:209 - Samples:   600. Fps: 63.0965 samples/s.
2023-02-16 12:02:25.269 | DEBUG    | algorithms.ewc:fim_diag:209 - Samples:   700. Fps: 63.4707 samples/s.
2023-02-16 12:02:26.846 | DEBUG    | algorithms.ewc:fim_diag:209 - Samples:   800. Fps: 63.4086 samples/s.
2023-02-16 12:02:28.541 | DEBUG    | algorithms.ewc:fim_diag:209 - Samples:   900. Fps: 59.0102 samples/s.
2023-02-16 12:02:30.082 | DEBUG    | algorithms.ewc:fim_diag:209 - Samples:  1000. Fps: 64.8927 samples/s.
2023-02-16 12:02:31.623 | DEBUG    | algorithms.ewc:fim_diag:209 - Samples:  1100. Fps: 64.8547 samples/s.
2023-02-16 12:02:33.161 | DEBUG    | algorithms.ewc:fim_diag:209 - Samples:  1200. Fps: 65.0204 samples/s.
2023-02-16 12:02:34.745 | DEBUG    | algorithms.ewc:fim_diag:209 - Samples:  1300. Fps: 63.1576 samples/s.
2023-02-16 12:02:36.335 | DEBUG    | algorithms.ewc:fim_diag:209 - Samples:  1400. Fps: 62.8695 samples/s.
2023-02-16 12:02:37.919 | DEBUG    | algorithms.ewc:fim_diag:209 - Samples:  1500. Fps: 63.1508 samples/s.
2023-02-16 12:02:39.508 | DEBUG    | algorithms.ewc:fim_diag:209 - Samples:  1600. Fps: 62.9153 samples/s.
2023-02-16 12:02:41.210 | DEBUG    | algorithms.ewc:fim_diag:209 - Samples:  1700. Fps: 58.7787 samples/s.
2023-02-16 12:02:42.758 | DEBUG    | algorithms.ewc:fim_diag:209 - Samples:  1800. Fps: 64.5913 samples/s.
2023-02-16 12:02:44.304 | DEBUG    | algorithms.ewc:fim_diag:209 - Samples:  1900. Fps: 64.6575 samples/s.
2023-02-16 12:02:45.861 | DEBUG    | algorithms.ewc:fim_diag:209 - Samples:  2000. Fps: 64.2332 samples/s.
2023-02-16 12:02:47.445 | DEBUG    | algorithms.ewc:fim_diag:209 - Samples:  2100. Fps: 63.1476 samples/s.
2023-02-16 12:02:49.036 | DEBUG    | algorithms.ewc:fim_diag:209 - Samples:  2200. Fps: 62.8348 samples/s.
2023-02-16 12:02:50.621 | DEBUG    | algorithms.ewc:fim_diag:209 - Samples:  2300. Fps: 63.1159 samples/s.
2023-02-16 12:02:52.209 | DEBUG    | algorithms.ewc:fim_diag:209 - Samples:  2400. Fps: 62.9431 samples/s.
2023-02-16 12:02:53.918 | DEBUG    | algorithms.ewc:fim_diag:209 - Samples:  2500. Fps: 58.5221 samples/s.
2023-02-16 12:02:55.465 | DEBUG    | algorithms.ewc:fim_diag:209 - Samples:  2600. Fps: 64.6665 samples/s.
2023-02-16 12:02:57.016 | DEBUG    | algorithms.ewc:fim_diag:209 - Samples:  2700. Fps: 64.4718 samples/s.
2023-02-16 12:02:58.561 | DEBUG    | algorithms.ewc:fim_diag:209 - Samples:  2800. Fps: 64.7234 samples/s.
2023-02-16 12:03:00.152 | DEBUG    | algorithms.ewc:fim_diag:209 - Samples:  2900. Fps: 62.8520 samples/s.
2023-02-16 12:03:01.742 | DEBUG    | algorithms.ewc:fim_diag:209 - Samples:  3000. Fps: 62.8753 samples/s.
2023-02-16 12:03:03.333 | DEBUG    | algorithms.ewc:fim_diag:209 - Samples:  3100. Fps: 62.8606 samples/s.
2023-02-16 12:03:04.915 | DEBUG    | algorithms.ewc:fim_diag:209 - Samples:  3200. Fps: 63.2171 samples/s.
2023-02-16 12:03:06.625 | DEBUG    | algorithms.ewc:fim_diag:209 - Samples:  3300. Fps: 58.4897 samples/s.
2023-02-16 12:03:08.171 | DEBUG    | algorithms.ewc:fim_diag:209 - Samples:  3400. Fps: 64.6748 samples/s.
2023-02-16 12:03:09.717 | DEBUG    | algorithms.ewc:fim_diag:209 - Samples:  3500. Fps: 64.6565 samples/s.
2023-02-16 12:03:11.267 | DEBUG    | algorithms.ewc:fim_diag:209 - Samples:  3600. Fps: 64.5147 samples/s.
2023-02-16 12:03:12.854 | DEBUG    | algorithms.ewc:fim_diag:209 - Samples:  3700. Fps: 63.0181 samples/s.
2023-02-16 12:03:14.444 | DEBUG    | algorithms.ewc:fim_diag:209 - Samples:  3800. Fps: 62.9175 samples/s.
2023-02-16 12:03:16.035 | DEBUG    | algorithms.ewc:fim_diag:209 - Samples:  3900. Fps: 62.8298 samples/s.
2023-02-16 12:03:17.616 | DEBUG    | algorithms.ewc:fim_diag:209 - Samples:  4000. Fps: 63.2514 samples/s.
2023-02-16 12:03:19.147 | INFO     | algorithms.ewc:train:69 - Task 2 / 5
2023-02-16 12:03:19.149 | INFO     | algorithms.ewc:train:70 - Classes in task: ['horse', 'bird']
2023-02-16 12:03:19.150 | INFO     | algorithms.ewc:train:73 - Starting epoch 1 / 50
2023-02-16 12:03:29.554 | INFO     | algorithms.ewc:train:114 - 1, loss: 9.791
2023-02-16 12:03:29.555 | INFO     | algorithms.ewc:train:119 - 1, EWC Loss: 4.944
2023-02-16 12:03:29.556 | INFO     | algorithms.ewc:train:73 - Starting epoch 2 / 50
2023-02-16 12:03:39.779 | INFO     | algorithms.ewc:train:114 - 2, loss: 4.152
2023-02-16 12:03:39.780 | INFO     | algorithms.ewc:train:119 - 2, EWC Loss: 1.096
2023-02-16 12:03:39.781 | INFO     | algorithms.ewc:train:73 - Starting epoch 3 / 50
2023-02-16 12:03:49.998 | INFO     | algorithms.ewc:train:114 - 3, loss: 3.556
2023-02-16 12:03:50.000 | INFO     | algorithms.ewc:train:119 - 3, EWC Loss: 1.278
2023-02-16 12:03:50.001 | INFO     | algorithms.ewc:train:73 - Starting epoch 4 / 50
2023-02-16 12:04:00.222 | INFO     | algorithms.ewc:train:114 - 4, loss: 3.303
2023-02-16 12:04:00.224 | INFO     | algorithms.ewc:train:119 - 4, EWC Loss: 1.343
2023-02-16 12:04:00.225 | INFO     | algorithms.ewc:train:73 - Starting epoch 5 / 50
2023-02-16 12:04:10.449 | INFO     | algorithms.ewc:train:114 - 5, loss: 3.154
2023-02-16 12:04:10.450 | INFO     | algorithms.ewc:train:119 - 5, EWC Loss: 1.364
2023-02-16 12:04:10.451 | INFO     | algorithms.ewc:train:73 - Starting epoch 6 / 50
2023-02-16 12:04:20.657 | INFO     | algorithms.ewc:train:114 - 6, loss: 3.044
2023-02-16 12:04:20.658 | INFO     | algorithms.ewc:train:119 - 6, EWC Loss: 1.372
2023-02-16 12:04:20.659 | INFO     | algorithms.ewc:train:73 - Starting epoch 7 / 50
2023-02-16 12:04:30.886 | INFO     | algorithms.ewc:train:114 - 7, loss: 2.968
2023-02-16 12:04:30.888 | INFO     | algorithms.ewc:train:119 - 7, EWC Loss: 1.370
2023-02-16 12:04:30.889 | INFO     | algorithms.ewc:train:73 - Starting epoch 8 / 50
2023-02-16 12:04:41.108 | INFO     | algorithms.ewc:train:114 - 8, loss: 2.917
2023-02-16 12:04:41.109 | INFO     | algorithms.ewc:train:119 - 8, EWC Loss: 1.371
2023-02-16 12:04:41.110 | INFO     | algorithms.ewc:train:73 - Starting epoch 9 / 50
2023-02-16 12:04:51.307 | INFO     | algorithms.ewc:train:114 - 9, loss: 2.865
2023-02-16 12:04:51.308 | INFO     | algorithms.ewc:train:119 - 9, EWC Loss: 1.371
2023-02-16 12:04:51.309 | INFO     | algorithms.ewc:train:73 - Starting epoch 10 / 50
2023-02-16 12:05:01.533 | INFO     | algorithms.ewc:train:114 - 10, loss: 2.825
2023-02-16 12:05:01.534 | INFO     | algorithms.ewc:train:119 - 10, EWC Loss: 1.366
2023-02-16 12:05:01.535 | INFO     | algorithms.ewc:train:73 - Starting epoch 11 / 50
2023-02-16 12:05:11.748 | INFO     | algorithms.ewc:train:114 - 11, loss: 2.792
2023-02-16 12:05:11.749 | INFO     | algorithms.ewc:train:119 - 11, EWC Loss: 1.366
2023-02-16 12:05:11.750 | INFO     | algorithms.ewc:train:73 - Starting epoch 12 / 50
2023-02-16 12:05:22.009 | INFO     | algorithms.ewc:train:114 - 12, loss: 2.767
2023-02-16 12:05:22.010 | INFO     | algorithms.ewc:train:119 - 12, EWC Loss: 1.367
2023-02-16 12:05:22.012 | INFO     | algorithms.ewc:train:73 - Starting epoch 13 / 50
2023-02-16 12:05:32.245 | INFO     | algorithms.ewc:train:114 - 13, loss: 2.739
2023-02-16 12:05:32.246 | INFO     | algorithms.ewc:train:119 - 13, EWC Loss: 1.363
2023-02-16 12:05:32.247 | INFO     | algorithms.ewc:train:73 - Starting epoch 14 / 50
2023-02-16 12:05:42.469 | INFO     | algorithms.ewc:train:114 - 14, loss: 2.717
2023-02-16 12:05:42.470 | INFO     | algorithms.ewc:train:119 - 14, EWC Loss: 1.361
2023-02-16 12:05:42.471 | INFO     | algorithms.ewc:train:73 - Starting epoch 15 / 50
2023-02-16 12:05:52.692 | INFO     | algorithms.ewc:train:114 - 15, loss: 2.704
2023-02-16 12:05:52.693 | INFO     | algorithms.ewc:train:119 - 15, EWC Loss: 1.360
2023-02-16 12:05:52.694 | INFO     | algorithms.ewc:train:73 - Starting epoch 16 / 50
2023-02-16 12:06:02.932 | INFO     | algorithms.ewc:train:114 - 16, loss: 2.680
2023-02-16 12:06:02.934 | INFO     | algorithms.ewc:train:119 - 16, EWC Loss: 1.357
2023-02-16 12:06:02.935 | INFO     | algorithms.ewc:train:73 - Starting epoch 17 / 50
2023-02-16 12:06:13.147 | INFO     | algorithms.ewc:train:114 - 17, loss: 2.669
2023-02-16 12:06:13.148 | INFO     | algorithms.ewc:train:119 - 17, EWC Loss: 1.357
2023-02-16 12:06:13.149 | INFO     | algorithms.ewc:train:73 - Starting epoch 18 / 50
2023-02-16 12:06:23.385 | INFO     | algorithms.ewc:train:114 - 18, loss: 2.651
2023-02-16 12:06:23.387 | INFO     | algorithms.ewc:train:119 - 18, EWC Loss: 1.354
2023-02-16 12:06:23.388 | INFO     | algorithms.ewc:train:73 - Starting epoch 19 / 50
2023-02-16 12:06:33.598 | INFO     | algorithms.ewc:train:114 - 19, loss: 2.639
2023-02-16 12:06:33.599 | INFO     | algorithms.ewc:train:119 - 19, EWC Loss: 1.352
2023-02-16 12:06:33.600 | INFO     | algorithms.ewc:train:73 - Starting epoch 20 / 50
2023-02-16 12:06:43.804 | INFO     | algorithms.ewc:train:114 - 20, loss: 2.622
2023-02-16 12:06:43.806 | INFO     | algorithms.ewc:train:119 - 20, EWC Loss: 1.351
2023-02-16 12:06:43.807 | INFO     | algorithms.ewc:train:73 - Starting epoch 21 / 50
2023-02-16 12:06:54.031 | INFO     | algorithms.ewc:train:114 - 21, loss: 2.619
2023-02-16 12:06:54.032 | INFO     | algorithms.ewc:train:119 - 21, EWC Loss: 1.349
2023-02-16 12:06:54.033 | INFO     | algorithms.ewc:train:73 - Starting epoch 22 / 50
2023-02-16 12:07:04.259 | INFO     | algorithms.ewc:train:114 - 22, loss: 2.605
2023-02-16 12:07:04.260 | INFO     | algorithms.ewc:train:119 - 22, EWC Loss: 1.347
2023-02-16 12:07:04.262 | INFO     | algorithms.ewc:train:73 - Starting epoch 23 / 50
2023-02-16 12:07:14.473 | INFO     | algorithms.ewc:train:114 - 23, loss: 2.596
2023-02-16 12:07:14.474 | INFO     | algorithms.ewc:train:119 - 23, EWC Loss: 1.344
2023-02-16 12:07:14.476 | INFO     | algorithms.ewc:train:73 - Starting epoch 24 / 50
2023-02-16 12:07:24.689 | INFO     | algorithms.ewc:train:114 - 24, loss: 2.586
2023-02-16 12:07:24.691 | INFO     | algorithms.ewc:train:119 - 24, EWC Loss: 1.343
2023-02-16 12:07:24.692 | INFO     | algorithms.ewc:train:73 - Starting epoch 25 / 50
2023-02-16 12:07:34.925 | INFO     | algorithms.ewc:train:114 - 25, loss: 2.574
2023-02-16 12:07:34.926 | INFO     | algorithms.ewc:train:119 - 25, EWC Loss: 1.342
2023-02-16 12:07:34.927 | INFO     | algorithms.ewc:train:73 - Starting epoch 26 / 50
2023-02-16 12:07:45.135 | INFO     | algorithms.ewc:train:114 - 26, loss: 2.573
2023-02-16 12:07:45.136 | INFO     | algorithms.ewc:train:119 - 26, EWC Loss: 1.340
2023-02-16 12:07:45.137 | INFO     | algorithms.ewc:train:73 - Starting epoch 27 / 50
2023-02-16 12:07:55.348 | INFO     | algorithms.ewc:train:114 - 27, loss: 2.559
2023-02-16 12:07:55.350 | INFO     | algorithms.ewc:train:119 - 27, EWC Loss: 1.338
2023-02-16 12:07:55.351 | INFO     | algorithms.ewc:train:73 - Starting epoch 28 / 50
2023-02-16 12:08:05.579 | INFO     | algorithms.ewc:train:114 - 28, loss: 2.551
2023-02-16 12:08:05.581 | INFO     | algorithms.ewc:train:119 - 28, EWC Loss: 1.337
2023-02-16 12:08:05.582 | INFO     | algorithms.ewc:train:73 - Starting epoch 29 / 50
2023-02-16 12:08:15.822 | INFO     | algorithms.ewc:train:114 - 29, loss: 2.547
2023-02-16 12:08:15.824 | INFO     | algorithms.ewc:train:119 - 29, EWC Loss: 1.335
2023-02-16 12:08:15.825 | INFO     | algorithms.ewc:train:73 - Starting epoch 30 / 50
2023-02-16 12:08:26.064 | INFO     | algorithms.ewc:train:114 - 30, loss: 2.544
2023-02-16 12:08:26.065 | INFO     | algorithms.ewc:train:119 - 30, EWC Loss: 1.335
2023-02-16 12:08:26.066 | INFO     | algorithms.ewc:train:73 - Starting epoch 31 / 50
2023-02-16 12:08:36.280 | INFO     | algorithms.ewc:train:114 - 31, loss: 2.531
2023-02-16 12:08:36.282 | INFO     | algorithms.ewc:train:119 - 31, EWC Loss: 1.333
2023-02-16 12:08:36.283 | INFO     | algorithms.ewc:train:73 - Starting epoch 32 / 50
2023-02-16 12:08:46.498 | INFO     | algorithms.ewc:train:114 - 32, loss: 2.525
2023-02-16 12:08:46.499 | INFO     | algorithms.ewc:train:119 - 32, EWC Loss: 1.331
2023-02-16 12:08:46.501 | INFO     | algorithms.ewc:train:73 - Starting epoch 33 / 50
2023-02-16 12:08:56.710 | INFO     | algorithms.ewc:train:114 - 33, loss: 2.516
2023-02-16 12:08:56.712 | INFO     | algorithms.ewc:train:119 - 33, EWC Loss: 1.329
2023-02-16 12:08:56.713 | INFO     | algorithms.ewc:train:73 - Starting epoch 34 / 50
2023-02-16 12:09:06.928 | INFO     | algorithms.ewc:train:114 - 34, loss: 2.516
2023-02-16 12:09:06.929 | INFO     | algorithms.ewc:train:119 - 34, EWC Loss: 1.328
2023-02-16 12:09:06.930 | INFO     | algorithms.ewc:train:73 - Starting epoch 35 / 50
2023-02-16 12:09:17.136 | INFO     | algorithms.ewc:train:114 - 35, loss: 2.510
2023-02-16 12:09:17.137 | INFO     | algorithms.ewc:train:119 - 35, EWC Loss: 1.327
2023-02-16 12:09:17.138 | INFO     | algorithms.ewc:train:73 - Starting epoch 36 / 50
2023-02-16 12:09:27.368 | INFO     | algorithms.ewc:train:114 - 36, loss: 2.506
2023-02-16 12:09:27.370 | INFO     | algorithms.ewc:train:119 - 36, EWC Loss: 1.326
2023-02-16 12:09:27.371 | INFO     | algorithms.ewc:train:73 - Starting epoch 37 / 50
2023-02-16 12:09:37.597 | INFO     | algorithms.ewc:train:114 - 37, loss: 2.499
2023-02-16 12:09:37.598 | INFO     | algorithms.ewc:train:119 - 37, EWC Loss: 1.325
2023-02-16 12:09:37.599 | INFO     | algorithms.ewc:train:73 - Starting epoch 38 / 50
2023-02-16 12:09:47.817 | INFO     | algorithms.ewc:train:114 - 38, loss: 2.496
2023-02-16 12:09:47.818 | INFO     | algorithms.ewc:train:119 - 38, EWC Loss: 1.324
2023-02-16 12:09:47.819 | INFO     | algorithms.ewc:train:73 - Starting epoch 39 / 50
2023-02-16 12:09:58.040 | INFO     | algorithms.ewc:train:114 - 39, loss: 2.490
2023-02-16 12:09:58.042 | INFO     | algorithms.ewc:train:119 - 39, EWC Loss: 1.322
2023-02-16 12:09:58.043 | INFO     | algorithms.ewc:train:73 - Starting epoch 40 / 50
2023-02-16 12:10:08.257 | INFO     | algorithms.ewc:train:114 - 40, loss: 2.486
2023-02-16 12:10:08.258 | INFO     | algorithms.ewc:train:119 - 40, EWC Loss: 1.320
2023-02-16 12:10:08.259 | INFO     | algorithms.ewc:train:73 - Starting epoch 41 / 50
2023-02-16 12:10:18.469 | INFO     | algorithms.ewc:train:114 - 41, loss: 2.483
2023-02-16 12:10:18.470 | INFO     | algorithms.ewc:train:119 - 41, EWC Loss: 1.320
2023-02-16 12:10:18.471 | INFO     | algorithms.ewc:train:73 - Starting epoch 42 / 50
2023-02-16 12:10:28.720 | INFO     | algorithms.ewc:train:114 - 42, loss: 2.482
2023-02-16 12:10:28.721 | INFO     | algorithms.ewc:train:119 - 42, EWC Loss: 1.319
2023-02-16 12:10:28.722 | INFO     | algorithms.ewc:train:73 - Starting epoch 43 / 50
2023-02-16 12:10:38.933 | INFO     | algorithms.ewc:train:114 - 43, loss: 2.472
2023-02-16 12:10:38.935 | INFO     | algorithms.ewc:train:119 - 43, EWC Loss: 1.317
2023-02-16 12:10:38.935 | INFO     | algorithms.ewc:train:73 - Starting epoch 44 / 50
2023-02-16 12:10:49.153 | INFO     | algorithms.ewc:train:114 - 44, loss: 2.468
2023-02-16 12:10:49.154 | INFO     | algorithms.ewc:train:119 - 44, EWC Loss: 1.316
2023-02-16 12:10:49.155 | INFO     | algorithms.ewc:train:73 - Starting epoch 45 / 50
2023-02-16 12:10:59.376 | INFO     | algorithms.ewc:train:114 - 45, loss: 2.463
2023-02-16 12:10:59.377 | INFO     | algorithms.ewc:train:119 - 45, EWC Loss: 1.315
2023-02-16 12:10:59.378 | INFO     | algorithms.ewc:train:73 - Starting epoch 46 / 50
2023-02-16 12:11:09.593 | INFO     | algorithms.ewc:train:114 - 46, loss: 2.463
2023-02-16 12:11:09.593 | INFO     | algorithms.ewc:train:119 - 46, EWC Loss: 1.313
2023-02-16 12:11:09.595 | INFO     | algorithms.ewc:train:73 - Starting epoch 47 / 50
2023-02-16 12:11:19.853 | INFO     | algorithms.ewc:train:114 - 47, loss: 2.458
2023-02-16 12:11:19.854 | INFO     | algorithms.ewc:train:119 - 47, EWC Loss: 1.312
2023-02-16 12:11:19.855 | INFO     | algorithms.ewc:train:73 - Starting epoch 48 / 50
2023-02-16 12:11:30.076 | INFO     | algorithms.ewc:train:114 - 48, loss: 2.458
2023-02-16 12:11:30.078 | INFO     | algorithms.ewc:train:119 - 48, EWC Loss: 1.312
2023-02-16 12:11:30.079 | INFO     | algorithms.ewc:train:73 - Starting epoch 49 / 50
2023-02-16 12:11:40.294 | INFO     | algorithms.ewc:train:114 - 49, loss: 2.452
2023-02-16 12:11:40.296 | INFO     | algorithms.ewc:train:119 - 49, EWC Loss: 1.311
2023-02-16 12:11:40.297 | INFO     | algorithms.ewc:train:73 - Starting epoch 50 / 50
2023-02-16 12:11:50.525 | INFO     | algorithms.ewc:train:114 - 50, loss: 2.447
2023-02-16 12:11:50.527 | INFO     | algorithms.ewc:train:119 - 50, EWC Loss: 1.310
2023-02-16 12:11:50.528 | INFO     | algorithms.algorithm_base:run_base_task_metrics:144 - Running metrics: Task 1
2023-02-16 12:11:55.310 | DEBUG    | algorithms.algorithm_base:run_base_task_metrics:200 - Raw classification accuracy results saved to ./output_cifar10_0.5k/ewc/1676548471.7549589_CIFAR10_OFFICIAL_RUN/task_1_accuracy_results.json
2023-02-16 12:11:55.312 | INFO     | algorithms.algorithm_base:run_base_task_metrics:201 - Correctly classified 1912 / 10000 samples (19.12% correct)
2023-02-16 12:11:55.448 | DEBUG    | algorithms.ewc:train:136 - Consolidating EWC parameters
2023-02-16 12:11:55.452 | DEBUG    | algorithms.ewc:consolidate:142 - Copying existing model parameters
2023-02-16 12:11:55.457 | DEBUG    | algorithms.ewc:consolidate:145 - Computing FIM
2023-02-16 12:11:57.023 | DEBUG    | algorithms.ewc:fim_diag:209 - Samples:   100. Fps: 63.9330 samples/s.
2023-02-16 12:11:58.581 | DEBUG    | algorithms.ewc:fim_diag:209 - Samples:   200. Fps: 64.1557 samples/s.
2023-02-16 12:12:00.134 | DEBUG    | algorithms.ewc:fim_diag:209 - Samples:   300. Fps: 64.4312 samples/s.
2023-02-16 12:12:01.684 | DEBUG    | algorithms.ewc:fim_diag:209 - Samples:   400. Fps: 64.4930 samples/s.
2023-02-16 12:12:03.274 | DEBUG    | algorithms.ewc:fim_diag:209 - Samples:   500. Fps: 62.9074 samples/s.
2023-02-16 12:12:04.857 | DEBUG    | algorithms.ewc:fim_diag:209 - Samples:   600. Fps: 63.1738 samples/s.
2023-02-16 12:12:06.450 | DEBUG    | algorithms.ewc:fim_diag:209 - Samples:   700. Fps: 62.7620 samples/s.
2023-02-16 12:12:08.039 | DEBUG    | algorithms.ewc:fim_diag:209 - Samples:   800. Fps: 62.9252 samples/s.
2023-02-16 12:12:09.739 | DEBUG    | algorithms.ewc:fim_diag:209 - Samples:   900. Fps: 58.8154 samples/s.
2023-02-16 12:12:11.290 | DEBUG    | algorithms.ewc:fim_diag:209 - Samples:  1000. Fps: 64.4820 samples/s.
2023-02-16 12:12:12.839 | DEBUG    | algorithms.ewc:fim_diag:209 - Samples:  1100. Fps: 64.5861 samples/s.
2023-02-16 12:12:14.389 | DEBUG    | algorithms.ewc:fim_diag:209 - Samples:  1200. Fps: 64.4838 samples/s.
2023-02-16 12:12:15.980 | DEBUG    | algorithms.ewc:fim_diag:209 - Samples:  1300. Fps: 62.8696 samples/s.
2023-02-16 12:12:17.571 | DEBUG    | algorithms.ewc:fim_diag:209 - Samples:  1400. Fps: 62.8438 samples/s.
2023-02-16 12:12:19.149 | DEBUG    | algorithms.ewc:fim_diag:209 - Samples:  1500. Fps: 63.3878 samples/s.
2023-02-16 12:12:20.741 | DEBUG    | algorithms.ewc:fim_diag:209 - Samples:  1600. Fps: 62.8058 samples/s.
2023-02-16 12:12:22.449 | DEBUG    | algorithms.ewc:fim_diag:209 - Samples:  1700. Fps: 58.5539 samples/s.
2023-02-16 12:12:23.998 | DEBUG    | algorithms.ewc:fim_diag:209 - Samples:  1800. Fps: 64.5744 samples/s.
2023-02-16 12:12:25.546 | DEBUG    | algorithms.ewc:fim_diag:209 - Samples:  1900. Fps: 64.5611 samples/s.
2023-02-16 12:12:27.093 | DEBUG    | algorithms.ewc:fim_diag:209 - Samples:  2000. Fps: 64.6593 samples/s.
2023-02-16 12:12:28.683 | DEBUG    | algorithms.ewc:fim_diag:209 - Samples:  2100. Fps: 62.8687 samples/s.
2023-02-16 12:12:30.273 | DEBUG    | algorithms.ewc:fim_diag:209 - Samples:  2200. Fps: 62.9222 samples/s.
2023-02-16 12:12:31.864 | DEBUG    | algorithms.ewc:fim_diag:209 - Samples:  2300. Fps: 62.8446 samples/s.
2023-02-16 12:12:33.453 | DEBUG    | algorithms.ewc:fim_diag:209 - Samples:  2400. Fps: 62.9184 samples/s.
2023-02-16 12:12:35.156 | DEBUG    | algorithms.ewc:fim_diag:209 - Samples:  2500. Fps: 58.7225 samples/s.
2023-02-16 12:12:36.706 | DEBUG    | algorithms.ewc:fim_diag:209 - Samples:  2600. Fps: 64.5415 samples/s.
2023-02-16 12:12:38.254 | DEBUG    | algorithms.ewc:fim_diag:209 - Samples:  2700. Fps: 64.5813 samples/s.
2023-02-16 12:12:39.802 | DEBUG    | algorithms.ewc:fim_diag:209 - Samples:  2800. Fps: 64.6243 samples/s.
2023-02-16 12:12:41.397 | DEBUG    | algorithms.ewc:fim_diag:209 - Samples:  2900. Fps: 62.6724 samples/s.
2023-02-16 12:12:42.987 | DEBUG    | algorithms.ewc:fim_diag:209 - Samples:  3000. Fps: 62.8987 samples/s.
2023-02-16 12:12:44.569 | DEBUG    | algorithms.ewc:fim_diag:209 - Samples:  3100. Fps: 63.2010 samples/s.
2023-02-16 12:12:46.164 | DEBUG    | algorithms.ewc:fim_diag:209 - Samples:  3200. Fps: 62.7025 samples/s.
2023-02-16 12:12:47.867 | DEBUG    | algorithms.ewc:fim_diag:209 - Samples:  3300. Fps: 58.7050 samples/s.
2023-02-16 12:12:49.419 | DEBUG    | algorithms.ewc:fim_diag:209 - Samples:  3400. Fps: 64.4404 samples/s.
2023-02-16 12:12:50.963 | DEBUG    | algorithms.ewc:fim_diag:209 - Samples:  3500. Fps: 64.7935 samples/s.
2023-02-16 12:12:52.514 | DEBUG    | algorithms.ewc:fim_diag:209 - Samples:  3600. Fps: 64.4451 samples/s.
2023-02-16 12:12:54.102 | DEBUG    | algorithms.ewc:fim_diag:209 - Samples:  3700. Fps: 62.9914 samples/s.
2023-02-16 12:12:55.694 | DEBUG    | algorithms.ewc:fim_diag:209 - Samples:  3800. Fps: 62.8070 samples/s.
2023-02-16 12:12:57.277 | DEBUG    | algorithms.ewc:fim_diag:209 - Samples:  3900. Fps: 63.1747 samples/s.
2023-02-16 12:12:58.870 | DEBUG    | algorithms.ewc:fim_diag:209 - Samples:  4000. Fps: 62.7667 samples/s.
2023-02-16 12:13:00.394 | INFO     | algorithms.ewc:train:69 - Task 3 / 5
2023-02-16 12:13:00.396 | INFO     | algorithms.ewc:train:70 - Classes in task: ['car', 'frog']
2023-02-16 12:13:00.396 | INFO     | algorithms.ewc:train:73 - Starting epoch 1 / 50
2023-02-16 12:13:10.727 | INFO     | algorithms.ewc:train:114 - 1, loss: 4.973
2023-02-16 12:13:10.729 | INFO     | algorithms.ewc:train:119 - 1, EWC Loss: 0.866
2023-02-16 12:13:10.730 | INFO     | algorithms.ewc:train:73 - Starting epoch 2 / 50
2023-02-16 12:13:20.952 | INFO     | algorithms.ewc:train:114 - 2, loss: 4.577
2023-02-16 12:13:20.953 | INFO     | algorithms.ewc:train:119 - 2, EWC Loss: 1.009
2023-02-16 12:13:20.954 | INFO     | algorithms.ewc:train:73 - Starting epoch 3 / 50
2023-02-16 12:13:31.179 | INFO     | algorithms.ewc:train:114 - 3, loss: 4.279
2023-02-16 12:13:31.181 | INFO     | algorithms.ewc:train:119 - 3, EWC Loss: 1.110
2023-02-16 12:13:31.182 | INFO     | algorithms.ewc:train:73 - Starting epoch 4 / 50
2023-02-16 12:13:41.410 | INFO     | algorithms.ewc:train:114 - 4, loss: 4.050
2023-02-16 12:13:41.412 | INFO     | algorithms.ewc:train:119 - 4, EWC Loss: 1.208
2023-02-16 12:13:41.413 | INFO     | algorithms.ewc:train:73 - Starting epoch 5 / 50
2023-02-16 12:13:51.635 | INFO     | algorithms.ewc:train:114 - 5, loss: 3.873
2023-02-16 12:13:51.636 | INFO     | algorithms.ewc:train:119 - 5, EWC Loss: 1.295
2023-02-16 12:13:51.637 | INFO     | algorithms.ewc:train:73 - Starting epoch 6 / 50
2023-02-16 12:14:01.852 | INFO     | algorithms.ewc:train:114 - 6, loss: 3.731
2023-02-16 12:14:01.855 | INFO     | algorithms.ewc:train:119 - 6, EWC Loss: 1.372
2023-02-16 12:14:01.856 | INFO     | algorithms.ewc:train:73 - Starting epoch 7 / 50
2023-02-16 12:14:12.080 | INFO     | algorithms.ewc:train:114 - 7, loss: 3.625
2023-02-16 12:14:12.082 | INFO     | algorithms.ewc:train:119 - 7, EWC Loss: 1.435
2023-02-16 12:14:12.083 | INFO     | algorithms.ewc:train:73 - Starting epoch 8 / 50
2023-02-16 12:14:22.344 | INFO     | algorithms.ewc:train:114 - 8, loss: 3.534
2023-02-16 12:14:22.346 | INFO     | algorithms.ewc:train:119 - 8, EWC Loss: 1.491
2023-02-16 12:14:22.347 | INFO     | algorithms.ewc:train:73 - Starting epoch 9 / 50
2023-02-16 12:14:32.572 | INFO     | algorithms.ewc:train:114 - 9, loss: 3.459
2023-02-16 12:14:32.573 | INFO     | algorithms.ewc:train:119 - 9, EWC Loss: 1.533
2023-02-16 12:14:32.574 | INFO     | algorithms.ewc:train:73 - Starting epoch 10 / 50
2023-02-16 12:14:42.794 | INFO     | algorithms.ewc:train:114 - 10, loss: 3.401
2023-02-16 12:14:42.795 | INFO     | algorithms.ewc:train:119 - 10, EWC Loss: 1.570
2023-02-16 12:14:42.796 | INFO     | algorithms.ewc:train:73 - Starting epoch 11 / 50
2023-02-16 12:14:53.024 | INFO     | algorithms.ewc:train:114 - 11, loss: 3.354
2023-02-16 12:14:53.026 | INFO     | algorithms.ewc:train:119 - 11, EWC Loss: 1.598
2023-02-16 12:14:53.027 | INFO     | algorithms.ewc:train:73 - Starting epoch 12 / 50
2023-02-16 12:15:03.251 | INFO     | algorithms.ewc:train:114 - 12, loss: 3.317
2023-02-16 12:15:03.252 | INFO     | algorithms.ewc:train:119 - 12, EWC Loss: 1.624
2023-02-16 12:15:03.253 | INFO     | algorithms.ewc:train:73 - Starting epoch 13 / 50
2023-02-16 12:15:13.482 | INFO     | algorithms.ewc:train:114 - 13, loss: 3.277
2023-02-16 12:15:13.484 | INFO     | algorithms.ewc:train:119 - 13, EWC Loss: 1.643
2023-02-16 12:15:13.485 | INFO     | algorithms.ewc:train:73 - Starting epoch 14 / 50
2023-02-16 12:15:23.725 | INFO     | algorithms.ewc:train:114 - 14, loss: 3.253
2023-02-16 12:15:23.727 | INFO     | algorithms.ewc:train:119 - 14, EWC Loss: 1.660
2023-02-16 12:15:23.728 | INFO     | algorithms.ewc:train:73 - Starting epoch 15 / 50
2023-02-16 12:15:33.953 | INFO     | algorithms.ewc:train:114 - 15, loss: 3.226
2023-02-16 12:15:33.954 | INFO     | algorithms.ewc:train:119 - 15, EWC Loss: 1.673
2023-02-16 12:15:33.955 | INFO     | algorithms.ewc:train:73 - Starting epoch 16 / 50
2023-02-16 12:15:44.175 | INFO     | algorithms.ewc:train:114 - 16, loss: 3.204
2023-02-16 12:15:44.177 | INFO     | algorithms.ewc:train:119 - 16, EWC Loss: 1.686
2023-02-16 12:15:44.178 | INFO     | algorithms.ewc:train:73 - Starting epoch 17 / 50
2023-02-16 12:15:54.408 | INFO     | algorithms.ewc:train:114 - 17, loss: 3.179
2023-02-16 12:15:54.409 | INFO     | algorithms.ewc:train:119 - 17, EWC Loss: 1.694
2023-02-16 12:15:54.410 | INFO     | algorithms.ewc:train:73 - Starting epoch 18 / 50
2023-02-16 12:16:04.634 | INFO     | algorithms.ewc:train:114 - 18, loss: 3.160
2023-02-16 12:16:04.635 | INFO     | algorithms.ewc:train:119 - 18, EWC Loss: 1.703
2023-02-16 12:16:04.636 | INFO     | algorithms.ewc:train:73 - Starting epoch 19 / 50
2023-02-16 12:16:14.857 | INFO     | algorithms.ewc:train:114 - 19, loss: 3.145
2023-02-16 12:16:14.859 | INFO     | algorithms.ewc:train:119 - 19, EWC Loss: 1.708
2023-02-16 12:16:14.860 | INFO     | algorithms.ewc:train:73 - Starting epoch 20 / 50
2023-02-16 12:16:25.092 | INFO     | algorithms.ewc:train:114 - 20, loss: 3.134
2023-02-16 12:16:25.094 | INFO     | algorithms.ewc:train:119 - 20, EWC Loss: 1.716
2023-02-16 12:16:25.095 | INFO     | algorithms.ewc:train:73 - Starting epoch 21 / 50
2023-02-16 12:16:35.239 | INFO     | algorithms.ewc:train:114 - 21, loss: 3.117
2023-02-16 12:16:35.241 | INFO     | algorithms.ewc:train:119 - 21, EWC Loss: 1.720
2023-02-16 12:16:35.242 | INFO     | algorithms.ewc:train:73 - Starting epoch 22 / 50
2023-02-16 12:16:45.376 | INFO     | algorithms.ewc:train:114 - 22, loss: 3.100
2023-02-16 12:16:45.377 | INFO     | algorithms.ewc:train:119 - 22, EWC Loss: 1.726
2023-02-16 12:16:45.378 | INFO     | algorithms.ewc:train:73 - Starting epoch 23 / 50
2023-02-16 12:16:55.527 | INFO     | algorithms.ewc:train:114 - 23, loss: 3.092
2023-02-16 12:16:55.529 | INFO     | algorithms.ewc:train:119 - 23, EWC Loss: 1.728
2023-02-16 12:16:55.530 | INFO     | algorithms.ewc:train:73 - Starting epoch 24 / 50
2023-02-16 12:17:05.664 | INFO     | algorithms.ewc:train:114 - 24, loss: 3.079
2023-02-16 12:17:05.665 | INFO     | algorithms.ewc:train:119 - 24, EWC Loss: 1.733
2023-02-16 12:17:05.666 | INFO     | algorithms.ewc:train:73 - Starting epoch 25 / 50
2023-02-16 12:17:15.815 | INFO     | algorithms.ewc:train:114 - 25, loss: 3.070
2023-02-16 12:17:15.816 | INFO     | algorithms.ewc:train:119 - 25, EWC Loss: 1.735
2023-02-16 12:17:15.817 | INFO     | algorithms.ewc:train:73 - Starting epoch 26 / 50
2023-02-16 12:17:26.024 | INFO     | algorithms.ewc:train:114 - 26, loss: 3.063
2023-02-16 12:17:26.027 | INFO     | algorithms.ewc:train:119 - 26, EWC Loss: 1.739
2023-02-16 12:17:26.028 | INFO     | algorithms.ewc:train:73 - Starting epoch 27 / 50
2023-02-16 12:17:36.175 | INFO     | algorithms.ewc:train:114 - 27, loss: 3.053
2023-02-16 12:17:36.177 | INFO     | algorithms.ewc:train:119 - 27, EWC Loss: 1.741
2023-02-16 12:17:36.179 | INFO     | algorithms.ewc:train:73 - Starting epoch 28 / 50
2023-02-16 12:17:46.317 | INFO     | algorithms.ewc:train:114 - 28, loss: 3.041
2023-02-16 12:17:46.320 | INFO     | algorithms.ewc:train:119 - 28, EWC Loss: 1.744
2023-02-16 12:17:46.321 | INFO     | algorithms.ewc:train:73 - Starting epoch 29 / 50
2023-02-16 12:17:56.458 | INFO     | algorithms.ewc:train:114 - 29, loss: 3.036
2023-02-16 12:17:56.459 | INFO     | algorithms.ewc:train:119 - 29, EWC Loss: 1.745
2023-02-16 12:17:56.460 | INFO     | algorithms.ewc:train:73 - Starting epoch 30 / 50
2023-02-16 12:18:06.595 | INFO     | algorithms.ewc:train:114 - 30, loss: 3.031
2023-02-16 12:18:06.597 | INFO     | algorithms.ewc:train:119 - 30, EWC Loss: 1.748
2023-02-16 12:18:06.598 | INFO     | algorithms.ewc:train:73 - Starting epoch 31 / 50
2023-02-16 12:18:16.741 | INFO     | algorithms.ewc:train:114 - 31, loss: 3.022
2023-02-16 12:18:16.742 | INFO     | algorithms.ewc:train:119 - 31, EWC Loss: 1.749
2023-02-16 12:18:16.743 | INFO     | algorithms.ewc:train:73 - Starting epoch 32 / 50
2023-02-16 12:18:26.887 | INFO     | algorithms.ewc:train:114 - 32, loss: 3.016
2023-02-16 12:18:26.888 | INFO     | algorithms.ewc:train:119 - 32, EWC Loss: 1.751
2023-02-16 12:18:26.890 | INFO     | algorithms.ewc:train:73 - Starting epoch 33 / 50
2023-02-16 12:18:37.038 | INFO     | algorithms.ewc:train:114 - 33, loss: 3.008
2023-02-16 12:18:37.039 | INFO     | algorithms.ewc:train:119 - 33, EWC Loss: 1.752
2023-02-16 12:18:37.040 | INFO     | algorithms.ewc:train:73 - Starting epoch 34 / 50
2023-02-16 12:18:47.173 | INFO     | algorithms.ewc:train:114 - 34, loss: 3.009
2023-02-16 12:18:47.175 | INFO     | algorithms.ewc:train:119 - 34, EWC Loss: 1.755
2023-02-16 12:18:47.176 | INFO     | algorithms.ewc:train:73 - Starting epoch 35 / 50
2023-02-16 12:18:57.321 | INFO     | algorithms.ewc:train:114 - 35, loss: 2.999
2023-02-16 12:18:57.324 | INFO     | algorithms.ewc:train:119 - 35, EWC Loss: 1.755
2023-02-16 12:18:57.325 | INFO     | algorithms.ewc:train:73 - Starting epoch 36 / 50
2023-02-16 12:19:07.470 | INFO     | algorithms.ewc:train:114 - 36, loss: 2.993
2023-02-16 12:19:07.471 | INFO     | algorithms.ewc:train:119 - 36, EWC Loss: 1.757
2023-02-16 12:19:07.472 | INFO     | algorithms.ewc:train:73 - Starting epoch 37 / 50
2023-02-16 12:19:17.623 | INFO     | algorithms.ewc:train:114 - 37, loss: 2.990
2023-02-16 12:19:17.624 | INFO     | algorithms.ewc:train:119 - 37, EWC Loss: 1.757
2023-02-16 12:19:17.625 | INFO     | algorithms.ewc:train:73 - Starting epoch 38 / 50
2023-02-16 12:19:27.757 | INFO     | algorithms.ewc:train:114 - 38, loss: 2.985
2023-02-16 12:19:27.758 | INFO     | algorithms.ewc:train:119 - 38, EWC Loss: 1.759
2023-02-16 12:19:27.759 | INFO     | algorithms.ewc:train:73 - Starting epoch 39 / 50
2023-02-16 12:19:37.896 | INFO     | algorithms.ewc:train:114 - 39, loss: 2.977
2023-02-16 12:19:37.897 | INFO     | algorithms.ewc:train:119 - 39, EWC Loss: 1.759
2023-02-16 12:19:37.898 | INFO     | algorithms.ewc:train:73 - Starting epoch 40 / 50
2023-02-16 12:19:48.031 | INFO     | algorithms.ewc:train:114 - 40, loss: 2.980
2023-02-16 12:19:48.033 | INFO     | algorithms.ewc:train:119 - 40, EWC Loss: 1.761
2023-02-16 12:19:48.034 | INFO     | algorithms.ewc:train:73 - Starting epoch 41 / 50
2023-02-16 12:19:58.167 | INFO     | algorithms.ewc:train:114 - 41, loss: 2.975
2023-02-16 12:19:58.169 | INFO     | algorithms.ewc:train:119 - 41, EWC Loss: 1.761
2023-02-16 12:19:58.170 | INFO     | algorithms.ewc:train:73 - Starting epoch 42 / 50
2023-02-16 12:20:08.311 | INFO     | algorithms.ewc:train:114 - 42, loss: 2.972
2023-02-16 12:20:08.312 | INFO     | algorithms.ewc:train:119 - 42, EWC Loss: 1.763
2023-02-16 12:20:08.313 | INFO     | algorithms.ewc:train:73 - Starting epoch 43 / 50
2023-02-16 12:20:18.445 | INFO     | algorithms.ewc:train:114 - 43, loss: 2.965
2023-02-16 12:20:18.446 | INFO     | algorithms.ewc:train:119 - 43, EWC Loss: 1.763
2023-02-16 12:20:18.448 | INFO     | algorithms.ewc:train:73 - Starting epoch 44 / 50
2023-02-16 12:20:28.654 | INFO     | algorithms.ewc:train:114 - 44, loss: 2.961
2023-02-16 12:20:28.655 | INFO     | algorithms.ewc:train:119 - 44, EWC Loss: 1.765
2023-02-16 12:20:28.656 | INFO     | algorithms.ewc:train:73 - Starting epoch 45 / 50
2023-02-16 12:20:38.804 | INFO     | algorithms.ewc:train:114 - 45, loss: 2.954
2023-02-16 12:20:38.806 | INFO     | algorithms.ewc:train:119 - 45, EWC Loss: 1.764
2023-02-16 12:20:38.807 | INFO     | algorithms.ewc:train:73 - Starting epoch 46 / 50
2023-02-16 12:20:48.948 | INFO     | algorithms.ewc:train:114 - 46, loss: 2.956
2023-02-16 12:20:48.949 | INFO     | algorithms.ewc:train:119 - 46, EWC Loss: 1.766
2023-02-16 12:20:48.950 | INFO     | algorithms.ewc:train:73 - Starting epoch 47 / 50
2023-02-16 12:20:59.088 | INFO     | algorithms.ewc:train:114 - 47, loss: 2.947
2023-02-16 12:20:59.090 | INFO     | algorithms.ewc:train:119 - 47, EWC Loss: 1.765
2023-02-16 12:20:59.091 | INFO     | algorithms.ewc:train:73 - Starting epoch 48 / 50
2023-02-16 12:21:09.221 | INFO     | algorithms.ewc:train:114 - 48, loss: 2.949
2023-02-16 12:21:09.223 | INFO     | algorithms.ewc:train:119 - 48, EWC Loss: 1.767
2023-02-16 12:21:09.224 | INFO     | algorithms.ewc:train:73 - Starting epoch 49 / 50
2023-02-16 12:21:19.358 | INFO     | algorithms.ewc:train:114 - 49, loss: 2.943
2023-02-16 12:21:19.359 | INFO     | algorithms.ewc:train:119 - 49, EWC Loss: 1.766
2023-02-16 12:21:19.360 | INFO     | algorithms.ewc:train:73 - Starting epoch 50 / 50
2023-02-16 12:21:29.501 | INFO     | algorithms.ewc:train:114 - 50, loss: 2.940
2023-02-16 12:21:29.503 | INFO     | algorithms.ewc:train:119 - 50, EWC Loss: 1.768
2023-02-16 12:21:29.504 | INFO     | algorithms.algorithm_base:run_base_task_metrics:144 - Running metrics: Task 2
2023-02-16 12:21:34.218 | DEBUG    | algorithms.algorithm_base:run_base_task_metrics:200 - Raw classification accuracy results saved to ./output_cifar10_0.5k/ewc/1676548471.7549589_CIFAR10_OFFICIAL_RUN/task_2_accuracy_results.json
2023-02-16 12:21:34.221 | INFO     | algorithms.algorithm_base:run_base_task_metrics:201 - Correctly classified 1742 / 10000 samples (17.42% correct)
2023-02-16 12:21:34.351 | DEBUG    | algorithms.ewc:train:136 - Consolidating EWC parameters
2023-02-16 12:21:34.356 | DEBUG    | algorithms.ewc:consolidate:142 - Copying existing model parameters
2023-02-16 12:21:34.360 | DEBUG    | algorithms.ewc:consolidate:145 - Computing FIM
2023-02-16 12:21:35.921 | DEBUG    | algorithms.ewc:fim_diag:209 - Samples:   100. Fps: 64.1707 samples/s.
2023-02-16 12:21:37.459 | DEBUG    | algorithms.ewc:fim_diag:209 - Samples:   200. Fps: 64.9953 samples/s.
2023-02-16 12:21:38.999 | DEBUG    | algorithms.ewc:fim_diag:209 - Samples:   300. Fps: 64.9574 samples/s.
2023-02-16 12:21:40.539 | DEBUG    | algorithms.ewc:fim_diag:209 - Samples:   400. Fps: 64.9063 samples/s.
2023-02-16 12:21:42.119 | DEBUG    | algorithms.ewc:fim_diag:209 - Samples:   500. Fps: 63.2926 samples/s.
2023-02-16 12:21:43.694 | DEBUG    | algorithms.ewc:fim_diag:209 - Samples:   600. Fps: 63.4886 samples/s.
2023-02-16 12:21:45.272 | DEBUG    | algorithms.ewc:fim_diag:209 - Samples:   700. Fps: 63.3817 samples/s.
2023-02-16 12:21:46.859 | DEBUG    | algorithms.ewc:fim_diag:209 - Samples:   800. Fps: 63.0114 samples/s.
2023-02-16 12:21:48.552 | DEBUG    | algorithms.ewc:fim_diag:209 - Samples:   900. Fps: 59.0665 samples/s.
2023-02-16 12:21:50.091 | DEBUG    | algorithms.ewc:fim_diag:209 - Samples:  1000. Fps: 64.9644 samples/s.
2023-02-16 12:21:51.633 | DEBUG    | algorithms.ewc:fim_diag:209 - Samples:  1100. Fps: 64.8578 samples/s.
2023-02-16 12:21:53.171 | DEBUG    | algorithms.ewc:fim_diag:209 - Samples:  1200. Fps: 65.0274 samples/s.
2023-02-16 12:21:54.756 | DEBUG    | algorithms.ewc:fim_diag:209 - Samples:  1300. Fps: 63.0957 samples/s.
2023-02-16 12:21:56.335 | DEBUG    | algorithms.ewc:fim_diag:209 - Samples:  1400. Fps: 63.3235 samples/s.
2023-02-16 12:21:57.913 | DEBUG    | algorithms.ewc:fim_diag:209 - Samples:  1500. Fps: 63.3860 samples/s.
2023-02-16 12:21:59.488 | DEBUG    | algorithms.ewc:fim_diag:209 - Samples:  1600. Fps: 63.4720 samples/s.
2023-02-16 12:22:01.184 | DEBUG    | algorithms.ewc:fim_diag:209 - Samples:  1700. Fps: 58.9590 samples/s.
2023-02-16 12:22:02.724 | DEBUG    | algorithms.ewc:fim_diag:209 - Samples:  1800. Fps: 64.9743 samples/s.
2023-02-16 12:22:04.261 | DEBUG    | algorithms.ewc:fim_diag:209 - Samples:  1900. Fps: 65.0375 samples/s.
2023-02-16 12:22:05.801 | DEBUG    | algorithms.ewc:fim_diag:209 - Samples:  2000. Fps: 64.9345 samples/s.
2023-02-16 12:22:07.382 | DEBUG    | algorithms.ewc:fim_diag:209 - Samples:  2100. Fps: 63.2482 samples/s.
2023-02-16 12:22:08.961 | DEBUG    | algorithms.ewc:fim_diag:209 - Samples:  2200. Fps: 63.3373 samples/s.
2023-02-16 12:22:10.538 | DEBUG    | algorithms.ewc:fim_diag:209 - Samples:  2300. Fps: 63.3927 samples/s.
2023-02-16 12:22:12.114 | DEBUG    | algorithms.ewc:fim_diag:209 - Samples:  2400. Fps: 63.4625 samples/s.
2023-02-16 12:22:13.812 | DEBUG    | algorithms.ewc:fim_diag:209 - Samples:  2500. Fps: 58.9022 samples/s.
2023-02-16 12:22:15.354 | DEBUG    | algorithms.ewc:fim_diag:209 - Samples:  2600. Fps: 64.8317 samples/s.
2023-02-16 12:22:16.895 | DEBUG    | algorithms.ewc:fim_diag:209 - Samples:  2700. Fps: 64.9255 samples/s.
2023-02-16 12:22:18.432 | DEBUG    | algorithms.ewc:fim_diag:209 - Samples:  2800. Fps: 65.0419 samples/s.
2023-02-16 12:22:20.012 | DEBUG    | algorithms.ewc:fim_diag:209 - Samples:  2900. Fps: 63.2804 samples/s.
2023-02-16 12:22:21.590 | DEBUG    | algorithms.ewc:fim_diag:209 - Samples:  3000. Fps: 63.3946 samples/s.
2023-02-16 12:22:23.176 | DEBUG    | algorithms.ewc:fim_diag:209 - Samples:  3100. Fps: 63.0298 samples/s.
2023-02-16 12:22:24.754 | DEBUG    | algorithms.ewc:fim_diag:209 - Samples:  3200. Fps: 63.3750 samples/s.
2023-02-16 12:22:26.452 | DEBUG    | algorithms.ewc:fim_diag:209 - Samples:  3300. Fps: 58.8926 samples/s.
2023-02-16 12:22:27.990 | DEBUG    | algorithms.ewc:fim_diag:209 - Samples:  3400. Fps: 65.0506 samples/s.
2023-02-16 12:22:29.525 | DEBUG    | algorithms.ewc:fim_diag:209 - Samples:  3500. Fps: 65.1314 samples/s.
2023-02-16 12:22:31.060 | DEBUG    | algorithms.ewc:fim_diag:209 - Samples:  3600. Fps: 65.1303 samples/s.
2023-02-16 12:22:32.642 | DEBUG    | algorithms.ewc:fim_diag:209 - Samples:  3700. Fps: 63.2118 samples/s.
2023-02-16 12:22:34.218 | DEBUG    | algorithms.ewc:fim_diag:209 - Samples:  3800. Fps: 63.4624 samples/s.
2023-02-16 12:22:35.803 | DEBUG    | algorithms.ewc:fim_diag:209 - Samples:  3900. Fps: 63.1076 samples/s.
2023-02-16 12:22:37.384 | DEBUG    | algorithms.ewc:fim_diag:209 - Samples:  4000. Fps: 63.2414 samples/s.
2023-02-16 12:22:38.896 | INFO     | algorithms.ewc:train:69 - Task 4 / 5
2023-02-16 12:22:38.897 | INFO     | algorithms.ewc:train:70 - Classes in task: ['dog', 'ship']
2023-02-16 12:22:38.898 | INFO     | algorithms.ewc:train:73 - Starting epoch 1 / 50
2023-02-16 12:22:49.162 | INFO     | algorithms.ewc:train:114 - 1, loss: 4.730
2023-02-16 12:22:49.163 | INFO     | algorithms.ewc:train:119 - 1, EWC Loss: 1.062
2023-02-16 12:22:49.164 | INFO     | algorithms.ewc:train:73 - Starting epoch 2 / 50
2023-02-16 12:22:59.304 | INFO     | algorithms.ewc:train:114 - 2, loss: 4.299
2023-02-16 12:22:59.304 | INFO     | algorithms.ewc:train:119 - 2, EWC Loss: 1.110
2023-02-16 12:22:59.306 | INFO     | algorithms.ewc:train:73 - Starting epoch 3 / 50
2023-02-16 12:23:09.452 | INFO     | algorithms.ewc:train:114 - 3, loss: 4.021
2023-02-16 12:23:09.454 | INFO     | algorithms.ewc:train:119 - 3, EWC Loss: 1.196
2023-02-16 12:23:09.455 | INFO     | algorithms.ewc:train:73 - Starting epoch 4 / 50
2023-02-16 12:23:19.605 | INFO     | algorithms.ewc:train:114 - 4, loss: 3.815
2023-02-16 12:23:19.606 | INFO     | algorithms.ewc:train:119 - 4, EWC Loss: 1.279
2023-02-16 12:23:19.607 | INFO     | algorithms.ewc:train:73 - Starting epoch 5 / 50
2023-02-16 12:23:29.798 | INFO     | algorithms.ewc:train:114 - 5, loss: 3.666
2023-02-16 12:23:29.801 | INFO     | algorithms.ewc:train:119 - 5, EWC Loss: 1.351
2023-02-16 12:23:29.802 | INFO     | algorithms.ewc:train:73 - Starting epoch 6 / 50
2023-02-16 12:23:39.959 | INFO     | algorithms.ewc:train:114 - 6, loss: 3.548
2023-02-16 12:23:39.961 | INFO     | algorithms.ewc:train:119 - 6, EWC Loss: 1.416
2023-02-16 12:23:39.962 | INFO     | algorithms.ewc:train:73 - Starting epoch 7 / 50
2023-02-16 12:23:50.108 | INFO     | algorithms.ewc:train:114 - 7, loss: 3.458
2023-02-16 12:23:50.109 | INFO     | algorithms.ewc:train:119 - 7, EWC Loss: 1.468
2023-02-16 12:23:50.110 | INFO     | algorithms.ewc:train:73 - Starting epoch 8 / 50
2023-02-16 12:24:00.258 | INFO     | algorithms.ewc:train:114 - 8, loss: 3.386
2023-02-16 12:24:00.260 | INFO     | algorithms.ewc:train:119 - 8, EWC Loss: 1.513
2023-02-16 12:24:00.261 | INFO     | algorithms.ewc:train:73 - Starting epoch 9 / 50
2023-02-16 12:24:10.406 | INFO     | algorithms.ewc:train:114 - 9, loss: 3.328
2023-02-16 12:24:10.407 | INFO     | algorithms.ewc:train:119 - 9, EWC Loss: 1.549
2023-02-16 12:24:10.408 | INFO     | algorithms.ewc:train:73 - Starting epoch 10 / 50
2023-02-16 12:24:20.555 | INFO     | algorithms.ewc:train:114 - 10, loss: 3.283
2023-02-16 12:24:20.557 | INFO     | algorithms.ewc:train:119 - 10, EWC Loss: 1.581
2023-02-16 12:24:20.558 | INFO     | algorithms.ewc:train:73 - Starting epoch 11 / 50
2023-02-16 12:24:30.701 | INFO     | algorithms.ewc:train:114 - 11, loss: 3.242
2023-02-16 12:24:30.704 | INFO     | algorithms.ewc:train:119 - 11, EWC Loss: 1.606
2023-02-16 12:24:30.705 | INFO     | algorithms.ewc:train:73 - Starting epoch 12 / 50
2023-02-16 12:24:40.849 | INFO     | algorithms.ewc:train:114 - 12, loss: 3.205
2023-02-16 12:24:40.850 | INFO     | algorithms.ewc:train:119 - 12, EWC Loss: 1.629
2023-02-16 12:24:40.851 | INFO     | algorithms.ewc:train:73 - Starting epoch 13 / 50
2023-02-16 12:24:50.992 | INFO     | algorithms.ewc:train:114 - 13, loss: 3.176
2023-02-16 12:24:50.993 | INFO     | algorithms.ewc:train:119 - 13, EWC Loss: 1.645
2023-02-16 12:24:50.994 | INFO     | algorithms.ewc:train:73 - Starting epoch 14 / 50
2023-02-16 12:25:01.148 | INFO     | algorithms.ewc:train:114 - 14, loss: 3.155
2023-02-16 12:25:01.150 | INFO     | algorithms.ewc:train:119 - 14, EWC Loss: 1.662
2023-02-16 12:25:01.151 | INFO     | algorithms.ewc:train:73 - Starting epoch 15 / 50
2023-02-16 12:25:11.303 | INFO     | algorithms.ewc:train:114 - 15, loss: 3.128
2023-02-16 12:25:11.304 | INFO     | algorithms.ewc:train:119 - 15, EWC Loss: 1.673
2023-02-16 12:25:11.305 | INFO     | algorithms.ewc:train:73 - Starting epoch 16 / 50
2023-02-16 12:25:21.471 | INFO     | algorithms.ewc:train:114 - 16, loss: 3.113
2023-02-16 12:25:21.472 | INFO     | algorithms.ewc:train:119 - 16, EWC Loss: 1.686
2023-02-16 12:25:21.473 | INFO     | algorithms.ewc:train:73 - Starting epoch 17 / 50
2023-02-16 12:25:31.621 | INFO     | algorithms.ewc:train:114 - 17, loss: 3.092
2023-02-16 12:25:31.622 | INFO     | algorithms.ewc:train:119 - 17, EWC Loss: 1.694
2023-02-16 12:25:31.623 | INFO     | algorithms.ewc:train:73 - Starting epoch 18 / 50
2023-02-16 12:25:41.768 | INFO     | algorithms.ewc:train:114 - 18, loss: 3.080
2023-02-16 12:25:41.770 | INFO     | algorithms.ewc:train:119 - 18, EWC Loss: 1.704
2023-02-16 12:25:41.771 | INFO     | algorithms.ewc:train:73 - Starting epoch 19 / 50
2023-02-16 12:25:51.921 | INFO     | algorithms.ewc:train:114 - 19, loss: 3.063
2023-02-16 12:25:51.922 | INFO     | algorithms.ewc:train:119 - 19, EWC Loss: 1.710
2023-02-16 12:25:51.923 | INFO     | algorithms.ewc:train:73 - Starting epoch 20 / 50
2023-02-16 12:26:02.069 | INFO     | algorithms.ewc:train:114 - 20, loss: 3.056
2023-02-16 12:26:02.071 | INFO     | algorithms.ewc:train:119 - 20, EWC Loss: 1.718
2023-02-16 12:26:02.072 | INFO     | algorithms.ewc:train:73 - Starting epoch 21 / 50
2023-02-16 12:26:12.216 | INFO     | algorithms.ewc:train:114 - 21, loss: 3.041
2023-02-16 12:26:12.218 | INFO     | algorithms.ewc:train:119 - 21, EWC Loss: 1.722
2023-02-16 12:26:12.219 | INFO     | algorithms.ewc:train:73 - Starting epoch 22 / 50
2023-02-16 12:26:22.370 | INFO     | algorithms.ewc:train:114 - 22, loss: 3.031
2023-02-16 12:26:22.371 | INFO     | algorithms.ewc:train:119 - 22, EWC Loss: 1.728
2023-02-16 12:26:22.372 | INFO     | algorithms.ewc:train:73 - Starting epoch 23 / 50
2023-02-16 12:26:32.574 | INFO     | algorithms.ewc:train:114 - 23, loss: 3.021
2023-02-16 12:26:32.577 | INFO     | algorithms.ewc:train:119 - 23, EWC Loss: 1.732
2023-02-16 12:26:32.578 | INFO     | algorithms.ewc:train:73 - Starting epoch 24 / 50
2023-02-16 12:26:42.739 | INFO     | algorithms.ewc:train:114 - 24, loss: 3.011
2023-02-16 12:26:42.740 | INFO     | algorithms.ewc:train:119 - 24, EWC Loss: 1.737
2023-02-16 12:26:42.741 | INFO     | algorithms.ewc:train:73 - Starting epoch 25 / 50
2023-02-16 12:26:52.880 | INFO     | algorithms.ewc:train:114 - 25, loss: 3.001
2023-02-16 12:26:52.881 | INFO     | algorithms.ewc:train:119 - 25, EWC Loss: 1.740
2023-02-16 12:26:52.883 | INFO     | algorithms.ewc:train:73 - Starting epoch 26 / 50
2023-02-16 12:27:03.037 | INFO     | algorithms.ewc:train:114 - 26, loss: 2.993
2023-02-16 12:27:03.039 | INFO     | algorithms.ewc:train:119 - 26, EWC Loss: 1.744
2023-02-16 12:27:03.040 | INFO     | algorithms.ewc:train:73 - Starting epoch 27 / 50
2023-02-16 12:27:13.177 | INFO     | algorithms.ewc:train:114 - 27, loss: 2.986
2023-02-16 12:27:13.178 | INFO     | algorithms.ewc:train:119 - 27, EWC Loss: 1.746
2023-02-16 12:27:13.179 | INFO     | algorithms.ewc:train:73 - Starting epoch 28 / 50
2023-02-16 12:27:23.330 | INFO     | algorithms.ewc:train:114 - 28, loss: 2.982
2023-02-16 12:27:23.331 | INFO     | algorithms.ewc:train:119 - 28, EWC Loss: 1.750
2023-02-16 12:27:23.332 | INFO     | algorithms.ewc:train:73 - Starting epoch 29 / 50
2023-02-16 12:27:33.488 | INFO     | algorithms.ewc:train:114 - 29, loss: 2.975
2023-02-16 12:27:33.489 | INFO     | algorithms.ewc:train:119 - 29, EWC Loss: 1.751
2023-02-16 12:27:33.490 | INFO     | algorithms.ewc:train:73 - Starting epoch 30 / 50
2023-02-16 12:27:43.648 | INFO     | algorithms.ewc:train:114 - 30, loss: 2.965
2023-02-16 12:27:43.649 | INFO     | algorithms.ewc:train:119 - 30, EWC Loss: 1.755
2023-02-16 12:27:43.650 | INFO     | algorithms.ewc:train:73 - Starting epoch 31 / 50
2023-02-16 12:27:53.809 | INFO     | algorithms.ewc:train:114 - 31, loss: 2.963
2023-02-16 12:27:53.811 | INFO     | algorithms.ewc:train:119 - 31, EWC Loss: 1.756
2023-02-16 12:27:53.812 | INFO     | algorithms.ewc:train:73 - Starting epoch 32 / 50
2023-02-16 12:28:03.959 | INFO     | algorithms.ewc:train:114 - 32, loss: 2.956
2023-02-16 12:28:03.961 | INFO     | algorithms.ewc:train:119 - 32, EWC Loss: 1.759
2023-02-16 12:28:03.962 | INFO     | algorithms.ewc:train:73 - Starting epoch 33 / 50
2023-02-16 12:28:14.117 | INFO     | algorithms.ewc:train:114 - 33, loss: 2.949
2023-02-16 12:28:14.119 | INFO     | algorithms.ewc:train:119 - 33, EWC Loss: 1.760
2023-02-16 12:28:14.120 | INFO     | algorithms.ewc:train:73 - Starting epoch 34 / 50
2023-02-16 12:28:24.258 | INFO     | algorithms.ewc:train:114 - 34, loss: 2.949
2023-02-16 12:28:24.260 | INFO     | algorithms.ewc:train:119 - 34, EWC Loss: 1.763
2023-02-16 12:28:24.261 | INFO     | algorithms.ewc:train:73 - Starting epoch 35 / 50
2023-02-16 12:28:34.410 | INFO     | algorithms.ewc:train:114 - 35, loss: 2.939
2023-02-16 12:28:34.411 | INFO     | algorithms.ewc:train:119 - 35, EWC Loss: 1.763
2023-02-16 12:28:34.412 | INFO     | algorithms.ewc:train:73 - Starting epoch 36 / 50
2023-02-16 12:28:44.556 | INFO     | algorithms.ewc:train:114 - 36, loss: 2.940
2023-02-16 12:28:44.558 | INFO     | algorithms.ewc:train:119 - 36, EWC Loss: 1.766
2023-02-16 12:28:44.559 | INFO     | algorithms.ewc:train:73 - Starting epoch 37 / 50
2023-02-16 12:28:54.695 | INFO     | algorithms.ewc:train:114 - 37, loss: 2.930
2023-02-16 12:28:54.697 | INFO     | algorithms.ewc:train:119 - 37, EWC Loss: 1.766
2023-02-16 12:28:54.698 | INFO     | algorithms.ewc:train:73 - Starting epoch 38 / 50
2023-02-16 12:29:04.850 | INFO     | algorithms.ewc:train:114 - 38, loss: 2.929
2023-02-16 12:29:04.852 | INFO     | algorithms.ewc:train:119 - 38, EWC Loss: 1.769
2023-02-16 12:29:04.853 | INFO     | algorithms.ewc:train:73 - Starting epoch 39 / 50
2023-02-16 12:29:15.005 | INFO     | algorithms.ewc:train:114 - 39, loss: 2.924
2023-02-16 12:29:15.007 | INFO     | algorithms.ewc:train:119 - 39, EWC Loss: 1.769
2023-02-16 12:29:15.008 | INFO     | algorithms.ewc:train:73 - Starting epoch 40 / 50
2023-02-16 12:29:25.163 | INFO     | algorithms.ewc:train:114 - 40, loss: 2.922
2023-02-16 12:29:25.165 | INFO     | algorithms.ewc:train:119 - 40, EWC Loss: 1.771
2023-02-16 12:29:25.166 | INFO     | algorithms.ewc:train:73 - Starting epoch 41 / 50
2023-02-16 12:29:35.363 | INFO     | algorithms.ewc:train:114 - 41, loss: 2.917
2023-02-16 12:29:35.365 | INFO     | algorithms.ewc:train:119 - 41, EWC Loss: 1.771
2023-02-16 12:29:35.366 | INFO     | algorithms.ewc:train:73 - Starting epoch 42 / 50
2023-02-16 12:29:45.514 | INFO     | algorithms.ewc:train:114 - 42, loss: 2.916
2023-02-16 12:29:45.515 | INFO     | algorithms.ewc:train:119 - 42, EWC Loss: 1.774
2023-02-16 12:29:45.516 | INFO     | algorithms.ewc:train:73 - Starting epoch 43 / 50
2023-02-16 12:29:55.659 | INFO     | algorithms.ewc:train:114 - 43, loss: 2.914
2023-02-16 12:29:55.661 | INFO     | algorithms.ewc:train:119 - 43, EWC Loss: 1.774
2023-02-16 12:29:55.662 | INFO     | algorithms.ewc:train:73 - Starting epoch 44 / 50
2023-02-16 12:30:05.801 | INFO     | algorithms.ewc:train:114 - 44, loss: 2.909
2023-02-16 12:30:05.803 | INFO     | algorithms.ewc:train:119 - 44, EWC Loss: 1.777
2023-02-16 12:30:05.804 | INFO     | algorithms.ewc:train:73 - Starting epoch 45 / 50
2023-02-16 12:30:15.954 | INFO     | algorithms.ewc:train:114 - 45, loss: 2.906
2023-02-16 12:30:15.956 | INFO     | algorithms.ewc:train:119 - 45, EWC Loss: 1.777
2023-02-16 12:30:15.957 | INFO     | algorithms.ewc:train:73 - Starting epoch 46 / 50
2023-02-16 12:30:26.101 | INFO     | algorithms.ewc:train:114 - 46, loss: 2.903
2023-02-16 12:30:26.103 | INFO     | algorithms.ewc:train:119 - 46, EWC Loss: 1.779
2023-02-16 12:30:26.105 | INFO     | algorithms.ewc:train:73 - Starting epoch 47 / 50
2023-02-16 12:30:36.248 | INFO     | algorithms.ewc:train:114 - 47, loss: 2.902
2023-02-16 12:30:36.249 | INFO     | algorithms.ewc:train:119 - 47, EWC Loss: 1.779
2023-02-16 12:30:36.250 | INFO     | algorithms.ewc:train:73 - Starting epoch 48 / 50
2023-02-16 12:30:46.403 | INFO     | algorithms.ewc:train:114 - 48, loss: 2.898
2023-02-16 12:30:46.404 | INFO     | algorithms.ewc:train:119 - 48, EWC Loss: 1.781
2023-02-16 12:30:46.405 | INFO     | algorithms.ewc:train:73 - Starting epoch 49 / 50
2023-02-16 12:30:56.558 | INFO     | algorithms.ewc:train:114 - 49, loss: 2.893
2023-02-16 12:30:56.560 | INFO     | algorithms.ewc:train:119 - 49, EWC Loss: 1.781
2023-02-16 12:30:56.561 | INFO     | algorithms.ewc:train:73 - Starting epoch 50 / 50
2023-02-16 12:31:06.711 | INFO     | algorithms.ewc:train:114 - 50, loss: 2.894
2023-02-16 12:31:06.713 | INFO     | algorithms.ewc:train:119 - 50, EWC Loss: 1.783
2023-02-16 12:31:06.714 | INFO     | algorithms.algorithm_base:run_base_task_metrics:144 - Running metrics: Task 3
2023-02-16 12:31:11.440 | DEBUG    | algorithms.algorithm_base:run_base_task_metrics:200 - Raw classification accuracy results saved to ./output_cifar10_0.5k/ewc/1676548471.7549589_CIFAR10_OFFICIAL_RUN/task_3_accuracy_results.json
2023-02-16 12:31:11.442 | INFO     | algorithms.algorithm_base:run_base_task_metrics:201 - Correctly classified 1616 / 10000 samples (16.16% correct)
2023-02-16 12:31:11.570 | DEBUG    | algorithms.ewc:train:136 - Consolidating EWC parameters
2023-02-16 12:31:11.575 | DEBUG    | algorithms.ewc:consolidate:142 - Copying existing model parameters
2023-02-16 12:31:11.579 | DEBUG    | algorithms.ewc:consolidate:145 - Computing FIM
2023-02-16 12:31:13.135 | DEBUG    | algorithms.ewc:fim_diag:209 - Samples:   100. Fps: 64.3938 samples/s.
2023-02-16 12:31:14.669 | DEBUG    | algorithms.ewc:fim_diag:209 - Samples:   200. Fps: 65.1885 samples/s.
2023-02-16 12:31:16.204 | DEBUG    | algorithms.ewc:fim_diag:209 - Samples:   300. Fps: 65.1481 samples/s.
2023-02-16 12:31:17.734 | DEBUG    | algorithms.ewc:fim_diag:209 - Samples:   400. Fps: 65.3575 samples/s.
2023-02-16 12:31:19.305 | DEBUG    | algorithms.ewc:fim_diag:209 - Samples:   500. Fps: 63.6617 samples/s.
2023-02-16 12:31:20.871 | DEBUG    | algorithms.ewc:fim_diag:209 - Samples:   600. Fps: 63.8584 samples/s.
2023-02-16 12:31:22.447 | DEBUG    | algorithms.ewc:fim_diag:209 - Samples:   700. Fps: 63.4500 samples/s.
2023-02-16 12:31:24.020 | DEBUG    | algorithms.ewc:fim_diag:209 - Samples:   800. Fps: 63.5557 samples/s.
2023-02-16 12:31:25.708 | DEBUG    | algorithms.ewc:fim_diag:209 - Samples:   900. Fps: 59.2491 samples/s.
2023-02-16 12:31:27.244 | DEBUG    | algorithms.ewc:fim_diag:209 - Samples:  1000. Fps: 65.0982 samples/s.
2023-02-16 12:31:28.774 | DEBUG    | algorithms.ewc:fim_diag:209 - Samples:  1100. Fps: 65.3544 samples/s.
2023-02-16 12:31:30.309 | DEBUG    | algorithms.ewc:fim_diag:209 - Samples:  1200. Fps: 65.1535 samples/s.
2023-02-16 12:31:31.875 | DEBUG    | algorithms.ewc:fim_diag:209 - Samples:  1300. Fps: 63.8687 samples/s.
2023-02-16 12:31:33.446 | DEBUG    | algorithms.ewc:fim_diag:209 - Samples:  1400. Fps: 63.6550 samples/s.
2023-02-16 12:31:35.022 | DEBUG    | algorithms.ewc:fim_diag:209 - Samples:  1500. Fps: 63.4342 samples/s.
2023-02-16 12:31:36.588 | DEBUG    | algorithms.ewc:fim_diag:209 - Samples:  1600. Fps: 63.8740 samples/s.
2023-02-16 12:31:38.284 | DEBUG    | algorithms.ewc:fim_diag:209 - Samples:  1700. Fps: 58.9561 samples/s.
2023-02-16 12:31:39.813 | DEBUG    | algorithms.ewc:fim_diag:209 - Samples:  1800. Fps: 65.4139 samples/s.
2023-02-16 12:31:41.345 | DEBUG    | algorithms.ewc:fim_diag:209 - Samples:  1900. Fps: 65.2716 samples/s.
2023-02-16 12:31:42.878 | DEBUG    | algorithms.ewc:fim_diag:209 - Samples:  2000. Fps: 65.2196 samples/s.
2023-02-16 12:31:44.450 | DEBUG    | algorithms.ewc:fim_diag:209 - Samples:  2100. Fps: 63.5931 samples/s.
2023-02-16 12:31:46.023 | DEBUG    | algorithms.ewc:fim_diag:209 - Samples:  2200. Fps: 63.6077 samples/s.
2023-02-16 12:31:47.585 | DEBUG    | algorithms.ewc:fim_diag:209 - Samples:  2300. Fps: 64.0206 samples/s.
2023-02-16 12:31:49.163 | DEBUG    | algorithms.ewc:fim_diag:209 - Samples:  2400. Fps: 63.3649 samples/s.
2023-02-16 12:31:50.849 | DEBUG    | algorithms.ewc:fim_diag:209 - Samples:  2500. Fps: 59.3029 samples/s.
2023-02-16 12:31:52.382 | DEBUG    | algorithms.ewc:fim_diag:209 - Samples:  2600. Fps: 65.2360 samples/s.
2023-02-16 12:31:53.914 | DEBUG    | algorithms.ewc:fim_diag:209 - Samples:  2700. Fps: 65.2495 samples/s.
2023-02-16 12:31:55.446 | DEBUG    | algorithms.ewc:fim_diag:209 - Samples:  2800. Fps: 65.2741 samples/s.
2023-02-16 12:31:57.011 | DEBUG    | algorithms.ewc:fim_diag:209 - Samples:  2900. Fps: 63.9125 samples/s.
2023-02-16 12:31:58.587 | DEBUG    | algorithms.ewc:fim_diag:209 - Samples:  3000. Fps: 63.4606 samples/s.
2023-02-16 12:32:00.152 | DEBUG    | algorithms.ewc:fim_diag:209 - Samples:  3100. Fps: 63.8716 samples/s.
2023-02-16 12:32:01.728 | DEBUG    | algorithms.ewc:fim_diag:209 - Samples:  3200. Fps: 63.4595 samples/s.
2023-02-16 12:32:03.421 | DEBUG    | algorithms.ewc:fim_diag:209 - Samples:  3300. Fps: 59.0620 samples/s.
2023-02-16 12:32:04.951 | DEBUG    | algorithms.ewc:fim_diag:209 - Samples:  3400. Fps: 65.3709 samples/s.
2023-02-16 12:32:06.486 | DEBUG    | algorithms.ewc:fim_diag:209 - Samples:  3500. Fps: 65.1328 samples/s.
2023-02-16 12:32:08.017 | DEBUG    | algorithms.ewc:fim_diag:209 - Samples:  3600. Fps: 65.3235 samples/s.
2023-02-16 12:32:09.587 | DEBUG    | algorithms.ewc:fim_diag:209 - Samples:  3700. Fps: 63.7068 samples/s.
2023-02-16 12:32:11.165 | DEBUG    | algorithms.ewc:fim_diag:209 - Samples:  3800. Fps: 63.3592 samples/s.
2023-02-16 12:32:12.739 | DEBUG    | algorithms.ewc:fim_diag:209 - Samples:  3900. Fps: 63.5389 samples/s.
2023-02-16 12:32:14.304 | DEBUG    | algorithms.ewc:fim_diag:209 - Samples:  4000. Fps: 63.9235 samples/s.
2023-02-16 12:32:15.820 | INFO     | algorithms.ewc:train:69 - Task 5 / 5
2023-02-16 12:32:15.822 | INFO     | algorithms.ewc:train:70 - Classes in task: ['plane', 'truck']
2023-02-16 12:32:15.822 | INFO     | algorithms.ewc:train:73 - Starting epoch 1 / 50
2023-02-16 12:32:26.071 | INFO     | algorithms.ewc:train:114 - 1, loss: 5.469
2023-02-16 12:32:26.072 | INFO     | algorithms.ewc:train:119 - 1, EWC Loss: 1.441
2023-02-16 12:32:26.073 | INFO     | algorithms.ewc:train:73 - Starting epoch 2 / 50
2023-02-16 12:32:36.232 | INFO     | algorithms.ewc:train:114 - 2, loss: 5.136
2023-02-16 12:32:36.233 | INFO     | algorithms.ewc:train:119 - 2, EWC Loss: 1.468
2023-02-16 12:32:36.234 | INFO     | algorithms.ewc:train:73 - Starting epoch 3 / 50
2023-02-16 12:32:46.413 | INFO     | algorithms.ewc:train:114 - 3, loss: 4.895
2023-02-16 12:32:46.414 | INFO     | algorithms.ewc:train:119 - 3, EWC Loss: 1.532
2023-02-16 12:32:46.414 | INFO     | algorithms.ewc:train:73 - Starting epoch 4 / 50
2023-02-16 12:32:56.551 | INFO     | algorithms.ewc:train:114 - 4, loss: 4.704
2023-02-16 12:32:56.552 | INFO     | algorithms.ewc:train:119 - 4, EWC Loss: 1.600
2023-02-16 12:32:56.553 | INFO     | algorithms.ewc:train:73 - Starting epoch 5 / 50
2023-02-16 12:33:06.698 | INFO     | algorithms.ewc:train:114 - 5, loss: 4.552
2023-02-16 12:33:06.699 | INFO     | algorithms.ewc:train:119 - 5, EWC Loss: 1.663
2023-02-16 12:33:06.700 | INFO     | algorithms.ewc:train:73 - Starting epoch 6 / 50
2023-02-16 12:33:16.832 | INFO     | algorithms.ewc:train:114 - 6, loss: 4.431
2023-02-16 12:33:16.833 | INFO     | algorithms.ewc:train:119 - 6, EWC Loss: 1.725
2023-02-16 12:33:16.834 | INFO     | algorithms.ewc:train:73 - Starting epoch 7 / 50
2023-02-16 12:33:26.976 | INFO     | algorithms.ewc:train:114 - 7, loss: 4.320
2023-02-16 12:33:26.977 | INFO     | algorithms.ewc:train:119 - 7, EWC Loss: 1.778
2023-02-16 12:33:26.978 | INFO     | algorithms.ewc:train:73 - Starting epoch 8 / 50
2023-02-16 12:33:37.122 | INFO     | algorithms.ewc:train:114 - 8, loss: 4.232
2023-02-16 12:33:37.123 | INFO     | algorithms.ewc:train:119 - 8, EWC Loss: 1.830
2023-02-16 12:33:37.125 | INFO     | algorithms.ewc:train:73 - Starting epoch 9 / 50
2023-02-16 12:33:47.248 | INFO     | algorithms.ewc:train:114 - 9, loss: 4.163
2023-02-16 12:33:47.250 | INFO     | algorithms.ewc:train:119 - 9, EWC Loss: 1.873
2023-02-16 12:33:47.251 | INFO     | algorithms.ewc:train:73 - Starting epoch 10 / 50
2023-02-16 12:33:57.384 | INFO     | algorithms.ewc:train:114 - 10, loss: 4.100
2023-02-16 12:33:57.386 | INFO     | algorithms.ewc:train:119 - 10, EWC Loss: 1.915
2023-02-16 12:33:57.387 | INFO     | algorithms.ewc:train:73 - Starting epoch 11 / 50
2023-02-16 12:34:07.520 | INFO     | algorithms.ewc:train:114 - 11, loss: 4.046
2023-02-16 12:34:07.522 | INFO     | algorithms.ewc:train:119 - 11, EWC Loss: 1.948
2023-02-16 12:34:07.523 | INFO     | algorithms.ewc:train:73 - Starting epoch 12 / 50
2023-02-16 12:34:17.656 | INFO     | algorithms.ewc:train:114 - 12, loss: 4.002
2023-02-16 12:34:17.658 | INFO     | algorithms.ewc:train:119 - 12, EWC Loss: 1.981
2023-02-16 12:34:17.659 | INFO     | algorithms.ewc:train:73 - Starting epoch 13 / 50
2023-02-16 12:34:27.803 | INFO     | algorithms.ewc:train:114 - 13, loss: 3.961
2023-02-16 12:34:27.805 | INFO     | algorithms.ewc:train:119 - 13, EWC Loss: 2.006
2023-02-16 12:34:27.806 | INFO     | algorithms.ewc:train:73 - Starting epoch 14 / 50
2023-02-16 12:34:37.929 | INFO     | algorithms.ewc:train:114 - 14, loss: 3.928
2023-02-16 12:34:37.930 | INFO     | algorithms.ewc:train:119 - 14, EWC Loss: 2.032
2023-02-16 12:34:37.931 | INFO     | algorithms.ewc:train:73 - Starting epoch 15 / 50
2023-02-16 12:34:48.064 | INFO     | algorithms.ewc:train:114 - 15, loss: 3.898
2023-02-16 12:34:48.066 | INFO     | algorithms.ewc:train:119 - 15, EWC Loss: 2.051
2023-02-16 12:34:48.067 | INFO     | algorithms.ewc:train:73 - Starting epoch 16 / 50
2023-02-16 12:34:58.199 | INFO     | algorithms.ewc:train:114 - 16, loss: 3.874
2023-02-16 12:34:58.201 | INFO     | algorithms.ewc:train:119 - 16, EWC Loss: 2.071
2023-02-16 12:34:58.202 | INFO     | algorithms.ewc:train:73 - Starting epoch 17 / 50
2023-02-16 12:35:08.334 | INFO     | algorithms.ewc:train:114 - 17, loss: 3.849
2023-02-16 12:35:08.336 | INFO     | algorithms.ewc:train:119 - 17, EWC Loss: 2.085
2023-02-16 12:35:08.337 | INFO     | algorithms.ewc:train:73 - Starting epoch 18 / 50
2023-02-16 12:35:18.476 | INFO     | algorithms.ewc:train:114 - 18, loss: 3.833
2023-02-16 12:35:18.477 | INFO     | algorithms.ewc:train:119 - 18, EWC Loss: 2.102
2023-02-16 12:35:18.479 | INFO     | algorithms.ewc:train:73 - Starting epoch 19 / 50
2023-02-16 12:35:28.613 | INFO     | algorithms.ewc:train:114 - 19, loss: 3.812
2023-02-16 12:35:28.614 | INFO     | algorithms.ewc:train:119 - 19, EWC Loss: 2.113
2023-02-16 12:35:28.616 | INFO     | algorithms.ewc:train:73 - Starting epoch 20 / 50
2023-02-16 12:35:38.752 | INFO     | algorithms.ewc:train:114 - 20, loss: 3.794
2023-02-16 12:35:38.753 | INFO     | algorithms.ewc:train:119 - 20, EWC Loss: 2.126
2023-02-16 12:35:38.754 | INFO     | algorithms.ewc:train:73 - Starting epoch 21 / 50
2023-02-16 12:35:48.920 | INFO     | algorithms.ewc:train:114 - 21, loss: 3.776
2023-02-16 12:35:48.921 | INFO     | algorithms.ewc:train:119 - 21, EWC Loss: 2.134
2023-02-16 12:35:48.922 | INFO     | algorithms.ewc:train:73 - Starting epoch 22 / 50
2023-02-16 12:35:59.055 | INFO     | algorithms.ewc:train:114 - 22, loss: 3.769
2023-02-16 12:35:59.057 | INFO     | algorithms.ewc:train:119 - 22, EWC Loss: 2.145
2023-02-16 12:35:59.058 | INFO     | algorithms.ewc:train:73 - Starting epoch 23 / 50
2023-02-16 12:36:09.186 | INFO     | algorithms.ewc:train:114 - 23, loss: 3.756
2023-02-16 12:36:09.188 | INFO     | algorithms.ewc:train:119 - 23, EWC Loss: 2.151
2023-02-16 12:36:09.189 | INFO     | algorithms.ewc:train:73 - Starting epoch 24 / 50
2023-02-16 12:36:19.320 | INFO     | algorithms.ewc:train:114 - 24, loss: 3.740
2023-02-16 12:36:19.321 | INFO     | algorithms.ewc:train:119 - 24, EWC Loss: 2.160
2023-02-16 12:36:19.322 | INFO     | algorithms.ewc:train:73 - Starting epoch 25 / 50
2023-02-16 12:36:29.454 | INFO     | algorithms.ewc:train:114 - 25, loss: 3.728
2023-02-16 12:36:29.455 | INFO     | algorithms.ewc:train:119 - 25, EWC Loss: 2.165
2023-02-16 12:36:29.456 | INFO     | algorithms.ewc:train:73 - Starting epoch 26 / 50
2023-02-16 12:36:39.589 | INFO     | algorithms.ewc:train:114 - 26, loss: 3.722
2023-02-16 12:36:39.590 | INFO     | algorithms.ewc:train:119 - 26, EWC Loss: 2.172
2023-02-16 12:36:39.592 | INFO     | algorithms.ewc:train:73 - Starting epoch 27 / 50
2023-02-16 12:36:49.726 | INFO     | algorithms.ewc:train:114 - 27, loss: 3.707
2023-02-16 12:36:49.728 | INFO     | algorithms.ewc:train:119 - 27, EWC Loss: 2.176
2023-02-16 12:36:49.729 | INFO     | algorithms.ewc:train:73 - Starting epoch 28 / 50
2023-02-16 12:36:59.861 | INFO     | algorithms.ewc:train:114 - 28, loss: 3.703
2023-02-16 12:36:59.862 | INFO     | algorithms.ewc:train:119 - 28, EWC Loss: 2.182
2023-02-16 12:36:59.863 | INFO     | algorithms.ewc:train:73 - Starting epoch 29 / 50
2023-02-16 12:37:09.996 | INFO     | algorithms.ewc:train:114 - 29, loss: 3.693
2023-02-16 12:37:09.998 | INFO     | algorithms.ewc:train:119 - 29, EWC Loss: 2.185
2023-02-16 12:37:09.999 | INFO     | algorithms.ewc:train:73 - Starting epoch 30 / 50
2023-02-16 12:37:20.125 | INFO     | algorithms.ewc:train:114 - 30, loss: 3.692
2023-02-16 12:37:20.127 | INFO     | algorithms.ewc:train:119 - 30, EWC Loss: 2.191
2023-02-16 12:37:20.128 | INFO     | algorithms.ewc:train:73 - Starting epoch 31 / 50
2023-02-16 12:37:30.252 | INFO     | algorithms.ewc:train:114 - 31, loss: 3.680
2023-02-16 12:37:30.254 | INFO     | algorithms.ewc:train:119 - 31, EWC Loss: 2.193
2023-02-16 12:37:30.255 | INFO     | algorithms.ewc:train:73 - Starting epoch 32 / 50
2023-02-16 12:37:40.383 | INFO     | algorithms.ewc:train:114 - 32, loss: 3.673
2023-02-16 12:37:40.385 | INFO     | algorithms.ewc:train:119 - 32, EWC Loss: 2.198
2023-02-16 12:37:40.386 | INFO     | algorithms.ewc:train:73 - Starting epoch 33 / 50
2023-02-16 12:37:50.517 | INFO     | algorithms.ewc:train:114 - 33, loss: 3.668
2023-02-16 12:37:50.518 | INFO     | algorithms.ewc:train:119 - 33, EWC Loss: 2.199
2023-02-16 12:37:50.519 | INFO     | algorithms.ewc:train:73 - Starting epoch 34 / 50
2023-02-16 12:38:00.661 | INFO     | algorithms.ewc:train:114 - 34, loss: 3.659
2023-02-16 12:38:00.662 | INFO     | algorithms.ewc:train:119 - 34, EWC Loss: 2.204
2023-02-16 12:38:00.663 | INFO     | algorithms.ewc:train:73 - Starting epoch 35 / 50
2023-02-16 12:38:10.796 | INFO     | algorithms.ewc:train:114 - 35, loss: 3.654
2023-02-16 12:38:10.798 | INFO     | algorithms.ewc:train:119 - 35, EWC Loss: 2.205
2023-02-16 12:38:10.799 | INFO     | algorithms.ewc:train:73 - Starting epoch 36 / 50
2023-02-16 12:38:20.948 | INFO     | algorithms.ewc:train:114 - 36, loss: 3.651
2023-02-16 12:38:20.949 | INFO     | algorithms.ewc:train:119 - 36, EWC Loss: 2.210
2023-02-16 12:38:20.950 | INFO     | algorithms.ewc:train:73 - Starting epoch 37 / 50
2023-02-16 12:38:31.092 | INFO     | algorithms.ewc:train:114 - 37, loss: 3.643
2023-02-16 12:38:31.094 | INFO     | algorithms.ewc:train:119 - 37, EWC Loss: 2.210
2023-02-16 12:38:31.095 | INFO     | algorithms.ewc:train:73 - Starting epoch 38 / 50
2023-02-16 12:38:41.243 | INFO     | algorithms.ewc:train:114 - 38, loss: 3.642
2023-02-16 12:38:41.245 | INFO     | algorithms.ewc:train:119 - 38, EWC Loss: 2.214
2023-02-16 12:38:41.245 | INFO     | algorithms.ewc:train:73 - Starting epoch 39 / 50
2023-02-16 12:38:51.425 | INFO     | algorithms.ewc:train:114 - 39, loss: 3.633
2023-02-16 12:38:51.426 | INFO     | algorithms.ewc:train:119 - 39, EWC Loss: 2.215
2023-02-16 12:38:51.427 | INFO     | algorithms.ewc:train:73 - Starting epoch 40 / 50
2023-02-16 12:39:01.562 | INFO     | algorithms.ewc:train:114 - 40, loss: 3.631
2023-02-16 12:39:01.563 | INFO     | algorithms.ewc:train:119 - 40, EWC Loss: 2.218
2023-02-16 12:39:01.565 | INFO     | algorithms.ewc:train:73 - Starting epoch 41 / 50
2023-02-16 12:39:11.694 | INFO     | algorithms.ewc:train:114 - 41, loss: 3.626
2023-02-16 12:39:11.696 | INFO     | algorithms.ewc:train:119 - 41, EWC Loss: 2.218
2023-02-16 12:39:11.697 | INFO     | algorithms.ewc:train:73 - Starting epoch 42 / 50
2023-02-16 12:39:21.834 | INFO     | algorithms.ewc:train:114 - 42, loss: 3.622
2023-02-16 12:39:21.835 | INFO     | algorithms.ewc:train:119 - 42, EWC Loss: 2.221
2023-02-16 12:39:21.836 | INFO     | algorithms.ewc:train:73 - Starting epoch 43 / 50
2023-02-16 12:39:31.971 | INFO     | algorithms.ewc:train:114 - 43, loss: 3.617
2023-02-16 12:39:31.973 | INFO     | algorithms.ewc:train:119 - 43, EWC Loss: 2.221
2023-02-16 12:39:31.974 | INFO     | algorithms.ewc:train:73 - Starting epoch 44 / 50
2023-02-16 12:39:42.122 | INFO     | algorithms.ewc:train:114 - 44, loss: 3.614
2023-02-16 12:39:42.124 | INFO     | algorithms.ewc:train:119 - 44, EWC Loss: 2.224
2023-02-16 12:39:42.125 | INFO     | algorithms.ewc:train:73 - Starting epoch 45 / 50
2023-02-16 12:39:52.253 | INFO     | algorithms.ewc:train:114 - 45, loss: 3.610
2023-02-16 12:39:52.254 | INFO     | algorithms.ewc:train:119 - 45, EWC Loss: 2.224
2023-02-16 12:39:52.255 | INFO     | algorithms.ewc:train:73 - Starting epoch 46 / 50
2023-02-16 12:40:02.397 | INFO     | algorithms.ewc:train:114 - 46, loss: 3.610
2023-02-16 12:40:02.398 | INFO     | algorithms.ewc:train:119 - 46, EWC Loss: 2.227
2023-02-16 12:40:02.399 | INFO     | algorithms.ewc:train:73 - Starting epoch 47 / 50
2023-02-16 12:40:12.533 | INFO     | algorithms.ewc:train:114 - 47, loss: 3.604
2023-02-16 12:40:12.535 | INFO     | algorithms.ewc:train:119 - 47, EWC Loss: 2.227
2023-02-16 12:40:12.536 | INFO     | algorithms.ewc:train:73 - Starting epoch 48 / 50
2023-02-16 12:40:22.695 | INFO     | algorithms.ewc:train:114 - 48, loss: 3.603
2023-02-16 12:40:22.696 | INFO     | algorithms.ewc:train:119 - 48, EWC Loss: 2.230
2023-02-16 12:40:22.697 | INFO     | algorithms.ewc:train:73 - Starting epoch 49 / 50
2023-02-16 12:40:32.849 | INFO     | algorithms.ewc:train:114 - 49, loss: 3.597
2023-02-16 12:40:32.851 | INFO     | algorithms.ewc:train:119 - 49, EWC Loss: 2.229
2023-02-16 12:40:32.852 | INFO     | algorithms.ewc:train:73 - Starting epoch 50 / 50
2023-02-16 12:40:42.984 | INFO     | algorithms.ewc:train:114 - 50, loss: 3.593
2023-02-16 12:40:42.986 | INFO     | algorithms.ewc:train:119 - 50, EWC Loss: 2.232
2023-02-16 12:40:42.987 | INFO     | algorithms.algorithm_base:run_base_task_metrics:144 - Running metrics: Task 4
2023-02-16 12:40:47.687 | DEBUG    | algorithms.algorithm_base:run_base_task_metrics:200 - Raw classification accuracy results saved to ./output_cifar10_0.5k/ewc/1676548471.7549589_CIFAR10_OFFICIAL_RUN/task_4_accuracy_results.json
2023-02-16 12:40:47.689 | INFO     | algorithms.algorithm_base:run_base_task_metrics:201 - Correctly classified 1283 / 10000 samples (12.83% correct)
2023-02-16 12:40:47.820 | INFO     | algorithms.ewc:train:139 - Training complete
2023-02-16 12:40:47.825 | INFO     | __main__:run_experiment:290 - Training and evaluation completed!
2023-02-16 12:40:47.826 | INFO     | __main__:run_experiment:304 - Wrote usage stats to file
2023-02-16 12:40:47.826 | INFO     | __main__:main:351 - Complete
2023-02-16 12:40:47.827 | INFO     | __main__:close_tensorboard_writer:252 - Shut down TensorBoard
