2023-04-18 00:30:56.208 | INFO     | __main__:setup_files:218 - Experiment Name: OFFICIAL_RUN
2023-04-18 00:30:56.210 | INFO     | __main__:main:334 - Command line arguments: Configuration(algorithm='rainbow', dataset='cifar10', classes_per_task=2, seed=2843, samples=200)
2023-04-18 00:30:56.212 | INFO     | __main__:main:338 - Seeded random to 2843
2023-04-18 00:30:56.212 | INFO     | __main__:main:342 - Got CUDA device
2023-04-18 00:30:56.213 | INFO     | __main__:force_cuda_load:268 - Forcing CUDA initialisation...
2023-04-18 00:30:56.271 | INFO     | __main__:main:346 - CUDA initialised
2023-04-18 00:30:56.272 | INFO     | __main__:setup_shutdown_hook:264 - To access TensorBoard, run the command: tensorboard --logdir=./output_cifar10_varied_sampling/rainbow_online/1681774256.1935577_CIFAR10_OFFICIAL_RUN
2023-04-18 00:30:56.277 | INFO     | __main__:main:350 - Setup shutdown hooks
2023-04-18 00:30:56.401 | INFO     | __main__:main:355 - Model is setup
2023-04-18 00:30:56.402 | INFO     | __main__:main:357 - Complete pre-setup, starting experiment
2023-04-18 00:30:57.598 | INFO     | datasets.dataset_base:__init__:80 - Using disjoint tasks with 2 (5 tasks) with a randomised split
2023-04-18 00:30:57.600 | DEBUG    | datasets.dataset_base:_setup_task_datasets:95 - Splitting dataset into 5 disjoint tasks
2023-04-18 00:30:57.619 | INFO     | datasets.dataset_base:__init__:85 - {
  "name": "datasets.cifar10.CIFAR10",
  "dataset_class": "torchvision.datasets.cifar.CIFAR10",
  "training_dataset_parameters": "{'train': True, 'download': True}",
  "testing_dataset_parameters": "{'train': False, 'download': True}",
  "training_transform": "Compose(\n    Resize(size=(32, 32), interpolation=bilinear, max_size=None, antialias=None)\n    ToTensor()\n    Normalize(mean=(0.4914, 0.4822, 0.4465), std=(0.247, 0.2435, 0.2616))\n    RandomCrop(size=(32, 32), padding=4)\n    RandomHorizontalFlip(p=0.5)\n)",
  "testing_transform": "Compose(\n    Resize(size=(32, 32), interpolation=bilinear, max_size=None, antialias=None)\n    ToTensor()\n    Normalize(mean=(0.4914, 0.4822, 0.4465), std=(0.247, 0.2435, 0.2616))\n)",
  "classes": "plane, car, bird, cat, deer, dog, frog, horse, ship, truck",
  "disjoint": true,
  "task_count": 5,
  "classes_per_task": [
    2
  ],
  "task_split_indices": [
    [
      4,
      3
    ],
    [
      7,
      2
    ],
    [
      1,
      6
    ],
    [
      5,
      8
    ],
    [
      0,
      9
    ]
  ],
  "task_split_classes": [
    [
      "deer",
      "cat"
    ],
    [
      "horse",
      "bird"
    ],
    [
      "car",
      "frog"
    ],
    [
      "dog",
      "ship"
    ],
    [
      "plane",
      "truck"
    ]
  ]
}
2023-04-18 00:30:57.623 | DEBUG    | __main__:run_experiment:292 - PID: 13996
2023-04-18 00:30:57.624 | INFO     | __main__:run_experiment:294 - Starting...
2023-04-18 00:30:57.625 | INFO     | algorithms.algorithm_base:train:116 - {
  "name": "algorithms.rainbow_online.RainbowOnline",
  "model_class": "models.cifar.resnet.ResNet",
  "device": "cuda:0",
  "dataset_class": "datasets.cifar10.CIFAR10",
  "optimiser_class": "torch.optim.sgd.SGD",
  "loss_criterion_class": "torch.nn.modules.loss.CrossEntropyLoss",
  "batch_size": 32,
  "max_memory_samples": 200,
  "epochs_per_task": "50 (On Exemplar Buffer Only)",
  "gradient_clip": 10,
  "max_lr": 0.05,
  "min_lr": 0.0005,
  "cutmix_probability": 0.5,
  "sampling_technique": "diverse"
}
2023-04-18 00:30:57.626 | DEBUG    | algorithms.algorithm_base:_setup_training:109 - Model moved to cuda:0 and set to train mode
2023-04-18 00:30:57.627 | INFO     | algorithms.algorithm_base:train:118 - Starting training
2023-04-18 00:30:57.628 | INFO     | algorithms.rainbow_online:train:334 - Starting Task 1 / 5
2023-04-18 00:30:57.628 | INFO     | algorithms.rainbow_online:train:338 - Updating memory...
2023-04-18 00:30:57.629 | DEBUG    | algorithms.rainbow_online:train:341 - T_b: None
2023-04-18 00:30:57.640 | INFO     | algorithms.rainbow_online:perform_diversity_aware_memory_update:189 - Segmenting classes
2023-04-18 00:30:57.666 | DEBUG    | algorithms.rainbow_online:perform_diversity_aware_memory_update:215 - Seen classes: 2
2023-04-18 00:30:57.668 | INFO     | algorithms.rainbow_online:perform_diversity_aware_memory_update:218 - Sorting class samples by uncertainty and generating next buffer: memory size per class 100
2023-04-18 00:30:57.669 | DEBUG    | algorithms.rainbow_online:perform_diversity_aware_memory_update:298 - Class 4 under sampling strategy diverse
2023-04-18 00:34:18.937 | DEBUG    | algorithms.rainbow_online:perform_diversity_aware_memory_update:321 - Indexes: [0, 50, 100, 150, 200, 250, 300, 350, 400, 450, 500, 550, 600, 650, 700, 750, 800, 850, 900, 950, 1000, 1050, 1100, 1150, 1200, 1250, 1300, 1350, 1400, 1450, 1500, 1550, 1600, 1650, 1700, 1750, 1800, 1850, 1900, 1950, 2000, 2050, 2100, 2150, 2200, 2250, 2300, 2350, 2400, 2450, 2500, 2550, 2600, 2650, 2700, 2750, 2800, 2850, 2900, 2950, 3000, 3050, 3100, 3150, 3200, 3250, 3300, 3350, 3400, 3450, 3500, 3550, 3600, 3650, 3700, 3750, 3800, 3850, 3900, 3950, 4000, 4050, 4100, 4150, 4200, 4250, 4300, 4350, 4400, 4450, 4500, 4550, 4600, 4650, 4700, 4750, 4800, 4850, 4900, 4950]
2023-04-18 00:34:18.970 | INFO     | algorithms.rainbow_online:perform_diversity_aware_memory_update:322 - Saved sample images to Tensorboard
2023-04-18 00:34:18.971 | INFO     | algorithms.rainbow_online:perform_diversity_aware_memory_update:323 - There are 100 samples from class 4
2023-04-18 00:34:18.972 | DEBUG    | algorithms.rainbow_online:perform_diversity_aware_memory_update:298 - Class 3 under sampling strategy diverse
2023-04-18 00:37:38.269 | DEBUG    | algorithms.rainbow_online:perform_diversity_aware_memory_update:321 - Indexes: [0, 50, 100, 150, 200, 250, 300, 350, 400, 450, 500, 550, 600, 650, 700, 750, 800, 850, 900, 950, 1000, 1050, 1100, 1150, 1200, 1250, 1300, 1350, 1400, 1450, 1500, 1550, 1600, 1650, 1700, 1750, 1800, 1850, 1900, 1950, 2000, 2050, 2100, 2150, 2200, 2250, 2300, 2350, 2400, 2450, 2500, 2550, 2600, 2650, 2700, 2750, 2800, 2850, 2900, 2950, 3000, 3050, 3100, 3150, 3200, 3250, 3300, 3350, 3400, 3450, 3500, 3550, 3600, 3650, 3700, 3750, 3800, 3850, 3900, 3950, 4000, 4050, 4100, 4150, 4200, 4250, 4300, 4350, 4400, 4450, 4500, 4550, 4600, 4650, 4700, 4750, 4800, 4850, 4900, 4950]
2023-04-18 00:37:38.306 | INFO     | algorithms.rainbow_online:perform_diversity_aware_memory_update:322 - Saved sample images to Tensorboard
2023-04-18 00:37:38.306 | INFO     | algorithms.rainbow_online:perform_diversity_aware_memory_update:323 - There are 100 samples from class 3
2023-04-18 00:37:38.307 | INFO     | algorithms.rainbow_online:perform_diversity_aware_memory_update:325 - Generated next exemplar buffer
2023-04-18 00:37:38.308 | DEBUG    | algorithms.rainbow_online:train:345 - T_a: <class 'numpy.ndarray'>
2023-04-18 00:37:38.309 | INFO     | algorithms.rainbow_online:train:350 - Using memory buffer exclusively
2023-04-18 00:37:38.309 | INFO     | algorithms.rainbow_online:train:358 - Starting epoch 1 / 50
2023-04-18 00:37:41.919 | INFO     | algorithms.rainbow_online:train:412 - 1, loss: 2.739
2023-04-18 00:37:41.920 | INFO     | algorithms.rainbow_online:train:358 - Starting epoch 2 / 50
2023-04-18 00:37:42.149 | INFO     | algorithms.rainbow_online:train:412 - 2, loss: 2.319
2023-04-18 00:37:42.151 | INFO     | algorithms.rainbow_online:train:358 - Starting epoch 3 / 50
2023-04-18 00:37:42.383 | INFO     | algorithms.rainbow_online:train:412 - 3, loss: 2.226
2023-04-18 00:37:42.384 | INFO     | algorithms.rainbow_online:train:358 - Starting epoch 4 / 50
2023-04-18 00:37:42.612 | INFO     | algorithms.rainbow_online:train:412 - 4, loss: 2.267
2023-04-18 00:37:42.613 | INFO     | algorithms.rainbow_online:train:358 - Starting epoch 5 / 50
2023-04-18 00:37:42.842 | INFO     | algorithms.rainbow_online:train:412 - 5, loss: 2.110
2023-04-18 00:37:42.844 | INFO     | algorithms.rainbow_online:train:358 - Starting epoch 6 / 50
2023-04-18 00:37:43.073 | INFO     | algorithms.rainbow_online:train:412 - 6, loss: 2.065
2023-04-18 00:37:43.074 | INFO     | algorithms.rainbow_online:train:358 - Starting epoch 7 / 50
2023-04-18 00:37:43.304 | INFO     | algorithms.rainbow_online:train:412 - 7, loss: 2.114
2023-04-18 00:37:43.305 | INFO     | algorithms.rainbow_online:train:358 - Starting epoch 8 / 50
2023-04-18 00:37:43.536 | INFO     | algorithms.rainbow_online:train:412 - 8, loss: 2.039
2023-04-18 00:37:43.538 | INFO     | algorithms.rainbow_online:train:358 - Starting epoch 9 / 50
2023-04-18 00:37:43.765 | INFO     | algorithms.rainbow_online:train:412 - 9, loss: 2.047
2023-04-18 00:37:43.768 | INFO     | algorithms.rainbow_online:train:358 - Starting epoch 10 / 50
2023-04-18 00:37:43.997 | INFO     | algorithms.rainbow_online:train:412 - 10, loss: 1.944
2023-04-18 00:37:43.999 | INFO     | algorithms.algorithm_base:run_base_task_metrics:144 - Running metrics: Task 10
2023-04-18 00:37:48.865 | DEBUG    | algorithms.algorithm_base:run_base_task_metrics:200 - Raw classification accuracy results saved to ./output_cifar10_varied_sampling/rainbow_online/1681774256.1935577_CIFAR10_OFFICIAL_RUN/task_10_accuracy_results.json
2023-04-18 00:37:48.866 | INFO     | algorithms.algorithm_base:run_base_task_metrics:201 - Correctly classified 1303 / 10000 samples (13.03% correct)
2023-04-18 00:37:49.052 | INFO     | algorithms.rainbow_online:train:358 - Starting epoch 11 / 50
2023-04-18 00:37:49.288 | INFO     | algorithms.rainbow_online:train:412 - 11, loss: 1.851
2023-04-18 00:37:49.289 | INFO     | algorithms.rainbow_online:train:358 - Starting epoch 12 / 50
2023-04-18 00:37:49.518 | INFO     | algorithms.rainbow_online:train:412 - 12, loss: 1.852
2023-04-18 00:37:49.519 | INFO     | algorithms.rainbow_online:train:358 - Starting epoch 13 / 50
2023-04-18 00:37:49.748 | INFO     | algorithms.rainbow_online:train:412 - 13, loss: 1.915
2023-04-18 00:37:49.749 | INFO     | algorithms.rainbow_online:train:358 - Starting epoch 14 / 50
2023-04-18 00:37:49.978 | INFO     | algorithms.rainbow_online:train:412 - 14, loss: 1.855
2023-04-18 00:37:49.979 | INFO     | algorithms.rainbow_online:train:358 - Starting epoch 15 / 50
2023-04-18 00:37:50.208 | INFO     | algorithms.rainbow_online:train:412 - 15, loss: 1.707
2023-04-18 00:37:50.209 | INFO     | algorithms.rainbow_online:train:358 - Starting epoch 16 / 50
2023-04-18 00:37:50.437 | INFO     | algorithms.rainbow_online:train:412 - 16, loss: 1.820
2023-04-18 00:37:50.439 | INFO     | algorithms.rainbow_online:train:358 - Starting epoch 17 / 50
2023-04-18 00:37:50.667 | INFO     | algorithms.rainbow_online:train:412 - 17, loss: 1.671
2023-04-18 00:37:50.668 | INFO     | algorithms.rainbow_online:train:358 - Starting epoch 18 / 50
2023-04-18 00:37:50.898 | INFO     | algorithms.rainbow_online:train:412 - 18, loss: 1.747
2023-04-18 00:37:50.899 | INFO     | algorithms.rainbow_online:train:358 - Starting epoch 19 / 50
2023-04-18 00:37:51.128 | INFO     | algorithms.rainbow_online:train:412 - 19, loss: 1.636
2023-04-18 00:37:51.130 | INFO     | algorithms.rainbow_online:train:358 - Starting epoch 20 / 50
2023-04-18 00:37:51.358 | INFO     | algorithms.rainbow_online:train:412 - 20, loss: 1.688
2023-04-18 00:37:51.360 | INFO     | algorithms.algorithm_base:run_base_task_metrics:144 - Running metrics: Task 20
2023-04-18 00:37:56.005 | DEBUG    | algorithms.algorithm_base:run_base_task_metrics:200 - Raw classification accuracy results saved to ./output_cifar10_varied_sampling/rainbow_online/1681774256.1935577_CIFAR10_OFFICIAL_RUN/task_20_accuracy_results.json
2023-04-18 00:37:56.006 | INFO     | algorithms.algorithm_base:run_base_task_metrics:201 - Correctly classified 1464 / 10000 samples (14.64% correct)
2023-04-18 00:37:56.138 | INFO     | algorithms.rainbow_online:train:358 - Starting epoch 21 / 50
2023-04-18 00:37:56.374 | INFO     | algorithms.rainbow_online:train:412 - 21, loss: 1.795
2023-04-18 00:37:56.375 | INFO     | algorithms.rainbow_online:train:358 - Starting epoch 22 / 50
2023-04-18 00:37:56.605 | INFO     | algorithms.rainbow_online:train:412 - 22, loss: 1.652
2023-04-18 00:37:56.607 | INFO     | algorithms.rainbow_online:train:358 - Starting epoch 23 / 50
2023-04-18 00:37:56.835 | INFO     | algorithms.rainbow_online:train:412 - 23, loss: 1.631
2023-04-18 00:37:56.837 | INFO     | algorithms.rainbow_online:train:358 - Starting epoch 24 / 50
2023-04-18 00:37:57.066 | INFO     | algorithms.rainbow_online:train:412 - 24, loss: 1.525
2023-04-18 00:37:57.068 | INFO     | algorithms.rainbow_online:train:358 - Starting epoch 25 / 50
2023-04-18 00:37:57.298 | INFO     | algorithms.rainbow_online:train:412 - 25, loss: 1.569
2023-04-18 00:37:57.299 | INFO     | algorithms.rainbow_online:train:358 - Starting epoch 26 / 50
2023-04-18 00:37:57.528 | INFO     | algorithms.rainbow_online:train:412 - 26, loss: 1.480
2023-04-18 00:37:57.530 | INFO     | algorithms.rainbow_online:train:358 - Starting epoch 27 / 50
2023-04-18 00:37:57.758 | INFO     | algorithms.rainbow_online:train:412 - 27, loss: 1.541
2023-04-18 00:37:57.760 | INFO     | algorithms.rainbow_online:train:358 - Starting epoch 28 / 50
2023-04-18 00:37:57.988 | INFO     | algorithms.rainbow_online:train:412 - 28, loss: 1.520
2023-04-18 00:37:57.990 | INFO     | algorithms.rainbow_online:train:358 - Starting epoch 29 / 50
2023-04-18 00:37:58.219 | INFO     | algorithms.rainbow_online:train:412 - 29, loss: 1.426
2023-04-18 00:37:58.222 | INFO     | algorithms.rainbow_online:train:358 - Starting epoch 30 / 50
2023-04-18 00:37:58.452 | INFO     | algorithms.rainbow_online:train:412 - 30, loss: 1.592
2023-04-18 00:37:58.454 | INFO     | algorithms.algorithm_base:run_base_task_metrics:144 - Running metrics: Task 30
2023-04-18 00:38:03.111 | DEBUG    | algorithms.algorithm_base:run_base_task_metrics:200 - Raw classification accuracy results saved to ./output_cifar10_varied_sampling/rainbow_online/1681774256.1935577_CIFAR10_OFFICIAL_RUN/task_30_accuracy_results.json
2023-04-18 00:38:03.113 | INFO     | algorithms.algorithm_base:run_base_task_metrics:201 - Correctly classified 1472 / 10000 samples (14.72% correct)
2023-04-18 00:38:03.245 | INFO     | algorithms.rainbow_online:train:358 - Starting epoch 31 / 50
2023-04-18 00:38:03.479 | INFO     | algorithms.rainbow_online:train:412 - 31, loss: 1.442
2023-04-18 00:38:03.480 | INFO     | algorithms.rainbow_online:train:358 - Starting epoch 32 / 50
2023-04-18 00:38:03.710 | INFO     | algorithms.rainbow_online:train:412 - 32, loss: 1.401
2023-04-18 00:38:03.712 | INFO     | algorithms.rainbow_online:train:358 - Starting epoch 33 / 50
2023-04-18 00:38:03.941 | INFO     | algorithms.rainbow_online:train:412 - 33, loss: 1.441
2023-04-18 00:38:03.942 | INFO     | algorithms.rainbow_online:train:358 - Starting epoch 34 / 50
2023-04-18 00:38:04.172 | INFO     | algorithms.rainbow_online:train:412 - 34, loss: 1.412
2023-04-18 00:38:04.174 | INFO     | algorithms.rainbow_online:train:358 - Starting epoch 35 / 50
2023-04-18 00:38:04.402 | INFO     | algorithms.rainbow_online:train:412 - 35, loss: 1.341
2023-04-18 00:38:04.403 | INFO     | algorithms.rainbow_online:train:358 - Starting epoch 36 / 50
2023-04-18 00:38:04.633 | INFO     | algorithms.rainbow_online:train:412 - 36, loss: 1.420
2023-04-18 00:38:04.634 | INFO     | algorithms.rainbow_online:train:358 - Starting epoch 37 / 50
2023-04-18 00:38:04.863 | INFO     | algorithms.rainbow_online:train:412 - 37, loss: 1.373
2023-04-18 00:38:04.864 | INFO     | algorithms.rainbow_online:train:358 - Starting epoch 38 / 50
2023-04-18 00:38:05.093 | INFO     | algorithms.rainbow_online:train:412 - 38, loss: 1.346
2023-04-18 00:38:05.094 | INFO     | algorithms.rainbow_online:train:358 - Starting epoch 39 / 50
2023-04-18 00:38:05.324 | INFO     | algorithms.rainbow_online:train:412 - 39, loss: 1.428
2023-04-18 00:38:05.325 | INFO     | algorithms.rainbow_online:train:358 - Starting epoch 40 / 50
2023-04-18 00:38:05.555 | INFO     | algorithms.rainbow_online:train:412 - 40, loss: 1.408
2023-04-18 00:38:05.556 | INFO     | algorithms.algorithm_base:run_base_task_metrics:144 - Running metrics: Task 40
2023-04-18 00:38:10.199 | DEBUG    | algorithms.algorithm_base:run_base_task_metrics:200 - Raw classification accuracy results saved to ./output_cifar10_varied_sampling/rainbow_online/1681774256.1935577_CIFAR10_OFFICIAL_RUN/task_40_accuracy_results.json
2023-04-18 00:38:10.200 | INFO     | algorithms.algorithm_base:run_base_task_metrics:201 - Correctly classified 1440 / 10000 samples (14.40% correct)
2023-04-18 00:38:10.334 | INFO     | algorithms.rainbow_online:train:358 - Starting epoch 41 / 50
2023-04-18 00:38:10.566 | INFO     | algorithms.rainbow_online:train:412 - 41, loss: 1.242
2023-04-18 00:38:10.568 | INFO     | algorithms.rainbow_online:train:358 - Starting epoch 42 / 50
2023-04-18 00:38:10.796 | INFO     | algorithms.rainbow_online:train:412 - 42, loss: 1.306
2023-04-18 00:38:10.797 | INFO     | algorithms.rainbow_online:train:358 - Starting epoch 43 / 50
2023-04-18 00:38:11.027 | INFO     | algorithms.rainbow_online:train:412 - 43, loss: 1.300
2023-04-18 00:38:11.029 | INFO     | algorithms.rainbow_online:train:358 - Starting epoch 44 / 50
2023-04-18 00:38:11.257 | INFO     | algorithms.rainbow_online:train:412 - 44, loss: 1.111
2023-04-18 00:38:11.259 | INFO     | algorithms.rainbow_online:train:358 - Starting epoch 45 / 50
2023-04-18 00:38:11.489 | INFO     | algorithms.rainbow_online:train:412 - 45, loss: 1.133
2023-04-18 00:38:11.491 | INFO     | algorithms.rainbow_online:train:358 - Starting epoch 46 / 50
2023-04-18 00:38:11.720 | INFO     | algorithms.rainbow_online:train:412 - 46, loss: 1.276
2023-04-18 00:38:11.722 | INFO     | algorithms.rainbow_online:train:358 - Starting epoch 47 / 50
2023-04-18 00:38:11.949 | INFO     | algorithms.rainbow_online:train:412 - 47, loss: 1.116
2023-04-18 00:38:11.951 | INFO     | algorithms.rainbow_online:train:358 - Starting epoch 48 / 50
2023-04-18 00:38:12.180 | INFO     | algorithms.rainbow_online:train:412 - 48, loss: 1.167
2023-04-18 00:38:12.182 | INFO     | algorithms.rainbow_online:train:358 - Starting epoch 49 / 50
2023-04-18 00:38:12.411 | INFO     | algorithms.rainbow_online:train:412 - 49, loss: 1.024
2023-04-18 00:38:12.413 | INFO     | algorithms.rainbow_online:train:358 - Starting epoch 50 / 50
2023-04-18 00:38:12.641 | INFO     | algorithms.rainbow_online:train:412 - 50, loss: 1.117
2023-04-18 00:38:12.643 | INFO     | algorithms.algorithm_base:run_base_task_metrics:144 - Running metrics: Task 50
2023-04-18 00:38:17.288 | DEBUG    | algorithms.algorithm_base:run_base_task_metrics:200 - Raw classification accuracy results saved to ./output_cifar10_varied_sampling/rainbow_online/1681774256.1935577_CIFAR10_OFFICIAL_RUN/task_50_accuracy_results.json
2023-04-18 00:38:17.290 | INFO     | algorithms.algorithm_base:run_base_task_metrics:201 - Correctly classified 1491 / 10000 samples (14.91% correct)
2023-04-18 00:38:17.424 | INFO     | algorithms.rainbow_online:train:334 - Starting Task 2 / 5
2023-04-18 00:38:17.429 | INFO     | algorithms.rainbow_online:train:338 - Updating memory...
2023-04-18 00:38:17.430 | DEBUG    | algorithms.rainbow_online:train:341 - T_b: <class 'numpy.ndarray'>
2023-04-18 00:38:17.442 | INFO     | algorithms.rainbow_online:perform_diversity_aware_memory_update:189 - Segmenting classes
2023-04-18 00:38:17.443 | DEBUG    | algorithms.rainbow_online:perform_diversity_aware_memory_update:200 - Keys dict_keys([4])
2023-04-18 00:38:17.444 | DEBUG    | algorithms.rainbow_online:perform_diversity_aware_memory_update:200 - Keys dict_keys([4, 3])
2023-04-18 00:38:17.469 | DEBUG    | algorithms.rainbow_online:perform_diversity_aware_memory_update:215 - Seen classes: 4
2023-04-18 00:38:17.470 | INFO     | algorithms.rainbow_online:perform_diversity_aware_memory_update:218 - Sorting class samples by uncertainty and generating next buffer: memory size per class 50
2023-04-18 00:38:17.471 | DEBUG    | algorithms.rainbow_online:perform_diversity_aware_memory_update:298 - Class 4 under sampling strategy diverse
2023-04-18 00:38:21.490 | DEBUG    | algorithms.rainbow_online:perform_diversity_aware_memory_update:321 - Indexes: [0, 2, 4, 6, 8, 10, 12, 14, 16, 18, 20, 22, 24, 26, 28, 30, 32, 34, 36, 38, 40, 42, 44, 46, 48, 50, 52, 54, 56, 58, 60, 62, 64, 66, 68, 70, 72, 74, 76, 78, 80, 82, 84, 86, 88, 90, 92, 94, 96, 98]
2023-04-18 00:38:21.507 | INFO     | algorithms.rainbow_online:perform_diversity_aware_memory_update:322 - Saved sample images to Tensorboard
2023-04-18 00:38:21.508 | INFO     | algorithms.rainbow_online:perform_diversity_aware_memory_update:323 - There are 50 samples from class 4
2023-04-18 00:38:21.508 | DEBUG    | algorithms.rainbow_online:perform_diversity_aware_memory_update:298 - Class 3 under sampling strategy diverse
2023-04-18 00:38:25.528 | DEBUG    | algorithms.rainbow_online:perform_diversity_aware_memory_update:321 - Indexes: [0, 2, 4, 6, 8, 10, 12, 14, 16, 18, 20, 22, 24, 26, 28, 30, 32, 34, 36, 38, 40, 42, 44, 46, 48, 50, 52, 54, 56, 58, 60, 62, 64, 66, 68, 70, 72, 74, 76, 78, 80, 82, 84, 86, 88, 90, 92, 94, 96, 98]
2023-04-18 00:38:25.545 | INFO     | algorithms.rainbow_online:perform_diversity_aware_memory_update:322 - Saved sample images to Tensorboard
2023-04-18 00:38:25.546 | INFO     | algorithms.rainbow_online:perform_diversity_aware_memory_update:323 - There are 50 samples from class 3
2023-04-18 00:38:25.547 | DEBUG    | algorithms.rainbow_online:perform_diversity_aware_memory_update:298 - Class 7 under sampling strategy diverse
2023-04-18 00:41:46.406 | DEBUG    | algorithms.rainbow_online:perform_diversity_aware_memory_update:321 - Indexes: [0, 100, 200, 300, 400, 500, 600, 700, 800, 900, 1000, 1100, 1200, 1300, 1400, 1500, 1600, 1700, 1800, 1900, 2000, 2100, 2200, 2300, 2400, 2500, 2600, 2700, 2800, 2900, 3000, 3100, 3200, 3300, 3400, 3500, 3600, 3700, 3800, 3900, 4000, 4100, 4200, 4300, 4400, 4500, 4600, 4700, 4800, 4900]
2023-04-18 00:41:46.424 | INFO     | algorithms.rainbow_online:perform_diversity_aware_memory_update:322 - Saved sample images to Tensorboard
2023-04-18 00:41:46.424 | INFO     | algorithms.rainbow_online:perform_diversity_aware_memory_update:323 - There are 50 samples from class 7
2023-04-18 00:41:46.425 | DEBUG    | algorithms.rainbow_online:perform_diversity_aware_memory_update:298 - Class 2 under sampling strategy diverse
2023-04-18 00:45:07.905 | DEBUG    | algorithms.rainbow_online:perform_diversity_aware_memory_update:321 - Indexes: [0, 100, 200, 300, 400, 500, 600, 700, 800, 900, 1000, 1100, 1200, 1300, 1400, 1500, 1600, 1700, 1800, 1900, 2000, 2100, 2200, 2300, 2400, 2500, 2600, 2700, 2800, 2900, 3000, 3100, 3200, 3300, 3400, 3500, 3600, 3700, 3800, 3900, 4000, 4100, 4200, 4300, 4400, 4500, 4600, 4700, 4800, 4900]
2023-04-18 00:45:07.922 | INFO     | algorithms.rainbow_online:perform_diversity_aware_memory_update:322 - Saved sample images to Tensorboard
2023-04-18 00:45:07.923 | INFO     | algorithms.rainbow_online:perform_diversity_aware_memory_update:323 - There are 50 samples from class 2
2023-04-18 00:45:07.923 | INFO     | algorithms.rainbow_online:perform_diversity_aware_memory_update:325 - Generated next exemplar buffer
2023-04-18 00:45:07.924 | DEBUG    | algorithms.rainbow_online:train:345 - T_a: <class 'numpy.ndarray'>
2023-04-18 00:45:07.925 | INFO     | algorithms.rainbow_online:train:350 - Using memory buffer exclusively
2023-04-18 00:45:07.926 | INFO     | algorithms.rainbow_online:train:358 - Starting epoch 1 / 50
2023-04-18 00:45:08.158 | INFO     | algorithms.rainbow_online:train:412 - 1, loss: 2.456
2023-04-18 00:45:08.159 | INFO     | algorithms.rainbow_online:train:358 - Starting epoch 2 / 50
2023-04-18 00:45:08.389 | INFO     | algorithms.rainbow_online:train:412 - 2, loss: 2.348
2023-04-18 00:45:08.391 | INFO     | algorithms.rainbow_online:train:358 - Starting epoch 3 / 50
2023-04-18 00:45:08.620 | INFO     | algorithms.rainbow_online:train:412 - 3, loss: 2.584
2023-04-18 00:45:08.621 | INFO     | algorithms.rainbow_online:train:358 - Starting epoch 4 / 50
2023-04-18 00:45:08.851 | INFO     | algorithms.rainbow_online:train:412 - 4, loss: 2.421
2023-04-18 00:45:08.853 | INFO     | algorithms.rainbow_online:train:358 - Starting epoch 5 / 50
2023-04-18 00:45:09.082 | INFO     | algorithms.rainbow_online:train:412 - 5, loss: 2.219
2023-04-18 00:45:09.084 | INFO     | algorithms.rainbow_online:train:358 - Starting epoch 6 / 50
2023-04-18 00:45:09.314 | INFO     | algorithms.rainbow_online:train:412 - 6, loss: 2.332
2023-04-18 00:45:09.315 | INFO     | algorithms.rainbow_online:train:358 - Starting epoch 7 / 50
2023-04-18 00:45:09.545 | INFO     | algorithms.rainbow_online:train:412 - 7, loss: 2.341
2023-04-18 00:45:09.547 | INFO     | algorithms.rainbow_online:train:358 - Starting epoch 8 / 50
2023-04-18 00:45:09.775 | INFO     | algorithms.rainbow_online:train:412 - 8, loss: 2.352
2023-04-18 00:45:09.776 | INFO     | algorithms.rainbow_online:train:358 - Starting epoch 9 / 50
2023-04-18 00:45:10.009 | INFO     | algorithms.rainbow_online:train:412 - 9, loss: 2.333
2023-04-18 00:45:10.011 | INFO     | algorithms.rainbow_online:train:358 - Starting epoch 10 / 50
2023-04-18 00:45:10.240 | INFO     | algorithms.rainbow_online:train:412 - 10, loss: 2.347
2023-04-18 00:45:10.242 | INFO     | algorithms.algorithm_base:run_base_task_metrics:144 - Running metrics: Task 60
2023-04-18 00:45:14.846 | DEBUG    | algorithms.algorithm_base:run_base_task_metrics:200 - Raw classification accuracy results saved to ./output_cifar10_varied_sampling/rainbow_online/1681774256.1935577_CIFAR10_OFFICIAL_RUN/task_60_accuracy_results.json
2023-04-18 00:45:14.847 | INFO     | algorithms.algorithm_base:run_base_task_metrics:201 - Correctly classified 1362 / 10000 samples (13.62% correct)
2023-04-18 00:45:14.985 | INFO     | algorithms.rainbow_online:train:358 - Starting epoch 11 / 50
2023-04-18 00:45:15.220 | INFO     | algorithms.rainbow_online:train:412 - 11, loss: 2.270
2023-04-18 00:45:15.222 | INFO     | algorithms.rainbow_online:train:358 - Starting epoch 12 / 50
2023-04-18 00:45:15.452 | INFO     | algorithms.rainbow_online:train:412 - 12, loss: 2.206
2023-04-18 00:45:15.454 | INFO     | algorithms.rainbow_online:train:358 - Starting epoch 13 / 50
2023-04-18 00:45:15.682 | INFO     | algorithms.rainbow_online:train:412 - 13, loss: 2.290
2023-04-18 00:45:15.684 | INFO     | algorithms.rainbow_online:train:358 - Starting epoch 14 / 50
2023-04-18 00:45:15.913 | INFO     | algorithms.rainbow_online:train:412 - 14, loss: 2.232
2023-04-18 00:45:15.914 | INFO     | algorithms.rainbow_online:train:358 - Starting epoch 15 / 50
2023-04-18 00:45:16.145 | INFO     | algorithms.rainbow_online:train:412 - 15, loss: 2.239
2023-04-18 00:45:16.146 | INFO     | algorithms.rainbow_online:train:358 - Starting epoch 16 / 50
2023-04-18 00:45:16.377 | INFO     | algorithms.rainbow_online:train:412 - 16, loss: 2.308
2023-04-18 00:45:16.379 | INFO     | algorithms.rainbow_online:train:358 - Starting epoch 17 / 50
2023-04-18 00:45:16.608 | INFO     | algorithms.rainbow_online:train:412 - 17, loss: 2.222
2023-04-18 00:45:16.610 | INFO     | algorithms.rainbow_online:train:358 - Starting epoch 18 / 50
2023-04-18 00:45:16.840 | INFO     | algorithms.rainbow_online:train:412 - 18, loss: 2.078
2023-04-18 00:45:16.841 | INFO     | algorithms.rainbow_online:train:358 - Starting epoch 19 / 50
2023-04-18 00:45:17.070 | INFO     | algorithms.rainbow_online:train:412 - 19, loss: 2.037
2023-04-18 00:45:17.071 | INFO     | algorithms.rainbow_online:train:358 - Starting epoch 20 / 50
2023-04-18 00:45:17.302 | INFO     | algorithms.rainbow_online:train:412 - 20, loss: 1.979
2023-04-18 00:45:17.303 | INFO     | algorithms.algorithm_base:run_base_task_metrics:144 - Running metrics: Task 70
2023-04-18 00:45:21.971 | DEBUG    | algorithms.algorithm_base:run_base_task_metrics:200 - Raw classification accuracy results saved to ./output_cifar10_varied_sampling/rainbow_online/1681774256.1935577_CIFAR10_OFFICIAL_RUN/task_70_accuracy_results.json
2023-04-18 00:45:21.973 | INFO     | algorithms.algorithm_base:run_base_task_metrics:201 - Correctly classified 1353 / 10000 samples (13.53% correct)
2023-04-18 00:45:22.106 | INFO     | algorithms.rainbow_online:train:358 - Starting epoch 21 / 50
2023-04-18 00:45:22.338 | INFO     | algorithms.rainbow_online:train:412 - 21, loss: 2.045
2023-04-18 00:45:22.340 | INFO     | algorithms.rainbow_online:train:358 - Starting epoch 22 / 50
2023-04-18 00:45:22.571 | INFO     | algorithms.rainbow_online:train:412 - 22, loss: 2.129
2023-04-18 00:45:22.574 | INFO     | algorithms.rainbow_online:train:358 - Starting epoch 23 / 50
2023-04-18 00:45:22.801 | INFO     | algorithms.rainbow_online:train:412 - 23, loss: 1.938
2023-04-18 00:45:22.803 | INFO     | algorithms.rainbow_online:train:358 - Starting epoch 24 / 50
2023-04-18 00:45:23.031 | INFO     | algorithms.rainbow_online:train:412 - 24, loss: 2.064
2023-04-18 00:45:23.032 | INFO     | algorithms.rainbow_online:train:358 - Starting epoch 25 / 50
2023-04-18 00:45:23.260 | INFO     | algorithms.rainbow_online:train:412 - 25, loss: 2.034
2023-04-18 00:45:23.262 | INFO     | algorithms.rainbow_online:train:358 - Starting epoch 26 / 50
2023-04-18 00:45:23.492 | INFO     | algorithms.rainbow_online:train:412 - 26, loss: 1.936
2023-04-18 00:45:23.494 | INFO     | algorithms.rainbow_online:train:358 - Starting epoch 27 / 50
2023-04-18 00:45:23.724 | INFO     | algorithms.rainbow_online:train:412 - 27, loss: 1.934
2023-04-18 00:45:23.725 | INFO     | algorithms.rainbow_online:train:358 - Starting epoch 28 / 50
2023-04-18 00:45:23.953 | INFO     | algorithms.rainbow_online:train:412 - 28, loss: 1.854
2023-04-18 00:45:23.955 | INFO     | algorithms.rainbow_online:train:358 - Starting epoch 29 / 50
2023-04-18 00:45:24.183 | INFO     | algorithms.rainbow_online:train:412 - 29, loss: 2.032
2023-04-18 00:45:24.186 | INFO     | algorithms.rainbow_online:train:358 - Starting epoch 30 / 50
2023-04-18 00:45:24.415 | INFO     | algorithms.rainbow_online:train:412 - 30, loss: 1.906
2023-04-18 00:45:24.417 | INFO     | algorithms.algorithm_base:run_base_task_metrics:144 - Running metrics: Task 80
2023-04-18 00:45:29.067 | DEBUG    | algorithms.algorithm_base:run_base_task_metrics:200 - Raw classification accuracy results saved to ./output_cifar10_varied_sampling/rainbow_online/1681774256.1935577_CIFAR10_OFFICIAL_RUN/task_80_accuracy_results.json
2023-04-18 00:45:29.068 | INFO     | algorithms.algorithm_base:run_base_task_metrics:201 - Correctly classified 1477 / 10000 samples (14.77% correct)
2023-04-18 00:45:29.203 | INFO     | algorithms.rainbow_online:train:358 - Starting epoch 31 / 50
2023-04-18 00:45:29.437 | INFO     | algorithms.rainbow_online:train:412 - 31, loss: 1.933
2023-04-18 00:45:29.438 | INFO     | algorithms.rainbow_online:train:358 - Starting epoch 32 / 50
2023-04-18 00:45:29.666 | INFO     | algorithms.rainbow_online:train:412 - 32, loss: 1.901
2023-04-18 00:45:29.667 | INFO     | algorithms.rainbow_online:train:358 - Starting epoch 33 / 50
2023-04-18 00:45:29.895 | INFO     | algorithms.rainbow_online:train:412 - 33, loss: 1.887
2023-04-18 00:45:29.897 | INFO     | algorithms.rainbow_online:train:358 - Starting epoch 34 / 50
2023-04-18 00:45:30.128 | INFO     | algorithms.rainbow_online:train:412 - 34, loss: 1.847
2023-04-18 00:45:30.129 | INFO     | algorithms.rainbow_online:train:358 - Starting epoch 35 / 50
2023-04-18 00:45:30.358 | INFO     | algorithms.rainbow_online:train:412 - 35, loss: 2.106
2023-04-18 00:45:30.360 | INFO     | algorithms.rainbow_online:train:358 - Starting epoch 36 / 50
2023-04-18 00:45:30.589 | INFO     | algorithms.rainbow_online:train:412 - 36, loss: 1.908
2023-04-18 00:45:30.590 | INFO     | algorithms.rainbow_online:train:358 - Starting epoch 37 / 50
2023-04-18 00:45:30.818 | INFO     | algorithms.rainbow_online:train:412 - 37, loss: 1.933
2023-04-18 00:45:30.820 | INFO     | algorithms.rainbow_online:train:358 - Starting epoch 38 / 50
2023-04-18 00:45:31.049 | INFO     | algorithms.rainbow_online:train:412 - 38, loss: 1.861
2023-04-18 00:45:31.050 | INFO     | algorithms.rainbow_online:train:358 - Starting epoch 39 / 50
2023-04-18 00:45:31.281 | INFO     | algorithms.rainbow_online:train:412 - 39, loss: 1.911
2023-04-18 00:45:31.282 | INFO     | algorithms.rainbow_online:train:358 - Starting epoch 40 / 50
2023-04-18 00:45:31.510 | INFO     | algorithms.rainbow_online:train:412 - 40, loss: 1.795
2023-04-18 00:45:31.511 | INFO     | algorithms.algorithm_base:run_base_task_metrics:144 - Running metrics: Task 90
2023-04-18 00:45:36.174 | DEBUG    | algorithms.algorithm_base:run_base_task_metrics:200 - Raw classification accuracy results saved to ./output_cifar10_varied_sampling/rainbow_online/1681774256.1935577_CIFAR10_OFFICIAL_RUN/task_90_accuracy_results.json
2023-04-18 00:45:36.176 | INFO     | algorithms.algorithm_base:run_base_task_metrics:201 - Correctly classified 1554 / 10000 samples (15.54% correct)
2023-04-18 00:45:36.308 | INFO     | algorithms.rainbow_online:train:358 - Starting epoch 41 / 50
2023-04-18 00:45:36.541 | INFO     | algorithms.rainbow_online:train:412 - 41, loss: 2.101
2023-04-18 00:45:36.542 | INFO     | algorithms.rainbow_online:train:358 - Starting epoch 42 / 50
2023-04-18 00:45:36.770 | INFO     | algorithms.rainbow_online:train:412 - 42, loss: 1.900
2023-04-18 00:45:36.772 | INFO     | algorithms.rainbow_online:train:358 - Starting epoch 43 / 50
2023-04-18 00:45:37.000 | INFO     | algorithms.rainbow_online:train:412 - 43, loss: 1.855
2023-04-18 00:45:37.001 | INFO     | algorithms.rainbow_online:train:358 - Starting epoch 44 / 50
2023-04-18 00:45:37.230 | INFO     | algorithms.rainbow_online:train:412 - 44, loss: 1.876
2023-04-18 00:45:37.231 | INFO     | algorithms.rainbow_online:train:358 - Starting epoch 45 / 50
2023-04-18 00:45:37.459 | INFO     | algorithms.rainbow_online:train:412 - 45, loss: 1.648
2023-04-18 00:45:37.461 | INFO     | algorithms.rainbow_online:train:358 - Starting epoch 46 / 50
2023-04-18 00:45:37.692 | INFO     | algorithms.rainbow_online:train:412 - 46, loss: 1.905
2023-04-18 00:45:37.694 | INFO     | algorithms.rainbow_online:train:358 - Starting epoch 47 / 50
2023-04-18 00:45:37.922 | INFO     | algorithms.rainbow_online:train:412 - 47, loss: 1.726
2023-04-18 00:45:37.924 | INFO     | algorithms.rainbow_online:train:358 - Starting epoch 48 / 50
2023-04-18 00:45:38.153 | INFO     | algorithms.rainbow_online:train:412 - 48, loss: 1.767
2023-04-18 00:45:38.155 | INFO     | algorithms.rainbow_online:train:358 - Starting epoch 49 / 50
2023-04-18 00:45:38.385 | INFO     | algorithms.rainbow_online:train:412 - 49, loss: 1.696
2023-04-18 00:45:38.387 | INFO     | algorithms.rainbow_online:train:358 - Starting epoch 50 / 50
2023-04-18 00:45:38.615 | INFO     | algorithms.rainbow_online:train:412 - 50, loss: 1.696
2023-04-18 00:45:38.617 | INFO     | algorithms.algorithm_base:run_base_task_metrics:144 - Running metrics: Task 100
2023-04-18 00:45:43.268 | DEBUG    | algorithms.algorithm_base:run_base_task_metrics:200 - Raw classification accuracy results saved to ./output_cifar10_varied_sampling/rainbow_online/1681774256.1935577_CIFAR10_OFFICIAL_RUN/task_100_accuracy_results.json
2023-04-18 00:45:43.269 | INFO     | algorithms.algorithm_base:run_base_task_metrics:201 - Correctly classified 1608 / 10000 samples (16.08% correct)
2023-04-18 00:45:43.406 | INFO     | algorithms.rainbow_online:train:334 - Starting Task 3 / 5
2023-04-18 00:45:43.411 | INFO     | algorithms.rainbow_online:train:338 - Updating memory...
2023-04-18 00:45:43.412 | DEBUG    | algorithms.rainbow_online:train:341 - T_b: <class 'numpy.ndarray'>
2023-04-18 00:45:43.421 | INFO     | algorithms.rainbow_online:perform_diversity_aware_memory_update:189 - Segmenting classes
2023-04-18 00:45:43.422 | DEBUG    | algorithms.rainbow_online:perform_diversity_aware_memory_update:200 - Keys dict_keys([4])
2023-04-18 00:45:43.423 | DEBUG    | algorithms.rainbow_online:perform_diversity_aware_memory_update:200 - Keys dict_keys([4, 3])
2023-04-18 00:45:43.424 | DEBUG    | algorithms.rainbow_online:perform_diversity_aware_memory_update:200 - Keys dict_keys([4, 3, 7])
2023-04-18 00:45:43.425 | DEBUG    | algorithms.rainbow_online:perform_diversity_aware_memory_update:200 - Keys dict_keys([4, 3, 7, 2])
2023-04-18 00:45:43.450 | DEBUG    | algorithms.rainbow_online:perform_diversity_aware_memory_update:215 - Seen classes: 6
2023-04-18 00:45:43.450 | INFO     | algorithms.rainbow_online:perform_diversity_aware_memory_update:218 - Sorting class samples by uncertainty and generating next buffer: memory size per class 33
2023-04-18 00:45:43.451 | DEBUG    | algorithms.rainbow_online:perform_diversity_aware_memory_update:298 - Class 4 under sampling strategy diverse
2023-04-18 00:45:45.496 | DEBUG    | algorithms.rainbow_online:perform_diversity_aware_memory_update:321 - Indexes: [0, 1, 3, 4, 6, 7, 9, 10, 12, 13, 15, 16, 18, 19, 21, 22, 24, 25, 27, 28, 30, 31, 33, 34, 36, 37, 39, 40, 42, 43, 45, 46, 48]
2023-04-18 00:45:45.508 | INFO     | algorithms.rainbow_online:perform_diversity_aware_memory_update:322 - Saved sample images to Tensorboard
2023-04-18 00:45:45.509 | INFO     | algorithms.rainbow_online:perform_diversity_aware_memory_update:323 - There are 33 samples from class 4
2023-04-18 00:45:45.509 | DEBUG    | algorithms.rainbow_online:perform_diversity_aware_memory_update:298 - Class 3 under sampling strategy diverse
2023-04-18 00:45:47.602 | DEBUG    | algorithms.rainbow_online:perform_diversity_aware_memory_update:321 - Indexes: [0, 1, 3, 4, 6, 7, 9, 10, 12, 13, 15, 16, 18, 19, 21, 22, 24, 25, 27, 28, 30, 31, 33, 34, 36, 37, 39, 40, 42, 43, 45, 46, 48]
2023-04-18 00:45:47.614 | INFO     | algorithms.rainbow_online:perform_diversity_aware_memory_update:322 - Saved sample images to Tensorboard
2023-04-18 00:45:47.614 | INFO     | algorithms.rainbow_online:perform_diversity_aware_memory_update:323 - There are 33 samples from class 3
2023-04-18 00:45:47.615 | DEBUG    | algorithms.rainbow_online:perform_diversity_aware_memory_update:298 - Class 7 under sampling strategy diverse
2023-04-18 00:45:49.660 | DEBUG    | algorithms.rainbow_online:perform_diversity_aware_memory_update:321 - Indexes: [0, 1, 3, 4, 6, 7, 9, 10, 12, 13, 15, 16, 18, 19, 21, 22, 24, 25, 27, 28, 30, 31, 33, 34, 36, 37, 39, 40, 42, 43, 45, 46, 48]
2023-04-18 00:45:49.671 | INFO     | algorithms.rainbow_online:perform_diversity_aware_memory_update:322 - Saved sample images to Tensorboard
2023-04-18 00:45:49.672 | INFO     | algorithms.rainbow_online:perform_diversity_aware_memory_update:323 - There are 33 samples from class 7
2023-04-18 00:45:49.672 | DEBUG    | algorithms.rainbow_online:perform_diversity_aware_memory_update:298 - Class 2 under sampling strategy diverse
2023-04-18 00:45:51.712 | DEBUG    | algorithms.rainbow_online:perform_diversity_aware_memory_update:321 - Indexes: [0, 1, 3, 4, 6, 7, 9, 10, 12, 13, 15, 16, 18, 19, 21, 22, 24, 25, 27, 28, 30, 31, 33, 34, 36, 37, 39, 40, 42, 43, 45, 46, 48]
2023-04-18 00:45:51.723 | INFO     | algorithms.rainbow_online:perform_diversity_aware_memory_update:322 - Saved sample images to Tensorboard
2023-04-18 00:45:51.724 | INFO     | algorithms.rainbow_online:perform_diversity_aware_memory_update:323 - There are 33 samples from class 2
2023-04-18 00:45:51.725 | DEBUG    | algorithms.rainbow_online:perform_diversity_aware_memory_update:298 - Class 1 under sampling strategy diverse
2023-04-18 00:49:13.480 | DEBUG    | algorithms.rainbow_online:perform_diversity_aware_memory_update:321 - Indexes: [0, 151, 303, 454, 606, 757, 909, 1060, 1212, 1363, 1515, 1666, 1818, 1969, 2121, 2272, 2424, 2575, 2727, 2878, 3030, 3181, 3333, 3484, 3636, 3787, 3939, 4090, 4242, 4393, 4545, 4696, 4848]
2023-04-18 00:49:13.492 | INFO     | algorithms.rainbow_online:perform_diversity_aware_memory_update:322 - Saved sample images to Tensorboard
2023-04-18 00:49:13.492 | INFO     | algorithms.rainbow_online:perform_diversity_aware_memory_update:323 - There are 33 samples from class 1
2023-04-18 00:49:13.493 | DEBUG    | algorithms.rainbow_online:perform_diversity_aware_memory_update:298 - Class 6 under sampling strategy diverse
2023-04-18 00:52:36.204 | DEBUG    | algorithms.rainbow_online:perform_diversity_aware_memory_update:321 - Indexes: [0, 151, 303, 454, 606, 757, 909, 1060, 1212, 1363, 1515, 1666, 1818, 1969, 2121, 2272, 2424, 2575, 2727, 2878, 3030, 3181, 3333, 3484, 3636, 3787, 3939, 4090, 4242, 4393, 4545, 4696, 4848]
2023-04-18 00:52:36.216 | INFO     | algorithms.rainbow_online:perform_diversity_aware_memory_update:322 - Saved sample images to Tensorboard
2023-04-18 00:52:36.216 | INFO     | algorithms.rainbow_online:perform_diversity_aware_memory_update:323 - There are 33 samples from class 6
2023-04-18 00:52:36.217 | INFO     | algorithms.rainbow_online:perform_diversity_aware_memory_update:325 - Generated next exemplar buffer
2023-04-18 00:52:36.218 | DEBUG    | algorithms.rainbow_online:train:345 - T_a: <class 'numpy.ndarray'>
2023-04-18 00:52:36.218 | INFO     | algorithms.rainbow_online:train:350 - Using memory buffer exclusively
2023-04-18 00:52:36.219 | INFO     | algorithms.rainbow_online:train:358 - Starting epoch 1 / 50
2023-04-18 00:52:36.744 | INFO     | algorithms.rainbow_online:train:412 - 1, loss: 2.621
2023-04-18 00:52:36.746 | INFO     | algorithms.rainbow_online:train:358 - Starting epoch 2 / 50
2023-04-18 00:52:36.972 | INFO     | algorithms.rainbow_online:train:412 - 2, loss: 2.774
2023-04-18 00:52:36.974 | INFO     | algorithms.rainbow_online:train:358 - Starting epoch 3 / 50
2023-04-18 00:52:37.203 | INFO     | algorithms.rainbow_online:train:412 - 3, loss: 2.497
2023-04-18 00:52:37.204 | INFO     | algorithms.rainbow_online:train:358 - Starting epoch 4 / 50
2023-04-18 00:52:37.432 | INFO     | algorithms.rainbow_online:train:412 - 4, loss: 2.520
2023-04-18 00:52:37.433 | INFO     | algorithms.rainbow_online:train:358 - Starting epoch 5 / 50
2023-04-18 00:52:37.662 | INFO     | algorithms.rainbow_online:train:412 - 5, loss: 2.538
2023-04-18 00:52:37.663 | INFO     | algorithms.rainbow_online:train:358 - Starting epoch 6 / 50
2023-04-18 00:52:37.894 | INFO     | algorithms.rainbow_online:train:412 - 6, loss: 2.592
2023-04-18 00:52:37.895 | INFO     | algorithms.rainbow_online:train:358 - Starting epoch 7 / 50
2023-04-18 00:52:38.122 | INFO     | algorithms.rainbow_online:train:412 - 7, loss: 2.395
2023-04-18 00:52:38.124 | INFO     | algorithms.rainbow_online:train:358 - Starting epoch 8 / 50
2023-04-18 00:52:38.350 | INFO     | algorithms.rainbow_online:train:412 - 8, loss: 2.530
2023-04-18 00:52:38.352 | INFO     | algorithms.rainbow_online:train:358 - Starting epoch 9 / 50
2023-04-18 00:52:38.579 | INFO     | algorithms.rainbow_online:train:412 - 9, loss: 2.546
2023-04-18 00:52:38.581 | INFO     | algorithms.rainbow_online:train:358 - Starting epoch 10 / 50
2023-04-18 00:52:38.809 | INFO     | algorithms.rainbow_online:train:412 - 10, loss: 2.378
2023-04-18 00:52:38.811 | INFO     | algorithms.algorithm_base:run_base_task_metrics:144 - Running metrics: Task 110
2023-04-18 00:52:43.511 | DEBUG    | algorithms.algorithm_base:run_base_task_metrics:200 - Raw classification accuracy results saved to ./output_cifar10_varied_sampling/rainbow_online/1681774256.1935577_CIFAR10_OFFICIAL_RUN/task_110_accuracy_results.json
2023-04-18 00:52:43.513 | INFO     | algorithms.algorithm_base:run_base_task_metrics:201 - Correctly classified 1361 / 10000 samples (13.61% correct)
2023-04-18 00:52:43.699 | INFO     | algorithms.rainbow_online:train:358 - Starting epoch 11 / 50
2023-04-18 00:52:43.930 | INFO     | algorithms.rainbow_online:train:412 - 11, loss: 2.246
2023-04-18 00:52:43.931 | INFO     | algorithms.rainbow_online:train:358 - Starting epoch 12 / 50
2023-04-18 00:52:44.160 | INFO     | algorithms.rainbow_online:train:412 - 12, loss: 2.158
2023-04-18 00:52:44.161 | INFO     | algorithms.rainbow_online:train:358 - Starting epoch 13 / 50
2023-04-18 00:52:44.389 | INFO     | algorithms.rainbow_online:train:412 - 13, loss: 2.239
2023-04-18 00:52:44.391 | INFO     | algorithms.rainbow_online:train:358 - Starting epoch 14 / 50
2023-04-18 00:52:44.618 | INFO     | algorithms.rainbow_online:train:412 - 14, loss: 2.193
2023-04-18 00:52:44.620 | INFO     | algorithms.rainbow_online:train:358 - Starting epoch 15 / 50
2023-04-18 00:52:44.847 | INFO     | algorithms.rainbow_online:train:412 - 15, loss: 2.017
2023-04-18 00:52:44.849 | INFO     | algorithms.rainbow_online:train:358 - Starting epoch 16 / 50
2023-04-18 00:52:45.076 | INFO     | algorithms.rainbow_online:train:412 - 16, loss: 2.104
2023-04-18 00:52:45.078 | INFO     | algorithms.rainbow_online:train:358 - Starting epoch 17 / 50
2023-04-18 00:52:45.305 | INFO     | algorithms.rainbow_online:train:412 - 17, loss: 2.112
2023-04-18 00:52:45.306 | INFO     | algorithms.rainbow_online:train:358 - Starting epoch 18 / 50
2023-04-18 00:52:45.533 | INFO     | algorithms.rainbow_online:train:412 - 18, loss: 2.002
2023-04-18 00:52:45.535 | INFO     | algorithms.rainbow_online:train:358 - Starting epoch 19 / 50
2023-04-18 00:52:45.763 | INFO     | algorithms.rainbow_online:train:412 - 19, loss: 2.078
2023-04-18 00:52:45.765 | INFO     | algorithms.rainbow_online:train:358 - Starting epoch 20 / 50
2023-04-18 00:52:45.992 | INFO     | algorithms.rainbow_online:train:412 - 20, loss: 1.985
2023-04-18 00:52:45.993 | INFO     | algorithms.algorithm_base:run_base_task_metrics:144 - Running metrics: Task 120
2023-04-18 00:52:50.693 | DEBUG    | algorithms.algorithm_base:run_base_task_metrics:200 - Raw classification accuracy results saved to ./output_cifar10_varied_sampling/rainbow_online/1681774256.1935577_CIFAR10_OFFICIAL_RUN/task_120_accuracy_results.json
2023-04-18 00:52:50.694 | INFO     | algorithms.algorithm_base:run_base_task_metrics:201 - Correctly classified 1833 / 10000 samples (18.33% correct)
2023-04-18 00:52:50.828 | INFO     | algorithms.rainbow_online:train:358 - Starting epoch 21 / 50
2023-04-18 00:52:51.060 | INFO     | algorithms.rainbow_online:train:412 - 21, loss: 1.964
2023-04-18 00:52:51.061 | INFO     | algorithms.rainbow_online:train:358 - Starting epoch 22 / 50
2023-04-18 00:52:51.290 | INFO     | algorithms.rainbow_online:train:412 - 22, loss: 2.141
2023-04-18 00:52:51.291 | INFO     | algorithms.rainbow_online:train:358 - Starting epoch 23 / 50
2023-04-18 00:52:51.517 | INFO     | algorithms.rainbow_online:train:412 - 23, loss: 1.996
2023-04-18 00:52:51.519 | INFO     | algorithms.rainbow_online:train:358 - Starting epoch 24 / 50
2023-04-18 00:52:51.747 | INFO     | algorithms.rainbow_online:train:412 - 24, loss: 1.982
2023-04-18 00:52:51.748 | INFO     | algorithms.rainbow_online:train:358 - Starting epoch 25 / 50
2023-04-18 00:52:51.977 | INFO     | algorithms.rainbow_online:train:412 - 25, loss: 2.039
2023-04-18 00:52:51.978 | INFO     | algorithms.rainbow_online:train:358 - Starting epoch 26 / 50
2023-04-18 00:52:52.205 | INFO     | algorithms.rainbow_online:train:412 - 26, loss: 1.843
2023-04-18 00:52:52.206 | INFO     | algorithms.rainbow_online:train:358 - Starting epoch 27 / 50
2023-04-18 00:52:52.433 | INFO     | algorithms.rainbow_online:train:412 - 27, loss: 1.849
2023-04-18 00:52:52.434 | INFO     | algorithms.rainbow_online:train:358 - Starting epoch 28 / 50
2023-04-18 00:52:52.660 | INFO     | algorithms.rainbow_online:train:412 - 28, loss: 1.898
2023-04-18 00:52:52.661 | INFO     | algorithms.rainbow_online:train:358 - Starting epoch 29 / 50
2023-04-18 00:52:52.890 | INFO     | algorithms.rainbow_online:train:412 - 29, loss: 1.862
2023-04-18 00:52:52.891 | INFO     | algorithms.rainbow_online:train:358 - Starting epoch 30 / 50
2023-04-18 00:52:53.120 | INFO     | algorithms.rainbow_online:train:412 - 30, loss: 1.904
2023-04-18 00:52:53.122 | INFO     | algorithms.algorithm_base:run_base_task_metrics:144 - Running metrics: Task 130
2023-04-18 00:52:57.784 | DEBUG    | algorithms.algorithm_base:run_base_task_metrics:200 - Raw classification accuracy results saved to ./output_cifar10_varied_sampling/rainbow_online/1681774256.1935577_CIFAR10_OFFICIAL_RUN/task_130_accuracy_results.json
2023-04-18 00:52:57.785 | INFO     | algorithms.algorithm_base:run_base_task_metrics:201 - Correctly classified 2125 / 10000 samples (21.25% correct)
2023-04-18 00:52:57.917 | INFO     | algorithms.rainbow_online:train:358 - Starting epoch 31 / 50
2023-04-18 00:52:58.148 | INFO     | algorithms.rainbow_online:train:412 - 31, loss: 1.775
2023-04-18 00:52:58.150 | INFO     | algorithms.rainbow_online:train:358 - Starting epoch 32 / 50
2023-04-18 00:52:58.378 | INFO     | algorithms.rainbow_online:train:412 - 32, loss: 1.902
2023-04-18 00:52:58.380 | INFO     | algorithms.rainbow_online:train:358 - Starting epoch 33 / 50
2023-04-18 00:52:58.608 | INFO     | algorithms.rainbow_online:train:412 - 33, loss: 1.713
2023-04-18 00:52:58.609 | INFO     | algorithms.rainbow_online:train:358 - Starting epoch 34 / 50
2023-04-18 00:52:58.838 | INFO     | algorithms.rainbow_online:train:412 - 34, loss: 1.933
2023-04-18 00:52:58.840 | INFO     | algorithms.rainbow_online:train:358 - Starting epoch 35 / 50
2023-04-18 00:52:59.067 | INFO     | algorithms.rainbow_online:train:412 - 35, loss: 1.879
2023-04-18 00:52:59.068 | INFO     | algorithms.rainbow_online:train:358 - Starting epoch 36 / 50
2023-04-18 00:52:59.298 | INFO     | algorithms.rainbow_online:train:412 - 36, loss: 1.983
2023-04-18 00:52:59.299 | INFO     | algorithms.rainbow_online:train:358 - Starting epoch 37 / 50
2023-04-18 00:52:59.528 | INFO     | algorithms.rainbow_online:train:412 - 37, loss: 1.953
2023-04-18 00:52:59.530 | INFO     | algorithms.rainbow_online:train:358 - Starting epoch 38 / 50
2023-04-18 00:52:59.758 | INFO     | algorithms.rainbow_online:train:412 - 38, loss: 1.848
2023-04-18 00:52:59.760 | INFO     | algorithms.rainbow_online:train:358 - Starting epoch 39 / 50
2023-04-18 00:52:59.988 | INFO     | algorithms.rainbow_online:train:412 - 39, loss: 1.752
2023-04-18 00:52:59.990 | INFO     | algorithms.rainbow_online:train:358 - Starting epoch 40 / 50
2023-04-18 00:53:00.217 | INFO     | algorithms.rainbow_online:train:412 - 40, loss: 1.822
2023-04-18 00:53:00.219 | INFO     | algorithms.algorithm_base:run_base_task_metrics:144 - Running metrics: Task 140
2023-04-18 00:53:04.858 | DEBUG    | algorithms.algorithm_base:run_base_task_metrics:200 - Raw classification accuracy results saved to ./output_cifar10_varied_sampling/rainbow_online/1681774256.1935577_CIFAR10_OFFICIAL_RUN/task_140_accuracy_results.json
2023-04-18 00:53:04.859 | INFO     | algorithms.algorithm_base:run_base_task_metrics:201 - Correctly classified 2283 / 10000 samples (22.83% correct)
2023-04-18 00:53:04.992 | INFO     | algorithms.rainbow_online:train:358 - Starting epoch 41 / 50
2023-04-18 00:53:05.223 | INFO     | algorithms.rainbow_online:train:412 - 41, loss: 1.987
2023-04-18 00:53:05.225 | INFO     | algorithms.rainbow_online:train:358 - Starting epoch 42 / 50
2023-04-18 00:53:05.453 | INFO     | algorithms.rainbow_online:train:412 - 42, loss: 1.705
2023-04-18 00:53:05.455 | INFO     | algorithms.rainbow_online:train:358 - Starting epoch 43 / 50
2023-04-18 00:53:05.682 | INFO     | algorithms.rainbow_online:train:412 - 43, loss: 1.795
2023-04-18 00:53:05.684 | INFO     | algorithms.rainbow_online:train:358 - Starting epoch 44 / 50
2023-04-18 00:53:05.912 | INFO     | algorithms.rainbow_online:train:412 - 44, loss: 1.675
2023-04-18 00:53:05.914 | INFO     | algorithms.rainbow_online:train:358 - Starting epoch 45 / 50
2023-04-18 00:53:06.142 | INFO     | algorithms.rainbow_online:train:412 - 45, loss: 1.656
2023-04-18 00:53:06.143 | INFO     | algorithms.rainbow_online:train:358 - Starting epoch 46 / 50
2023-04-18 00:53:06.373 | INFO     | algorithms.rainbow_online:train:412 - 46, loss: 1.750
2023-04-18 00:53:06.374 | INFO     | algorithms.rainbow_online:train:358 - Starting epoch 47 / 50
2023-04-18 00:53:06.601 | INFO     | algorithms.rainbow_online:train:412 - 47, loss: 1.809
2023-04-18 00:53:06.603 | INFO     | algorithms.rainbow_online:train:358 - Starting epoch 48 / 50
2023-04-18 00:53:06.830 | INFO     | algorithms.rainbow_online:train:412 - 48, loss: 1.427
2023-04-18 00:53:06.831 | INFO     | algorithms.rainbow_online:train:358 - Starting epoch 49 / 50
2023-04-18 00:53:07.059 | INFO     | algorithms.rainbow_online:train:412 - 49, loss: 1.535
2023-04-18 00:53:07.061 | INFO     | algorithms.rainbow_online:train:358 - Starting epoch 50 / 50
2023-04-18 00:53:07.290 | INFO     | algorithms.rainbow_online:train:412 - 50, loss: 1.579
2023-04-18 00:53:07.292 | INFO     | algorithms.algorithm_base:run_base_task_metrics:144 - Running metrics: Task 150
2023-04-18 00:53:11.961 | DEBUG    | algorithms.algorithm_base:run_base_task_metrics:200 - Raw classification accuracy results saved to ./output_cifar10_varied_sampling/rainbow_online/1681774256.1935577_CIFAR10_OFFICIAL_RUN/task_150_accuracy_results.json
2023-04-18 00:53:11.962 | INFO     | algorithms.algorithm_base:run_base_task_metrics:201 - Correctly classified 2345 / 10000 samples (23.45% correct)
2023-04-18 00:53:12.095 | INFO     | algorithms.rainbow_online:train:334 - Starting Task 4 / 5
2023-04-18 00:53:12.099 | INFO     | algorithms.rainbow_online:train:338 - Updating memory...
2023-04-18 00:53:12.100 | DEBUG    | algorithms.rainbow_online:train:341 - T_b: <class 'numpy.ndarray'>
2023-04-18 00:53:12.110 | INFO     | algorithms.rainbow_online:perform_diversity_aware_memory_update:189 - Segmenting classes
2023-04-18 00:53:12.112 | DEBUG    | algorithms.rainbow_online:perform_diversity_aware_memory_update:200 - Keys dict_keys([4])
2023-04-18 00:53:12.113 | DEBUG    | algorithms.rainbow_online:perform_diversity_aware_memory_update:200 - Keys dict_keys([4, 3])
2023-04-18 00:53:12.113 | DEBUG    | algorithms.rainbow_online:perform_diversity_aware_memory_update:200 - Keys dict_keys([4, 3, 7])
2023-04-18 00:53:12.114 | DEBUG    | algorithms.rainbow_online:perform_diversity_aware_memory_update:200 - Keys dict_keys([4, 3, 7, 2])
2023-04-18 00:53:12.115 | DEBUG    | algorithms.rainbow_online:perform_diversity_aware_memory_update:200 - Keys dict_keys([4, 3, 7, 2, 1])
2023-04-18 00:53:12.116 | DEBUG    | algorithms.rainbow_online:perform_diversity_aware_memory_update:200 - Keys dict_keys([4, 3, 7, 2, 1, 6])
2023-04-18 00:53:12.141 | DEBUG    | algorithms.rainbow_online:perform_diversity_aware_memory_update:215 - Seen classes: 8
2023-04-18 00:53:12.142 | INFO     | algorithms.rainbow_online:perform_diversity_aware_memory_update:218 - Sorting class samples by uncertainty and generating next buffer: memory size per class 25
2023-04-18 00:53:12.142 | DEBUG    | algorithms.rainbow_online:perform_diversity_aware_memory_update:298 - Class 4 under sampling strategy diverse
2023-04-18 00:53:13.499 | DEBUG    | algorithms.rainbow_online:perform_diversity_aware_memory_update:321 - Indexes: [0, 1, 2, 3, 5, 6, 7, 9, 10, 11, 13, 14, 15, 17, 18, 19, 21, 22, 23, 25, 26, 27, 29, 30, 31]
2023-04-18 00:53:13.509 | INFO     | algorithms.rainbow_online:perform_diversity_aware_memory_update:322 - Saved sample images to Tensorboard
2023-04-18 00:53:13.509 | INFO     | algorithms.rainbow_online:perform_diversity_aware_memory_update:323 - There are 25 samples from class 4
2023-04-18 00:53:13.510 | DEBUG    | algorithms.rainbow_online:perform_diversity_aware_memory_update:298 - Class 3 under sampling strategy diverse
2023-04-18 00:53:14.869 | DEBUG    | algorithms.rainbow_online:perform_diversity_aware_memory_update:321 - Indexes: [0, 1, 2, 3, 5, 6, 7, 9, 10, 11, 13, 14, 15, 17, 18, 19, 21, 22, 23, 25, 26, 27, 29, 30, 31]
2023-04-18 00:53:14.878 | INFO     | algorithms.rainbow_online:perform_diversity_aware_memory_update:322 - Saved sample images to Tensorboard
2023-04-18 00:53:14.879 | INFO     | algorithms.rainbow_online:perform_diversity_aware_memory_update:323 - There are 25 samples from class 3
2023-04-18 00:53:14.880 | DEBUG    | algorithms.rainbow_online:perform_diversity_aware_memory_update:298 - Class 7 under sampling strategy diverse
2023-04-18 00:53:16.224 | DEBUG    | algorithms.rainbow_online:perform_diversity_aware_memory_update:321 - Indexes: [0, 1, 2, 3, 5, 6, 7, 9, 10, 11, 13, 14, 15, 17, 18, 19, 21, 22, 23, 25, 26, 27, 29, 30, 31]
2023-04-18 00:53:16.232 | INFO     | algorithms.rainbow_online:perform_diversity_aware_memory_update:322 - Saved sample images to Tensorboard
2023-04-18 00:53:16.233 | INFO     | algorithms.rainbow_online:perform_diversity_aware_memory_update:323 - There are 25 samples from class 7
2023-04-18 00:53:16.234 | DEBUG    | algorithms.rainbow_online:perform_diversity_aware_memory_update:298 - Class 2 under sampling strategy diverse
2023-04-18 00:53:17.582 | DEBUG    | algorithms.rainbow_online:perform_diversity_aware_memory_update:321 - Indexes: [0, 1, 2, 3, 5, 6, 7, 9, 10, 11, 13, 14, 15, 17, 18, 19, 21, 22, 23, 25, 26, 27, 29, 30, 31]
2023-04-18 00:53:17.591 | INFO     | algorithms.rainbow_online:perform_diversity_aware_memory_update:322 - Saved sample images to Tensorboard
2023-04-18 00:53:17.592 | INFO     | algorithms.rainbow_online:perform_diversity_aware_memory_update:323 - There are 25 samples from class 2
2023-04-18 00:53:17.593 | DEBUG    | algorithms.rainbow_online:perform_diversity_aware_memory_update:298 - Class 1 under sampling strategy diverse
2023-04-18 00:53:18.946 | DEBUG    | algorithms.rainbow_online:perform_diversity_aware_memory_update:321 - Indexes: [0, 1, 2, 3, 5, 6, 7, 9, 10, 11, 13, 14, 15, 17, 18, 19, 21, 22, 23, 25, 26, 27, 29, 30, 31]
2023-04-18 00:53:18.955 | INFO     | algorithms.rainbow_online:perform_diversity_aware_memory_update:322 - Saved sample images to Tensorboard
2023-04-18 00:53:18.956 | INFO     | algorithms.rainbow_online:perform_diversity_aware_memory_update:323 - There are 25 samples from class 1
2023-04-18 00:53:18.957 | DEBUG    | algorithms.rainbow_online:perform_diversity_aware_memory_update:298 - Class 6 under sampling strategy diverse
2023-04-18 00:53:20.313 | DEBUG    | algorithms.rainbow_online:perform_diversity_aware_memory_update:321 - Indexes: [0, 1, 2, 3, 5, 6, 7, 9, 10, 11, 13, 14, 15, 17, 18, 19, 21, 22, 23, 25, 26, 27, 29, 30, 31]
2023-04-18 00:53:20.323 | INFO     | algorithms.rainbow_online:perform_diversity_aware_memory_update:322 - Saved sample images to Tensorboard
2023-04-18 00:53:20.323 | INFO     | algorithms.rainbow_online:perform_diversity_aware_memory_update:323 - There are 25 samples from class 6
2023-04-18 00:53:20.324 | DEBUG    | algorithms.rainbow_online:perform_diversity_aware_memory_update:298 - Class 5 under sampling strategy diverse
2023-04-18 00:56:42.044 | DEBUG    | algorithms.rainbow_online:perform_diversity_aware_memory_update:321 - Indexes: [0, 200, 400, 600, 800, 1000, 1200, 1400, 1600, 1800, 2000, 2200, 2400, 2600, 2800, 3000, 3200, 3400, 3600, 3800, 4000, 4200, 4400, 4600, 4800]
2023-04-18 00:56:42.053 | INFO     | algorithms.rainbow_online:perform_diversity_aware_memory_update:322 - Saved sample images to Tensorboard
2023-04-18 00:56:42.053 | INFO     | algorithms.rainbow_online:perform_diversity_aware_memory_update:323 - There are 25 samples from class 5
2023-04-18 00:56:42.054 | DEBUG    | algorithms.rainbow_online:perform_diversity_aware_memory_update:298 - Class 8 under sampling strategy diverse
2023-04-18 01:00:02.602 | DEBUG    | algorithms.rainbow_online:perform_diversity_aware_memory_update:321 - Indexes: [0, 200, 400, 600, 800, 1000, 1200, 1400, 1600, 1800, 2000, 2200, 2400, 2600, 2800, 3000, 3200, 3400, 3600, 3800, 4000, 4200, 4400, 4600, 4800]
2023-04-18 01:00:02.611 | INFO     | algorithms.rainbow_online:perform_diversity_aware_memory_update:322 - Saved sample images to Tensorboard
2023-04-18 01:00:02.611 | INFO     | algorithms.rainbow_online:perform_diversity_aware_memory_update:323 - There are 25 samples from class 8
2023-04-18 01:00:02.612 | INFO     | algorithms.rainbow_online:perform_diversity_aware_memory_update:325 - Generated next exemplar buffer
2023-04-18 01:00:02.613 | DEBUG    | algorithms.rainbow_online:train:345 - T_a: <class 'numpy.ndarray'>
2023-04-18 01:00:02.614 | INFO     | algorithms.rainbow_online:train:350 - Using memory buffer exclusively
2023-04-18 01:00:02.614 | INFO     | algorithms.rainbow_online:train:358 - Starting epoch 1 / 50
2023-04-18 01:00:02.844 | INFO     | algorithms.rainbow_online:train:412 - 1, loss: 2.537
2023-04-18 01:00:02.846 | INFO     | algorithms.rainbow_online:train:358 - Starting epoch 2 / 50
2023-04-18 01:00:03.078 | INFO     | algorithms.rainbow_online:train:412 - 2, loss: 2.538
2023-04-18 01:00:03.079 | INFO     | algorithms.rainbow_online:train:358 - Starting epoch 3 / 50
2023-04-18 01:00:03.309 | INFO     | algorithms.rainbow_online:train:412 - 3, loss: 2.547
2023-04-18 01:00:03.311 | INFO     | algorithms.rainbow_online:train:358 - Starting epoch 4 / 50
2023-04-18 01:00:03.540 | INFO     | algorithms.rainbow_online:train:412 - 4, loss: 2.363
2023-04-18 01:00:03.542 | INFO     | algorithms.rainbow_online:train:358 - Starting epoch 5 / 50
2023-04-18 01:00:03.769 | INFO     | algorithms.rainbow_online:train:412 - 5, loss: 2.196
2023-04-18 01:00:03.771 | INFO     | algorithms.rainbow_online:train:358 - Starting epoch 6 / 50
2023-04-18 01:00:04.000 | INFO     | algorithms.rainbow_online:train:412 - 6, loss: 2.276
2023-04-18 01:00:04.001 | INFO     | algorithms.rainbow_online:train:358 - Starting epoch 7 / 50
2023-04-18 01:00:04.230 | INFO     | algorithms.rainbow_online:train:412 - 7, loss: 2.542
2023-04-18 01:00:04.232 | INFO     | algorithms.rainbow_online:train:358 - Starting epoch 8 / 50
2023-04-18 01:00:04.462 | INFO     | algorithms.rainbow_online:train:412 - 8, loss: 2.263
2023-04-18 01:00:04.464 | INFO     | algorithms.rainbow_online:train:358 - Starting epoch 9 / 50
2023-04-18 01:00:04.695 | INFO     | algorithms.rainbow_online:train:412 - 9, loss: 2.090
2023-04-18 01:00:04.696 | INFO     | algorithms.rainbow_online:train:358 - Starting epoch 10 / 50
2023-04-18 01:00:04.925 | INFO     | algorithms.rainbow_online:train:412 - 10, loss: 2.133
2023-04-18 01:00:04.928 | INFO     | algorithms.algorithm_base:run_base_task_metrics:144 - Running metrics: Task 160
2023-04-18 01:00:09.625 | DEBUG    | algorithms.algorithm_base:run_base_task_metrics:200 - Raw classification accuracy results saved to ./output_cifar10_varied_sampling/rainbow_online/1681774256.1935577_CIFAR10_OFFICIAL_RUN/task_160_accuracy_results.json
2023-04-18 01:00:09.627 | INFO     | algorithms.algorithm_base:run_base_task_metrics:201 - Correctly classified 2167 / 10000 samples (21.67% correct)
2023-04-18 01:00:09.763 | INFO     | algorithms.rainbow_online:train:358 - Starting epoch 11 / 50
2023-04-18 01:00:09.995 | INFO     | algorithms.rainbow_online:train:412 - 11, loss: 2.100
2023-04-18 01:00:09.997 | INFO     | algorithms.rainbow_online:train:358 - Starting epoch 12 / 50
2023-04-18 01:00:10.226 | INFO     | algorithms.rainbow_online:train:412 - 12, loss: 2.158
2023-04-18 01:00:10.228 | INFO     | algorithms.rainbow_online:train:358 - Starting epoch 13 / 50
2023-04-18 01:00:10.459 | INFO     | algorithms.rainbow_online:train:412 - 13, loss: 1.934
2023-04-18 01:00:10.461 | INFO     | algorithms.rainbow_online:train:358 - Starting epoch 14 / 50
2023-04-18 01:00:10.690 | INFO     | algorithms.rainbow_online:train:412 - 14, loss: 2.021
2023-04-18 01:00:10.692 | INFO     | algorithms.rainbow_online:train:358 - Starting epoch 15 / 50
2023-04-18 01:00:10.921 | INFO     | algorithms.rainbow_online:train:412 - 15, loss: 1.980
2023-04-18 01:00:10.922 | INFO     | algorithms.rainbow_online:train:358 - Starting epoch 16 / 50
2023-04-18 01:00:11.151 | INFO     | algorithms.rainbow_online:train:412 - 16, loss: 1.932
2023-04-18 01:00:11.153 | INFO     | algorithms.rainbow_online:train:358 - Starting epoch 17 / 50
2023-04-18 01:00:11.384 | INFO     | algorithms.rainbow_online:train:412 - 17, loss: 2.178
2023-04-18 01:00:11.386 | INFO     | algorithms.rainbow_online:train:358 - Starting epoch 18 / 50
2023-04-18 01:00:11.615 | INFO     | algorithms.rainbow_online:train:412 - 18, loss: 2.034
2023-04-18 01:00:11.616 | INFO     | algorithms.rainbow_online:train:358 - Starting epoch 19 / 50
2023-04-18 01:00:11.844 | INFO     | algorithms.rainbow_online:train:412 - 19, loss: 2.043
2023-04-18 01:00:11.846 | INFO     | algorithms.rainbow_online:train:358 - Starting epoch 20 / 50
2023-04-18 01:00:12.073 | INFO     | algorithms.rainbow_online:train:412 - 20, loss: 1.722
2023-04-18 01:00:12.075 | INFO     | algorithms.algorithm_base:run_base_task_metrics:144 - Running metrics: Task 170
2023-04-18 01:00:16.719 | DEBUG    | algorithms.algorithm_base:run_base_task_metrics:200 - Raw classification accuracy results saved to ./output_cifar10_varied_sampling/rainbow_online/1681774256.1935577_CIFAR10_OFFICIAL_RUN/task_170_accuracy_results.json
2023-04-18 01:00:16.720 | INFO     | algorithms.algorithm_base:run_base_task_metrics:201 - Correctly classified 2596 / 10000 samples (25.96% correct)
2023-04-18 01:00:16.855 | INFO     | algorithms.rainbow_online:train:358 - Starting epoch 21 / 50
2023-04-18 01:00:17.087 | INFO     | algorithms.rainbow_online:train:412 - 21, loss: 1.719
2023-04-18 01:00:17.089 | INFO     | algorithms.rainbow_online:train:358 - Starting epoch 22 / 50
2023-04-18 01:00:17.318 | INFO     | algorithms.rainbow_online:train:412 - 22, loss: 1.738
2023-04-18 01:00:17.319 | INFO     | algorithms.rainbow_online:train:358 - Starting epoch 23 / 50
2023-04-18 01:00:17.548 | INFO     | algorithms.rainbow_online:train:412 - 23, loss: 1.982
2023-04-18 01:00:17.550 | INFO     | algorithms.rainbow_online:train:358 - Starting epoch 24 / 50
2023-04-18 01:00:17.780 | INFO     | algorithms.rainbow_online:train:412 - 24, loss: 1.804
2023-04-18 01:00:17.782 | INFO     | algorithms.rainbow_online:train:358 - Starting epoch 25 / 50
2023-04-18 01:00:18.011 | INFO     | algorithms.rainbow_online:train:412 - 25, loss: 1.747
2023-04-18 01:00:18.013 | INFO     | algorithms.rainbow_online:train:358 - Starting epoch 26 / 50
2023-04-18 01:00:18.243 | INFO     | algorithms.rainbow_online:train:412 - 26, loss: 1.749
2023-04-18 01:00:18.244 | INFO     | algorithms.rainbow_online:train:358 - Starting epoch 27 / 50
2023-04-18 01:00:18.477 | INFO     | algorithms.rainbow_online:train:412 - 27, loss: 1.890
2023-04-18 01:00:18.478 | INFO     | algorithms.rainbow_online:train:358 - Starting epoch 28 / 50
2023-04-18 01:00:18.706 | INFO     | algorithms.rainbow_online:train:412 - 28, loss: 1.862
2023-04-18 01:00:18.708 | INFO     | algorithms.rainbow_online:train:358 - Starting epoch 29 / 50
2023-04-18 01:00:18.938 | INFO     | algorithms.rainbow_online:train:412 - 29, loss: 1.781
2023-04-18 01:00:18.940 | INFO     | algorithms.rainbow_online:train:358 - Starting epoch 30 / 50
2023-04-18 01:00:19.169 | INFO     | algorithms.rainbow_online:train:412 - 30, loss: 1.907
2023-04-18 01:00:19.172 | INFO     | algorithms.algorithm_base:run_base_task_metrics:144 - Running metrics: Task 180
2023-04-18 01:00:23.831 | DEBUG    | algorithms.algorithm_base:run_base_task_metrics:200 - Raw classification accuracy results saved to ./output_cifar10_varied_sampling/rainbow_online/1681774256.1935577_CIFAR10_OFFICIAL_RUN/task_180_accuracy_results.json
2023-04-18 01:00:23.833 | INFO     | algorithms.algorithm_base:run_base_task_metrics:201 - Correctly classified 2762 / 10000 samples (27.62% correct)
2023-04-18 01:00:23.970 | INFO     | algorithms.rainbow_online:train:358 - Starting epoch 31 / 50
2023-04-18 01:00:24.204 | INFO     | algorithms.rainbow_online:train:412 - 31, loss: 1.916
2023-04-18 01:00:24.205 | INFO     | algorithms.rainbow_online:train:358 - Starting epoch 32 / 50
2023-04-18 01:00:24.437 | INFO     | algorithms.rainbow_online:train:412 - 32, loss: 1.841
2023-04-18 01:00:24.438 | INFO     | algorithms.rainbow_online:train:358 - Starting epoch 33 / 50
2023-04-18 01:00:24.667 | INFO     | algorithms.rainbow_online:train:412 - 33, loss: 1.865
2023-04-18 01:00:24.669 | INFO     | algorithms.rainbow_online:train:358 - Starting epoch 34 / 50
2023-04-18 01:00:24.898 | INFO     | algorithms.rainbow_online:train:412 - 34, loss: 1.726
2023-04-18 01:00:24.898 | INFO     | algorithms.rainbow_online:train:358 - Starting epoch 35 / 50
2023-04-18 01:00:25.128 | INFO     | algorithms.rainbow_online:train:412 - 35, loss: 1.637
2023-04-18 01:00:25.130 | INFO     | algorithms.rainbow_online:train:358 - Starting epoch 36 / 50
2023-04-18 01:00:25.361 | INFO     | algorithms.rainbow_online:train:412 - 36, loss: 1.723
2023-04-18 01:00:25.363 | INFO     | algorithms.rainbow_online:train:358 - Starting epoch 37 / 50
2023-04-18 01:00:25.592 | INFO     | algorithms.rainbow_online:train:412 - 37, loss: 1.887
2023-04-18 01:00:25.593 | INFO     | algorithms.rainbow_online:train:358 - Starting epoch 38 / 50
2023-04-18 01:00:25.823 | INFO     | algorithms.rainbow_online:train:412 - 38, loss: 1.865
2023-04-18 01:00:25.824 | INFO     | algorithms.rainbow_online:train:358 - Starting epoch 39 / 50
2023-04-18 01:00:26.054 | INFO     | algorithms.rainbow_online:train:412 - 39, loss: 1.812
2023-04-18 01:00:26.055 | INFO     | algorithms.rainbow_online:train:358 - Starting epoch 40 / 50
2023-04-18 01:00:26.285 | INFO     | algorithms.rainbow_online:train:412 - 40, loss: 1.883
2023-04-18 01:00:26.287 | INFO     | algorithms.algorithm_base:run_base_task_metrics:144 - Running metrics: Task 190
2023-04-18 01:00:30.971 | DEBUG    | algorithms.algorithm_base:run_base_task_metrics:200 - Raw classification accuracy results saved to ./output_cifar10_varied_sampling/rainbow_online/1681774256.1935577_CIFAR10_OFFICIAL_RUN/task_190_accuracy_results.json
2023-04-18 01:00:30.972 | INFO     | algorithms.algorithm_base:run_base_task_metrics:201 - Correctly classified 2811 / 10000 samples (28.11% correct)
2023-04-18 01:00:31.107 | INFO     | algorithms.rainbow_online:train:358 - Starting epoch 41 / 50
2023-04-18 01:00:31.342 | INFO     | algorithms.rainbow_online:train:412 - 41, loss: 1.790
2023-04-18 01:00:31.343 | INFO     | algorithms.rainbow_online:train:358 - Starting epoch 42 / 50
2023-04-18 01:00:31.572 | INFO     | algorithms.rainbow_online:train:412 - 42, loss: 1.544
2023-04-18 01:00:31.574 | INFO     | algorithms.rainbow_online:train:358 - Starting epoch 43 / 50
2023-04-18 01:00:31.803 | INFO     | algorithms.rainbow_online:train:412 - 43, loss: 1.653
2023-04-18 01:00:31.805 | INFO     | algorithms.rainbow_online:train:358 - Starting epoch 44 / 50
2023-04-18 01:00:32.033 | INFO     | algorithms.rainbow_online:train:412 - 44, loss: 1.923
2023-04-18 01:00:32.035 | INFO     | algorithms.rainbow_online:train:358 - Starting epoch 45 / 50
2023-04-18 01:00:32.262 | INFO     | algorithms.rainbow_online:train:412 - 45, loss: 1.385
2023-04-18 01:00:32.264 | INFO     | algorithms.rainbow_online:train:358 - Starting epoch 46 / 50
2023-04-18 01:00:32.494 | INFO     | algorithms.rainbow_online:train:412 - 46, loss: 1.467
2023-04-18 01:00:32.496 | INFO     | algorithms.rainbow_online:train:358 - Starting epoch 47 / 50
2023-04-18 01:00:32.726 | INFO     | algorithms.rainbow_online:train:412 - 47, loss: 1.520
2023-04-18 01:00:32.728 | INFO     | algorithms.rainbow_online:train:358 - Starting epoch 48 / 50
2023-04-18 01:00:32.957 | INFO     | algorithms.rainbow_online:train:412 - 48, loss: 1.498
2023-04-18 01:00:32.959 | INFO     | algorithms.rainbow_online:train:358 - Starting epoch 49 / 50
2023-04-18 01:00:33.187 | INFO     | algorithms.rainbow_online:train:412 - 49, loss: 1.591
2023-04-18 01:00:33.189 | INFO     | algorithms.rainbow_online:train:358 - Starting epoch 50 / 50
2023-04-18 01:00:33.421 | INFO     | algorithms.rainbow_online:train:412 - 50, loss: 1.716
2023-04-18 01:00:33.423 | INFO     | algorithms.algorithm_base:run_base_task_metrics:144 - Running metrics: Task 200
2023-04-18 01:00:38.067 | DEBUG    | algorithms.algorithm_base:run_base_task_metrics:200 - Raw classification accuracy results saved to ./output_cifar10_varied_sampling/rainbow_online/1681774256.1935577_CIFAR10_OFFICIAL_RUN/task_200_accuracy_results.json
2023-04-18 01:00:38.069 | INFO     | algorithms.algorithm_base:run_base_task_metrics:201 - Correctly classified 2888 / 10000 samples (28.88% correct)
2023-04-18 01:00:38.201 | INFO     | algorithms.rainbow_online:train:334 - Starting Task 5 / 5
2023-04-18 01:00:38.206 | INFO     | algorithms.rainbow_online:train:338 - Updating memory...
2023-04-18 01:00:38.207 | DEBUG    | algorithms.rainbow_online:train:341 - T_b: <class 'numpy.ndarray'>
2023-04-18 01:00:38.217 | INFO     | algorithms.rainbow_online:perform_diversity_aware_memory_update:189 - Segmenting classes
2023-04-18 01:00:38.218 | DEBUG    | algorithms.rainbow_online:perform_diversity_aware_memory_update:200 - Keys dict_keys([4])
2023-04-18 01:00:38.219 | DEBUG    | algorithms.rainbow_online:perform_diversity_aware_memory_update:200 - Keys dict_keys([4, 3])
2023-04-18 01:00:38.220 | DEBUG    | algorithms.rainbow_online:perform_diversity_aware_memory_update:200 - Keys dict_keys([4, 3, 7])
2023-04-18 01:00:38.221 | DEBUG    | algorithms.rainbow_online:perform_diversity_aware_memory_update:200 - Keys dict_keys([4, 3, 7, 2])
2023-04-18 01:00:38.221 | DEBUG    | algorithms.rainbow_online:perform_diversity_aware_memory_update:200 - Keys dict_keys([4, 3, 7, 2, 1])
2023-04-18 01:00:38.222 | DEBUG    | algorithms.rainbow_online:perform_diversity_aware_memory_update:200 - Keys dict_keys([4, 3, 7, 2, 1, 6])
2023-04-18 01:00:38.223 | DEBUG    | algorithms.rainbow_online:perform_diversity_aware_memory_update:200 - Keys dict_keys([4, 3, 7, 2, 1, 6, 5])
2023-04-18 01:00:38.223 | DEBUG    | algorithms.rainbow_online:perform_diversity_aware_memory_update:200 - Keys dict_keys([4, 3, 7, 2, 1, 6, 5, 8])
2023-04-18 01:00:38.249 | DEBUG    | algorithms.rainbow_online:perform_diversity_aware_memory_update:215 - Seen classes: 10
2023-04-18 01:00:38.250 | INFO     | algorithms.rainbow_online:perform_diversity_aware_memory_update:218 - Sorting class samples by uncertainty and generating next buffer: memory size per class 20
2023-04-18 01:00:38.250 | DEBUG    | algorithms.rainbow_online:perform_diversity_aware_memory_update:298 - Class 4 under sampling strategy diverse
2023-04-18 01:00:39.253 | DEBUG    | algorithms.rainbow_online:perform_diversity_aware_memory_update:321 - Indexes: [0, 1, 2, 3, 5, 6, 7, 8, 10, 11, 12, 13, 15, 16, 17, 18, 20, 21, 22, 23]
2023-04-18 01:00:39.260 | INFO     | algorithms.rainbow_online:perform_diversity_aware_memory_update:322 - Saved sample images to Tensorboard
2023-04-18 01:00:39.261 | INFO     | algorithms.rainbow_online:perform_diversity_aware_memory_update:323 - There are 20 samples from class 4
2023-04-18 01:00:39.262 | DEBUG    | algorithms.rainbow_online:perform_diversity_aware_memory_update:298 - Class 3 under sampling strategy diverse
2023-04-18 01:00:40.287 | DEBUG    | algorithms.rainbow_online:perform_diversity_aware_memory_update:321 - Indexes: [0, 1, 2, 3, 5, 6, 7, 8, 10, 11, 12, 13, 15, 16, 17, 18, 20, 21, 22, 23]
2023-04-18 01:00:40.294 | INFO     | algorithms.rainbow_online:perform_diversity_aware_memory_update:322 - Saved sample images to Tensorboard
2023-04-18 01:00:40.295 | INFO     | algorithms.rainbow_online:perform_diversity_aware_memory_update:323 - There are 20 samples from class 3
2023-04-18 01:00:40.296 | DEBUG    | algorithms.rainbow_online:perform_diversity_aware_memory_update:298 - Class 7 under sampling strategy diverse
2023-04-18 01:00:41.327 | DEBUG    | algorithms.rainbow_online:perform_diversity_aware_memory_update:321 - Indexes: [0, 1, 2, 3, 5, 6, 7, 8, 10, 11, 12, 13, 15, 16, 17, 18, 20, 21, 22, 23]
2023-04-18 01:00:41.334 | INFO     | algorithms.rainbow_online:perform_diversity_aware_memory_update:322 - Saved sample images to Tensorboard
2023-04-18 01:00:41.335 | INFO     | algorithms.rainbow_online:perform_diversity_aware_memory_update:323 - There are 20 samples from class 7
2023-04-18 01:00:41.335 | DEBUG    | algorithms.rainbow_online:perform_diversity_aware_memory_update:298 - Class 2 under sampling strategy diverse
2023-04-18 01:00:42.353 | DEBUG    | algorithms.rainbow_online:perform_diversity_aware_memory_update:321 - Indexes: [0, 1, 2, 3, 5, 6, 7, 8, 10, 11, 12, 13, 15, 16, 17, 18, 20, 21, 22, 23]
2023-04-18 01:00:42.361 | INFO     | algorithms.rainbow_online:perform_diversity_aware_memory_update:322 - Saved sample images to Tensorboard
2023-04-18 01:00:42.361 | INFO     | algorithms.rainbow_online:perform_diversity_aware_memory_update:323 - There are 20 samples from class 2
2023-04-18 01:00:42.362 | DEBUG    | algorithms.rainbow_online:perform_diversity_aware_memory_update:298 - Class 1 under sampling strategy diverse
2023-04-18 01:00:43.378 | DEBUG    | algorithms.rainbow_online:perform_diversity_aware_memory_update:321 - Indexes: [0, 1, 2, 3, 5, 6, 7, 8, 10, 11, 12, 13, 15, 16, 17, 18, 20, 21, 22, 23]
2023-04-18 01:00:43.386 | INFO     | algorithms.rainbow_online:perform_diversity_aware_memory_update:322 - Saved sample images to Tensorboard
2023-04-18 01:00:43.386 | INFO     | algorithms.rainbow_online:perform_diversity_aware_memory_update:323 - There are 20 samples from class 1
2023-04-18 01:00:43.387 | DEBUG    | algorithms.rainbow_online:perform_diversity_aware_memory_update:298 - Class 6 under sampling strategy diverse
2023-04-18 01:00:44.411 | DEBUG    | algorithms.rainbow_online:perform_diversity_aware_memory_update:321 - Indexes: [0, 1, 2, 3, 5, 6, 7, 8, 10, 11, 12, 13, 15, 16, 17, 18, 20, 21, 22, 23]
2023-04-18 01:00:44.419 | INFO     | algorithms.rainbow_online:perform_diversity_aware_memory_update:322 - Saved sample images to Tensorboard
2023-04-18 01:00:44.420 | INFO     | algorithms.rainbow_online:perform_diversity_aware_memory_update:323 - There are 20 samples from class 6
2023-04-18 01:00:44.420 | DEBUG    | algorithms.rainbow_online:perform_diversity_aware_memory_update:298 - Class 5 under sampling strategy diverse
2023-04-18 01:00:45.442 | DEBUG    | algorithms.rainbow_online:perform_diversity_aware_memory_update:321 - Indexes: [0, 1, 2, 3, 5, 6, 7, 8, 10, 11, 12, 13, 15, 16, 17, 18, 20, 21, 22, 23]
2023-04-18 01:00:45.450 | INFO     | algorithms.rainbow_online:perform_diversity_aware_memory_update:322 - Saved sample images to Tensorboard
2023-04-18 01:00:45.451 | INFO     | algorithms.rainbow_online:perform_diversity_aware_memory_update:323 - There are 20 samples from class 5
2023-04-18 01:00:45.451 | DEBUG    | algorithms.rainbow_online:perform_diversity_aware_memory_update:298 - Class 8 under sampling strategy diverse
2023-04-18 01:00:46.506 | DEBUG    | algorithms.rainbow_online:perform_diversity_aware_memory_update:321 - Indexes: [0, 1, 2, 3, 5, 6, 7, 8, 10, 11, 12, 13, 15, 16, 17, 18, 20, 21, 22, 23]
2023-04-18 01:00:46.513 | INFO     | algorithms.rainbow_online:perform_diversity_aware_memory_update:322 - Saved sample images to Tensorboard
2023-04-18 01:00:46.514 | INFO     | algorithms.rainbow_online:perform_diversity_aware_memory_update:323 - There are 20 samples from class 8
2023-04-18 01:00:46.515 | DEBUG    | algorithms.rainbow_online:perform_diversity_aware_memory_update:298 - Class 0 under sampling strategy diverse
2023-04-18 01:04:07.577 | DEBUG    | algorithms.rainbow_online:perform_diversity_aware_memory_update:321 - Indexes: [0, 250, 500, 750, 1000, 1250, 1500, 1750, 2000, 2250, 2500, 2750, 3000, 3250, 3500, 3750, 4000, 4250, 4500, 4750]
2023-04-18 01:04:07.584 | INFO     | algorithms.rainbow_online:perform_diversity_aware_memory_update:322 - Saved sample images to Tensorboard
2023-04-18 01:04:07.584 | INFO     | algorithms.rainbow_online:perform_diversity_aware_memory_update:323 - There are 20 samples from class 0
2023-04-18 01:04:07.585 | DEBUG    | algorithms.rainbow_online:perform_diversity_aware_memory_update:298 - Class 9 under sampling strategy diverse
2023-04-18 01:07:28.903 | DEBUG    | algorithms.rainbow_online:perform_diversity_aware_memory_update:321 - Indexes: [0, 250, 500, 750, 1000, 1250, 1500, 1750, 2000, 2250, 2500, 2750, 3000, 3250, 3500, 3750, 4000, 4250, 4500, 4750]
2023-04-18 01:07:28.910 | INFO     | algorithms.rainbow_online:perform_diversity_aware_memory_update:322 - Saved sample images to Tensorboard
2023-04-18 01:07:28.910 | INFO     | algorithms.rainbow_online:perform_diversity_aware_memory_update:323 - There are 20 samples from class 9
2023-04-18 01:07:28.911 | INFO     | algorithms.rainbow_online:perform_diversity_aware_memory_update:325 - Generated next exemplar buffer
2023-04-18 01:07:28.912 | DEBUG    | algorithms.rainbow_online:train:345 - T_a: <class 'numpy.ndarray'>
2023-04-18 01:07:28.912 | INFO     | algorithms.rainbow_online:train:350 - Using memory buffer exclusively
2023-04-18 01:07:28.913 | INFO     | algorithms.rainbow_online:train:358 - Starting epoch 1 / 50
2023-04-18 01:07:29.145 | INFO     | algorithms.rainbow_online:train:412 - 1, loss: 2.567
2023-04-18 01:07:29.146 | INFO     | algorithms.rainbow_online:train:358 - Starting epoch 2 / 50
2023-04-18 01:07:29.378 | INFO     | algorithms.rainbow_online:train:412 - 2, loss: 2.482
2023-04-18 01:07:29.380 | INFO     | algorithms.rainbow_online:train:358 - Starting epoch 3 / 50
2023-04-18 01:07:29.610 | INFO     | algorithms.rainbow_online:train:412 - 3, loss: 2.408
2023-04-18 01:07:29.612 | INFO     | algorithms.rainbow_online:train:358 - Starting epoch 4 / 50
2023-04-18 01:07:29.840 | INFO     | algorithms.rainbow_online:train:412 - 4, loss: 2.452
2023-04-18 01:07:29.841 | INFO     | algorithms.rainbow_online:train:358 - Starting epoch 5 / 50
2023-04-18 01:07:30.071 | INFO     | algorithms.rainbow_online:train:412 - 5, loss: 2.274
2023-04-18 01:07:30.072 | INFO     | algorithms.rainbow_online:train:358 - Starting epoch 6 / 50
2023-04-18 01:07:30.302 | INFO     | algorithms.rainbow_online:train:412 - 6, loss: 2.208
2023-04-18 01:07:30.304 | INFO     | algorithms.rainbow_online:train:358 - Starting epoch 7 / 50
2023-04-18 01:07:30.534 | INFO     | algorithms.rainbow_online:train:412 - 7, loss: 2.263
2023-04-18 01:07:30.536 | INFO     | algorithms.rainbow_online:train:358 - Starting epoch 8 / 50
2023-04-18 01:07:30.766 | INFO     | algorithms.rainbow_online:train:412 - 8, loss: 2.102
2023-04-18 01:07:30.767 | INFO     | algorithms.rainbow_online:train:358 - Starting epoch 9 / 50
2023-04-18 01:07:30.995 | INFO     | algorithms.rainbow_online:train:412 - 9, loss: 2.194
2023-04-18 01:07:30.997 | INFO     | algorithms.rainbow_online:train:358 - Starting epoch 10 / 50
2023-04-18 01:07:31.225 | INFO     | algorithms.rainbow_online:train:412 - 10, loss: 2.220
2023-04-18 01:07:31.227 | INFO     | algorithms.algorithm_base:run_base_task_metrics:144 - Running metrics: Task 210
2023-04-18 01:07:35.923 | DEBUG    | algorithms.algorithm_base:run_base_task_metrics:200 - Raw classification accuracy results saved to ./output_cifar10_varied_sampling/rainbow_online/1681774256.1935577_CIFAR10_OFFICIAL_RUN/task_210_accuracy_results.json
2023-04-18 01:07:35.925 | INFO     | algorithms.algorithm_base:run_base_task_metrics:201 - Correctly classified 2807 / 10000 samples (28.07% correct)
2023-04-18 01:07:36.062 | INFO     | algorithms.rainbow_online:train:358 - Starting epoch 11 / 50
2023-04-18 01:07:36.296 | INFO     | algorithms.rainbow_online:train:412 - 11, loss: 1.944
2023-04-18 01:07:36.298 | INFO     | algorithms.rainbow_online:train:358 - Starting epoch 12 / 50
2023-04-18 01:07:36.527 | INFO     | algorithms.rainbow_online:train:412 - 12, loss: 2.260
2023-04-18 01:07:36.528 | INFO     | algorithms.rainbow_online:train:358 - Starting epoch 13 / 50
2023-04-18 01:07:36.758 | INFO     | algorithms.rainbow_online:train:412 - 13, loss: 2.024
2023-04-18 01:07:36.760 | INFO     | algorithms.rainbow_online:train:358 - Starting epoch 14 / 50
2023-04-18 01:07:36.989 | INFO     | algorithms.rainbow_online:train:412 - 14, loss: 2.009
2023-04-18 01:07:36.990 | INFO     | algorithms.rainbow_online:train:358 - Starting epoch 15 / 50
2023-04-18 01:07:37.220 | INFO     | algorithms.rainbow_online:train:412 - 15, loss: 1.892
2023-04-18 01:07:37.221 | INFO     | algorithms.rainbow_online:train:358 - Starting epoch 16 / 50
2023-04-18 01:07:37.453 | INFO     | algorithms.rainbow_online:train:412 - 16, loss: 2.129
2023-04-18 01:07:37.455 | INFO     | algorithms.rainbow_online:train:358 - Starting epoch 17 / 50
2023-04-18 01:07:37.684 | INFO     | algorithms.rainbow_online:train:412 - 17, loss: 1.953
2023-04-18 01:07:37.686 | INFO     | algorithms.rainbow_online:train:358 - Starting epoch 18 / 50
2023-04-18 01:07:37.916 | INFO     | algorithms.rainbow_online:train:412 - 18, loss: 2.000
2023-04-18 01:07:37.918 | INFO     | algorithms.rainbow_online:train:358 - Starting epoch 19 / 50
2023-04-18 01:07:38.146 | INFO     | algorithms.rainbow_online:train:412 - 19, loss: 1.807
2023-04-18 01:07:38.147 | INFO     | algorithms.rainbow_online:train:358 - Starting epoch 20 / 50
2023-04-18 01:07:38.377 | INFO     | algorithms.rainbow_online:train:412 - 20, loss: 1.796
2023-04-18 01:07:38.379 | INFO     | algorithms.algorithm_base:run_base_task_metrics:144 - Running metrics: Task 220
2023-04-18 01:07:43.047 | DEBUG    | algorithms.algorithm_base:run_base_task_metrics:200 - Raw classification accuracy results saved to ./output_cifar10_varied_sampling/rainbow_online/1681774256.1935577_CIFAR10_OFFICIAL_RUN/task_220_accuracy_results.json
2023-04-18 01:07:43.049 | INFO     | algorithms.algorithm_base:run_base_task_metrics:201 - Correctly classified 2978 / 10000 samples (29.78% correct)
2023-04-18 01:07:43.232 | INFO     | algorithms.rainbow_online:train:358 - Starting epoch 21 / 50
2023-04-18 01:07:43.465 | INFO     | algorithms.rainbow_online:train:412 - 21, loss: 1.716
2023-04-18 01:07:43.466 | INFO     | algorithms.rainbow_online:train:358 - Starting epoch 22 / 50
2023-04-18 01:07:43.695 | INFO     | algorithms.rainbow_online:train:412 - 22, loss: 1.832
2023-04-18 01:07:43.697 | INFO     | algorithms.rainbow_online:train:358 - Starting epoch 23 / 50
2023-04-18 01:07:43.926 | INFO     | algorithms.rainbow_online:train:412 - 23, loss: 2.033
2023-04-18 01:07:43.928 | INFO     | algorithms.rainbow_online:train:358 - Starting epoch 24 / 50
2023-04-18 01:07:44.158 | INFO     | algorithms.rainbow_online:train:412 - 24, loss: 1.751
2023-04-18 01:07:44.159 | INFO     | algorithms.rainbow_online:train:358 - Starting epoch 25 / 50
2023-04-18 01:07:44.390 | INFO     | algorithms.rainbow_online:train:412 - 25, loss: 1.811
2023-04-18 01:07:44.391 | INFO     | algorithms.rainbow_online:train:358 - Starting epoch 26 / 50
2023-04-18 01:07:44.619 | INFO     | algorithms.rainbow_online:train:412 - 26, loss: 1.857
2023-04-18 01:07:44.621 | INFO     | algorithms.rainbow_online:train:358 - Starting epoch 27 / 50
2023-04-18 01:07:44.849 | INFO     | algorithms.rainbow_online:train:412 - 27, loss: 1.910
2023-04-18 01:07:44.850 | INFO     | algorithms.rainbow_online:train:358 - Starting epoch 28 / 50
2023-04-18 01:07:45.078 | INFO     | algorithms.rainbow_online:train:412 - 28, loss: 1.929
2023-04-18 01:07:45.080 | INFO     | algorithms.rainbow_online:train:358 - Starting epoch 29 / 50
2023-04-18 01:07:45.311 | INFO     | algorithms.rainbow_online:train:412 - 29, loss: 1.771
2023-04-18 01:07:45.312 | INFO     | algorithms.rainbow_online:train:358 - Starting epoch 30 / 50
2023-04-18 01:07:45.541 | INFO     | algorithms.rainbow_online:train:412 - 30, loss: 1.636
2023-04-18 01:07:45.543 | INFO     | algorithms.algorithm_base:run_base_task_metrics:144 - Running metrics: Task 230
2023-04-18 01:07:50.218 | DEBUG    | algorithms.algorithm_base:run_base_task_metrics:200 - Raw classification accuracy results saved to ./output_cifar10_varied_sampling/rainbow_online/1681774256.1935577_CIFAR10_OFFICIAL_RUN/task_230_accuracy_results.json
2023-04-18 01:07:50.219 | INFO     | algorithms.algorithm_base:run_base_task_metrics:201 - Correctly classified 3115 / 10000 samples (31.15% correct)
2023-04-18 01:07:50.359 | INFO     | algorithms.rainbow_online:train:358 - Starting epoch 31 / 50
2023-04-18 01:07:50.593 | INFO     | algorithms.rainbow_online:train:412 - 31, loss: 1.736
2023-04-18 01:07:50.594 | INFO     | algorithms.rainbow_online:train:358 - Starting epoch 32 / 50
2023-04-18 01:07:50.825 | INFO     | algorithms.rainbow_online:train:412 - 32, loss: 1.789
2023-04-18 01:07:50.826 | INFO     | algorithms.rainbow_online:train:358 - Starting epoch 33 / 50
2023-04-18 01:07:51.054 | INFO     | algorithms.rainbow_online:train:412 - 33, loss: 1.741
2023-04-18 01:07:51.056 | INFO     | algorithms.rainbow_online:train:358 - Starting epoch 34 / 50
2023-04-18 01:07:51.286 | INFO     | algorithms.rainbow_online:train:412 - 34, loss: 1.759
2023-04-18 01:07:51.288 | INFO     | algorithms.rainbow_online:train:358 - Starting epoch 35 / 50
2023-04-18 01:07:51.517 | INFO     | algorithms.rainbow_online:train:412 - 35, loss: 1.986
2023-04-18 01:07:51.519 | INFO     | algorithms.rainbow_online:train:358 - Starting epoch 36 / 50
2023-04-18 01:07:51.750 | INFO     | algorithms.rainbow_online:train:412 - 36, loss: 1.838
2023-04-18 01:07:51.752 | INFO     | algorithms.rainbow_online:train:358 - Starting epoch 37 / 50
2023-04-18 01:07:51.981 | INFO     | algorithms.rainbow_online:train:412 - 37, loss: 1.785
2023-04-18 01:07:51.983 | INFO     | algorithms.rainbow_online:train:358 - Starting epoch 38 / 50
2023-04-18 01:07:52.210 | INFO     | algorithms.rainbow_online:train:412 - 38, loss: 1.839
2023-04-18 01:07:52.212 | INFO     | algorithms.rainbow_online:train:358 - Starting epoch 39 / 50
2023-04-18 01:07:52.442 | INFO     | algorithms.rainbow_online:train:412 - 39, loss: 1.889
2023-04-18 01:07:52.443 | INFO     | algorithms.rainbow_online:train:358 - Starting epoch 40 / 50
2023-04-18 01:07:52.675 | INFO     | algorithms.rainbow_online:train:412 - 40, loss: 1.847
2023-04-18 01:07:52.677 | INFO     | algorithms.algorithm_base:run_base_task_metrics:144 - Running metrics: Task 240
2023-04-18 01:07:57.304 | DEBUG    | algorithms.algorithm_base:run_base_task_metrics:200 - Raw classification accuracy results saved to ./output_cifar10_varied_sampling/rainbow_online/1681774256.1935577_CIFAR10_OFFICIAL_RUN/task_240_accuracy_results.json
2023-04-18 01:07:57.305 | INFO     | algorithms.algorithm_base:run_base_task_metrics:201 - Correctly classified 3225 / 10000 samples (32.25% correct)
2023-04-18 01:07:57.441 | INFO     | algorithms.rainbow_online:train:358 - Starting epoch 41 / 50
2023-04-18 01:07:57.674 | INFO     | algorithms.rainbow_online:train:412 - 41, loss: 1.555
2023-04-18 01:07:57.676 | INFO     | algorithms.rainbow_online:train:358 - Starting epoch 42 / 50
2023-04-18 01:07:57.905 | INFO     | algorithms.rainbow_online:train:412 - 42, loss: 1.751
2023-04-18 01:07:57.907 | INFO     | algorithms.rainbow_online:train:358 - Starting epoch 43 / 50
2023-04-18 01:07:58.135 | INFO     | algorithms.rainbow_online:train:412 - 43, loss: 1.646
2023-04-18 01:07:58.137 | INFO     | algorithms.rainbow_online:train:358 - Starting epoch 44 / 50
2023-04-18 01:07:58.366 | INFO     | algorithms.rainbow_online:train:412 - 44, loss: 1.519
2023-04-18 01:07:58.367 | INFO     | algorithms.rainbow_online:train:358 - Starting epoch 45 / 50
2023-04-18 01:07:58.596 | INFO     | algorithms.rainbow_online:train:412 - 45, loss: 1.478
2023-04-18 01:07:58.598 | INFO     | algorithms.rainbow_online:train:358 - Starting epoch 46 / 50
2023-04-18 01:07:58.828 | INFO     | algorithms.rainbow_online:train:412 - 46, loss: 1.572
2023-04-18 01:07:58.830 | INFO     | algorithms.rainbow_online:train:358 - Starting epoch 47 / 50
2023-04-18 01:07:59.059 | INFO     | algorithms.rainbow_online:train:412 - 47, loss: 2.018
2023-04-18 01:07:59.061 | INFO     | algorithms.rainbow_online:train:358 - Starting epoch 48 / 50
2023-04-18 01:07:59.291 | INFO     | algorithms.rainbow_online:train:412 - 48, loss: 1.475
2023-04-18 01:07:59.293 | INFO     | algorithms.rainbow_online:train:358 - Starting epoch 49 / 50
2023-04-18 01:07:59.525 | INFO     | algorithms.rainbow_online:train:412 - 49, loss: 1.459
2023-04-18 01:07:59.527 | INFO     | algorithms.rainbow_online:train:358 - Starting epoch 50 / 50
2023-04-18 01:07:59.756 | INFO     | algorithms.rainbow_online:train:412 - 50, loss: 1.700
2023-04-18 01:07:59.758 | INFO     | algorithms.algorithm_base:run_base_task_metrics:144 - Running metrics: Task 250
2023-04-18 01:08:04.438 | DEBUG    | algorithms.algorithm_base:run_base_task_metrics:200 - Raw classification accuracy results saved to ./output_cifar10_varied_sampling/rainbow_online/1681774256.1935577_CIFAR10_OFFICIAL_RUN/task_250_accuracy_results.json
2023-04-18 01:08:04.439 | INFO     | algorithms.algorithm_base:run_base_task_metrics:201 - Correctly classified 3223 / 10000 samples (32.23% correct)
2023-04-18 01:08:04.573 | INFO     | algorithms.rainbow_online:train:421 - Training complete
2023-04-18 01:08:04.577 | INFO     | __main__:run_experiment:300 - Training and evaluation completed!
2023-04-18 01:08:04.578 | INFO     | __main__:run_experiment:314 - Wrote usage stats to file
2023-04-18 01:08:04.579 | INFO     | __main__:main:363 - Complete
2023-04-18 01:08:04.580 | INFO     | __main__:close_tensorboard_writer:262 - Shut down TensorBoard
