2023-02-01 12:07:44.248 | INFO     | __main__:setup_files:206 - Experiment Name: OFFICIAL_RUN
2023-02-01 12:07:44.249 | INFO     | __main__:main:311 - Command line arguments: Configuration(algorithm='scr', dataset='cifar10', classes_per_task=2, seed=9767)
2023-02-01 12:07:44.251 | INFO     | __main__:main:315 - Seeded random to 9767
2023-02-01 12:07:44.252 | INFO     | __main__:main:319 - Got CUDA device
2023-02-01 12:07:44.252 | INFO     | __main__:force_cuda_load:254 - Forcing CUDA initialisation...
2023-02-01 12:07:44.318 | INFO     | __main__:main:323 - CUDA initialised
2023-02-01 12:07:44.320 | INFO     | __main__:setup_shutdown_hook:250 - To access TensorBoard, run the command: tensorboard --logdir=./output_cifar10_0.5k/scr/1675253264.170353_CIFAR10_OFFICIAL_RUN
2023-02-01 12:07:44.329 | INFO     | __main__:main:327 - Setup shutdown hooks
2023-02-01 12:07:44.354 | INFO     | __main__:main:332 - Model is setup
2023-02-01 12:07:44.355 | INFO     | __main__:main:334 - Complete pre-setup, starting experiment
2023-02-01 12:07:45.584 | INFO     | datasets.dataset_base:__init__:80 - Using disjoint tasks with 2 (5 tasks) with a randomised split
2023-02-01 12:07:45.585 | DEBUG    | datasets.dataset_base:_setup_task_datasets:95 - Splitting dataset into 5 disjoint tasks
2023-02-01 12:07:45.605 | INFO     | datasets.dataset_base:__init__:85 - {
  "name": "datasets.cifar10.CIFAR10",
  "dataset_class": "torchvision.datasets.cifar.CIFAR10",
  "training_dataset_parameters": "{'train': True, 'download': True}",
  "testing_dataset_parameters": "{'train': False, 'download': True}",
  "training_transform": "Compose(\n    Resize(size=(32, 32), interpolation=bilinear, max_size=None, antialias=None)\n    ToTensor()\n    Normalize(mean=(0.4914, 0.4822, 0.4465), std=(0.247, 0.2435, 0.2616))\n    RandomCrop(size=(32, 32), padding=4)\n    RandomHorizontalFlip(p=0.5)\n)",
  "testing_transform": "Compose(\n    Resize(size=(32, 32), interpolation=bilinear, max_size=None, antialias=None)\n    ToTensor()\n    Normalize(mean=(0.4914, 0.4822, 0.4465), std=(0.247, 0.2435, 0.2616))\n)",
  "classes": "plane, car, bird, cat, deer, dog, frog, horse, ship, truck",
  "disjoint": true,
  "task_count": 5,
  "classes_per_task": [
    2
  ],
  "task_split_indices": [
    [
      0,
      6
    ],
    [
      4,
      5
    ],
    [
      7,
      2
    ],
    [
      1,
      3
    ],
    [
      9,
      8
    ]
  ],
  "task_split_classes": [
    [
      "plane",
      "frog"
    ],
    [
      "deer",
      "dog"
    ],
    [
      "horse",
      "bird"
    ],
    [
      "car",
      "cat"
    ],
    [
      "truck",
      "ship"
    ]
  ]
}
2023-02-01 12:07:45.865 | DEBUG    | __main__:run_experiment:278 - PID: 17724
2023-02-01 12:07:45.867 | INFO     | __main__:run_experiment:280 - Starting...
2023-02-01 12:07:45.868 | INFO     | algorithms.algorithm_base:train:116 - {
  "name": "algorithms.scr.SupervisedContrastiveReplay",
  "model_class": "models.scr.scr_resnet.SupConResNet",
  "device": "cuda:0",
  "dataset_class": "datasets.cifar10.CIFAR10",
  "optimiser_class": "torch.optim.sgd.SGD",
  "loss_criterion_class": "torch.nn.modules.loss.CrossEntropyLoss",
  "epochs_per_task": 1,
  "batch_size": 10,
  "max_memory_samples": 500,
  "memory_batch_size": 100,
  "tau (temperature)": 0.07,
  "lr": 0.1
}
2023-02-01 12:07:45.869 | DEBUG    | algorithms.algorithm_base:_setup_training:109 - Model moved to cuda:0 and set to train mode
2023-02-01 12:07:45.870 | INFO     | algorithms.algorithm_base:train:118 - Starting training
2023-02-01 12:07:45.871 | INFO     | algorithms.scr:train:126 - Task 1 / 5
2023-02-01 12:07:45.871 | INFO     | algorithms.scr:train:127 - Classes in task: ['plane', 'frog']
2023-02-01 12:07:45.872 | INFO     | algorithms.scr:train:134 - Starting epoch 1 / 1
2023-02-01 12:07:59.750 | INFO     | algorithms.scr:train:180 - 0:1:40, loss: 4.092
2023-02-01 12:08:09.906 | INFO     | algorithms.scr:train:180 - 0:1:80, loss: 5.206
2023-02-01 12:08:20.085 | INFO     | algorithms.scr:train:180 - 0:1:120, loss: 5.143
2023-02-01 12:08:30.249 | INFO     | algorithms.scr:train:180 - 0:1:160, loss: 5.149
2023-02-01 12:08:40.462 | INFO     | algorithms.scr:train:180 - 0:1:200, loss: 5.123
2023-02-01 12:08:50.828 | INFO     | algorithms.scr:train:180 - 0:1:240, loss: 5.090
2023-02-01 12:09:01.238 | INFO     | algorithms.scr:train:180 - 0:1:280, loss: 5.061
2023-02-01 12:09:11.617 | INFO     | algorithms.scr:train:180 - 0:1:320, loss: 5.039
2023-02-01 12:09:22.012 | INFO     | algorithms.scr:train:180 - 0:1:360, loss: 5.048
2023-02-01 12:09:32.438 | INFO     | algorithms.scr:train:180 - 0:1:400, loss: 5.028
2023-02-01 12:09:42.820 | INFO     | algorithms.scr:train:180 - 0:1:440, loss: 5.011
2023-02-01 12:09:53.207 | INFO     | algorithms.scr:train:180 - 0:1:480, loss: 4.982
2023-02-01 12:10:03.603 | INFO     | algorithms.scr:train:180 - 0:1:520, loss: 5.022
2023-02-01 12:10:14.000 | INFO     | algorithms.scr:train:180 - 0:1:560, loss: 5.030
2023-02-01 12:10:24.417 | INFO     | algorithms.scr:train:180 - 0:1:600, loss: 5.018
2023-02-01 12:10:34.813 | INFO     | algorithms.scr:train:180 - 0:1:640, loss: 5.012
2023-02-01 12:10:45.211 | INFO     | algorithms.scr:train:180 - 0:1:680, loss: 4.982
2023-02-01 12:10:55.597 | INFO     | algorithms.scr:train:180 - 0:1:720, loss: 4.987
2023-02-01 12:11:05.996 | INFO     | algorithms.scr:train:180 - 0:1:760, loss: 4.986
2023-02-01 12:11:16.380 | INFO     | algorithms.scr:train:180 - 0:1:800, loss: 4.970
2023-02-01 12:11:26.770 | INFO     | algorithms.scr:train:180 - 0:1:840, loss: 4.986
2023-02-01 12:11:37.158 | INFO     | algorithms.scr:train:180 - 0:1:880, loss: 4.967
2023-02-01 12:11:47.566 | INFO     | algorithms.scr:train:180 - 0:1:920, loss: 4.965
2023-02-01 12:11:58.026 | INFO     | algorithms.scr:train:180 - 0:1:960, loss: 4.939
2023-02-01 12:12:08.025 | DEBUG    | algorithms.scr:train:183 - Current sample stats:
2023-02-01 12:12:08.026 | DEBUG    | algorithms.scr:train:186 - 6 has 250 samples
2023-02-01 12:12:08.027 | DEBUG    | algorithms.scr:train:186 - 0 has 250 samples
2023-02-01 12:12:08.028 | INFO     | algorithms.scr:train:192 - 1, loss: 4.992
2023-02-01 12:12:08.028 | INFO     | algorithms.algorithm_base:run_base_task_metrics:144 - Running metrics: Task 0
2023-02-01 12:12:08.036 | INFO     | algorithms.scr:classify:209 - Generating fresh mean embedding vectors
2023-02-01 12:12:09.408 | DEBUG    | algorithms.scr:classify:231 - Generated mean embedding vectors for: dict_keys([6, 0])
2023-02-01 12:12:36.614 | DEBUG    | algorithms.algorithm_base:run_base_task_metrics:200 - Raw classification accuracy results saved to ./output_cifar10_0.5k/scr/1675253264.170353_CIFAR10_OFFICIAL_RUN/task_0_accuracy_results.json
2023-02-01 12:12:36.616 | INFO     | algorithms.algorithm_base:run_base_task_metrics:201 - Correctly classified 1929 / 10000 samples (19.29% correct)
2023-02-01 12:12:36.816 | INFO     | algorithms.scr:train:126 - Task 2 / 5
2023-02-01 12:12:36.820 | INFO     | algorithms.scr:train:127 - Classes in task: ['deer', 'dog']
2023-02-01 12:12:36.821 | INFO     | algorithms.scr:train:134 - Starting epoch 1 / 1
2023-02-01 12:12:47.487 | INFO     | algorithms.scr:train:180 - 1:1:40, loss: 5.199
2023-02-01 12:12:57.834 | INFO     | algorithms.scr:train:180 - 1:1:80, loss: 5.087
2023-02-01 12:13:08.210 | INFO     | algorithms.scr:train:180 - 1:1:120, loss: 5.082
2023-02-01 12:13:18.580 | INFO     | algorithms.scr:train:180 - 1:1:160, loss: 5.057
2023-02-01 12:13:28.957 | INFO     | algorithms.scr:train:180 - 1:1:200, loss: 5.056
2023-02-01 12:13:39.326 | INFO     | algorithms.scr:train:180 - 1:1:240, loss: 4.988
2023-02-01 12:13:49.711 | INFO     | algorithms.scr:train:180 - 1:1:280, loss: 4.977
2023-02-01 12:14:00.055 | INFO     | algorithms.scr:train:180 - 1:1:320, loss: 4.981
2023-02-01 12:14:10.418 | INFO     | algorithms.scr:train:180 - 1:1:360, loss: 4.938
2023-02-01 12:14:20.788 | INFO     | algorithms.scr:train:180 - 1:1:400, loss: 4.881
2023-02-01 12:14:31.155 | INFO     | algorithms.scr:train:180 - 1:1:440, loss: 4.891
2023-02-01 12:14:41.563 | INFO     | algorithms.scr:train:180 - 1:1:480, loss: 4.867
2023-02-01 12:14:51.929 | INFO     | algorithms.scr:train:180 - 1:1:520, loss: 4.831
2023-02-01 12:15:02.271 | INFO     | algorithms.scr:train:180 - 1:1:560, loss: 4.868
2023-02-01 12:15:12.646 | INFO     | algorithms.scr:train:180 - 1:1:600, loss: 4.803
2023-02-01 12:15:23.004 | INFO     | algorithms.scr:train:180 - 1:1:640, loss: 4.835
2023-02-01 12:15:33.379 | INFO     | algorithms.scr:train:180 - 1:1:680, loss: 4.812
2023-02-01 12:15:43.763 | INFO     | algorithms.scr:train:180 - 1:1:720, loss: 4.788
2023-02-01 12:15:54.118 | INFO     | algorithms.scr:train:180 - 1:1:760, loss: 4.762
2023-02-01 12:16:04.496 | INFO     | algorithms.scr:train:180 - 1:1:800, loss: 4.767
2023-02-01 12:16:14.891 | INFO     | algorithms.scr:train:180 - 1:1:840, loss: 4.762
2023-02-01 12:16:25.242 | INFO     | algorithms.scr:train:180 - 1:1:880, loss: 4.728
2023-02-01 12:16:35.587 | INFO     | algorithms.scr:train:180 - 1:1:920, loss: 4.724
2023-02-01 12:16:45.985 | INFO     | algorithms.scr:train:180 - 1:1:960, loss: 4.725
2023-02-01 12:16:56.106 | DEBUG    | algorithms.scr:train:183 - Current sample stats:
2023-02-01 12:16:56.107 | DEBUG    | algorithms.scr:train:186 - 6 has 125 samples
2023-02-01 12:16:56.108 | DEBUG    | algorithms.scr:train:186 - 0 has 125 samples
2023-02-01 12:16:56.109 | DEBUG    | algorithms.scr:train:186 - 5 has 125 samples
2023-02-01 12:16:56.110 | DEBUG    | algorithms.scr:train:186 - 4 has 125 samples
2023-02-01 12:16:56.110 | INFO     | algorithms.scr:train:192 - 1, loss: 4.886
2023-02-01 12:16:56.111 | INFO     | algorithms.algorithm_base:run_base_task_metrics:144 - Running metrics: Task 1
2023-02-01 12:16:56.118 | INFO     | algorithms.scr:classify:209 - Generating fresh mean embedding vectors
2023-02-01 12:16:57.395 | DEBUG    | algorithms.scr:classify:231 - Generated mean embedding vectors for: dict_keys([6, 0, 5, 4])
2023-02-01 12:17:27.129 | DEBUG    | algorithms.algorithm_base:run_base_task_metrics:200 - Raw classification accuracy results saved to ./output_cifar10_0.5k/scr/1675253264.170353_CIFAR10_OFFICIAL_RUN/task_1_accuracy_results.json
2023-02-01 12:17:27.130 | INFO     | algorithms.algorithm_base:run_base_task_metrics:201 - Correctly classified 3122 / 10000 samples (31.22% correct)
2023-02-01 12:17:27.270 | INFO     | algorithms.scr:train:126 - Task 3 / 5
2023-02-01 12:17:27.275 | INFO     | algorithms.scr:train:127 - Classes in task: ['horse', 'bird']
2023-02-01 12:17:27.276 | INFO     | algorithms.scr:train:134 - Starting epoch 1 / 1
2023-02-01 12:17:37.927 | INFO     | algorithms.scr:train:180 - 2:1:40, loss: 5.011
2023-02-01 12:17:48.296 | INFO     | algorithms.scr:train:180 - 2:1:80, loss: 4.899
2023-02-01 12:17:58.645 | INFO     | algorithms.scr:train:180 - 2:1:120, loss: 4.888
2023-02-01 12:18:09.013 | INFO     | algorithms.scr:train:180 - 2:1:160, loss: 4.874
2023-02-01 12:18:19.371 | INFO     | algorithms.scr:train:180 - 2:1:200, loss: 4.835
2023-02-01 12:18:29.717 | INFO     | algorithms.scr:train:180 - 2:1:240, loss: 4.800
2023-02-01 12:18:40.066 | INFO     | algorithms.scr:train:180 - 2:1:280, loss: 4.798
2023-02-01 12:18:50.418 | INFO     | algorithms.scr:train:180 - 2:1:320, loss: 4.752
2023-02-01 12:19:00.774 | INFO     | algorithms.scr:train:180 - 2:1:360, loss: 4.746
2023-02-01 12:19:11.169 | INFO     | algorithms.scr:train:180 - 2:1:400, loss: 4.709
2023-02-01 12:19:21.521 | INFO     | algorithms.scr:train:180 - 2:1:440, loss: 4.682
2023-02-01 12:19:31.878 | INFO     | algorithms.scr:train:180 - 2:1:480, loss: 4.685
2023-02-01 12:19:42.245 | INFO     | algorithms.scr:train:180 - 2:1:520, loss: 4.622
2023-02-01 12:19:52.566 | INFO     | algorithms.scr:train:180 - 2:1:560, loss: 4.591
2023-02-01 12:20:02.952 | INFO     | algorithms.scr:train:180 - 2:1:600, loss: 4.603
2023-02-01 12:20:13.291 | INFO     | algorithms.scr:train:180 - 2:1:640, loss: 4.589
2023-02-01 12:20:23.652 | INFO     | algorithms.scr:train:180 - 2:1:680, loss: 4.552
2023-02-01 12:20:34.008 | INFO     | algorithms.scr:train:180 - 2:1:720, loss: 4.576
2023-02-01 12:20:44.354 | INFO     | algorithms.scr:train:180 - 2:1:760, loss: 4.551
2023-02-01 12:20:54.714 | INFO     | algorithms.scr:train:180 - 2:1:800, loss: 4.527
2023-02-01 12:21:05.070 | INFO     | algorithms.scr:train:180 - 2:1:840, loss: 4.525
2023-02-01 12:21:15.426 | INFO     | algorithms.scr:train:180 - 2:1:880, loss: 4.537
2023-02-01 12:21:25.769 | INFO     | algorithms.scr:train:180 - 2:1:920, loss: 4.507
2023-02-01 12:21:36.199 | INFO     | algorithms.scr:train:180 - 2:1:960, loss: 4.481
2023-02-01 12:21:46.417 | DEBUG    | algorithms.scr:train:183 - Current sample stats:
2023-02-01 12:21:46.418 | DEBUG    | algorithms.scr:train:186 - 6 has 83 samples
2023-02-01 12:21:46.419 | DEBUG    | algorithms.scr:train:186 - 0 has 83 samples
2023-02-01 12:21:46.420 | DEBUG    | algorithms.scr:train:186 - 5 has 83 samples
2023-02-01 12:21:46.420 | DEBUG    | algorithms.scr:train:186 - 4 has 83 samples
2023-02-01 12:21:46.421 | DEBUG    | algorithms.scr:train:186 - 7 has 84 samples
2023-02-01 12:21:46.422 | DEBUG    | algorithms.scr:train:186 - 2 has 84 samples
2023-02-01 12:21:46.423 | INFO     | algorithms.scr:train:192 - 1, loss: 4.672
2023-02-01 12:21:46.423 | INFO     | algorithms.algorithm_base:run_base_task_metrics:144 - Running metrics: Task 2
2023-02-01 12:21:46.431 | INFO     | algorithms.scr:classify:209 - Generating fresh mean embedding vectors
2023-02-01 12:21:47.750 | DEBUG    | algorithms.scr:classify:231 - Generated mean embedding vectors for: dict_keys([6, 0, 5, 4, 7, 2])
2023-02-01 12:22:19.909 | DEBUG    | algorithms.algorithm_base:run_base_task_metrics:200 - Raw classification accuracy results saved to ./output_cifar10_0.5k/scr/1675253264.170353_CIFAR10_OFFICIAL_RUN/task_2_accuracy_results.json
2023-02-01 12:22:19.912 | INFO     | algorithms.algorithm_base:run_base_task_metrics:201 - Correctly classified 4028 / 10000 samples (40.28% correct)
2023-02-01 12:22:20.056 | INFO     | algorithms.scr:train:126 - Task 4 / 5
2023-02-01 12:22:20.061 | INFO     | algorithms.scr:train:127 - Classes in task: ['car', 'cat']
2023-02-01 12:22:20.062 | INFO     | algorithms.scr:train:134 - Starting epoch 1 / 1
2023-02-01 12:22:30.729 | INFO     | algorithms.scr:train:180 - 3:1:40, loss: 4.702
2023-02-01 12:22:41.119 | INFO     | algorithms.scr:train:180 - 3:1:80, loss: 4.515
2023-02-01 12:22:51.503 | INFO     | algorithms.scr:train:180 - 3:1:120, loss: 4.458
2023-02-01 12:23:01.924 | INFO     | algorithms.scr:train:180 - 3:1:160, loss: 4.435
2023-02-01 12:23:12.285 | INFO     | algorithms.scr:train:180 - 3:1:200, loss: 4.401
2023-02-01 12:23:22.644 | INFO     | algorithms.scr:train:180 - 3:1:240, loss: 4.356
2023-02-01 12:23:32.996 | INFO     | algorithms.scr:train:180 - 3:1:280, loss: 4.318
2023-02-01 12:23:43.342 | INFO     | algorithms.scr:train:180 - 3:1:320, loss: 4.308
2023-02-01 12:23:53.690 | INFO     | algorithms.scr:train:180 - 3:1:360, loss: 4.258
2023-02-01 12:24:04.058 | INFO     | algorithms.scr:train:180 - 3:1:400, loss: 4.241
2023-02-01 12:24:14.426 | INFO     | algorithms.scr:train:180 - 3:1:440, loss: 4.234
2023-02-01 12:24:24.766 | INFO     | algorithms.scr:train:180 - 3:1:480, loss: 4.237
2023-02-01 12:24:35.133 | INFO     | algorithms.scr:train:180 - 3:1:520, loss: 4.229
2023-02-01 12:24:45.521 | INFO     | algorithms.scr:train:180 - 3:1:560, loss: 4.172
2023-02-01 12:24:55.875 | INFO     | algorithms.scr:train:180 - 3:1:600, loss: 4.168
2023-02-01 12:25:06.249 | INFO     | algorithms.scr:train:180 - 3:1:640, loss: 4.176
2023-02-01 12:25:16.596 | INFO     | algorithms.scr:train:180 - 3:1:680, loss: 4.117
2023-02-01 12:25:26.958 | INFO     | algorithms.scr:train:180 - 3:1:720, loss: 4.126
2023-02-01 12:25:37.349 | INFO     | algorithms.scr:train:180 - 3:1:760, loss: 4.130
2023-02-01 12:25:47.735 | INFO     | algorithms.scr:train:180 - 3:1:800, loss: 4.119
2023-02-01 12:25:58.107 | INFO     | algorithms.scr:train:180 - 3:1:840, loss: 4.110
2023-02-01 12:26:08.469 | INFO     | algorithms.scr:train:180 - 3:1:880, loss: 4.090
2023-02-01 12:26:18.835 | INFO     | algorithms.scr:train:180 - 3:1:920, loss: 4.091
2023-02-01 12:26:29.195 | INFO     | algorithms.scr:train:180 - 3:1:960, loss: 4.051
2023-02-01 12:26:39.280 | DEBUG    | algorithms.scr:train:183 - Current sample stats:
2023-02-01 12:26:39.281 | DEBUG    | algorithms.scr:train:186 - 6 has 62 samples
2023-02-01 12:26:39.281 | DEBUG    | algorithms.scr:train:186 - 0 has 62 samples
2023-02-01 12:26:39.282 | DEBUG    | algorithms.scr:train:186 - 5 has 62 samples
2023-02-01 12:26:39.283 | DEBUG    | algorithms.scr:train:186 - 4 has 62 samples
2023-02-01 12:26:39.284 | DEBUG    | algorithms.scr:train:186 - 7 has 63 samples
2023-02-01 12:26:39.284 | DEBUG    | algorithms.scr:train:186 - 2 has 63 samples
2023-02-01 12:26:39.285 | DEBUG    | algorithms.scr:train:186 - 1 has 63 samples
2023-02-01 12:26:39.286 | DEBUG    | algorithms.scr:train:186 - 3 has 63 samples
2023-02-01 12:26:39.286 | INFO     | algorithms.scr:train:192 - 1, loss: 4.245
2023-02-01 12:26:39.287 | INFO     | algorithms.algorithm_base:run_base_task_metrics:144 - Running metrics: Task 3
2023-02-01 12:26:39.295 | INFO     | algorithms.scr:classify:209 - Generating fresh mean embedding vectors
2023-02-01 12:26:40.565 | DEBUG    | algorithms.scr:classify:231 - Generated mean embedding vectors for: dict_keys([6, 0, 5, 4, 7, 2, 1, 3])
2023-02-01 12:27:14.195 | DEBUG    | algorithms.algorithm_base:run_base_task_metrics:200 - Raw classification accuracy results saved to ./output_cifar10_0.5k/scr/1675253264.170353_CIFAR10_OFFICIAL_RUN/task_3_accuracy_results.json
2023-02-01 12:27:14.197 | INFO     | algorithms.algorithm_base:run_base_task_metrics:201 - Correctly classified 4565 / 10000 samples (45.65% correct)
2023-02-01 12:27:14.335 | INFO     | algorithms.scr:train:126 - Task 5 / 5
2023-02-01 12:27:14.340 | INFO     | algorithms.scr:train:127 - Classes in task: ['truck', 'ship']
2023-02-01 12:27:14.341 | INFO     | algorithms.scr:train:134 - Starting epoch 1 / 1
2023-02-01 12:27:24.956 | INFO     | algorithms.scr:train:180 - 4:1:40, loss: 4.300
2023-02-01 12:27:35.342 | INFO     | algorithms.scr:train:180 - 4:1:80, loss: 4.147
2023-02-01 12:27:45.688 | INFO     | algorithms.scr:train:180 - 4:1:120, loss: 4.129
2023-02-01 12:27:56.028 | INFO     | algorithms.scr:train:180 - 4:1:160, loss: 4.095
2023-02-01 12:28:06.388 | INFO     | algorithms.scr:train:180 - 4:1:200, loss: 4.039
2023-02-01 12:28:16.761 | INFO     | algorithms.scr:train:180 - 4:1:240, loss: 3.999
2023-02-01 12:28:27.115 | INFO     | algorithms.scr:train:180 - 4:1:280, loss: 3.977
2023-02-01 12:28:37.474 | INFO     | algorithms.scr:train:180 - 4:1:320, loss: 3.990
2023-02-01 12:28:47.811 | INFO     | algorithms.scr:train:180 - 4:1:360, loss: 3.926
2023-02-01 12:28:58.146 | INFO     | algorithms.scr:train:180 - 4:1:400, loss: 3.893
2023-02-01 12:29:08.490 | INFO     | algorithms.scr:train:180 - 4:1:440, loss: 3.886
2023-02-01 12:29:18.834 | INFO     | algorithms.scr:train:180 - 4:1:480, loss: 3.867
2023-02-01 12:29:29.176 | INFO     | algorithms.scr:train:180 - 4:1:520, loss: 3.845
2023-02-01 12:29:39.527 | INFO     | algorithms.scr:train:180 - 4:1:560, loss: 3.856
2023-02-01 12:29:49.878 | INFO     | algorithms.scr:train:180 - 4:1:600, loss: 3.840
2023-02-01 12:30:00.238 | INFO     | algorithms.scr:train:180 - 4:1:640, loss: 3.826
2023-02-01 12:30:10.628 | INFO     | algorithms.scr:train:180 - 4:1:680, loss: 3.797
2023-02-01 12:30:20.974 | INFO     | algorithms.scr:train:180 - 4:1:720, loss: 3.809
2023-02-01 12:30:31.345 | INFO     | algorithms.scr:train:180 - 4:1:760, loss: 3.821
2023-02-01 12:30:41.679 | INFO     | algorithms.scr:train:180 - 4:1:800, loss: 3.823
2023-02-01 12:30:52.037 | INFO     | algorithms.scr:train:180 - 4:1:840, loss: 3.794
2023-02-01 12:31:02.433 | INFO     | algorithms.scr:train:180 - 4:1:880, loss: 3.745
2023-02-01 12:31:12.784 | INFO     | algorithms.scr:train:180 - 4:1:920, loss: 3.774
2023-02-01 12:31:23.134 | INFO     | algorithms.scr:train:180 - 4:1:960, loss: 3.769
2023-02-01 12:31:33.219 | DEBUG    | algorithms.scr:train:183 - Current sample stats:
2023-02-01 12:31:33.220 | DEBUG    | algorithms.scr:train:186 - 6 has 50 samples
2023-02-01 12:31:33.221 | DEBUG    | algorithms.scr:train:186 - 0 has 50 samples
2023-02-01 12:31:33.222 | DEBUG    | algorithms.scr:train:186 - 5 has 50 samples
2023-02-01 12:31:33.222 | DEBUG    | algorithms.scr:train:186 - 4 has 50 samples
2023-02-01 12:31:33.223 | DEBUG    | algorithms.scr:train:186 - 7 has 50 samples
2023-02-01 12:31:33.224 | DEBUG    | algorithms.scr:train:186 - 2 has 50 samples
2023-02-01 12:31:33.225 | DEBUG    | algorithms.scr:train:186 - 1 has 50 samples
2023-02-01 12:31:33.225 | DEBUG    | algorithms.scr:train:186 - 3 has 50 samples
2023-02-01 12:31:33.226 | DEBUG    | algorithms.scr:train:186 - 8 has 50 samples
2023-02-01 12:31:33.227 | DEBUG    | algorithms.scr:train:186 - 9 has 50 samples
2023-02-01 12:31:33.227 | INFO     | algorithms.scr:train:192 - 1, loss: 3.908
2023-02-01 12:31:33.228 | INFO     | algorithms.algorithm_base:run_base_task_metrics:144 - Running metrics: Task 4
2023-02-01 12:31:33.235 | INFO     | algorithms.scr:classify:209 - Generating fresh mean embedding vectors
2023-02-01 12:31:34.526 | DEBUG    | algorithms.scr:classify:231 - Generated mean embedding vectors for: dict_keys([6, 0, 5, 4, 7, 2, 1, 3, 8, 9])
2023-02-01 12:32:09.369 | DEBUG    | algorithms.algorithm_base:run_base_task_metrics:200 - Raw classification accuracy results saved to ./output_cifar10_0.5k/scr/1675253264.170353_CIFAR10_OFFICIAL_RUN/task_4_accuracy_results.json
2023-02-01 12:32:09.371 | INFO     | algorithms.algorithm_base:run_base_task_metrics:201 - Correctly classified 5516 / 10000 samples (55.16% correct)
2023-02-01 12:32:09.508 | INFO     | algorithms.scr:train:201 - Training complete
2023-02-01 12:32:09.513 | INFO     | __main__:run_experiment:286 - Training and evaluation completed!
2023-02-01 12:32:09.514 | INFO     | __main__:run_experiment:300 - Wrote usage stats to file
2023-02-01 12:32:09.515 | INFO     | __main__:main:340 - Complete
2023-02-01 12:32:09.516 | INFO     | __main__:close_tensorboard_writer:248 - Shut down TensorBoard
