2023-02-11 10:34:53.487 | INFO     | __main__:setup_files:208 - Experiment Name: OFFICIAL_RUN
2023-02-11 10:34:53.489 | INFO     | __main__:main:322 - Command line arguments: Configuration(algorithm='scr', dataset='cifar100', classes_per_task=20, seed=9767, samples=1000)
2023-02-11 10:34:53.620 | INFO     | __main__:main:326 - Seeded random to 9767
2023-02-11 10:34:53.622 | INFO     | __main__:main:330 - Got CUDA device
2023-02-11 10:34:53.623 | INFO     | __main__:force_cuda_load:258 - Forcing CUDA initialisation...
2023-02-11 10:34:54.034 | INFO     | __main__:main:334 - CUDA initialised
2023-02-11 10:34:54.036 | INFO     | __main__:setup_shutdown_hook:254 - To access TensorBoard, run the command: tensorboard --logdir=./output_cifar100_varied_sampling/scr/1676111693.4523494_CIFAR100_OFFICIAL_RUN
2023-02-11 10:34:54.037 | INFO     | __main__:main:338 - Setup shutdown hooks
2023-02-11 10:34:54.191 | INFO     | __main__:main:343 - Model is setup
2023-02-11 10:34:54.193 | INFO     | __main__:main:345 - Complete pre-setup, starting experiment
2023-02-11 10:34:56.598 | INFO     | datasets.dataset_base:__init__:80 - Using disjoint tasks with 20 (5 tasks) with a randomised split
2023-02-11 10:34:56.599 | DEBUG    | datasets.dataset_base:_setup_task_datasets:95 - Splitting dataset into 5 disjoint tasks
2023-02-11 10:34:56.619 | INFO     | datasets.dataset_base:__init__:85 - {
  "name": "datasets.cifar100.CIFAR100",
  "dataset_class": "torchvision.datasets.cifar.CIFAR100",
  "training_dataset_parameters": "{'train': True, 'download': True}",
  "testing_dataset_parameters": "{'train': False, 'download': True}",
  "training_transform": "Compose(\n    Resize(size=(32, 32), interpolation=bilinear, max_size=None, antialias=None)\n    ToTensor()\n    Normalize(mean=(0.5071, 0.4867, 0.4408), std=(0.2675, 0.2565, 0.2761))\n    RandomCrop(size=(32, 32), padding=4)\n    RandomHorizontalFlip(p=0.5)\n)",
  "testing_transform": "Compose(\n    Resize(size=(32, 32), interpolation=bilinear, max_size=None, antialias=None)\n    ToTensor()\n    Normalize(mean=(0.5071, 0.4867, 0.4408), std=(0.2675, 0.2565, 0.2761))\n)",
  "classes": "apple, aquarium_fish, baby, bear, beaver, bed, bee, beetle, bicycle, bottle, bowl, boy, bridge, bus, butterfly, camel, can, castle, caterpillar, cattle, chair, chimpanzee, clock, cloud, cockroach, couch, crab, crocodile, cup, dinosaur, dolphin, elephant, flatfish, forest, fox, girl, hamster, house, kangaroo, keyboard, lamp, lawn_mower, leopard, lion, lizard, lobster, man, maple_tree, motorcycle, mountain, mouse, mushroom, oak_tree, orange, orchid, otter, palm_tree, pear, pickup_truck, pine_tree, plain, plate, poppy, porcupine, possum, rabbit, raccoon, ray, road, rocket, rose, sea, seal, shark, shrew, skunk, skyscraper, snail, snake, spider, squirrel, streetcar, sunflower, sweet_pepper, table, tank, telephone, television, tiger, tractor, train, trout, tulip, turtle, wardrobe, whale, willow_tree, wolf, woman, worm",
  "disjoint": true,
  "task_count": 5,
  "classes_per_task": [
    20
  ],
  "task_split_indices": [
    [
      19,
      40,
      58,
      57,
      95,
      53,
      77,
      30,
      89,
      71,
      12,
      67,
      41,
      4,
      2,
      3,
      17,
      28,
      51,
      55
    ],
    [
      65,
      76,
      84,
      98,
      45,
      25,
      7,
      47,
      70,
      99,
      21,
      72,
      85,
      60,
      6,
      74,
      96,
      50,
      49,
      80
    ],
    [
      38,
      93,
      29,
      36,
      8,
      48,
      5,
      73,
      37,
      20,
      94,
      15,
      23,
      75,
      16,
      90,
      54,
      10,
      39,
      78
    ],
    [
      61,
      9,
      11,
      44,
      87,
      0,
      97,
      18,
      14,
      59,
      69,
      62,
      92,
      26,
      64,
      63,
      81,
      22,
      82,
      43
    ],
    [
      1,
      27,
      13,
      86,
      34,
      88,
      42,
      35,
      52,
      32,
      79,
      33,
      56,
      46,
      24,
      31,
      91,
      66,
      68,
      83
    ]
  ],
  "task_split_classes": [
    [
      "cattle",
      "lamp",
      "pickup_truck",
      "pear",
      "whale",
      "orange",
      "snail",
      "dolphin",
      "tractor",
      "sea",
      "bridge",
      "ray",
      "lawn_mower",
      "beaver",
      "baby",
      "bear",
      "castle",
      "cup",
      "mushroom",
      "otter"
    ],
    [
      "rabbit",
      "skyscraper",
      "table",
      "woman",
      "lobster",
      "couch",
      "beetle",
      "maple_tree",
      "rose",
      "worm",
      "chimpanzee",
      "seal",
      "tank",
      "plain",
      "bee",
      "shrew",
      "willow_tree",
      "mouse",
      "mountain",
      "squirrel"
    ],
    [
      "kangaroo",
      "turtle",
      "dinosaur",
      "hamster",
      "bicycle",
      "motorcycle",
      "bed",
      "shark",
      "house",
      "chair",
      "wardrobe",
      "camel",
      "cloud",
      "skunk",
      "can",
      "train",
      "orchid",
      "bowl",
      "keyboard",
      "snake"
    ],
    [
      "plate",
      "bottle",
      "boy",
      "lizard",
      "television",
      "apple",
      "wolf",
      "caterpillar",
      "butterfly",
      "pine_tree",
      "rocket",
      "poppy",
      "tulip",
      "crab",
      "possum",
      "porcupine",
      "streetcar",
      "clock",
      "sunflower",
      "lion"
    ],
    [
      "aquarium_fish",
      "crocodile",
      "bus",
      "telephone",
      "fox",
      "tiger",
      "leopard",
      "girl",
      "oak_tree",
      "flatfish",
      "spider",
      "forest",
      "palm_tree",
      "man",
      "cockroach",
      "elephant",
      "trout",
      "raccoon",
      "road",
      "sweet_pepper"
    ]
  ]
}
2023-02-11 10:34:57.630 | DEBUG    | __main__:run_experiment:282 - PID: 24660
2023-02-11 10:34:57.631 | INFO     | __main__:run_experiment:284 - Starting...
2023-02-11 10:34:57.632 | INFO     | algorithms.algorithm_base:train:116 - {
  "name": "algorithms.scr.SupervisedContrastiveReplay",
  "model_class": "models.scr.scr_resnet.SupConResNet",
  "device": "cuda:0",
  "dataset_class": "datasets.cifar100.CIFAR100",
  "optimiser_class": "torch.optim.sgd.SGD",
  "loss_criterion_class": "torch.nn.modules.loss.CrossEntropyLoss",
  "epochs_per_task": 1,
  "batch_size": 10,
  "max_memory_samples": 1000,
  "memory_batch_size": 100,
  "tau (temperature)": 0.07,
  "lr": 0.1
}
2023-02-11 10:34:57.634 | DEBUG    | algorithms.algorithm_base:_setup_training:109 - Model moved to cuda:0 and set to train mode
2023-02-11 10:34:57.635 | INFO     | algorithms.algorithm_base:train:118 - Starting training
2023-02-11 10:34:57.636 | INFO     | algorithms.scr:train:126 - Task 1 / 5
2023-02-11 10:34:57.636 | INFO     | algorithms.scr:train:127 - Classes in task: ['cattle', 'lamp', 'pickup_truck', 'pear', 'whale', 'orange', 'snail', 'dolphin', 'tractor', 'sea', 'bridge', 'ray', 'lawn_mower', 'beaver', 'baby', 'bear', 'castle', 'cup', 'mushroom', 'otter']
2023-02-11 10:34:57.638 | INFO     | algorithms.scr:train:134 - Starting epoch 1 / 1
2023-02-11 10:35:49.802 | INFO     | algorithms.scr:train:180 - 0:1:40, loss: 4.114
2023-02-11 10:35:59.431 | INFO     | algorithms.scr:train:180 - 0:1:80, loss: 5.210
2023-02-11 10:36:09.053 | INFO     | algorithms.scr:train:180 - 0:1:120, loss: 5.196
2023-02-11 10:36:18.690 | INFO     | algorithms.scr:train:180 - 0:1:160, loss: 5.174
2023-02-11 10:36:28.321 | INFO     | algorithms.scr:train:180 - 0:1:200, loss: 5.158
2023-02-11 10:36:38.220 | INFO     | algorithms.scr:train:180 - 0:1:240, loss: 5.151
2023-02-11 10:36:48.092 | INFO     | algorithms.scr:train:180 - 0:1:280, loss: 5.143
2023-02-11 10:36:57.956 | INFO     | algorithms.scr:train:180 - 0:1:320, loss: 5.118
2023-02-11 10:37:07.845 | INFO     | algorithms.scr:train:180 - 0:1:360, loss: 5.081
2023-02-11 10:37:17.747 | INFO     | algorithms.scr:train:180 - 0:1:400, loss: 5.081
2023-02-11 10:37:27.631 | INFO     | algorithms.scr:train:180 - 0:1:440, loss: 5.030
2023-02-11 10:37:37.536 | INFO     | algorithms.scr:train:180 - 0:1:480, loss: 5.022
2023-02-11 10:37:47.406 | INFO     | algorithms.scr:train:180 - 0:1:520, loss: 5.022
2023-02-11 10:37:57.287 | INFO     | algorithms.scr:train:180 - 0:1:560, loss: 4.987
2023-02-11 10:38:07.179 | INFO     | algorithms.scr:train:180 - 0:1:600, loss: 4.978
2023-02-11 10:38:17.065 | INFO     | algorithms.scr:train:180 - 0:1:640, loss: 4.967
2023-02-11 10:38:26.927 | INFO     | algorithms.scr:train:180 - 0:1:680, loss: 4.946
2023-02-11 10:38:36.822 | INFO     | algorithms.scr:train:180 - 0:1:720, loss: 4.947
2023-02-11 10:38:46.685 | INFO     | algorithms.scr:train:180 - 0:1:760, loss: 4.892
2023-02-11 10:38:56.584 | INFO     | algorithms.scr:train:180 - 0:1:800, loss: 4.889
2023-02-11 10:39:06.492 | INFO     | algorithms.scr:train:180 - 0:1:840, loss: 4.876
2023-02-11 10:39:16.500 | INFO     | algorithms.scr:train:180 - 0:1:880, loss: 4.807
2023-02-11 10:39:26.439 | INFO     | algorithms.scr:train:180 - 0:1:920, loss: 4.796
2023-02-11 10:39:36.329 | INFO     | algorithms.scr:train:180 - 0:1:960, loss: 4.801
2023-02-11 10:39:46.098 | DEBUG    | algorithms.scr:train:183 - Current sample stats:
2023-02-11 10:39:46.099 | DEBUG    | algorithms.scr:train:186 - 41 has 50 samples
2023-02-11 10:39:46.100 | DEBUG    | algorithms.scr:train:186 - 2 has 50 samples
2023-02-11 10:39:46.100 | DEBUG    | algorithms.scr:train:186 - 51 has 50 samples
2023-02-11 10:39:46.101 | DEBUG    | algorithms.scr:train:186 - 4 has 50 samples
2023-02-11 10:39:46.102 | DEBUG    | algorithms.scr:train:186 - 55 has 50 samples
2023-02-11 10:39:46.103 | DEBUG    | algorithms.scr:train:186 - 77 has 50 samples
2023-02-11 10:39:46.103 | DEBUG    | algorithms.scr:train:186 - 53 has 50 samples
2023-02-11 10:39:46.104 | DEBUG    | algorithms.scr:train:186 - 19 has 50 samples
2023-02-11 10:39:46.105 | DEBUG    | algorithms.scr:train:186 - 57 has 50 samples
2023-02-11 10:39:46.105 | DEBUG    | algorithms.scr:train:186 - 89 has 50 samples
2023-02-11 10:39:46.106 | DEBUG    | algorithms.scr:train:186 - 67 has 50 samples
2023-02-11 10:39:46.107 | DEBUG    | algorithms.scr:train:186 - 40 has 50 samples
2023-02-11 10:39:46.108 | DEBUG    | algorithms.scr:train:186 - 30 has 50 samples
2023-02-11 10:39:46.108 | DEBUG    | algorithms.scr:train:186 - 17 has 50 samples
2023-02-11 10:39:46.109 | DEBUG    | algorithms.scr:train:186 - 12 has 50 samples
2023-02-11 10:39:46.110 | DEBUG    | algorithms.scr:train:186 - 28 has 50 samples
2023-02-11 10:39:46.111 | DEBUG    | algorithms.scr:train:186 - 95 has 50 samples
2023-02-11 10:39:46.111 | DEBUG    | algorithms.scr:train:186 - 71 has 50 samples
2023-02-11 10:39:46.112 | DEBUG    | algorithms.scr:train:186 - 58 has 50 samples
2023-02-11 10:39:46.113 | DEBUG    | algorithms.scr:train:186 - 3 has 50 samples
2023-02-11 10:39:46.114 | INFO     | algorithms.scr:train:192 - 1, loss: 4.968
2023-02-11 10:39:46.114 | INFO     | algorithms.algorithm_base:run_base_task_metrics:144 - Running metrics: Task 0
2023-02-11 10:39:46.122 | INFO     | algorithms.scr:classify:209 - Generating fresh mean embedding vectors
2023-02-11 10:39:48.811 | DEBUG    | algorithms.scr:classify:231 - Generated mean embedding vectors for: dict_keys([41, 2, 51, 4, 55, 77, 53, 19, 57, 89, 67, 40, 30, 17, 12, 28, 95, 71, 58, 3])
2023-02-11 10:40:35.446 | DEBUG    | algorithms.algorithm_base:run_base_task_metrics:200 - Raw classification accuracy results saved to ./output_cifar100_varied_sampling/scr/1676111693.4523494_CIFAR100_OFFICIAL_RUN/task_0_accuracy_results.json
2023-02-11 10:40:35.447 | INFO     | algorithms.algorithm_base:run_base_task_metrics:201 - Correctly classified 850 / 10000 samples (8.50% correct)
2023-02-11 10:40:36.462 | INFO     | algorithms.scr:train:126 - Task 2 / 5
2023-02-11 10:40:36.468 | INFO     | algorithms.scr:train:127 - Classes in task: ['rabbit', 'skyscraper', 'table', 'woman', 'lobster', 'couch', 'beetle', 'maple_tree', 'rose', 'worm', 'chimpanzee', 'seal', 'tank', 'plain', 'bee', 'shrew', 'willow_tree', 'mouse', 'mountain', 'squirrel']
2023-02-11 10:40:36.468 | INFO     | algorithms.scr:train:134 - Starting epoch 1 / 1
2023-02-11 10:40:46.620 | INFO     | algorithms.scr:train:180 - 1:1:40, loss: 4.915
2023-02-11 10:40:56.532 | INFO     | algorithms.scr:train:180 - 1:1:80, loss: 4.823
2023-02-11 10:41:06.428 | INFO     | algorithms.scr:train:180 - 1:1:120, loss: 4.773
2023-02-11 10:41:16.332 | INFO     | algorithms.scr:train:180 - 1:1:160, loss: 4.730
2023-02-11 10:41:26.228 | INFO     | algorithms.scr:train:180 - 1:1:200, loss: 4.731
2023-02-11 10:41:36.181 | INFO     | algorithms.scr:train:180 - 1:1:240, loss: 4.716
2023-02-11 10:41:46.090 | INFO     | algorithms.scr:train:180 - 1:1:280, loss: 4.685
2023-02-11 10:41:55.987 | INFO     | algorithms.scr:train:180 - 1:1:320, loss: 4.672
2023-02-11 10:42:05.898 | INFO     | algorithms.scr:train:180 - 1:1:360, loss: 4.628
2023-02-11 10:42:15.818 | INFO     | algorithms.scr:train:180 - 1:1:400, loss: 4.614
2023-02-11 10:42:25.710 | INFO     | algorithms.scr:train:180 - 1:1:440, loss: 4.574
2023-02-11 10:42:35.597 | INFO     | algorithms.scr:train:180 - 1:1:480, loss: 4.585
2023-02-11 10:42:45.521 | INFO     | algorithms.scr:train:180 - 1:1:520, loss: 4.555
2023-02-11 10:42:55.427 | INFO     | algorithms.scr:train:180 - 1:1:560, loss: 4.494
2023-02-11 10:43:05.376 | INFO     | algorithms.scr:train:180 - 1:1:600, loss: 4.503
2023-02-11 10:43:15.281 | INFO     | algorithms.scr:train:180 - 1:1:640, loss: 4.471
2023-02-11 10:43:25.170 | INFO     | algorithms.scr:train:180 - 1:1:680, loss: 4.445
2023-02-11 10:43:35.073 | INFO     | algorithms.scr:train:180 - 1:1:720, loss: 4.415
2023-02-11 10:43:44.973 | INFO     | algorithms.scr:train:180 - 1:1:760, loss: 4.404
2023-02-11 10:43:54.883 | INFO     | algorithms.scr:train:180 - 1:1:800, loss: 4.381
2023-02-11 10:44:04.802 | INFO     | algorithms.scr:train:180 - 1:1:840, loss: 4.381
2023-02-11 10:44:14.697 | INFO     | algorithms.scr:train:180 - 1:1:880, loss: 4.387
2023-02-11 10:44:24.602 | INFO     | algorithms.scr:train:180 - 1:1:920, loss: 4.331
2023-02-11 10:44:34.505 | INFO     | algorithms.scr:train:180 - 1:1:960, loss: 4.295
2023-02-11 10:44:44.175 | DEBUG    | algorithms.scr:train:183 - Current sample stats:
2023-02-11 10:44:44.176 | DEBUG    | algorithms.scr:train:186 - 41 has 25 samples
2023-02-11 10:44:44.176 | DEBUG    | algorithms.scr:train:186 - 2 has 25 samples
2023-02-11 10:44:44.177 | DEBUG    | algorithms.scr:train:186 - 51 has 25 samples
2023-02-11 10:44:44.178 | DEBUG    | algorithms.scr:train:186 - 4 has 25 samples
2023-02-11 10:44:44.179 | DEBUG    | algorithms.scr:train:186 - 55 has 25 samples
2023-02-11 10:44:44.179 | DEBUG    | algorithms.scr:train:186 - 77 has 25 samples
2023-02-11 10:44:44.180 | DEBUG    | algorithms.scr:train:186 - 53 has 25 samples
2023-02-11 10:44:44.181 | DEBUG    | algorithms.scr:train:186 - 19 has 25 samples
2023-02-11 10:44:44.181 | DEBUG    | algorithms.scr:train:186 - 57 has 25 samples
2023-02-11 10:44:44.182 | DEBUG    | algorithms.scr:train:186 - 89 has 25 samples
2023-02-11 10:44:44.183 | DEBUG    | algorithms.scr:train:186 - 67 has 25 samples
2023-02-11 10:44:44.184 | DEBUG    | algorithms.scr:train:186 - 40 has 25 samples
2023-02-11 10:44:44.184 | DEBUG    | algorithms.scr:train:186 - 30 has 25 samples
2023-02-11 10:44:44.185 | DEBUG    | algorithms.scr:train:186 - 17 has 25 samples
2023-02-11 10:44:44.186 | DEBUG    | algorithms.scr:train:186 - 12 has 25 samples
2023-02-11 10:44:44.186 | DEBUG    | algorithms.scr:train:186 - 28 has 25 samples
2023-02-11 10:44:44.187 | DEBUG    | algorithms.scr:train:186 - 95 has 25 samples
2023-02-11 10:44:44.188 | DEBUG    | algorithms.scr:train:186 - 71 has 25 samples
2023-02-11 10:44:44.189 | DEBUG    | algorithms.scr:train:186 - 58 has 25 samples
2023-02-11 10:44:44.190 | DEBUG    | algorithms.scr:train:186 - 3 has 25 samples
2023-02-11 10:44:44.190 | DEBUG    | algorithms.scr:train:186 - 47 has 25 samples
2023-02-11 10:44:44.191 | DEBUG    | algorithms.scr:train:186 - 25 has 25 samples
2023-02-11 10:44:44.192 | DEBUG    | algorithms.scr:train:186 - 74 has 25 samples
2023-02-11 10:44:44.192 | DEBUG    | algorithms.scr:train:186 - 76 has 25 samples
2023-02-11 10:44:44.193 | DEBUG    | algorithms.scr:train:186 - 99 has 25 samples
2023-02-11 10:44:44.194 | DEBUG    | algorithms.scr:train:186 - 6 has 25 samples
2023-02-11 10:44:44.195 | DEBUG    | algorithms.scr:train:186 - 80 has 25 samples
2023-02-11 10:44:44.195 | DEBUG    | algorithms.scr:train:186 - 49 has 25 samples
2023-02-11 10:44:44.196 | DEBUG    | algorithms.scr:train:186 - 21 has 25 samples
2023-02-11 10:44:44.197 | DEBUG    | algorithms.scr:train:186 - 96 has 25 samples
2023-02-11 10:44:44.197 | DEBUG    | algorithms.scr:train:186 - 85 has 25 samples
2023-02-11 10:44:44.198 | DEBUG    | algorithms.scr:train:186 - 65 has 25 samples
2023-02-11 10:44:44.199 | DEBUG    | algorithms.scr:train:186 - 50 has 25 samples
2023-02-11 10:44:44.200 | DEBUG    | algorithms.scr:train:186 - 70 has 25 samples
2023-02-11 10:44:44.200 | DEBUG    | algorithms.scr:train:186 - 7 has 25 samples
2023-02-11 10:44:44.201 | DEBUG    | algorithms.scr:train:186 - 98 has 25 samples
2023-02-11 10:44:44.202 | DEBUG    | algorithms.scr:train:186 - 84 has 25 samples
2023-02-11 10:44:44.203 | DEBUG    | algorithms.scr:train:186 - 60 has 25 samples
2023-02-11 10:44:44.203 | DEBUG    | algorithms.scr:train:186 - 72 has 25 samples
2023-02-11 10:44:44.204 | DEBUG    | algorithms.scr:train:186 - 45 has 25 samples
2023-02-11 10:44:44.205 | INFO     | algorithms.scr:train:192 - 1, loss: 4.552
2023-02-11 10:44:44.206 | INFO     | algorithms.algorithm_base:run_base_task_metrics:144 - Running metrics: Task 1
2023-02-11 10:44:44.213 | INFO     | algorithms.scr:classify:209 - Generating fresh mean embedding vectors
2023-02-11 10:44:46.734 | DEBUG    | algorithms.scr:classify:231 - Generated mean embedding vectors for: dict_keys([41, 2, 51, 4, 55, 77, 53, 19, 57, 89, 67, 40, 30, 17, 12, 28, 95, 71, 58, 3, 47, 25, 74, 76, 99, 6, 80, 49, 21, 96, 85, 65, 50, 70, 7, 98, 84, 60, 72, 45])
2023-02-11 10:45:53.215 | DEBUG    | algorithms.algorithm_base:run_base_task_metrics:200 - Raw classification accuracy results saved to ./output_cifar100_varied_sampling/scr/1676111693.4523494_CIFAR100_OFFICIAL_RUN/task_1_accuracy_results.json
2023-02-11 10:45:53.217 | INFO     | algorithms.algorithm_base:run_base_task_metrics:201 - Correctly classified 1458 / 10000 samples (14.58% correct)
2023-02-11 10:45:53.592 | INFO     | algorithms.scr:train:126 - Task 3 / 5
2023-02-11 10:45:53.598 | INFO     | algorithms.scr:train:127 - Classes in task: ['kangaroo', 'turtle', 'dinosaur', 'hamster', 'bicycle', 'motorcycle', 'bed', 'shark', 'house', 'chair', 'wardrobe', 'camel', 'cloud', 'skunk', 'can', 'train', 'orchid', 'bowl', 'keyboard', 'snake']
2023-02-11 10:45:53.599 | INFO     | algorithms.scr:train:134 - Starting epoch 1 / 1
2023-02-11 10:46:03.761 | INFO     | algorithms.scr:train:180 - 2:1:40, loss: 4.357
2023-02-11 10:46:13.651 | INFO     | algorithms.scr:train:180 - 2:1:80, loss: 4.247
2023-02-11 10:46:23.540 | INFO     | algorithms.scr:train:180 - 2:1:120, loss: 4.229
2023-02-11 10:46:33.416 | INFO     | algorithms.scr:train:180 - 2:1:160, loss: 4.201
2023-02-11 10:46:43.320 | INFO     | algorithms.scr:train:180 - 2:1:200, loss: 4.146
2023-02-11 10:46:53.249 | INFO     | algorithms.scr:train:180 - 2:1:240, loss: 4.158
2023-02-11 10:47:03.128 | INFO     | algorithms.scr:train:180 - 2:1:280, loss: 4.098
2023-02-11 10:47:13.014 | INFO     | algorithms.scr:train:180 - 2:1:320, loss: 4.033
2023-02-11 10:47:22.891 | INFO     | algorithms.scr:train:180 - 2:1:360, loss: 4.047
2023-02-11 10:47:32.799 | INFO     | algorithms.scr:train:180 - 2:1:400, loss: 4.025
2023-02-11 10:47:42.681 | INFO     | algorithms.scr:train:180 - 2:1:440, loss: 3.939
2023-02-11 10:47:52.559 | INFO     | algorithms.scr:train:180 - 2:1:480, loss: 4.008
2023-02-11 10:48:02.443 | INFO     | algorithms.scr:train:180 - 2:1:520, loss: 3.941
2023-02-11 10:48:12.327 | INFO     | algorithms.scr:train:180 - 2:1:560, loss: 3.926
2023-02-11 10:48:22.216 | INFO     | algorithms.scr:train:180 - 2:1:600, loss: 3.895
2023-02-11 10:48:32.144 | INFO     | algorithms.scr:train:180 - 2:1:640, loss: 3.964
2023-02-11 10:48:42.011 | INFO     | algorithms.scr:train:180 - 2:1:680, loss: 3.898
2023-02-11 10:48:51.913 | INFO     | algorithms.scr:train:180 - 2:1:720, loss: 3.863
2023-02-11 10:49:01.793 | INFO     | algorithms.scr:train:180 - 2:1:760, loss: 3.842
2023-02-11 10:49:11.719 | INFO     | algorithms.scr:train:180 - 2:1:800, loss: 3.794
2023-02-11 10:49:21.620 | INFO     | algorithms.scr:train:180 - 2:1:840, loss: 3.773
2023-02-11 10:49:31.520 | INFO     | algorithms.scr:train:180 - 2:1:880, loss: 3.827
2023-02-11 10:49:41.399 | INFO     | algorithms.scr:train:180 - 2:1:920, loss: 3.774
2023-02-11 10:49:51.299 | INFO     | algorithms.scr:train:180 - 2:1:960, loss: 3.761
2023-02-11 10:50:00.936 | DEBUG    | algorithms.scr:train:183 - Current sample stats:
2023-02-11 10:50:00.936 | DEBUG    | algorithms.scr:train:186 - 41 has 16 samples
2023-02-11 10:50:00.937 | DEBUG    | algorithms.scr:train:186 - 2 has 16 samples
2023-02-11 10:50:00.938 | DEBUG    | algorithms.scr:train:186 - 51 has 16 samples
2023-02-11 10:50:00.939 | DEBUG    | algorithms.scr:train:186 - 4 has 16 samples
2023-02-11 10:50:00.939 | DEBUG    | algorithms.scr:train:186 - 55 has 16 samples
2023-02-11 10:50:00.940 | DEBUG    | algorithms.scr:train:186 - 77 has 16 samples
2023-02-11 10:50:00.941 | DEBUG    | algorithms.scr:train:186 - 53 has 16 samples
2023-02-11 10:50:00.942 | DEBUG    | algorithms.scr:train:186 - 19 has 16 samples
2023-02-11 10:50:00.942 | DEBUG    | algorithms.scr:train:186 - 57 has 16 samples
2023-02-11 10:50:00.943 | DEBUG    | algorithms.scr:train:186 - 89 has 16 samples
2023-02-11 10:50:00.944 | DEBUG    | algorithms.scr:train:186 - 67 has 16 samples
2023-02-11 10:50:00.944 | DEBUG    | algorithms.scr:train:186 - 40 has 16 samples
2023-02-11 10:50:00.945 | DEBUG    | algorithms.scr:train:186 - 30 has 16 samples
2023-02-11 10:50:00.946 | DEBUG    | algorithms.scr:train:186 - 17 has 16 samples
2023-02-11 10:50:00.947 | DEBUG    | algorithms.scr:train:186 - 12 has 16 samples
2023-02-11 10:50:00.947 | DEBUG    | algorithms.scr:train:186 - 28 has 16 samples
2023-02-11 10:50:00.948 | DEBUG    | algorithms.scr:train:186 - 95 has 16 samples
2023-02-11 10:50:00.949 | DEBUG    | algorithms.scr:train:186 - 71 has 16 samples
2023-02-11 10:50:00.949 | DEBUG    | algorithms.scr:train:186 - 58 has 16 samples
2023-02-11 10:50:00.950 | DEBUG    | algorithms.scr:train:186 - 3 has 16 samples
2023-02-11 10:50:00.951 | DEBUG    | algorithms.scr:train:186 - 47 has 17 samples
2023-02-11 10:50:00.952 | DEBUG    | algorithms.scr:train:186 - 25 has 17 samples
2023-02-11 10:50:00.952 | DEBUG    | algorithms.scr:train:186 - 74 has 17 samples
2023-02-11 10:50:00.953 | DEBUG    | algorithms.scr:train:186 - 76 has 17 samples
2023-02-11 10:50:00.954 | DEBUG    | algorithms.scr:train:186 - 99 has 17 samples
2023-02-11 10:50:00.955 | DEBUG    | algorithms.scr:train:186 - 6 has 17 samples
2023-02-11 10:50:00.955 | DEBUG    | algorithms.scr:train:186 - 80 has 17 samples
2023-02-11 10:50:00.956 | DEBUG    | algorithms.scr:train:186 - 49 has 17 samples
2023-02-11 10:50:00.957 | DEBUG    | algorithms.scr:train:186 - 21 has 17 samples
2023-02-11 10:50:00.958 | DEBUG    | algorithms.scr:train:186 - 96 has 17 samples
2023-02-11 10:50:00.958 | DEBUG    | algorithms.scr:train:186 - 85 has 17 samples
2023-02-11 10:50:00.959 | DEBUG    | algorithms.scr:train:186 - 65 has 17 samples
2023-02-11 10:50:00.960 | DEBUG    | algorithms.scr:train:186 - 50 has 17 samples
2023-02-11 10:50:00.960 | DEBUG    | algorithms.scr:train:186 - 70 has 17 samples
2023-02-11 10:50:00.961 | DEBUG    | algorithms.scr:train:186 - 7 has 17 samples
2023-02-11 10:50:00.962 | DEBUG    | algorithms.scr:train:186 - 98 has 17 samples
2023-02-11 10:50:00.963 | DEBUG    | algorithms.scr:train:186 - 84 has 17 samples
2023-02-11 10:50:00.963 | DEBUG    | algorithms.scr:train:186 - 60 has 17 samples
2023-02-11 10:50:00.964 | DEBUG    | algorithms.scr:train:186 - 72 has 17 samples
2023-02-11 10:50:00.965 | DEBUG    | algorithms.scr:train:186 - 45 has 17 samples
2023-02-11 10:50:00.966 | DEBUG    | algorithms.scr:train:186 - 78 has 17 samples
2023-02-11 10:50:00.966 | DEBUG    | algorithms.scr:train:186 - 8 has 17 samples
2023-02-11 10:50:00.967 | DEBUG    | algorithms.scr:train:186 - 54 has 17 samples
2023-02-11 10:50:00.968 | DEBUG    | algorithms.scr:train:186 - 94 has 17 samples
2023-02-11 10:50:00.969 | DEBUG    | algorithms.scr:train:186 - 16 has 17 samples
2023-02-11 10:50:00.970 | DEBUG    | algorithms.scr:train:186 - 38 has 17 samples
2023-02-11 10:50:00.971 | DEBUG    | algorithms.scr:train:186 - 20 has 17 samples
2023-02-11 10:50:00.971 | DEBUG    | algorithms.scr:train:186 - 36 has 17 samples
2023-02-11 10:50:00.972 | DEBUG    | algorithms.scr:train:186 - 5 has 17 samples
2023-02-11 10:50:00.973 | DEBUG    | algorithms.scr:train:186 - 10 has 17 samples
2023-02-11 10:50:00.974 | DEBUG    | algorithms.scr:train:186 - 73 has 17 samples
2023-02-11 10:50:00.975 | DEBUG    | algorithms.scr:train:186 - 75 has 17 samples
2023-02-11 10:50:00.975 | DEBUG    | algorithms.scr:train:186 - 29 has 17 samples
2023-02-11 10:50:00.976 | DEBUG    | algorithms.scr:train:186 - 37 has 17 samples
2023-02-11 10:50:00.977 | DEBUG    | algorithms.scr:train:186 - 48 has 17 samples
2023-02-11 10:50:00.978 | DEBUG    | algorithms.scr:train:186 - 23 has 17 samples
2023-02-11 10:50:00.978 | DEBUG    | algorithms.scr:train:186 - 15 has 17 samples
2023-02-11 10:50:00.979 | DEBUG    | algorithms.scr:train:186 - 39 has 17 samples
2023-02-11 10:50:00.980 | DEBUG    | algorithms.scr:train:186 - 93 has 17 samples
2023-02-11 10:50:00.981 | DEBUG    | algorithms.scr:train:186 - 90 has 17 samples
2023-02-11 10:50:00.982 | INFO     | algorithms.scr:train:192 - 1, loss: 3.981
2023-02-11 10:50:00.982 | INFO     | algorithms.algorithm_base:run_base_task_metrics:144 - Running metrics: Task 2
2023-02-11 10:50:00.990 | INFO     | algorithms.scr:classify:209 - Generating fresh mean embedding vectors
2023-02-11 10:50:03.571 | DEBUG    | algorithms.scr:classify:231 - Generated mean embedding vectors for: dict_keys([41, 2, 51, 4, 55, 77, 53, 19, 57, 89, 67, 40, 30, 17, 12, 28, 95, 71, 58, 3, 47, 25, 74, 76, 99, 6, 80, 49, 21, 96, 85, 65, 50, 70, 7, 98, 84, 60, 72, 45, 78, 8, 54, 94, 16, 38, 20, 36, 5, 10, 73, 75, 29, 37, 48, 23, 15, 39, 93, 90])
2023-02-11 10:51:28.385 | DEBUG    | algorithms.algorithm_base:run_base_task_metrics:200 - Raw classification accuracy results saved to ./output_cifar100_varied_sampling/scr/1676111693.4523494_CIFAR100_OFFICIAL_RUN/task_2_accuracy_results.json
2023-02-11 10:51:28.387 | INFO     | algorithms.algorithm_base:run_base_task_metrics:201 - Correctly classified 1903 / 10000 samples (19.03% correct)
2023-02-11 10:51:28.806 | INFO     | algorithms.scr:train:126 - Task 4 / 5
2023-02-11 10:51:28.813 | INFO     | algorithms.scr:train:127 - Classes in task: ['plate', 'bottle', 'boy', 'lizard', 'television', 'apple', 'wolf', 'caterpillar', 'butterfly', 'pine_tree', 'rocket', 'poppy', 'tulip', 'crab', 'possum', 'porcupine', 'streetcar', 'clock', 'sunflower', 'lion']
2023-02-11 10:51:28.814 | INFO     | algorithms.scr:train:134 - Starting epoch 1 / 1
2023-02-11 10:51:39.074 | INFO     | algorithms.scr:train:180 - 3:1:40, loss: 3.751
2023-02-11 10:51:49.076 | INFO     | algorithms.scr:train:180 - 3:1:80, loss: 3.683
2023-02-11 10:51:59.052 | INFO     | algorithms.scr:train:180 - 3:1:120, loss: 3.692
2023-02-11 10:52:09.054 | INFO     | algorithms.scr:train:180 - 3:1:160, loss: 3.649
2023-02-11 10:52:19.069 | INFO     | algorithms.scr:train:180 - 3:1:200, loss: 3.591
2023-02-11 10:52:29.073 | INFO     | algorithms.scr:train:180 - 3:1:240, loss: 3.585
2023-02-11 10:52:39.073 | INFO     | algorithms.scr:train:180 - 3:1:280, loss: 3.542
2023-02-11 10:52:49.050 | INFO     | algorithms.scr:train:180 - 3:1:320, loss: 3.495
2023-02-11 10:52:58.951 | INFO     | algorithms.scr:train:180 - 3:1:360, loss: 3.521
2023-02-11 10:53:08.848 | INFO     | algorithms.scr:train:180 - 3:1:400, loss: 3.499
2023-02-11 10:53:18.772 | INFO     | algorithms.scr:train:180 - 3:1:440, loss: 3.477
2023-02-11 10:53:28.655 | INFO     | algorithms.scr:train:180 - 3:1:480, loss: 3.445
2023-02-11 10:53:38.566 | INFO     | algorithms.scr:train:180 - 3:1:520, loss: 3.421
2023-02-11 10:53:48.442 | INFO     | algorithms.scr:train:180 - 3:1:560, loss: 3.389
2023-02-11 10:53:58.314 | INFO     | algorithms.scr:train:180 - 3:1:600, loss: 3.393
2023-02-11 10:54:08.224 | INFO     | algorithms.scr:train:180 - 3:1:640, loss: 3.345
2023-02-11 10:54:18.117 | INFO     | algorithms.scr:train:180 - 3:1:680, loss: 3.374
2023-02-11 10:54:28.008 | INFO     | algorithms.scr:train:180 - 3:1:720, loss: 3.322
2023-02-11 10:54:37.886 | INFO     | algorithms.scr:train:180 - 3:1:760, loss: 3.340
2023-02-11 10:54:47.779 | INFO     | algorithms.scr:train:180 - 3:1:800, loss: 3.265
2023-02-11 10:54:57.683 | INFO     | algorithms.scr:train:180 - 3:1:840, loss: 3.312
2023-02-11 10:55:07.573 | INFO     | algorithms.scr:train:180 - 3:1:880, loss: 3.290
2023-02-11 10:55:17.452 | INFO     | algorithms.scr:train:180 - 3:1:920, loss: 3.224
2023-02-11 10:55:27.317 | INFO     | algorithms.scr:train:180 - 3:1:960, loss: 3.296
2023-02-11 10:55:36.973 | DEBUG    | algorithms.scr:train:183 - Current sample stats:
2023-02-11 10:55:36.974 | DEBUG    | algorithms.scr:train:186 - 41 has 12 samples
2023-02-11 10:55:36.975 | DEBUG    | algorithms.scr:train:186 - 2 has 12 samples
2023-02-11 10:55:36.976 | DEBUG    | algorithms.scr:train:186 - 51 has 12 samples
2023-02-11 10:55:36.976 | DEBUG    | algorithms.scr:train:186 - 4 has 12 samples
2023-02-11 10:55:36.977 | DEBUG    | algorithms.scr:train:186 - 55 has 12 samples
2023-02-11 10:55:36.978 | DEBUG    | algorithms.scr:train:186 - 77 has 12 samples
2023-02-11 10:55:36.978 | DEBUG    | algorithms.scr:train:186 - 53 has 12 samples
2023-02-11 10:55:36.979 | DEBUG    | algorithms.scr:train:186 - 19 has 12 samples
2023-02-11 10:55:36.980 | DEBUG    | algorithms.scr:train:186 - 57 has 12 samples
2023-02-11 10:55:36.981 | DEBUG    | algorithms.scr:train:186 - 89 has 12 samples
2023-02-11 10:55:36.981 | DEBUG    | algorithms.scr:train:186 - 67 has 12 samples
2023-02-11 10:55:36.982 | DEBUG    | algorithms.scr:train:186 - 40 has 12 samples
2023-02-11 10:55:36.983 | DEBUG    | algorithms.scr:train:186 - 30 has 12 samples
2023-02-11 10:55:36.983 | DEBUG    | algorithms.scr:train:186 - 17 has 12 samples
2023-02-11 10:55:36.984 | DEBUG    | algorithms.scr:train:186 - 12 has 12 samples
2023-02-11 10:55:36.985 | DEBUG    | algorithms.scr:train:186 - 28 has 12 samples
2023-02-11 10:55:36.986 | DEBUG    | algorithms.scr:train:186 - 95 has 12 samples
2023-02-11 10:55:36.986 | DEBUG    | algorithms.scr:train:186 - 71 has 12 samples
2023-02-11 10:55:36.987 | DEBUG    | algorithms.scr:train:186 - 58 has 12 samples
2023-02-11 10:55:36.988 | DEBUG    | algorithms.scr:train:186 - 3 has 12 samples
2023-02-11 10:55:36.988 | DEBUG    | algorithms.scr:train:186 - 47 has 12 samples
2023-02-11 10:55:36.989 | DEBUG    | algorithms.scr:train:186 - 25 has 12 samples
2023-02-11 10:55:36.990 | DEBUG    | algorithms.scr:train:186 - 74 has 12 samples
2023-02-11 10:55:36.991 | DEBUG    | algorithms.scr:train:186 - 76 has 12 samples
2023-02-11 10:55:36.991 | DEBUG    | algorithms.scr:train:186 - 99 has 12 samples
2023-02-11 10:55:36.992 | DEBUG    | algorithms.scr:train:186 - 6 has 12 samples
2023-02-11 10:55:36.993 | DEBUG    | algorithms.scr:train:186 - 80 has 12 samples
2023-02-11 10:55:36.994 | DEBUG    | algorithms.scr:train:186 - 49 has 12 samples
2023-02-11 10:55:36.994 | DEBUG    | algorithms.scr:train:186 - 21 has 12 samples
2023-02-11 10:55:36.995 | DEBUG    | algorithms.scr:train:186 - 96 has 12 samples
2023-02-11 10:55:36.996 | DEBUG    | algorithms.scr:train:186 - 85 has 12 samples
2023-02-11 10:55:36.996 | DEBUG    | algorithms.scr:train:186 - 65 has 12 samples
2023-02-11 10:55:36.997 | DEBUG    | algorithms.scr:train:186 - 50 has 12 samples
2023-02-11 10:55:36.998 | DEBUG    | algorithms.scr:train:186 - 70 has 12 samples
2023-02-11 10:55:36.999 | DEBUG    | algorithms.scr:train:186 - 7 has 12 samples
2023-02-11 10:55:36.999 | DEBUG    | algorithms.scr:train:186 - 98 has 12 samples
2023-02-11 10:55:37.000 | DEBUG    | algorithms.scr:train:186 - 84 has 12 samples
2023-02-11 10:55:37.001 | DEBUG    | algorithms.scr:train:186 - 60 has 12 samples
2023-02-11 10:55:37.002 | DEBUG    | algorithms.scr:train:186 - 72 has 12 samples
2023-02-11 10:55:37.002 | DEBUG    | algorithms.scr:train:186 - 45 has 12 samples
2023-02-11 10:55:37.003 | DEBUG    | algorithms.scr:train:186 - 78 has 13 samples
2023-02-11 10:55:37.004 | DEBUG    | algorithms.scr:train:186 - 8 has 13 samples
2023-02-11 10:55:37.005 | DEBUG    | algorithms.scr:train:186 - 54 has 13 samples
2023-02-11 10:55:37.005 | DEBUG    | algorithms.scr:train:186 - 94 has 13 samples
2023-02-11 10:55:37.006 | DEBUG    | algorithms.scr:train:186 - 16 has 13 samples
2023-02-11 10:55:37.008 | DEBUG    | algorithms.scr:train:186 - 38 has 13 samples
2023-02-11 10:55:37.008 | DEBUG    | algorithms.scr:train:186 - 20 has 13 samples
2023-02-11 10:55:37.009 | DEBUG    | algorithms.scr:train:186 - 36 has 13 samples
2023-02-11 10:55:37.010 | DEBUG    | algorithms.scr:train:186 - 5 has 13 samples
2023-02-11 10:55:37.011 | DEBUG    | algorithms.scr:train:186 - 10 has 13 samples
2023-02-11 10:55:37.012 | DEBUG    | algorithms.scr:train:186 - 73 has 13 samples
2023-02-11 10:55:37.012 | DEBUG    | algorithms.scr:train:186 - 75 has 13 samples
2023-02-11 10:55:37.013 | DEBUG    | algorithms.scr:train:186 - 29 has 13 samples
2023-02-11 10:55:37.015 | DEBUG    | algorithms.scr:train:186 - 37 has 13 samples
2023-02-11 10:55:37.015 | DEBUG    | algorithms.scr:train:186 - 48 has 13 samples
2023-02-11 10:55:37.016 | DEBUG    | algorithms.scr:train:186 - 23 has 13 samples
2023-02-11 10:55:37.017 | DEBUG    | algorithms.scr:train:186 - 15 has 13 samples
2023-02-11 10:55:37.018 | DEBUG    | algorithms.scr:train:186 - 39 has 13 samples
2023-02-11 10:55:37.019 | DEBUG    | algorithms.scr:train:186 - 93 has 13 samples
2023-02-11 10:55:37.020 | DEBUG    | algorithms.scr:train:186 - 90 has 13 samples
2023-02-11 10:55:37.021 | DEBUG    | algorithms.scr:train:186 - 97 has 13 samples
2023-02-11 10:55:37.021 | DEBUG    | algorithms.scr:train:186 - 62 has 13 samples
2023-02-11 10:55:37.022 | DEBUG    | algorithms.scr:train:186 - 43 has 13 samples
2023-02-11 10:55:37.023 | DEBUG    | algorithms.scr:train:186 - 9 has 13 samples
2023-02-11 10:55:37.024 | DEBUG    | algorithms.scr:train:186 - 22 has 13 samples
2023-02-11 10:55:37.024 | DEBUG    | algorithms.scr:train:186 - 61 has 13 samples
2023-02-11 10:55:37.025 | DEBUG    | algorithms.scr:train:186 - 87 has 13 samples
2023-02-11 10:55:37.026 | DEBUG    | algorithms.scr:train:186 - 59 has 13 samples
2023-02-11 10:55:37.027 | DEBUG    | algorithms.scr:train:186 - 11 has 13 samples
2023-02-11 10:55:37.027 | DEBUG    | algorithms.scr:train:186 - 69 has 13 samples
2023-02-11 10:55:37.028 | DEBUG    | algorithms.scr:train:186 - 81 has 13 samples
2023-02-11 10:55:37.029 | DEBUG    | algorithms.scr:train:186 - 0 has 13 samples
2023-02-11 10:55:37.030 | DEBUG    | algorithms.scr:train:186 - 82 has 13 samples
2023-02-11 10:55:37.031 | DEBUG    | algorithms.scr:train:186 - 14 has 13 samples
2023-02-11 10:55:37.032 | DEBUG    | algorithms.scr:train:186 - 44 has 13 samples
2023-02-11 10:55:37.033 | DEBUG    | algorithms.scr:train:186 - 92 has 13 samples
2023-02-11 10:55:37.033 | DEBUG    | algorithms.scr:train:186 - 18 has 13 samples
2023-02-11 10:55:37.034 | DEBUG    | algorithms.scr:train:186 - 64 has 13 samples
2023-02-11 10:55:37.035 | DEBUG    | algorithms.scr:train:186 - 63 has 13 samples
2023-02-11 10:55:37.036 | DEBUG    | algorithms.scr:train:186 - 26 has 13 samples
2023-02-11 10:55:37.036 | INFO     | algorithms.scr:train:192 - 1, loss: 3.443
2023-02-11 10:55:37.037 | INFO     | algorithms.algorithm_base:run_base_task_metrics:144 - Running metrics: Task 3
2023-02-11 10:55:37.044 | INFO     | algorithms.scr:classify:209 - Generating fresh mean embedding vectors
2023-02-11 10:55:39.607 | DEBUG    | algorithms.scr:classify:231 - Generated mean embedding vectors for: dict_keys([41, 2, 51, 4, 55, 77, 53, 19, 57, 89, 67, 40, 30, 17, 12, 28, 95, 71, 58, 3, 47, 25, 74, 76, 99, 6, 80, 49, 21, 96, 85, 65, 50, 70, 7, 98, 84, 60, 72, 45, 78, 8, 54, 94, 16, 38, 20, 36, 5, 10, 73, 75, 29, 37, 48, 23, 15, 39, 93, 90, 97, 62, 43, 9, 22, 61, 87, 59, 11, 69, 81, 0, 82, 14, 44, 92, 18, 64, 63, 26])
2023-02-11 10:57:24.783 | DEBUG    | algorithms.algorithm_base:run_base_task_metrics:200 - Raw classification accuracy results saved to ./output_cifar100_varied_sampling/scr/1676111693.4523494_CIFAR100_OFFICIAL_RUN/task_3_accuracy_results.json
2023-02-11 10:57:24.785 | INFO     | algorithms.algorithm_base:run_base_task_metrics:201 - Correctly classified 2072 / 10000 samples (20.72% correct)
2023-02-11 10:57:25.194 | INFO     | algorithms.scr:train:126 - Task 5 / 5
2023-02-11 10:57:25.201 | INFO     | algorithms.scr:train:127 - Classes in task: ['aquarium_fish', 'crocodile', 'bus', 'telephone', 'fox', 'tiger', 'leopard', 'girl', 'oak_tree', 'flatfish', 'spider', 'forest', 'palm_tree', 'man', 'cockroach', 'elephant', 'trout', 'raccoon', 'road', 'sweet_pepper']
2023-02-11 10:57:25.201 | INFO     | algorithms.scr:train:134 - Starting epoch 1 / 1
2023-02-11 10:57:35.341 | INFO     | algorithms.scr:train:180 - 4:1:40, loss: 3.208
2023-02-11 10:57:45.233 | INFO     | algorithms.scr:train:180 - 4:1:80, loss: 3.184
2023-02-11 10:57:55.103 | INFO     | algorithms.scr:train:180 - 4:1:120, loss: 3.183
2023-02-11 10:58:04.980 | INFO     | algorithms.scr:train:180 - 4:1:160, loss: 3.114
2023-02-11 10:58:14.871 | INFO     | algorithms.scr:train:180 - 4:1:200, loss: 3.086
2023-02-11 10:58:24.761 | INFO     | algorithms.scr:train:180 - 4:1:240, loss: 3.126
2023-02-11 10:58:34.676 | INFO     | algorithms.scr:train:180 - 4:1:280, loss: 3.082
2023-02-11 10:58:44.543 | INFO     | algorithms.scr:train:180 - 4:1:320, loss: 3.049
2023-02-11 10:58:54.424 | INFO     | algorithms.scr:train:180 - 4:1:360, loss: 3.052
2023-02-11 10:59:04.316 | INFO     | algorithms.scr:train:180 - 4:1:400, loss: 3.072
2023-02-11 10:59:14.194 | INFO     | algorithms.scr:train:180 - 4:1:440, loss: 2.993
2023-02-11 10:59:24.099 | INFO     | algorithms.scr:train:180 - 4:1:480, loss: 3.018
2023-02-11 10:59:33.972 | INFO     | algorithms.scr:train:180 - 4:1:520, loss: 3.005
2023-02-11 10:59:43.837 | INFO     | algorithms.scr:train:180 - 4:1:560, loss: 2.979
2023-02-11 10:59:53.715 | INFO     | algorithms.scr:train:180 - 4:1:600, loss: 2.955
2023-02-11 11:00:03.589 | INFO     | algorithms.scr:train:180 - 4:1:640, loss: 2.909
2023-02-11 11:00:13.457 | INFO     | algorithms.scr:train:180 - 4:1:680, loss: 2.927
2023-02-11 11:00:23.361 | INFO     | algorithms.scr:train:180 - 4:1:720, loss: 2.936
2023-02-11 11:00:33.245 | INFO     | algorithms.scr:train:180 - 4:1:760, loss: 2.991
2023-02-11 11:00:43.120 | INFO     | algorithms.scr:train:180 - 4:1:800, loss: 2.933
2023-02-11 11:00:52.991 | INFO     | algorithms.scr:train:180 - 4:1:840, loss: 2.906
2023-02-11 11:01:02.899 | INFO     | algorithms.scr:train:180 - 4:1:880, loss: 2.839
2023-02-11 11:01:07.091 | WARNING  | algorithms.buffers:add_sample:62 - Duplicate hash: 256248059848733173
2023-02-11 11:01:12.782 | INFO     | algorithms.scr:train:180 - 4:1:920, loss: 2.862
2023-02-11 11:01:22.654 | INFO     | algorithms.scr:train:180 - 4:1:960, loss: 2.813
2023-02-11 11:01:32.291 | DEBUG    | algorithms.scr:train:183 - Current sample stats:
2023-02-11 11:01:32.292 | DEBUG    | algorithms.scr:train:186 - 41 has 10 samples
2023-02-11 11:01:32.292 | DEBUG    | algorithms.scr:train:186 - 2 has 10 samples
2023-02-11 11:01:32.293 | DEBUG    | algorithms.scr:train:186 - 51 has 10 samples
2023-02-11 11:01:32.294 | DEBUG    | algorithms.scr:train:186 - 4 has 10 samples
2023-02-11 11:01:32.294 | DEBUG    | algorithms.scr:train:186 - 55 has 10 samples
2023-02-11 11:01:32.295 | DEBUG    | algorithms.scr:train:186 - 77 has 10 samples
2023-02-11 11:01:32.296 | DEBUG    | algorithms.scr:train:186 - 53 has 10 samples
2023-02-11 11:01:32.297 | DEBUG    | algorithms.scr:train:186 - 19 has 10 samples
2023-02-11 11:01:32.297 | DEBUG    | algorithms.scr:train:186 - 57 has 10 samples
2023-02-11 11:01:32.298 | DEBUG    | algorithms.scr:train:186 - 89 has 10 samples
2023-02-11 11:01:32.299 | DEBUG    | algorithms.scr:train:186 - 67 has 10 samples
2023-02-11 11:01:32.300 | DEBUG    | algorithms.scr:train:186 - 40 has 10 samples
2023-02-11 11:01:32.300 | DEBUG    | algorithms.scr:train:186 - 30 has 10 samples
2023-02-11 11:01:32.301 | DEBUG    | algorithms.scr:train:186 - 17 has 10 samples
2023-02-11 11:01:32.302 | DEBUG    | algorithms.scr:train:186 - 12 has 10 samples
2023-02-11 11:01:32.302 | DEBUG    | algorithms.scr:train:186 - 28 has 10 samples
2023-02-11 11:01:32.303 | DEBUG    | algorithms.scr:train:186 - 95 has 10 samples
2023-02-11 11:01:32.304 | DEBUG    | algorithms.scr:train:186 - 71 has 10 samples
2023-02-11 11:01:32.305 | DEBUG    | algorithms.scr:train:186 - 58 has 10 samples
2023-02-11 11:01:32.305 | DEBUG    | algorithms.scr:train:186 - 3 has 10 samples
2023-02-11 11:01:32.306 | DEBUG    | algorithms.scr:train:186 - 47 has 10 samples
2023-02-11 11:01:32.307 | DEBUG    | algorithms.scr:train:186 - 25 has 10 samples
2023-02-11 11:01:32.307 | DEBUG    | algorithms.scr:train:186 - 74 has 10 samples
2023-02-11 11:01:32.308 | DEBUG    | algorithms.scr:train:186 - 76 has 10 samples
2023-02-11 11:01:32.309 | DEBUG    | algorithms.scr:train:186 - 99 has 10 samples
2023-02-11 11:01:32.310 | DEBUG    | algorithms.scr:train:186 - 6 has 10 samples
2023-02-11 11:01:32.310 | DEBUG    | algorithms.scr:train:186 - 80 has 10 samples
2023-02-11 11:01:32.311 | DEBUG    | algorithms.scr:train:186 - 49 has 10 samples
2023-02-11 11:01:32.312 | DEBUG    | algorithms.scr:train:186 - 21 has 10 samples
2023-02-11 11:01:32.313 | DEBUG    | algorithms.scr:train:186 - 96 has 10 samples
2023-02-11 11:01:32.313 | DEBUG    | algorithms.scr:train:186 - 85 has 10 samples
2023-02-11 11:01:32.314 | DEBUG    | algorithms.scr:train:186 - 65 has 10 samples
2023-02-11 11:01:32.315 | DEBUG    | algorithms.scr:train:186 - 50 has 10 samples
2023-02-11 11:01:32.315 | DEBUG    | algorithms.scr:train:186 - 70 has 10 samples
2023-02-11 11:01:32.316 | DEBUG    | algorithms.scr:train:186 - 7 has 10 samples
2023-02-11 11:01:32.317 | DEBUG    | algorithms.scr:train:186 - 98 has 10 samples
2023-02-11 11:01:32.318 | DEBUG    | algorithms.scr:train:186 - 84 has 10 samples
2023-02-11 11:01:32.319 | DEBUG    | algorithms.scr:train:186 - 60 has 10 samples
2023-02-11 11:01:32.319 | DEBUG    | algorithms.scr:train:186 - 72 has 10 samples
2023-02-11 11:01:32.320 | DEBUG    | algorithms.scr:train:186 - 45 has 10 samples
2023-02-11 11:01:32.321 | DEBUG    | algorithms.scr:train:186 - 78 has 10 samples
2023-02-11 11:01:32.322 | DEBUG    | algorithms.scr:train:186 - 8 has 10 samples
2023-02-11 11:01:32.322 | DEBUG    | algorithms.scr:train:186 - 54 has 10 samples
2023-02-11 11:01:32.323 | DEBUG    | algorithms.scr:train:186 - 94 has 10 samples
2023-02-11 11:01:32.324 | DEBUG    | algorithms.scr:train:186 - 16 has 10 samples
2023-02-11 11:01:32.325 | DEBUG    | algorithms.scr:train:186 - 38 has 10 samples
2023-02-11 11:01:32.325 | DEBUG    | algorithms.scr:train:186 - 20 has 10 samples
2023-02-11 11:01:32.327 | DEBUG    | algorithms.scr:train:186 - 36 has 10 samples
2023-02-11 11:01:32.328 | DEBUG    | algorithms.scr:train:186 - 5 has 10 samples
2023-02-11 11:01:32.328 | DEBUG    | algorithms.scr:train:186 - 10 has 10 samples
2023-02-11 11:01:32.329 | DEBUG    | algorithms.scr:train:186 - 73 has 10 samples
2023-02-11 11:01:32.330 | DEBUG    | algorithms.scr:train:186 - 75 has 10 samples
2023-02-11 11:01:32.331 | DEBUG    | algorithms.scr:train:186 - 29 has 10 samples
2023-02-11 11:01:32.332 | DEBUG    | algorithms.scr:train:186 - 37 has 10 samples
2023-02-11 11:01:32.332 | DEBUG    | algorithms.scr:train:186 - 48 has 10 samples
2023-02-11 11:01:32.333 | DEBUG    | algorithms.scr:train:186 - 23 has 10 samples
2023-02-11 11:01:32.334 | DEBUG    | algorithms.scr:train:186 - 15 has 10 samples
2023-02-11 11:01:32.335 | DEBUG    | algorithms.scr:train:186 - 39 has 10 samples
2023-02-11 11:01:32.335 | DEBUG    | algorithms.scr:train:186 - 93 has 10 samples
2023-02-11 11:01:32.336 | DEBUG    | algorithms.scr:train:186 - 90 has 10 samples
2023-02-11 11:01:32.337 | DEBUG    | algorithms.scr:train:186 - 97 has 10 samples
2023-02-11 11:01:32.338 | DEBUG    | algorithms.scr:train:186 - 62 has 10 samples
2023-02-11 11:01:32.339 | DEBUG    | algorithms.scr:train:186 - 43 has 10 samples
2023-02-11 11:01:32.339 | DEBUG    | algorithms.scr:train:186 - 9 has 10 samples
2023-02-11 11:01:32.340 | DEBUG    | algorithms.scr:train:186 - 22 has 10 samples
2023-02-11 11:01:32.341 | DEBUG    | algorithms.scr:train:186 - 61 has 10 samples
2023-02-11 11:01:32.342 | DEBUG    | algorithms.scr:train:186 - 87 has 10 samples
2023-02-11 11:01:32.343 | DEBUG    | algorithms.scr:train:186 - 59 has 10 samples
2023-02-11 11:01:32.344 | DEBUG    | algorithms.scr:train:186 - 11 has 10 samples
2023-02-11 11:01:32.345 | DEBUG    | algorithms.scr:train:186 - 69 has 10 samples
2023-02-11 11:01:32.346 | DEBUG    | algorithms.scr:train:186 - 81 has 10 samples
2023-02-11 11:01:32.346 | DEBUG    | algorithms.scr:train:186 - 0 has 10 samples
2023-02-11 11:01:32.347 | DEBUG    | algorithms.scr:train:186 - 82 has 10 samples
2023-02-11 11:01:32.348 | DEBUG    | algorithms.scr:train:186 - 14 has 10 samples
2023-02-11 11:01:32.349 | DEBUG    | algorithms.scr:train:186 - 44 has 10 samples
2023-02-11 11:01:32.349 | DEBUG    | algorithms.scr:train:186 - 92 has 10 samples
2023-02-11 11:01:32.350 | DEBUG    | algorithms.scr:train:186 - 18 has 10 samples
2023-02-11 11:01:32.351 | DEBUG    | algorithms.scr:train:186 - 64 has 10 samples
2023-02-11 11:01:32.352 | DEBUG    | algorithms.scr:train:186 - 63 has 10 samples
2023-02-11 11:01:32.353 | DEBUG    | algorithms.scr:train:186 - 26 has 10 samples
2023-02-11 11:01:32.353 | DEBUG    | algorithms.scr:train:186 - 79 has 10 samples
2023-02-11 11:01:32.354 | DEBUG    | algorithms.scr:train:186 - 27 has 10 samples
2023-02-11 11:01:32.355 | DEBUG    | algorithms.scr:train:186 - 52 has 10 samples
2023-02-11 11:01:32.356 | DEBUG    | algorithms.scr:train:186 - 13 has 10 samples
2023-02-11 11:01:32.356 | DEBUG    | algorithms.scr:train:186 - 83 has 10 samples
2023-02-11 11:01:32.358 | DEBUG    | algorithms.scr:train:186 - 35 has 10 samples
2023-02-11 11:01:32.358 | DEBUG    | algorithms.scr:train:186 - 68 has 10 samples
2023-02-11 11:01:32.359 | DEBUG    | algorithms.scr:train:186 - 42 has 10 samples
2023-02-11 11:01:32.360 | DEBUG    | algorithms.scr:train:186 - 66 has 10 samples
2023-02-11 11:01:32.361 | DEBUG    | algorithms.scr:train:186 - 88 has 10 samples
2023-02-11 11:01:32.362 | DEBUG    | algorithms.scr:train:186 - 32 has 10 samples
2023-02-11 11:01:32.363 | DEBUG    | algorithms.scr:train:186 - 86 has 10 samples
2023-02-11 11:01:32.363 | DEBUG    | algorithms.scr:train:186 - 24 has 10 samples
2023-02-11 11:01:32.364 | DEBUG    | algorithms.scr:train:186 - 46 has 10 samples
2023-02-11 11:01:32.365 | DEBUG    | algorithms.scr:train:186 - 31 has 10 samples
2023-02-11 11:01:32.366 | DEBUG    | algorithms.scr:train:186 - 91 has 10 samples
2023-02-11 11:01:32.366 | DEBUG    | algorithms.scr:train:186 - 33 has 10 samples
2023-02-11 11:01:32.367 | DEBUG    | algorithms.scr:train:186 - 34 has 10 samples
2023-02-11 11:01:32.368 | DEBUG    | algorithms.scr:train:186 - 56 has 10 samples
2023-02-11 11:01:32.369 | DEBUG    | algorithms.scr:train:186 - 1 has 10 samples
2023-02-11 11:01:32.370 | INFO     | algorithms.scr:train:192 - 1, loss: 3.003
2023-02-11 11:01:32.370 | INFO     | algorithms.algorithm_base:run_base_task_metrics:144 - Running metrics: Task 4
2023-02-11 11:01:32.378 | INFO     | algorithms.scr:classify:209 - Generating fresh mean embedding vectors
2023-02-11 11:01:34.974 | DEBUG    | algorithms.scr:classify:231 - Generated mean embedding vectors for: dict_keys([41, 2, 51, 4, 55, 77, 53, 19, 57, 89, 67, 40, 30, 17, 12, 28, 95, 71, 58, 3, 47, 25, 74, 76, 99, 6, 80, 49, 21, 96, 85, 65, 50, 70, 7, 98, 84, 60, 72, 45, 78, 8, 54, 94, 16, 38, 20, 36, 5, 10, 73, 75, 29, 37, 48, 23, 15, 39, 93, 90, 97, 62, 43, 9, 22, 61, 87, 59, 11, 69, 81, 0, 82, 14, 44, 92, 18, 64, 63, 26, 79, 27, 52, 13, 83, 35, 68, 42, 66, 88, 32, 86, 24, 46, 31, 91, 33, 34, 56, 1])
2023-02-11 11:03:40.410 | DEBUG    | algorithms.algorithm_base:run_base_task_metrics:200 - Raw classification accuracy results saved to ./output_cifar100_varied_sampling/scr/1676111693.4523494_CIFAR100_OFFICIAL_RUN/task_4_accuracy_results.json
2023-02-11 11:03:40.412 | INFO     | algorithms.algorithm_base:run_base_task_metrics:201 - Correctly classified 2194 / 10000 samples (21.94% correct)
2023-02-11 11:03:40.818 | INFO     | algorithms.scr:train:201 - Training complete
2023-02-11 11:03:40.824 | INFO     | __main__:run_experiment:290 - Training and evaluation completed!
2023-02-11 11:03:40.839 | INFO     | __main__:run_experiment:304 - Wrote usage stats to file
2023-02-11 11:03:40.840 | INFO     | __main__:main:351 - Complete
2023-02-11 11:03:40.841 | INFO     | __main__:close_tensorboard_writer:252 - Shut down TensorBoard
