2023-01-19 10:05:53.884 | INFO     | __main__:setup_files:180 - Experiment Name: OFFICIAL_RUN
2023-01-19 10:05:53.885 | INFO     | __main__:main:285 - Command line arguments: Configuration(algorithm='ewc', dataset='cifar100', classes_per_task=20, seed=2214)
2023-01-19 10:05:53.887 | INFO     | __main__:main:289 - Seeded random to 2214
2023-01-19 10:05:53.888 | INFO     | __main__:main:293 - Got CUDA device
2023-01-19 10:05:53.888 | INFO     | __main__:force_cuda_load:228 - Forcing CUDA initialisation...
2023-01-19 10:05:53.949 | INFO     | __main__:main:297 - CUDA initialised
2023-01-19 10:05:53.950 | INFO     | __main__:setup_shutdown_hook:224 - To access TensorBoard, run the command: tensorboard --logdir=./output/ewc/1674122753.8785808_CIFAR100_OFFICIAL_RUN
2023-01-19 10:05:53.952 | INFO     | __main__:main:301 - Setup shutdown hooks
2023-01-19 10:05:53.975 | INFO     | __main__:main:306 - Model is setup
2023-01-19 10:05:53.976 | INFO     | __main__:main:308 - Complete pre-setup, starting experiment
2023-01-19 10:05:55.156 | INFO     | datasets.dataset_base:__init__:80 - Using disjoint tasks with 20 (5 tasks) with a randomised split
2023-01-19 10:05:55.157 | DEBUG    | datasets.dataset_base:_setup_task_datasets:95 - Splitting dataset into 5 disjoint tasks
2023-01-19 10:05:55.177 | INFO     | datasets.dataset_base:__init__:85 - {
  "name": "datasets.cifar100.CIFAR100",
  "dataset_class": "torchvision.datasets.cifar.CIFAR100",
  "training_dataset_parameters": "{'train': True, 'download': True}",
  "testing_dataset_parameters": "{'train': False, 'download': True}",
  "training_transform": "Compose(\n    Resize(size=(32, 32), interpolation=bilinear, max_size=None, antialias=None)\n    ToTensor()\n    Normalize(mean=(0.5071, 0.4867, 0.4408), std=(0.2675, 0.2565, 0.2761))\n    RandomCrop(size=(32, 32), padding=4)\n    RandomHorizontalFlip(p=0.5)\n)",
  "testing_transform": "Compose(\n    Resize(size=(32, 32), interpolation=bilinear, max_size=None, antialias=None)\n    ToTensor()\n    Normalize(mean=(0.5071, 0.4867, 0.4408), std=(0.2675, 0.2565, 0.2761))\n)",
  "classes": "apple, aquarium_fish, baby, bear, beaver, bed, bee, beetle, bicycle, bottle, bowl, boy, bridge, bus, butterfly, camel, can, castle, caterpillar, cattle, chair, chimpanzee, clock, cloud, cockroach, couch, crab, crocodile, cup, dinosaur, dolphin, elephant, flatfish, forest, fox, girl, hamster, house, kangaroo, keyboard, lamp, lawn_mower, leopard, lion, lizard, lobster, man, maple_tree, motorcycle, mountain, mouse, mushroom, oak_tree, orange, orchid, otter, palm_tree, pear, pickup_truck, pine_tree, plain, plate, poppy, porcupine, possum, rabbit, raccoon, ray, road, rocket, rose, sea, seal, shark, shrew, skunk, skyscraper, snail, snake, spider, squirrel, streetcar, sunflower, sweet_pepper, table, tank, telephone, television, tiger, tractor, train, trout, tulip, turtle, wardrobe, whale, willow_tree, wolf, woman, worm",
  "disjoint": true,
  "task_count": 5,
  "classes_per_task": [
    20
  ],
  "task_split_indices": [
    [
      83,
      48,
      78,
      11,
      67,
      62,
      66,
      85,
      2,
      53,
      76,
      96,
      17,
      92,
      3,
      63,
      97,
      45,
      61,
      6
    ],
    [
      77,
      13,
      90,
      75,
      44,
      18,
      98,
      8,
      91,
      64,
      4,
      57,
      24,
      80,
      25,
      1,
      99,
      21,
      46,
      95
    ],
    [
      86,
      42,
      22,
      65,
      58,
      20,
      9,
      87,
      79,
      27,
      29,
      7,
      51,
      37,
      50,
      38,
      40,
      60,
      68,
      15
    ],
    [
      84,
      32,
      49,
      41,
      30,
      69,
      33,
      82,
      55,
      93,
      28,
      26,
      0,
      52,
      36,
      39,
      94,
      70,
      43,
      72
    ],
    [
      81,
      5,
      74,
      10,
      73,
      71,
      23,
      34,
      47,
      14,
      88,
      54,
      31,
      19,
      16,
      56,
      12,
      59,
      89,
      35
    ]
  ],
  "task_split_classes": [
    [
      "sweet_pepper",
      "motorcycle",
      "snake",
      "boy",
      "ray",
      "poppy",
      "raccoon",
      "tank",
      "baby",
      "orange",
      "skyscraper",
      "willow_tree",
      "castle",
      "tulip",
      "bear",
      "porcupine",
      "wolf",
      "lobster",
      "plate",
      "bee"
    ],
    [
      "snail",
      "bus",
      "train",
      "skunk",
      "lizard",
      "caterpillar",
      "woman",
      "bicycle",
      "trout",
      "possum",
      "beaver",
      "pear",
      "cockroach",
      "squirrel",
      "couch",
      "aquarium_fish",
      "worm",
      "chimpanzee",
      "man",
      "whale"
    ],
    [
      "telephone",
      "leopard",
      "clock",
      "rabbit",
      "pickup_truck",
      "chair",
      "bottle",
      "television",
      "spider",
      "crocodile",
      "dinosaur",
      "beetle",
      "mushroom",
      "house",
      "mouse",
      "kangaroo",
      "lamp",
      "plain",
      "road",
      "camel"
    ],
    [
      "table",
      "flatfish",
      "mountain",
      "lawn_mower",
      "dolphin",
      "rocket",
      "forest",
      "sunflower",
      "otter",
      "turtle",
      "cup",
      "crab",
      "apple",
      "oak_tree",
      "hamster",
      "keyboard",
      "wardrobe",
      "rose",
      "lion",
      "seal"
    ],
    [
      "streetcar",
      "bed",
      "shrew",
      "bowl",
      "shark",
      "sea",
      "cloud",
      "fox",
      "maple_tree",
      "butterfly",
      "tiger",
      "orchid",
      "elephant",
      "cattle",
      "can",
      "palm_tree",
      "bridge",
      "pine_tree",
      "tractor",
      "girl"
    ]
  ]
}
2023-01-19 10:05:55.182 | DEBUG    | __main__:run_experiment:252 - PID: 12976
2023-01-19 10:05:55.182 | INFO     | __main__:run_experiment:254 - Starting...
2023-01-19 10:05:55.183 | INFO     | algorithms.algorithm_base:train:116 - {
  "name": "algorithms.ewc.ElasticWeightConsolidation",
  "model_class": "models.cifar.resnet.ResNet",
  "device": "cuda:0",
  "dataset_class": "datasets.cifar100.CIFAR100",
  "optimiser_class": "torch.optim.sgd.SGD",
  "loss_criterion_class": "torch.nn.modules.loss.CrossEntropyLoss",
  "max_epochs_per_task": 50,
  "batch_size": 64,
  "task_importance": 1000
}
2023-01-19 10:05:55.185 | DEBUG    | algorithms.algorithm_base:_setup_training:109 - Model moved to cuda:0 and set to train mode
2023-01-19 10:05:55.186 | INFO     | algorithms.algorithm_base:train:118 - Starting training
2023-01-19 10:05:55.187 | INFO     | algorithms.ewc:train:64 - Task 1 / 5
2023-01-19 10:05:55.187 | INFO     | algorithms.ewc:train:65 - Classes in task: ['sweet_pepper', 'motorcycle', 'snake', 'boy', 'ray', 'poppy', 'raccoon', 'tank', 'baby', 'orange', 'skyscraper', 'willow_tree', 'castle', 'tulip', 'bear', 'porcupine', 'wolf', 'lobster', 'plate', 'bee']
2023-01-19 10:05:55.188 | INFO     | algorithms.ewc:train:68 - Starting epoch 1 / 50
2023-01-19 10:06:02.668 | INFO     | algorithms.ewc:train:109 - 1, loss: 4.414
2023-01-19 10:06:02.669 | INFO     | algorithms.ewc:train:114 - 1, EWC Loss: 0.000
2023-01-19 10:06:02.670 | INFO     | algorithms.ewc:train:68 - Starting epoch 2 / 50
2023-01-19 10:06:08.308 | INFO     | algorithms.ewc:train:109 - 2, loss: 3.904
2023-01-19 10:06:08.309 | INFO     | algorithms.ewc:train:114 - 2, EWC Loss: 0.000
2023-01-19 10:06:08.310 | INFO     | algorithms.ewc:train:68 - Starting epoch 3 / 50
2023-01-19 10:06:13.951 | INFO     | algorithms.ewc:train:109 - 3, loss: 3.453
2023-01-19 10:06:13.953 | INFO     | algorithms.ewc:train:114 - 3, EWC Loss: 0.000
2023-01-19 10:06:13.954 | INFO     | algorithms.ewc:train:68 - Starting epoch 4 / 50
2023-01-19 10:06:19.579 | INFO     | algorithms.ewc:train:109 - 4, loss: 3.158
2023-01-19 10:06:19.580 | INFO     | algorithms.ewc:train:114 - 4, EWC Loss: 0.000
2023-01-19 10:06:19.581 | INFO     | algorithms.ewc:train:68 - Starting epoch 5 / 50
2023-01-19 10:06:25.209 | INFO     | algorithms.ewc:train:109 - 5, loss: 2.915
2023-01-19 10:06:25.211 | INFO     | algorithms.ewc:train:114 - 5, EWC Loss: 0.000
2023-01-19 10:06:25.212 | INFO     | algorithms.ewc:train:68 - Starting epoch 6 / 50
2023-01-19 10:06:30.869 | INFO     | algorithms.ewc:train:109 - 6, loss: 2.738
2023-01-19 10:06:30.870 | INFO     | algorithms.ewc:train:114 - 6, EWC Loss: 0.000
2023-01-19 10:06:30.871 | INFO     | algorithms.ewc:train:68 - Starting epoch 7 / 50
2023-01-19 10:06:36.498 | INFO     | algorithms.ewc:train:109 - 7, loss: 2.571
2023-01-19 10:06:36.499 | INFO     | algorithms.ewc:train:114 - 7, EWC Loss: 0.000
2023-01-19 10:06:36.500 | INFO     | algorithms.ewc:train:68 - Starting epoch 8 / 50
2023-01-19 10:06:42.123 | INFO     | algorithms.ewc:train:109 - 8, loss: 2.446
2023-01-19 10:06:42.125 | INFO     | algorithms.ewc:train:114 - 8, EWC Loss: 0.000
2023-01-19 10:06:42.126 | INFO     | algorithms.ewc:train:68 - Starting epoch 9 / 50
2023-01-19 10:06:47.745 | INFO     | algorithms.ewc:train:109 - 9, loss: 2.331
2023-01-19 10:06:47.746 | INFO     | algorithms.ewc:train:114 - 9, EWC Loss: 0.000
2023-01-19 10:06:47.747 | INFO     | algorithms.ewc:train:68 - Starting epoch 10 / 50
2023-01-19 10:06:53.387 | INFO     | algorithms.ewc:train:109 - 10, loss: 2.229
2023-01-19 10:06:53.389 | INFO     | algorithms.ewc:train:114 - 10, EWC Loss: 0.000
2023-01-19 10:06:53.390 | INFO     | algorithms.ewc:train:68 - Starting epoch 11 / 50
2023-01-19 10:06:59.023 | INFO     | algorithms.ewc:train:109 - 11, loss: 2.123
2023-01-19 10:06:59.025 | INFO     | algorithms.ewc:train:114 - 11, EWC Loss: 0.000
2023-01-19 10:06:59.026 | INFO     | algorithms.ewc:train:68 - Starting epoch 12 / 50
2023-01-19 10:07:04.662 | INFO     | algorithms.ewc:train:109 - 12, loss: 2.067
2023-01-19 10:07:04.663 | INFO     | algorithms.ewc:train:114 - 12, EWC Loss: 0.000
2023-01-19 10:07:04.664 | INFO     | algorithms.ewc:train:68 - Starting epoch 13 / 50
2023-01-19 10:07:10.308 | INFO     | algorithms.ewc:train:109 - 13, loss: 1.995
2023-01-19 10:07:10.310 | INFO     | algorithms.ewc:train:114 - 13, EWC Loss: 0.000
2023-01-19 10:07:10.311 | INFO     | algorithms.ewc:train:68 - Starting epoch 14 / 50
2023-01-19 10:07:15.937 | INFO     | algorithms.ewc:train:109 - 14, loss: 1.925
2023-01-19 10:07:15.939 | INFO     | algorithms.ewc:train:114 - 14, EWC Loss: 0.000
2023-01-19 10:07:15.940 | INFO     | algorithms.ewc:train:68 - Starting epoch 15 / 50
2023-01-19 10:07:21.573 | INFO     | algorithms.ewc:train:109 - 15, loss: 1.841
2023-01-19 10:07:21.574 | INFO     | algorithms.ewc:train:114 - 15, EWC Loss: 0.000
2023-01-19 10:07:21.575 | INFO     | algorithms.ewc:train:68 - Starting epoch 16 / 50
2023-01-19 10:07:27.205 | INFO     | algorithms.ewc:train:109 - 16, loss: 1.811
2023-01-19 10:07:27.208 | INFO     | algorithms.ewc:train:114 - 16, EWC Loss: 0.000
2023-01-19 10:07:27.209 | INFO     | algorithms.ewc:train:68 - Starting epoch 17 / 50
2023-01-19 10:07:32.855 | INFO     | algorithms.ewc:train:109 - 17, loss: 1.749
2023-01-19 10:07:32.856 | INFO     | algorithms.ewc:train:114 - 17, EWC Loss: 0.000
2023-01-19 10:07:32.857 | INFO     | algorithms.ewc:train:68 - Starting epoch 18 / 50
2023-01-19 10:07:38.497 | INFO     | algorithms.ewc:train:109 - 18, loss: 1.714
2023-01-19 10:07:38.499 | INFO     | algorithms.ewc:train:114 - 18, EWC Loss: 0.000
2023-01-19 10:07:38.500 | INFO     | algorithms.ewc:train:68 - Starting epoch 19 / 50
2023-01-19 10:07:44.125 | INFO     | algorithms.ewc:train:109 - 19, loss: 1.669
2023-01-19 10:07:44.127 | INFO     | algorithms.ewc:train:114 - 19, EWC Loss: 0.000
2023-01-19 10:07:44.128 | INFO     | algorithms.ewc:train:68 - Starting epoch 20 / 50
2023-01-19 10:07:49.754 | INFO     | algorithms.ewc:train:109 - 20, loss: 1.627
2023-01-19 10:07:49.756 | INFO     | algorithms.ewc:train:114 - 20, EWC Loss: 0.000
2023-01-19 10:07:49.757 | INFO     | algorithms.ewc:train:68 - Starting epoch 21 / 50
2023-01-19 10:07:55.386 | INFO     | algorithms.ewc:train:109 - 21, loss: 1.588
2023-01-19 10:07:55.388 | INFO     | algorithms.ewc:train:114 - 21, EWC Loss: 0.000
2023-01-19 10:07:55.389 | INFO     | algorithms.ewc:train:68 - Starting epoch 22 / 50
2023-01-19 10:08:01.028 | INFO     | algorithms.ewc:train:109 - 22, loss: 1.554
2023-01-19 10:08:01.030 | INFO     | algorithms.ewc:train:114 - 22, EWC Loss: 0.000
2023-01-19 10:08:01.031 | INFO     | algorithms.ewc:train:68 - Starting epoch 23 / 50
2023-01-19 10:08:06.649 | INFO     | algorithms.ewc:train:109 - 23, loss: 1.529
2023-01-19 10:08:06.651 | INFO     | algorithms.ewc:train:114 - 23, EWC Loss: 0.000
2023-01-19 10:08:06.652 | INFO     | algorithms.ewc:train:68 - Starting epoch 24 / 50
2023-01-19 10:08:12.296 | INFO     | algorithms.ewc:train:109 - 24, loss: 1.492
2023-01-19 10:08:12.297 | INFO     | algorithms.ewc:train:114 - 24, EWC Loss: 0.000
2023-01-19 10:08:12.298 | INFO     | algorithms.ewc:train:68 - Starting epoch 25 / 50
2023-01-19 10:08:17.929 | INFO     | algorithms.ewc:train:109 - 25, loss: 1.476
2023-01-19 10:08:17.930 | INFO     | algorithms.ewc:train:114 - 25, EWC Loss: 0.000
2023-01-19 10:08:17.931 | INFO     | algorithms.ewc:train:68 - Starting epoch 26 / 50
2023-01-19 10:08:23.575 | INFO     | algorithms.ewc:train:109 - 26, loss: 1.442
2023-01-19 10:08:23.577 | INFO     | algorithms.ewc:train:114 - 26, EWC Loss: 0.000
2023-01-19 10:08:23.578 | INFO     | algorithms.ewc:train:68 - Starting epoch 27 / 50
2023-01-19 10:08:29.204 | INFO     | algorithms.ewc:train:109 - 27, loss: 1.401
2023-01-19 10:08:29.206 | INFO     | algorithms.ewc:train:114 - 27, EWC Loss: 0.000
2023-01-19 10:08:29.207 | INFO     | algorithms.ewc:train:68 - Starting epoch 28 / 50
2023-01-19 10:08:34.832 | INFO     | algorithms.ewc:train:109 - 28, loss: 1.376
2023-01-19 10:08:34.834 | INFO     | algorithms.ewc:train:114 - 28, EWC Loss: 0.000
2023-01-19 10:08:34.835 | INFO     | algorithms.ewc:train:68 - Starting epoch 29 / 50
2023-01-19 10:08:40.473 | INFO     | algorithms.ewc:train:109 - 29, loss: 1.358
2023-01-19 10:08:40.475 | INFO     | algorithms.ewc:train:114 - 29, EWC Loss: 0.000
2023-01-19 10:08:40.476 | INFO     | algorithms.ewc:train:68 - Starting epoch 30 / 50
2023-01-19 10:08:46.119 | INFO     | algorithms.ewc:train:109 - 30, loss: 1.330
2023-01-19 10:08:46.121 | INFO     | algorithms.ewc:train:114 - 30, EWC Loss: 0.000
2023-01-19 10:08:46.122 | INFO     | algorithms.ewc:train:68 - Starting epoch 31 / 50
2023-01-19 10:08:51.754 | INFO     | algorithms.ewc:train:109 - 31, loss: 1.302
2023-01-19 10:08:51.756 | INFO     | algorithms.ewc:train:114 - 31, EWC Loss: 0.000
2023-01-19 10:08:51.757 | INFO     | algorithms.ewc:train:68 - Starting epoch 32 / 50
2023-01-19 10:08:57.387 | INFO     | algorithms.ewc:train:109 - 32, loss: 1.282
2023-01-19 10:08:57.389 | INFO     | algorithms.ewc:train:114 - 32, EWC Loss: 0.000
2023-01-19 10:08:57.390 | INFO     | algorithms.ewc:train:68 - Starting epoch 33 / 50
2023-01-19 10:09:03.030 | INFO     | algorithms.ewc:train:109 - 33, loss: 1.262
2023-01-19 10:09:03.032 | INFO     | algorithms.ewc:train:114 - 33, EWC Loss: 0.000
2023-01-19 10:09:03.033 | INFO     | algorithms.ewc:train:68 - Starting epoch 34 / 50
2023-01-19 10:09:08.651 | INFO     | algorithms.ewc:train:109 - 34, loss: 1.257
2023-01-19 10:09:08.653 | INFO     | algorithms.ewc:train:114 - 34, EWC Loss: 0.000
2023-01-19 10:09:08.654 | INFO     | algorithms.ewc:train:68 - Starting epoch 35 / 50
2023-01-19 10:09:14.299 | INFO     | algorithms.ewc:train:109 - 35, loss: 1.229
2023-01-19 10:09:14.300 | INFO     | algorithms.ewc:train:114 - 35, EWC Loss: 0.000
2023-01-19 10:09:14.301 | INFO     | algorithms.ewc:train:68 - Starting epoch 36 / 50
2023-01-19 10:09:19.922 | INFO     | algorithms.ewc:train:109 - 36, loss: 1.204
2023-01-19 10:09:19.923 | INFO     | algorithms.ewc:train:114 - 36, EWC Loss: 0.000
2023-01-19 10:09:19.924 | INFO     | algorithms.ewc:train:68 - Starting epoch 37 / 50
2023-01-19 10:09:25.564 | INFO     | algorithms.ewc:train:109 - 37, loss: 1.194
2023-01-19 10:09:25.566 | INFO     | algorithms.ewc:train:114 - 37, EWC Loss: 0.000
2023-01-19 10:09:25.567 | INFO     | algorithms.ewc:train:68 - Starting epoch 38 / 50
2023-01-19 10:09:31.205 | INFO     | algorithms.ewc:train:109 - 38, loss: 1.154
2023-01-19 10:09:31.207 | INFO     | algorithms.ewc:train:114 - 38, EWC Loss: 0.000
2023-01-19 10:09:31.208 | INFO     | algorithms.ewc:train:68 - Starting epoch 39 / 50
2023-01-19 10:09:36.844 | INFO     | algorithms.ewc:train:109 - 39, loss: 1.158
2023-01-19 10:09:36.846 | INFO     | algorithms.ewc:train:114 - 39, EWC Loss: 0.000
2023-01-19 10:09:36.847 | INFO     | algorithms.ewc:train:68 - Starting epoch 40 / 50
2023-01-19 10:09:42.482 | INFO     | algorithms.ewc:train:109 - 40, loss: 1.118
2023-01-19 10:09:42.484 | INFO     | algorithms.ewc:train:114 - 40, EWC Loss: 0.000
2023-01-19 10:09:42.485 | INFO     | algorithms.ewc:train:68 - Starting epoch 41 / 50
2023-01-19 10:09:48.126 | INFO     | algorithms.ewc:train:109 - 41, loss: 1.114
2023-01-19 10:09:48.128 | INFO     | algorithms.ewc:train:114 - 41, EWC Loss: 0.000
2023-01-19 10:09:48.129 | INFO     | algorithms.ewc:train:68 - Starting epoch 42 / 50
2023-01-19 10:09:53.758 | INFO     | algorithms.ewc:train:109 - 42, loss: 1.105
2023-01-19 10:09:53.760 | INFO     | algorithms.ewc:train:114 - 42, EWC Loss: 0.000
2023-01-19 10:09:53.761 | INFO     | algorithms.ewc:train:68 - Starting epoch 43 / 50
2023-01-19 10:09:59.390 | INFO     | algorithms.ewc:train:109 - 43, loss: 1.071
2023-01-19 10:09:59.392 | INFO     | algorithms.ewc:train:114 - 43, EWC Loss: 0.000
2023-01-19 10:09:59.393 | INFO     | algorithms.ewc:train:68 - Starting epoch 44 / 50
2023-01-19 10:10:05.033 | INFO     | algorithms.ewc:train:109 - 44, loss: 1.065
2023-01-19 10:10:05.035 | INFO     | algorithms.ewc:train:114 - 44, EWC Loss: 0.000
2023-01-19 10:10:05.036 | INFO     | algorithms.ewc:train:68 - Starting epoch 45 / 50
2023-01-19 10:10:10.666 | INFO     | algorithms.ewc:train:109 - 45, loss: 1.048
2023-01-19 10:10:10.668 | INFO     | algorithms.ewc:train:114 - 45, EWC Loss: 0.000
2023-01-19 10:10:10.669 | INFO     | algorithms.ewc:train:68 - Starting epoch 46 / 50
2023-01-19 10:10:16.312 | INFO     | algorithms.ewc:train:109 - 46, loss: 1.051
2023-01-19 10:10:16.314 | INFO     | algorithms.ewc:train:114 - 46, EWC Loss: 0.000
2023-01-19 10:10:16.315 | INFO     | algorithms.ewc:train:68 - Starting epoch 47 / 50
2023-01-19 10:10:21.957 | INFO     | algorithms.ewc:train:109 - 47, loss: 1.020
2023-01-19 10:10:21.958 | INFO     | algorithms.ewc:train:114 - 47, EWC Loss: 0.000
2023-01-19 10:10:21.959 | INFO     | algorithms.ewc:train:68 - Starting epoch 48 / 50
2023-01-19 10:10:27.603 | INFO     | algorithms.ewc:train:109 - 48, loss: 1.027
2023-01-19 10:10:27.605 | INFO     | algorithms.ewc:train:114 - 48, EWC Loss: 0.000
2023-01-19 10:10:27.606 | INFO     | algorithms.ewc:train:68 - Starting epoch 49 / 50
2023-01-19 10:10:33.242 | INFO     | algorithms.ewc:train:109 - 49, loss: 0.991
2023-01-19 10:10:33.244 | INFO     | algorithms.ewc:train:114 - 49, EWC Loss: 0.000
2023-01-19 10:10:33.245 | INFO     | algorithms.ewc:train:68 - Starting epoch 50 / 50
2023-01-19 10:10:38.873 | INFO     | algorithms.ewc:train:109 - 50, loss: 0.976
2023-01-19 10:10:38.874 | INFO     | algorithms.ewc:train:114 - 50, EWC Loss: 0.000
2023-01-19 10:10:38.875 | INFO     | algorithms.algorithm_base:run_base_task_metrics:146 - Running metrics: Task 0
2023-01-19 10:10:42.863 | DEBUG    | algorithms.algorithm_base:run_base_task_metrics:202 - Raw classification accuracy results saved to ./output/ewc/1674122753.8785808_CIFAR100_OFFICIAL_RUN/task_0_accuracy_results.json
2023-01-19 10:10:42.864 | INFO     | algorithms.algorithm_base:run_base_task_metrics:203 - Correctly classified 1292 / 10000 samples (12.92% correct)
2023-01-19 10:10:43.335 | DEBUG    | algorithms.ewc:train:131 - Consolidating EWC parameters
2023-01-19 10:10:43.340 | DEBUG    | algorithms.ewc:consolidate:137 - Copying existing model parameters
2023-01-19 10:10:43.346 | DEBUG    | algorithms.ewc:consolidate:140 - Computing FIM
2023-01-19 10:10:44.402 | DEBUG    | algorithms.ewc:fim_diag:208 - Samples:   100. Fps: 94.9219 samples/s.
2023-01-19 10:10:45.400 | DEBUG    | algorithms.ewc:fim_diag:208 - Samples:   200. Fps: 100.2390 samples/s.
2023-01-19 10:10:46.394 | DEBUG    | algorithms.ewc:fim_diag:208 - Samples:   300. Fps: 100.6014 samples/s.
2023-01-19 10:10:47.387 | DEBUG    | algorithms.ewc:fim_diag:208 - Samples:   400. Fps: 100.6846 samples/s.
2023-01-19 10:10:48.380 | DEBUG    | algorithms.ewc:fim_diag:208 - Samples:   500. Fps: 100.6586 samples/s.
2023-01-19 10:10:49.380 | DEBUG    | algorithms.ewc:fim_diag:208 - Samples:   600. Fps: 100.0340 samples/s.
2023-01-19 10:10:50.373 | DEBUG    | algorithms.ewc:fim_diag:208 - Samples:   700. Fps: 100.6701 samples/s.
2023-01-19 10:10:51.377 | DEBUG    | algorithms.ewc:fim_diag:208 - Samples:   800. Fps: 99.6210 samples/s.
2023-01-19 10:10:52.387 | DEBUG    | algorithms.ewc:fim_diag:208 - Samples:   900. Fps: 98.9861 samples/s.
2023-01-19 10:10:53.380 | DEBUG    | algorithms.ewc:fim_diag:208 - Samples:  1000. Fps: 100.7219 samples/s.
2023-01-19 10:10:54.377 | DEBUG    | algorithms.ewc:fim_diag:208 - Samples:  1100. Fps: 100.3177 samples/s.
2023-01-19 10:10:55.372 | DEBUG    | algorithms.ewc:fim_diag:208 - Samples:  1200. Fps: 100.4707 samples/s.
2023-01-19 10:10:56.366 | DEBUG    | algorithms.ewc:fim_diag:208 - Samples:  1300. Fps: 100.6930 samples/s.
2023-01-19 10:10:57.360 | DEBUG    | algorithms.ewc:fim_diag:208 - Samples:  1400. Fps: 100.5844 samples/s.
2023-01-19 10:10:58.354 | DEBUG    | algorithms.ewc:fim_diag:208 - Samples:  1500. Fps: 100.5449 samples/s.
2023-01-19 10:10:59.352 | DEBUG    | algorithms.ewc:fim_diag:208 - Samples:  1600. Fps: 100.2291 samples/s.
2023-01-19 10:11:00.362 | DEBUG    | algorithms.ewc:fim_diag:208 - Samples:  1700. Fps: 98.9785 samples/s.
2023-01-19 10:11:01.369 | DEBUG    | algorithms.ewc:fim_diag:208 - Samples:  1800. Fps: 99.3037 samples/s.
2023-01-19 10:11:02.365 | DEBUG    | algorithms.ewc:fim_diag:208 - Samples:  1900. Fps: 100.4810 samples/s.
2023-01-19 10:11:03.360 | DEBUG    | algorithms.ewc:fim_diag:208 - Samples:  2000. Fps: 100.4322 samples/s.
2023-01-19 10:11:04.362 | DEBUG    | algorithms.ewc:fim_diag:208 - Samples:  2100. Fps: 99.8348 samples/s.
2023-01-19 10:11:05.354 | DEBUG    | algorithms.ewc:fim_diag:208 - Samples:  2200. Fps: 100.7449 samples/s.
2023-01-19 10:11:06.350 | DEBUG    | algorithms.ewc:fim_diag:208 - Samples:  2300. Fps: 100.4743 samples/s.
2023-01-19 10:11:07.344 | DEBUG    | algorithms.ewc:fim_diag:208 - Samples:  2400. Fps: 100.5468 samples/s.
2023-01-19 10:11:08.356 | DEBUG    | algorithms.ewc:fim_diag:208 - Samples:  2500. Fps: 98.8887 samples/s.
2023-01-19 10:11:09.354 | DEBUG    | algorithms.ewc:fim_diag:208 - Samples:  2600. Fps: 100.1552 samples/s.
2023-01-19 10:11:10.350 | DEBUG    | algorithms.ewc:fim_diag:208 - Samples:  2700. Fps: 100.4472 samples/s.
2023-01-19 10:11:11.349 | DEBUG    | algorithms.ewc:fim_diag:208 - Samples:  2800. Fps: 100.0774 samples/s.
2023-01-19 10:11:12.344 | DEBUG    | algorithms.ewc:fim_diag:208 - Samples:  2900. Fps: 100.5109 samples/s.
2023-01-19 10:11:13.339 | DEBUG    | algorithms.ewc:fim_diag:208 - Samples:  3000. Fps: 100.4535 samples/s.
2023-01-19 10:11:14.339 | DEBUG    | algorithms.ewc:fim_diag:208 - Samples:  3100. Fps: 100.0119 samples/s.
2023-01-19 10:11:15.334 | DEBUG    | algorithms.ewc:fim_diag:208 - Samples:  3200. Fps: 100.5485 samples/s.
2023-01-19 10:11:16.343 | DEBUG    | algorithms.ewc:fim_diag:208 - Samples:  3300. Fps: 99.0688 samples/s.
2023-01-19 10:11:17.337 | DEBUG    | algorithms.ewc:fim_diag:208 - Samples:  3400. Fps: 100.5713 samples/s.
2023-01-19 10:11:18.333 | DEBUG    | algorithms.ewc:fim_diag:208 - Samples:  3500. Fps: 100.4499 samples/s.
2023-01-19 10:11:19.340 | DEBUG    | algorithms.ewc:fim_diag:208 - Samples:  3600. Fps: 99.3058 samples/s.
2023-01-19 10:11:20.337 | DEBUG    | algorithms.ewc:fim_diag:208 - Samples:  3700. Fps: 100.3105 samples/s.
2023-01-19 10:11:21.349 | DEBUG    | algorithms.ewc:fim_diag:208 - Samples:  3800. Fps: 98.8109 samples/s.
2023-01-19 10:11:22.346 | DEBUG    | algorithms.ewc:fim_diag:208 - Samples:  3900. Fps: 100.3184 samples/s.
2023-01-19 10:11:23.341 | DEBUG    | algorithms.ewc:fim_diag:208 - Samples:  4000. Fps: 100.5035 samples/s.
2023-01-19 10:11:24.305 | INFO     | algorithms.ewc:train:64 - Task 2 / 5
2023-01-19 10:11:24.307 | INFO     | algorithms.ewc:train:65 - Classes in task: ['snail', 'bus', 'train', 'skunk', 'lizard', 'caterpillar', 'woman', 'bicycle', 'trout', 'possum', 'beaver', 'pear', 'cockroach', 'squirrel', 'couch', 'aquarium_fish', 'worm', 'chimpanzee', 'man', 'whale']
2023-01-19 10:11:24.308 | INFO     | algorithms.ewc:train:68 - Starting epoch 1 / 50
2023-01-19 10:11:32.196 | INFO     | algorithms.ewc:train:109 - 1, loss: 6.698
2023-01-19 10:11:32.197 | INFO     | algorithms.ewc:train:114 - 1, EWC Loss: 1.444
2023-01-19 10:11:32.198 | INFO     | algorithms.ewc:train:68 - Starting epoch 2 / 50
2023-01-19 10:11:40.038 | INFO     | algorithms.ewc:train:109 - 2, loss: 4.891
2023-01-19 10:11:40.040 | INFO     | algorithms.ewc:train:114 - 2, EWC Loss: 0.857
2023-01-19 10:11:40.041 | INFO     | algorithms.ewc:train:68 - Starting epoch 3 / 50
2023-01-19 10:11:47.928 | INFO     | algorithms.ewc:train:109 - 3, loss: 4.810
2023-01-19 10:11:47.929 | INFO     | algorithms.ewc:train:114 - 3, EWC Loss: 0.905
2023-01-19 10:11:47.930 | INFO     | algorithms.ewc:train:68 - Starting epoch 4 / 50
2023-01-19 10:11:55.807 | INFO     | algorithms.ewc:train:109 - 4, loss: 4.785
2023-01-19 10:11:55.809 | INFO     | algorithms.ewc:train:114 - 4, EWC Loss: 0.922
2023-01-19 10:11:55.810 | INFO     | algorithms.ewc:train:68 - Starting epoch 5 / 50
2023-01-19 10:12:03.699 | INFO     | algorithms.ewc:train:109 - 5, loss: 4.775
2023-01-19 10:12:03.701 | INFO     | algorithms.ewc:train:114 - 5, EWC Loss: 0.926
2023-01-19 10:12:03.702 | INFO     | algorithms.ewc:train:68 - Starting epoch 6 / 50
2023-01-19 10:12:11.585 | INFO     | algorithms.ewc:train:109 - 6, loss: 4.771
2023-01-19 10:12:11.587 | INFO     | algorithms.ewc:train:114 - 6, EWC Loss: 0.929
2023-01-19 10:12:11.589 | INFO     | algorithms.ewc:train:68 - Starting epoch 7 / 50
2023-01-19 10:12:19.469 | INFO     | algorithms.ewc:train:109 - 7, loss: 4.769
2023-01-19 10:12:19.470 | INFO     | algorithms.ewc:train:114 - 7, EWC Loss: 0.937
2023-01-19 10:12:19.471 | INFO     | algorithms.ewc:train:68 - Starting epoch 8 / 50
2023-01-19 10:12:27.358 | INFO     | algorithms.ewc:train:109 - 8, loss: 4.765
2023-01-19 10:12:27.359 | INFO     | algorithms.ewc:train:114 - 8, EWC Loss: 0.935
2023-01-19 10:12:27.361 | INFO     | algorithms.ewc:train:68 - Starting epoch 9 / 50
2023-01-19 10:12:35.241 | INFO     | algorithms.ewc:train:109 - 9, loss: 4.762
2023-01-19 10:12:35.243 | INFO     | algorithms.ewc:train:114 - 9, EWC Loss: 0.938
2023-01-19 10:12:35.244 | INFO     | algorithms.ewc:train:68 - Starting epoch 10 / 50
2023-01-19 10:12:43.081 | INFO     | algorithms.ewc:train:109 - 10, loss: 4.764
2023-01-19 10:12:43.083 | INFO     | algorithms.ewc:train:114 - 10, EWC Loss: 0.939
2023-01-19 10:12:43.084 | INFO     | algorithms.ewc:train:68 - Starting epoch 11 / 50
2023-01-19 10:12:50.936 | INFO     | algorithms.ewc:train:109 - 11, loss: 4.757
2023-01-19 10:12:50.938 | INFO     | algorithms.ewc:train:114 - 11, EWC Loss: 0.939
2023-01-19 10:12:50.939 | INFO     | algorithms.ewc:train:68 - Starting epoch 12 / 50
2023-01-19 10:12:58.800 | INFO     | algorithms.ewc:train:109 - 12, loss: 4.756
2023-01-19 10:12:58.802 | INFO     | algorithms.ewc:train:114 - 12, EWC Loss: 0.944
2023-01-19 10:12:58.804 | INFO     | algorithms.ewc:train:68 - Starting epoch 13 / 50
2023-01-19 10:13:06.673 | INFO     | algorithms.ewc:train:109 - 13, loss: 4.748
2023-01-19 10:13:06.674 | INFO     | algorithms.ewc:train:114 - 13, EWC Loss: 0.942
2023-01-19 10:13:06.675 | INFO     | algorithms.ewc:train:68 - Starting epoch 14 / 50
2023-01-19 10:13:14.539 | INFO     | algorithms.ewc:train:109 - 14, loss: 4.754
2023-01-19 10:13:14.541 | INFO     | algorithms.ewc:train:114 - 14, EWC Loss: 0.942
2023-01-19 10:13:14.542 | INFO     | algorithms.ewc:train:68 - Starting epoch 15 / 50
2023-01-19 10:13:22.404 | INFO     | algorithms.ewc:train:109 - 15, loss: 4.745
2023-01-19 10:13:22.406 | INFO     | algorithms.ewc:train:114 - 15, EWC Loss: 0.941
2023-01-19 10:13:22.407 | INFO     | algorithms.ewc:train:68 - Starting epoch 16 / 50
2023-01-19 10:13:30.266 | INFO     | algorithms.ewc:train:109 - 16, loss: 4.745
2023-01-19 10:13:30.268 | INFO     | algorithms.ewc:train:114 - 16, EWC Loss: 0.948
2023-01-19 10:13:30.269 | INFO     | algorithms.ewc:train:68 - Starting epoch 17 / 50
2023-01-19 10:13:38.131 | INFO     | algorithms.ewc:train:109 - 17, loss: 4.745
2023-01-19 10:13:38.133 | INFO     | algorithms.ewc:train:114 - 17, EWC Loss: 0.940
2023-01-19 10:13:38.134 | INFO     | algorithms.ewc:train:68 - Starting epoch 18 / 50
2023-01-19 10:13:46.014 | INFO     | algorithms.ewc:train:109 - 18, loss: 4.740
2023-01-19 10:13:46.016 | INFO     | algorithms.ewc:train:114 - 18, EWC Loss: 0.947
2023-01-19 10:13:46.017 | INFO     | algorithms.ewc:train:68 - Starting epoch 19 / 50
2023-01-19 10:13:53.878 | INFO     | algorithms.ewc:train:109 - 19, loss: 4.742
2023-01-19 10:13:53.880 | INFO     | algorithms.ewc:train:114 - 19, EWC Loss: 0.941
2023-01-19 10:13:53.881 | INFO     | algorithms.ewc:train:68 - Starting epoch 20 / 50
2023-01-19 10:14:01.752 | INFO     | algorithms.ewc:train:109 - 20, loss: 4.738
2023-01-19 10:14:01.754 | INFO     | algorithms.ewc:train:114 - 20, EWC Loss: 0.951
2023-01-19 10:14:01.755 | INFO     | algorithms.ewc:train:68 - Starting epoch 21 / 50
2023-01-19 10:14:09.609 | INFO     | algorithms.ewc:train:109 - 21, loss: 4.736
2023-01-19 10:14:09.611 | INFO     | algorithms.ewc:train:114 - 21, EWC Loss: 0.945
2023-01-19 10:14:09.612 | INFO     | algorithms.ewc:train:68 - Starting epoch 22 / 50
2023-01-19 10:14:17.461 | INFO     | algorithms.ewc:train:109 - 22, loss: 4.734
2023-01-19 10:14:17.463 | INFO     | algorithms.ewc:train:114 - 22, EWC Loss: 0.947
2023-01-19 10:14:17.464 | INFO     | algorithms.ewc:train:68 - Starting epoch 23 / 50
2023-01-19 10:14:25.334 | INFO     | algorithms.ewc:train:109 - 23, loss: 4.732
2023-01-19 10:14:25.336 | INFO     | algorithms.ewc:train:114 - 23, EWC Loss: 0.948
2023-01-19 10:14:25.337 | INFO     | algorithms.ewc:train:68 - Starting epoch 24 / 50
2023-01-19 10:14:33.183 | INFO     | algorithms.ewc:train:109 - 24, loss: 4.730
2023-01-19 10:14:33.184 | INFO     | algorithms.ewc:train:114 - 24, EWC Loss: 0.950
2023-01-19 10:14:33.185 | INFO     | algorithms.ewc:train:68 - Starting epoch 25 / 50
2023-01-19 10:14:41.024 | INFO     | algorithms.ewc:train:109 - 25, loss: 4.731
2023-01-19 10:14:41.026 | INFO     | algorithms.ewc:train:114 - 25, EWC Loss: 0.949
2023-01-19 10:14:41.027 | INFO     | algorithms.ewc:train:68 - Starting epoch 26 / 50
2023-01-19 10:14:48.853 | INFO     | algorithms.ewc:train:109 - 26, loss: 4.726
2023-01-19 10:14:48.855 | INFO     | algorithms.ewc:train:114 - 26, EWC Loss: 0.948
2023-01-19 10:14:48.856 | INFO     | algorithms.ewc:train:68 - Starting epoch 27 / 50
2023-01-19 10:14:56.737 | INFO     | algorithms.ewc:train:109 - 27, loss: 4.729
2023-01-19 10:14:56.739 | INFO     | algorithms.ewc:train:114 - 27, EWC Loss: 0.949
2023-01-19 10:14:56.740 | INFO     | algorithms.ewc:train:68 - Starting epoch 28 / 50
2023-01-19 10:15:04.592 | INFO     | algorithms.ewc:train:109 - 28, loss: 4.727
2023-01-19 10:15:04.593 | INFO     | algorithms.ewc:train:114 - 28, EWC Loss: 0.952
2023-01-19 10:15:04.594 | INFO     | algorithms.ewc:train:68 - Starting epoch 29 / 50
2023-01-19 10:15:12.455 | INFO     | algorithms.ewc:train:109 - 29, loss: 4.722
2023-01-19 10:15:12.457 | INFO     | algorithms.ewc:train:114 - 29, EWC Loss: 0.946
2023-01-19 10:15:12.458 | INFO     | algorithms.ewc:train:68 - Starting epoch 30 / 50
2023-01-19 10:15:20.320 | INFO     | algorithms.ewc:train:109 - 30, loss: 4.719
2023-01-19 10:15:20.322 | INFO     | algorithms.ewc:train:114 - 30, EWC Loss: 0.953
2023-01-19 10:15:20.323 | INFO     | algorithms.ewc:train:68 - Starting epoch 31 / 50
2023-01-19 10:15:28.208 | INFO     | algorithms.ewc:train:109 - 31, loss: 4.720
2023-01-19 10:15:28.209 | INFO     | algorithms.ewc:train:114 - 31, EWC Loss: 0.947
2023-01-19 10:15:28.210 | INFO     | algorithms.ewc:train:68 - Starting epoch 32 / 50
2023-01-19 10:15:36.075 | INFO     | algorithms.ewc:train:109 - 32, loss: 4.718
2023-01-19 10:15:36.076 | INFO     | algorithms.ewc:train:114 - 32, EWC Loss: 0.952
2023-01-19 10:15:36.078 | INFO     | algorithms.ewc:train:68 - Starting epoch 33 / 50
2023-01-19 10:15:43.935 | INFO     | algorithms.ewc:train:109 - 33, loss: 4.719
2023-01-19 10:15:43.936 | INFO     | algorithms.ewc:train:114 - 33, EWC Loss: 0.950
2023-01-19 10:15:43.938 | INFO     | algorithms.ewc:train:68 - Starting epoch 34 / 50
2023-01-19 10:15:51.804 | INFO     | algorithms.ewc:train:109 - 34, loss: 4.711
2023-01-19 10:15:51.806 | INFO     | algorithms.ewc:train:114 - 34, EWC Loss: 0.949
2023-01-19 10:15:51.807 | INFO     | algorithms.ewc:train:68 - Starting epoch 35 / 50
2023-01-19 10:15:59.693 | INFO     | algorithms.ewc:train:109 - 35, loss: 4.715
2023-01-19 10:15:59.695 | INFO     | algorithms.ewc:train:114 - 35, EWC Loss: 0.953
2023-01-19 10:15:59.696 | INFO     | algorithms.ewc:train:68 - Starting epoch 36 / 50
2023-01-19 10:16:07.573 | INFO     | algorithms.ewc:train:109 - 36, loss: 4.716
2023-01-19 10:16:07.575 | INFO     | algorithms.ewc:train:114 - 36, EWC Loss: 0.955
2023-01-19 10:16:07.576 | INFO     | algorithms.ewc:train:68 - Starting epoch 37 / 50
2023-01-19 10:16:15.441 | INFO     | algorithms.ewc:train:109 - 37, loss: 4.712
2023-01-19 10:16:15.443 | INFO     | algorithms.ewc:train:114 - 37, EWC Loss: 0.951
2023-01-19 10:16:15.444 | INFO     | algorithms.ewc:train:68 - Starting epoch 38 / 50
2023-01-19 10:16:23.307 | INFO     | algorithms.ewc:train:109 - 38, loss: 4.710
2023-01-19 10:16:23.308 | INFO     | algorithms.ewc:train:114 - 38, EWC Loss: 0.951
2023-01-19 10:16:23.309 | INFO     | algorithms.ewc:train:68 - Starting epoch 39 / 50
2023-01-19 10:16:31.165 | INFO     | algorithms.ewc:train:109 - 39, loss: 4.708
2023-01-19 10:16:31.166 | INFO     | algorithms.ewc:train:114 - 39, EWC Loss: 0.951
2023-01-19 10:16:31.167 | INFO     | algorithms.ewc:train:68 - Starting epoch 40 / 50
2023-01-19 10:16:39.023 | INFO     | algorithms.ewc:train:109 - 40, loss: 4.705
2023-01-19 10:16:39.025 | INFO     | algorithms.ewc:train:114 - 40, EWC Loss: 0.955
2023-01-19 10:16:39.026 | INFO     | algorithms.ewc:train:68 - Starting epoch 41 / 50
2023-01-19 10:16:46.910 | INFO     | algorithms.ewc:train:109 - 41, loss: 4.711
2023-01-19 10:16:46.912 | INFO     | algorithms.ewc:train:114 - 41, EWC Loss: 0.951
2023-01-19 10:16:46.913 | INFO     | algorithms.ewc:train:68 - Starting epoch 42 / 50
2023-01-19 10:16:54.788 | INFO     | algorithms.ewc:train:109 - 42, loss: 4.702
2023-01-19 10:16:54.789 | INFO     | algorithms.ewc:train:114 - 42, EWC Loss: 0.957
2023-01-19 10:16:54.790 | INFO     | algorithms.ewc:train:68 - Starting epoch 43 / 50
2023-01-19 10:17:02.681 | INFO     | algorithms.ewc:train:109 - 43, loss: 4.705
2023-01-19 10:17:02.683 | INFO     | algorithms.ewc:train:114 - 43, EWC Loss: 0.955
2023-01-19 10:17:02.684 | INFO     | algorithms.ewc:train:68 - Starting epoch 44 / 50
2023-01-19 10:17:10.525 | INFO     | algorithms.ewc:train:109 - 44, loss: 4.705
2023-01-19 10:17:10.526 | INFO     | algorithms.ewc:train:114 - 44, EWC Loss: 0.952
2023-01-19 10:17:10.527 | INFO     | algorithms.ewc:train:68 - Starting epoch 45 / 50
2023-01-19 10:17:18.398 | INFO     | algorithms.ewc:train:109 - 45, loss: 4.692
2023-01-19 10:17:18.400 | INFO     | algorithms.ewc:train:114 - 45, EWC Loss: 0.956
2023-01-19 10:17:18.401 | INFO     | algorithms.ewc:train:68 - Starting epoch 46 / 50
2023-01-19 10:17:26.282 | INFO     | algorithms.ewc:train:109 - 46, loss: 4.706
2023-01-19 10:17:26.284 | INFO     | algorithms.ewc:train:114 - 46, EWC Loss: 0.958
2023-01-19 10:17:26.285 | INFO     | algorithms.ewc:train:68 - Starting epoch 47 / 50
2023-01-19 10:17:34.144 | INFO     | algorithms.ewc:train:109 - 47, loss: 4.702
2023-01-19 10:17:34.146 | INFO     | algorithms.ewc:train:114 - 47, EWC Loss: 0.950
2023-01-19 10:17:34.147 | INFO     | algorithms.ewc:train:68 - Starting epoch 48 / 50
2023-01-19 10:17:41.999 | INFO     | algorithms.ewc:train:109 - 48, loss: 4.701
2023-01-19 10:17:42.001 | INFO     | algorithms.ewc:train:114 - 48, EWC Loss: 0.958
2023-01-19 10:17:42.002 | INFO     | algorithms.ewc:train:68 - Starting epoch 49 / 50
2023-01-19 10:17:49.875 | INFO     | algorithms.ewc:train:109 - 49, loss: 4.695
2023-01-19 10:17:49.876 | INFO     | algorithms.ewc:train:114 - 49, EWC Loss: 0.954
2023-01-19 10:17:49.877 | INFO     | algorithms.ewc:train:68 - Starting epoch 50 / 50
2023-01-19 10:17:57.761 | INFO     | algorithms.ewc:train:109 - 50, loss: 4.703
2023-01-19 10:17:57.763 | INFO     | algorithms.ewc:train:114 - 50, EWC Loss: 0.959
2023-01-19 10:17:57.764 | INFO     | algorithms.algorithm_base:run_base_task_metrics:146 - Running metrics: Task 1
2023-01-19 10:18:01.726 | DEBUG    | algorithms.algorithm_base:run_base_task_metrics:202 - Raw classification accuracy results saved to ./output/ewc/1674122753.8785808_CIFAR100_OFFICIAL_RUN/task_1_accuracy_results.json
2023-01-19 10:18:01.727 | INFO     | algorithms.algorithm_base:run_base_task_metrics:203 - Correctly classified 1163 / 10000 samples (11.63% correct)
2023-01-19 10:18:02.107 | DEBUG    | algorithms.ewc:train:131 - Consolidating EWC parameters
2023-01-19 10:18:02.112 | DEBUG    | algorithms.ewc:consolidate:137 - Copying existing model parameters
2023-01-19 10:18:02.119 | DEBUG    | algorithms.ewc:consolidate:140 - Computing FIM
2023-01-19 10:18:03.145 | DEBUG    | algorithms.ewc:fim_diag:208 - Samples:   100. Fps: 97.6947 samples/s.
2023-01-19 10:18:04.143 | DEBUG    | algorithms.ewc:fim_diag:208 - Samples:   200. Fps: 100.1887 samples/s.
2023-01-19 10:18:05.145 | DEBUG    | algorithms.ewc:fim_diag:208 - Samples:   300. Fps: 99.8208 samples/s.
2023-01-19 10:18:06.147 | DEBUG    | algorithms.ewc:fim_diag:208 - Samples:   400. Fps: 99.7984 samples/s.
2023-01-19 10:18:07.145 | DEBUG    | algorithms.ewc:fim_diag:208 - Samples:   500. Fps: 100.1789 samples/s.
2023-01-19 10:18:08.147 | DEBUG    | algorithms.ewc:fim_diag:208 - Samples:   600. Fps: 99.7998 samples/s.
2023-01-19 10:18:09.149 | DEBUG    | algorithms.ewc:fim_diag:208 - Samples:   700. Fps: 99.8483 samples/s.
2023-01-19 10:18:10.149 | DEBUG    | algorithms.ewc:fim_diag:208 - Samples:   800. Fps: 99.9960 samples/s.
2023-01-19 10:18:11.161 | DEBUG    | algorithms.ewc:fim_diag:208 - Samples:   900. Fps: 98.7732 samples/s.
2023-01-19 10:18:12.162 | DEBUG    | algorithms.ewc:fim_diag:208 - Samples:  1000. Fps: 99.9232 samples/s.
2023-01-19 10:18:13.170 | DEBUG    | algorithms.ewc:fim_diag:208 - Samples:  1100. Fps: 99.1532 samples/s.
2023-01-19 10:18:14.170 | DEBUG    | algorithms.ewc:fim_diag:208 - Samples:  1200. Fps: 100.0767 samples/s.
2023-01-19 10:18:15.170 | DEBUG    | algorithms.ewc:fim_diag:208 - Samples:  1300. Fps: 99.9182 samples/s.
2023-01-19 10:18:16.167 | DEBUG    | algorithms.ewc:fim_diag:208 - Samples:  1400. Fps: 100.3339 samples/s.
2023-01-19 10:18:17.163 | DEBUG    | algorithms.ewc:fim_diag:208 - Samples:  1500. Fps: 100.4246 samples/s.
2023-01-19 10:18:18.164 | DEBUG    | algorithms.ewc:fim_diag:208 - Samples:  1600. Fps: 99.9335 samples/s.
2023-01-19 10:18:19.177 | DEBUG    | algorithms.ewc:fim_diag:208 - Samples:  1700. Fps: 98.6361 samples/s.
2023-01-19 10:18:20.178 | DEBUG    | algorithms.ewc:fim_diag:208 - Samples:  1800. Fps: 99.9684 samples/s.
2023-01-19 10:18:21.186 | DEBUG    | algorithms.ewc:fim_diag:208 - Samples:  1900. Fps: 99.1951 samples/s.
2023-01-19 10:18:22.185 | DEBUG    | algorithms.ewc:fim_diag:208 - Samples:  2000. Fps: 100.0874 samples/s.
2023-01-19 10:18:23.193 | DEBUG    | algorithms.ewc:fim_diag:208 - Samples:  2100. Fps: 99.2262 samples/s.
2023-01-19 10:18:24.193 | DEBUG    | algorithms.ewc:fim_diag:208 - Samples:  2200. Fps: 100.0199 samples/s.
2023-01-19 10:18:25.192 | DEBUG    | algorithms.ewc:fim_diag:208 - Samples:  2300. Fps: 100.0873 samples/s.
2023-01-19 10:18:26.190 | DEBUG    | algorithms.ewc:fim_diag:208 - Samples:  2400. Fps: 100.1420 samples/s.
2023-01-19 10:18:27.206 | DEBUG    | algorithms.ewc:fim_diag:208 - Samples:  2500. Fps: 98.4546 samples/s.
2023-01-19 10:18:28.208 | DEBUG    | algorithms.ewc:fim_diag:208 - Samples:  2600. Fps: 99.7767 samples/s.
2023-01-19 10:18:29.206 | DEBUG    | algorithms.ewc:fim_diag:208 - Samples:  2700. Fps: 100.2314 samples/s.
2023-01-19 10:18:30.205 | DEBUG    | algorithms.ewc:fim_diag:208 - Samples:  2800. Fps: 100.0462 samples/s.
2023-01-19 10:18:31.203 | DEBUG    | algorithms.ewc:fim_diag:208 - Samples:  2900. Fps: 100.2102 samples/s.
2023-01-19 10:18:32.198 | DEBUG    | algorithms.ewc:fim_diag:208 - Samples:  3000. Fps: 100.5759 samples/s.
2023-01-19 10:18:33.206 | DEBUG    | algorithms.ewc:fim_diag:208 - Samples:  3100. Fps: 99.1685 samples/s.
2023-01-19 10:18:34.202 | DEBUG    | algorithms.ewc:fim_diag:208 - Samples:  3200. Fps: 100.4035 samples/s.
2023-01-19 10:18:35.214 | DEBUG    | algorithms.ewc:fim_diag:208 - Samples:  3300. Fps: 98.8498 samples/s.
2023-01-19 10:18:36.214 | DEBUG    | algorithms.ewc:fim_diag:208 - Samples:  3400. Fps: 100.0088 samples/s.
2023-01-19 10:18:37.214 | DEBUG    | algorithms.ewc:fim_diag:208 - Samples:  3500. Fps: 99.9066 samples/s.
2023-01-19 10:18:38.216 | DEBUG    | algorithms.ewc:fim_diag:208 - Samples:  3600. Fps: 99.8460 samples/s.
2023-01-19 10:18:39.217 | DEBUG    | algorithms.ewc:fim_diag:208 - Samples:  3700. Fps: 100.0095 samples/s.
2023-01-19 10:18:40.214 | DEBUG    | algorithms.ewc:fim_diag:208 - Samples:  3800. Fps: 100.1834 samples/s.
2023-01-19 10:18:41.212 | DEBUG    | algorithms.ewc:fim_diag:208 - Samples:  3900. Fps: 100.1950 samples/s.
2023-01-19 10:18:42.211 | DEBUG    | algorithms.ewc:fim_diag:208 - Samples:  4000. Fps: 100.0967 samples/s.
2023-01-19 10:18:43.186 | INFO     | algorithms.ewc:train:64 - Task 3 / 5
2023-01-19 10:18:43.187 | INFO     | algorithms.ewc:train:65 - Classes in task: ['telephone', 'leopard', 'clock', 'rabbit', 'pickup_truck', 'chair', 'bottle', 'television', 'spider', 'crocodile', 'dinosaur', 'beetle', 'mushroom', 'house', 'mouse', 'kangaroo', 'lamp', 'plain', 'road', 'camel']
2023-01-19 10:18:43.188 | INFO     | algorithms.ewc:train:68 - Starting epoch 1 / 50
2023-01-19 10:18:51.030 | INFO     | algorithms.ewc:train:109 - 1, loss: 5.603
2023-01-19 10:18:51.031 | INFO     | algorithms.ewc:train:114 - 1, EWC Loss: 0.416
2023-01-19 10:18:51.033 | INFO     | algorithms.ewc:train:68 - Starting epoch 2 / 50
2023-01-19 10:18:58.883 | INFO     | algorithms.ewc:train:109 - 2, loss: 5.346
2023-01-19 10:18:58.885 | INFO     | algorithms.ewc:train:114 - 2, EWC Loss: 0.679
2023-01-19 10:18:58.886 | INFO     | algorithms.ewc:train:68 - Starting epoch 3 / 50
2023-01-19 10:19:06.775 | INFO     | algorithms.ewc:train:109 - 3, loss: 5.324
2023-01-19 10:19:06.777 | INFO     | algorithms.ewc:train:114 - 3, EWC Loss: 0.737
2023-01-19 10:19:06.778 | INFO     | algorithms.ewc:train:68 - Starting epoch 4 / 50
2023-01-19 10:19:14.644 | INFO     | algorithms.ewc:train:109 - 4, loss: 5.320
2023-01-19 10:19:14.646 | INFO     | algorithms.ewc:train:114 - 4, EWC Loss: 0.752
2023-01-19 10:19:14.647 | INFO     | algorithms.ewc:train:68 - Starting epoch 5 / 50
2023-01-19 10:19:22.540 | INFO     | algorithms.ewc:train:109 - 5, loss: 5.314
2023-01-19 10:19:22.541 | INFO     | algorithms.ewc:train:114 - 5, EWC Loss: 0.765
2023-01-19 10:19:22.542 | INFO     | algorithms.ewc:train:68 - Starting epoch 6 / 50
2023-01-19 10:19:30.410 | INFO     | algorithms.ewc:train:109 - 6, loss: 5.312
2023-01-19 10:19:30.411 | INFO     | algorithms.ewc:train:114 - 6, EWC Loss: 0.771
2023-01-19 10:19:30.412 | INFO     | algorithms.ewc:train:68 - Starting epoch 7 / 50
2023-01-19 10:19:38.265 | INFO     | algorithms.ewc:train:109 - 7, loss: 5.310
2023-01-19 10:19:38.267 | INFO     | algorithms.ewc:train:114 - 7, EWC Loss: 0.775
2023-01-19 10:19:38.268 | INFO     | algorithms.ewc:train:68 - Starting epoch 8 / 50
2023-01-19 10:19:46.140 | INFO     | algorithms.ewc:train:109 - 8, loss: 5.306
2023-01-19 10:19:46.142 | INFO     | algorithms.ewc:train:114 - 8, EWC Loss: 0.780
2023-01-19 10:19:46.143 | INFO     | algorithms.ewc:train:68 - Starting epoch 9 / 50
2023-01-19 10:19:54.011 | INFO     | algorithms.ewc:train:109 - 9, loss: 5.307
2023-01-19 10:19:54.013 | INFO     | algorithms.ewc:train:114 - 9, EWC Loss: 0.779
2023-01-19 10:19:54.014 | INFO     | algorithms.ewc:train:68 - Starting epoch 10 / 50
2023-01-19 10:20:01.869 | INFO     | algorithms.ewc:train:109 - 10, loss: 5.305
2023-01-19 10:20:01.871 | INFO     | algorithms.ewc:train:114 - 10, EWC Loss: 0.783
2023-01-19 10:20:01.872 | INFO     | algorithms.ewc:train:68 - Starting epoch 11 / 50
2023-01-19 10:20:09.750 | INFO     | algorithms.ewc:train:109 - 11, loss: 5.301
2023-01-19 10:20:09.751 | INFO     | algorithms.ewc:train:114 - 11, EWC Loss: 0.785
2023-01-19 10:20:09.752 | INFO     | algorithms.ewc:train:68 - Starting epoch 12 / 50
2023-01-19 10:20:17.604 | INFO     | algorithms.ewc:train:109 - 12, loss: 5.300
2023-01-19 10:20:17.606 | INFO     | algorithms.ewc:train:114 - 12, EWC Loss: 0.786
2023-01-19 10:20:17.607 | INFO     | algorithms.ewc:train:68 - Starting epoch 13 / 50
2023-01-19 10:20:25.492 | INFO     | algorithms.ewc:train:109 - 13, loss: 5.298
2023-01-19 10:20:25.494 | INFO     | algorithms.ewc:train:114 - 13, EWC Loss: 0.787
2023-01-19 10:20:25.495 | INFO     | algorithms.ewc:train:68 - Starting epoch 14 / 50
2023-01-19 10:20:33.360 | INFO     | algorithms.ewc:train:109 - 14, loss: 5.294
2023-01-19 10:20:33.362 | INFO     | algorithms.ewc:train:114 - 14, EWC Loss: 0.791
2023-01-19 10:20:33.363 | INFO     | algorithms.ewc:train:68 - Starting epoch 15 / 50
2023-01-19 10:20:41.235 | INFO     | algorithms.ewc:train:109 - 15, loss: 5.297
2023-01-19 10:20:41.237 | INFO     | algorithms.ewc:train:114 - 15, EWC Loss: 0.792
2023-01-19 10:20:41.238 | INFO     | algorithms.ewc:train:68 - Starting epoch 16 / 50
2023-01-19 10:20:49.105 | INFO     | algorithms.ewc:train:109 - 16, loss: 5.297
2023-01-19 10:20:49.106 | INFO     | algorithms.ewc:train:114 - 16, EWC Loss: 0.794
2023-01-19 10:20:49.107 | INFO     | algorithms.ewc:train:68 - Starting epoch 17 / 50
2023-01-19 10:20:56.991 | INFO     | algorithms.ewc:train:109 - 17, loss: 5.294
2023-01-19 10:20:56.993 | INFO     | algorithms.ewc:train:114 - 17, EWC Loss: 0.794
2023-01-19 10:20:56.994 | INFO     | algorithms.ewc:train:68 - Starting epoch 18 / 50
2023-01-19 10:21:04.850 | INFO     | algorithms.ewc:train:109 - 18, loss: 5.289
2023-01-19 10:21:04.852 | INFO     | algorithms.ewc:train:114 - 18, EWC Loss: 0.794
2023-01-19 10:21:04.853 | INFO     | algorithms.ewc:train:68 - Starting epoch 19 / 50
2023-01-19 10:21:12.704 | INFO     | algorithms.ewc:train:109 - 19, loss: 5.291
2023-01-19 10:21:12.706 | INFO     | algorithms.ewc:train:114 - 19, EWC Loss: 0.799
2023-01-19 10:21:12.707 | INFO     | algorithms.ewc:train:68 - Starting epoch 20 / 50
2023-01-19 10:21:20.592 | INFO     | algorithms.ewc:train:109 - 20, loss: 5.293
2023-01-19 10:21:20.594 | INFO     | algorithms.ewc:train:114 - 20, EWC Loss: 0.796
2023-01-19 10:21:20.595 | INFO     | algorithms.ewc:train:68 - Starting epoch 21 / 50
2023-01-19 10:21:28.516 | INFO     | algorithms.ewc:train:109 - 21, loss: 5.291
2023-01-19 10:21:28.518 | INFO     | algorithms.ewc:train:114 - 21, EWC Loss: 0.802
2023-01-19 10:21:28.519 | INFO     | algorithms.ewc:train:68 - Starting epoch 22 / 50
2023-01-19 10:21:36.398 | INFO     | algorithms.ewc:train:109 - 22, loss: 5.286
2023-01-19 10:21:36.399 | INFO     | algorithms.ewc:train:114 - 22, EWC Loss: 0.800
2023-01-19 10:21:36.400 | INFO     | algorithms.ewc:train:68 - Starting epoch 23 / 50
2023-01-19 10:21:44.387 | INFO     | algorithms.ewc:train:109 - 23, loss: 5.290
2023-01-19 10:21:44.389 | INFO     | algorithms.ewc:train:114 - 23, EWC Loss: 0.800
2023-01-19 10:21:44.390 | INFO     | algorithms.ewc:train:68 - Starting epoch 24 / 50
2023-01-19 10:21:52.395 | INFO     | algorithms.ewc:train:109 - 24, loss: 5.289
2023-01-19 10:21:52.396 | INFO     | algorithms.ewc:train:114 - 24, EWC Loss: 0.803
2023-01-19 10:21:52.397 | INFO     | algorithms.ewc:train:68 - Starting epoch 25 / 50
2023-01-19 10:22:00.260 | INFO     | algorithms.ewc:train:109 - 25, loss: 5.286
2023-01-19 10:22:00.261 | INFO     | algorithms.ewc:train:114 - 25, EWC Loss: 0.805
2023-01-19 10:22:00.262 | INFO     | algorithms.ewc:train:68 - Starting epoch 26 / 50
2023-01-19 10:22:08.209 | INFO     | algorithms.ewc:train:109 - 26, loss: 5.286
2023-01-19 10:22:08.211 | INFO     | algorithms.ewc:train:114 - 26, EWC Loss: 0.803
2023-01-19 10:22:08.212 | INFO     | algorithms.ewc:train:68 - Starting epoch 27 / 50
2023-01-19 10:22:16.236 | INFO     | algorithms.ewc:train:109 - 27, loss: 5.284
2023-01-19 10:22:16.237 | INFO     | algorithms.ewc:train:114 - 27, EWC Loss: 0.807
2023-01-19 10:22:16.238 | INFO     | algorithms.ewc:train:68 - Starting epoch 28 / 50
2023-01-19 10:22:24.287 | INFO     | algorithms.ewc:train:109 - 28, loss: 5.286
2023-01-19 10:22:24.288 | INFO     | algorithms.ewc:train:114 - 28, EWC Loss: 0.804
2023-01-19 10:22:24.290 | INFO     | algorithms.ewc:train:68 - Starting epoch 29 / 50
2023-01-19 10:22:32.278 | INFO     | algorithms.ewc:train:109 - 29, loss: 5.285
2023-01-19 10:22:32.280 | INFO     | algorithms.ewc:train:114 - 29, EWC Loss: 0.805
2023-01-19 10:22:32.281 | INFO     | algorithms.ewc:train:68 - Starting epoch 30 / 50
2023-01-19 10:22:40.139 | INFO     | algorithms.ewc:train:109 - 30, loss: 5.282
2023-01-19 10:22:40.140 | INFO     | algorithms.ewc:train:114 - 30, EWC Loss: 0.806
2023-01-19 10:22:40.141 | INFO     | algorithms.ewc:train:68 - Starting epoch 31 / 50
2023-01-19 10:22:48.005 | INFO     | algorithms.ewc:train:109 - 31, loss: 5.281
2023-01-19 10:22:48.007 | INFO     | algorithms.ewc:train:114 - 31, EWC Loss: 0.808
2023-01-19 10:22:48.008 | INFO     | algorithms.ewc:train:68 - Starting epoch 32 / 50
2023-01-19 10:22:55.876 | INFO     | algorithms.ewc:train:109 - 32, loss: 5.282
2023-01-19 10:22:55.878 | INFO     | algorithms.ewc:train:114 - 32, EWC Loss: 0.810
2023-01-19 10:22:55.879 | INFO     | algorithms.ewc:train:68 - Starting epoch 33 / 50
2023-01-19 10:23:03.754 | INFO     | algorithms.ewc:train:109 - 33, loss: 5.283
2023-01-19 10:23:03.756 | INFO     | algorithms.ewc:train:114 - 33, EWC Loss: 0.811
2023-01-19 10:23:03.757 | INFO     | algorithms.ewc:train:68 - Starting epoch 34 / 50
2023-01-19 10:23:11.631 | INFO     | algorithms.ewc:train:109 - 34, loss: 5.284
2023-01-19 10:23:11.633 | INFO     | algorithms.ewc:train:114 - 34, EWC Loss: 0.811
2023-01-19 10:23:11.634 | INFO     | algorithms.ewc:train:68 - Starting epoch 35 / 50
2023-01-19 10:23:19.484 | INFO     | algorithms.ewc:train:109 - 35, loss: 5.278
2023-01-19 10:23:19.486 | INFO     | algorithms.ewc:train:114 - 35, EWC Loss: 0.811
2023-01-19 10:23:19.487 | INFO     | algorithms.ewc:train:68 - Starting epoch 36 / 50
2023-01-19 10:23:27.369 | INFO     | algorithms.ewc:train:109 - 36, loss: 5.276
2023-01-19 10:23:27.370 | INFO     | algorithms.ewc:train:114 - 36, EWC Loss: 0.813
2023-01-19 10:23:27.371 | INFO     | algorithms.ewc:train:68 - Starting epoch 37 / 50
2023-01-19 10:23:35.260 | INFO     | algorithms.ewc:train:109 - 37, loss: 5.277
2023-01-19 10:23:35.262 | INFO     | algorithms.ewc:train:114 - 37, EWC Loss: 0.814
2023-01-19 10:23:35.263 | INFO     | algorithms.ewc:train:68 - Starting epoch 38 / 50
2023-01-19 10:23:43.144 | INFO     | algorithms.ewc:train:109 - 38, loss: 5.281
2023-01-19 10:23:43.146 | INFO     | algorithms.ewc:train:114 - 38, EWC Loss: 0.812
2023-01-19 10:23:43.147 | INFO     | algorithms.ewc:train:68 - Starting epoch 39 / 50
2023-01-19 10:23:51.028 | INFO     | algorithms.ewc:train:109 - 39, loss: 5.276
2023-01-19 10:23:51.030 | INFO     | algorithms.ewc:train:114 - 39, EWC Loss: 0.814
2023-01-19 10:23:51.031 | INFO     | algorithms.ewc:train:68 - Starting epoch 40 / 50
2023-01-19 10:23:58.935 | INFO     | algorithms.ewc:train:109 - 40, loss: 5.278
2023-01-19 10:23:58.937 | INFO     | algorithms.ewc:train:114 - 40, EWC Loss: 0.813
2023-01-19 10:23:58.938 | INFO     | algorithms.ewc:train:68 - Starting epoch 41 / 50
2023-01-19 10:24:06.799 | INFO     | algorithms.ewc:train:109 - 41, loss: 5.277
2023-01-19 10:24:06.801 | INFO     | algorithms.ewc:train:114 - 41, EWC Loss: 0.816
2023-01-19 10:24:06.802 | INFO     | algorithms.ewc:train:68 - Starting epoch 42 / 50
2023-01-19 10:24:14.664 | INFO     | algorithms.ewc:train:109 - 42, loss: 5.278
2023-01-19 10:24:14.666 | INFO     | algorithms.ewc:train:114 - 42, EWC Loss: 0.817
2023-01-19 10:24:14.667 | INFO     | algorithms.ewc:train:68 - Starting epoch 43 / 50
2023-01-19 10:24:22.521 | INFO     | algorithms.ewc:train:109 - 43, loss: 5.273
2023-01-19 10:24:22.523 | INFO     | algorithms.ewc:train:114 - 43, EWC Loss: 0.815
2023-01-19 10:24:22.524 | INFO     | algorithms.ewc:train:68 - Starting epoch 44 / 50
2023-01-19 10:24:30.409 | INFO     | algorithms.ewc:train:109 - 44, loss: 5.276
2023-01-19 10:24:30.410 | INFO     | algorithms.ewc:train:114 - 44, EWC Loss: 0.815
2023-01-19 10:24:30.411 | INFO     | algorithms.ewc:train:68 - Starting epoch 45 / 50
2023-01-19 10:24:38.272 | INFO     | algorithms.ewc:train:109 - 45, loss: 5.276
2023-01-19 10:24:38.274 | INFO     | algorithms.ewc:train:114 - 45, EWC Loss: 0.816
2023-01-19 10:24:38.275 | INFO     | algorithms.ewc:train:68 - Starting epoch 46 / 50
2023-01-19 10:24:46.146 | INFO     | algorithms.ewc:train:109 - 46, loss: 5.274
2023-01-19 10:24:46.148 | INFO     | algorithms.ewc:train:114 - 46, EWC Loss: 0.815
2023-01-19 10:24:46.149 | INFO     | algorithms.ewc:train:68 - Starting epoch 47 / 50
2023-01-19 10:24:54.007 | INFO     | algorithms.ewc:train:109 - 47, loss: 5.276
2023-01-19 10:24:54.010 | INFO     | algorithms.ewc:train:114 - 47, EWC Loss: 0.820
2023-01-19 10:24:54.011 | INFO     | algorithms.ewc:train:68 - Starting epoch 48 / 50
2023-01-19 10:25:01.881 | INFO     | algorithms.ewc:train:109 - 48, loss: 5.277
2023-01-19 10:25:01.882 | INFO     | algorithms.ewc:train:114 - 48, EWC Loss: 0.818
2023-01-19 10:25:01.883 | INFO     | algorithms.ewc:train:68 - Starting epoch 49 / 50
2023-01-19 10:25:09.749 | INFO     | algorithms.ewc:train:109 - 49, loss: 5.275
2023-01-19 10:25:09.751 | INFO     | algorithms.ewc:train:114 - 49, EWC Loss: 0.821
2023-01-19 10:25:09.752 | INFO     | algorithms.ewc:train:68 - Starting epoch 50 / 50
2023-01-19 10:25:17.607 | INFO     | algorithms.ewc:train:109 - 50, loss: 5.272
2023-01-19 10:25:17.608 | INFO     | algorithms.ewc:train:114 - 50, EWC Loss: 0.819
2023-01-19 10:25:17.609 | INFO     | algorithms.algorithm_base:run_base_task_metrics:146 - Running metrics: Task 2
2023-01-19 10:25:21.570 | DEBUG    | algorithms.algorithm_base:run_base_task_metrics:202 - Raw classification accuracy results saved to ./output/ewc/1674122753.8785808_CIFAR100_OFFICIAL_RUN/task_2_accuracy_results.json
2023-01-19 10:25:21.572 | INFO     | algorithms.algorithm_base:run_base_task_metrics:203 - Correctly classified 1011 / 10000 samples (10.11% correct)
2023-01-19 10:25:21.993 | DEBUG    | algorithms.ewc:train:131 - Consolidating EWC parameters
2023-01-19 10:25:21.999 | DEBUG    | algorithms.ewc:consolidate:137 - Copying existing model parameters
2023-01-19 10:25:22.005 | DEBUG    | algorithms.ewc:consolidate:140 - Computing FIM
2023-01-19 10:25:23.022 | DEBUG    | algorithms.ewc:fim_diag:208 - Samples:   100. Fps: 98.6146 samples/s.
2023-01-19 10:25:24.032 | DEBUG    | algorithms.ewc:fim_diag:208 - Samples:   200. Fps: 99.0035 samples/s.
2023-01-19 10:25:25.031 | DEBUG    | algorithms.ewc:fim_diag:208 - Samples:   300. Fps: 100.0530 samples/s.
2023-01-19 10:25:26.029 | DEBUG    | algorithms.ewc:fim_diag:208 - Samples:   400. Fps: 100.2430 samples/s.
2023-01-19 10:25:27.032 | DEBUG    | algorithms.ewc:fim_diag:208 - Samples:   500. Fps: 99.6608 samples/s.
2023-01-19 10:25:28.028 | DEBUG    | algorithms.ewc:fim_diag:208 - Samples:   600. Fps: 100.3958 samples/s.
2023-01-19 10:25:29.029 | DEBUG    | algorithms.ewc:fim_diag:208 - Samples:   700. Fps: 99.9153 samples/s.
2023-01-19 10:25:30.025 | DEBUG    | algorithms.ewc:fim_diag:208 - Samples:   800. Fps: 100.3852 samples/s.
2023-01-19 10:25:31.041 | DEBUG    | algorithms.ewc:fim_diag:208 - Samples:   900. Fps: 98.4320 samples/s.
2023-01-19 10:25:32.043 | DEBUG    | algorithms.ewc:fim_diag:208 - Samples:  1000. Fps: 99.8110 samples/s.
2023-01-19 10:25:33.041 | DEBUG    | algorithms.ewc:fim_diag:208 - Samples:  1100. Fps: 100.2168 samples/s.
2023-01-19 10:25:34.048 | DEBUG    | algorithms.ewc:fim_diag:208 - Samples:  1200. Fps: 99.2953 samples/s.
2023-01-19 10:25:35.047 | DEBUG    | algorithms.ewc:fim_diag:208 - Samples:  1300. Fps: 100.0981 samples/s.
2023-01-19 10:25:36.047 | DEBUG    | algorithms.ewc:fim_diag:208 - Samples:  1400. Fps: 100.0388 samples/s.
2023-01-19 10:25:37.048 | DEBUG    | algorithms.ewc:fim_diag:208 - Samples:  1500. Fps: 99.8981 samples/s.
2023-01-19 10:25:38.046 | DEBUG    | algorithms.ewc:fim_diag:208 - Samples:  1600. Fps: 100.1874 samples/s.
2023-01-19 10:25:39.061 | DEBUG    | algorithms.ewc:fim_diag:208 - Samples:  1700. Fps: 98.4732 samples/s.
2023-01-19 10:25:40.061 | DEBUG    | algorithms.ewc:fim_diag:208 - Samples:  1800. Fps: 100.0384 samples/s.
2023-01-19 10:25:41.061 | DEBUG    | algorithms.ewc:fim_diag:208 - Samples:  1900. Fps: 100.0109 samples/s.
2023-01-19 10:25:42.062 | DEBUG    | algorithms.ewc:fim_diag:208 - Samples:  2000. Fps: 99.8672 samples/s.
2023-01-19 10:25:43.060 | DEBUG    | algorithms.ewc:fim_diag:208 - Samples:  2100. Fps: 100.2383 samples/s.
2023-01-19 10:25:44.066 | DEBUG    | algorithms.ewc:fim_diag:208 - Samples:  2200. Fps: 99.3482 samples/s.
2023-01-19 10:25:45.064 | DEBUG    | algorithms.ewc:fim_diag:208 - Samples:  2300. Fps: 100.2671 samples/s.
2023-01-19 10:25:46.064 | DEBUG    | algorithms.ewc:fim_diag:208 - Samples:  2400. Fps: 99.9472 samples/s.
2023-01-19 10:25:47.081 | DEBUG    | algorithms.ewc:fim_diag:208 - Samples:  2500. Fps: 98.3625 samples/s.
2023-01-19 10:25:48.078 | DEBUG    | algorithms.ewc:fim_diag:208 - Samples:  2600. Fps: 100.2543 samples/s.
2023-01-19 10:25:49.073 | DEBUG    | algorithms.ewc:fim_diag:208 - Samples:  2700. Fps: 100.5552 samples/s.
2023-01-19 10:25:50.070 | DEBUG    | algorithms.ewc:fim_diag:208 - Samples:  2800. Fps: 100.2886 samples/s.
2023-01-19 10:25:51.070 | DEBUG    | algorithms.ewc:fim_diag:208 - Samples:  2900. Fps: 99.9677 samples/s.
2023-01-19 10:25:52.073 | DEBUG    | algorithms.ewc:fim_diag:208 - Samples:  3000. Fps: 99.7540 samples/s.
2023-01-19 10:25:53.072 | DEBUG    | algorithms.ewc:fim_diag:208 - Samples:  3100. Fps: 100.0755 samples/s.
2023-01-19 10:25:54.083 | DEBUG    | algorithms.ewc:fim_diag:208 - Samples:  3200. Fps: 98.8477 samples/s.
2023-01-19 10:25:55.100 | DEBUG    | algorithms.ewc:fim_diag:208 - Samples:  3300. Fps: 98.3635 samples/s.
2023-01-19 10:25:56.100 | DEBUG    | algorithms.ewc:fim_diag:208 - Samples:  3400. Fps: 99.9770 samples/s.
2023-01-19 10:25:57.107 | DEBUG    | algorithms.ewc:fim_diag:208 - Samples:  3500. Fps: 99.3450 samples/s.
2023-01-19 10:25:58.110 | DEBUG    | algorithms.ewc:fim_diag:208 - Samples:  3600. Fps: 99.7251 samples/s.
2023-01-19 10:25:59.113 | DEBUG    | algorithms.ewc:fim_diag:208 - Samples:  3700. Fps: 99.6615 samples/s.
2023-01-19 10:26:00.118 | DEBUG    | algorithms.ewc:fim_diag:208 - Samples:  3800. Fps: 99.4672 samples/s.
2023-01-19 10:26:01.117 | DEBUG    | algorithms.ewc:fim_diag:208 - Samples:  3900. Fps: 100.1335 samples/s.
2023-01-19 10:26:02.119 | DEBUG    | algorithms.ewc:fim_diag:208 - Samples:  4000. Fps: 99.7905 samples/s.
2023-01-19 10:26:03.083 | INFO     | algorithms.ewc:train:64 - Task 4 / 5
2023-01-19 10:26:03.084 | INFO     | algorithms.ewc:train:65 - Classes in task: ['table', 'flatfish', 'mountain', 'lawn_mower', 'dolphin', 'rocket', 'forest', 'sunflower', 'otter', 'turtle', 'cup', 'crab', 'apple', 'oak_tree', 'hamster', 'keyboard', 'wardrobe', 'rose', 'lion', 'seal']
2023-01-19 10:26:03.085 | INFO     | algorithms.ewc:train:68 - Starting epoch 1 / 50
2023-01-19 10:26:10.960 | INFO     | algorithms.ewc:train:109 - 1, loss: 5.391
2023-01-19 10:26:10.961 | INFO     | algorithms.ewc:train:114 - 1, EWC Loss: 0.559
2023-01-19 10:26:10.963 | INFO     | algorithms.ewc:train:68 - Starting epoch 2 / 50
2023-01-19 10:26:18.836 | INFO     | algorithms.ewc:train:109 - 2, loss: 5.072
2023-01-19 10:26:18.837 | INFO     | algorithms.ewc:train:114 - 2, EWC Loss: 0.822
2023-01-19 10:26:18.839 | INFO     | algorithms.ewc:train:68 - Starting epoch 3 / 50
2023-01-19 10:26:26.708 | INFO     | algorithms.ewc:train:109 - 3, loss: 5.015
2023-01-19 10:26:26.710 | INFO     | algorithms.ewc:train:114 - 3, EWC Loss: 0.894
2023-01-19 10:26:26.712 | INFO     | algorithms.ewc:train:68 - Starting epoch 4 / 50
2023-01-19 10:26:34.567 | INFO     | algorithms.ewc:train:109 - 4, loss: 4.980
2023-01-19 10:26:34.568 | INFO     | algorithms.ewc:train:114 - 4, EWC Loss: 0.947
2023-01-19 10:26:34.569 | INFO     | algorithms.ewc:train:68 - Starting epoch 5 / 50
2023-01-19 10:26:42.453 | INFO     | algorithms.ewc:train:109 - 5, loss: 4.948
2023-01-19 10:26:42.454 | INFO     | algorithms.ewc:train:114 - 5, EWC Loss: 0.982
2023-01-19 10:26:42.455 | INFO     | algorithms.ewc:train:68 - Starting epoch 6 / 50
2023-01-19 10:26:50.324 | INFO     | algorithms.ewc:train:109 - 6, loss: 4.934
2023-01-19 10:26:50.325 | INFO     | algorithms.ewc:train:114 - 6, EWC Loss: 1.007
2023-01-19 10:26:50.327 | INFO     | algorithms.ewc:train:68 - Starting epoch 7 / 50
2023-01-19 10:26:58.186 | INFO     | algorithms.ewc:train:109 - 7, loss: 4.921
2023-01-19 10:26:58.187 | INFO     | algorithms.ewc:train:114 - 7, EWC Loss: 1.035
2023-01-19 10:26:58.188 | INFO     | algorithms.ewc:train:68 - Starting epoch 8 / 50
2023-01-19 10:27:06.085 | INFO     | algorithms.ewc:train:109 - 8, loss: 4.903
2023-01-19 10:27:06.087 | INFO     | algorithms.ewc:train:114 - 8, EWC Loss: 1.054
2023-01-19 10:27:06.088 | INFO     | algorithms.ewc:train:68 - Starting epoch 9 / 50
2023-01-19 10:27:13.960 | INFO     | algorithms.ewc:train:109 - 9, loss: 4.891
2023-01-19 10:27:13.961 | INFO     | algorithms.ewc:train:114 - 9, EWC Loss: 1.070
2023-01-19 10:27:13.962 | INFO     | algorithms.ewc:train:68 - Starting epoch 10 / 50
2023-01-19 10:27:21.822 | INFO     | algorithms.ewc:train:109 - 10, loss: 4.878
2023-01-19 10:27:21.824 | INFO     | algorithms.ewc:train:114 - 10, EWC Loss: 1.084
2023-01-19 10:27:21.825 | INFO     | algorithms.ewc:train:68 - Starting epoch 11 / 50
2023-01-19 10:27:29.695 | INFO     | algorithms.ewc:train:109 - 11, loss: 4.864
2023-01-19 10:27:29.696 | INFO     | algorithms.ewc:train:114 - 11, EWC Loss: 1.099
2023-01-19 10:27:29.697 | INFO     | algorithms.ewc:train:68 - Starting epoch 12 / 50
2023-01-19 10:27:37.563 | INFO     | algorithms.ewc:train:109 - 12, loss: 4.847
2023-01-19 10:27:37.565 | INFO     | algorithms.ewc:train:114 - 12, EWC Loss: 1.106
2023-01-19 10:27:37.566 | INFO     | algorithms.ewc:train:68 - Starting epoch 13 / 50
2023-01-19 10:27:45.458 | INFO     | algorithms.ewc:train:109 - 13, loss: 4.832
2023-01-19 10:27:45.459 | INFO     | algorithms.ewc:train:114 - 13, EWC Loss: 1.119
2023-01-19 10:27:45.460 | INFO     | algorithms.ewc:train:68 - Starting epoch 14 / 50
2023-01-19 10:27:53.331 | INFO     | algorithms.ewc:train:109 - 14, loss: 4.821
2023-01-19 10:27:53.333 | INFO     | algorithms.ewc:train:114 - 14, EWC Loss: 1.125
2023-01-19 10:27:53.334 | INFO     | algorithms.ewc:train:68 - Starting epoch 15 / 50
2023-01-19 10:28:01.174 | INFO     | algorithms.ewc:train:109 - 15, loss: 4.803
2023-01-19 10:28:01.176 | INFO     | algorithms.ewc:train:114 - 15, EWC Loss: 1.134
2023-01-19 10:28:01.177 | INFO     | algorithms.ewc:train:68 - Starting epoch 16 / 50
2023-01-19 10:28:09.060 | INFO     | algorithms.ewc:train:109 - 16, loss: 4.782
2023-01-19 10:28:09.062 | INFO     | algorithms.ewc:train:114 - 16, EWC Loss: 1.143
2023-01-19 10:28:09.063 | INFO     | algorithms.ewc:train:68 - Starting epoch 17 / 50
2023-01-19 10:28:16.931 | INFO     | algorithms.ewc:train:109 - 17, loss: 4.769
2023-01-19 10:28:16.933 | INFO     | algorithms.ewc:train:114 - 17, EWC Loss: 1.150
2023-01-19 10:28:16.934 | INFO     | algorithms.ewc:train:68 - Starting epoch 18 / 50
2023-01-19 10:28:24.808 | INFO     | algorithms.ewc:train:109 - 18, loss: 4.745
2023-01-19 10:28:24.809 | INFO     | algorithms.ewc:train:114 - 18, EWC Loss: 1.158
2023-01-19 10:28:24.810 | INFO     | algorithms.ewc:train:68 - Starting epoch 19 / 50
2023-01-19 10:28:32.680 | INFO     | algorithms.ewc:train:109 - 19, loss: 4.733
2023-01-19 10:28:32.682 | INFO     | algorithms.ewc:train:114 - 19, EWC Loss: 1.163
2023-01-19 10:28:32.683 | INFO     | algorithms.ewc:train:68 - Starting epoch 20 / 50
2023-01-19 10:28:40.566 | INFO     | algorithms.ewc:train:109 - 20, loss: 4.719
2023-01-19 10:28:40.567 | INFO     | algorithms.ewc:train:114 - 20, EWC Loss: 1.164
2023-01-19 10:28:40.569 | INFO     | algorithms.ewc:train:68 - Starting epoch 21 / 50
2023-01-19 10:28:48.440 | INFO     | algorithms.ewc:train:109 - 21, loss: 4.709
2023-01-19 10:28:48.442 | INFO     | algorithms.ewc:train:114 - 21, EWC Loss: 1.174
2023-01-19 10:28:48.443 | INFO     | algorithms.ewc:train:68 - Starting epoch 22 / 50
2023-01-19 10:28:56.319 | INFO     | algorithms.ewc:train:109 - 22, loss: 4.700
2023-01-19 10:28:56.321 | INFO     | algorithms.ewc:train:114 - 22, EWC Loss: 1.176
2023-01-19 10:28:56.322 | INFO     | algorithms.ewc:train:68 - Starting epoch 23 / 50
2023-01-19 10:29:04.180 | INFO     | algorithms.ewc:train:109 - 23, loss: 4.694
2023-01-19 10:29:04.182 | INFO     | algorithms.ewc:train:114 - 23, EWC Loss: 1.185
2023-01-19 10:29:04.183 | INFO     | algorithms.ewc:train:68 - Starting epoch 24 / 50
2023-01-19 10:29:12.016 | INFO     | algorithms.ewc:train:109 - 24, loss: 4.680
2023-01-19 10:29:12.018 | INFO     | algorithms.ewc:train:114 - 24, EWC Loss: 1.187
2023-01-19 10:29:12.019 | INFO     | algorithms.ewc:train:68 - Starting epoch 25 / 50
2023-01-19 10:29:19.872 | INFO     | algorithms.ewc:train:109 - 25, loss: 4.674
2023-01-19 10:29:19.873 | INFO     | algorithms.ewc:train:114 - 25, EWC Loss: 1.190
2023-01-19 10:29:19.874 | INFO     | algorithms.ewc:train:68 - Starting epoch 26 / 50
2023-01-19 10:29:27.753 | INFO     | algorithms.ewc:train:109 - 26, loss: 4.665
2023-01-19 10:29:27.755 | INFO     | algorithms.ewc:train:114 - 26, EWC Loss: 1.195
2023-01-19 10:29:27.756 | INFO     | algorithms.ewc:train:68 - Starting epoch 27 / 50
2023-01-19 10:29:35.610 | INFO     | algorithms.ewc:train:109 - 27, loss: 4.661
2023-01-19 10:29:35.613 | INFO     | algorithms.ewc:train:114 - 27, EWC Loss: 1.199
2023-01-19 10:29:35.614 | INFO     | algorithms.ewc:train:68 - Starting epoch 28 / 50
2023-01-19 10:29:43.477 | INFO     | algorithms.ewc:train:109 - 28, loss: 4.653
2023-01-19 10:29:43.479 | INFO     | algorithms.ewc:train:114 - 28, EWC Loss: 1.205
2023-01-19 10:29:43.480 | INFO     | algorithms.ewc:train:68 - Starting epoch 29 / 50
2023-01-19 10:29:51.367 | INFO     | algorithms.ewc:train:109 - 29, loss: 4.648
2023-01-19 10:29:51.369 | INFO     | algorithms.ewc:train:114 - 29, EWC Loss: 1.204
2023-01-19 10:29:51.370 | INFO     | algorithms.ewc:train:68 - Starting epoch 30 / 50
2023-01-19 10:29:59.247 | INFO     | algorithms.ewc:train:109 - 30, loss: 4.648
2023-01-19 10:29:59.249 | INFO     | algorithms.ewc:train:114 - 30, EWC Loss: 1.205
2023-01-19 10:29:59.250 | INFO     | algorithms.ewc:train:68 - Starting epoch 31 / 50
2023-01-19 10:30:07.120 | INFO     | algorithms.ewc:train:109 - 31, loss: 4.642
2023-01-19 10:30:07.122 | INFO     | algorithms.ewc:train:114 - 31, EWC Loss: 1.206
2023-01-19 10:30:07.123 | INFO     | algorithms.ewc:train:68 - Starting epoch 32 / 50
2023-01-19 10:30:14.975 | INFO     | algorithms.ewc:train:109 - 32, loss: 4.640
2023-01-19 10:30:14.977 | INFO     | algorithms.ewc:train:114 - 32, EWC Loss: 1.212
2023-01-19 10:30:14.978 | INFO     | algorithms.ewc:train:68 - Starting epoch 33 / 50
2023-01-19 10:30:22.833 | INFO     | algorithms.ewc:train:109 - 33, loss: 4.629
2023-01-19 10:30:22.834 | INFO     | algorithms.ewc:train:114 - 33, EWC Loss: 1.213
2023-01-19 10:30:22.836 | INFO     | algorithms.ewc:train:68 - Starting epoch 34 / 50
2023-01-19 10:30:30.703 | INFO     | algorithms.ewc:train:109 - 34, loss: 4.629
2023-01-19 10:30:30.705 | INFO     | algorithms.ewc:train:114 - 34, EWC Loss: 1.216
2023-01-19 10:30:30.706 | INFO     | algorithms.ewc:train:68 - Starting epoch 35 / 50
2023-01-19 10:30:38.550 | INFO     | algorithms.ewc:train:109 - 35, loss: 4.623
2023-01-19 10:30:38.552 | INFO     | algorithms.ewc:train:114 - 35, EWC Loss: 1.217
2023-01-19 10:30:38.553 | INFO     | algorithms.ewc:train:68 - Starting epoch 36 / 50
2023-01-19 10:30:46.434 | INFO     | algorithms.ewc:train:109 - 36, loss: 4.621
2023-01-19 10:30:46.436 | INFO     | algorithms.ewc:train:114 - 36, EWC Loss: 1.219
2023-01-19 10:30:46.437 | INFO     | algorithms.ewc:train:68 - Starting epoch 37 / 50
2023-01-19 10:30:54.302 | INFO     | algorithms.ewc:train:109 - 37, loss: 4.616
2023-01-19 10:30:54.304 | INFO     | algorithms.ewc:train:114 - 37, EWC Loss: 1.219
2023-01-19 10:30:54.305 | INFO     | algorithms.ewc:train:68 - Starting epoch 38 / 50
2023-01-19 10:31:02.198 | INFO     | algorithms.ewc:train:109 - 38, loss: 4.617
2023-01-19 10:31:02.199 | INFO     | algorithms.ewc:train:114 - 38, EWC Loss: 1.223
2023-01-19 10:31:02.200 | INFO     | algorithms.ewc:train:68 - Starting epoch 39 / 50
2023-01-19 10:31:10.048 | INFO     | algorithms.ewc:train:109 - 39, loss: 4.617
2023-01-19 10:31:10.050 | INFO     | algorithms.ewc:train:114 - 39, EWC Loss: 1.223
2023-01-19 10:31:10.051 | INFO     | algorithms.ewc:train:68 - Starting epoch 40 / 50
2023-01-19 10:31:17.933 | INFO     | algorithms.ewc:train:109 - 40, loss: 4.613
2023-01-19 10:31:17.935 | INFO     | algorithms.ewc:train:114 - 40, EWC Loss: 1.226
2023-01-19 10:31:17.936 | INFO     | algorithms.ewc:train:68 - Starting epoch 41 / 50
2023-01-19 10:31:25.811 | INFO     | algorithms.ewc:train:109 - 41, loss: 4.608
2023-01-19 10:31:25.813 | INFO     | algorithms.ewc:train:114 - 41, EWC Loss: 1.225
2023-01-19 10:31:25.813 | INFO     | algorithms.ewc:train:68 - Starting epoch 42 / 50
2023-01-19 10:31:33.678 | INFO     | algorithms.ewc:train:109 - 42, loss: 4.614
2023-01-19 10:31:33.679 | INFO     | algorithms.ewc:train:114 - 42, EWC Loss: 1.225
2023-01-19 10:31:33.680 | INFO     | algorithms.ewc:train:68 - Starting epoch 43 / 50
2023-01-19 10:31:41.541 | INFO     | algorithms.ewc:train:109 - 43, loss: 4.605
2023-01-19 10:31:41.543 | INFO     | algorithms.ewc:train:114 - 43, EWC Loss: 1.228
2023-01-19 10:31:41.544 | INFO     | algorithms.ewc:train:68 - Starting epoch 44 / 50
2023-01-19 10:31:49.418 | INFO     | algorithms.ewc:train:109 - 44, loss: 4.606
2023-01-19 10:31:49.420 | INFO     | algorithms.ewc:train:114 - 44, EWC Loss: 1.230
2023-01-19 10:31:49.421 | INFO     | algorithms.ewc:train:68 - Starting epoch 45 / 50
2023-01-19 10:31:57.282 | INFO     | algorithms.ewc:train:109 - 45, loss: 4.605
2023-01-19 10:31:57.284 | INFO     | algorithms.ewc:train:114 - 45, EWC Loss: 1.230
2023-01-19 10:31:57.285 | INFO     | algorithms.ewc:train:68 - Starting epoch 46 / 50
2023-01-19 10:32:05.155 | INFO     | algorithms.ewc:train:109 - 46, loss: 4.600
2023-01-19 10:32:05.157 | INFO     | algorithms.ewc:train:114 - 46, EWC Loss: 1.232
2023-01-19 10:32:05.158 | INFO     | algorithms.ewc:train:68 - Starting epoch 47 / 50
2023-01-19 10:32:13.023 | INFO     | algorithms.ewc:train:109 - 47, loss: 4.598
2023-01-19 10:32:13.024 | INFO     | algorithms.ewc:train:114 - 47, EWC Loss: 1.233
2023-01-19 10:32:13.025 | INFO     | algorithms.ewc:train:68 - Starting epoch 48 / 50
2023-01-19 10:32:20.918 | INFO     | algorithms.ewc:train:109 - 48, loss: 4.598
2023-01-19 10:32:20.919 | INFO     | algorithms.ewc:train:114 - 48, EWC Loss: 1.232
2023-01-19 10:32:20.920 | INFO     | algorithms.ewc:train:68 - Starting epoch 49 / 50
2023-01-19 10:32:28.780 | INFO     | algorithms.ewc:train:109 - 49, loss: 4.598
2023-01-19 10:32:28.781 | INFO     | algorithms.ewc:train:114 - 49, EWC Loss: 1.238
2023-01-19 10:32:28.783 | INFO     | algorithms.ewc:train:68 - Starting epoch 50 / 50
2023-01-19 10:32:36.666 | INFO     | algorithms.ewc:train:109 - 50, loss: 4.594
2023-01-19 10:32:36.668 | INFO     | algorithms.ewc:train:114 - 50, EWC Loss: 1.235
2023-01-19 10:32:36.669 | INFO     | algorithms.algorithm_base:run_base_task_metrics:146 - Running metrics: Task 3
2023-01-19 10:32:40.753 | DEBUG    | algorithms.algorithm_base:run_base_task_metrics:202 - Raw classification accuracy results saved to ./output/ewc/1674122753.8785808_CIFAR100_OFFICIAL_RUN/task_3_accuracy_results.json
2023-01-19 10:32:40.754 | INFO     | algorithms.algorithm_base:run_base_task_metrics:203 - Correctly classified 428 / 10000 samples (4.28% correct)
2023-01-19 10:32:41.125 | DEBUG    | algorithms.ewc:train:131 - Consolidating EWC parameters
2023-01-19 10:32:41.129 | DEBUG    | algorithms.ewc:consolidate:137 - Copying existing model parameters
2023-01-19 10:32:41.136 | DEBUG    | algorithms.ewc:consolidate:140 - Computing FIM
2023-01-19 10:32:42.167 | DEBUG    | algorithms.ewc:fim_diag:208 - Samples:   100. Fps: 97.2707 samples/s.
2023-01-19 10:32:43.179 | DEBUG    | algorithms.ewc:fim_diag:208 - Samples:   200. Fps: 98.7856 samples/s.
2023-01-19 10:32:44.195 | DEBUG    | algorithms.ewc:fim_diag:208 - Samples:   300. Fps: 98.3979 samples/s.
2023-01-19 10:32:45.211 | DEBUG    | algorithms.ewc:fim_diag:208 - Samples:   400. Fps: 98.4721 samples/s.
2023-01-19 10:32:46.227 | DEBUG    | algorithms.ewc:fim_diag:208 - Samples:   500. Fps: 98.3979 samples/s.
2023-01-19 10:32:47.243 | DEBUG    | algorithms.ewc:fim_diag:208 - Samples:   600. Fps: 98.3979 samples/s.
2023-01-19 10:32:48.258 | DEBUG    | algorithms.ewc:fim_diag:208 - Samples:   700. Fps: 98.5045 samples/s.
2023-01-19 10:32:49.272 | DEBUG    | algorithms.ewc:fim_diag:208 - Samples:   800. Fps: 98.6876 samples/s.
2023-01-19 10:32:50.304 | DEBUG    | algorithms.ewc:fim_diag:208 - Samples:   900. Fps: 96.8752 samples/s.
2023-01-19 10:32:51.318 | DEBUG    | algorithms.ewc:fim_diag:208 - Samples:  1000. Fps: 98.5915 samples/s.
2023-01-19 10:32:52.332 | DEBUG    | algorithms.ewc:fim_diag:208 - Samples:  1100. Fps: 98.6911 samples/s.
2023-01-19 10:32:53.350 | DEBUG    | algorithms.ewc:fim_diag:208 - Samples:  1200. Fps: 98.2051 samples/s.
2023-01-19 10:32:54.365 | DEBUG    | algorithms.ewc:fim_diag:208 - Samples:  1300. Fps: 98.4945 samples/s.
2023-01-19 10:32:55.381 | DEBUG    | algorithms.ewc:fim_diag:208 - Samples:  1400. Fps: 98.3979 samples/s.
2023-01-19 10:32:56.401 | DEBUG    | algorithms.ewc:fim_diag:208 - Samples:  1500. Fps: 98.1217 samples/s.
2023-01-19 10:32:57.418 | DEBUG    | algorithms.ewc:fim_diag:208 - Samples:  1600. Fps: 98.3242 samples/s.
2023-01-19 10:32:58.450 | DEBUG    | algorithms.ewc:fim_diag:208 - Samples:  1700. Fps: 96.8738 samples/s.
2023-01-19 10:32:59.465 | DEBUG    | algorithms.ewc:fim_diag:208 - Samples:  1800. Fps: 98.4946 samples/s.
2023-01-19 10:33:00.482 | DEBUG    | algorithms.ewc:fim_diag:208 - Samples:  1900. Fps: 98.3014 samples/s.
2023-01-19 10:33:01.500 | DEBUG    | algorithms.ewc:fim_diag:208 - Samples:  2000. Fps: 98.3014 samples/s.
2023-01-19 10:33:02.515 | DEBUG    | algorithms.ewc:fim_diag:208 - Samples:  2100. Fps: 98.4945 samples/s.
2023-01-19 10:33:03.527 | DEBUG    | algorithms.ewc:fim_diag:208 - Samples:  2200. Fps: 98.7857 samples/s.
2023-01-19 10:33:04.539 | DEBUG    | algorithms.ewc:fim_diag:208 - Samples:  2300. Fps: 98.8552 samples/s.
2023-01-19 10:33:05.555 | DEBUG    | algorithms.ewc:fim_diag:208 - Samples:  2400. Fps: 98.3979 samples/s.
2023-01-19 10:33:06.590 | DEBUG    | algorithms.ewc:fim_diag:208 - Samples:  2500. Fps: 96.6054 samples/s.
2023-01-19 10:33:07.608 | DEBUG    | algorithms.ewc:fim_diag:208 - Samples:  2600. Fps: 98.2132 samples/s.
2023-01-19 10:33:08.625 | DEBUG    | algorithms.ewc:fim_diag:208 - Samples:  2700. Fps: 98.3978 samples/s.
2023-01-19 10:33:09.638 | DEBUG    | algorithms.ewc:fim_diag:208 - Samples:  2800. Fps: 98.6885 samples/s.
2023-01-19 10:33:10.652 | DEBUG    | algorithms.ewc:fim_diag:208 - Samples:  2900. Fps: 98.5914 samples/s.
2023-01-19 10:33:11.670 | DEBUG    | algorithms.ewc:fim_diag:208 - Samples:  3000. Fps: 98.2987 samples/s.
2023-01-19 10:33:12.685 | DEBUG    | algorithms.ewc:fim_diag:208 - Samples:  3100. Fps: 98.4404 samples/s.
2023-01-19 10:33:13.699 | DEBUG    | algorithms.ewc:fim_diag:208 - Samples:  3200. Fps: 98.6994 samples/s.
2023-01-19 10:33:14.732 | DEBUG    | algorithms.ewc:fim_diag:208 - Samples:  3300. Fps: 96.8006 samples/s.
2023-01-19 10:33:15.750 | DEBUG    | algorithms.ewc:fim_diag:208 - Samples:  3400. Fps: 98.2052 samples/s.
2023-01-19 10:33:16.770 | DEBUG    | algorithms.ewc:fim_diag:208 - Samples:  3500. Fps: 98.0131 samples/s.
2023-01-19 10:33:17.791 | DEBUG    | algorithms.ewc:fim_diag:208 - Samples:  3600. Fps: 98.0131 samples/s.
2023-01-19 10:33:18.809 | DEBUG    | algorithms.ewc:fim_diag:208 - Samples:  3700. Fps: 98.2052 samples/s.
2023-01-19 10:33:19.821 | DEBUG    | algorithms.ewc:fim_diag:208 - Samples:  3800. Fps: 98.7856 samples/s.
2023-01-19 10:33:20.835 | DEBUG    | algorithms.ewc:fim_diag:208 - Samples:  3900. Fps: 98.6050 samples/s.
2023-01-19 10:33:21.858 | DEBUG    | algorithms.ewc:fim_diag:208 - Samples:  4000. Fps: 97.7293 samples/s.
2023-01-19 10:33:22.839 | INFO     | algorithms.ewc:train:64 - Task 5 / 5
2023-01-19 10:33:22.841 | INFO     | algorithms.ewc:train:65 - Classes in task: ['streetcar', 'bed', 'shrew', 'bowl', 'shark', 'sea', 'cloud', 'fox', 'maple_tree', 'butterfly', 'tiger', 'orchid', 'elephant', 'cattle', 'can', 'palm_tree', 'bridge', 'pine_tree', 'tractor', 'girl']
2023-01-19 10:33:22.842 | INFO     | algorithms.ewc:train:68 - Starting epoch 1 / 50
2023-01-19 10:33:30.739 | INFO     | algorithms.ewc:train:109 - 1, loss: 5.887
2023-01-19 10:33:30.740 | INFO     | algorithms.ewc:train:114 - 1, EWC Loss: 0.517
2023-01-19 10:33:30.741 | INFO     | algorithms.ewc:train:68 - Starting epoch 2 / 50
2023-01-19 10:33:38.628 | INFO     | algorithms.ewc:train:109 - 2, loss: 4.858
2023-01-19 10:33:38.630 | INFO     | algorithms.ewc:train:114 - 2, EWC Loss: 0.668
2023-01-19 10:33:38.631 | INFO     | algorithms.ewc:train:68 - Starting epoch 3 / 50
2023-01-19 10:33:46.495 | INFO     | algorithms.ewc:train:109 - 3, loss: 4.653
2023-01-19 10:33:46.496 | INFO     | algorithms.ewc:train:114 - 3, EWC Loss: 0.725
2023-01-19 10:33:46.497 | INFO     | algorithms.ewc:train:68 - Starting epoch 4 / 50
2023-01-19 10:33:54.383 | INFO     | algorithms.ewc:train:109 - 4, loss: 4.555
2023-01-19 10:33:54.385 | INFO     | algorithms.ewc:train:114 - 4, EWC Loss: 0.769
2023-01-19 10:33:54.385 | INFO     | algorithms.ewc:train:68 - Starting epoch 5 / 50
2023-01-19 10:34:02.261 | INFO     | algorithms.ewc:train:109 - 5, loss: 4.480
2023-01-19 10:34:02.263 | INFO     | algorithms.ewc:train:114 - 5, EWC Loss: 0.800
2023-01-19 10:34:02.264 | INFO     | algorithms.ewc:train:68 - Starting epoch 6 / 50
2023-01-19 10:34:10.140 | INFO     | algorithms.ewc:train:109 - 6, loss: 4.423
2023-01-19 10:34:10.142 | INFO     | algorithms.ewc:train:114 - 6, EWC Loss: 0.826
2023-01-19 10:34:10.143 | INFO     | algorithms.ewc:train:68 - Starting epoch 7 / 50
2023-01-19 10:34:18.052 | INFO     | algorithms.ewc:train:109 - 7, loss: 4.379
2023-01-19 10:34:18.054 | INFO     | algorithms.ewc:train:114 - 7, EWC Loss: 0.839
2023-01-19 10:34:18.055 | INFO     | algorithms.ewc:train:68 - Starting epoch 8 / 50
2023-01-19 10:34:25.926 | INFO     | algorithms.ewc:train:109 - 8, loss: 4.333
2023-01-19 10:34:25.928 | INFO     | algorithms.ewc:train:114 - 8, EWC Loss: 0.852
2023-01-19 10:34:25.929 | INFO     | algorithms.ewc:train:68 - Starting epoch 9 / 50
2023-01-19 10:34:33.800 | INFO     | algorithms.ewc:train:109 - 9, loss: 4.302
2023-01-19 10:34:33.802 | INFO     | algorithms.ewc:train:114 - 9, EWC Loss: 0.865
2023-01-19 10:34:33.803 | INFO     | algorithms.ewc:train:68 - Starting epoch 10 / 50
2023-01-19 10:34:41.680 | INFO     | algorithms.ewc:train:109 - 10, loss: 4.266
2023-01-19 10:34:41.682 | INFO     | algorithms.ewc:train:114 - 10, EWC Loss: 0.872
2023-01-19 10:34:41.683 | INFO     | algorithms.ewc:train:68 - Starting epoch 11 / 50
2023-01-19 10:34:49.577 | INFO     | algorithms.ewc:train:109 - 11, loss: 4.238
2023-01-19 10:34:49.578 | INFO     | algorithms.ewc:train:114 - 11, EWC Loss: 0.878
2023-01-19 10:34:49.579 | INFO     | algorithms.ewc:train:68 - Starting epoch 12 / 50
2023-01-19 10:34:57.444 | INFO     | algorithms.ewc:train:109 - 12, loss: 4.214
2023-01-19 10:34:57.446 | INFO     | algorithms.ewc:train:114 - 12, EWC Loss: 0.885
2023-01-19 10:34:57.447 | INFO     | algorithms.ewc:train:68 - Starting epoch 13 / 50
2023-01-19 10:35:05.307 | INFO     | algorithms.ewc:train:109 - 13, loss: 4.185
2023-01-19 10:35:05.309 | INFO     | algorithms.ewc:train:114 - 13, EWC Loss: 0.889
2023-01-19 10:35:05.310 | INFO     | algorithms.ewc:train:68 - Starting epoch 14 / 50
2023-01-19 10:35:13.194 | INFO     | algorithms.ewc:train:109 - 14, loss: 4.162
2023-01-19 10:35:13.196 | INFO     | algorithms.ewc:train:114 - 14, EWC Loss: 0.893
2023-01-19 10:35:13.197 | INFO     | algorithms.ewc:train:68 - Starting epoch 15 / 50
2023-01-19 10:35:21.046 | INFO     | algorithms.ewc:train:109 - 15, loss: 4.134
2023-01-19 10:35:21.048 | INFO     | algorithms.ewc:train:114 - 15, EWC Loss: 0.899
2023-01-19 10:35:21.049 | INFO     | algorithms.ewc:train:68 - Starting epoch 16 / 50
2023-01-19 10:35:28.902 | INFO     | algorithms.ewc:train:109 - 16, loss: 4.112
2023-01-19 10:35:28.903 | INFO     | algorithms.ewc:train:114 - 16, EWC Loss: 0.902
2023-01-19 10:35:28.904 | INFO     | algorithms.ewc:train:68 - Starting epoch 17 / 50
2023-01-19 10:35:36.754 | INFO     | algorithms.ewc:train:109 - 17, loss: 4.090
2023-01-19 10:35:36.756 | INFO     | algorithms.ewc:train:114 - 17, EWC Loss: 0.902
2023-01-19 10:35:36.757 | INFO     | algorithms.ewc:train:68 - Starting epoch 18 / 50
2023-01-19 10:35:44.644 | INFO     | algorithms.ewc:train:109 - 18, loss: 4.068
2023-01-19 10:35:44.645 | INFO     | algorithms.ewc:train:114 - 18, EWC Loss: 0.906
2023-01-19 10:35:44.646 | INFO     | algorithms.ewc:train:68 - Starting epoch 19 / 50
2023-01-19 10:35:52.539 | INFO     | algorithms.ewc:train:109 - 19, loss: 4.045
2023-01-19 10:35:52.541 | INFO     | algorithms.ewc:train:114 - 19, EWC Loss: 0.908
2023-01-19 10:35:52.542 | INFO     | algorithms.ewc:train:68 - Starting epoch 20 / 50
2023-01-19 10:36:00.448 | INFO     | algorithms.ewc:train:109 - 20, loss: 4.021
2023-01-19 10:36:00.449 | INFO     | algorithms.ewc:train:114 - 20, EWC Loss: 0.908
2023-01-19 10:36:00.450 | INFO     | algorithms.ewc:train:68 - Starting epoch 21 / 50
2023-01-19 10:36:08.345 | INFO     | algorithms.ewc:train:109 - 21, loss: 3.996
2023-01-19 10:36:08.348 | INFO     | algorithms.ewc:train:114 - 21, EWC Loss: 0.915
2023-01-19 10:36:08.349 | INFO     | algorithms.ewc:train:68 - Starting epoch 22 / 50
2023-01-19 10:36:16.225 | INFO     | algorithms.ewc:train:109 - 22, loss: 3.983
2023-01-19 10:36:16.227 | INFO     | algorithms.ewc:train:114 - 22, EWC Loss: 0.916
2023-01-19 10:36:16.228 | INFO     | algorithms.ewc:train:68 - Starting epoch 23 / 50
2023-01-19 10:36:24.093 | INFO     | algorithms.ewc:train:109 - 23, loss: 3.961
2023-01-19 10:36:24.095 | INFO     | algorithms.ewc:train:114 - 23, EWC Loss: 0.913
2023-01-19 10:36:24.096 | INFO     | algorithms.ewc:train:68 - Starting epoch 24 / 50
2023-01-19 10:36:31.964 | INFO     | algorithms.ewc:train:109 - 24, loss: 3.943
2023-01-19 10:36:31.967 | INFO     | algorithms.ewc:train:114 - 24, EWC Loss: 0.918
2023-01-19 10:36:31.968 | INFO     | algorithms.ewc:train:68 - Starting epoch 25 / 50
2023-01-19 10:36:39.837 | INFO     | algorithms.ewc:train:109 - 25, loss: 3.925
2023-01-19 10:36:39.839 | INFO     | algorithms.ewc:train:114 - 25, EWC Loss: 0.916
2023-01-19 10:36:39.840 | INFO     | algorithms.ewc:train:68 - Starting epoch 26 / 50
2023-01-19 10:36:47.729 | INFO     | algorithms.ewc:train:109 - 26, loss: 3.912
2023-01-19 10:36:47.731 | INFO     | algorithms.ewc:train:114 - 26, EWC Loss: 0.920
2023-01-19 10:36:47.732 | INFO     | algorithms.ewc:train:68 - Starting epoch 27 / 50
2023-01-19 10:36:55.619 | INFO     | algorithms.ewc:train:109 - 27, loss: 3.894
2023-01-19 10:36:55.620 | INFO     | algorithms.ewc:train:114 - 27, EWC Loss: 0.918
2023-01-19 10:36:55.622 | INFO     | algorithms.ewc:train:68 - Starting epoch 28 / 50
2023-01-19 10:37:03.512 | INFO     | algorithms.ewc:train:109 - 28, loss: 3.878
2023-01-19 10:37:03.514 | INFO     | algorithms.ewc:train:114 - 28, EWC Loss: 0.916
2023-01-19 10:37:03.515 | INFO     | algorithms.ewc:train:68 - Starting epoch 29 / 50
2023-01-19 10:37:11.385 | INFO     | algorithms.ewc:train:109 - 29, loss: 3.867
2023-01-19 10:37:11.387 | INFO     | algorithms.ewc:train:114 - 29, EWC Loss: 0.922
2023-01-19 10:37:11.388 | INFO     | algorithms.ewc:train:68 - Starting epoch 30 / 50
2023-01-19 10:37:19.273 | INFO     | algorithms.ewc:train:109 - 30, loss: 3.845
2023-01-19 10:37:19.275 | INFO     | algorithms.ewc:train:114 - 30, EWC Loss: 0.922
2023-01-19 10:37:19.276 | INFO     | algorithms.ewc:train:68 - Starting epoch 31 / 50
2023-01-19 10:37:27.163 | INFO     | algorithms.ewc:train:109 - 31, loss: 3.838
2023-01-19 10:37:27.165 | INFO     | algorithms.ewc:train:114 - 31, EWC Loss: 0.920
2023-01-19 10:37:27.166 | INFO     | algorithms.ewc:train:68 - Starting epoch 32 / 50
2023-01-19 10:37:35.061 | INFO     | algorithms.ewc:train:109 - 32, loss: 3.820
2023-01-19 10:37:35.063 | INFO     | algorithms.ewc:train:114 - 32, EWC Loss: 0.921
2023-01-19 10:37:35.064 | INFO     | algorithms.ewc:train:68 - Starting epoch 33 / 50
2023-01-19 10:37:42.942 | INFO     | algorithms.ewc:train:109 - 33, loss: 3.809
2023-01-19 10:37:42.944 | INFO     | algorithms.ewc:train:114 - 33, EWC Loss: 0.924
2023-01-19 10:37:42.945 | INFO     | algorithms.ewc:train:68 - Starting epoch 34 / 50
2023-01-19 10:37:50.816 | INFO     | algorithms.ewc:train:109 - 34, loss: 3.802
2023-01-19 10:37:50.818 | INFO     | algorithms.ewc:train:114 - 34, EWC Loss: 0.922
2023-01-19 10:37:50.819 | INFO     | algorithms.ewc:train:68 - Starting epoch 35 / 50
2023-01-19 10:37:58.758 | INFO     | algorithms.ewc:train:109 - 35, loss: 3.783
2023-01-19 10:37:58.760 | INFO     | algorithms.ewc:train:114 - 35, EWC Loss: 0.919
2023-01-19 10:37:58.761 | INFO     | algorithms.ewc:train:68 - Starting epoch 36 / 50
2023-01-19 10:38:06.631 | INFO     | algorithms.ewc:train:109 - 36, loss: 3.774
2023-01-19 10:38:06.634 | INFO     | algorithms.ewc:train:114 - 36, EWC Loss: 0.918
2023-01-19 10:38:06.635 | INFO     | algorithms.ewc:train:68 - Starting epoch 37 / 50
2023-01-19 10:38:14.488 | INFO     | algorithms.ewc:train:109 - 37, loss: 3.765
2023-01-19 10:38:14.490 | INFO     | algorithms.ewc:train:114 - 37, EWC Loss: 0.923
2023-01-19 10:38:14.491 | INFO     | algorithms.ewc:train:68 - Starting epoch 38 / 50
2023-01-19 10:38:22.375 | INFO     | algorithms.ewc:train:109 - 38, loss: 3.752
2023-01-19 10:38:22.377 | INFO     | algorithms.ewc:train:114 - 38, EWC Loss: 0.918
2023-01-19 10:38:22.378 | INFO     | algorithms.ewc:train:68 - Starting epoch 39 / 50
2023-01-19 10:38:30.249 | INFO     | algorithms.ewc:train:109 - 39, loss: 3.741
2023-01-19 10:38:30.251 | INFO     | algorithms.ewc:train:114 - 39, EWC Loss: 0.920
2023-01-19 10:38:30.252 | INFO     | algorithms.ewc:train:68 - Starting epoch 40 / 50
2023-01-19 10:38:38.105 | INFO     | algorithms.ewc:train:109 - 40, loss: 3.726
2023-01-19 10:38:38.106 | INFO     | algorithms.ewc:train:114 - 40, EWC Loss: 0.918
2023-01-19 10:38:38.108 | INFO     | algorithms.ewc:train:68 - Starting epoch 41 / 50
2023-01-19 10:38:45.996 | INFO     | algorithms.ewc:train:109 - 41, loss: 3.715
2023-01-19 10:38:45.997 | INFO     | algorithms.ewc:train:114 - 41, EWC Loss: 0.919
2023-01-19 10:38:45.998 | INFO     | algorithms.ewc:train:68 - Starting epoch 42 / 50
2023-01-19 10:38:53.874 | INFO     | algorithms.ewc:train:109 - 42, loss: 3.705
2023-01-19 10:38:53.876 | INFO     | algorithms.ewc:train:114 - 42, EWC Loss: 0.917
2023-01-19 10:38:53.877 | INFO     | algorithms.ewc:train:68 - Starting epoch 43 / 50
2023-01-19 10:39:01.759 | INFO     | algorithms.ewc:train:109 - 43, loss: 3.698
2023-01-19 10:39:01.760 | INFO     | algorithms.ewc:train:114 - 43, EWC Loss: 0.917
2023-01-19 10:39:01.761 | INFO     | algorithms.ewc:train:68 - Starting epoch 44 / 50
2023-01-19 10:39:09.630 | INFO     | algorithms.ewc:train:109 - 44, loss: 3.685
2023-01-19 10:39:09.631 | INFO     | algorithms.ewc:train:114 - 44, EWC Loss: 0.915
2023-01-19 10:39:09.633 | INFO     | algorithms.ewc:train:68 - Starting epoch 45 / 50
2023-01-19 10:39:17.502 | INFO     | algorithms.ewc:train:109 - 45, loss: 3.678
2023-01-19 10:39:17.503 | INFO     | algorithms.ewc:train:114 - 45, EWC Loss: 0.916
2023-01-19 10:39:17.504 | INFO     | algorithms.ewc:train:68 - Starting epoch 46 / 50
2023-01-19 10:39:25.383 | INFO     | algorithms.ewc:train:109 - 46, loss: 3.662
2023-01-19 10:39:25.384 | INFO     | algorithms.ewc:train:114 - 46, EWC Loss: 0.912
2023-01-19 10:39:25.385 | INFO     | algorithms.ewc:train:68 - Starting epoch 47 / 50
2023-01-19 10:39:33.256 | INFO     | algorithms.ewc:train:109 - 47, loss: 3.648
2023-01-19 10:39:33.257 | INFO     | algorithms.ewc:train:114 - 47, EWC Loss: 0.914
2023-01-19 10:39:33.258 | INFO     | algorithms.ewc:train:68 - Starting epoch 48 / 50
2023-01-19 10:39:41.151 | INFO     | algorithms.ewc:train:109 - 48, loss: 3.634
2023-01-19 10:39:41.153 | INFO     | algorithms.ewc:train:114 - 48, EWC Loss: 0.912
2023-01-19 10:39:41.154 | INFO     | algorithms.ewc:train:68 - Starting epoch 49 / 50
2023-01-19 10:39:49.022 | INFO     | algorithms.ewc:train:109 - 49, loss: 3.630
2023-01-19 10:39:49.024 | INFO     | algorithms.ewc:train:114 - 49, EWC Loss: 0.911
2023-01-19 10:39:49.025 | INFO     | algorithms.ewc:train:68 - Starting epoch 50 / 50
2023-01-19 10:39:56.920 | INFO     | algorithms.ewc:train:109 - 50, loss: 3.622
2023-01-19 10:39:56.922 | INFO     | algorithms.ewc:train:114 - 50, EWC Loss: 0.912
2023-01-19 10:39:56.922 | INFO     | algorithms.algorithm_base:run_base_task_metrics:146 - Running metrics: Task 4
2023-01-19 10:40:00.927 | DEBUG    | algorithms.algorithm_base:run_base_task_metrics:202 - Raw classification accuracy results saved to ./output/ewc/1674122753.8785808_CIFAR100_OFFICIAL_RUN/task_4_accuracy_results.json
2023-01-19 10:40:00.928 | INFO     | algorithms.algorithm_base:run_base_task_metrics:203 - Correctly classified 492 / 10000 samples (4.92% correct)
2023-01-19 10:40:01.299 | INFO     | algorithms.ewc:train:134 - Training complete
2023-01-19 10:40:01.304 | INFO     | __main__:run_experiment:260 - Training and evaluation completed!
2023-01-19 10:40:01.305 | INFO     | __main__:run_experiment:274 - Wrote usage stats to file
2023-01-19 10:40:01.306 | INFO     | __main__:main:314 - Complete
2023-01-19 10:40:01.306 | INFO     | __main__:close_tensorboard_writer:222 - Shut down TensorBoard
