2023-04-18 22:30:23.972 | INFO     | __main__:setup_files:218 - Experiment Name: OFFICIAL_RUN
2023-04-18 22:30:23.972 | INFO     | __main__:main:334 - Command line arguments: Configuration(algorithm='novel_bn', dataset='cifar10', classes_per_task=2, seed=2214, samples=1000)
2023-04-18 22:30:23.974 | INFO     | __main__:main:338 - Seeded random to 2214
2023-04-18 22:30:23.975 | INFO     | __main__:main:342 - Got CUDA device
2023-04-18 22:30:23.977 | INFO     | __main__:force_cuda_load:268 - Forcing CUDA initialisation...
2023-04-18 22:30:24.033 | INFO     | __main__:main:346 - CUDA initialised
2023-04-18 22:30:24.034 | INFO     | __main__:setup_shutdown_hook:264 - To access TensorBoard, run the command: tensorboard --logdir=./output_cifar10_varied_sampling/novel/1681853423.9672837_CIFAR10_OFFICIAL_RUN
2023-04-18 22:30:24.036 | INFO     | __main__:main:350 - Setup shutdown hooks
2023-04-18 22:30:24.159 | INFO     | __main__:main:355 - Model is setup
2023-04-18 22:30:24.161 | INFO     | __main__:main:357 - Complete pre-setup, starting experiment
2023-04-18 22:30:25.385 | INFO     | datasets.dataset_base:__init__:80 - Using disjoint tasks with 2 (5 tasks) with a randomised split
2023-04-18 22:30:25.387 | DEBUG    | datasets.dataset_base:_setup_task_datasets:95 - Splitting dataset into 5 disjoint tasks
2023-04-18 22:30:25.407 | INFO     | datasets.dataset_base:__init__:85 - {
  "name": "datasets.cifar10.CIFAR10",
  "dataset_class": "torchvision.datasets.cifar.CIFAR10",
  "training_dataset_parameters": "{'train': True, 'download': True}",
  "testing_dataset_parameters": "{'train': False, 'download': True}",
  "training_transform": "Compose(\n    Resize(size=(224, 224), interpolation=bilinear, max_size=None, antialias=None)\n    ToTensor()\n    Normalize(mean=(0.4914, 0.4822, 0.4465), std=(0.247, 0.2435, 0.2616))\n    RandomCrop(size=(224, 224), padding=4)\n    RandomHorizontalFlip(p=0.5)\n)",
  "testing_transform": "Compose(\n    Resize(size=(224, 224), interpolation=bilinear, max_size=None, antialias=None)\n    ToTensor()\n    Normalize(mean=(0.4914, 0.4822, 0.4465), std=(0.247, 0.2435, 0.2616))\n)",
  "classes": "plane, car, bird, cat, deer, dog, frog, horse, ship, truck",
  "disjoint": true,
  "task_count": 5,
  "classes_per_task": [
    2
  ],
  "task_split_indices": [
    [
      2,
      0
    ],
    [
      6,
      9
    ],
    [
      5,
      8
    ],
    [
      3,
      1
    ],
    [
      7,
      4
    ]
  ],
  "task_split_classes": [
    [
      "bird",
      "plane"
    ],
    [
      "frog",
      "truck"
    ],
    [
      "dog",
      "ship"
    ],
    [
      "cat",
      "car"
    ],
    [
      "horse",
      "deer"
    ]
  ]
}
2023-04-18 22:30:28.851 | WARNING  | models.vit.vit_models:build_backbone:149 - OVERRIDE: FREEZING PRETRAINED MODEL DIRECTLY EXCEPT
2023-04-18 22:30:28.853 | INFO     | models.vit.vit_models:setup_head:158 - SETUP HEAD
2023-04-18 22:30:28.992 | DEBUG    | __main__:run_experiment:292 - PID: 23068
2023-04-18 22:30:28.994 | INFO     | __main__:run_experiment:294 - Starting...
2023-04-18 22:30:28.995 | INFO     | algorithms.algorithm_base:train:116 - {
  "name": "experiments.finalised_novel_impl.NovelImplementation",
  "model_class": "experiments.finalised_novel_impl.TestNet",
  "device": "cuda:0",
  "dataset_class": "datasets.cifar10.CIFAR10",
  "optimiser_class": "torch.optim.sgd.SGD",
  "loss_criterion_class": "experiments.finalised_novel_impl.SupConLoss",
  "epochs_per_task": 70,
  "batch_size": 16,
  "uncertainty_type": "batch_normalised",
  "max_memory_samples": 1000,
  "classification_type": "ncm",
  "end_train_only": false
}
2023-04-18 22:30:28.996 | DEBUG    | algorithms.algorithm_base:_setup_training:109 - Model moved to cuda:0 and set to train mode
2023-04-18 22:30:28.996 | INFO     | algorithms.algorithm_base:train:118 - Starting training
2023-04-18 22:30:28.998 | INFO     | experiments.finalised_novel_impl:train:302 - Task 1 / 5
2023-04-18 22:30:28.999 | INFO     | experiments.finalised_novel_impl:train:303 - Classes in task: ['bird', 'plane']
2023-04-18 22:30:29.000 | INFO     | experiments.finalised_novel_impl:_uncertainity_memory_update:207 - Starting memory update
2023-04-18 22:30:29.000 | INFO     | experiments.finalised_novel_impl:_uncertainity_memory_update:219 - Using uncertainty type: batch_normalised _compute_batch_distance
2023-04-18 22:30:29.001 | DEBUG    | experiments.finalised_novel_impl:_uncertainity_memory_update:221 - Processing new task samples
2023-04-18 22:41:30.112 | INFO     | experiments.finalised_novel_impl:generate_embeddings:422 - Generating fresh mean embedding vectors
2023-04-18 22:41:30.114 | DEBUG    | experiments.finalised_novel_impl:generate_embeddings:455 - Generated mean embedding vectors for: dict_keys([])
2023-04-18 22:41:30.115 | DEBUG    | experiments.finalised_novel_impl:_uncertainity_memory_update:239 - Processing old task samples: total targets = dict_keys([])
2023-04-18 22:41:30.115 | DEBUG    | experiments.finalised_novel_impl:_uncertainity_memory_update:267 - Drawing memory samples
2023-04-18 22:41:30.117 | DEBUG    | experiments.finalised_novel_impl:_uncertainity_memory_update:287 - Creating buffer
2023-04-18 22:41:30.127 | INFO     | experiments.finalised_novel_impl:_uncertainity_memory_update:296 - Memory update completed
2023-04-18 22:41:30.132 | INFO     | experiments.finalised_novel_impl:train:318 - Populated buffer
2023-04-18 22:41:30.134 | INFO     | experiments.finalised_novel_impl:train:332 - Starting epoch 1 / 70
2023-04-18 22:41:45.666 | INFO     | experiments.finalised_novel_impl:train:396 - 1:1, loss: 4.231
2023-04-18 22:41:45.667 | INFO     | experiments.finalised_novel_impl:train:332 - Starting epoch 2 / 70
2023-04-18 22:42:01.099 | INFO     | experiments.finalised_novel_impl:train:396 - 1:2, loss: 4.231
2023-04-18 22:42:01.099 | INFO     | experiments.finalised_novel_impl:train:332 - Starting epoch 3 / 70
2023-04-18 22:42:16.535 | INFO     | experiments.finalised_novel_impl:train:396 - 1:3, loss: 4.231
2023-04-18 22:42:16.536 | INFO     | experiments.finalised_novel_impl:train:332 - Starting epoch 4 / 70
2023-04-18 22:42:31.967 | INFO     | experiments.finalised_novel_impl:train:396 - 1:4, loss: 4.231
2023-04-18 22:42:31.967 | INFO     | experiments.finalised_novel_impl:train:332 - Starting epoch 5 / 70
2023-04-18 22:42:47.381 | INFO     | experiments.finalised_novel_impl:train:396 - 1:5, loss: 4.231
2023-04-18 22:42:47.382 | INFO     | experiments.finalised_novel_impl:train:332 - Starting epoch 6 / 70
2023-04-18 22:43:02.815 | INFO     | experiments.finalised_novel_impl:train:396 - 1:6, loss: 4.230
2023-04-18 22:43:02.816 | INFO     | experiments.finalised_novel_impl:train:332 - Starting epoch 7 / 70
2023-04-18 22:43:18.236 | INFO     | experiments.finalised_novel_impl:train:396 - 1:7, loss: 4.230
2023-04-18 22:43:18.237 | INFO     | experiments.finalised_novel_impl:train:332 - Starting epoch 8 / 70
2023-04-18 22:43:33.648 | INFO     | experiments.finalised_novel_impl:train:396 - 1:8, loss: 4.230
2023-04-18 22:43:33.649 | INFO     | experiments.finalised_novel_impl:train:332 - Starting epoch 9 / 70
2023-04-18 22:43:49.066 | INFO     | experiments.finalised_novel_impl:train:396 - 1:9, loss: 4.230
2023-04-18 22:43:49.067 | INFO     | experiments.finalised_novel_impl:train:332 - Starting epoch 10 / 70
2023-04-18 22:44:04.503 | INFO     | experiments.finalised_novel_impl:train:396 - 1:10, loss: 4.230
2023-04-18 22:44:04.504 | INFO     | experiments.finalised_novel_impl:train:332 - Starting epoch 11 / 70
2023-04-18 22:44:19.921 | INFO     | experiments.finalised_novel_impl:train:396 - 1:11, loss: 4.230
2023-04-18 22:44:19.922 | INFO     | experiments.finalised_novel_impl:train:332 - Starting epoch 12 / 70
2023-04-18 22:44:35.346 | INFO     | experiments.finalised_novel_impl:train:396 - 1:12, loss: 4.230
2023-04-18 22:44:35.347 | INFO     | experiments.finalised_novel_impl:train:332 - Starting epoch 13 / 70
2023-04-18 22:44:50.793 | INFO     | experiments.finalised_novel_impl:train:396 - 1:13, loss: 4.230
2023-04-18 22:44:50.794 | INFO     | experiments.finalised_novel_impl:train:332 - Starting epoch 14 / 70
2023-04-18 22:45:06.214 | INFO     | experiments.finalised_novel_impl:train:396 - 1:14, loss: 4.230
2023-04-18 22:45:06.215 | INFO     | experiments.finalised_novel_impl:train:332 - Starting epoch 15 / 70
2023-04-18 22:45:21.636 | INFO     | experiments.finalised_novel_impl:train:396 - 1:15, loss: 4.230
2023-04-18 22:45:21.637 | INFO     | experiments.finalised_novel_impl:train:332 - Starting epoch 16 / 70
2023-04-18 22:45:37.047 | INFO     | experiments.finalised_novel_impl:train:396 - 1:16, loss: 4.230
2023-04-18 22:45:37.048 | INFO     | experiments.finalised_novel_impl:train:332 - Starting epoch 17 / 70
2023-04-18 22:45:52.479 | INFO     | experiments.finalised_novel_impl:train:396 - 1:17, loss: 4.230
2023-04-18 22:45:52.480 | INFO     | experiments.finalised_novel_impl:train:332 - Starting epoch 18 / 70
2023-04-18 22:46:07.907 | INFO     | experiments.finalised_novel_impl:train:396 - 1:18, loss: 4.230
2023-04-18 22:46:07.908 | INFO     | experiments.finalised_novel_impl:train:332 - Starting epoch 19 / 70
2023-04-18 22:46:23.334 | INFO     | experiments.finalised_novel_impl:train:396 - 1:19, loss: 4.230
2023-04-18 22:46:23.335 | INFO     | experiments.finalised_novel_impl:train:332 - Starting epoch 20 / 70
2023-04-18 22:46:38.748 | INFO     | experiments.finalised_novel_impl:train:396 - 1:20, loss: 4.230
2023-04-18 22:46:38.749 | INFO     | experiments.finalised_novel_impl:train:332 - Starting epoch 21 / 70
2023-04-18 22:46:54.199 | INFO     | experiments.finalised_novel_impl:train:396 - 1:21, loss: 4.230
2023-04-18 22:46:54.200 | INFO     | experiments.finalised_novel_impl:train:332 - Starting epoch 22 / 70
2023-04-18 22:47:09.623 | INFO     | experiments.finalised_novel_impl:train:396 - 1:22, loss: 4.230
2023-04-18 22:47:09.623 | INFO     | experiments.finalised_novel_impl:train:332 - Starting epoch 23 / 70
2023-04-18 22:47:25.049 | INFO     | experiments.finalised_novel_impl:train:396 - 1:23, loss: 4.230
2023-04-18 22:47:25.050 | INFO     | experiments.finalised_novel_impl:train:332 - Starting epoch 24 / 70
2023-04-18 22:47:40.486 | INFO     | experiments.finalised_novel_impl:train:396 - 1:24, loss: 4.230
2023-04-18 22:47:40.487 | INFO     | experiments.finalised_novel_impl:train:332 - Starting epoch 25 / 70
2023-04-18 22:47:55.907 | INFO     | experiments.finalised_novel_impl:train:396 - 1:25, loss: 4.230
2023-04-18 22:47:55.908 | INFO     | experiments.finalised_novel_impl:train:332 - Starting epoch 26 / 70
2023-04-18 22:48:11.347 | INFO     | experiments.finalised_novel_impl:train:396 - 1:26, loss: 4.230
2023-04-18 22:48:11.347 | INFO     | experiments.finalised_novel_impl:train:332 - Starting epoch 27 / 70
2023-04-18 22:48:26.771 | INFO     | experiments.finalised_novel_impl:train:396 - 1:27, loss: 4.230
2023-04-18 22:48:26.772 | INFO     | experiments.finalised_novel_impl:train:332 - Starting epoch 28 / 70
2023-04-18 22:48:42.205 | INFO     | experiments.finalised_novel_impl:train:396 - 1:28, loss: 4.230
2023-04-18 22:48:42.206 | INFO     | experiments.finalised_novel_impl:train:332 - Starting epoch 29 / 70
2023-04-18 22:48:57.665 | INFO     | experiments.finalised_novel_impl:train:396 - 1:29, loss: 4.230
2023-04-18 22:48:57.666 | INFO     | experiments.finalised_novel_impl:train:332 - Starting epoch 30 / 70
2023-04-18 22:49:13.097 | INFO     | experiments.finalised_novel_impl:train:396 - 1:30, loss: 4.230
2023-04-18 22:49:13.098 | INFO     | experiments.finalised_novel_impl:train:332 - Starting epoch 31 / 70
2023-04-18 22:49:28.534 | INFO     | experiments.finalised_novel_impl:train:396 - 1:31, loss: 4.230
2023-04-18 22:49:28.535 | INFO     | experiments.finalised_novel_impl:train:332 - Starting epoch 32 / 70
2023-04-18 22:49:43.955 | INFO     | experiments.finalised_novel_impl:train:396 - 1:32, loss: 4.230
2023-04-18 22:49:43.956 | INFO     | experiments.finalised_novel_impl:train:332 - Starting epoch 33 / 70
2023-04-18 22:49:59.411 | INFO     | experiments.finalised_novel_impl:train:396 - 1:33, loss: 4.230
2023-04-18 22:49:59.412 | INFO     | experiments.finalised_novel_impl:train:332 - Starting epoch 34 / 70
2023-04-18 22:50:14.850 | INFO     | experiments.finalised_novel_impl:train:396 - 1:34, loss: 4.230
2023-04-18 22:50:14.851 | INFO     | experiments.finalised_novel_impl:train:332 - Starting epoch 35 / 70
2023-04-18 22:50:30.299 | INFO     | experiments.finalised_novel_impl:train:396 - 1:35, loss: 4.230
2023-04-18 22:50:30.299 | INFO     | experiments.finalised_novel_impl:train:332 - Starting epoch 36 / 70
2023-04-18 22:50:45.756 | INFO     | experiments.finalised_novel_impl:train:396 - 1:36, loss: 4.230
2023-04-18 22:50:45.757 | INFO     | experiments.finalised_novel_impl:train:332 - Starting epoch 37 / 70
2023-04-18 22:51:01.352 | INFO     | experiments.finalised_novel_impl:train:396 - 1:37, loss: 4.230
2023-04-18 22:51:01.353 | INFO     | experiments.finalised_novel_impl:train:332 - Starting epoch 38 / 70
2023-04-18 22:51:16.826 | INFO     | experiments.finalised_novel_impl:train:396 - 1:38, loss: 4.230
2023-04-18 22:51:16.827 | INFO     | experiments.finalised_novel_impl:train:332 - Starting epoch 39 / 70
2023-04-18 22:51:32.280 | INFO     | experiments.finalised_novel_impl:train:396 - 1:39, loss: 4.230
2023-04-18 22:51:32.281 | INFO     | experiments.finalised_novel_impl:train:332 - Starting epoch 40 / 70
2023-04-18 22:51:47.716 | INFO     | experiments.finalised_novel_impl:train:396 - 1:40, loss: 4.230
2023-04-18 22:51:47.717 | INFO     | experiments.finalised_novel_impl:train:332 - Starting epoch 41 / 70
2023-04-18 22:52:03.138 | INFO     | experiments.finalised_novel_impl:train:396 - 1:41, loss: 4.230
2023-04-18 22:52:03.139 | INFO     | experiments.finalised_novel_impl:train:332 - Starting epoch 42 / 70
2023-04-18 22:52:18.561 | INFO     | experiments.finalised_novel_impl:train:396 - 1:42, loss: 4.230
2023-04-18 22:52:18.561 | INFO     | experiments.finalised_novel_impl:train:332 - Starting epoch 43 / 70
2023-04-18 22:52:34.001 | INFO     | experiments.finalised_novel_impl:train:396 - 1:43, loss: 4.230
2023-04-18 22:52:34.002 | INFO     | experiments.finalised_novel_impl:train:332 - Starting epoch 44 / 70
2023-04-18 22:52:49.430 | INFO     | experiments.finalised_novel_impl:train:396 - 1:44, loss: 4.230
2023-04-18 22:52:49.431 | INFO     | experiments.finalised_novel_impl:train:332 - Starting epoch 45 / 70
2023-04-18 22:53:04.858 | INFO     | experiments.finalised_novel_impl:train:396 - 1:45, loss: 4.230
2023-04-18 22:53:04.859 | INFO     | experiments.finalised_novel_impl:train:332 - Starting epoch 46 / 70
2023-04-18 22:53:20.272 | INFO     | experiments.finalised_novel_impl:train:396 - 1:46, loss: 4.230
2023-04-18 22:53:20.272 | INFO     | experiments.finalised_novel_impl:train:332 - Starting epoch 47 / 70
2023-04-18 22:53:35.699 | INFO     | experiments.finalised_novel_impl:train:396 - 1:47, loss: 4.230
2023-04-18 22:53:35.700 | INFO     | experiments.finalised_novel_impl:train:332 - Starting epoch 48 / 70
2023-04-18 22:53:51.125 | INFO     | experiments.finalised_novel_impl:train:396 - 1:48, loss: 4.230
2023-04-18 22:53:51.126 | INFO     | experiments.finalised_novel_impl:train:332 - Starting epoch 49 / 70
2023-04-18 22:54:06.547 | INFO     | experiments.finalised_novel_impl:train:396 - 1:49, loss: 4.230
2023-04-18 22:54:06.548 | INFO     | experiments.finalised_novel_impl:train:332 - Starting epoch 50 / 70
2023-04-18 22:54:21.968 | INFO     | experiments.finalised_novel_impl:train:396 - 1:50, loss: 4.230
2023-04-18 22:54:21.969 | INFO     | experiments.finalised_novel_impl:train:332 - Starting epoch 51 / 70
2023-04-18 22:54:37.443 | INFO     | experiments.finalised_novel_impl:train:396 - 1:51, loss: 4.230
2023-04-18 22:54:37.443 | INFO     | experiments.finalised_novel_impl:train:332 - Starting epoch 52 / 70
2023-04-18 22:54:52.896 | INFO     | experiments.finalised_novel_impl:train:396 - 1:52, loss: 4.230
2023-04-18 22:54:52.897 | INFO     | experiments.finalised_novel_impl:train:332 - Starting epoch 53 / 70
2023-04-18 22:55:08.326 | INFO     | experiments.finalised_novel_impl:train:396 - 1:53, loss: 4.229
2023-04-18 22:55:08.327 | INFO     | experiments.finalised_novel_impl:train:332 - Starting epoch 54 / 70
2023-04-18 22:55:23.749 | INFO     | experiments.finalised_novel_impl:train:396 - 1:54, loss: 4.229
2023-04-18 22:55:23.750 | INFO     | experiments.finalised_novel_impl:train:332 - Starting epoch 55 / 70
2023-04-18 22:55:39.169 | INFO     | experiments.finalised_novel_impl:train:396 - 1:55, loss: 4.229
2023-04-18 22:55:39.170 | INFO     | experiments.finalised_novel_impl:train:332 - Starting epoch 56 / 70
2023-04-18 22:55:54.613 | INFO     | experiments.finalised_novel_impl:train:396 - 1:56, loss: 4.229
2023-04-18 22:55:54.614 | INFO     | experiments.finalised_novel_impl:train:332 - Starting epoch 57 / 70
2023-04-18 22:56:10.037 | INFO     | experiments.finalised_novel_impl:train:396 - 1:57, loss: 4.229
2023-04-18 22:56:10.038 | INFO     | experiments.finalised_novel_impl:train:332 - Starting epoch 58 / 70
2023-04-18 22:56:25.471 | INFO     | experiments.finalised_novel_impl:train:396 - 1:58, loss: 4.229
2023-04-18 22:56:25.472 | INFO     | experiments.finalised_novel_impl:train:332 - Starting epoch 59 / 70
2023-04-18 22:56:40.902 | INFO     | experiments.finalised_novel_impl:train:396 - 1:59, loss: 4.229
2023-04-18 22:56:40.903 | INFO     | experiments.finalised_novel_impl:train:332 - Starting epoch 60 / 70
2023-04-18 22:56:56.330 | INFO     | experiments.finalised_novel_impl:train:396 - 1:60, loss: 4.229
2023-04-18 22:56:56.331 | INFO     | experiments.finalised_novel_impl:train:332 - Starting epoch 61 / 70
2023-04-18 22:57:11.767 | INFO     | experiments.finalised_novel_impl:train:396 - 1:61, loss: 4.229
2023-04-18 22:57:11.768 | INFO     | experiments.finalised_novel_impl:train:332 - Starting epoch 62 / 70
2023-04-18 22:57:27.192 | INFO     | experiments.finalised_novel_impl:train:396 - 1:62, loss: 4.229
2023-04-18 22:57:27.193 | INFO     | experiments.finalised_novel_impl:train:332 - Starting epoch 63 / 70
2023-04-18 22:57:42.624 | INFO     | experiments.finalised_novel_impl:train:396 - 1:63, loss: 4.229
2023-04-18 22:57:42.624 | INFO     | experiments.finalised_novel_impl:train:332 - Starting epoch 64 / 70
2023-04-18 22:57:58.050 | INFO     | experiments.finalised_novel_impl:train:396 - 1:64, loss: 4.229
2023-04-18 22:57:58.051 | INFO     | experiments.finalised_novel_impl:train:332 - Starting epoch 65 / 70
2023-04-18 22:58:13.482 | INFO     | experiments.finalised_novel_impl:train:396 - 1:65, loss: 4.229
2023-04-18 22:58:13.483 | INFO     | experiments.finalised_novel_impl:train:332 - Starting epoch 66 / 70
2023-04-18 22:58:28.915 | INFO     | experiments.finalised_novel_impl:train:396 - 1:66, loss: 4.229
2023-04-18 22:58:28.915 | INFO     | experiments.finalised_novel_impl:train:332 - Starting epoch 67 / 70
2023-04-18 22:58:44.375 | INFO     | experiments.finalised_novel_impl:train:396 - 1:67, loss: 4.229
2023-04-18 22:58:44.376 | INFO     | experiments.finalised_novel_impl:train:332 - Starting epoch 68 / 70
2023-04-18 22:58:59.793 | INFO     | experiments.finalised_novel_impl:train:396 - 1:68, loss: 4.228
2023-04-18 22:58:59.794 | INFO     | experiments.finalised_novel_impl:train:332 - Starting epoch 69 / 70
2023-04-18 22:59:15.235 | INFO     | experiments.finalised_novel_impl:train:396 - 1:69, loss: 4.228
2023-04-18 22:59:15.236 | INFO     | experiments.finalised_novel_impl:train:332 - Starting epoch 70 / 70
2023-04-18 22:59:30.660 | INFO     | experiments.finalised_novel_impl:train:396 - 1:70, loss: 4.228
2023-04-18 22:59:30.661 | INFO     | algorithms.algorithm_base:run_base_task_metrics:144 - Running metrics: Task 70
2023-04-18 22:59:30.687 | INFO     | experiments.finalised_novel_impl:generate_embeddings:422 - Generating fresh mean embedding vectors
2023-04-18 22:59:38.465 | DEBUG    | experiments.finalised_novel_impl:generate_embeddings:455 - Generated mean embedding vectors for: dict_keys([2, 0])
2023-04-18 23:00:55.611 | DEBUG    | algorithms.algorithm_base:run_base_task_metrics:200 - Raw classification accuracy results saved to ./output_cifar10_varied_sampling/novel/1681853423.9672837_CIFAR10_OFFICIAL_RUN/task_70_accuracy_results.json
2023-04-18 23:00:55.612 | INFO     | algorithms.algorithm_base:run_base_task_metrics:201 - Correctly classified 2290 / 10000 samples (22.90% correct)
2023-04-18 23:00:55.799 | INFO     | experiments.finalised_novel_impl:train:302 - Task 2 / 5
2023-04-18 23:00:55.804 | INFO     | experiments.finalised_novel_impl:train:303 - Classes in task: ['frog', 'truck']
2023-04-18 23:00:55.804 | INFO     | experiments.finalised_novel_impl:_uncertainity_memory_update:207 - Starting memory update
2023-04-18 23:00:55.804 | INFO     | experiments.finalised_novel_impl:_uncertainity_memory_update:219 - Using uncertainty type: batch_normalised _compute_batch_distance
2023-04-18 23:00:55.806 | DEBUG    | experiments.finalised_novel_impl:_uncertainity_memory_update:221 - Processing new task samples
2023-04-18 23:11:52.281 | INFO     | experiments.finalised_novel_impl:generate_embeddings:422 - Generating fresh mean embedding vectors
2023-04-18 23:12:00.003 | DEBUG    | experiments.finalised_novel_impl:generate_embeddings:455 - Generated mean embedding vectors for: dict_keys([2, 0])
2023-04-18 23:12:00.022 | DEBUG    | experiments.finalised_novel_impl:_uncertainity_memory_update:239 - Processing old task samples: total targets = dict_keys([2, 0])
2023-04-18 23:12:00.023 | DEBUG    | experiments.finalised_novel_impl:_uncertainity_memory_update:242 - On target 2
2023-04-18 23:12:32.817 | DEBUG    | experiments.finalised_novel_impl:_uncertainity_memory_update:242 - On target 0
2023-04-18 23:13:05.638 | DEBUG    | experiments.finalised_novel_impl:_uncertainity_memory_update:267 - Drawing memory samples
2023-04-18 23:13:05.641 | DEBUG    | experiments.finalised_novel_impl:_uncertainity_memory_update:287 - Creating buffer
2023-04-18 23:13:05.651 | INFO     | experiments.finalised_novel_impl:_uncertainity_memory_update:296 - Memory update completed
2023-04-18 23:13:05.656 | INFO     | experiments.finalised_novel_impl:train:318 - Populated buffer
2023-04-18 23:13:05.658 | INFO     | experiments.finalised_novel_impl:train:332 - Starting epoch 1 / 70
2023-04-18 23:13:21.127 | INFO     | experiments.finalised_novel_impl:train:396 - 2:1, loss: 4.229
2023-04-18 23:13:21.128 | INFO     | experiments.finalised_novel_impl:train:332 - Starting epoch 2 / 70
2023-04-18 23:13:36.592 | INFO     | experiments.finalised_novel_impl:train:396 - 2:2, loss: 4.229
2023-04-18 23:13:36.593 | INFO     | experiments.finalised_novel_impl:train:332 - Starting epoch 3 / 70
2023-04-18 23:13:52.062 | INFO     | experiments.finalised_novel_impl:train:396 - 2:3, loss: 4.228
2023-04-18 23:13:52.063 | INFO     | experiments.finalised_novel_impl:train:332 - Starting epoch 4 / 70
2023-04-18 23:14:07.524 | INFO     | experiments.finalised_novel_impl:train:396 - 2:4, loss: 4.228
2023-04-18 23:14:07.525 | INFO     | experiments.finalised_novel_impl:train:332 - Starting epoch 5 / 70
2023-04-18 23:14:22.988 | INFO     | experiments.finalised_novel_impl:train:396 - 2:5, loss: 4.227
2023-04-18 23:14:22.989 | INFO     | experiments.finalised_novel_impl:train:332 - Starting epoch 6 / 70
2023-04-18 23:14:38.440 | INFO     | experiments.finalised_novel_impl:train:396 - 2:6, loss: 4.227
2023-04-18 23:14:38.441 | INFO     | experiments.finalised_novel_impl:train:332 - Starting epoch 7 / 70
2023-04-18 23:14:53.905 | INFO     | experiments.finalised_novel_impl:train:396 - 2:7, loss: 4.227
2023-04-18 23:14:53.906 | INFO     | experiments.finalised_novel_impl:train:332 - Starting epoch 8 / 70
2023-04-18 23:15:09.384 | INFO     | experiments.finalised_novel_impl:train:396 - 2:8, loss: 4.227
2023-04-18 23:15:09.384 | INFO     | experiments.finalised_novel_impl:train:332 - Starting epoch 9 / 70
2023-04-18 23:15:24.854 | INFO     | experiments.finalised_novel_impl:train:396 - 2:9, loss: 4.226
2023-04-18 23:15:24.854 | INFO     | experiments.finalised_novel_impl:train:332 - Starting epoch 10 / 70
2023-04-18 23:15:40.304 | INFO     | experiments.finalised_novel_impl:train:396 - 2:10, loss: 4.226
2023-04-18 23:15:40.305 | INFO     | experiments.finalised_novel_impl:train:332 - Starting epoch 11 / 70
2023-04-18 23:15:55.767 | INFO     | experiments.finalised_novel_impl:train:396 - 2:11, loss: 4.226
2023-04-18 23:15:55.768 | INFO     | experiments.finalised_novel_impl:train:332 - Starting epoch 12 / 70
2023-04-18 23:16:11.240 | INFO     | experiments.finalised_novel_impl:train:396 - 2:12, loss: 4.224
2023-04-18 23:16:11.241 | INFO     | experiments.finalised_novel_impl:train:332 - Starting epoch 13 / 70
2023-04-18 23:16:26.696 | INFO     | experiments.finalised_novel_impl:train:396 - 2:13, loss: 4.224
2023-04-18 23:16:26.697 | INFO     | experiments.finalised_novel_impl:train:332 - Starting epoch 14 / 70
2023-04-18 23:16:42.162 | INFO     | experiments.finalised_novel_impl:train:396 - 2:14, loss: 4.223
2023-04-18 23:16:42.163 | INFO     | experiments.finalised_novel_impl:train:332 - Starting epoch 15 / 70
2023-04-18 23:16:57.638 | INFO     | experiments.finalised_novel_impl:train:396 - 2:15, loss: 4.224
2023-04-18 23:16:57.638 | INFO     | experiments.finalised_novel_impl:train:332 - Starting epoch 16 / 70
2023-04-18 23:17:13.102 | INFO     | experiments.finalised_novel_impl:train:396 - 2:16, loss: 4.224
2023-04-18 23:17:13.102 | INFO     | experiments.finalised_novel_impl:train:332 - Starting epoch 17 / 70
2023-04-18 23:17:28.549 | INFO     | experiments.finalised_novel_impl:train:396 - 2:17, loss: 4.222
2023-04-18 23:17:28.549 | INFO     | experiments.finalised_novel_impl:train:332 - Starting epoch 18 / 70
2023-04-18 23:17:44.011 | INFO     | experiments.finalised_novel_impl:train:396 - 2:18, loss: 4.223
2023-04-18 23:17:44.012 | INFO     | experiments.finalised_novel_impl:train:332 - Starting epoch 19 / 70
2023-04-18 23:17:59.478 | INFO     | experiments.finalised_novel_impl:train:396 - 2:19, loss: 4.221
2023-04-18 23:17:59.478 | INFO     | experiments.finalised_novel_impl:train:332 - Starting epoch 20 / 70
2023-04-18 23:18:14.946 | INFO     | experiments.finalised_novel_impl:train:396 - 2:20, loss: 4.220
2023-04-18 23:18:14.947 | INFO     | experiments.finalised_novel_impl:train:332 - Starting epoch 21 / 70
2023-04-18 23:18:30.388 | INFO     | experiments.finalised_novel_impl:train:396 - 2:21, loss: 4.221
2023-04-18 23:18:30.389 | INFO     | experiments.finalised_novel_impl:train:332 - Starting epoch 22 / 70
2023-04-18 23:18:45.876 | INFO     | experiments.finalised_novel_impl:train:396 - 2:22, loss: 4.219
2023-04-18 23:18:45.877 | INFO     | experiments.finalised_novel_impl:train:332 - Starting epoch 23 / 70
2023-04-18 23:19:01.336 | INFO     | experiments.finalised_novel_impl:train:396 - 2:23, loss: 4.218
2023-04-18 23:19:01.337 | INFO     | experiments.finalised_novel_impl:train:332 - Starting epoch 24 / 70
2023-04-18 23:19:16.803 | INFO     | experiments.finalised_novel_impl:train:396 - 2:24, loss: 4.217
2023-04-18 23:19:16.804 | INFO     | experiments.finalised_novel_impl:train:332 - Starting epoch 25 / 70
2023-04-18 23:19:32.269 | INFO     | experiments.finalised_novel_impl:train:396 - 2:25, loss: 4.218
2023-04-18 23:19:32.270 | INFO     | experiments.finalised_novel_impl:train:332 - Starting epoch 26 / 70
2023-04-18 23:19:47.740 | INFO     | experiments.finalised_novel_impl:train:396 - 2:26, loss: 4.219
2023-04-18 23:19:47.741 | INFO     | experiments.finalised_novel_impl:train:332 - Starting epoch 27 / 70
2023-04-18 23:20:03.235 | INFO     | experiments.finalised_novel_impl:train:396 - 2:27, loss: 4.218
2023-04-18 23:20:03.235 | INFO     | experiments.finalised_novel_impl:train:332 - Starting epoch 28 / 70
2023-04-18 23:20:18.706 | INFO     | experiments.finalised_novel_impl:train:396 - 2:28, loss: 4.219
2023-04-18 23:20:18.707 | INFO     | experiments.finalised_novel_impl:train:332 - Starting epoch 29 / 70
2023-04-18 23:20:34.173 | INFO     | experiments.finalised_novel_impl:train:396 - 2:29, loss: 4.219
2023-04-18 23:20:34.174 | INFO     | experiments.finalised_novel_impl:train:332 - Starting epoch 30 / 70
2023-04-18 23:20:49.643 | INFO     | experiments.finalised_novel_impl:train:396 - 2:30, loss: 4.215
2023-04-18 23:20:49.644 | INFO     | experiments.finalised_novel_impl:train:332 - Starting epoch 31 / 70
2023-04-18 23:21:05.109 | INFO     | experiments.finalised_novel_impl:train:396 - 2:31, loss: 4.218
2023-04-18 23:21:05.110 | INFO     | experiments.finalised_novel_impl:train:332 - Starting epoch 32 / 70
2023-04-18 23:21:20.575 | INFO     | experiments.finalised_novel_impl:train:396 - 2:32, loss: 4.217
2023-04-18 23:21:20.576 | INFO     | experiments.finalised_novel_impl:train:332 - Starting epoch 33 / 70
2023-04-18 23:21:36.041 | INFO     | experiments.finalised_novel_impl:train:396 - 2:33, loss: 4.217
2023-04-18 23:21:36.042 | INFO     | experiments.finalised_novel_impl:train:332 - Starting epoch 34 / 70
2023-04-18 23:21:51.515 | INFO     | experiments.finalised_novel_impl:train:396 - 2:34, loss: 4.214
2023-04-18 23:21:51.516 | INFO     | experiments.finalised_novel_impl:train:332 - Starting epoch 35 / 70
2023-04-18 23:22:06.977 | INFO     | experiments.finalised_novel_impl:train:396 - 2:35, loss: 4.216
2023-04-18 23:22:06.978 | INFO     | experiments.finalised_novel_impl:train:332 - Starting epoch 36 / 70
2023-04-18 23:22:22.450 | INFO     | experiments.finalised_novel_impl:train:396 - 2:36, loss: 4.214
2023-04-18 23:22:22.451 | INFO     | experiments.finalised_novel_impl:train:332 - Starting epoch 37 / 70
2023-04-18 23:22:37.920 | INFO     | experiments.finalised_novel_impl:train:396 - 2:37, loss: 4.215
2023-04-18 23:22:37.921 | INFO     | experiments.finalised_novel_impl:train:332 - Starting epoch 38 / 70
2023-04-18 23:22:53.381 | INFO     | experiments.finalised_novel_impl:train:396 - 2:38, loss: 4.216
2023-04-18 23:22:53.382 | INFO     | experiments.finalised_novel_impl:train:332 - Starting epoch 39 / 70
2023-04-18 23:23:08.848 | INFO     | experiments.finalised_novel_impl:train:396 - 2:39, loss: 4.210
2023-04-18 23:23:08.849 | INFO     | experiments.finalised_novel_impl:train:332 - Starting epoch 40 / 70
2023-04-18 23:23:24.301 | INFO     | experiments.finalised_novel_impl:train:396 - 2:40, loss: 4.211
2023-04-18 23:23:24.302 | INFO     | experiments.finalised_novel_impl:train:332 - Starting epoch 41 / 70
2023-04-18 23:23:39.755 | INFO     | experiments.finalised_novel_impl:train:396 - 2:41, loss: 4.211
2023-04-18 23:23:39.756 | INFO     | experiments.finalised_novel_impl:train:332 - Starting epoch 42 / 70
2023-04-18 23:23:55.214 | INFO     | experiments.finalised_novel_impl:train:396 - 2:42, loss: 4.209
2023-04-18 23:23:55.215 | INFO     | experiments.finalised_novel_impl:train:332 - Starting epoch 43 / 70
2023-04-18 23:24:10.675 | INFO     | experiments.finalised_novel_impl:train:396 - 2:43, loss: 4.207
2023-04-18 23:24:10.676 | INFO     | experiments.finalised_novel_impl:train:332 - Starting epoch 44 / 70
2023-04-18 23:24:26.153 | INFO     | experiments.finalised_novel_impl:train:396 - 2:44, loss: 4.210
2023-04-18 23:24:26.154 | INFO     | experiments.finalised_novel_impl:train:332 - Starting epoch 45 / 70
2023-04-18 23:24:41.609 | INFO     | experiments.finalised_novel_impl:train:396 - 2:45, loss: 4.208
2023-04-18 23:24:41.610 | INFO     | experiments.finalised_novel_impl:train:332 - Starting epoch 46 / 70
2023-04-18 23:24:57.077 | INFO     | experiments.finalised_novel_impl:train:396 - 2:46, loss: 4.206
2023-04-18 23:24:57.078 | INFO     | experiments.finalised_novel_impl:train:332 - Starting epoch 47 / 70
2023-04-18 23:25:12.539 | INFO     | experiments.finalised_novel_impl:train:396 - 2:47, loss: 4.209
2023-04-18 23:25:12.540 | INFO     | experiments.finalised_novel_impl:train:332 - Starting epoch 48 / 70
2023-04-18 23:25:27.993 | INFO     | experiments.finalised_novel_impl:train:396 - 2:48, loss: 4.208
2023-04-18 23:25:27.994 | INFO     | experiments.finalised_novel_impl:train:332 - Starting epoch 49 / 70
2023-04-18 23:25:43.453 | INFO     | experiments.finalised_novel_impl:train:396 - 2:49, loss: 4.206
2023-04-18 23:25:43.453 | INFO     | experiments.finalised_novel_impl:train:332 - Starting epoch 50 / 70
2023-04-18 23:25:58.925 | INFO     | experiments.finalised_novel_impl:train:396 - 2:50, loss: 4.206
2023-04-18 23:25:58.926 | INFO     | experiments.finalised_novel_impl:train:332 - Starting epoch 51 / 70
2023-04-18 23:26:14.416 | INFO     | experiments.finalised_novel_impl:train:396 - 2:51, loss: 4.207
2023-04-18 23:26:14.417 | INFO     | experiments.finalised_novel_impl:train:332 - Starting epoch 52 / 70
2023-04-18 23:26:29.873 | INFO     | experiments.finalised_novel_impl:train:396 - 2:52, loss: 4.206
2023-04-18 23:26:29.873 | INFO     | experiments.finalised_novel_impl:train:332 - Starting epoch 53 / 70
2023-04-18 23:26:45.332 | INFO     | experiments.finalised_novel_impl:train:396 - 2:53, loss: 4.209
2023-04-18 23:26:45.333 | INFO     | experiments.finalised_novel_impl:train:332 - Starting epoch 54 / 70
2023-04-18 23:27:00.793 | INFO     | experiments.finalised_novel_impl:train:396 - 2:54, loss: 4.207
2023-04-18 23:27:00.794 | INFO     | experiments.finalised_novel_impl:train:332 - Starting epoch 55 / 70
2023-04-18 23:27:16.260 | INFO     | experiments.finalised_novel_impl:train:396 - 2:55, loss: 4.206
2023-04-18 23:27:16.261 | INFO     | experiments.finalised_novel_impl:train:332 - Starting epoch 56 / 70
2023-04-18 23:27:31.721 | INFO     | experiments.finalised_novel_impl:train:396 - 2:56, loss: 4.205
2023-04-18 23:27:31.722 | INFO     | experiments.finalised_novel_impl:train:332 - Starting epoch 57 / 70
2023-04-18 23:27:47.185 | INFO     | experiments.finalised_novel_impl:train:396 - 2:57, loss: 4.207
2023-04-18 23:27:47.186 | INFO     | experiments.finalised_novel_impl:train:332 - Starting epoch 58 / 70
2023-04-18 23:28:02.654 | INFO     | experiments.finalised_novel_impl:train:396 - 2:58, loss: 4.206
2023-04-18 23:28:02.655 | INFO     | experiments.finalised_novel_impl:train:332 - Starting epoch 59 / 70
2023-04-18 23:28:18.120 | INFO     | experiments.finalised_novel_impl:train:396 - 2:59, loss: 4.207
2023-04-18 23:28:18.121 | INFO     | experiments.finalised_novel_impl:train:332 - Starting epoch 60 / 70
2023-04-18 23:28:33.572 | INFO     | experiments.finalised_novel_impl:train:396 - 2:60, loss: 4.207
2023-04-18 23:28:33.573 | INFO     | experiments.finalised_novel_impl:train:332 - Starting epoch 61 / 70
2023-04-18 23:28:49.025 | INFO     | experiments.finalised_novel_impl:train:396 - 2:61, loss: 4.205
2023-04-18 23:28:49.026 | INFO     | experiments.finalised_novel_impl:train:332 - Starting epoch 62 / 70
2023-04-18 23:29:04.478 | INFO     | experiments.finalised_novel_impl:train:396 - 2:62, loss: 4.204
2023-04-18 23:29:04.479 | INFO     | experiments.finalised_novel_impl:train:332 - Starting epoch 63 / 70
2023-04-18 23:29:19.947 | INFO     | experiments.finalised_novel_impl:train:396 - 2:63, loss: 4.205
2023-04-18 23:29:19.948 | INFO     | experiments.finalised_novel_impl:train:332 - Starting epoch 64 / 70
2023-04-18 23:29:35.407 | INFO     | experiments.finalised_novel_impl:train:396 - 2:64, loss: 4.209
2023-04-18 23:29:35.408 | INFO     | experiments.finalised_novel_impl:train:332 - Starting epoch 65 / 70
2023-04-18 23:29:50.869 | INFO     | experiments.finalised_novel_impl:train:396 - 2:65, loss: 4.205
2023-04-18 23:29:50.870 | INFO     | experiments.finalised_novel_impl:train:332 - Starting epoch 66 / 70
2023-04-18 23:30:06.338 | INFO     | experiments.finalised_novel_impl:train:396 - 2:66, loss: 4.208
2023-04-18 23:30:06.339 | INFO     | experiments.finalised_novel_impl:train:332 - Starting epoch 67 / 70
2023-04-18 23:30:21.794 | INFO     | experiments.finalised_novel_impl:train:396 - 2:67, loss: 4.207
2023-04-18 23:30:21.795 | INFO     | experiments.finalised_novel_impl:train:332 - Starting epoch 68 / 70
2023-04-18 23:30:37.252 | INFO     | experiments.finalised_novel_impl:train:396 - 2:68, loss: 4.206
2023-04-18 23:30:37.253 | INFO     | experiments.finalised_novel_impl:train:332 - Starting epoch 69 / 70
2023-04-18 23:30:52.728 | INFO     | experiments.finalised_novel_impl:train:396 - 2:69, loss: 4.202
2023-04-18 23:30:52.728 | INFO     | experiments.finalised_novel_impl:train:332 - Starting epoch 70 / 70
2023-04-18 23:31:08.186 | INFO     | experiments.finalised_novel_impl:train:396 - 2:70, loss: 4.206
2023-04-18 23:31:08.187 | INFO     | algorithms.algorithm_base:run_base_task_metrics:144 - Running metrics: Task 140
2023-04-18 23:31:08.215 | INFO     | experiments.finalised_novel_impl:generate_embeddings:422 - Generating fresh mean embedding vectors
2023-04-18 23:31:16.042 | DEBUG    | experiments.finalised_novel_impl:generate_embeddings:455 - Generated mean embedding vectors for: dict_keys([9, 6, 2, 0])
2023-04-18 23:32:33.600 | DEBUG    | algorithms.algorithm_base:run_base_task_metrics:200 - Raw classification accuracy results saved to ./output_cifar10_varied_sampling/novel/1681853423.9672837_CIFAR10_OFFICIAL_RUN/task_140_accuracy_results.json
2023-04-18 23:32:33.601 | INFO     | algorithms.algorithm_base:run_base_task_metrics:201 - Correctly classified 3804 / 10000 samples (38.04% correct)
2023-04-18 23:32:33.732 | INFO     | experiments.finalised_novel_impl:train:302 - Task 3 / 5
2023-04-18 23:32:33.737 | INFO     | experiments.finalised_novel_impl:train:303 - Classes in task: ['dog', 'ship']
2023-04-18 23:32:33.738 | INFO     | experiments.finalised_novel_impl:_uncertainity_memory_update:207 - Starting memory update
2023-04-18 23:32:33.738 | INFO     | experiments.finalised_novel_impl:_uncertainity_memory_update:219 - Using uncertainty type: batch_normalised _compute_batch_distance
2023-04-18 23:32:33.739 | DEBUG    | experiments.finalised_novel_impl:_uncertainity_memory_update:221 - Processing new task samples
2023-04-18 23:43:29.717 | INFO     | experiments.finalised_novel_impl:generate_embeddings:422 - Generating fresh mean embedding vectors
2023-04-18 23:43:37.469 | DEBUG    | experiments.finalised_novel_impl:generate_embeddings:455 - Generated mean embedding vectors for: dict_keys([9, 6, 2, 0])
2023-04-18 23:43:37.479 | DEBUG    | experiments.finalised_novel_impl:_uncertainity_memory_update:239 - Processing old task samples: total targets = dict_keys([9, 6, 2, 0])
2023-04-18 23:43:37.480 | DEBUG    | experiments.finalised_novel_impl:_uncertainity_memory_update:242 - On target 9
2023-04-18 23:43:53.912 | DEBUG    | experiments.finalised_novel_impl:_uncertainity_memory_update:242 - On target 6
2023-04-18 23:44:10.253 | DEBUG    | experiments.finalised_novel_impl:_uncertainity_memory_update:242 - On target 2
2023-04-18 23:44:26.620 | DEBUG    | experiments.finalised_novel_impl:_uncertainity_memory_update:242 - On target 0
2023-04-18 23:44:43.060 | DEBUG    | experiments.finalised_novel_impl:_uncertainity_memory_update:267 - Drawing memory samples
2023-04-18 23:44:43.063 | DEBUG    | experiments.finalised_novel_impl:_uncertainity_memory_update:287 - Creating buffer
2023-04-18 23:44:43.072 | INFO     | experiments.finalised_novel_impl:_uncertainity_memory_update:296 - Memory update completed
2023-04-18 23:44:43.078 | INFO     | experiments.finalised_novel_impl:train:318 - Populated buffer
2023-04-18 23:44:43.085 | INFO     | experiments.finalised_novel_impl:train:332 - Starting epoch 1 / 70
2023-04-18 23:44:58.526 | INFO     | experiments.finalised_novel_impl:train:396 - 3:1, loss: 4.207
2023-04-18 23:44:58.527 | INFO     | experiments.finalised_novel_impl:train:332 - Starting epoch 2 / 70
2023-04-18 23:45:13.944 | INFO     | experiments.finalised_novel_impl:train:396 - 3:2, loss: 4.203
2023-04-18 23:45:13.944 | INFO     | experiments.finalised_novel_impl:train:332 - Starting epoch 3 / 70
2023-04-18 23:45:29.345 | INFO     | experiments.finalised_novel_impl:train:396 - 3:3, loss: 4.200
2023-04-18 23:45:29.346 | INFO     | experiments.finalised_novel_impl:train:332 - Starting epoch 4 / 70
2023-04-18 23:45:44.758 | INFO     | experiments.finalised_novel_impl:train:396 - 3:4, loss: 4.200
2023-04-18 23:45:44.759 | INFO     | experiments.finalised_novel_impl:train:332 - Starting epoch 5 / 70
2023-04-18 23:46:00.167 | INFO     | experiments.finalised_novel_impl:train:396 - 3:5, loss: 4.197
2023-04-18 23:46:00.168 | INFO     | experiments.finalised_novel_impl:train:332 - Starting epoch 6 / 70
2023-04-18 23:46:15.583 | INFO     | experiments.finalised_novel_impl:train:396 - 3:6, loss: 4.196
2023-04-18 23:46:15.584 | INFO     | experiments.finalised_novel_impl:train:332 - Starting epoch 7 / 70
2023-04-18 23:46:31.006 | INFO     | experiments.finalised_novel_impl:train:396 - 3:7, loss: 4.195
2023-04-18 23:46:31.006 | INFO     | experiments.finalised_novel_impl:train:332 - Starting epoch 8 / 70
2023-04-18 23:46:46.413 | INFO     | experiments.finalised_novel_impl:train:396 - 3:8, loss: 4.196
2023-04-18 23:46:46.414 | INFO     | experiments.finalised_novel_impl:train:332 - Starting epoch 9 / 70
2023-04-18 23:47:01.844 | INFO     | experiments.finalised_novel_impl:train:396 - 3:9, loss: 4.194
2023-04-18 23:47:01.845 | INFO     | experiments.finalised_novel_impl:train:332 - Starting epoch 10 / 70
2023-04-18 23:47:17.272 | INFO     | experiments.finalised_novel_impl:train:396 - 3:10, loss: 4.191
2023-04-18 23:47:17.273 | INFO     | experiments.finalised_novel_impl:train:332 - Starting epoch 11 / 70
2023-04-18 23:47:32.673 | INFO     | experiments.finalised_novel_impl:train:396 - 3:11, loss: 4.191
2023-04-18 23:47:32.674 | INFO     | experiments.finalised_novel_impl:train:332 - Starting epoch 12 / 70
2023-04-18 23:47:48.080 | INFO     | experiments.finalised_novel_impl:train:396 - 3:12, loss: 4.188
2023-04-18 23:47:48.081 | INFO     | experiments.finalised_novel_impl:train:332 - Starting epoch 13 / 70
2023-04-18 23:48:03.478 | INFO     | experiments.finalised_novel_impl:train:396 - 3:13, loss: 4.189
2023-04-18 23:48:03.479 | INFO     | experiments.finalised_novel_impl:train:332 - Starting epoch 14 / 70
2023-04-18 23:48:18.889 | INFO     | experiments.finalised_novel_impl:train:396 - 3:14, loss: 4.187
2023-04-18 23:48:18.890 | INFO     | experiments.finalised_novel_impl:train:332 - Starting epoch 15 / 70
2023-04-18 23:48:34.313 | INFO     | experiments.finalised_novel_impl:train:396 - 3:15, loss: 4.186
2023-04-18 23:48:34.314 | INFO     | experiments.finalised_novel_impl:train:332 - Starting epoch 16 / 70
2023-04-18 23:48:49.729 | INFO     | experiments.finalised_novel_impl:train:396 - 3:16, loss: 4.186
2023-04-18 23:48:49.730 | INFO     | experiments.finalised_novel_impl:train:332 - Starting epoch 17 / 70
2023-04-18 23:49:05.136 | INFO     | experiments.finalised_novel_impl:train:396 - 3:17, loss: 4.187
2023-04-18 23:49:05.137 | INFO     | experiments.finalised_novel_impl:train:332 - Starting epoch 18 / 70
2023-04-18 23:49:20.546 | INFO     | experiments.finalised_novel_impl:train:396 - 3:18, loss: 4.185
2023-04-18 23:49:20.547 | INFO     | experiments.finalised_novel_impl:train:332 - Starting epoch 19 / 70
2023-04-18 23:49:35.976 | INFO     | experiments.finalised_novel_impl:train:396 - 3:19, loss: 4.182
2023-04-18 23:49:35.977 | INFO     | experiments.finalised_novel_impl:train:332 - Starting epoch 20 / 70
2023-04-18 23:49:51.384 | INFO     | experiments.finalised_novel_impl:train:396 - 3:20, loss: 4.178
2023-04-18 23:49:51.385 | INFO     | experiments.finalised_novel_impl:train:332 - Starting epoch 21 / 70
2023-04-18 23:50:06.833 | INFO     | experiments.finalised_novel_impl:train:396 - 3:21, loss: 4.176
2023-04-18 23:50:06.834 | INFO     | experiments.finalised_novel_impl:train:332 - Starting epoch 22 / 70
2023-04-18 23:50:22.243 | INFO     | experiments.finalised_novel_impl:train:396 - 3:22, loss: 4.176
2023-04-18 23:50:22.244 | INFO     | experiments.finalised_novel_impl:train:332 - Starting epoch 23 / 70
2023-04-18 23:50:37.715 | INFO     | experiments.finalised_novel_impl:train:396 - 3:23, loss: 4.176
2023-04-18 23:50:37.715 | INFO     | experiments.finalised_novel_impl:train:332 - Starting epoch 24 / 70
2023-04-18 23:50:53.137 | INFO     | experiments.finalised_novel_impl:train:396 - 3:24, loss: 4.174
2023-04-18 23:50:53.138 | INFO     | experiments.finalised_novel_impl:train:332 - Starting epoch 25 / 70
2023-04-18 23:51:08.594 | INFO     | experiments.finalised_novel_impl:train:396 - 3:25, loss: 4.174
2023-04-18 23:51:08.594 | INFO     | experiments.finalised_novel_impl:train:332 - Starting epoch 26 / 70
2023-04-18 23:51:24.046 | INFO     | experiments.finalised_novel_impl:train:396 - 3:26, loss: 4.174
2023-04-18 23:51:24.046 | INFO     | experiments.finalised_novel_impl:train:332 - Starting epoch 27 / 70
2023-04-18 23:51:39.463 | INFO     | experiments.finalised_novel_impl:train:396 - 3:27, loss: 4.173
2023-04-18 23:51:39.464 | INFO     | experiments.finalised_novel_impl:train:332 - Starting epoch 28 / 70
2023-04-18 23:51:54.901 | INFO     | experiments.finalised_novel_impl:train:396 - 3:28, loss: 4.171
2023-04-18 23:51:54.902 | INFO     | experiments.finalised_novel_impl:train:332 - Starting epoch 29 / 70
2023-04-18 23:52:10.348 | INFO     | experiments.finalised_novel_impl:train:396 - 3:29, loss: 4.171
2023-04-18 23:52:10.349 | INFO     | experiments.finalised_novel_impl:train:332 - Starting epoch 30 / 70
2023-04-18 23:52:25.769 | INFO     | experiments.finalised_novel_impl:train:396 - 3:30, loss: 4.174
2023-04-18 23:52:25.770 | INFO     | experiments.finalised_novel_impl:train:332 - Starting epoch 31 / 70
2023-04-18 23:52:41.187 | INFO     | experiments.finalised_novel_impl:train:396 - 3:31, loss: 4.171
2023-04-18 23:52:41.188 | INFO     | experiments.finalised_novel_impl:train:332 - Starting epoch 32 / 70
2023-04-18 23:52:56.603 | INFO     | experiments.finalised_novel_impl:train:396 - 3:32, loss: 4.173
2023-04-18 23:52:56.604 | INFO     | experiments.finalised_novel_impl:train:332 - Starting epoch 33 / 70
2023-04-18 23:53:12.019 | INFO     | experiments.finalised_novel_impl:train:396 - 3:33, loss: 4.175
2023-04-18 23:53:12.020 | INFO     | experiments.finalised_novel_impl:train:332 - Starting epoch 34 / 70
2023-04-18 23:53:27.430 | INFO     | experiments.finalised_novel_impl:train:396 - 3:34, loss: 4.171
2023-04-18 23:53:27.431 | INFO     | experiments.finalised_novel_impl:train:332 - Starting epoch 35 / 70
2023-04-18 23:53:42.841 | INFO     | experiments.finalised_novel_impl:train:396 - 3:35, loss: 4.167
2023-04-18 23:53:42.842 | INFO     | experiments.finalised_novel_impl:train:332 - Starting epoch 36 / 70
2023-04-18 23:53:58.246 | INFO     | experiments.finalised_novel_impl:train:396 - 3:36, loss: 4.173
2023-04-18 23:53:58.247 | INFO     | experiments.finalised_novel_impl:train:332 - Starting epoch 37 / 70
2023-04-18 23:54:13.655 | INFO     | experiments.finalised_novel_impl:train:396 - 3:37, loss: 4.171
2023-04-18 23:54:13.656 | INFO     | experiments.finalised_novel_impl:train:332 - Starting epoch 38 / 70
2023-04-18 23:54:29.078 | INFO     | experiments.finalised_novel_impl:train:396 - 3:38, loss: 4.168
2023-04-18 23:54:29.079 | INFO     | experiments.finalised_novel_impl:train:332 - Starting epoch 39 / 70
2023-04-18 23:54:44.484 | INFO     | experiments.finalised_novel_impl:train:396 - 3:39, loss: 4.167
2023-04-18 23:54:44.485 | INFO     | experiments.finalised_novel_impl:train:332 - Starting epoch 40 / 70
2023-04-18 23:54:59.902 | INFO     | experiments.finalised_novel_impl:train:396 - 3:40, loss: 4.163
2023-04-18 23:54:59.903 | INFO     | experiments.finalised_novel_impl:train:332 - Starting epoch 41 / 70
2023-04-18 23:55:15.342 | INFO     | experiments.finalised_novel_impl:train:396 - 3:41, loss: 4.169
2023-04-18 23:55:15.343 | INFO     | experiments.finalised_novel_impl:train:332 - Starting epoch 42 / 70
2023-04-18 23:55:30.759 | INFO     | experiments.finalised_novel_impl:train:396 - 3:42, loss: 4.163
2023-04-18 23:55:30.760 | INFO     | experiments.finalised_novel_impl:train:332 - Starting epoch 43 / 70
2023-04-18 23:55:46.161 | INFO     | experiments.finalised_novel_impl:train:396 - 3:43, loss: 4.168
2023-04-18 23:55:46.162 | INFO     | experiments.finalised_novel_impl:train:332 - Starting epoch 44 / 70
2023-04-18 23:56:01.596 | INFO     | experiments.finalised_novel_impl:train:396 - 3:44, loss: 4.163
2023-04-18 23:56:01.597 | INFO     | experiments.finalised_novel_impl:train:332 - Starting epoch 45 / 70
2023-04-18 23:56:17.011 | INFO     | experiments.finalised_novel_impl:train:396 - 3:45, loss: 4.165
2023-04-18 23:56:17.012 | INFO     | experiments.finalised_novel_impl:train:332 - Starting epoch 46 / 70
2023-04-18 23:56:32.416 | INFO     | experiments.finalised_novel_impl:train:396 - 3:46, loss: 4.164
2023-04-18 23:56:32.417 | INFO     | experiments.finalised_novel_impl:train:332 - Starting epoch 47 / 70
2023-04-18 23:56:47.843 | INFO     | experiments.finalised_novel_impl:train:396 - 3:47, loss: 4.165
2023-04-18 23:56:47.844 | INFO     | experiments.finalised_novel_impl:train:332 - Starting epoch 48 / 70
2023-04-18 23:57:03.246 | INFO     | experiments.finalised_novel_impl:train:396 - 3:48, loss: 4.168
2023-04-18 23:57:03.247 | INFO     | experiments.finalised_novel_impl:train:332 - Starting epoch 49 / 70
2023-04-18 23:57:18.659 | INFO     | experiments.finalised_novel_impl:train:396 - 3:49, loss: 4.162
2023-04-18 23:57:18.660 | INFO     | experiments.finalised_novel_impl:train:332 - Starting epoch 50 / 70
2023-04-18 23:57:34.073 | INFO     | experiments.finalised_novel_impl:train:396 - 3:50, loss: 4.163
2023-04-18 23:57:34.074 | INFO     | experiments.finalised_novel_impl:train:332 - Starting epoch 51 / 70
2023-04-18 23:57:49.485 | INFO     | experiments.finalised_novel_impl:train:396 - 3:51, loss: 4.163
2023-04-18 23:57:49.486 | INFO     | experiments.finalised_novel_impl:train:332 - Starting epoch 52 / 70
2023-04-18 23:58:04.891 | INFO     | experiments.finalised_novel_impl:train:396 - 3:52, loss: 4.163
2023-04-18 23:58:04.892 | INFO     | experiments.finalised_novel_impl:train:332 - Starting epoch 53 / 70
2023-04-18 23:58:20.311 | INFO     | experiments.finalised_novel_impl:train:396 - 3:53, loss: 4.161
2023-04-18 23:58:20.312 | INFO     | experiments.finalised_novel_impl:train:332 - Starting epoch 54 / 70
2023-04-18 23:58:35.721 | INFO     | experiments.finalised_novel_impl:train:396 - 3:54, loss: 4.161
2023-04-18 23:58:35.722 | INFO     | experiments.finalised_novel_impl:train:332 - Starting epoch 55 / 70
2023-04-18 23:58:51.124 | INFO     | experiments.finalised_novel_impl:train:396 - 3:55, loss: 4.160
2023-04-18 23:58:51.125 | INFO     | experiments.finalised_novel_impl:train:332 - Starting epoch 56 / 70
2023-04-18 23:59:06.561 | INFO     | experiments.finalised_novel_impl:train:396 - 3:56, loss: 4.163
2023-04-18 23:59:06.562 | INFO     | experiments.finalised_novel_impl:train:332 - Starting epoch 57 / 70
2023-04-18 23:59:21.973 | INFO     | experiments.finalised_novel_impl:train:396 - 3:57, loss: 4.160
2023-04-18 23:59:21.973 | INFO     | experiments.finalised_novel_impl:train:332 - Starting epoch 58 / 70
2023-04-18 23:59:37.378 | INFO     | experiments.finalised_novel_impl:train:396 - 3:58, loss: 4.154
2023-04-18 23:59:37.379 | INFO     | experiments.finalised_novel_impl:train:332 - Starting epoch 59 / 70
2023-04-18 23:59:52.793 | INFO     | experiments.finalised_novel_impl:train:396 - 3:59, loss: 4.156
2023-04-18 23:59:52.794 | INFO     | experiments.finalised_novel_impl:train:332 - Starting epoch 60 / 70
2023-04-19 00:00:08.208 | INFO     | experiments.finalised_novel_impl:train:396 - 3:60, loss: 4.155
2023-04-19 00:00:08.209 | INFO     | experiments.finalised_novel_impl:train:332 - Starting epoch 61 / 70
2023-04-19 00:00:23.619 | INFO     | experiments.finalised_novel_impl:train:396 - 3:61, loss: 4.157
2023-04-19 00:00:23.620 | INFO     | experiments.finalised_novel_impl:train:332 - Starting epoch 62 / 70
2023-04-19 00:00:39.038 | INFO     | experiments.finalised_novel_impl:train:396 - 3:62, loss: 4.158
2023-04-19 00:00:39.039 | INFO     | experiments.finalised_novel_impl:train:332 - Starting epoch 63 / 70
2023-04-19 00:00:54.453 | INFO     | experiments.finalised_novel_impl:train:396 - 3:63, loss: 4.158
2023-04-19 00:00:54.454 | INFO     | experiments.finalised_novel_impl:train:332 - Starting epoch 64 / 70
2023-04-19 00:01:09.866 | INFO     | experiments.finalised_novel_impl:train:396 - 3:64, loss: 4.161
2023-04-19 00:01:09.866 | INFO     | experiments.finalised_novel_impl:train:332 - Starting epoch 65 / 70
2023-04-19 00:01:25.284 | INFO     | experiments.finalised_novel_impl:train:396 - 3:65, loss: 4.160
2023-04-19 00:01:25.285 | INFO     | experiments.finalised_novel_impl:train:332 - Starting epoch 66 / 70
2023-04-19 00:01:40.708 | INFO     | experiments.finalised_novel_impl:train:396 - 3:66, loss: 4.161
2023-04-19 00:01:40.709 | INFO     | experiments.finalised_novel_impl:train:332 - Starting epoch 67 / 70
2023-04-19 00:01:56.120 | INFO     | experiments.finalised_novel_impl:train:396 - 3:67, loss: 4.162
2023-04-19 00:01:56.120 | INFO     | experiments.finalised_novel_impl:train:332 - Starting epoch 68 / 70
2023-04-19 00:02:11.532 | INFO     | experiments.finalised_novel_impl:train:396 - 3:68, loss: 4.160
2023-04-19 00:02:11.533 | INFO     | experiments.finalised_novel_impl:train:332 - Starting epoch 69 / 70
2023-04-19 00:02:26.941 | INFO     | experiments.finalised_novel_impl:train:396 - 3:69, loss: 4.157
2023-04-19 00:02:26.942 | INFO     | experiments.finalised_novel_impl:train:332 - Starting epoch 70 / 70
2023-04-19 00:02:42.347 | INFO     | experiments.finalised_novel_impl:train:396 - 3:70, loss: 4.159
2023-04-19 00:02:42.348 | INFO     | algorithms.algorithm_base:run_base_task_metrics:144 - Running metrics: Task 210
2023-04-19 00:02:42.378 | INFO     | experiments.finalised_novel_impl:generate_embeddings:422 - Generating fresh mean embedding vectors
2023-04-19 00:02:50.195 | DEBUG    | experiments.finalised_novel_impl:generate_embeddings:455 - Generated mean embedding vectors for: dict_keys([5, 8, 9, 6, 2, 0])
2023-04-19 00:04:07.898 | DEBUG    | algorithms.algorithm_base:run_base_task_metrics:200 - Raw classification accuracy results saved to ./output_cifar10_varied_sampling/novel/1681853423.9672837_CIFAR10_OFFICIAL_RUN/task_210_accuracy_results.json
2023-04-19 00:04:07.899 | INFO     | algorithms.algorithm_base:run_base_task_metrics:201 - Correctly classified 5574 / 10000 samples (55.74% correct)
2023-04-19 00:04:08.032 | INFO     | experiments.finalised_novel_impl:train:302 - Task 4 / 5
2023-04-19 00:04:08.037 | INFO     | experiments.finalised_novel_impl:train:303 - Classes in task: ['cat', 'car']
2023-04-19 00:04:08.038 | INFO     | experiments.finalised_novel_impl:_uncertainity_memory_update:207 - Starting memory update
2023-04-19 00:04:08.038 | INFO     | experiments.finalised_novel_impl:_uncertainity_memory_update:219 - Using uncertainty type: batch_normalised _compute_batch_distance
2023-04-19 00:04:08.039 | DEBUG    | experiments.finalised_novel_impl:_uncertainity_memory_update:221 - Processing new task samples
2023-04-19 00:15:04.345 | INFO     | experiments.finalised_novel_impl:generate_embeddings:422 - Generating fresh mean embedding vectors
2023-04-19 00:15:12.087 | DEBUG    | experiments.finalised_novel_impl:generate_embeddings:455 - Generated mean embedding vectors for: dict_keys([5, 8, 9, 6, 2, 0])
2023-04-19 00:15:12.094 | DEBUG    | experiments.finalised_novel_impl:_uncertainity_memory_update:239 - Processing old task samples: total targets = dict_keys([5, 8, 9, 6, 2, 0])
2023-04-19 00:15:12.095 | DEBUG    | experiments.finalised_novel_impl:_uncertainity_memory_update:242 - On target 5
2023-04-19 00:15:23.001 | DEBUG    | experiments.finalised_novel_impl:_uncertainity_memory_update:242 - On target 8
2023-04-19 00:15:33.876 | DEBUG    | experiments.finalised_novel_impl:_uncertainity_memory_update:242 - On target 9
2023-04-19 00:15:44.729 | DEBUG    | experiments.finalised_novel_impl:_uncertainity_memory_update:242 - On target 6
2023-04-19 00:15:55.609 | DEBUG    | experiments.finalised_novel_impl:_uncertainity_memory_update:242 - On target 2
2023-04-19 00:16:06.518 | DEBUG    | experiments.finalised_novel_impl:_uncertainity_memory_update:242 - On target 0
2023-04-19 00:16:17.412 | DEBUG    | experiments.finalised_novel_impl:_uncertainity_memory_update:267 - Drawing memory samples
2023-04-19 00:16:17.416 | DEBUG    | experiments.finalised_novel_impl:_uncertainity_memory_update:287 - Creating buffer
2023-04-19 00:16:17.426 | INFO     | experiments.finalised_novel_impl:_uncertainity_memory_update:296 - Memory update completed
2023-04-19 00:16:17.432 | INFO     | experiments.finalised_novel_impl:train:318 - Populated buffer
2023-04-19 00:16:17.435 | INFO     | experiments.finalised_novel_impl:train:332 - Starting epoch 1 / 70
2023-04-19 00:16:32.913 | INFO     | experiments.finalised_novel_impl:train:396 - 4:1, loss: 4.212
2023-04-19 00:16:32.914 | INFO     | experiments.finalised_novel_impl:train:332 - Starting epoch 2 / 70
2023-04-19 00:16:48.388 | INFO     | experiments.finalised_novel_impl:train:396 - 4:2, loss: 4.207
2023-04-19 00:16:48.389 | INFO     | experiments.finalised_novel_impl:train:332 - Starting epoch 3 / 70
2023-04-19 00:17:03.871 | INFO     | experiments.finalised_novel_impl:train:396 - 4:3, loss: 4.199
2023-04-19 00:17:03.872 | INFO     | experiments.finalised_novel_impl:train:332 - Starting epoch 4 / 70
2023-04-19 00:17:19.353 | INFO     | experiments.finalised_novel_impl:train:396 - 4:4, loss: 4.200
2023-04-19 00:17:19.353 | INFO     | experiments.finalised_novel_impl:train:332 - Starting epoch 5 / 70
2023-04-19 00:17:34.838 | INFO     | experiments.finalised_novel_impl:train:396 - 4:5, loss: 4.193
2023-04-19 00:17:34.839 | INFO     | experiments.finalised_novel_impl:train:332 - Starting epoch 6 / 70
2023-04-19 00:17:50.312 | INFO     | experiments.finalised_novel_impl:train:396 - 4:6, loss: 4.189
2023-04-19 00:17:50.312 | INFO     | experiments.finalised_novel_impl:train:332 - Starting epoch 7 / 70
2023-04-19 00:18:05.789 | INFO     | experiments.finalised_novel_impl:train:396 - 4:7, loss: 4.186
2023-04-19 00:18:05.790 | INFO     | experiments.finalised_novel_impl:train:332 - Starting epoch 8 / 70
2023-04-19 00:18:21.271 | INFO     | experiments.finalised_novel_impl:train:396 - 4:8, loss: 4.189
2023-04-19 00:18:21.272 | INFO     | experiments.finalised_novel_impl:train:332 - Starting epoch 9 / 70
2023-04-19 00:18:36.757 | INFO     | experiments.finalised_novel_impl:train:396 - 4:9, loss: 4.189
2023-04-19 00:18:36.758 | INFO     | experiments.finalised_novel_impl:train:332 - Starting epoch 10 / 70
2023-04-19 00:18:52.220 | INFO     | experiments.finalised_novel_impl:train:396 - 4:10, loss: 4.185
2023-04-19 00:18:52.221 | INFO     | experiments.finalised_novel_impl:train:332 - Starting epoch 11 / 70
2023-04-19 00:19:07.702 | INFO     | experiments.finalised_novel_impl:train:396 - 4:11, loss: 4.180
2023-04-19 00:19:07.703 | INFO     | experiments.finalised_novel_impl:train:332 - Starting epoch 12 / 70
2023-04-19 00:19:23.181 | INFO     | experiments.finalised_novel_impl:train:396 - 4:12, loss: 4.177
2023-04-19 00:19:23.182 | INFO     | experiments.finalised_novel_impl:train:332 - Starting epoch 13 / 70
2023-04-19 00:19:38.661 | INFO     | experiments.finalised_novel_impl:train:396 - 4:13, loss: 4.175
2023-04-19 00:19:38.661 | INFO     | experiments.finalised_novel_impl:train:332 - Starting epoch 14 / 70
2023-04-19 00:19:54.144 | INFO     | experiments.finalised_novel_impl:train:396 - 4:14, loss: 4.169
2023-04-19 00:19:54.145 | INFO     | experiments.finalised_novel_impl:train:332 - Starting epoch 15 / 70
2023-04-19 00:20:09.650 | INFO     | experiments.finalised_novel_impl:train:396 - 4:15, loss: 4.169
2023-04-19 00:20:09.650 | INFO     | experiments.finalised_novel_impl:train:332 - Starting epoch 16 / 70
2023-04-19 00:20:25.120 | INFO     | experiments.finalised_novel_impl:train:396 - 4:16, loss: 4.176
2023-04-19 00:20:25.121 | INFO     | experiments.finalised_novel_impl:train:332 - Starting epoch 17 / 70
2023-04-19 00:20:40.602 | INFO     | experiments.finalised_novel_impl:train:396 - 4:17, loss: 4.178
2023-04-19 00:20:40.603 | INFO     | experiments.finalised_novel_impl:train:332 - Starting epoch 18 / 70
2023-04-19 00:20:56.085 | INFO     | experiments.finalised_novel_impl:train:396 - 4:18, loss: 4.173
2023-04-19 00:20:56.086 | INFO     | experiments.finalised_novel_impl:train:332 - Starting epoch 19 / 70
2023-04-19 00:21:11.570 | INFO     | experiments.finalised_novel_impl:train:396 - 4:19, loss: 4.175
2023-04-19 00:21:11.571 | INFO     | experiments.finalised_novel_impl:train:332 - Starting epoch 20 / 70
2023-04-19 00:21:27.057 | INFO     | experiments.finalised_novel_impl:train:396 - 4:20, loss: 4.168
2023-04-19 00:21:27.058 | INFO     | experiments.finalised_novel_impl:train:332 - Starting epoch 21 / 70
2023-04-19 00:21:42.551 | INFO     | experiments.finalised_novel_impl:train:396 - 4:21, loss: 4.170
2023-04-19 00:21:42.552 | INFO     | experiments.finalised_novel_impl:train:332 - Starting epoch 22 / 70
2023-04-19 00:21:58.021 | INFO     | experiments.finalised_novel_impl:train:396 - 4:22, loss: 4.166
2023-04-19 00:21:58.022 | INFO     | experiments.finalised_novel_impl:train:332 - Starting epoch 23 / 70
2023-04-19 00:22:13.514 | INFO     | experiments.finalised_novel_impl:train:396 - 4:23, loss: 4.165
2023-04-19 00:22:13.515 | INFO     | experiments.finalised_novel_impl:train:332 - Starting epoch 24 / 70
2023-04-19 00:22:28.994 | INFO     | experiments.finalised_novel_impl:train:396 - 4:24, loss: 4.161
2023-04-19 00:22:28.995 | INFO     | experiments.finalised_novel_impl:train:332 - Starting epoch 25 / 70
2023-04-19 00:22:44.479 | INFO     | experiments.finalised_novel_impl:train:396 - 4:25, loss: 4.163
2023-04-19 00:22:44.480 | INFO     | experiments.finalised_novel_impl:train:332 - Starting epoch 26 / 70
2023-04-19 00:22:59.951 | INFO     | experiments.finalised_novel_impl:train:396 - 4:26, loss: 4.159
2023-04-19 00:22:59.952 | INFO     | experiments.finalised_novel_impl:train:332 - Starting epoch 27 / 70
2023-04-19 00:23:15.444 | INFO     | experiments.finalised_novel_impl:train:396 - 4:27, loss: 4.154
2023-04-19 00:23:15.445 | INFO     | experiments.finalised_novel_impl:train:332 - Starting epoch 28 / 70
2023-04-19 00:23:30.915 | INFO     | experiments.finalised_novel_impl:train:396 - 4:28, loss: 4.160
2023-04-19 00:23:30.916 | INFO     | experiments.finalised_novel_impl:train:332 - Starting epoch 29 / 70
2023-04-19 00:23:46.412 | INFO     | experiments.finalised_novel_impl:train:396 - 4:29, loss: 4.159
2023-04-19 00:23:46.413 | INFO     | experiments.finalised_novel_impl:train:332 - Starting epoch 30 / 70
2023-04-19 00:24:01.944 | INFO     | experiments.finalised_novel_impl:train:396 - 4:30, loss: 4.152
2023-04-19 00:24:01.945 | INFO     | experiments.finalised_novel_impl:train:332 - Starting epoch 31 / 70
2023-04-19 00:24:17.461 | INFO     | experiments.finalised_novel_impl:train:396 - 4:31, loss: 4.155
2023-04-19 00:24:17.462 | INFO     | experiments.finalised_novel_impl:train:332 - Starting epoch 32 / 70
2023-04-19 00:24:32.938 | INFO     | experiments.finalised_novel_impl:train:396 - 4:32, loss: 4.161
2023-04-19 00:24:32.939 | INFO     | experiments.finalised_novel_impl:train:332 - Starting epoch 33 / 70
2023-04-19 00:24:48.428 | INFO     | experiments.finalised_novel_impl:train:396 - 4:33, loss: 4.160
2023-04-19 00:24:48.429 | INFO     | experiments.finalised_novel_impl:train:332 - Starting epoch 34 / 70
2023-04-19 00:25:03.916 | INFO     | experiments.finalised_novel_impl:train:396 - 4:34, loss: 4.159
2023-04-19 00:25:03.917 | INFO     | experiments.finalised_novel_impl:train:332 - Starting epoch 35 / 70
2023-04-19 00:25:19.403 | INFO     | experiments.finalised_novel_impl:train:396 - 4:35, loss: 4.162
2023-04-19 00:25:19.404 | INFO     | experiments.finalised_novel_impl:train:332 - Starting epoch 36 / 70
2023-04-19 00:25:34.895 | INFO     | experiments.finalised_novel_impl:train:396 - 4:36, loss: 4.164
2023-04-19 00:25:34.896 | INFO     | experiments.finalised_novel_impl:train:332 - Starting epoch 37 / 70
2023-04-19 00:25:50.398 | INFO     | experiments.finalised_novel_impl:train:396 - 4:37, loss: 4.162
2023-04-19 00:25:50.399 | INFO     | experiments.finalised_novel_impl:train:332 - Starting epoch 38 / 70
2023-04-19 00:26:05.897 | INFO     | experiments.finalised_novel_impl:train:396 - 4:38, loss: 4.162
2023-04-19 00:26:05.898 | INFO     | experiments.finalised_novel_impl:train:332 - Starting epoch 39 / 70
2023-04-19 00:26:21.387 | INFO     | experiments.finalised_novel_impl:train:396 - 4:39, loss: 4.162
2023-04-19 00:26:21.388 | INFO     | experiments.finalised_novel_impl:train:332 - Starting epoch 40 / 70
2023-04-19 00:26:36.879 | INFO     | experiments.finalised_novel_impl:train:396 - 4:40, loss: 4.157
2023-04-19 00:26:36.880 | INFO     | experiments.finalised_novel_impl:train:332 - Starting epoch 41 / 70
2023-04-19 00:26:52.360 | INFO     | experiments.finalised_novel_impl:train:396 - 4:41, loss: 4.156
2023-04-19 00:26:52.361 | INFO     | experiments.finalised_novel_impl:train:332 - Starting epoch 42 / 70
2023-04-19 00:27:07.846 | INFO     | experiments.finalised_novel_impl:train:396 - 4:42, loss: 4.156
2023-04-19 00:27:07.847 | INFO     | experiments.finalised_novel_impl:train:332 - Starting epoch 43 / 70
2023-04-19 00:27:23.327 | INFO     | experiments.finalised_novel_impl:train:396 - 4:43, loss: 4.151
2023-04-19 00:27:23.328 | INFO     | experiments.finalised_novel_impl:train:332 - Starting epoch 44 / 70
2023-04-19 00:27:38.817 | INFO     | experiments.finalised_novel_impl:train:396 - 4:44, loss: 4.155
2023-04-19 00:27:38.818 | INFO     | experiments.finalised_novel_impl:train:332 - Starting epoch 45 / 70
2023-04-19 00:27:54.299 | INFO     | experiments.finalised_novel_impl:train:396 - 4:45, loss: 4.149
2023-04-19 00:27:54.300 | INFO     | experiments.finalised_novel_impl:train:332 - Starting epoch 46 / 70
2023-04-19 00:28:09.792 | INFO     | experiments.finalised_novel_impl:train:396 - 4:46, loss: 4.149
2023-04-19 00:28:09.793 | INFO     | experiments.finalised_novel_impl:train:332 - Starting epoch 47 / 70
2023-04-19 00:28:25.286 | INFO     | experiments.finalised_novel_impl:train:396 - 4:47, loss: 4.148
2023-04-19 00:28:25.287 | INFO     | experiments.finalised_novel_impl:train:332 - Starting epoch 48 / 70
2023-04-19 00:28:40.768 | INFO     | experiments.finalised_novel_impl:train:396 - 4:48, loss: 4.149
2023-04-19 00:28:40.769 | INFO     | experiments.finalised_novel_impl:train:332 - Starting epoch 49 / 70
2023-04-19 00:28:56.242 | INFO     | experiments.finalised_novel_impl:train:396 - 4:49, loss: 4.150
2023-04-19 00:28:56.243 | INFO     | experiments.finalised_novel_impl:train:332 - Starting epoch 50 / 70
2023-04-19 00:29:11.733 | INFO     | experiments.finalised_novel_impl:train:396 - 4:50, loss: 4.147
2023-04-19 00:29:11.734 | INFO     | experiments.finalised_novel_impl:train:332 - Starting epoch 51 / 70
2023-04-19 00:29:27.199 | INFO     | experiments.finalised_novel_impl:train:396 - 4:51, loss: 4.148
2023-04-19 00:29:27.200 | INFO     | experiments.finalised_novel_impl:train:332 - Starting epoch 52 / 70
2023-04-19 00:29:42.683 | INFO     | experiments.finalised_novel_impl:train:396 - 4:52, loss: 4.142
2023-04-19 00:29:42.684 | INFO     | experiments.finalised_novel_impl:train:332 - Starting epoch 53 / 70
2023-04-19 00:29:58.155 | INFO     | experiments.finalised_novel_impl:train:396 - 4:53, loss: 4.146
2023-04-19 00:29:58.156 | INFO     | experiments.finalised_novel_impl:train:332 - Starting epoch 54 / 70
2023-04-19 00:30:13.642 | INFO     | experiments.finalised_novel_impl:train:396 - 4:54, loss: 4.145
2023-04-19 00:30:13.643 | INFO     | experiments.finalised_novel_impl:train:332 - Starting epoch 55 / 70
2023-04-19 00:30:29.131 | INFO     | experiments.finalised_novel_impl:train:396 - 4:55, loss: 4.145
2023-04-19 00:30:29.132 | INFO     | experiments.finalised_novel_impl:train:332 - Starting epoch 56 / 70
2023-04-19 00:30:44.614 | INFO     | experiments.finalised_novel_impl:train:396 - 4:56, loss: 4.143
2023-04-19 00:30:44.615 | INFO     | experiments.finalised_novel_impl:train:332 - Starting epoch 57 / 70
2023-04-19 00:31:00.110 | INFO     | experiments.finalised_novel_impl:train:396 - 4:57, loss: 4.141
2023-04-19 00:31:00.111 | INFO     | experiments.finalised_novel_impl:train:332 - Starting epoch 58 / 70
2023-04-19 00:31:15.602 | INFO     | experiments.finalised_novel_impl:train:396 - 4:58, loss: 4.144
2023-04-19 00:31:15.603 | INFO     | experiments.finalised_novel_impl:train:332 - Starting epoch 59 / 70
2023-04-19 00:31:31.101 | INFO     | experiments.finalised_novel_impl:train:396 - 4:59, loss: 4.139
2023-04-19 00:31:31.102 | INFO     | experiments.finalised_novel_impl:train:332 - Starting epoch 60 / 70
2023-04-19 00:31:46.596 | INFO     | experiments.finalised_novel_impl:train:396 - 4:60, loss: 4.141
2023-04-19 00:31:46.596 | INFO     | experiments.finalised_novel_impl:train:332 - Starting epoch 61 / 70
2023-04-19 00:32:02.093 | INFO     | experiments.finalised_novel_impl:train:396 - 4:61, loss: 4.141
2023-04-19 00:32:02.094 | INFO     | experiments.finalised_novel_impl:train:332 - Starting epoch 62 / 70
2023-04-19 00:32:17.580 | INFO     | experiments.finalised_novel_impl:train:396 - 4:62, loss: 4.141
2023-04-19 00:32:17.581 | INFO     | experiments.finalised_novel_impl:train:332 - Starting epoch 63 / 70
2023-04-19 00:32:33.068 | INFO     | experiments.finalised_novel_impl:train:396 - 4:63, loss: 4.145
2023-04-19 00:32:33.069 | INFO     | experiments.finalised_novel_impl:train:332 - Starting epoch 64 / 70
2023-04-19 00:32:48.556 | INFO     | experiments.finalised_novel_impl:train:396 - 4:64, loss: 4.148
2023-04-19 00:32:48.557 | INFO     | experiments.finalised_novel_impl:train:332 - Starting epoch 65 / 70
2023-04-19 00:33:04.056 | INFO     | experiments.finalised_novel_impl:train:396 - 4:65, loss: 4.147
2023-04-19 00:33:04.057 | INFO     | experiments.finalised_novel_impl:train:332 - Starting epoch 66 / 70
2023-04-19 00:33:19.531 | INFO     | experiments.finalised_novel_impl:train:396 - 4:66, loss: 4.149
2023-04-19 00:33:19.532 | INFO     | experiments.finalised_novel_impl:train:332 - Starting epoch 67 / 70
2023-04-19 00:33:35.011 | INFO     | experiments.finalised_novel_impl:train:396 - 4:67, loss: 4.152
2023-04-19 00:33:35.012 | INFO     | experiments.finalised_novel_impl:train:332 - Starting epoch 68 / 70
2023-04-19 00:33:50.494 | INFO     | experiments.finalised_novel_impl:train:396 - 4:68, loss: 4.148
2023-04-19 00:33:50.495 | INFO     | experiments.finalised_novel_impl:train:332 - Starting epoch 69 / 70
2023-04-19 00:34:05.977 | INFO     | experiments.finalised_novel_impl:train:396 - 4:69, loss: 4.150
2023-04-19 00:34:05.978 | INFO     | experiments.finalised_novel_impl:train:332 - Starting epoch 70 / 70
2023-04-19 00:34:21.453 | INFO     | experiments.finalised_novel_impl:train:396 - 4:70, loss: 4.151
2023-04-19 00:34:21.454 | INFO     | algorithms.algorithm_base:run_base_task_metrics:144 - Running metrics: Task 280
2023-04-19 00:34:21.482 | INFO     | experiments.finalised_novel_impl:generate_embeddings:422 - Generating fresh mean embedding vectors
2023-04-19 00:34:29.288 | DEBUG    | experiments.finalised_novel_impl:generate_embeddings:455 - Generated mean embedding vectors for: dict_keys([3, 1, 5, 8, 9, 6, 2, 0])
2023-04-19 00:35:47.102 | DEBUG    | algorithms.algorithm_base:run_base_task_metrics:200 - Raw classification accuracy results saved to ./output_cifar10_varied_sampling/novel/1681853423.9672837_CIFAR10_OFFICIAL_RUN/task_280_accuracy_results.json
2023-04-19 00:35:47.103 | INFO     | algorithms.algorithm_base:run_base_task_metrics:201 - Correctly classified 7311 / 10000 samples (73.11% correct)
2023-04-19 00:35:47.238 | INFO     | experiments.finalised_novel_impl:train:302 - Task 5 / 5
2023-04-19 00:35:47.243 | INFO     | experiments.finalised_novel_impl:train:303 - Classes in task: ['horse', 'deer']
2023-04-19 00:35:47.244 | INFO     | experiments.finalised_novel_impl:_uncertainity_memory_update:207 - Starting memory update
2023-04-19 00:35:47.245 | INFO     | experiments.finalised_novel_impl:_uncertainity_memory_update:219 - Using uncertainty type: batch_normalised _compute_batch_distance
2023-04-19 00:35:47.245 | DEBUG    | experiments.finalised_novel_impl:_uncertainity_memory_update:221 - Processing new task samples
2023-04-19 00:46:43.135 | INFO     | experiments.finalised_novel_impl:generate_embeddings:422 - Generating fresh mean embedding vectors
2023-04-19 00:46:50.830 | DEBUG    | experiments.finalised_novel_impl:generate_embeddings:455 - Generated mean embedding vectors for: dict_keys([3, 1, 5, 8, 9, 6, 2, 0])
2023-04-19 00:46:50.836 | DEBUG    | experiments.finalised_novel_impl:_uncertainity_memory_update:239 - Processing old task samples: total targets = dict_keys([3, 1, 5, 8, 9, 6, 2, 0])
2023-04-19 00:46:50.837 | DEBUG    | experiments.finalised_novel_impl:_uncertainity_memory_update:242 - On target 3
2023-04-19 00:46:59.105 | DEBUG    | experiments.finalised_novel_impl:_uncertainity_memory_update:242 - On target 1
2023-04-19 00:47:07.310 | DEBUG    | experiments.finalised_novel_impl:_uncertainity_memory_update:242 - On target 5
2023-04-19 00:47:15.515 | DEBUG    | experiments.finalised_novel_impl:_uncertainity_memory_update:242 - On target 8
2023-04-19 00:47:23.723 | DEBUG    | experiments.finalised_novel_impl:_uncertainity_memory_update:242 - On target 9
2023-04-19 00:47:31.929 | DEBUG    | experiments.finalised_novel_impl:_uncertainity_memory_update:242 - On target 6
2023-04-19 00:47:40.140 | DEBUG    | experiments.finalised_novel_impl:_uncertainity_memory_update:242 - On target 2
2023-04-19 00:47:48.352 | DEBUG    | experiments.finalised_novel_impl:_uncertainity_memory_update:242 - On target 0
2023-04-19 00:47:56.596 | DEBUG    | experiments.finalised_novel_impl:_uncertainity_memory_update:267 - Drawing memory samples
2023-04-19 00:47:56.599 | DEBUG    | experiments.finalised_novel_impl:_uncertainity_memory_update:287 - Creating buffer
2023-04-19 00:47:56.609 | INFO     | experiments.finalised_novel_impl:_uncertainity_memory_update:296 - Memory update completed
2023-04-19 00:47:56.619 | INFO     | experiments.finalised_novel_impl:train:318 - Populated buffer
2023-04-19 00:47:56.621 | INFO     | experiments.finalised_novel_impl:train:332 - Starting epoch 1 / 70
2023-04-19 00:48:12.104 | INFO     | experiments.finalised_novel_impl:train:396 - 5:1, loss: 4.204
2023-04-19 00:48:12.104 | INFO     | experiments.finalised_novel_impl:train:332 - Starting epoch 2 / 70
2023-04-19 00:48:27.590 | INFO     | experiments.finalised_novel_impl:train:396 - 5:2, loss: 4.195
2023-04-19 00:48:27.591 | INFO     | experiments.finalised_novel_impl:train:332 - Starting epoch 3 / 70
2023-04-19 00:48:43.072 | INFO     | experiments.finalised_novel_impl:train:396 - 5:3, loss: 4.182
2023-04-19 00:48:43.073 | INFO     | experiments.finalised_novel_impl:train:332 - Starting epoch 4 / 70
2023-04-19 00:48:58.560 | INFO     | experiments.finalised_novel_impl:train:396 - 5:4, loss: 4.184
2023-04-19 00:48:58.560 | INFO     | experiments.finalised_novel_impl:train:332 - Starting epoch 5 / 70
2023-04-19 00:49:14.048 | INFO     | experiments.finalised_novel_impl:train:396 - 5:5, loss: 4.186
2023-04-19 00:49:14.049 | INFO     | experiments.finalised_novel_impl:train:332 - Starting epoch 6 / 70
2023-04-19 00:49:29.519 | INFO     | experiments.finalised_novel_impl:train:396 - 5:6, loss: 4.181
2023-04-19 00:49:29.520 | INFO     | experiments.finalised_novel_impl:train:332 - Starting epoch 7 / 70
2023-04-19 00:49:45.001 | INFO     | experiments.finalised_novel_impl:train:396 - 5:7, loss: 4.175
2023-04-19 00:49:45.001 | INFO     | experiments.finalised_novel_impl:train:332 - Starting epoch 8 / 70
2023-04-19 00:50:00.492 | INFO     | experiments.finalised_novel_impl:train:396 - 5:8, loss: 4.174
2023-04-19 00:50:00.492 | INFO     | experiments.finalised_novel_impl:train:332 - Starting epoch 9 / 70
2023-04-19 00:50:15.988 | INFO     | experiments.finalised_novel_impl:train:396 - 5:9, loss: 4.168
2023-04-19 00:50:15.989 | INFO     | experiments.finalised_novel_impl:train:332 - Starting epoch 10 / 70
2023-04-19 00:50:31.506 | INFO     | experiments.finalised_novel_impl:train:396 - 5:10, loss: 4.170
2023-04-19 00:50:31.507 | INFO     | experiments.finalised_novel_impl:train:332 - Starting epoch 11 / 70
2023-04-19 00:50:47.014 | INFO     | experiments.finalised_novel_impl:train:396 - 5:11, loss: 4.171
2023-04-19 00:50:47.014 | INFO     | experiments.finalised_novel_impl:train:332 - Starting epoch 12 / 70
2023-04-19 00:51:02.517 | INFO     | experiments.finalised_novel_impl:train:396 - 5:12, loss: 4.165
2023-04-19 00:51:02.518 | INFO     | experiments.finalised_novel_impl:train:332 - Starting epoch 13 / 70
2023-04-19 00:51:18.062 | INFO     | experiments.finalised_novel_impl:train:396 - 5:13, loss: 4.165
2023-04-19 00:51:18.063 | INFO     | experiments.finalised_novel_impl:train:332 - Starting epoch 14 / 70
2023-04-19 00:51:33.568 | INFO     | experiments.finalised_novel_impl:train:396 - 5:14, loss: 4.167
2023-04-19 00:51:33.568 | INFO     | experiments.finalised_novel_impl:train:332 - Starting epoch 15 / 70
2023-04-19 00:51:49.065 | INFO     | experiments.finalised_novel_impl:train:396 - 5:15, loss: 4.160
2023-04-19 00:51:49.066 | INFO     | experiments.finalised_novel_impl:train:332 - Starting epoch 16 / 70
2023-04-19 00:52:04.599 | INFO     | experiments.finalised_novel_impl:train:396 - 5:16, loss: 4.167
2023-04-19 00:52:04.600 | INFO     | experiments.finalised_novel_impl:train:332 - Starting epoch 17 / 70
2023-04-19 00:52:20.130 | INFO     | experiments.finalised_novel_impl:train:396 - 5:17, loss: 4.173
2023-04-19 00:52:20.131 | INFO     | experiments.finalised_novel_impl:train:332 - Starting epoch 18 / 70
2023-04-19 00:52:35.648 | INFO     | experiments.finalised_novel_impl:train:396 - 5:18, loss: 4.165
2023-04-19 00:52:35.649 | INFO     | experiments.finalised_novel_impl:train:332 - Starting epoch 19 / 70
2023-04-19 00:52:51.142 | INFO     | experiments.finalised_novel_impl:train:396 - 5:19, loss: 4.170
2023-04-19 00:52:51.143 | INFO     | experiments.finalised_novel_impl:train:332 - Starting epoch 20 / 70
2023-04-19 00:53:06.650 | INFO     | experiments.finalised_novel_impl:train:396 - 5:20, loss: 4.163
2023-04-19 00:53:06.651 | INFO     | experiments.finalised_novel_impl:train:332 - Starting epoch 21 / 70
2023-04-19 00:53:22.161 | INFO     | experiments.finalised_novel_impl:train:396 - 5:21, loss: 4.161
2023-04-19 00:53:22.162 | INFO     | experiments.finalised_novel_impl:train:332 - Starting epoch 22 / 70
2023-04-19 00:53:37.665 | INFO     | experiments.finalised_novel_impl:train:396 - 5:22, loss: 4.161
2023-04-19 00:53:37.666 | INFO     | experiments.finalised_novel_impl:train:332 - Starting epoch 23 / 70
2023-04-19 00:53:53.156 | INFO     | experiments.finalised_novel_impl:train:396 - 5:23, loss: 4.156
2023-04-19 00:53:53.157 | INFO     | experiments.finalised_novel_impl:train:332 - Starting epoch 24 / 70
2023-04-19 00:54:08.650 | INFO     | experiments.finalised_novel_impl:train:396 - 5:24, loss: 4.151
2023-04-19 00:54:08.651 | INFO     | experiments.finalised_novel_impl:train:332 - Starting epoch 25 / 70
2023-04-19 00:54:24.153 | INFO     | experiments.finalised_novel_impl:train:396 - 5:25, loss: 4.150
2023-04-19 00:54:24.154 | INFO     | experiments.finalised_novel_impl:train:332 - Starting epoch 26 / 70
2023-04-19 00:54:39.649 | INFO     | experiments.finalised_novel_impl:train:396 - 5:26, loss: 4.158
2023-04-19 00:54:39.650 | INFO     | experiments.finalised_novel_impl:train:332 - Starting epoch 27 / 70
2023-04-19 00:54:55.141 | INFO     | experiments.finalised_novel_impl:train:396 - 5:27, loss: 4.149
2023-04-19 00:54:55.142 | INFO     | experiments.finalised_novel_impl:train:332 - Starting epoch 28 / 70
2023-04-19 00:55:10.627 | INFO     | experiments.finalised_novel_impl:train:396 - 5:28, loss: 4.151
2023-04-19 00:55:10.628 | INFO     | experiments.finalised_novel_impl:train:332 - Starting epoch 29 / 70
2023-04-19 00:55:26.115 | INFO     | experiments.finalised_novel_impl:train:396 - 5:29, loss: 4.145
2023-04-19 00:55:26.116 | INFO     | experiments.finalised_novel_impl:train:332 - Starting epoch 30 / 70
2023-04-19 00:55:41.614 | INFO     | experiments.finalised_novel_impl:train:396 - 5:30, loss: 4.152
2023-04-19 00:55:41.614 | INFO     | experiments.finalised_novel_impl:train:332 - Starting epoch 31 / 70
2023-04-19 00:55:57.101 | INFO     | experiments.finalised_novel_impl:train:396 - 5:31, loss: 4.150
2023-04-19 00:55:57.102 | INFO     | experiments.finalised_novel_impl:train:332 - Starting epoch 32 / 70
2023-04-19 00:56:12.598 | INFO     | experiments.finalised_novel_impl:train:396 - 5:32, loss: 4.153
2023-04-19 00:56:12.599 | INFO     | experiments.finalised_novel_impl:train:332 - Starting epoch 33 / 70
2023-04-19 00:56:28.084 | INFO     | experiments.finalised_novel_impl:train:396 - 5:33, loss: 4.160
2023-04-19 00:56:28.085 | INFO     | experiments.finalised_novel_impl:train:332 - Starting epoch 34 / 70
2023-04-19 00:56:43.560 | INFO     | experiments.finalised_novel_impl:train:396 - 5:34, loss: 4.153
2023-04-19 00:56:43.561 | INFO     | experiments.finalised_novel_impl:train:332 - Starting epoch 35 / 70
2023-04-19 00:56:59.042 | INFO     | experiments.finalised_novel_impl:train:396 - 5:35, loss: 4.152
2023-04-19 00:56:59.042 | INFO     | experiments.finalised_novel_impl:train:332 - Starting epoch 36 / 70
2023-04-19 00:57:14.521 | INFO     | experiments.finalised_novel_impl:train:396 - 5:36, loss: 4.152
2023-04-19 00:57:14.522 | INFO     | experiments.finalised_novel_impl:train:332 - Starting epoch 37 / 70
2023-04-19 00:57:29.991 | INFO     | experiments.finalised_novel_impl:train:396 - 5:37, loss: 4.150
2023-04-19 00:57:29.992 | INFO     | experiments.finalised_novel_impl:train:332 - Starting epoch 38 / 70
2023-04-19 00:57:45.477 | INFO     | experiments.finalised_novel_impl:train:396 - 5:38, loss: 4.152
2023-04-19 00:57:45.477 | INFO     | experiments.finalised_novel_impl:train:332 - Starting epoch 39 / 70
2023-04-19 00:58:00.953 | INFO     | experiments.finalised_novel_impl:train:396 - 5:39, loss: 4.148
2023-04-19 00:58:00.954 | INFO     | experiments.finalised_novel_impl:train:332 - Starting epoch 40 / 70
2023-04-19 00:58:16.430 | INFO     | experiments.finalised_novel_impl:train:396 - 5:40, loss: 4.152
2023-04-19 00:58:16.431 | INFO     | experiments.finalised_novel_impl:train:332 - Starting epoch 41 / 70
2023-04-19 00:58:31.928 | INFO     | experiments.finalised_novel_impl:train:396 - 5:41, loss: 4.147
2023-04-19 00:58:31.929 | INFO     | experiments.finalised_novel_impl:train:332 - Starting epoch 42 / 70
2023-04-19 00:58:47.431 | INFO     | experiments.finalised_novel_impl:train:396 - 5:42, loss: 4.157
2023-04-19 00:58:47.432 | INFO     | experiments.finalised_novel_impl:train:332 - Starting epoch 43 / 70
2023-04-19 00:59:02.904 | INFO     | experiments.finalised_novel_impl:train:396 - 5:43, loss: 4.149
2023-04-19 00:59:02.905 | INFO     | experiments.finalised_novel_impl:train:332 - Starting epoch 44 / 70
2023-04-19 00:59:18.379 | INFO     | experiments.finalised_novel_impl:train:396 - 5:44, loss: 4.145
2023-04-19 00:59:18.380 | INFO     | experiments.finalised_novel_impl:train:332 - Starting epoch 45 / 70
2023-04-19 00:59:33.859 | INFO     | experiments.finalised_novel_impl:train:396 - 5:45, loss: 4.143
2023-04-19 00:59:33.860 | INFO     | experiments.finalised_novel_impl:train:332 - Starting epoch 46 / 70
2023-04-19 00:59:49.338 | INFO     | experiments.finalised_novel_impl:train:396 - 5:46, loss: 4.151
2023-04-19 00:59:49.339 | INFO     | experiments.finalised_novel_impl:train:332 - Starting epoch 47 / 70
2023-04-19 01:00:04.817 | INFO     | experiments.finalised_novel_impl:train:396 - 5:47, loss: 4.148
2023-04-19 01:00:04.818 | INFO     | experiments.finalised_novel_impl:train:332 - Starting epoch 48 / 70
2023-04-19 01:00:20.312 | INFO     | experiments.finalised_novel_impl:train:396 - 5:48, loss: 4.139
2023-04-19 01:00:20.312 | INFO     | experiments.finalised_novel_impl:train:332 - Starting epoch 49 / 70
2023-04-19 01:00:35.807 | INFO     | experiments.finalised_novel_impl:train:396 - 5:49, loss: 4.140
2023-04-19 01:00:35.808 | INFO     | experiments.finalised_novel_impl:train:332 - Starting epoch 50 / 70
2023-04-19 01:00:51.301 | INFO     | experiments.finalised_novel_impl:train:396 - 5:50, loss: 4.145
2023-04-19 01:00:51.301 | INFO     | experiments.finalised_novel_impl:train:332 - Starting epoch 51 / 70
2023-04-19 01:01:06.786 | INFO     | experiments.finalised_novel_impl:train:396 - 5:51, loss: 4.139
2023-04-19 01:01:06.786 | INFO     | experiments.finalised_novel_impl:train:332 - Starting epoch 52 / 70
2023-04-19 01:01:22.255 | INFO     | experiments.finalised_novel_impl:train:396 - 5:52, loss: 4.143
2023-04-19 01:01:22.256 | INFO     | experiments.finalised_novel_impl:train:332 - Starting epoch 53 / 70
2023-04-19 01:01:37.721 | INFO     | experiments.finalised_novel_impl:train:396 - 5:53, loss: 4.139
2023-04-19 01:01:37.721 | INFO     | experiments.finalised_novel_impl:train:332 - Starting epoch 54 / 70
2023-04-19 01:01:53.210 | INFO     | experiments.finalised_novel_impl:train:396 - 5:54, loss: 4.142
2023-04-19 01:01:53.211 | INFO     | experiments.finalised_novel_impl:train:332 - Starting epoch 55 / 70
2023-04-19 01:02:08.687 | INFO     | experiments.finalised_novel_impl:train:396 - 5:55, loss: 4.140
2023-04-19 01:02:08.688 | INFO     | experiments.finalised_novel_impl:train:332 - Starting epoch 56 / 70
2023-04-19 01:02:24.170 | INFO     | experiments.finalised_novel_impl:train:396 - 5:56, loss: 4.144
2023-04-19 01:02:24.171 | INFO     | experiments.finalised_novel_impl:train:332 - Starting epoch 57 / 70
2023-04-19 01:02:39.664 | INFO     | experiments.finalised_novel_impl:train:396 - 5:57, loss: 4.140
2023-04-19 01:02:39.665 | INFO     | experiments.finalised_novel_impl:train:332 - Starting epoch 58 / 70
2023-04-19 01:02:55.149 | INFO     | experiments.finalised_novel_impl:train:396 - 5:58, loss: 4.135
2023-04-19 01:02:55.150 | INFO     | experiments.finalised_novel_impl:train:332 - Starting epoch 59 / 70
2023-04-19 01:03:10.629 | INFO     | experiments.finalised_novel_impl:train:396 - 5:59, loss: 4.136
2023-04-19 01:03:10.630 | INFO     | experiments.finalised_novel_impl:train:332 - Starting epoch 60 / 70
2023-04-19 01:03:26.120 | INFO     | experiments.finalised_novel_impl:train:396 - 5:60, loss: 4.138
2023-04-19 01:03:26.120 | INFO     | experiments.finalised_novel_impl:train:332 - Starting epoch 61 / 70
2023-04-19 01:03:41.599 | INFO     | experiments.finalised_novel_impl:train:396 - 5:61, loss: 4.139
2023-04-19 01:03:41.600 | INFO     | experiments.finalised_novel_impl:train:332 - Starting epoch 62 / 70
2023-04-19 01:03:57.092 | INFO     | experiments.finalised_novel_impl:train:396 - 5:62, loss: 4.137
2023-04-19 01:03:57.093 | INFO     | experiments.finalised_novel_impl:train:332 - Starting epoch 63 / 70
2023-04-19 01:04:12.570 | INFO     | experiments.finalised_novel_impl:train:396 - 5:63, loss: 4.134
2023-04-19 01:04:12.571 | INFO     | experiments.finalised_novel_impl:train:332 - Starting epoch 64 / 70
2023-04-19 01:04:28.047 | INFO     | experiments.finalised_novel_impl:train:396 - 5:64, loss: 4.145
2023-04-19 01:04:28.048 | INFO     | experiments.finalised_novel_impl:train:332 - Starting epoch 65 / 70
2023-04-19 01:04:43.548 | INFO     | experiments.finalised_novel_impl:train:396 - 5:65, loss: 4.147
2023-04-19 01:04:43.549 | INFO     | experiments.finalised_novel_impl:train:332 - Starting epoch 66 / 70
2023-04-19 01:04:59.026 | INFO     | experiments.finalised_novel_impl:train:396 - 5:66, loss: 4.146
2023-04-19 01:04:59.027 | INFO     | experiments.finalised_novel_impl:train:332 - Starting epoch 67 / 70
2023-04-19 01:05:14.510 | INFO     | experiments.finalised_novel_impl:train:396 - 5:67, loss: 4.145
2023-04-19 01:05:14.511 | INFO     | experiments.finalised_novel_impl:train:332 - Starting epoch 68 / 70
2023-04-19 01:05:30.001 | INFO     | experiments.finalised_novel_impl:train:396 - 5:68, loss: 4.149
2023-04-19 01:05:30.002 | INFO     | experiments.finalised_novel_impl:train:332 - Starting epoch 69 / 70
2023-04-19 01:05:45.487 | INFO     | experiments.finalised_novel_impl:train:396 - 5:69, loss: 4.144
2023-04-19 01:05:45.488 | INFO     | experiments.finalised_novel_impl:train:332 - Starting epoch 70 / 70
2023-04-19 01:06:00.978 | INFO     | experiments.finalised_novel_impl:train:396 - 5:70, loss: 4.140
2023-04-19 01:06:00.979 | INFO     | algorithms.algorithm_base:run_base_task_metrics:144 - Running metrics: Task 350
2023-04-19 01:06:01.007 | INFO     | experiments.finalised_novel_impl:generate_embeddings:422 - Generating fresh mean embedding vectors
2023-04-19 01:06:08.873 | DEBUG    | experiments.finalised_novel_impl:generate_embeddings:455 - Generated mean embedding vectors for: dict_keys([4, 7, 3, 1, 5, 8, 9, 6, 2, 0])
2023-04-19 01:07:26.559 | DEBUG    | algorithms.algorithm_base:run_base_task_metrics:200 - Raw classification accuracy results saved to ./output_cifar10_varied_sampling/novel/1681853423.9672837_CIFAR10_OFFICIAL_RUN/task_350_accuracy_results.json
2023-04-19 01:07:26.560 | INFO     | algorithms.algorithm_base:run_base_task_metrics:201 - Correctly classified 8947 / 10000 samples (89.47% correct)
2023-04-19 01:07:26.694 | INFO     | algorithms.algorithm_base:run_base_task_metrics:144 - Running metrics: Task 999
2023-04-19 01:08:44.399 | DEBUG    | algorithms.algorithm_base:run_base_task_metrics:200 - Raw classification accuracy results saved to ./output_cifar10_varied_sampling/novel/1681853423.9672837_CIFAR10_OFFICIAL_RUN/task_999_accuracy_results.json
2023-04-19 01:08:44.400 | INFO     | algorithms.algorithm_base:run_base_task_metrics:201 - Correctly classified 8918 / 10000 samples (89.18% correct)
2023-04-19 01:08:44.534 | INFO     | experiments.finalised_novel_impl:train:409 - Training complete
2023-04-19 01:08:44.539 | INFO     | __main__:run_experiment:300 - Training and evaluation completed!
2023-04-19 01:08:44.540 | INFO     | __main__:run_experiment:314 - Wrote usage stats to file
2023-04-19 01:08:44.541 | INFO     | __main__:main:363 - Complete
2023-04-19 01:08:44.542 | INFO     | __main__:close_tensorboard_writer:262 - Shut down TensorBoard
