2023-04-14 14:48:21.407 | INFO     | __main__:setup_files:218 - Experiment Name: OFFICIAL_RUN
2023-04-14 14:48:21.408 | INFO     | __main__:main:334 - Command line arguments: Configuration(algorithm='der', dataset='cifar100', classes_per_task=20, seed=2214, samples=2000)
2023-04-14 14:48:21.410 | INFO     | __main__:main:338 - Seeded random to 2214
2023-04-14 14:48:21.411 | INFO     | __main__:main:342 - Got CUDA device
2023-04-14 14:48:21.412 | INFO     | __main__:force_cuda_load:268 - Forcing CUDA initialisation...
2023-04-14 14:48:21.469 | INFO     | __main__:main:346 - CUDA initialised
2023-04-14 14:48:21.469 | INFO     | __main__:setup_shutdown_hook:264 - To access TensorBoard, run the command: tensorboard --logdir=./output_cifar100_varied_sampling/der_pp/1681480101.4029605_CIFAR100_OFFICIAL_RUN
2023-04-14 14:48:22.281 | INFO     | __main__:main:350 - Setup shutdown hooks
2023-04-14 14:48:22.308 | INFO     | __main__:main:355 - Model is setup
2023-04-14 14:48:22.310 | INFO     | __main__:main:357 - Complete pre-setup, starting experiment
2023-04-14 14:48:23.502 | INFO     | datasets.dataset_base:__init__:80 - Using disjoint tasks with 20 (5 tasks) with a randomised split
2023-04-14 14:48:23.503 | DEBUG    | datasets.dataset_base:_setup_task_datasets:95 - Splitting dataset into 5 disjoint tasks
2023-04-14 14:48:23.524 | INFO     | datasets.dataset_base:__init__:85 - {
  "name": "datasets.cifar100.CIFAR100",
  "dataset_class": "torchvision.datasets.cifar.CIFAR100",
  "training_dataset_parameters": "{'train': True, 'download': True}",
  "testing_dataset_parameters": "{'train': False, 'download': True}",
  "training_transform": "Compose(\n    Resize(size=(32, 32), interpolation=bilinear, max_size=None, antialias=None)\n    ToTensor()\n    Normalize(mean=(0.5071, 0.4867, 0.4408), std=(0.2675, 0.2565, 0.2761))\n    RandomCrop(size=(32, 32), padding=4)\n    RandomHorizontalFlip(p=0.5)\n)",
  "testing_transform": "Compose(\n    Resize(size=(32, 32), interpolation=bilinear, max_size=None, antialias=None)\n    ToTensor()\n    Normalize(mean=(0.5071, 0.4867, 0.4408), std=(0.2675, 0.2565, 0.2761))\n)",
  "classes": "apple, aquarium_fish, baby, bear, beaver, bed, bee, beetle, bicycle, bottle, bowl, boy, bridge, bus, butterfly, camel, can, castle, caterpillar, cattle, chair, chimpanzee, clock, cloud, cockroach, couch, crab, crocodile, cup, dinosaur, dolphin, elephant, flatfish, forest, fox, girl, hamster, house, kangaroo, keyboard, lamp, lawn_mower, leopard, lion, lizard, lobster, man, maple_tree, motorcycle, mountain, mouse, mushroom, oak_tree, orange, orchid, otter, palm_tree, pear, pickup_truck, pine_tree, plain, plate, poppy, porcupine, possum, rabbit, raccoon, ray, road, rocket, rose, sea, seal, shark, shrew, skunk, skyscraper, snail, snake, spider, squirrel, streetcar, sunflower, sweet_pepper, table, tank, telephone, television, tiger, tractor, train, trout, tulip, turtle, wardrobe, whale, willow_tree, wolf, woman, worm",
  "disjoint": true,
  "task_count": 5,
  "classes_per_task": [
    20
  ],
  "task_split_indices": [
    [
      83,
      48,
      78,
      11,
      67,
      62,
      66,
      85,
      2,
      53,
      76,
      96,
      17,
      92,
      3,
      63,
      97,
      45,
      61,
      6
    ],
    [
      77,
      13,
      90,
      75,
      44,
      18,
      98,
      8,
      91,
      64,
      4,
      57,
      24,
      80,
      25,
      1,
      99,
      21,
      46,
      95
    ],
    [
      86,
      42,
      22,
      65,
      58,
      20,
      9,
      87,
      79,
      27,
      29,
      7,
      51,
      37,
      50,
      38,
      40,
      60,
      68,
      15
    ],
    [
      84,
      32,
      49,
      41,
      30,
      69,
      33,
      82,
      55,
      93,
      28,
      26,
      0,
      52,
      36,
      39,
      94,
      70,
      43,
      72
    ],
    [
      81,
      5,
      74,
      10,
      73,
      71,
      23,
      34,
      47,
      14,
      88,
      54,
      31,
      19,
      16,
      56,
      12,
      59,
      89,
      35
    ]
  ],
  "task_split_classes": [
    [
      "sweet_pepper",
      "motorcycle",
      "snake",
      "boy",
      "ray",
      "poppy",
      "raccoon",
      "tank",
      "baby",
      "orange",
      "skyscraper",
      "willow_tree",
      "castle",
      "tulip",
      "bear",
      "porcupine",
      "wolf",
      "lobster",
      "plate",
      "bee"
    ],
    [
      "snail",
      "bus",
      "train",
      "skunk",
      "lizard",
      "caterpillar",
      "woman",
      "bicycle",
      "trout",
      "possum",
      "beaver",
      "pear",
      "cockroach",
      "squirrel",
      "couch",
      "aquarium_fish",
      "worm",
      "chimpanzee",
      "man",
      "whale"
    ],
    [
      "telephone",
      "leopard",
      "clock",
      "rabbit",
      "pickup_truck",
      "chair",
      "bottle",
      "television",
      "spider",
      "crocodile",
      "dinosaur",
      "beetle",
      "mushroom",
      "house",
      "mouse",
      "kangaroo",
      "lamp",
      "plain",
      "road",
      "camel"
    ],
    [
      "table",
      "flatfish",
      "mountain",
      "lawn_mower",
      "dolphin",
      "rocket",
      "forest",
      "sunflower",
      "otter",
      "turtle",
      "cup",
      "crab",
      "apple",
      "oak_tree",
      "hamster",
      "keyboard",
      "wardrobe",
      "rose",
      "lion",
      "seal"
    ],
    [
      "streetcar",
      "bed",
      "shrew",
      "bowl",
      "shark",
      "sea",
      "cloud",
      "fox",
      "maple_tree",
      "butterfly",
      "tiger",
      "orchid",
      "elephant",
      "cattle",
      "can",
      "palm_tree",
      "bridge",
      "pine_tree",
      "tractor",
      "girl"
    ]
  ]
}
2023-04-14 14:48:23.529 | DEBUG    | __main__:run_experiment:292 - PID: 14864
2023-04-14 14:48:23.531 | INFO     | __main__:run_experiment:294 - Starting...
2023-04-14 14:48:23.532 | INFO     | algorithms.algorithm_base:train:116 - {
  "name": "algorithms.der_pp.DarkExperiencePlusPlus",
  "model_class": "models.cifar.resnet.ResNet",
  "device": "cuda:0",
  "dataset_class": "datasets.cifar100.CIFAR100",
  "optimiser_class": "torch.optim.sgd.SGD",
  "loss_criterion_class": "torch.nn.modules.loss.CrossEntropyLoss",
  "epochs_per_task": 1,
  "batch_size": 16,
  "max_memory_samples": 2000,
  "alpha": 0.5,
  "beta": 0
}
2023-04-14 14:48:23.534 | DEBUG    | algorithms.algorithm_base:_setup_training:109 - Model moved to cuda:0 and set to train mode
2023-04-14 14:48:23.535 | INFO     | algorithms.algorithm_base:train:118 - Starting training
2023-04-14 14:48:23.536 | INFO     | algorithms.der_pp:train:86 - Task 1 / 5
2023-04-14 14:48:23.537 | INFO     | algorithms.der_pp:train:87 - Classes in task: ['sweet_pepper', 'motorcycle', 'snake', 'boy', 'ray', 'poppy', 'raccoon', 'tank', 'baby', 'orange', 'skyscraper', 'willow_tree', 'castle', 'tulip', 'bear', 'porcupine', 'wolf', 'lobster', 'plate', 'bee']
2023-04-14 14:48:23.538 | INFO     | algorithms.der_pp:train:95 - Starting epoch 1 / 1
2023-04-14 14:48:27.405 | INFO     | algorithms.der_pp:train:159 - 0:1:40, loss: 5.075
2023-04-14 14:48:29.369 | INFO     | algorithms.der_pp:train:159 - 0:1:80, loss: 4.812
2023-04-14 14:48:31.348 | INFO     | algorithms.der_pp:train:159 - 0:1:120, loss: 4.733
2023-04-14 14:48:33.339 | INFO     | algorithms.der_pp:train:159 - 0:1:160, loss: 4.602
2023-04-14 14:48:35.337 | INFO     | algorithms.der_pp:train:159 - 0:1:200, loss: 4.363
2023-04-14 14:48:37.329 | INFO     | algorithms.der_pp:train:159 - 0:1:240, loss: 4.207
2023-04-14 14:48:39.322 | INFO     | algorithms.der_pp:train:159 - 0:1:280, loss: 4.220
2023-04-14 14:48:41.315 | INFO     | algorithms.der_pp:train:159 - 0:1:320, loss: 4.100
2023-04-14 14:48:43.309 | INFO     | algorithms.der_pp:train:159 - 0:1:360, loss: 3.894
2023-04-14 14:48:45.304 | INFO     | algorithms.der_pp:train:159 - 0:1:400, loss: 3.906
2023-04-14 14:48:47.301 | INFO     | algorithms.der_pp:train:159 - 0:1:440, loss: 3.904
2023-04-14 14:48:49.298 | INFO     | algorithms.der_pp:train:159 - 0:1:480, loss: 3.792
2023-04-14 14:48:51.297 | INFO     | algorithms.der_pp:train:159 - 0:1:520, loss: 3.700
2023-04-14 14:48:53.289 | INFO     | algorithms.der_pp:train:159 - 0:1:560, loss: 3.562
2023-04-14 14:48:55.292 | INFO     | algorithms.der_pp:train:159 - 0:1:600, loss: 3.551
2023-04-14 14:48:56.492 | DEBUG    | algorithms.der_pp:train:162 - Current sample stats:
2023-04-14 14:48:56.493 | DEBUG    | algorithms.der_pp:train:165 - 85 has 100 samples
2023-04-14 14:48:56.493 | DEBUG    | algorithms.der_pp:train:165 - 53 has 100 samples
2023-04-14 14:48:56.494 | DEBUG    | algorithms.der_pp:train:165 - 11 has 100 samples
2023-04-14 14:48:56.495 | DEBUG    | algorithms.der_pp:train:165 - 96 has 100 samples
2023-04-14 14:48:56.495 | DEBUG    | algorithms.der_pp:train:165 - 2 has 100 samples
2023-04-14 14:48:56.496 | DEBUG    | algorithms.der_pp:train:165 - 78 has 100 samples
2023-04-14 14:48:56.497 | DEBUG    | algorithms.der_pp:train:165 - 61 has 100 samples
2023-04-14 14:48:56.497 | DEBUG    | algorithms.der_pp:train:165 - 97 has 100 samples
2023-04-14 14:48:56.498 | DEBUG    | algorithms.der_pp:train:165 - 67 has 100 samples
2023-04-14 14:48:56.499 | DEBUG    | algorithms.der_pp:train:165 - 83 has 100 samples
2023-04-14 14:48:56.499 | DEBUG    | algorithms.der_pp:train:165 - 48 has 100 samples
2023-04-14 14:48:56.500 | DEBUG    | algorithms.der_pp:train:165 - 6 has 100 samples
2023-04-14 14:48:56.501 | DEBUG    | algorithms.der_pp:train:165 - 92 has 100 samples
2023-04-14 14:48:56.501 | DEBUG    | algorithms.der_pp:train:165 - 62 has 100 samples
2023-04-14 14:48:56.502 | DEBUG    | algorithms.der_pp:train:165 - 17 has 100 samples
2023-04-14 14:48:56.503 | DEBUG    | algorithms.der_pp:train:165 - 45 has 100 samples
2023-04-14 14:48:56.504 | DEBUG    | algorithms.der_pp:train:165 - 76 has 100 samples
2023-04-14 14:48:56.504 | DEBUG    | algorithms.der_pp:train:165 - 66 has 100 samples
2023-04-14 14:48:56.505 | DEBUG    | algorithms.der_pp:train:165 - 3 has 100 samples
2023-04-14 14:48:56.506 | DEBUG    | algorithms.der_pp:train:165 - 63 has 100 samples
2023-04-14 14:48:56.506 | INFO     | algorithms.der_pp:train:170 - 1, loss: 4.139
2023-04-14 14:48:56.507 | INFO     | algorithms.algorithm_base:run_base_task_metrics:144 - Running metrics: Task 0
2023-04-14 14:49:00.542 | DEBUG    | algorithms.algorithm_base:run_base_task_metrics:200 - Raw classification accuracy results saved to ./output_cifar100_varied_sampling/der_pp/1681480101.4029605_CIFAR100_OFFICIAL_RUN/task_0_accuracy_results.json
2023-04-14 14:49:00.544 | INFO     | algorithms.algorithm_base:run_base_task_metrics:201 - Correctly classified 591 / 10000 samples (5.91% correct)
2023-04-14 14:49:01.012 | INFO     | algorithms.der_pp:train:86 - Task 2 / 5
2023-04-14 14:49:01.017 | INFO     | algorithms.der_pp:train:87 - Classes in task: ['snail', 'bus', 'train', 'skunk', 'lizard', 'caterpillar', 'woman', 'bicycle', 'trout', 'possum', 'beaver', 'pear', 'cockroach', 'squirrel', 'couch', 'aquarium_fish', 'worm', 'chimpanzee', 'man', 'whale']
2023-04-14 14:49:01.017 | INFO     | algorithms.der_pp:train:95 - Starting epoch 1 / 1
2023-04-14 14:49:03.100 | INFO     | algorithms.der_pp:train:159 - 1:1:40, loss: 5.147
2023-04-14 14:49:05.111 | INFO     | algorithms.der_pp:train:159 - 1:1:80, loss: 4.795
2023-04-14 14:49:07.119 | INFO     | algorithms.der_pp:train:159 - 1:1:120, loss: 4.594
2023-04-14 14:49:09.126 | INFO     | algorithms.der_pp:train:159 - 1:1:160, loss: 4.506
2023-04-14 14:49:11.140 | INFO     | algorithms.der_pp:train:159 - 1:1:200, loss: 4.447
2023-04-14 14:49:13.152 | INFO     | algorithms.der_pp:train:159 - 1:1:240, loss: 4.268
2023-04-14 14:49:15.173 | INFO     | algorithms.der_pp:train:159 - 1:1:280, loss: 4.390
2023-04-14 14:49:16.270 | WARNING  | algorithms.buffers:add_sample:173 - Duplicate hash: 2089390430155024523
2023-04-14 14:49:17.187 | INFO     | algorithms.der_pp:train:159 - 1:1:320, loss: 4.379
2023-04-14 14:49:19.207 | INFO     | algorithms.der_pp:train:159 - 1:1:360, loss: 4.240
2023-04-14 14:49:21.225 | INFO     | algorithms.der_pp:train:159 - 1:1:400, loss: 4.225
2023-04-14 14:49:23.242 | INFO     | algorithms.der_pp:train:159 - 1:1:440, loss: 4.122
2023-04-14 14:49:25.259 | INFO     | algorithms.der_pp:train:159 - 1:1:480, loss: 4.033
2023-04-14 14:49:27.279 | INFO     | algorithms.der_pp:train:159 - 1:1:520, loss: 4.075
2023-04-14 14:49:29.303 | INFO     | algorithms.der_pp:train:159 - 1:1:560, loss: 4.102
2023-04-14 14:49:31.323 | INFO     | algorithms.der_pp:train:159 - 1:1:600, loss: 3.963
2023-04-14 14:49:31.513 | WARNING  | algorithms.buffers:add_sample:173 - Duplicate hash: -3380631710095992709
2023-04-14 14:49:32.537 | DEBUG    | algorithms.der_pp:train:162 - Current sample stats:
2023-04-14 14:49:32.538 | DEBUG    | algorithms.der_pp:train:165 - 85 has 50 samples
2023-04-14 14:49:32.539 | DEBUG    | algorithms.der_pp:train:165 - 53 has 50 samples
2023-04-14 14:49:32.539 | DEBUG    | algorithms.der_pp:train:165 - 11 has 50 samples
2023-04-14 14:49:32.540 | DEBUG    | algorithms.der_pp:train:165 - 96 has 50 samples
2023-04-14 14:49:32.541 | DEBUG    | algorithms.der_pp:train:165 - 2 has 50 samples
2023-04-14 14:49:32.541 | DEBUG    | algorithms.der_pp:train:165 - 78 has 50 samples
2023-04-14 14:49:32.542 | DEBUG    | algorithms.der_pp:train:165 - 61 has 50 samples
2023-04-14 14:49:32.543 | DEBUG    | algorithms.der_pp:train:165 - 97 has 50 samples
2023-04-14 14:49:32.543 | DEBUG    | algorithms.der_pp:train:165 - 67 has 50 samples
2023-04-14 14:49:32.544 | DEBUG    | algorithms.der_pp:train:165 - 83 has 50 samples
2023-04-14 14:49:32.545 | DEBUG    | algorithms.der_pp:train:165 - 48 has 50 samples
2023-04-14 14:49:32.546 | DEBUG    | algorithms.der_pp:train:165 - 6 has 50 samples
2023-04-14 14:49:32.546 | DEBUG    | algorithms.der_pp:train:165 - 92 has 50 samples
2023-04-14 14:49:32.547 | DEBUG    | algorithms.der_pp:train:165 - 62 has 50 samples
2023-04-14 14:49:32.548 | DEBUG    | algorithms.der_pp:train:165 - 17 has 50 samples
2023-04-14 14:49:32.548 | DEBUG    | algorithms.der_pp:train:165 - 45 has 50 samples
2023-04-14 14:49:32.549 | DEBUG    | algorithms.der_pp:train:165 - 76 has 50 samples
2023-04-14 14:49:32.550 | DEBUG    | algorithms.der_pp:train:165 - 66 has 50 samples
2023-04-14 14:49:32.550 | DEBUG    | algorithms.der_pp:train:165 - 3 has 50 samples
2023-04-14 14:49:32.551 | DEBUG    | algorithms.der_pp:train:165 - 63 has 50 samples
2023-04-14 14:49:32.552 | DEBUG    | algorithms.der_pp:train:165 - 80 has 50 samples
2023-04-14 14:49:32.552 | DEBUG    | algorithms.der_pp:train:165 - 46 has 50 samples
2023-04-14 14:49:32.553 | DEBUG    | algorithms.der_pp:train:165 - 1 has 50 samples
2023-04-14 14:49:32.554 | DEBUG    | algorithms.der_pp:train:165 - 91 has 50 samples
2023-04-14 14:49:32.555 | DEBUG    | algorithms.der_pp:train:165 - 4 has 50 samples
2023-04-14 14:49:32.555 | DEBUG    | algorithms.der_pp:train:165 - 77 has 50 samples
2023-04-14 14:49:32.556 | DEBUG    | algorithms.der_pp:train:165 - 18 has 50 samples
2023-04-14 14:49:32.557 | DEBUG    | algorithms.der_pp:train:165 - 44 has 50 samples
2023-04-14 14:49:32.557 | DEBUG    | algorithms.der_pp:train:165 - 98 has 50 samples
2023-04-14 14:49:32.558 | DEBUG    | algorithms.der_pp:train:165 - 21 has 50 samples
2023-04-14 14:49:32.559 | DEBUG    | algorithms.der_pp:train:165 - 24 has 50 samples
2023-04-14 14:49:32.560 | DEBUG    | algorithms.der_pp:train:165 - 25 has 50 samples
2023-04-14 14:49:32.560 | DEBUG    | algorithms.der_pp:train:165 - 57 has 50 samples
2023-04-14 14:49:32.561 | DEBUG    | algorithms.der_pp:train:165 - 64 has 50 samples
2023-04-14 14:49:32.562 | DEBUG    | algorithms.der_pp:train:165 - 99 has 50 samples
2023-04-14 14:49:32.562 | DEBUG    | algorithms.der_pp:train:165 - 13 has 50 samples
2023-04-14 14:49:32.563 | DEBUG    | algorithms.der_pp:train:165 - 8 has 50 samples
2023-04-14 14:49:32.564 | DEBUG    | algorithms.der_pp:train:165 - 75 has 50 samples
2023-04-14 14:49:32.565 | DEBUG    | algorithms.der_pp:train:165 - 90 has 50 samples
2023-04-14 14:49:32.565 | DEBUG    | algorithms.der_pp:train:165 - 95 has 50 samples
2023-04-14 14:49:32.566 | INFO     | algorithms.der_pp:train:170 - 1, loss: 4.338
2023-04-14 14:49:32.567 | INFO     | algorithms.algorithm_base:run_base_task_metrics:144 - Running metrics: Task 1
2023-04-14 14:49:36.539 | DEBUG    | algorithms.algorithm_base:run_base_task_metrics:200 - Raw classification accuracy results saved to ./output_cifar100_varied_sampling/der_pp/1681480101.4029605_CIFAR100_OFFICIAL_RUN/task_1_accuracy_results.json
2023-04-14 14:49:36.541 | INFO     | algorithms.algorithm_base:run_base_task_metrics:201 - Correctly classified 594 / 10000 samples (5.94% correct)
2023-04-14 14:49:36.909 | INFO     | algorithms.der_pp:train:86 - Task 3 / 5
2023-04-14 14:49:36.914 | INFO     | algorithms.der_pp:train:87 - Classes in task: ['telephone', 'leopard', 'clock', 'rabbit', 'pickup_truck', 'chair', 'bottle', 'television', 'spider', 'crocodile', 'dinosaur', 'beetle', 'mushroom', 'house', 'mouse', 'kangaroo', 'lamp', 'plain', 'road', 'camel']
2023-04-14 14:49:36.915 | INFO     | algorithms.der_pp:train:95 - Starting epoch 1 / 1
2023-04-14 14:49:38.997 | INFO     | algorithms.der_pp:train:159 - 2:1:40, loss: 5.363
2023-04-14 14:49:41.020 | INFO     | algorithms.der_pp:train:159 - 2:1:80, loss: 4.992
2023-04-14 14:49:43.031 | INFO     | algorithms.der_pp:train:159 - 2:1:120, loss: 4.933
2023-04-14 14:49:45.043 | INFO     | algorithms.der_pp:train:159 - 2:1:160, loss: 4.812
2023-04-14 14:49:47.064 | INFO     | algorithms.der_pp:train:159 - 2:1:200, loss: 4.727
2023-04-14 14:49:49.083 | INFO     | algorithms.der_pp:train:159 - 2:1:240, loss: 4.594
2023-04-14 14:49:51.102 | INFO     | algorithms.der_pp:train:159 - 2:1:280, loss: 4.634
2023-04-14 14:49:53.124 | INFO     | algorithms.der_pp:train:159 - 2:1:320, loss: 4.523
2023-04-14 14:49:55.135 | INFO     | algorithms.der_pp:train:159 - 2:1:360, loss: 4.425
2023-04-14 14:49:57.167 | INFO     | algorithms.der_pp:train:159 - 2:1:400, loss: 4.386
2023-04-14 14:49:59.212 | INFO     | algorithms.der_pp:train:159 - 2:1:440, loss: 4.318
2023-04-14 14:50:01.250 | INFO     | algorithms.der_pp:train:159 - 2:1:480, loss: 4.271
2023-04-14 14:50:03.272 | INFO     | algorithms.der_pp:train:159 - 2:1:520, loss: 4.200
2023-04-14 14:50:05.288 | INFO     | algorithms.der_pp:train:159 - 2:1:560, loss: 4.289
2023-04-14 14:50:07.310 | INFO     | algorithms.der_pp:train:159 - 2:1:600, loss: 4.219
2023-04-14 14:50:08.523 | DEBUG    | algorithms.der_pp:train:162 - Current sample stats:
2023-04-14 14:50:08.523 | DEBUG    | algorithms.der_pp:train:165 - 85 has 33 samples
2023-04-14 14:50:08.524 | DEBUG    | algorithms.der_pp:train:165 - 53 has 33 samples
2023-04-14 14:50:08.525 | DEBUG    | algorithms.der_pp:train:165 - 11 has 33 samples
2023-04-14 14:50:08.526 | DEBUG    | algorithms.der_pp:train:165 - 96 has 33 samples
2023-04-14 14:50:08.526 | DEBUG    | algorithms.der_pp:train:165 - 2 has 33 samples
2023-04-14 14:50:08.526 | DEBUG    | algorithms.der_pp:train:165 - 78 has 33 samples
2023-04-14 14:50:08.527 | DEBUG    | algorithms.der_pp:train:165 - 61 has 33 samples
2023-04-14 14:50:08.527 | DEBUG    | algorithms.der_pp:train:165 - 97 has 33 samples
2023-04-14 14:50:08.528 | DEBUG    | algorithms.der_pp:train:165 - 67 has 33 samples
2023-04-14 14:50:08.529 | DEBUG    | algorithms.der_pp:train:165 - 83 has 33 samples
2023-04-14 14:50:08.529 | DEBUG    | algorithms.der_pp:train:165 - 48 has 33 samples
2023-04-14 14:50:08.530 | DEBUG    | algorithms.der_pp:train:165 - 6 has 33 samples
2023-04-14 14:50:08.531 | DEBUG    | algorithms.der_pp:train:165 - 92 has 33 samples
2023-04-14 14:50:08.531 | DEBUG    | algorithms.der_pp:train:165 - 62 has 33 samples
2023-04-14 14:50:08.532 | DEBUG    | algorithms.der_pp:train:165 - 17 has 33 samples
2023-04-14 14:50:08.533 | DEBUG    | algorithms.der_pp:train:165 - 45 has 33 samples
2023-04-14 14:50:08.533 | DEBUG    | algorithms.der_pp:train:165 - 76 has 33 samples
2023-04-14 14:50:08.534 | DEBUG    | algorithms.der_pp:train:165 - 66 has 33 samples
2023-04-14 14:50:08.535 | DEBUG    | algorithms.der_pp:train:165 - 3 has 33 samples
2023-04-14 14:50:08.536 | DEBUG    | algorithms.der_pp:train:165 - 63 has 33 samples
2023-04-14 14:50:08.536 | DEBUG    | algorithms.der_pp:train:165 - 80 has 33 samples
2023-04-14 14:50:08.537 | DEBUG    | algorithms.der_pp:train:165 - 46 has 33 samples
2023-04-14 14:50:08.538 | DEBUG    | algorithms.der_pp:train:165 - 1 has 33 samples
2023-04-14 14:50:08.539 | DEBUG    | algorithms.der_pp:train:165 - 91 has 33 samples
2023-04-14 14:50:08.539 | DEBUG    | algorithms.der_pp:train:165 - 4 has 33 samples
2023-04-14 14:50:08.540 | DEBUG    | algorithms.der_pp:train:165 - 77 has 33 samples
2023-04-14 14:50:08.541 | DEBUG    | algorithms.der_pp:train:165 - 18 has 33 samples
2023-04-14 14:50:08.541 | DEBUG    | algorithms.der_pp:train:165 - 44 has 33 samples
2023-04-14 14:50:08.542 | DEBUG    | algorithms.der_pp:train:165 - 98 has 33 samples
2023-04-14 14:50:08.543 | DEBUG    | algorithms.der_pp:train:165 - 21 has 33 samples
2023-04-14 14:50:08.544 | DEBUG    | algorithms.der_pp:train:165 - 24 has 33 samples
2023-04-14 14:50:08.544 | DEBUG    | algorithms.der_pp:train:165 - 25 has 33 samples
2023-04-14 14:50:08.545 | DEBUG    | algorithms.der_pp:train:165 - 57 has 33 samples
2023-04-14 14:50:08.546 | DEBUG    | algorithms.der_pp:train:165 - 64 has 33 samples
2023-04-14 14:50:08.547 | DEBUG    | algorithms.der_pp:train:165 - 99 has 33 samples
2023-04-14 14:50:08.547 | DEBUG    | algorithms.der_pp:train:165 - 13 has 33 samples
2023-04-14 14:50:08.548 | DEBUG    | algorithms.der_pp:train:165 - 8 has 33 samples
2023-04-14 14:50:08.549 | DEBUG    | algorithms.der_pp:train:165 - 75 has 33 samples
2023-04-14 14:50:08.549 | DEBUG    | algorithms.der_pp:train:165 - 90 has 33 samples
2023-04-14 14:50:08.550 | DEBUG    | algorithms.der_pp:train:165 - 95 has 33 samples
2023-04-14 14:50:08.551 | DEBUG    | algorithms.der_pp:train:165 - 86 has 34 samples
2023-04-14 14:50:08.552 | DEBUG    | algorithms.der_pp:train:165 - 79 has 34 samples
2023-04-14 14:50:08.552 | DEBUG    | algorithms.der_pp:train:165 - 15 has 34 samples
2023-04-14 14:50:08.553 | DEBUG    | algorithms.der_pp:train:165 - 9 has 34 samples
2023-04-14 14:50:08.554 | DEBUG    | algorithms.der_pp:train:165 - 40 has 34 samples
2023-04-14 14:50:08.554 | DEBUG    | algorithms.der_pp:train:165 - 50 has 34 samples
2023-04-14 14:50:08.555 | DEBUG    | algorithms.der_pp:train:165 - 29 has 34 samples
2023-04-14 14:50:08.556 | DEBUG    | algorithms.der_pp:train:165 - 37 has 34 samples
2023-04-14 14:50:08.557 | DEBUG    | algorithms.der_pp:train:165 - 22 has 34 samples
2023-04-14 14:50:08.557 | DEBUG    | algorithms.der_pp:train:165 - 27 has 34 samples
2023-04-14 14:50:08.558 | DEBUG    | algorithms.der_pp:train:165 - 20 has 34 samples
2023-04-14 14:50:08.559 | DEBUG    | algorithms.der_pp:train:165 - 60 has 34 samples
2023-04-14 14:50:08.559 | DEBUG    | algorithms.der_pp:train:165 - 38 has 34 samples
2023-04-14 14:50:08.560 | DEBUG    | algorithms.der_pp:train:165 - 7 has 34 samples
2023-04-14 14:50:08.561 | DEBUG    | algorithms.der_pp:train:165 - 65 has 34 samples
2023-04-14 14:50:08.562 | DEBUG    | algorithms.der_pp:train:165 - 42 has 34 samples
2023-04-14 14:50:08.562 | DEBUG    | algorithms.der_pp:train:165 - 51 has 34 samples
2023-04-14 14:50:08.563 | DEBUG    | algorithms.der_pp:train:165 - 87 has 34 samples
2023-04-14 14:50:08.564 | DEBUG    | algorithms.der_pp:train:165 - 58 has 34 samples
2023-04-14 14:50:08.565 | DEBUG    | algorithms.der_pp:train:165 - 68 has 34 samples
2023-04-14 14:50:08.565 | INFO     | algorithms.der_pp:train:170 - 1, loss: 4.567
2023-04-14 14:50:08.566 | INFO     | algorithms.algorithm_base:run_base_task_metrics:144 - Running metrics: Task 2
2023-04-14 14:50:12.466 | DEBUG    | algorithms.algorithm_base:run_base_task_metrics:200 - Raw classification accuracy results saved to ./output_cifar100_varied_sampling/der_pp/1681480101.4029605_CIFAR100_OFFICIAL_RUN/task_2_accuracy_results.json
2023-04-14 14:50:12.467 | INFO     | algorithms.algorithm_base:run_base_task_metrics:201 - Correctly classified 604 / 10000 samples (6.04% correct)
2023-04-14 14:50:12.891 | INFO     | algorithms.der_pp:train:86 - Task 4 / 5
2023-04-14 14:50:12.897 | INFO     | algorithms.der_pp:train:87 - Classes in task: ['table', 'flatfish', 'mountain', 'lawn_mower', 'dolphin', 'rocket', 'forest', 'sunflower', 'otter', 'turtle', 'cup', 'crab', 'apple', 'oak_tree', 'hamster', 'keyboard', 'wardrobe', 'rose', 'lion', 'seal']
2023-04-14 14:50:12.897 | INFO     | algorithms.der_pp:train:95 - Starting epoch 1 / 1
2023-04-14 14:50:14.982 | INFO     | algorithms.der_pp:train:159 - 3:1:40, loss: 5.420
2023-04-14 14:50:17.006 | INFO     | algorithms.der_pp:train:159 - 3:1:80, loss: 4.882
2023-04-14 14:50:19.015 | INFO     | algorithms.der_pp:train:159 - 3:1:120, loss: 4.482
2023-04-14 14:50:21.031 | INFO     | algorithms.der_pp:train:159 - 3:1:160, loss: 4.357
2023-04-14 14:50:23.050 | INFO     | algorithms.der_pp:train:159 - 3:1:200, loss: 4.247
2023-04-14 14:50:25.069 | INFO     | algorithms.der_pp:train:159 - 3:1:240, loss: 4.072
2023-04-14 14:50:27.092 | INFO     | algorithms.der_pp:train:159 - 3:1:280, loss: 4.173
2023-04-14 14:50:29.110 | INFO     | algorithms.der_pp:train:159 - 3:1:320, loss: 4.136
2023-04-14 14:50:31.135 | INFO     | algorithms.der_pp:train:159 - 3:1:360, loss: 3.956
2023-04-14 14:50:33.155 | INFO     | algorithms.der_pp:train:159 - 3:1:400, loss: 3.924
2023-04-14 14:50:35.175 | INFO     | algorithms.der_pp:train:159 - 3:1:440, loss: 3.968
2023-04-14 14:50:37.199 | INFO     | algorithms.der_pp:train:159 - 3:1:480, loss: 3.781
2023-04-14 14:50:39.224 | INFO     | algorithms.der_pp:train:159 - 3:1:520, loss: 3.840
2023-04-14 14:50:41.250 | INFO     | algorithms.der_pp:train:159 - 3:1:560, loss: 3.806
2023-04-14 14:50:43.265 | INFO     | algorithms.der_pp:train:159 - 3:1:600, loss: 3.732
2023-04-14 14:50:44.479 | DEBUG    | algorithms.der_pp:train:162 - Current sample stats:
2023-04-14 14:50:44.480 | DEBUG    | algorithms.der_pp:train:165 - 85 has 25 samples
2023-04-14 14:50:44.481 | DEBUG    | algorithms.der_pp:train:165 - 53 has 25 samples
2023-04-14 14:50:44.482 | DEBUG    | algorithms.der_pp:train:165 - 11 has 25 samples
2023-04-14 14:50:44.482 | DEBUG    | algorithms.der_pp:train:165 - 96 has 25 samples
2023-04-14 14:50:44.483 | DEBUG    | algorithms.der_pp:train:165 - 2 has 25 samples
2023-04-14 14:50:44.484 | DEBUG    | algorithms.der_pp:train:165 - 78 has 25 samples
2023-04-14 14:50:44.485 | DEBUG    | algorithms.der_pp:train:165 - 61 has 25 samples
2023-04-14 14:50:44.485 | DEBUG    | algorithms.der_pp:train:165 - 97 has 25 samples
2023-04-14 14:50:44.486 | DEBUG    | algorithms.der_pp:train:165 - 67 has 25 samples
2023-04-14 14:50:44.487 | DEBUG    | algorithms.der_pp:train:165 - 83 has 25 samples
2023-04-14 14:50:44.488 | DEBUG    | algorithms.der_pp:train:165 - 48 has 25 samples
2023-04-14 14:50:44.488 | DEBUG    | algorithms.der_pp:train:165 - 6 has 25 samples
2023-04-14 14:50:44.489 | DEBUG    | algorithms.der_pp:train:165 - 92 has 25 samples
2023-04-14 14:50:44.490 | DEBUG    | algorithms.der_pp:train:165 - 62 has 25 samples
2023-04-14 14:50:44.490 | DEBUG    | algorithms.der_pp:train:165 - 17 has 25 samples
2023-04-14 14:50:44.491 | DEBUG    | algorithms.der_pp:train:165 - 45 has 25 samples
2023-04-14 14:50:44.492 | DEBUG    | algorithms.der_pp:train:165 - 76 has 25 samples
2023-04-14 14:50:44.493 | DEBUG    | algorithms.der_pp:train:165 - 66 has 25 samples
2023-04-14 14:50:44.493 | DEBUG    | algorithms.der_pp:train:165 - 3 has 25 samples
2023-04-14 14:50:44.494 | DEBUG    | algorithms.der_pp:train:165 - 63 has 25 samples
2023-04-14 14:50:44.495 | DEBUG    | algorithms.der_pp:train:165 - 80 has 25 samples
2023-04-14 14:50:44.495 | DEBUG    | algorithms.der_pp:train:165 - 46 has 25 samples
2023-04-14 14:50:44.496 | DEBUG    | algorithms.der_pp:train:165 - 1 has 25 samples
2023-04-14 14:50:44.497 | DEBUG    | algorithms.der_pp:train:165 - 91 has 25 samples
2023-04-14 14:50:44.498 | DEBUG    | algorithms.der_pp:train:165 - 4 has 25 samples
2023-04-14 14:50:44.498 | DEBUG    | algorithms.der_pp:train:165 - 77 has 25 samples
2023-04-14 14:50:44.499 | DEBUG    | algorithms.der_pp:train:165 - 18 has 25 samples
2023-04-14 14:50:44.500 | DEBUG    | algorithms.der_pp:train:165 - 44 has 25 samples
2023-04-14 14:50:44.500 | DEBUG    | algorithms.der_pp:train:165 - 98 has 25 samples
2023-04-14 14:50:44.501 | DEBUG    | algorithms.der_pp:train:165 - 21 has 25 samples
2023-04-14 14:50:44.502 | DEBUG    | algorithms.der_pp:train:165 - 24 has 25 samples
2023-04-14 14:50:44.503 | DEBUG    | algorithms.der_pp:train:165 - 25 has 25 samples
2023-04-14 14:50:44.503 | DEBUG    | algorithms.der_pp:train:165 - 57 has 25 samples
2023-04-14 14:50:44.504 | DEBUG    | algorithms.der_pp:train:165 - 64 has 25 samples
2023-04-14 14:50:44.505 | DEBUG    | algorithms.der_pp:train:165 - 99 has 25 samples
2023-04-14 14:50:44.505 | DEBUG    | algorithms.der_pp:train:165 - 13 has 25 samples
2023-04-14 14:50:44.506 | DEBUG    | algorithms.der_pp:train:165 - 8 has 25 samples
2023-04-14 14:50:44.507 | DEBUG    | algorithms.der_pp:train:165 - 75 has 25 samples
2023-04-14 14:50:44.508 | DEBUG    | algorithms.der_pp:train:165 - 90 has 25 samples
2023-04-14 14:50:44.508 | DEBUG    | algorithms.der_pp:train:165 - 95 has 25 samples
2023-04-14 14:50:44.509 | DEBUG    | algorithms.der_pp:train:165 - 86 has 25 samples
2023-04-14 14:50:44.510 | DEBUG    | algorithms.der_pp:train:165 - 79 has 25 samples
2023-04-14 14:50:44.510 | DEBUG    | algorithms.der_pp:train:165 - 15 has 25 samples
2023-04-14 14:50:44.511 | DEBUG    | algorithms.der_pp:train:165 - 9 has 25 samples
2023-04-14 14:50:44.512 | DEBUG    | algorithms.der_pp:train:165 - 40 has 25 samples
2023-04-14 14:50:44.513 | DEBUG    | algorithms.der_pp:train:165 - 50 has 25 samples
2023-04-14 14:50:44.514 | DEBUG    | algorithms.der_pp:train:165 - 29 has 25 samples
2023-04-14 14:50:44.514 | DEBUG    | algorithms.der_pp:train:165 - 37 has 25 samples
2023-04-14 14:50:44.515 | DEBUG    | algorithms.der_pp:train:165 - 22 has 25 samples
2023-04-14 14:50:44.516 | DEBUG    | algorithms.der_pp:train:165 - 27 has 25 samples
2023-04-14 14:50:44.516 | DEBUG    | algorithms.der_pp:train:165 - 20 has 25 samples
2023-04-14 14:50:44.517 | DEBUG    | algorithms.der_pp:train:165 - 60 has 25 samples
2023-04-14 14:50:44.518 | DEBUG    | algorithms.der_pp:train:165 - 38 has 25 samples
2023-04-14 14:50:44.519 | DEBUG    | algorithms.der_pp:train:165 - 7 has 25 samples
2023-04-14 14:50:44.519 | DEBUG    | algorithms.der_pp:train:165 - 65 has 25 samples
2023-04-14 14:50:44.520 | DEBUG    | algorithms.der_pp:train:165 - 42 has 25 samples
2023-04-14 14:50:44.521 | DEBUG    | algorithms.der_pp:train:165 - 51 has 25 samples
2023-04-14 14:50:44.521 | DEBUG    | algorithms.der_pp:train:165 - 87 has 25 samples
2023-04-14 14:50:44.522 | DEBUG    | algorithms.der_pp:train:165 - 58 has 25 samples
2023-04-14 14:50:44.523 | DEBUG    | algorithms.der_pp:train:165 - 68 has 25 samples
2023-04-14 14:50:44.524 | DEBUG    | algorithms.der_pp:train:165 - 52 has 25 samples
2023-04-14 14:50:44.524 | DEBUG    | algorithms.der_pp:train:165 - 84 has 25 samples
2023-04-14 14:50:44.525 | DEBUG    | algorithms.der_pp:train:165 - 94 has 25 samples
2023-04-14 14:50:44.526 | DEBUG    | algorithms.der_pp:train:165 - 82 has 25 samples
2023-04-14 14:50:44.526 | DEBUG    | algorithms.der_pp:train:165 - 28 has 25 samples
2023-04-14 14:50:44.527 | DEBUG    | algorithms.der_pp:train:165 - 26 has 25 samples
2023-04-14 14:50:44.528 | DEBUG    | algorithms.der_pp:train:165 - 49 has 25 samples
2023-04-14 14:50:44.529 | DEBUG    | algorithms.der_pp:train:165 - 72 has 25 samples
2023-04-14 14:50:44.529 | DEBUG    | algorithms.der_pp:train:165 - 39 has 25 samples
2023-04-14 14:50:44.530 | DEBUG    | algorithms.der_pp:train:165 - 33 has 25 samples
2023-04-14 14:50:44.531 | DEBUG    | algorithms.der_pp:train:165 - 43 has 25 samples
2023-04-14 14:50:44.531 | DEBUG    | algorithms.der_pp:train:165 - 30 has 25 samples
2023-04-14 14:50:44.532 | DEBUG    | algorithms.der_pp:train:165 - 93 has 25 samples
2023-04-14 14:50:44.533 | DEBUG    | algorithms.der_pp:train:165 - 69 has 25 samples
2023-04-14 14:50:44.534 | DEBUG    | algorithms.der_pp:train:165 - 70 has 25 samples
2023-04-14 14:50:44.534 | DEBUG    | algorithms.der_pp:train:165 - 36 has 25 samples
2023-04-14 14:50:44.535 | DEBUG    | algorithms.der_pp:train:165 - 32 has 25 samples
2023-04-14 14:50:44.536 | DEBUG    | algorithms.der_pp:train:165 - 55 has 25 samples
2023-04-14 14:50:44.537 | DEBUG    | algorithms.der_pp:train:165 - 0 has 25 samples
2023-04-14 14:50:44.537 | DEBUG    | algorithms.der_pp:train:165 - 41 has 25 samples
2023-04-14 14:50:44.538 | INFO     | algorithms.der_pp:train:170 - 1, loss: 4.169
2023-04-14 14:50:44.539 | INFO     | algorithms.algorithm_base:run_base_task_metrics:144 - Running metrics: Task 3
2023-04-14 14:50:48.523 | DEBUG    | algorithms.algorithm_base:run_base_task_metrics:200 - Raw classification accuracy results saved to ./output_cifar100_varied_sampling/der_pp/1681480101.4029605_CIFAR100_OFFICIAL_RUN/task_3_accuracy_results.json
2023-04-14 14:50:48.525 | INFO     | algorithms.algorithm_base:run_base_task_metrics:201 - Correctly classified 717 / 10000 samples (7.17% correct)
2023-04-14 14:50:48.895 | INFO     | algorithms.der_pp:train:86 - Task 5 / 5
2023-04-14 14:50:48.901 | INFO     | algorithms.der_pp:train:87 - Classes in task: ['streetcar', 'bed', 'shrew', 'bowl', 'shark', 'sea', 'cloud', 'fox', 'maple_tree', 'butterfly', 'tiger', 'orchid', 'elephant', 'cattle', 'can', 'palm_tree', 'bridge', 'pine_tree', 'tractor', 'girl']
2023-04-14 14:50:48.901 | INFO     | algorithms.der_pp:train:95 - Starting epoch 1 / 1
2023-04-14 14:50:50.994 | INFO     | algorithms.der_pp:train:159 - 4:1:40, loss: 5.481
2023-04-14 14:50:53.014 | INFO     | algorithms.der_pp:train:159 - 4:1:80, loss: 5.101
2023-04-14 14:50:55.033 | INFO     | algorithms.der_pp:train:159 - 4:1:120, loss: 4.871
2023-04-14 14:50:57.055 | INFO     | algorithms.der_pp:train:159 - 4:1:160, loss: 4.763
2023-04-14 14:50:59.071 | INFO     | algorithms.der_pp:train:159 - 4:1:200, loss: 4.533
2023-04-14 14:51:01.100 | INFO     | algorithms.der_pp:train:159 - 4:1:240, loss: 4.464
2023-04-14 14:51:03.126 | INFO     | algorithms.der_pp:train:159 - 4:1:280, loss: 4.437
2023-04-14 14:51:05.153 | INFO     | algorithms.der_pp:train:159 - 4:1:320, loss: 4.301
2023-04-14 14:51:07.176 | INFO     | algorithms.der_pp:train:159 - 4:1:360, loss: 4.210
2023-04-14 14:51:09.197 | INFO     | algorithms.der_pp:train:159 - 4:1:400, loss: 4.290
2023-04-14 14:51:11.218 | INFO     | algorithms.der_pp:train:159 - 4:1:440, loss: 4.235
2023-04-14 14:51:13.236 | INFO     | algorithms.der_pp:train:159 - 4:1:480, loss: 4.172
2023-04-14 14:51:15.254 | INFO     | algorithms.der_pp:train:159 - 4:1:520, loss: 4.077
2023-04-14 14:51:17.275 | INFO     | algorithms.der_pp:train:159 - 4:1:560, loss: 3.915
2023-04-14 14:51:19.298 | INFO     | algorithms.der_pp:train:159 - 4:1:600, loss: 4.076
2023-04-14 14:51:20.513 | DEBUG    | algorithms.der_pp:train:162 - Current sample stats:
2023-04-14 14:51:20.514 | DEBUG    | algorithms.der_pp:train:165 - 85 has 20 samples
2023-04-14 14:51:20.515 | DEBUG    | algorithms.der_pp:train:165 - 53 has 20 samples
2023-04-14 14:51:20.515 | DEBUG    | algorithms.der_pp:train:165 - 11 has 20 samples
2023-04-14 14:51:20.516 | DEBUG    | algorithms.der_pp:train:165 - 96 has 20 samples
2023-04-14 14:51:20.517 | DEBUG    | algorithms.der_pp:train:165 - 2 has 20 samples
2023-04-14 14:51:20.517 | DEBUG    | algorithms.der_pp:train:165 - 78 has 20 samples
2023-04-14 14:51:20.518 | DEBUG    | algorithms.der_pp:train:165 - 61 has 20 samples
2023-04-14 14:51:20.519 | DEBUG    | algorithms.der_pp:train:165 - 97 has 20 samples
2023-04-14 14:51:20.520 | DEBUG    | algorithms.der_pp:train:165 - 67 has 20 samples
2023-04-14 14:51:20.520 | DEBUG    | algorithms.der_pp:train:165 - 83 has 20 samples
2023-04-14 14:51:20.521 | DEBUG    | algorithms.der_pp:train:165 - 48 has 20 samples
2023-04-14 14:51:20.522 | DEBUG    | algorithms.der_pp:train:165 - 6 has 20 samples
2023-04-14 14:51:20.523 | DEBUG    | algorithms.der_pp:train:165 - 92 has 20 samples
2023-04-14 14:51:20.523 | DEBUG    | algorithms.der_pp:train:165 - 62 has 20 samples
2023-04-14 14:51:20.524 | DEBUG    | algorithms.der_pp:train:165 - 17 has 20 samples
2023-04-14 14:51:20.525 | DEBUG    | algorithms.der_pp:train:165 - 45 has 20 samples
2023-04-14 14:51:20.525 | DEBUG    | algorithms.der_pp:train:165 - 76 has 20 samples
2023-04-14 14:51:20.526 | DEBUG    | algorithms.der_pp:train:165 - 66 has 20 samples
2023-04-14 14:51:20.527 | DEBUG    | algorithms.der_pp:train:165 - 3 has 20 samples
2023-04-14 14:51:20.528 | DEBUG    | algorithms.der_pp:train:165 - 63 has 20 samples
2023-04-14 14:51:20.528 | DEBUG    | algorithms.der_pp:train:165 - 80 has 20 samples
2023-04-14 14:51:20.529 | DEBUG    | algorithms.der_pp:train:165 - 46 has 20 samples
2023-04-14 14:51:20.530 | DEBUG    | algorithms.der_pp:train:165 - 1 has 20 samples
2023-04-14 14:51:20.531 | DEBUG    | algorithms.der_pp:train:165 - 91 has 20 samples
2023-04-14 14:51:20.531 | DEBUG    | algorithms.der_pp:train:165 - 4 has 20 samples
2023-04-14 14:51:20.532 | DEBUG    | algorithms.der_pp:train:165 - 77 has 20 samples
2023-04-14 14:51:20.533 | DEBUG    | algorithms.der_pp:train:165 - 18 has 20 samples
2023-04-14 14:51:20.533 | DEBUG    | algorithms.der_pp:train:165 - 44 has 20 samples
2023-04-14 14:51:20.534 | DEBUG    | algorithms.der_pp:train:165 - 98 has 20 samples
2023-04-14 14:51:20.535 | DEBUG    | algorithms.der_pp:train:165 - 21 has 20 samples
2023-04-14 14:51:20.536 | DEBUG    | algorithms.der_pp:train:165 - 24 has 20 samples
2023-04-14 14:51:20.536 | DEBUG    | algorithms.der_pp:train:165 - 25 has 20 samples
2023-04-14 14:51:20.537 | DEBUG    | algorithms.der_pp:train:165 - 57 has 20 samples
2023-04-14 14:51:20.538 | DEBUG    | algorithms.der_pp:train:165 - 64 has 20 samples
2023-04-14 14:51:20.538 | DEBUG    | algorithms.der_pp:train:165 - 99 has 20 samples
2023-04-14 14:51:20.539 | DEBUG    | algorithms.der_pp:train:165 - 13 has 20 samples
2023-04-14 14:51:20.540 | DEBUG    | algorithms.der_pp:train:165 - 8 has 20 samples
2023-04-14 14:51:20.541 | DEBUG    | algorithms.der_pp:train:165 - 75 has 20 samples
2023-04-14 14:51:20.541 | DEBUG    | algorithms.der_pp:train:165 - 90 has 20 samples
2023-04-14 14:51:20.542 | DEBUG    | algorithms.der_pp:train:165 - 95 has 20 samples
2023-04-14 14:51:20.543 | DEBUG    | algorithms.der_pp:train:165 - 86 has 20 samples
2023-04-14 14:51:20.543 | DEBUG    | algorithms.der_pp:train:165 - 79 has 20 samples
2023-04-14 14:51:20.544 | DEBUG    | algorithms.der_pp:train:165 - 15 has 20 samples
2023-04-14 14:51:20.545 | DEBUG    | algorithms.der_pp:train:165 - 9 has 20 samples
2023-04-14 14:51:20.546 | DEBUG    | algorithms.der_pp:train:165 - 40 has 20 samples
2023-04-14 14:51:20.546 | DEBUG    | algorithms.der_pp:train:165 - 50 has 20 samples
2023-04-14 14:51:20.547 | DEBUG    | algorithms.der_pp:train:165 - 29 has 20 samples
2023-04-14 14:51:20.548 | DEBUG    | algorithms.der_pp:train:165 - 37 has 20 samples
2023-04-14 14:51:20.548 | DEBUG    | algorithms.der_pp:train:165 - 22 has 20 samples
2023-04-14 14:51:20.549 | DEBUG    | algorithms.der_pp:train:165 - 27 has 20 samples
2023-04-14 14:51:20.550 | DEBUG    | algorithms.der_pp:train:165 - 20 has 20 samples
2023-04-14 14:51:20.551 | DEBUG    | algorithms.der_pp:train:165 - 60 has 20 samples
2023-04-14 14:51:20.551 | DEBUG    | algorithms.der_pp:train:165 - 38 has 20 samples
2023-04-14 14:51:20.552 | DEBUG    | algorithms.der_pp:train:165 - 7 has 20 samples
2023-04-14 14:51:20.553 | DEBUG    | algorithms.der_pp:train:165 - 65 has 20 samples
2023-04-14 14:51:20.554 | DEBUG    | algorithms.der_pp:train:165 - 42 has 20 samples
2023-04-14 14:51:20.554 | DEBUG    | algorithms.der_pp:train:165 - 51 has 20 samples
2023-04-14 14:51:20.555 | DEBUG    | algorithms.der_pp:train:165 - 87 has 20 samples
2023-04-14 14:51:20.556 | DEBUG    | algorithms.der_pp:train:165 - 58 has 20 samples
2023-04-14 14:51:20.556 | DEBUG    | algorithms.der_pp:train:165 - 68 has 20 samples
2023-04-14 14:51:20.557 | DEBUG    | algorithms.der_pp:train:165 - 52 has 20 samples
2023-04-14 14:51:20.558 | DEBUG    | algorithms.der_pp:train:165 - 84 has 20 samples
2023-04-14 14:51:20.559 | DEBUG    | algorithms.der_pp:train:165 - 94 has 20 samples
2023-04-14 14:51:20.559 | DEBUG    | algorithms.der_pp:train:165 - 82 has 20 samples
2023-04-14 14:51:20.560 | DEBUG    | algorithms.der_pp:train:165 - 28 has 20 samples
2023-04-14 14:51:20.561 | DEBUG    | algorithms.der_pp:train:165 - 26 has 20 samples
2023-04-14 14:51:20.561 | DEBUG    | algorithms.der_pp:train:165 - 49 has 20 samples
2023-04-14 14:51:20.562 | DEBUG    | algorithms.der_pp:train:165 - 72 has 20 samples
2023-04-14 14:51:20.563 | DEBUG    | algorithms.der_pp:train:165 - 39 has 20 samples
2023-04-14 14:51:20.564 | DEBUG    | algorithms.der_pp:train:165 - 33 has 20 samples
2023-04-14 14:51:20.564 | DEBUG    | algorithms.der_pp:train:165 - 43 has 20 samples
2023-04-14 14:51:20.565 | DEBUG    | algorithms.der_pp:train:165 - 30 has 20 samples
2023-04-14 14:51:20.566 | DEBUG    | algorithms.der_pp:train:165 - 93 has 20 samples
2023-04-14 14:51:20.566 | DEBUG    | algorithms.der_pp:train:165 - 69 has 20 samples
2023-04-14 14:51:20.567 | DEBUG    | algorithms.der_pp:train:165 - 70 has 20 samples
2023-04-14 14:51:20.568 | DEBUG    | algorithms.der_pp:train:165 - 36 has 20 samples
2023-04-14 14:51:20.569 | DEBUG    | algorithms.der_pp:train:165 - 32 has 20 samples
2023-04-14 14:51:20.569 | DEBUG    | algorithms.der_pp:train:165 - 55 has 20 samples
2023-04-14 14:51:20.570 | DEBUG    | algorithms.der_pp:train:165 - 0 has 20 samples
2023-04-14 14:51:20.571 | DEBUG    | algorithms.der_pp:train:165 - 41 has 20 samples
2023-04-14 14:51:20.572 | DEBUG    | algorithms.der_pp:train:165 - 59 has 20 samples
2023-04-14 14:51:20.572 | DEBUG    | algorithms.der_pp:train:165 - 81 has 20 samples
2023-04-14 14:51:20.573 | DEBUG    | algorithms.der_pp:train:165 - 34 has 20 samples
2023-04-14 14:51:20.574 | DEBUG    | algorithms.der_pp:train:165 - 12 has 20 samples
2023-04-14 14:51:20.574 | DEBUG    | algorithms.der_pp:train:165 - 71 has 20 samples
2023-04-14 14:51:20.575 | DEBUG    | algorithms.der_pp:train:165 - 74 has 20 samples
2023-04-14 14:51:20.576 | DEBUG    | algorithms.der_pp:train:165 - 47 has 20 samples
2023-04-14 14:51:20.577 | DEBUG    | algorithms.der_pp:train:165 - 88 has 20 samples
2023-04-14 14:51:20.577 | DEBUG    | algorithms.der_pp:train:165 - 89 has 20 samples
2023-04-14 14:51:20.578 | DEBUG    | algorithms.der_pp:train:165 - 35 has 20 samples
2023-04-14 14:51:20.579 | DEBUG    | algorithms.der_pp:train:165 - 16 has 20 samples
2023-04-14 14:51:20.579 | DEBUG    | algorithms.der_pp:train:165 - 14 has 20 samples
2023-04-14 14:51:20.580 | DEBUG    | algorithms.der_pp:train:165 - 73 has 20 samples
2023-04-14 14:51:20.581 | DEBUG    | algorithms.der_pp:train:165 - 54 has 20 samples
2023-04-14 14:51:20.582 | DEBUG    | algorithms.der_pp:train:165 - 10 has 20 samples
2023-04-14 14:51:20.582 | DEBUG    | algorithms.der_pp:train:165 - 5 has 20 samples
2023-04-14 14:51:20.583 | DEBUG    | algorithms.der_pp:train:165 - 19 has 20 samples
2023-04-14 14:51:20.584 | DEBUG    | algorithms.der_pp:train:165 - 31 has 20 samples
2023-04-14 14:51:20.584 | DEBUG    | algorithms.der_pp:train:165 - 23 has 20 samples
2023-04-14 14:51:20.585 | DEBUG    | algorithms.der_pp:train:165 - 56 has 20 samples
2023-04-14 14:51:20.586 | INFO     | algorithms.der_pp:train:170 - 1, loss: 4.440
2023-04-14 14:51:20.587 | INFO     | algorithms.algorithm_base:run_base_task_metrics:144 - Running metrics: Task 4
2023-04-14 14:51:24.604 | DEBUG    | algorithms.algorithm_base:run_base_task_metrics:200 - Raw classification accuracy results saved to ./output_cifar100_varied_sampling/der_pp/1681480101.4029605_CIFAR100_OFFICIAL_RUN/task_4_accuracy_results.json
2023-04-14 14:51:24.606 | INFO     | algorithms.algorithm_base:run_base_task_metrics:201 - Correctly classified 667 / 10000 samples (6.67% correct)
2023-04-14 14:51:24.976 | INFO     | algorithms.der_pp:train:178 - Training complete
2023-04-14 14:51:24.982 | INFO     | __main__:run_experiment:300 - Training and evaluation completed!
2023-04-14 14:51:24.983 | INFO     | __main__:run_experiment:314 - Wrote usage stats to file
2023-04-14 14:51:24.984 | INFO     | __main__:main:363 - Complete
2023-04-14 14:51:24.985 | INFO     | __main__:close_tensorboard_writer:262 - Shut down TensorBoard
