2023-04-18 11:57:06.964 | INFO     | __main__:setup_files:218 - Experiment Name: OFFICIAL_RUN
2023-04-18 11:57:06.965 | INFO     | __main__:main:334 - Command line arguments: Configuration(algorithm='der', dataset='cifar10', classes_per_task=2, seed=2214, samples=200)
2023-04-18 11:57:06.967 | INFO     | __main__:main:338 - Seeded random to 2214
2023-04-18 11:57:06.968 | INFO     | __main__:main:342 - Got CUDA device
2023-04-18 11:57:06.969 | INFO     | __main__:force_cuda_load:268 - Forcing CUDA initialisation...
2023-04-18 11:57:07.034 | INFO     | __main__:main:346 - CUDA initialised
2023-04-18 11:57:07.035 | INFO     | __main__:setup_shutdown_hook:264 - To access TensorBoard, run the command: tensorboard --logdir=./output_cifar10_varied_sampling/der_pp/1681815426.9608698_CIFAR10_OFFICIAL_RUN
2023-04-18 11:57:07.036 | INFO     | __main__:main:350 - Setup shutdown hooks
2023-04-18 11:57:07.162 | INFO     | __main__:main:355 - Model is setup
2023-04-18 11:57:07.163 | INFO     | __main__:main:357 - Complete pre-setup, starting experiment
2023-04-18 11:57:08.390 | INFO     | datasets.dataset_base:__init__:80 - Using disjoint tasks with 2 (5 tasks) with a randomised split
2023-04-18 11:57:08.392 | DEBUG    | datasets.dataset_base:_setup_task_datasets:95 - Splitting dataset into 5 disjoint tasks
2023-04-18 11:57:08.411 | INFO     | datasets.dataset_base:__init__:85 - {
  "name": "datasets.cifar10.CIFAR10",
  "dataset_class": "torchvision.datasets.cifar.CIFAR10",
  "training_dataset_parameters": "{'train': True, 'download': True}",
  "testing_dataset_parameters": "{'train': False, 'download': True}",
  "training_transform": "Compose(\n    Resize(size=(32, 32), interpolation=bilinear, max_size=None, antialias=None)\n    ToTensor()\n    Normalize(mean=(0.4914, 0.4822, 0.4465), std=(0.247, 0.2435, 0.2616))\n    RandomCrop(size=(32, 32), padding=4)\n    RandomHorizontalFlip(p=0.5)\n)",
  "testing_transform": "Compose(\n    Resize(size=(32, 32), interpolation=bilinear, max_size=None, antialias=None)\n    ToTensor()\n    Normalize(mean=(0.4914, 0.4822, 0.4465), std=(0.247, 0.2435, 0.2616))\n)",
  "classes": "plane, car, bird, cat, deer, dog, frog, horse, ship, truck",
  "disjoint": true,
  "task_count": 5,
  "classes_per_task": [
    2
  ],
  "task_split_indices": [
    [
      2,
      0
    ],
    [
      6,
      9
    ],
    [
      5,
      8
    ],
    [
      3,
      1
    ],
    [
      7,
      4
    ]
  ],
  "task_split_classes": [
    [
      "bird",
      "plane"
    ],
    [
      "frog",
      "truck"
    ],
    [
      "dog",
      "ship"
    ],
    [
      "cat",
      "car"
    ],
    [
      "horse",
      "deer"
    ]
  ]
}
2023-04-18 11:57:08.416 | DEBUG    | __main__:run_experiment:292 - PID: 24168
2023-04-18 11:57:08.416 | INFO     | __main__:run_experiment:294 - Starting...
2023-04-18 11:57:08.417 | INFO     | algorithms.algorithm_base:train:116 - {
  "name": "algorithms.der_pp.DarkExperiencePlusPlus",
  "model_class": "models.cifar.resnet.ResNet",
  "device": "cuda:0",
  "dataset_class": "datasets.cifar10.CIFAR10",
  "optimiser_class": "torch.optim.sgd.SGD",
  "loss_criterion_class": "torch.nn.modules.loss.CrossEntropyLoss",
  "epochs_per_task": 1,
  "batch_size": 16,
  "max_memory_samples": 200,
  "alpha": 0.5,
  "beta": 0
}
2023-04-18 11:57:08.419 | DEBUG    | algorithms.algorithm_base:_setup_training:109 - Model moved to cuda:0 and set to train mode
2023-04-18 11:57:08.419 | INFO     | algorithms.algorithm_base:train:118 - Starting training
2023-04-18 11:57:08.420 | INFO     | algorithms.der_pp:train:86 - Task 1 / 5
2023-04-18 11:57:08.421 | INFO     | algorithms.der_pp:train:87 - Classes in task: ['bird', 'plane']
2023-04-18 11:57:08.422 | INFO     | algorithms.der_pp:train:95 - Starting epoch 1 / 1
2023-04-18 11:57:13.755 | INFO     | algorithms.der_pp:train:159 - 0:1:40, loss: 2.458
2023-04-18 11:57:16.358 | INFO     | algorithms.der_pp:train:159 - 0:1:80, loss: 2.110
2023-04-18 11:57:18.960 | INFO     | algorithms.der_pp:train:159 - 0:1:120, loss: 1.774
2023-04-18 11:57:21.585 | INFO     | algorithms.der_pp:train:159 - 0:1:160, loss: 1.756
2023-04-18 11:57:24.199 | INFO     | algorithms.der_pp:train:159 - 0:1:200, loss: 1.580
2023-04-18 11:57:26.801 | INFO     | algorithms.der_pp:train:159 - 0:1:240, loss: 1.518
2023-04-18 11:57:29.406 | INFO     | algorithms.der_pp:train:159 - 0:1:280, loss: 1.414
2023-04-18 11:57:32.009 | INFO     | algorithms.der_pp:train:159 - 0:1:320, loss: 1.316
2023-04-18 11:57:34.607 | INFO     | algorithms.der_pp:train:159 - 0:1:360, loss: 1.142
2023-04-18 11:57:37.211 | INFO     | algorithms.der_pp:train:159 - 0:1:400, loss: 1.170
2023-04-18 11:57:39.809 | INFO     | algorithms.der_pp:train:159 - 0:1:440, loss: 1.075
2023-04-18 11:57:42.408 | INFO     | algorithms.der_pp:train:159 - 0:1:480, loss: 1.188
2023-04-18 11:57:45.016 | INFO     | algorithms.der_pp:train:159 - 0:1:520, loss: 1.091
2023-04-18 11:57:47.619 | INFO     | algorithms.der_pp:train:159 - 0:1:560, loss: 0.967
2023-04-18 11:57:50.220 | INFO     | algorithms.der_pp:train:159 - 0:1:600, loss: 0.986
2023-04-18 11:57:51.787 | DEBUG    | algorithms.der_pp:train:162 - Current sample stats:
2023-04-18 11:57:51.788 | DEBUG    | algorithms.der_pp:train:165 - 2 has 100 samples
2023-04-18 11:57:51.789 | DEBUG    | algorithms.der_pp:train:165 - 0 has 100 samples
2023-04-18 11:57:51.789 | INFO     | algorithms.der_pp:train:170 - 1, loss: 1.417
2023-04-18 11:57:51.790 | INFO     | algorithms.algorithm_base:run_base_task_metrics:144 - Running metrics: Task 0
2023-04-18 11:57:56.626 | DEBUG    | algorithms.algorithm_base:run_base_task_metrics:200 - Raw classification accuracy results saved to ./output_cifar10_varied_sampling/der_pp/1681815426.9608698_CIFAR10_OFFICIAL_RUN/task_0_accuracy_results.json
2023-04-18 11:57:56.628 | INFO     | algorithms.algorithm_base:run_base_task_metrics:201 - Correctly classified 1648 / 10000 samples (16.48% correct)
2023-04-18 11:57:56.879 | INFO     | algorithms.der_pp:train:86 - Task 2 / 5
2023-04-18 11:57:56.883 | INFO     | algorithms.der_pp:train:87 - Classes in task: ['frog', 'truck']
2023-04-18 11:57:56.884 | INFO     | algorithms.der_pp:train:95 - Starting epoch 1 / 1
2023-04-18 11:57:59.565 | INFO     | algorithms.der_pp:train:159 - 1:1:40, loss: 3.071
2023-04-18 11:58:02.173 | INFO     | algorithms.der_pp:train:159 - 1:1:80, loss: 2.498
2023-04-18 11:58:04.776 | INFO     | algorithms.der_pp:train:159 - 1:1:120, loss: 2.064
2023-04-18 11:58:07.386 | INFO     | algorithms.der_pp:train:159 - 1:1:160, loss: 1.825
2023-04-18 11:58:09.995 | INFO     | algorithms.der_pp:train:159 - 1:1:200, loss: 1.651
2023-04-18 11:58:12.607 | INFO     | algorithms.der_pp:train:159 - 1:1:240, loss: 1.473
2023-04-18 11:58:15.216 | INFO     | algorithms.der_pp:train:159 - 1:1:280, loss: 1.372
2023-04-18 11:58:17.823 | INFO     | algorithms.der_pp:train:159 - 1:1:320, loss: 1.252
2023-04-18 11:58:20.435 | INFO     | algorithms.der_pp:train:159 - 1:1:360, loss: 1.153
2023-04-18 11:58:23.043 | INFO     | algorithms.der_pp:train:159 - 1:1:400, loss: 1.183
2023-04-18 11:58:25.655 | INFO     | algorithms.der_pp:train:159 - 1:1:440, loss: 1.032
2023-04-18 11:58:28.264 | INFO     | algorithms.der_pp:train:159 - 1:1:480, loss: 0.982
2023-04-18 11:58:30.876 | INFO     | algorithms.der_pp:train:159 - 1:1:520, loss: 0.938
2023-04-18 11:58:33.494 | INFO     | algorithms.der_pp:train:159 - 1:1:560, loss: 0.919
2023-04-18 11:58:36.107 | INFO     | algorithms.der_pp:train:159 - 1:1:600, loss: 0.923
2023-04-18 11:58:37.673 | DEBUG    | algorithms.der_pp:train:162 - Current sample stats:
2023-04-18 11:58:37.674 | DEBUG    | algorithms.der_pp:train:165 - 2 has 50 samples
2023-04-18 11:58:37.675 | DEBUG    | algorithms.der_pp:train:165 - 0 has 50 samples
2023-04-18 11:58:37.675 | DEBUG    | algorithms.der_pp:train:165 - 9 has 50 samples
2023-04-18 11:58:37.676 | DEBUG    | algorithms.der_pp:train:165 - 6 has 50 samples
2023-04-18 11:58:37.677 | INFO     | algorithms.der_pp:train:170 - 1, loss: 1.468
2023-04-18 11:58:37.678 | INFO     | algorithms.algorithm_base:run_base_task_metrics:144 - Running metrics: Task 1
2023-04-18 11:58:42.341 | DEBUG    | algorithms.algorithm_base:run_base_task_metrics:200 - Raw classification accuracy results saved to ./output_cifar10_varied_sampling/der_pp/1681815426.9608698_CIFAR10_OFFICIAL_RUN/task_1_accuracy_results.json
2023-04-18 11:58:42.342 | INFO     | algorithms.algorithm_base:run_base_task_metrics:201 - Correctly classified 2150 / 10000 samples (21.50% correct)
2023-04-18 11:58:42.481 | INFO     | algorithms.der_pp:train:86 - Task 3 / 5
2023-04-18 11:58:42.485 | INFO     | algorithms.der_pp:train:87 - Classes in task: ['dog', 'ship']
2023-04-18 11:58:42.486 | INFO     | algorithms.der_pp:train:95 - Starting epoch 1 / 1
2023-04-18 11:58:45.160 | INFO     | algorithms.der_pp:train:159 - 2:1:40, loss: 3.635
2023-04-18 11:58:47.775 | INFO     | algorithms.der_pp:train:159 - 2:1:80, loss: 3.024
2023-04-18 11:58:50.390 | INFO     | algorithms.der_pp:train:159 - 2:1:120, loss: 2.617
2023-04-18 11:58:53.005 | INFO     | algorithms.der_pp:train:159 - 2:1:160, loss: 2.281
2023-04-18 11:58:55.620 | INFO     | algorithms.der_pp:train:159 - 2:1:200, loss: 1.985
2023-04-18 11:58:58.226 | INFO     | algorithms.der_pp:train:159 - 2:1:240, loss: 1.775
2023-04-18 11:59:00.841 | INFO     | algorithms.der_pp:train:159 - 2:1:280, loss: 1.685
2023-04-18 11:59:03.457 | INFO     | algorithms.der_pp:train:159 - 2:1:320, loss: 1.601
2023-04-18 11:59:06.076 | INFO     | algorithms.der_pp:train:159 - 2:1:360, loss: 1.471
2023-04-18 11:59:08.693 | INFO     | algorithms.der_pp:train:159 - 2:1:400, loss: 1.390
2023-04-18 11:59:11.313 | INFO     | algorithms.der_pp:train:159 - 2:1:440, loss: 1.292
2023-04-18 11:59:13.930 | INFO     | algorithms.der_pp:train:159 - 2:1:480, loss: 1.284
2023-04-18 11:59:16.550 | INFO     | algorithms.der_pp:train:159 - 2:1:520, loss: 1.283
2023-04-18 11:59:19.163 | INFO     | algorithms.der_pp:train:159 - 2:1:560, loss: 1.163
2023-04-18 11:59:21.771 | INFO     | algorithms.der_pp:train:159 - 2:1:600, loss: 1.167
2023-04-18 11:59:23.345 | DEBUG    | algorithms.der_pp:train:162 - Current sample stats:
2023-04-18 11:59:23.346 | DEBUG    | algorithms.der_pp:train:165 - 2 has 33 samples
2023-04-18 11:59:23.346 | DEBUG    | algorithms.der_pp:train:165 - 0 has 33 samples
2023-04-18 11:59:23.347 | DEBUG    | algorithms.der_pp:train:165 - 9 has 33 samples
2023-04-18 11:59:23.348 | DEBUG    | algorithms.der_pp:train:165 - 6 has 33 samples
2023-04-18 11:59:23.349 | DEBUG    | algorithms.der_pp:train:165 - 8 has 34 samples
2023-04-18 11:59:23.349 | DEBUG    | algorithms.der_pp:train:165 - 5 has 34 samples
2023-04-18 11:59:23.350 | INFO     | algorithms.der_pp:train:170 - 1, loss: 1.816
2023-04-18 11:59:23.351 | INFO     | algorithms.algorithm_base:run_base_task_metrics:144 - Running metrics: Task 2
2023-04-18 11:59:28.002 | DEBUG    | algorithms.algorithm_base:run_base_task_metrics:200 - Raw classification accuracy results saved to ./output_cifar10_varied_sampling/der_pp/1681815426.9608698_CIFAR10_OFFICIAL_RUN/task_2_accuracy_results.json
2023-04-18 11:59:28.009 | INFO     | algorithms.algorithm_base:run_base_task_metrics:201 - Correctly classified 2863 / 10000 samples (28.63% correct)
2023-04-18 11:59:28.146 | INFO     | algorithms.der_pp:train:86 - Task 4 / 5
2023-04-18 11:59:28.151 | INFO     | algorithms.der_pp:train:87 - Classes in task: ['cat', 'car']
2023-04-18 11:59:28.151 | INFO     | algorithms.der_pp:train:95 - Starting epoch 1 / 1
2023-04-18 11:59:30.831 | INFO     | algorithms.der_pp:train:159 - 3:1:40, loss: 3.879
2023-04-18 11:59:33.440 | INFO     | algorithms.der_pp:train:159 - 3:1:80, loss: 3.071
2023-04-18 11:59:36.052 | INFO     | algorithms.der_pp:train:159 - 3:1:120, loss: 2.684
2023-04-18 11:59:38.661 | INFO     | algorithms.der_pp:train:159 - 3:1:160, loss: 2.393
2023-04-18 11:59:41.272 | INFO     | algorithms.der_pp:train:159 - 3:1:200, loss: 2.107
2023-04-18 11:59:43.883 | INFO     | algorithms.der_pp:train:159 - 3:1:240, loss: 2.011
2023-04-18 11:59:46.500 | INFO     | algorithms.der_pp:train:159 - 3:1:280, loss: 1.744
2023-04-18 11:59:49.112 | INFO     | algorithms.der_pp:train:159 - 3:1:320, loss: 1.682
2023-04-18 11:59:51.725 | INFO     | algorithms.der_pp:train:159 - 3:1:360, loss: 1.676
2023-04-18 11:59:54.342 | INFO     | algorithms.der_pp:train:159 - 3:1:400, loss: 1.576
2023-04-18 11:59:56.958 | INFO     | algorithms.der_pp:train:159 - 3:1:440, loss: 1.417
2023-04-18 11:59:59.571 | INFO     | algorithms.der_pp:train:159 - 3:1:480, loss: 1.399
2023-04-18 12:00:02.186 | INFO     | algorithms.der_pp:train:159 - 3:1:520, loss: 1.374
2023-04-18 12:00:04.790 | INFO     | algorithms.der_pp:train:159 - 3:1:560, loss: 1.319
2023-04-18 12:00:07.396 | INFO     | algorithms.der_pp:train:159 - 3:1:600, loss: 1.292
2023-04-18 12:00:08.962 | DEBUG    | algorithms.der_pp:train:162 - Current sample stats:
2023-04-18 12:00:08.963 | DEBUG    | algorithms.der_pp:train:165 - 2 has 25 samples
2023-04-18 12:00:08.964 | DEBUG    | algorithms.der_pp:train:165 - 0 has 25 samples
2023-04-18 12:00:08.965 | DEBUG    | algorithms.der_pp:train:165 - 9 has 25 samples
2023-04-18 12:00:08.965 | DEBUG    | algorithms.der_pp:train:165 - 6 has 25 samples
2023-04-18 12:00:08.966 | DEBUG    | algorithms.der_pp:train:165 - 8 has 25 samples
2023-04-18 12:00:08.967 | DEBUG    | algorithms.der_pp:train:165 - 5 has 25 samples
2023-04-18 12:00:08.967 | DEBUG    | algorithms.der_pp:train:165 - 3 has 25 samples
2023-04-18 12:00:08.968 | DEBUG    | algorithms.der_pp:train:165 - 1 has 25 samples
2023-04-18 12:00:08.969 | INFO     | algorithms.der_pp:train:170 - 1, loss: 1.949
2023-04-18 12:00:08.970 | INFO     | algorithms.algorithm_base:run_base_task_metrics:144 - Running metrics: Task 3
2023-04-18 12:00:13.674 | DEBUG    | algorithms.algorithm_base:run_base_task_metrics:200 - Raw classification accuracy results saved to ./output_cifar10_varied_sampling/der_pp/1681815426.9608698_CIFAR10_OFFICIAL_RUN/task_3_accuracy_results.json
2023-04-18 12:00:13.676 | INFO     | algorithms.algorithm_base:run_base_task_metrics:201 - Correctly classified 3038 / 10000 samples (30.38% correct)
2023-04-18 12:00:13.814 | INFO     | algorithms.der_pp:train:86 - Task 5 / 5
2023-04-18 12:00:13.819 | INFO     | algorithms.der_pp:train:87 - Classes in task: ['horse', 'deer']
2023-04-18 12:00:13.820 | INFO     | algorithms.der_pp:train:95 - Starting epoch 1 / 1
2023-04-18 12:00:16.495 | INFO     | algorithms.der_pp:train:159 - 4:1:40, loss: 4.056
2023-04-18 12:00:19.114 | INFO     | algorithms.der_pp:train:159 - 4:1:80, loss: 3.254
2023-04-18 12:00:21.731 | INFO     | algorithms.der_pp:train:159 - 4:1:120, loss: 2.888
2023-04-18 12:00:24.344 | INFO     | algorithms.der_pp:train:159 - 4:1:160, loss: 2.614
2023-04-18 12:00:26.959 | INFO     | algorithms.der_pp:train:159 - 4:1:200, loss: 2.418
2023-04-18 12:00:29.573 | INFO     | algorithms.der_pp:train:159 - 4:1:240, loss: 2.253
2023-04-18 12:00:32.183 | INFO     | algorithms.der_pp:train:159 - 4:1:280, loss: 2.040
2023-04-18 12:00:34.795 | INFO     | algorithms.der_pp:train:159 - 4:1:320, loss: 2.016
2023-04-18 12:00:37.404 | INFO     | algorithms.der_pp:train:159 - 4:1:360, loss: 1.946
2023-04-18 12:00:40.018 | INFO     | algorithms.der_pp:train:159 - 4:1:400, loss: 1.808
2023-04-18 12:00:42.630 | INFO     | algorithms.der_pp:train:159 - 4:1:440, loss: 1.803
2023-04-18 12:00:45.239 | INFO     | algorithms.der_pp:train:159 - 4:1:480, loss: 1.746
2023-04-18 12:00:47.889 | INFO     | algorithms.der_pp:train:159 - 4:1:520, loss: 1.708
2023-04-18 12:00:50.506 | INFO     | algorithms.der_pp:train:159 - 4:1:560, loss: 1.619
2023-04-18 12:00:53.121 | INFO     | algorithms.der_pp:train:159 - 4:1:600, loss: 1.657
2023-04-18 12:00:54.689 | DEBUG    | algorithms.der_pp:train:162 - Current sample stats:
2023-04-18 12:00:54.690 | DEBUG    | algorithms.der_pp:train:165 - 2 has 20 samples
2023-04-18 12:00:54.690 | DEBUG    | algorithms.der_pp:train:165 - 0 has 20 samples
2023-04-18 12:00:54.691 | DEBUG    | algorithms.der_pp:train:165 - 9 has 20 samples
2023-04-18 12:00:54.692 | DEBUG    | algorithms.der_pp:train:165 - 6 has 20 samples
2023-04-18 12:00:54.693 | DEBUG    | algorithms.der_pp:train:165 - 8 has 20 samples
2023-04-18 12:00:54.693 | DEBUG    | algorithms.der_pp:train:165 - 5 has 20 samples
2023-04-18 12:00:54.694 | DEBUG    | algorithms.der_pp:train:165 - 3 has 20 samples
2023-04-18 12:00:54.695 | DEBUG    | algorithms.der_pp:train:165 - 1 has 20 samples
2023-04-18 12:00:54.695 | DEBUG    | algorithms.der_pp:train:165 - 7 has 20 samples
2023-04-18 12:00:54.696 | DEBUG    | algorithms.der_pp:train:165 - 4 has 20 samples
2023-04-18 12:00:54.697 | INFO     | algorithms.der_pp:train:170 - 1, loss: 2.228
2023-04-18 12:00:54.698 | INFO     | algorithms.algorithm_base:run_base_task_metrics:144 - Running metrics: Task 4
2023-04-18 12:00:59.388 | DEBUG    | algorithms.algorithm_base:run_base_task_metrics:200 - Raw classification accuracy results saved to ./output_cifar10_varied_sampling/der_pp/1681815426.9608698_CIFAR10_OFFICIAL_RUN/task_4_accuracy_results.json
2023-04-18 12:00:59.390 | INFO     | algorithms.algorithm_base:run_base_task_metrics:201 - Correctly classified 2953 / 10000 samples (29.53% correct)
2023-04-18 12:00:59.529 | INFO     | algorithms.der_pp:train:178 - Training complete
2023-04-18 12:00:59.534 | INFO     | __main__:run_experiment:300 - Training and evaluation completed!
2023-04-18 12:00:59.535 | INFO     | __main__:run_experiment:314 - Wrote usage stats to file
2023-04-18 12:00:59.536 | INFO     | __main__:main:363 - Complete
2023-04-18 12:00:59.537 | INFO     | __main__:close_tensorboard_writer:262 - Shut down TensorBoard
