2023-02-09 18:16:54.659 | INFO     | __main__:setup_files:208 - Experiment Name: OFFICIAL_RUN
2023-02-09 18:16:54.661 | INFO     | __main__:main:322 - Command line arguments: Configuration(algorithm='scr', dataset='cifar100', classes_per_task=20, seed=9767, samples=200)
2023-02-09 18:16:54.663 | INFO     | __main__:main:326 - Seeded random to 9767
2023-02-09 18:16:54.664 | INFO     | __main__:main:330 - Got CUDA device
2023-02-09 18:16:54.664 | INFO     | __main__:force_cuda_load:258 - Forcing CUDA initialisation...
2023-02-09 18:16:54.723 | INFO     | __main__:main:334 - CUDA initialised
2023-02-09 18:16:54.725 | INFO     | __main__:setup_shutdown_hook:254 - To access TensorBoard, run the command: tensorboard --logdir=./output_cifar100_varied_sampling/scr/1675966614.6547203_CIFAR100_OFFICIAL_RUN
2023-02-09 18:16:54.744 | INFO     | __main__:main:338 - Setup shutdown hooks
2023-02-09 18:16:54.769 | INFO     | __main__:main:343 - Model is setup
2023-02-09 18:16:54.770 | INFO     | __main__:main:345 - Complete pre-setup, starting experiment
2023-02-09 18:17:02.086 | INFO     | datasets.dataset_base:__init__:80 - Using disjoint tasks with 20 (5 tasks) with a randomised split
2023-02-09 18:17:02.088 | DEBUG    | datasets.dataset_base:_setup_task_datasets:95 - Splitting dataset into 5 disjoint tasks
2023-02-09 18:17:02.107 | INFO     | datasets.dataset_base:__init__:85 - {
  "name": "datasets.cifar100.CIFAR100",
  "dataset_class": "torchvision.datasets.cifar.CIFAR100",
  "training_dataset_parameters": "{'train': True, 'download': True}",
  "testing_dataset_parameters": "{'train': False, 'download': True}",
  "training_transform": "Compose(\n    Resize(size=(32, 32), interpolation=bilinear, max_size=None, antialias=None)\n    ToTensor()\n    Normalize(mean=(0.5071, 0.4867, 0.4408), std=(0.2675, 0.2565, 0.2761))\n    RandomCrop(size=(32, 32), padding=4)\n    RandomHorizontalFlip(p=0.5)\n)",
  "testing_transform": "Compose(\n    Resize(size=(32, 32), interpolation=bilinear, max_size=None, antialias=None)\n    ToTensor()\n    Normalize(mean=(0.5071, 0.4867, 0.4408), std=(0.2675, 0.2565, 0.2761))\n)",
  "classes": "apple, aquarium_fish, baby, bear, beaver, bed, bee, beetle, bicycle, bottle, bowl, boy, bridge, bus, butterfly, camel, can, castle, caterpillar, cattle, chair, chimpanzee, clock, cloud, cockroach, couch, crab, crocodile, cup, dinosaur, dolphin, elephant, flatfish, forest, fox, girl, hamster, house, kangaroo, keyboard, lamp, lawn_mower, leopard, lion, lizard, lobster, man, maple_tree, motorcycle, mountain, mouse, mushroom, oak_tree, orange, orchid, otter, palm_tree, pear, pickup_truck, pine_tree, plain, plate, poppy, porcupine, possum, rabbit, raccoon, ray, road, rocket, rose, sea, seal, shark, shrew, skunk, skyscraper, snail, snake, spider, squirrel, streetcar, sunflower, sweet_pepper, table, tank, telephone, television, tiger, tractor, train, trout, tulip, turtle, wardrobe, whale, willow_tree, wolf, woman, worm",
  "disjoint": true,
  "task_count": 5,
  "classes_per_task": [
    20
  ],
  "task_split_indices": [
    [
      19,
      40,
      58,
      57,
      95,
      53,
      77,
      30,
      89,
      71,
      12,
      67,
      41,
      4,
      2,
      3,
      17,
      28,
      51,
      55
    ],
    [
      65,
      76,
      84,
      98,
      45,
      25,
      7,
      47,
      70,
      99,
      21,
      72,
      85,
      60,
      6,
      74,
      96,
      50,
      49,
      80
    ],
    [
      38,
      93,
      29,
      36,
      8,
      48,
      5,
      73,
      37,
      20,
      94,
      15,
      23,
      75,
      16,
      90,
      54,
      10,
      39,
      78
    ],
    [
      61,
      9,
      11,
      44,
      87,
      0,
      97,
      18,
      14,
      59,
      69,
      62,
      92,
      26,
      64,
      63,
      81,
      22,
      82,
      43
    ],
    [
      1,
      27,
      13,
      86,
      34,
      88,
      42,
      35,
      52,
      32,
      79,
      33,
      56,
      46,
      24,
      31,
      91,
      66,
      68,
      83
    ]
  ],
  "task_split_classes": [
    [
      "cattle",
      "lamp",
      "pickup_truck",
      "pear",
      "whale",
      "orange",
      "snail",
      "dolphin",
      "tractor",
      "sea",
      "bridge",
      "ray",
      "lawn_mower",
      "beaver",
      "baby",
      "bear",
      "castle",
      "cup",
      "mushroom",
      "otter"
    ],
    [
      "rabbit",
      "skyscraper",
      "table",
      "woman",
      "lobster",
      "couch",
      "beetle",
      "maple_tree",
      "rose",
      "worm",
      "chimpanzee",
      "seal",
      "tank",
      "plain",
      "bee",
      "shrew",
      "willow_tree",
      "mouse",
      "mountain",
      "squirrel"
    ],
    [
      "kangaroo",
      "turtle",
      "dinosaur",
      "hamster",
      "bicycle",
      "motorcycle",
      "bed",
      "shark",
      "house",
      "chair",
      "wardrobe",
      "camel",
      "cloud",
      "skunk",
      "can",
      "train",
      "orchid",
      "bowl",
      "keyboard",
      "snake"
    ],
    [
      "plate",
      "bottle",
      "boy",
      "lizard",
      "television",
      "apple",
      "wolf",
      "caterpillar",
      "butterfly",
      "pine_tree",
      "rocket",
      "poppy",
      "tulip",
      "crab",
      "possum",
      "porcupine",
      "streetcar",
      "clock",
      "sunflower",
      "lion"
    ],
    [
      "aquarium_fish",
      "crocodile",
      "bus",
      "telephone",
      "fox",
      "tiger",
      "leopard",
      "girl",
      "oak_tree",
      "flatfish",
      "spider",
      "forest",
      "palm_tree",
      "man",
      "cockroach",
      "elephant",
      "trout",
      "raccoon",
      "road",
      "sweet_pepper"
    ]
  ]
}
2023-02-09 18:17:02.157 | DEBUG    | __main__:run_experiment:282 - PID: 14308
2023-02-09 18:17:02.158 | INFO     | __main__:run_experiment:284 - Starting...
2023-02-09 18:17:02.159 | INFO     | algorithms.algorithm_base:train:116 - {
  "name": "algorithms.scr.SupervisedContrastiveReplay",
  "model_class": "models.scr.scr_resnet.SupConResNet",
  "device": "cuda:0",
  "dataset_class": "datasets.cifar100.CIFAR100",
  "optimiser_class": "torch.optim.sgd.SGD",
  "loss_criterion_class": "torch.nn.modules.loss.CrossEntropyLoss",
  "epochs_per_task": 1,
  "batch_size": 10,
  "max_memory_samples": 200,
  "memory_batch_size": 100,
  "tau (temperature)": 0.07,
  "lr": 0.1
}
2023-02-09 18:17:02.160 | DEBUG    | algorithms.algorithm_base:_setup_training:109 - Model moved to cuda:0 and set to train mode
2023-02-09 18:17:02.161 | INFO     | algorithms.algorithm_base:train:118 - Starting training
2023-02-09 18:17:02.162 | INFO     | algorithms.scr:train:126 - Task 1 / 5
2023-02-09 18:17:02.163 | INFO     | algorithms.scr:train:127 - Classes in task: ['cattle', 'lamp', 'pickup_truck', 'pear', 'whale', 'orange', 'snail', 'dolphin', 'tractor', 'sea', 'bridge', 'ray', 'lawn_mower', 'beaver', 'baby', 'bear', 'castle', 'cup', 'mushroom', 'otter']
2023-02-09 18:17:02.163 | INFO     | algorithms.scr:train:134 - Starting epoch 1 / 1
2023-02-09 18:17:15.876 | INFO     | algorithms.scr:train:180 - 0:1:40, loss: 4.109
2023-02-09 18:17:26.059 | INFO     | algorithms.scr:train:180 - 0:1:80, loss: 5.209
2023-02-09 18:17:36.213 | INFO     | algorithms.scr:train:180 - 0:1:120, loss: 5.163
2023-02-09 18:17:46.386 | INFO     | algorithms.scr:train:180 - 0:1:160, loss: 5.143
2023-02-09 18:17:56.601 | INFO     | algorithms.scr:train:180 - 0:1:200, loss: 5.117
2023-02-09 18:18:06.918 | INFO     | algorithms.scr:train:180 - 0:1:240, loss: 5.079
2023-02-09 18:18:17.214 | INFO     | algorithms.scr:train:180 - 0:1:280, loss: 5.090
2023-02-09 18:18:27.513 | INFO     | algorithms.scr:train:180 - 0:1:320, loss: 5.020
2023-02-09 18:18:37.801 | INFO     | algorithms.scr:train:180 - 0:1:360, loss: 5.020
2023-02-09 18:18:48.088 | INFO     | algorithms.scr:train:180 - 0:1:400, loss: 5.007
2023-02-09 18:18:58.367 | INFO     | algorithms.scr:train:180 - 0:1:440, loss: 4.977
2023-02-09 18:19:08.660 | INFO     | algorithms.scr:train:180 - 0:1:480, loss: 4.965
2023-02-09 18:19:18.942 | INFO     | algorithms.scr:train:180 - 0:1:520, loss: 4.912
2023-02-09 18:19:29.236 | INFO     | algorithms.scr:train:180 - 0:1:560, loss: 4.869
2023-02-09 18:19:39.574 | INFO     | algorithms.scr:train:180 - 0:1:600, loss: 4.855
2023-02-09 18:19:49.848 | INFO     | algorithms.scr:train:180 - 0:1:640, loss: 4.927
2023-02-09 18:20:00.141 | INFO     | algorithms.scr:train:180 - 0:1:680, loss: 4.824
2023-02-09 18:20:10.431 | INFO     | algorithms.scr:train:180 - 0:1:720, loss: 4.737
2023-02-09 18:20:20.719 | INFO     | algorithms.scr:train:180 - 0:1:760, loss: 4.738
2023-02-09 18:20:30.988 | INFO     | algorithms.scr:train:180 - 0:1:800, loss: 4.738
2023-02-09 18:20:41.288 | INFO     | algorithms.scr:train:180 - 0:1:840, loss: 4.718
2023-02-09 18:20:51.572 | INFO     | algorithms.scr:train:180 - 0:1:880, loss: 4.691
2023-02-09 18:21:01.856 | INFO     | algorithms.scr:train:180 - 0:1:920, loss: 4.641
2023-02-09 18:21:12.137 | INFO     | algorithms.scr:train:180 - 0:1:960, loss: 4.647
2023-02-09 18:21:22.177 | DEBUG    | algorithms.scr:train:183 - Current sample stats:
2023-02-09 18:21:22.178 | DEBUG    | algorithms.scr:train:186 - 41 has 10 samples
2023-02-09 18:21:22.179 | DEBUG    | algorithms.scr:train:186 - 2 has 10 samples
2023-02-09 18:21:22.180 | DEBUG    | algorithms.scr:train:186 - 51 has 10 samples
2023-02-09 18:21:22.180 | DEBUG    | algorithms.scr:train:186 - 4 has 10 samples
2023-02-09 18:21:22.181 | DEBUG    | algorithms.scr:train:186 - 55 has 10 samples
2023-02-09 18:21:22.182 | DEBUG    | algorithms.scr:train:186 - 77 has 10 samples
2023-02-09 18:21:22.183 | DEBUG    | algorithms.scr:train:186 - 53 has 10 samples
2023-02-09 18:21:22.183 | DEBUG    | algorithms.scr:train:186 - 19 has 10 samples
2023-02-09 18:21:22.184 | DEBUG    | algorithms.scr:train:186 - 57 has 10 samples
2023-02-09 18:21:22.185 | DEBUG    | algorithms.scr:train:186 - 89 has 10 samples
2023-02-09 18:21:22.186 | DEBUG    | algorithms.scr:train:186 - 67 has 10 samples
2023-02-09 18:21:22.186 | DEBUG    | algorithms.scr:train:186 - 40 has 10 samples
2023-02-09 18:21:22.187 | DEBUG    | algorithms.scr:train:186 - 30 has 10 samples
2023-02-09 18:21:22.188 | DEBUG    | algorithms.scr:train:186 - 17 has 10 samples
2023-02-09 18:21:22.188 | DEBUG    | algorithms.scr:train:186 - 12 has 10 samples
2023-02-09 18:21:22.189 | DEBUG    | algorithms.scr:train:186 - 28 has 10 samples
2023-02-09 18:21:22.190 | DEBUG    | algorithms.scr:train:186 - 95 has 10 samples
2023-02-09 18:21:22.191 | DEBUG    | algorithms.scr:train:186 - 71 has 10 samples
2023-02-09 18:21:22.191 | DEBUG    | algorithms.scr:train:186 - 58 has 10 samples
2023-02-09 18:21:22.192 | DEBUG    | algorithms.scr:train:186 - 3 has 10 samples
2023-02-09 18:21:22.193 | INFO     | algorithms.scr:train:192 - 1, loss: 4.875
2023-02-09 18:21:22.194 | INFO     | algorithms.algorithm_base:run_base_task_metrics:144 - Running metrics: Task 0
2023-02-09 18:21:22.201 | INFO     | algorithms.scr:classify:209 - Generating fresh mean embedding vectors
2023-02-09 18:21:22.859 | DEBUG    | algorithms.scr:classify:231 - Generated mean embedding vectors for: dict_keys([41, 2, 51, 4, 55, 77, 53, 19, 57, 89, 67, 40, 30, 17, 12, 28, 95, 71, 58, 3])
2023-02-09 18:22:08.867 | DEBUG    | algorithms.algorithm_base:run_base_task_metrics:200 - Raw classification accuracy results saved to ./output_cifar100_varied_sampling/scr/1675966614.6547203_CIFAR100_OFFICIAL_RUN/task_0_accuracy_results.json
2023-02-09 18:22:08.869 | INFO     | algorithms.algorithm_base:run_base_task_metrics:201 - Correctly classified 860 / 10000 samples (8.60% correct)
2023-02-09 18:22:09.351 | INFO     | algorithms.scr:train:126 - Task 2 / 5
2023-02-09 18:22:09.356 | INFO     | algorithms.scr:train:127 - Classes in task: ['rabbit', 'skyscraper', 'table', 'woman', 'lobster', 'couch', 'beetle', 'maple_tree', 'rose', 'worm', 'chimpanzee', 'seal', 'tank', 'plain', 'bee', 'shrew', 'willow_tree', 'mouse', 'mountain', 'squirrel']
2023-02-09 18:22:09.357 | INFO     | algorithms.scr:train:134 - Starting epoch 1 / 1
2023-02-09 18:22:19.948 | INFO     | algorithms.scr:train:180 - 1:1:40, loss: 4.790
2023-02-09 18:22:30.233 | INFO     | algorithms.scr:train:180 - 1:1:80, loss: 4.470
2023-02-09 18:22:40.493 | INFO     | algorithms.scr:train:180 - 1:1:120, loss: 4.332
2023-02-09 18:22:50.796 | INFO     | algorithms.scr:train:180 - 1:1:160, loss: 4.220
2023-02-09 18:23:01.084 | INFO     | algorithms.scr:train:180 - 1:1:200, loss: 4.163
2023-02-09 18:23:11.411 | INFO     | algorithms.scr:train:180 - 1:1:240, loss: 4.112
2023-02-09 18:23:21.690 | INFO     | algorithms.scr:train:180 - 1:1:280, loss: 4.021
2023-02-09 18:23:31.993 | INFO     | algorithms.scr:train:180 - 1:1:320, loss: 3.929
2023-02-09 18:23:42.280 | INFO     | algorithms.scr:train:180 - 1:1:360, loss: 3.848
2023-02-09 18:23:52.573 | INFO     | algorithms.scr:train:180 - 1:1:400, loss: 3.834
2023-02-09 18:24:02.857 | INFO     | algorithms.scr:train:180 - 1:1:440, loss: 3.772
2023-02-09 18:24:13.129 | INFO     | algorithms.scr:train:180 - 1:1:480, loss: 3.717
2023-02-09 18:24:23.419 | INFO     | algorithms.scr:train:180 - 1:1:520, loss: 3.683
2023-02-09 18:24:33.712 | INFO     | algorithms.scr:train:180 - 1:1:560, loss: 3.600
2023-02-09 18:24:44.010 | INFO     | algorithms.scr:train:180 - 1:1:600, loss: 3.595
2023-02-09 18:24:54.317 | INFO     | algorithms.scr:train:180 - 1:1:640, loss: 3.519
2023-02-09 18:25:04.615 | INFO     | algorithms.scr:train:180 - 1:1:680, loss: 3.506
2023-02-09 18:25:14.947 | INFO     | algorithms.scr:train:180 - 1:1:720, loss: 3.440
2023-02-09 18:25:25.217 | INFO     | algorithms.scr:train:180 - 1:1:760, loss: 3.474
2023-02-09 18:25:35.508 | INFO     | algorithms.scr:train:180 - 1:1:800, loss: 3.417
2023-02-09 18:25:45.841 | INFO     | algorithms.scr:train:180 - 1:1:840, loss: 3.439
2023-02-09 18:25:56.126 | INFO     | algorithms.scr:train:180 - 1:1:880, loss: 3.414
2023-02-09 18:26:06.384 | INFO     | algorithms.scr:train:180 - 1:1:920, loss: 3.342
2023-02-09 18:26:16.696 | INFO     | algorithms.scr:train:180 - 1:1:960, loss: 3.352
2023-02-09 18:26:26.728 | DEBUG    | algorithms.scr:train:183 - Current sample stats:
2023-02-09 18:26:26.729 | DEBUG    | algorithms.scr:train:186 - 41 has 5 samples
2023-02-09 18:26:26.730 | DEBUG    | algorithms.scr:train:186 - 2 has 5 samples
2023-02-09 18:26:26.730 | DEBUG    | algorithms.scr:train:186 - 51 has 5 samples
2023-02-09 18:26:26.731 | DEBUG    | algorithms.scr:train:186 - 4 has 5 samples
2023-02-09 18:26:26.732 | DEBUG    | algorithms.scr:train:186 - 55 has 5 samples
2023-02-09 18:26:26.733 | DEBUG    | algorithms.scr:train:186 - 77 has 5 samples
2023-02-09 18:26:26.733 | DEBUG    | algorithms.scr:train:186 - 53 has 5 samples
2023-02-09 18:26:26.734 | DEBUG    | algorithms.scr:train:186 - 19 has 5 samples
2023-02-09 18:26:26.735 | DEBUG    | algorithms.scr:train:186 - 57 has 5 samples
2023-02-09 18:26:26.736 | DEBUG    | algorithms.scr:train:186 - 89 has 5 samples
2023-02-09 18:26:26.736 | DEBUG    | algorithms.scr:train:186 - 67 has 5 samples
2023-02-09 18:26:26.737 | DEBUG    | algorithms.scr:train:186 - 40 has 5 samples
2023-02-09 18:26:26.738 | DEBUG    | algorithms.scr:train:186 - 30 has 5 samples
2023-02-09 18:26:26.738 | DEBUG    | algorithms.scr:train:186 - 17 has 5 samples
2023-02-09 18:26:26.739 | DEBUG    | algorithms.scr:train:186 - 12 has 5 samples
2023-02-09 18:26:26.740 | DEBUG    | algorithms.scr:train:186 - 28 has 5 samples
2023-02-09 18:26:26.741 | DEBUG    | algorithms.scr:train:186 - 95 has 5 samples
2023-02-09 18:26:26.741 | DEBUG    | algorithms.scr:train:186 - 71 has 5 samples
2023-02-09 18:26:26.742 | DEBUG    | algorithms.scr:train:186 - 58 has 5 samples
2023-02-09 18:26:26.743 | DEBUG    | algorithms.scr:train:186 - 3 has 5 samples
2023-02-09 18:26:26.743 | DEBUG    | algorithms.scr:train:186 - 47 has 5 samples
2023-02-09 18:26:26.744 | DEBUG    | algorithms.scr:train:186 - 25 has 5 samples
2023-02-09 18:26:26.745 | DEBUG    | algorithms.scr:train:186 - 74 has 5 samples
2023-02-09 18:26:26.746 | DEBUG    | algorithms.scr:train:186 - 76 has 5 samples
2023-02-09 18:26:26.746 | DEBUG    | algorithms.scr:train:186 - 99 has 5 samples
2023-02-09 18:26:26.747 | DEBUG    | algorithms.scr:train:186 - 6 has 5 samples
2023-02-09 18:26:26.748 | DEBUG    | algorithms.scr:train:186 - 80 has 5 samples
2023-02-09 18:26:26.749 | DEBUG    | algorithms.scr:train:186 - 49 has 5 samples
2023-02-09 18:26:26.749 | DEBUG    | algorithms.scr:train:186 - 21 has 5 samples
2023-02-09 18:26:26.750 | DEBUG    | algorithms.scr:train:186 - 96 has 5 samples
2023-02-09 18:26:26.751 | DEBUG    | algorithms.scr:train:186 - 85 has 5 samples
2023-02-09 18:26:26.752 | DEBUG    | algorithms.scr:train:186 - 65 has 5 samples
2023-02-09 18:26:26.752 | DEBUG    | algorithms.scr:train:186 - 50 has 5 samples
2023-02-09 18:26:26.753 | DEBUG    | algorithms.scr:train:186 - 70 has 5 samples
2023-02-09 18:26:26.754 | DEBUG    | algorithms.scr:train:186 - 7 has 5 samples
2023-02-09 18:26:26.754 | DEBUG    | algorithms.scr:train:186 - 98 has 5 samples
2023-02-09 18:26:26.755 | DEBUG    | algorithms.scr:train:186 - 84 has 5 samples
2023-02-09 18:26:26.756 | DEBUG    | algorithms.scr:train:186 - 60 has 5 samples
2023-02-09 18:26:26.757 | DEBUG    | algorithms.scr:train:186 - 72 has 5 samples
2023-02-09 18:26:26.758 | DEBUG    | algorithms.scr:train:186 - 45 has 5 samples
2023-02-09 18:26:26.758 | INFO     | algorithms.scr:train:192 - 1, loss: 3.771
2023-02-09 18:26:26.759 | INFO     | algorithms.algorithm_base:run_base_task_metrics:144 - Running metrics: Task 1
2023-02-09 18:26:26.767 | INFO     | algorithms.scr:classify:209 - Generating fresh mean embedding vectors
2023-02-09 18:26:27.302 | DEBUG    | algorithms.scr:classify:231 - Generated mean embedding vectors for: dict_keys([41, 2, 51, 4, 55, 77, 53, 19, 57, 89, 67, 40, 30, 17, 12, 28, 95, 71, 58, 3, 47, 25, 74, 76, 99, 6, 80, 49, 21, 96, 85, 65, 50, 70, 7, 98, 84, 60, 72, 45])
2023-02-09 18:27:33.885 | DEBUG    | algorithms.algorithm_base:run_base_task_metrics:200 - Raw classification accuracy results saved to ./output_cifar100_varied_sampling/scr/1675966614.6547203_CIFAR100_OFFICIAL_RUN/task_1_accuracy_results.json
2023-02-09 18:27:33.886 | INFO     | algorithms.algorithm_base:run_base_task_metrics:201 - Correctly classified 1000 / 10000 samples (10.00% correct)
2023-02-09 18:27:34.283 | INFO     | algorithms.scr:train:126 - Task 3 / 5
2023-02-09 18:27:34.289 | INFO     | algorithms.scr:train:127 - Classes in task: ['kangaroo', 'turtle', 'dinosaur', 'hamster', 'bicycle', 'motorcycle', 'bed', 'shark', 'house', 'chair', 'wardrobe', 'camel', 'cloud', 'skunk', 'can', 'train', 'orchid', 'bowl', 'keyboard', 'snake']
2023-02-09 18:27:34.289 | INFO     | algorithms.scr:train:134 - Starting epoch 1 / 1
2023-02-09 18:27:45.116 | INFO     | algorithms.scr:train:180 - 2:1:40, loss: 3.596
2023-02-09 18:27:55.603 | INFO     | algorithms.scr:train:180 - 2:1:80, loss: 3.416
2023-02-09 18:28:06.119 | INFO     | algorithms.scr:train:180 - 2:1:120, loss: 3.295
2023-02-09 18:28:16.616 | INFO     | algorithms.scr:train:180 - 2:1:160, loss: 3.116
2023-02-09 18:28:27.121 | INFO     | algorithms.scr:train:180 - 2:1:200, loss: 3.053
2023-02-09 18:28:37.687 | INFO     | algorithms.scr:train:180 - 2:1:240, loss: 3.101
2023-02-09 18:28:48.176 | INFO     | algorithms.scr:train:180 - 2:1:280, loss: 2.949
2023-02-09 18:28:58.676 | INFO     | algorithms.scr:train:180 - 2:1:320, loss: 2.915
2023-02-09 18:29:09.174 | INFO     | algorithms.scr:train:180 - 2:1:360, loss: 2.922
2023-02-09 18:29:19.668 | INFO     | algorithms.scr:train:180 - 2:1:400, loss: 2.882
2023-02-09 18:29:30.178 | INFO     | algorithms.scr:train:180 - 2:1:440, loss: 2.815
2023-02-09 18:29:40.695 | INFO     | algorithms.scr:train:180 - 2:1:480, loss: 2.777
2023-02-09 18:29:51.191 | INFO     | algorithms.scr:train:180 - 2:1:520, loss: 2.769
2023-02-09 18:30:01.697 | INFO     | algorithms.scr:train:180 - 2:1:560, loss: 2.823
2023-02-09 18:30:12.233 | INFO     | algorithms.scr:train:180 - 2:1:600, loss: 2.709
2023-02-09 18:30:22.729 | INFO     | algorithms.scr:train:180 - 2:1:640, loss: 2.769
2023-02-09 18:30:33.228 | INFO     | algorithms.scr:train:180 - 2:1:680, loss: 2.687
2023-02-09 18:30:43.722 | INFO     | algorithms.scr:train:180 - 2:1:720, loss: 2.664
2023-02-09 18:30:54.223 | INFO     | algorithms.scr:train:180 - 2:1:760, loss: 2.640
2023-02-09 18:31:04.775 | INFO     | algorithms.scr:train:180 - 2:1:800, loss: 2.626
2023-02-09 18:31:15.291 | INFO     | algorithms.scr:train:180 - 2:1:840, loss: 2.611
2023-02-09 18:31:25.786 | INFO     | algorithms.scr:train:180 - 2:1:880, loss: 2.674
2023-02-09 18:31:36.309 | INFO     | algorithms.scr:train:180 - 2:1:920, loss: 2.580
2023-02-09 18:31:46.818 | INFO     | algorithms.scr:train:180 - 2:1:960, loss: 2.563
2023-02-09 18:31:57.067 | DEBUG    | algorithms.scr:train:183 - Current sample stats:
2023-02-09 18:31:57.068 | DEBUG    | algorithms.scr:train:186 - 41 has 3 samples
2023-02-09 18:31:57.069 | DEBUG    | algorithms.scr:train:186 - 2 has 3 samples
2023-02-09 18:31:57.069 | DEBUG    | algorithms.scr:train:186 - 51 has 3 samples
2023-02-09 18:31:57.070 | DEBUG    | algorithms.scr:train:186 - 4 has 3 samples
2023-02-09 18:31:57.071 | DEBUG    | algorithms.scr:train:186 - 55 has 3 samples
2023-02-09 18:31:57.072 | DEBUG    | algorithms.scr:train:186 - 77 has 3 samples
2023-02-09 18:31:57.072 | DEBUG    | algorithms.scr:train:186 - 53 has 3 samples
2023-02-09 18:31:57.073 | DEBUG    | algorithms.scr:train:186 - 19 has 3 samples
2023-02-09 18:31:57.074 | DEBUG    | algorithms.scr:train:186 - 57 has 3 samples
2023-02-09 18:31:57.075 | DEBUG    | algorithms.scr:train:186 - 89 has 3 samples
2023-02-09 18:31:57.075 | DEBUG    | algorithms.scr:train:186 - 67 has 3 samples
2023-02-09 18:31:57.076 | DEBUG    | algorithms.scr:train:186 - 40 has 3 samples
2023-02-09 18:31:57.077 | DEBUG    | algorithms.scr:train:186 - 30 has 3 samples
2023-02-09 18:31:57.078 | DEBUG    | algorithms.scr:train:186 - 17 has 3 samples
2023-02-09 18:31:57.078 | DEBUG    | algorithms.scr:train:186 - 12 has 3 samples
2023-02-09 18:31:57.079 | DEBUG    | algorithms.scr:train:186 - 28 has 3 samples
2023-02-09 18:31:57.080 | DEBUG    | algorithms.scr:train:186 - 95 has 3 samples
2023-02-09 18:31:57.081 | DEBUG    | algorithms.scr:train:186 - 71 has 3 samples
2023-02-09 18:31:57.081 | DEBUG    | algorithms.scr:train:186 - 58 has 3 samples
2023-02-09 18:31:57.082 | DEBUG    | algorithms.scr:train:186 - 3 has 3 samples
2023-02-09 18:31:57.083 | DEBUG    | algorithms.scr:train:186 - 47 has 3 samples
2023-02-09 18:31:57.084 | DEBUG    | algorithms.scr:train:186 - 25 has 3 samples
2023-02-09 18:31:57.084 | DEBUG    | algorithms.scr:train:186 - 74 has 3 samples
2023-02-09 18:31:57.085 | DEBUG    | algorithms.scr:train:186 - 76 has 3 samples
2023-02-09 18:31:57.086 | DEBUG    | algorithms.scr:train:186 - 99 has 3 samples
2023-02-09 18:31:57.087 | DEBUG    | algorithms.scr:train:186 - 6 has 3 samples
2023-02-09 18:31:57.087 | DEBUG    | algorithms.scr:train:186 - 80 has 3 samples
2023-02-09 18:31:57.088 | DEBUG    | algorithms.scr:train:186 - 49 has 3 samples
2023-02-09 18:31:57.089 | DEBUG    | algorithms.scr:train:186 - 21 has 3 samples
2023-02-09 18:31:57.089 | DEBUG    | algorithms.scr:train:186 - 96 has 3 samples
2023-02-09 18:31:57.090 | DEBUG    | algorithms.scr:train:186 - 85 has 3 samples
2023-02-09 18:31:57.091 | DEBUG    | algorithms.scr:train:186 - 65 has 3 samples
2023-02-09 18:31:57.092 | DEBUG    | algorithms.scr:train:186 - 50 has 3 samples
2023-02-09 18:31:57.093 | DEBUG    | algorithms.scr:train:186 - 70 has 3 samples
2023-02-09 18:31:57.093 | DEBUG    | algorithms.scr:train:186 - 7 has 3 samples
2023-02-09 18:31:57.094 | DEBUG    | algorithms.scr:train:186 - 98 has 3 samples
2023-02-09 18:31:57.095 | DEBUG    | algorithms.scr:train:186 - 84 has 3 samples
2023-02-09 18:31:57.095 | DEBUG    | algorithms.scr:train:186 - 60 has 3 samples
2023-02-09 18:31:57.096 | DEBUG    | algorithms.scr:train:186 - 72 has 3 samples
2023-02-09 18:31:57.097 | DEBUG    | algorithms.scr:train:186 - 45 has 3 samples
2023-02-09 18:31:57.098 | DEBUG    | algorithms.scr:train:186 - 78 has 4 samples
2023-02-09 18:31:57.098 | DEBUG    | algorithms.scr:train:186 - 8 has 4 samples
2023-02-09 18:31:57.099 | DEBUG    | algorithms.scr:train:186 - 54 has 4 samples
2023-02-09 18:31:57.100 | DEBUG    | algorithms.scr:train:186 - 94 has 4 samples
2023-02-09 18:31:57.101 | DEBUG    | algorithms.scr:train:186 - 16 has 4 samples
2023-02-09 18:31:57.101 | DEBUG    | algorithms.scr:train:186 - 38 has 4 samples
2023-02-09 18:31:57.102 | DEBUG    | algorithms.scr:train:186 - 20 has 4 samples
2023-02-09 18:31:57.103 | DEBUG    | algorithms.scr:train:186 - 36 has 4 samples
2023-02-09 18:31:57.104 | DEBUG    | algorithms.scr:train:186 - 5 has 4 samples
2023-02-09 18:31:57.104 | DEBUG    | algorithms.scr:train:186 - 10 has 4 samples
2023-02-09 18:31:57.105 | DEBUG    | algorithms.scr:train:186 - 73 has 4 samples
2023-02-09 18:31:57.106 | DEBUG    | algorithms.scr:train:186 - 75 has 4 samples
2023-02-09 18:31:57.106 | DEBUG    | algorithms.scr:train:186 - 29 has 4 samples
2023-02-09 18:31:57.107 | DEBUG    | algorithms.scr:train:186 - 37 has 4 samples
2023-02-09 18:31:57.108 | DEBUG    | algorithms.scr:train:186 - 48 has 4 samples
2023-02-09 18:31:57.109 | DEBUG    | algorithms.scr:train:186 - 23 has 4 samples
2023-02-09 18:31:57.109 | DEBUG    | algorithms.scr:train:186 - 15 has 4 samples
2023-02-09 18:31:57.110 | DEBUG    | algorithms.scr:train:186 - 39 has 4 samples
2023-02-09 18:31:57.111 | DEBUG    | algorithms.scr:train:186 - 93 has 4 samples
2023-02-09 18:31:57.112 | DEBUG    | algorithms.scr:train:186 - 90 has 4 samples
2023-02-09 18:31:57.112 | INFO     | algorithms.scr:train:192 - 1, loss: 2.862
2023-02-09 18:31:57.113 | INFO     | algorithms.algorithm_base:run_base_task_metrics:144 - Running metrics: Task 2
2023-02-09 18:31:57.120 | INFO     | algorithms.scr:classify:209 - Generating fresh mean embedding vectors
2023-02-09 18:31:57.691 | DEBUG    | algorithms.scr:classify:231 - Generated mean embedding vectors for: dict_keys([41, 2, 51, 4, 55, 77, 53, 19, 57, 89, 67, 40, 30, 17, 12, 28, 95, 71, 58, 3, 47, 25, 74, 76, 99, 6, 80, 49, 21, 96, 85, 65, 50, 70, 7, 98, 84, 60, 72, 45, 78, 8, 54, 94, 16, 38, 20, 36, 5, 10, 73, 75, 29, 37, 48, 23, 15, 39, 93, 90])
2023-02-09 18:33:23.473 | DEBUG    | algorithms.algorithm_base:run_base_task_metrics:200 - Raw classification accuracy results saved to ./output_cifar100_varied_sampling/scr/1675966614.6547203_CIFAR100_OFFICIAL_RUN/task_2_accuracy_results.json
2023-02-09 18:33:23.475 | INFO     | algorithms.algorithm_base:run_base_task_metrics:201 - Correctly classified 1104 / 10000 samples (11.04% correct)
2023-02-09 18:33:23.862 | INFO     | algorithms.scr:train:126 - Task 4 / 5
2023-02-09 18:33:23.867 | INFO     | algorithms.scr:train:127 - Classes in task: ['plate', 'bottle', 'boy', 'lizard', 'television', 'apple', 'wolf', 'caterpillar', 'butterfly', 'pine_tree', 'rocket', 'poppy', 'tulip', 'crab', 'possum', 'porcupine', 'streetcar', 'clock', 'sunflower', 'lion']
2023-02-09 18:33:23.868 | INFO     | algorithms.scr:train:134 - Starting epoch 1 / 1
2023-02-09 18:33:34.566 | INFO     | algorithms.scr:train:180 - 3:1:40, loss: 2.816
2023-02-09 18:33:44.941 | INFO     | algorithms.scr:train:180 - 3:1:80, loss: 2.595
2023-02-09 18:33:55.307 | INFO     | algorithms.scr:train:180 - 3:1:120, loss: 2.636
2023-02-09 18:34:05.694 | INFO     | algorithms.scr:train:180 - 3:1:160, loss: 2.559
2023-02-09 18:34:16.114 | INFO     | algorithms.scr:train:180 - 3:1:200, loss: 2.467
2023-02-09 18:34:26.548 | INFO     | algorithms.scr:train:180 - 3:1:240, loss: 2.426
2023-02-09 18:34:36.945 | INFO     | algorithms.scr:train:180 - 3:1:280, loss: 2.372
2023-02-09 18:34:47.375 | INFO     | algorithms.scr:train:180 - 3:1:320, loss: 2.355
2023-02-09 18:34:57.757 | INFO     | algorithms.scr:train:180 - 3:1:360, loss: 2.319
2023-02-09 18:35:08.154 | INFO     | algorithms.scr:train:180 - 3:1:400, loss: 2.301
2023-02-09 18:35:18.579 | INFO     | algorithms.scr:train:180 - 3:1:440, loss: 2.293
2023-02-09 18:35:28.981 | INFO     | algorithms.scr:train:180 - 3:1:480, loss: 2.236
2023-02-09 18:35:39.397 | INFO     | algorithms.scr:train:180 - 3:1:520, loss: 2.210
2023-02-09 18:35:49.790 | INFO     | algorithms.scr:train:180 - 3:1:560, loss: 2.227
2023-02-09 18:36:00.194 | INFO     | algorithms.scr:train:180 - 3:1:600, loss: 2.113
2023-02-09 18:36:10.623 | INFO     | algorithms.scr:train:180 - 3:1:640, loss: 2.173
2023-02-09 18:36:21.044 | INFO     | algorithms.scr:train:180 - 3:1:680, loss: 2.168
2023-02-09 18:36:31.433 | INFO     | algorithms.scr:train:180 - 3:1:720, loss: 2.150
2023-02-09 18:36:41.833 | INFO     | algorithms.scr:train:180 - 3:1:760, loss: 2.124
2023-02-09 18:36:52.214 | INFO     | algorithms.scr:train:180 - 3:1:800, loss: 2.079
2023-02-09 18:37:02.642 | INFO     | algorithms.scr:train:180 - 3:1:840, loss: 2.109
2023-02-09 18:37:13.049 | INFO     | algorithms.scr:train:180 - 3:1:880, loss: 2.123
2023-02-09 18:37:23.452 | INFO     | algorithms.scr:train:180 - 3:1:920, loss: 2.065
2023-02-09 18:37:33.867 | INFO     | algorithms.scr:train:180 - 3:1:960, loss: 2.068
2023-02-09 18:37:43.994 | DEBUG    | algorithms.scr:train:183 - Current sample stats:
2023-02-09 18:37:43.995 | DEBUG    | algorithms.scr:train:186 - 41 has 2 samples
2023-02-09 18:37:43.996 | DEBUG    | algorithms.scr:train:186 - 2 has 2 samples
2023-02-09 18:37:43.996 | DEBUG    | algorithms.scr:train:186 - 51 has 2 samples
2023-02-09 18:37:43.997 | DEBUG    | algorithms.scr:train:186 - 4 has 2 samples
2023-02-09 18:37:43.998 | DEBUG    | algorithms.scr:train:186 - 55 has 2 samples
2023-02-09 18:37:43.999 | DEBUG    | algorithms.scr:train:186 - 77 has 2 samples
2023-02-09 18:37:43.999 | DEBUG    | algorithms.scr:train:186 - 53 has 2 samples
2023-02-09 18:37:44.000 | DEBUG    | algorithms.scr:train:186 - 19 has 2 samples
2023-02-09 18:37:44.001 | DEBUG    | algorithms.scr:train:186 - 57 has 2 samples
2023-02-09 18:37:44.002 | DEBUG    | algorithms.scr:train:186 - 89 has 2 samples
2023-02-09 18:37:44.002 | DEBUG    | algorithms.scr:train:186 - 67 has 2 samples
2023-02-09 18:37:44.003 | DEBUG    | algorithms.scr:train:186 - 40 has 2 samples
2023-02-09 18:37:44.004 | DEBUG    | algorithms.scr:train:186 - 30 has 2 samples
2023-02-09 18:37:44.004 | DEBUG    | algorithms.scr:train:186 - 17 has 2 samples
2023-02-09 18:37:44.005 | DEBUG    | algorithms.scr:train:186 - 12 has 2 samples
2023-02-09 18:37:44.006 | DEBUG    | algorithms.scr:train:186 - 28 has 2 samples
2023-02-09 18:37:44.007 | DEBUG    | algorithms.scr:train:186 - 95 has 2 samples
2023-02-09 18:37:44.008 | DEBUG    | algorithms.scr:train:186 - 71 has 2 samples
2023-02-09 18:37:44.008 | DEBUG    | algorithms.scr:train:186 - 58 has 2 samples
2023-02-09 18:37:44.009 | DEBUG    | algorithms.scr:train:186 - 3 has 2 samples
2023-02-09 18:37:44.010 | DEBUG    | algorithms.scr:train:186 - 47 has 2 samples
2023-02-09 18:37:44.011 | DEBUG    | algorithms.scr:train:186 - 25 has 2 samples
2023-02-09 18:37:44.011 | DEBUG    | algorithms.scr:train:186 - 74 has 2 samples
2023-02-09 18:37:44.012 | DEBUG    | algorithms.scr:train:186 - 76 has 2 samples
2023-02-09 18:37:44.013 | DEBUG    | algorithms.scr:train:186 - 99 has 2 samples
2023-02-09 18:37:44.014 | DEBUG    | algorithms.scr:train:186 - 6 has 2 samples
2023-02-09 18:37:44.014 | DEBUG    | algorithms.scr:train:186 - 80 has 2 samples
2023-02-09 18:37:44.015 | DEBUG    | algorithms.scr:train:186 - 49 has 2 samples
2023-02-09 18:37:44.016 | DEBUG    | algorithms.scr:train:186 - 21 has 2 samples
2023-02-09 18:37:44.017 | DEBUG    | algorithms.scr:train:186 - 96 has 2 samples
2023-02-09 18:37:44.018 | DEBUG    | algorithms.scr:train:186 - 85 has 2 samples
2023-02-09 18:37:44.018 | DEBUG    | algorithms.scr:train:186 - 65 has 2 samples
2023-02-09 18:37:44.019 | DEBUG    | algorithms.scr:train:186 - 50 has 2 samples
2023-02-09 18:37:44.020 | DEBUG    | algorithms.scr:train:186 - 70 has 2 samples
2023-02-09 18:37:44.021 | DEBUG    | algorithms.scr:train:186 - 7 has 2 samples
2023-02-09 18:37:44.021 | DEBUG    | algorithms.scr:train:186 - 98 has 2 samples
2023-02-09 18:37:44.022 | DEBUG    | algorithms.scr:train:186 - 84 has 2 samples
2023-02-09 18:37:44.023 | DEBUG    | algorithms.scr:train:186 - 60 has 2 samples
2023-02-09 18:37:44.024 | DEBUG    | algorithms.scr:train:186 - 72 has 2 samples
2023-02-09 18:37:44.025 | DEBUG    | algorithms.scr:train:186 - 45 has 2 samples
2023-02-09 18:37:44.026 | DEBUG    | algorithms.scr:train:186 - 78 has 3 samples
2023-02-09 18:37:44.026 | DEBUG    | algorithms.scr:train:186 - 8 has 3 samples
2023-02-09 18:37:44.027 | DEBUG    | algorithms.scr:train:186 - 54 has 3 samples
2023-02-09 18:37:44.028 | DEBUG    | algorithms.scr:train:186 - 94 has 3 samples
2023-02-09 18:37:44.029 | DEBUG    | algorithms.scr:train:186 - 16 has 3 samples
2023-02-09 18:37:44.030 | DEBUG    | algorithms.scr:train:186 - 38 has 3 samples
2023-02-09 18:37:44.030 | DEBUG    | algorithms.scr:train:186 - 20 has 3 samples
2023-02-09 18:37:44.031 | DEBUG    | algorithms.scr:train:186 - 36 has 3 samples
2023-02-09 18:37:44.032 | DEBUG    | algorithms.scr:train:186 - 5 has 3 samples
2023-02-09 18:37:44.033 | DEBUG    | algorithms.scr:train:186 - 10 has 3 samples
2023-02-09 18:37:44.034 | DEBUG    | algorithms.scr:train:186 - 73 has 3 samples
2023-02-09 18:37:44.034 | DEBUG    | algorithms.scr:train:186 - 75 has 3 samples
2023-02-09 18:37:44.035 | DEBUG    | algorithms.scr:train:186 - 29 has 3 samples
2023-02-09 18:37:44.036 | DEBUG    | algorithms.scr:train:186 - 37 has 3 samples
2023-02-09 18:37:44.037 | DEBUG    | algorithms.scr:train:186 - 48 has 3 samples
2023-02-09 18:37:44.038 | DEBUG    | algorithms.scr:train:186 - 23 has 3 samples
2023-02-09 18:37:44.039 | DEBUG    | algorithms.scr:train:186 - 15 has 3 samples
2023-02-09 18:37:44.040 | DEBUG    | algorithms.scr:train:186 - 39 has 3 samples
2023-02-09 18:37:44.040 | DEBUG    | algorithms.scr:train:186 - 93 has 3 samples
2023-02-09 18:37:44.041 | DEBUG    | algorithms.scr:train:186 - 90 has 3 samples
2023-02-09 18:37:44.042 | DEBUG    | algorithms.scr:train:186 - 97 has 3 samples
2023-02-09 18:37:44.043 | DEBUG    | algorithms.scr:train:186 - 62 has 3 samples
2023-02-09 18:37:44.043 | DEBUG    | algorithms.scr:train:186 - 43 has 3 samples
2023-02-09 18:37:44.044 | DEBUG    | algorithms.scr:train:186 - 9 has 3 samples
2023-02-09 18:37:44.045 | DEBUG    | algorithms.scr:train:186 - 22 has 3 samples
2023-02-09 18:37:44.045 | DEBUG    | algorithms.scr:train:186 - 61 has 3 samples
2023-02-09 18:37:44.047 | DEBUG    | algorithms.scr:train:186 - 87 has 3 samples
2023-02-09 18:37:44.047 | DEBUG    | algorithms.scr:train:186 - 59 has 3 samples
2023-02-09 18:37:44.048 | DEBUG    | algorithms.scr:train:186 - 11 has 3 samples
2023-02-09 18:37:44.049 | DEBUG    | algorithms.scr:train:186 - 69 has 3 samples
2023-02-09 18:37:44.050 | DEBUG    | algorithms.scr:train:186 - 81 has 3 samples
2023-02-09 18:37:44.051 | DEBUG    | algorithms.scr:train:186 - 0 has 3 samples
2023-02-09 18:37:44.051 | DEBUG    | algorithms.scr:train:186 - 82 has 3 samples
2023-02-09 18:37:44.052 | DEBUG    | algorithms.scr:train:186 - 14 has 3 samples
2023-02-09 18:37:44.053 | DEBUG    | algorithms.scr:train:186 - 44 has 3 samples
2023-02-09 18:37:44.054 | DEBUG    | algorithms.scr:train:186 - 92 has 3 samples
2023-02-09 18:37:44.054 | DEBUG    | algorithms.scr:train:186 - 18 has 3 samples
2023-02-09 18:37:44.055 | DEBUG    | algorithms.scr:train:186 - 64 has 3 samples
2023-02-09 18:37:44.056 | DEBUG    | algorithms.scr:train:186 - 63 has 3 samples
2023-02-09 18:37:44.057 | DEBUG    | algorithms.scr:train:186 - 26 has 3 samples
2023-02-09 18:37:44.057 | INFO     | algorithms.scr:train:192 - 1, loss: 2.280
2023-02-09 18:37:44.058 | INFO     | algorithms.algorithm_base:run_base_task_metrics:144 - Running metrics: Task 3
2023-02-09 18:37:44.066 | INFO     | algorithms.scr:classify:209 - Generating fresh mean embedding vectors
2023-02-09 18:37:44.628 | DEBUG    | algorithms.scr:classify:231 - Generated mean embedding vectors for: dict_keys([41, 2, 51, 4, 55, 77, 53, 19, 57, 89, 67, 40, 30, 17, 12, 28, 95, 71, 58, 3, 47, 25, 74, 76, 99, 6, 80, 49, 21, 96, 85, 65, 50, 70, 7, 98, 84, 60, 72, 45, 78, 8, 54, 94, 16, 38, 20, 36, 5, 10, 73, 75, 29, 37, 48, 23, 15, 39, 93, 90, 97, 62, 43, 9, 22, 61, 87, 59, 11, 69, 81, 0, 82, 14, 44, 92, 18, 64, 63, 26])
2023-02-09 18:39:30.484 | DEBUG    | algorithms.algorithm_base:run_base_task_metrics:200 - Raw classification accuracy results saved to ./output_cifar100_varied_sampling/scr/1675966614.6547203_CIFAR100_OFFICIAL_RUN/task_3_accuracy_results.json
2023-02-09 18:39:30.485 | INFO     | algorithms.algorithm_base:run_base_task_metrics:201 - Correctly classified 1195 / 10000 samples (11.95% correct)
2023-02-09 18:39:30.867 | INFO     | algorithms.scr:train:126 - Task 5 / 5
2023-02-09 18:39:30.873 | INFO     | algorithms.scr:train:127 - Classes in task: ['aquarium_fish', 'crocodile', 'bus', 'telephone', 'fox', 'tiger', 'leopard', 'girl', 'oak_tree', 'flatfish', 'spider', 'forest', 'palm_tree', 'man', 'cockroach', 'elephant', 'trout', 'raccoon', 'road', 'sweet_pepper']
2023-02-09 18:39:30.874 | INFO     | algorithms.scr:train:134 - Starting epoch 1 / 1
2023-02-09 18:39:41.570 | INFO     | algorithms.scr:train:180 - 4:1:40, loss: 2.073
2023-02-09 18:39:51.958 | INFO     | algorithms.scr:train:180 - 4:1:80, loss: 1.905
2023-02-09 18:40:02.347 | INFO     | algorithms.scr:train:180 - 4:1:120, loss: 1.917
2023-02-09 18:40:12.719 | INFO     | algorithms.scr:train:180 - 4:1:160, loss: 1.885
2023-02-09 18:40:23.112 | INFO     | algorithms.scr:train:180 - 4:1:200, loss: 1.826
2023-02-09 18:40:33.567 | INFO     | algorithms.scr:train:180 - 4:1:240, loss: 1.825
2023-02-09 18:40:43.961 | INFO     | algorithms.scr:train:180 - 4:1:280, loss: 1.717
2023-02-09 18:40:54.331 | INFO     | algorithms.scr:train:180 - 4:1:320, loss: 1.765
2023-02-09 18:41:04.724 | INFO     | algorithms.scr:train:180 - 4:1:360, loss: 1.751
2023-02-09 18:41:15.127 | INFO     | algorithms.scr:train:180 - 4:1:400, loss: 1.709
2023-02-09 18:41:25.524 | INFO     | algorithms.scr:train:180 - 4:1:440, loss: 1.678
2023-02-09 18:41:35.940 | INFO     | algorithms.scr:train:180 - 4:1:480, loss: 1.626
2023-02-09 18:41:46.335 | INFO     | algorithms.scr:train:180 - 4:1:520, loss: 1.645
2023-02-09 18:41:56.709 | INFO     | algorithms.scr:train:180 - 4:1:560, loss: 1.621
2023-02-09 18:42:07.102 | INFO     | algorithms.scr:train:180 - 4:1:600, loss: 1.626
2023-02-09 18:42:17.522 | INFO     | algorithms.scr:train:180 - 4:1:640, loss: 1.644
2023-02-09 18:42:27.808 | INFO     | algorithms.scr:train:180 - 4:1:680, loss: 1.650
2023-02-09 18:42:38.093 | INFO     | algorithms.scr:train:180 - 4:1:720, loss: 1.642
2023-02-09 18:42:48.369 | INFO     | algorithms.scr:train:180 - 4:1:760, loss: 1.624
2023-02-09 18:42:58.626 | INFO     | algorithms.scr:train:180 - 4:1:800, loss: 1.613
2023-02-09 18:43:08.945 | INFO     | algorithms.scr:train:180 - 4:1:840, loss: 1.572
2023-02-09 18:43:19.208 | INFO     | algorithms.scr:train:180 - 4:1:880, loss: 1.582
2023-02-09 18:43:29.478 | INFO     | algorithms.scr:train:180 - 4:1:920, loss: 1.570
2023-02-09 18:43:39.747 | INFO     | algorithms.scr:train:180 - 4:1:960, loss: 1.579
2023-02-09 18:43:49.733 | DEBUG    | algorithms.scr:train:183 - Current sample stats:
2023-02-09 18:43:49.734 | DEBUG    | algorithms.scr:train:186 - 41 has 2 samples
2023-02-09 18:43:49.735 | DEBUG    | algorithms.scr:train:186 - 2 has 2 samples
2023-02-09 18:43:49.736 | DEBUG    | algorithms.scr:train:186 - 51 has 2 samples
2023-02-09 18:43:49.736 | DEBUG    | algorithms.scr:train:186 - 4 has 2 samples
2023-02-09 18:43:49.737 | DEBUG    | algorithms.scr:train:186 - 55 has 2 samples
2023-02-09 18:43:49.738 | DEBUG    | algorithms.scr:train:186 - 77 has 2 samples
2023-02-09 18:43:49.738 | DEBUG    | algorithms.scr:train:186 - 53 has 2 samples
2023-02-09 18:43:49.739 | DEBUG    | algorithms.scr:train:186 - 19 has 2 samples
2023-02-09 18:43:49.740 | DEBUG    | algorithms.scr:train:186 - 57 has 2 samples
2023-02-09 18:43:49.741 | DEBUG    | algorithms.scr:train:186 - 89 has 2 samples
2023-02-09 18:43:49.741 | DEBUG    | algorithms.scr:train:186 - 67 has 2 samples
2023-02-09 18:43:49.742 | DEBUG    | algorithms.scr:train:186 - 40 has 2 samples
2023-02-09 18:43:49.743 | DEBUG    | algorithms.scr:train:186 - 30 has 2 samples
2023-02-09 18:43:49.743 | DEBUG    | algorithms.scr:train:186 - 17 has 2 samples
2023-02-09 18:43:49.744 | DEBUG    | algorithms.scr:train:186 - 12 has 2 samples
2023-02-09 18:43:49.745 | DEBUG    | algorithms.scr:train:186 - 28 has 2 samples
2023-02-09 18:43:49.746 | DEBUG    | algorithms.scr:train:186 - 95 has 2 samples
2023-02-09 18:43:49.746 | DEBUG    | algorithms.scr:train:186 - 71 has 2 samples
2023-02-09 18:43:49.747 | DEBUG    | algorithms.scr:train:186 - 58 has 2 samples
2023-02-09 18:43:49.748 | DEBUG    | algorithms.scr:train:186 - 3 has 2 samples
2023-02-09 18:43:49.748 | DEBUG    | algorithms.scr:train:186 - 47 has 2 samples
2023-02-09 18:43:49.749 | DEBUG    | algorithms.scr:train:186 - 25 has 2 samples
2023-02-09 18:43:49.750 | DEBUG    | algorithms.scr:train:186 - 74 has 2 samples
2023-02-09 18:43:49.751 | DEBUG    | algorithms.scr:train:186 - 76 has 2 samples
2023-02-09 18:43:49.751 | DEBUG    | algorithms.scr:train:186 - 99 has 2 samples
2023-02-09 18:43:49.752 | DEBUG    | algorithms.scr:train:186 - 6 has 2 samples
2023-02-09 18:43:49.753 | DEBUG    | algorithms.scr:train:186 - 80 has 2 samples
2023-02-09 18:43:49.754 | DEBUG    | algorithms.scr:train:186 - 49 has 2 samples
2023-02-09 18:43:49.754 | DEBUG    | algorithms.scr:train:186 - 21 has 2 samples
2023-02-09 18:43:49.755 | DEBUG    | algorithms.scr:train:186 - 96 has 2 samples
2023-02-09 18:43:49.756 | DEBUG    | algorithms.scr:train:186 - 85 has 2 samples
2023-02-09 18:43:49.757 | DEBUG    | algorithms.scr:train:186 - 65 has 2 samples
2023-02-09 18:43:49.757 | DEBUG    | algorithms.scr:train:186 - 50 has 2 samples
2023-02-09 18:43:49.758 | DEBUG    | algorithms.scr:train:186 - 70 has 2 samples
2023-02-09 18:43:49.759 | DEBUG    | algorithms.scr:train:186 - 7 has 2 samples
2023-02-09 18:43:49.759 | DEBUG    | algorithms.scr:train:186 - 98 has 2 samples
2023-02-09 18:43:49.760 | DEBUG    | algorithms.scr:train:186 - 84 has 2 samples
2023-02-09 18:43:49.761 | DEBUG    | algorithms.scr:train:186 - 60 has 2 samples
2023-02-09 18:43:49.762 | DEBUG    | algorithms.scr:train:186 - 72 has 2 samples
2023-02-09 18:43:49.763 | DEBUG    | algorithms.scr:train:186 - 45 has 2 samples
2023-02-09 18:43:49.763 | DEBUG    | algorithms.scr:train:186 - 78 has 2 samples
2023-02-09 18:43:49.764 | DEBUG    | algorithms.scr:train:186 - 8 has 2 samples
2023-02-09 18:43:49.765 | DEBUG    | algorithms.scr:train:186 - 54 has 2 samples
2023-02-09 18:43:49.766 | DEBUG    | algorithms.scr:train:186 - 94 has 2 samples
2023-02-09 18:43:49.767 | DEBUG    | algorithms.scr:train:186 - 16 has 2 samples
2023-02-09 18:43:49.768 | DEBUG    | algorithms.scr:train:186 - 38 has 2 samples
2023-02-09 18:43:49.769 | DEBUG    | algorithms.scr:train:186 - 20 has 2 samples
2023-02-09 18:43:49.769 | DEBUG    | algorithms.scr:train:186 - 36 has 2 samples
2023-02-09 18:43:49.770 | DEBUG    | algorithms.scr:train:186 - 5 has 2 samples
2023-02-09 18:43:49.771 | DEBUG    | algorithms.scr:train:186 - 10 has 2 samples
2023-02-09 18:43:49.771 | DEBUG    | algorithms.scr:train:186 - 73 has 2 samples
2023-02-09 18:43:49.772 | DEBUG    | algorithms.scr:train:186 - 75 has 2 samples
2023-02-09 18:43:49.773 | DEBUG    | algorithms.scr:train:186 - 29 has 2 samples
2023-02-09 18:43:49.774 | DEBUG    | algorithms.scr:train:186 - 37 has 2 samples
2023-02-09 18:43:49.774 | DEBUG    | algorithms.scr:train:186 - 48 has 2 samples
2023-02-09 18:43:49.775 | DEBUG    | algorithms.scr:train:186 - 23 has 2 samples
2023-02-09 18:43:49.776 | DEBUG    | algorithms.scr:train:186 - 15 has 2 samples
2023-02-09 18:43:49.776 | DEBUG    | algorithms.scr:train:186 - 39 has 2 samples
2023-02-09 18:43:49.777 | DEBUG    | algorithms.scr:train:186 - 93 has 2 samples
2023-02-09 18:43:49.778 | DEBUG    | algorithms.scr:train:186 - 90 has 2 samples
2023-02-09 18:43:49.778 | DEBUG    | algorithms.scr:train:186 - 97 has 2 samples
2023-02-09 18:43:49.779 | DEBUG    | algorithms.scr:train:186 - 62 has 2 samples
2023-02-09 18:43:49.780 | DEBUG    | algorithms.scr:train:186 - 43 has 2 samples
2023-02-09 18:43:49.780 | DEBUG    | algorithms.scr:train:186 - 9 has 2 samples
2023-02-09 18:43:49.781 | DEBUG    | algorithms.scr:train:186 - 22 has 2 samples
2023-02-09 18:43:49.782 | DEBUG    | algorithms.scr:train:186 - 61 has 2 samples
2023-02-09 18:43:49.783 | DEBUG    | algorithms.scr:train:186 - 87 has 2 samples
2023-02-09 18:43:49.784 | DEBUG    | algorithms.scr:train:186 - 59 has 2 samples
2023-02-09 18:43:49.784 | DEBUG    | algorithms.scr:train:186 - 11 has 2 samples
2023-02-09 18:43:49.785 | DEBUG    | algorithms.scr:train:186 - 69 has 2 samples
2023-02-09 18:43:49.786 | DEBUG    | algorithms.scr:train:186 - 81 has 2 samples
2023-02-09 18:43:49.787 | DEBUG    | algorithms.scr:train:186 - 0 has 2 samples
2023-02-09 18:43:49.787 | DEBUG    | algorithms.scr:train:186 - 82 has 2 samples
2023-02-09 18:43:49.788 | DEBUG    | algorithms.scr:train:186 - 14 has 2 samples
2023-02-09 18:43:49.789 | DEBUG    | algorithms.scr:train:186 - 44 has 2 samples
2023-02-09 18:43:49.789 | DEBUG    | algorithms.scr:train:186 - 92 has 2 samples
2023-02-09 18:43:49.790 | DEBUG    | algorithms.scr:train:186 - 18 has 2 samples
2023-02-09 18:43:49.791 | DEBUG    | algorithms.scr:train:186 - 64 has 2 samples
2023-02-09 18:43:49.792 | DEBUG    | algorithms.scr:train:186 - 63 has 2 samples
2023-02-09 18:43:49.792 | DEBUG    | algorithms.scr:train:186 - 26 has 2 samples
2023-02-09 18:43:49.793 | DEBUG    | algorithms.scr:train:186 - 79 has 2 samples
2023-02-09 18:43:49.794 | DEBUG    | algorithms.scr:train:186 - 27 has 2 samples
2023-02-09 18:43:49.794 | DEBUG    | algorithms.scr:train:186 - 52 has 2 samples
2023-02-09 18:43:49.795 | DEBUG    | algorithms.scr:train:186 - 13 has 2 samples
2023-02-09 18:43:49.796 | DEBUG    | algorithms.scr:train:186 - 83 has 2 samples
2023-02-09 18:43:49.797 | DEBUG    | algorithms.scr:train:186 - 35 has 2 samples
2023-02-09 18:43:49.798 | DEBUG    | algorithms.scr:train:186 - 68 has 2 samples
2023-02-09 18:43:49.799 | DEBUG    | algorithms.scr:train:186 - 42 has 2 samples
2023-02-09 18:43:49.799 | DEBUG    | algorithms.scr:train:186 - 66 has 2 samples
2023-02-09 18:43:49.800 | DEBUG    | algorithms.scr:train:186 - 88 has 2 samples
2023-02-09 18:43:49.801 | DEBUG    | algorithms.scr:train:186 - 32 has 2 samples
2023-02-09 18:43:49.801 | DEBUG    | algorithms.scr:train:186 - 86 has 2 samples
2023-02-09 18:43:49.802 | DEBUG    | algorithms.scr:train:186 - 24 has 2 samples
2023-02-09 18:43:49.803 | DEBUG    | algorithms.scr:train:186 - 46 has 2 samples
2023-02-09 18:43:49.803 | DEBUG    | algorithms.scr:train:186 - 31 has 2 samples
2023-02-09 18:43:49.803 | DEBUG    | algorithms.scr:train:186 - 91 has 2 samples
2023-02-09 18:43:49.804 | DEBUG    | algorithms.scr:train:186 - 33 has 2 samples
2023-02-09 18:43:49.805 | DEBUG    | algorithms.scr:train:186 - 34 has 2 samples
2023-02-09 18:43:49.806 | DEBUG    | algorithms.scr:train:186 - 56 has 2 samples
2023-02-09 18:43:49.806 | DEBUG    | algorithms.scr:train:186 - 1 has 2 samples
2023-02-09 18:43:49.807 | INFO     | algorithms.scr:train:192 - 1, loss: 1.705
2023-02-09 18:43:49.808 | INFO     | algorithms.algorithm_base:run_base_task_metrics:144 - Running metrics: Task 4
2023-02-09 18:43:49.816 | INFO     | algorithms.scr:classify:209 - Generating fresh mean embedding vectors
2023-02-09 18:43:50.348 | DEBUG    | algorithms.scr:classify:231 - Generated mean embedding vectors for: dict_keys([41, 2, 51, 4, 55, 77, 53, 19, 57, 89, 67, 40, 30, 17, 12, 28, 95, 71, 58, 3, 47, 25, 74, 76, 99, 6, 80, 49, 21, 96, 85, 65, 50, 70, 7, 98, 84, 60, 72, 45, 78, 8, 54, 94, 16, 38, 20, 36, 5, 10, 73, 75, 29, 37, 48, 23, 15, 39, 93, 90, 97, 62, 43, 9, 22, 61, 87, 59, 11, 69, 81, 0, 82, 14, 44, 92, 18, 64, 63, 26, 79, 27, 52, 13, 83, 35, 68, 42, 66, 88, 32, 86, 24, 46, 31, 91, 33, 34, 56, 1])
2023-02-09 18:45:56.349 | DEBUG    | algorithms.algorithm_base:run_base_task_metrics:200 - Raw classification accuracy results saved to ./output_cifar100_varied_sampling/scr/1675966614.6547203_CIFAR100_OFFICIAL_RUN/task_4_accuracy_results.json
2023-02-09 18:45:56.351 | INFO     | algorithms.algorithm_base:run_base_task_metrics:201 - Correctly classified 1059 / 10000 samples (10.59% correct)
2023-02-09 18:45:56.730 | INFO     | algorithms.scr:train:201 - Training complete
2023-02-09 18:45:56.735 | INFO     | __main__:run_experiment:290 - Training and evaluation completed!
2023-02-09 18:45:56.736 | INFO     | __main__:run_experiment:304 - Wrote usage stats to file
2023-02-09 18:45:56.737 | INFO     | __main__:main:351 - Complete
2023-02-09 18:45:56.738 | INFO     | __main__:close_tensorboard_writer:252 - Shut down TensorBoard
