2023-04-19 01:08:49.620 | INFO     | __main__:setup_files:218 - Experiment Name: OFFICIAL_RUN
2023-04-19 01:08:49.621 | INFO     | __main__:main:334 - Command line arguments: Configuration(algorithm='novel_rd', dataset='cifar10', classes_per_task=2, seed=2214, samples=1000)
2023-04-19 01:08:49.623 | INFO     | __main__:main:338 - Seeded random to 2214
2023-04-19 01:08:49.624 | INFO     | __main__:main:342 - Got CUDA device
2023-04-19 01:08:49.625 | INFO     | __main__:force_cuda_load:268 - Forcing CUDA initialisation...
2023-04-19 01:08:49.684 | INFO     | __main__:main:346 - CUDA initialised
2023-04-19 01:08:49.685 | INFO     | __main__:setup_shutdown_hook:264 - To access TensorBoard, run the command: tensorboard --logdir=./output_cifar10_varied_sampling/novel/1681862929.5699863_CIFAR10_OFFICIAL_RUN
2023-04-19 01:08:49.687 | INFO     | __main__:main:350 - Setup shutdown hooks
2023-04-19 01:08:49.809 | INFO     | __main__:main:355 - Model is setup
2023-04-19 01:08:49.810 | INFO     | __main__:main:357 - Complete pre-setup, starting experiment
2023-04-19 01:08:51.031 | INFO     | datasets.dataset_base:__init__:80 - Using disjoint tasks with 2 (5 tasks) with a randomised split
2023-04-19 01:08:51.033 | DEBUG    | datasets.dataset_base:_setup_task_datasets:95 - Splitting dataset into 5 disjoint tasks
2023-04-19 01:08:51.053 | INFO     | datasets.dataset_base:__init__:85 - {
  "name": "datasets.cifar10.CIFAR10",
  "dataset_class": "torchvision.datasets.cifar.CIFAR10",
  "training_dataset_parameters": "{'train': True, 'download': True}",
  "testing_dataset_parameters": "{'train': False, 'download': True}",
  "training_transform": "Compose(\n    Resize(size=(224, 224), interpolation=bilinear, max_size=None, antialias=None)\n    ToTensor()\n    Normalize(mean=(0.4914, 0.4822, 0.4465), std=(0.247, 0.2435, 0.2616))\n    RandomCrop(size=(224, 224), padding=4)\n    RandomHorizontalFlip(p=0.5)\n)",
  "testing_transform": "Compose(\n    Resize(size=(224, 224), interpolation=bilinear, max_size=None, antialias=None)\n    ToTensor()\n    Normalize(mean=(0.4914, 0.4822, 0.4465), std=(0.247, 0.2435, 0.2616))\n)",
  "classes": "plane, car, bird, cat, deer, dog, frog, horse, ship, truck",
  "disjoint": true,
  "task_count": 5,
  "classes_per_task": [
    2
  ],
  "task_split_indices": [
    [
      2,
      0
    ],
    [
      6,
      9
    ],
    [
      5,
      8
    ],
    [
      3,
      1
    ],
    [
      7,
      4
    ]
  ],
  "task_split_classes": [
    [
      "bird",
      "plane"
    ],
    [
      "frog",
      "truck"
    ],
    [
      "dog",
      "ship"
    ],
    [
      "cat",
      "car"
    ],
    [
      "horse",
      "deer"
    ]
  ]
}
2023-04-19 01:08:52.156 | WARNING  | models.vit.vit_models:build_backbone:149 - OVERRIDE: FREEZING PRETRAINED MODEL DIRECTLY EXCEPT
2023-04-19 01:08:52.158 | INFO     | models.vit.vit_models:setup_head:158 - SETUP HEAD
2023-04-19 01:08:52.301 | DEBUG    | __main__:run_experiment:292 - PID: 19560
2023-04-19 01:08:52.302 | INFO     | __main__:run_experiment:294 - Starting...
2023-04-19 01:08:52.303 | INFO     | algorithms.algorithm_base:train:116 - {
  "name": "experiments.finalised_novel_impl.NovelImplementation",
  "model_class": "experiments.finalised_novel_impl.TestNet",
  "device": "cuda:0",
  "dataset_class": "datasets.cifar10.CIFAR10",
  "optimiser_class": "torch.optim.sgd.SGD",
  "loss_criterion_class": "experiments.finalised_novel_impl.SupConLoss",
  "epochs_per_task": 70,
  "batch_size": 16,
  "uncertainty_type": "relative_distances",
  "max_memory_samples": 1000,
  "classification_type": "ncm",
  "end_train_only": false
}
2023-04-19 01:08:52.304 | DEBUG    | algorithms.algorithm_base:_setup_training:109 - Model moved to cuda:0 and set to train mode
2023-04-19 01:08:52.305 | INFO     | algorithms.algorithm_base:train:118 - Starting training
2023-04-19 01:08:52.306 | INFO     | experiments.finalised_novel_impl:train:302 - Task 1 / 5
2023-04-19 01:08:52.306 | INFO     | experiments.finalised_novel_impl:train:303 - Classes in task: ['bird', 'plane']
2023-04-19 01:08:52.307 | INFO     | experiments.finalised_novel_impl:_uncertainity_memory_update:207 - Starting memory update
2023-04-19 01:08:52.308 | INFO     | experiments.finalised_novel_impl:_uncertainity_memory_update:219 - Using uncertainty type: relative_distances _secondary_uncertainty
2023-04-19 01:08:52.308 | DEBUG    | experiments.finalised_novel_impl:_uncertainity_memory_update:221 - Processing new task samples
2023-04-19 01:19:49.967 | INFO     | experiments.finalised_novel_impl:generate_embeddings:422 - Generating fresh mean embedding vectors
2023-04-19 01:19:49.969 | DEBUG    | experiments.finalised_novel_impl:generate_embeddings:455 - Generated mean embedding vectors for: dict_keys([])
2023-04-19 01:19:49.970 | DEBUG    | experiments.finalised_novel_impl:_uncertainity_memory_update:239 - Processing old task samples: total targets = dict_keys([])
2023-04-19 01:19:49.971 | DEBUG    | experiments.finalised_novel_impl:_uncertainity_memory_update:267 - Drawing memory samples
2023-04-19 01:19:49.972 | DEBUG    | experiments.finalised_novel_impl:_uncertainity_memory_update:287 - Creating buffer
2023-04-19 01:19:49.982 | INFO     | experiments.finalised_novel_impl:_uncertainity_memory_update:296 - Memory update completed
2023-04-19 01:19:49.987 | INFO     | experiments.finalised_novel_impl:train:318 - Populated buffer
2023-04-19 01:19:49.989 | INFO     | experiments.finalised_novel_impl:train:332 - Starting epoch 1 / 70
2023-04-19 01:20:05.457 | INFO     | experiments.finalised_novel_impl:train:396 - 1:1, loss: 4.231
2023-04-19 01:20:05.458 | INFO     | experiments.finalised_novel_impl:train:332 - Starting epoch 2 / 70
2023-04-19 01:20:20.897 | INFO     | experiments.finalised_novel_impl:train:396 - 1:2, loss: 4.231
2023-04-19 01:20:20.898 | INFO     | experiments.finalised_novel_impl:train:332 - Starting epoch 3 / 70
2023-04-19 01:20:36.316 | INFO     | experiments.finalised_novel_impl:train:396 - 1:3, loss: 4.231
2023-04-19 01:20:36.317 | INFO     | experiments.finalised_novel_impl:train:332 - Starting epoch 4 / 70
2023-04-19 01:20:51.718 | INFO     | experiments.finalised_novel_impl:train:396 - 1:4, loss: 4.231
2023-04-19 01:20:51.719 | INFO     | experiments.finalised_novel_impl:train:332 - Starting epoch 5 / 70
2023-04-19 01:21:07.116 | INFO     | experiments.finalised_novel_impl:train:396 - 1:5, loss: 4.230
2023-04-19 01:21:07.117 | INFO     | experiments.finalised_novel_impl:train:332 - Starting epoch 6 / 70
2023-04-19 01:21:22.529 | INFO     | experiments.finalised_novel_impl:train:396 - 1:6, loss: 4.230
2023-04-19 01:21:22.530 | INFO     | experiments.finalised_novel_impl:train:332 - Starting epoch 7 / 70
2023-04-19 01:21:37.928 | INFO     | experiments.finalised_novel_impl:train:396 - 1:7, loss: 4.230
2023-04-19 01:21:37.929 | INFO     | experiments.finalised_novel_impl:train:332 - Starting epoch 8 / 70
2023-04-19 01:21:53.346 | INFO     | experiments.finalised_novel_impl:train:396 - 1:8, loss: 4.230
2023-04-19 01:21:53.347 | INFO     | experiments.finalised_novel_impl:train:332 - Starting epoch 9 / 70
2023-04-19 01:22:08.738 | INFO     | experiments.finalised_novel_impl:train:396 - 1:9, loss: 4.230
2023-04-19 01:22:08.739 | INFO     | experiments.finalised_novel_impl:train:332 - Starting epoch 10 / 70
2023-04-19 01:22:24.136 | INFO     | experiments.finalised_novel_impl:train:396 - 1:10, loss: 4.230
2023-04-19 01:22:24.137 | INFO     | experiments.finalised_novel_impl:train:332 - Starting epoch 11 / 70
2023-04-19 01:22:39.532 | INFO     | experiments.finalised_novel_impl:train:396 - 1:11, loss: 4.230
2023-04-19 01:22:39.533 | INFO     | experiments.finalised_novel_impl:train:332 - Starting epoch 12 / 70
2023-04-19 01:22:54.931 | INFO     | experiments.finalised_novel_impl:train:396 - 1:12, loss: 4.230
2023-04-19 01:22:54.932 | INFO     | experiments.finalised_novel_impl:train:332 - Starting epoch 13 / 70
2023-04-19 01:23:10.345 | INFO     | experiments.finalised_novel_impl:train:396 - 1:13, loss: 4.230
2023-04-19 01:23:10.346 | INFO     | experiments.finalised_novel_impl:train:332 - Starting epoch 14 / 70
2023-04-19 01:23:25.740 | INFO     | experiments.finalised_novel_impl:train:396 - 1:14, loss: 4.230
2023-04-19 01:23:25.741 | INFO     | experiments.finalised_novel_impl:train:332 - Starting epoch 15 / 70
2023-04-19 01:23:41.157 | INFO     | experiments.finalised_novel_impl:train:396 - 1:15, loss: 4.230
2023-04-19 01:23:41.158 | INFO     | experiments.finalised_novel_impl:train:332 - Starting epoch 16 / 70
2023-04-19 01:23:56.581 | INFO     | experiments.finalised_novel_impl:train:396 - 1:16, loss: 4.230
2023-04-19 01:23:56.582 | INFO     | experiments.finalised_novel_impl:train:332 - Starting epoch 17 / 70
2023-04-19 01:24:11.986 | INFO     | experiments.finalised_novel_impl:train:396 - 1:17, loss: 4.230
2023-04-19 01:24:11.987 | INFO     | experiments.finalised_novel_impl:train:332 - Starting epoch 18 / 70
2023-04-19 01:24:27.389 | INFO     | experiments.finalised_novel_impl:train:396 - 1:18, loss: 4.230
2023-04-19 01:24:27.390 | INFO     | experiments.finalised_novel_impl:train:332 - Starting epoch 19 / 70
2023-04-19 01:24:42.804 | INFO     | experiments.finalised_novel_impl:train:396 - 1:19, loss: 4.230
2023-04-19 01:24:42.805 | INFO     | experiments.finalised_novel_impl:train:332 - Starting epoch 20 / 70
2023-04-19 01:24:58.203 | INFO     | experiments.finalised_novel_impl:train:396 - 1:20, loss: 4.230
2023-04-19 01:24:58.204 | INFO     | experiments.finalised_novel_impl:train:332 - Starting epoch 21 / 70
2023-04-19 01:25:13.610 | INFO     | experiments.finalised_novel_impl:train:396 - 1:21, loss: 4.230
2023-04-19 01:25:13.611 | INFO     | experiments.finalised_novel_impl:train:332 - Starting epoch 22 / 70
2023-04-19 01:25:29.005 | INFO     | experiments.finalised_novel_impl:train:396 - 1:22, loss: 4.230
2023-04-19 01:25:29.006 | INFO     | experiments.finalised_novel_impl:train:332 - Starting epoch 23 / 70
2023-04-19 01:25:44.427 | INFO     | experiments.finalised_novel_impl:train:396 - 1:23, loss: 4.230
2023-04-19 01:25:44.428 | INFO     | experiments.finalised_novel_impl:train:332 - Starting epoch 24 / 70
2023-04-19 01:25:59.847 | INFO     | experiments.finalised_novel_impl:train:396 - 1:24, loss: 4.230
2023-04-19 01:25:59.848 | INFO     | experiments.finalised_novel_impl:train:332 - Starting epoch 25 / 70
2023-04-19 01:26:15.261 | INFO     | experiments.finalised_novel_impl:train:396 - 1:25, loss: 4.230
2023-04-19 01:26:15.262 | INFO     | experiments.finalised_novel_impl:train:332 - Starting epoch 26 / 70
2023-04-19 01:26:30.678 | INFO     | experiments.finalised_novel_impl:train:396 - 1:26, loss: 4.230
2023-04-19 01:26:30.678 | INFO     | experiments.finalised_novel_impl:train:332 - Starting epoch 27 / 70
2023-04-19 01:26:46.081 | INFO     | experiments.finalised_novel_impl:train:396 - 1:27, loss: 4.230
2023-04-19 01:26:46.081 | INFO     | experiments.finalised_novel_impl:train:332 - Starting epoch 28 / 70
2023-04-19 01:27:01.482 | INFO     | experiments.finalised_novel_impl:train:396 - 1:28, loss: 4.230
2023-04-19 01:27:01.483 | INFO     | experiments.finalised_novel_impl:train:332 - Starting epoch 29 / 70
2023-04-19 01:27:16.886 | INFO     | experiments.finalised_novel_impl:train:396 - 1:29, loss: 4.230
2023-04-19 01:27:16.887 | INFO     | experiments.finalised_novel_impl:train:332 - Starting epoch 30 / 70
2023-04-19 01:27:32.293 | INFO     | experiments.finalised_novel_impl:train:396 - 1:30, loss: 4.230
2023-04-19 01:27:32.294 | INFO     | experiments.finalised_novel_impl:train:332 - Starting epoch 31 / 70
2023-04-19 01:27:47.698 | INFO     | experiments.finalised_novel_impl:train:396 - 1:31, loss: 4.230
2023-04-19 01:27:47.698 | INFO     | experiments.finalised_novel_impl:train:332 - Starting epoch 32 / 70
2023-04-19 01:28:03.106 | INFO     | experiments.finalised_novel_impl:train:396 - 1:32, loss: 4.230
2023-04-19 01:28:03.107 | INFO     | experiments.finalised_novel_impl:train:332 - Starting epoch 33 / 70
2023-04-19 01:28:18.513 | INFO     | experiments.finalised_novel_impl:train:396 - 1:33, loss: 4.230
2023-04-19 01:28:18.514 | INFO     | experiments.finalised_novel_impl:train:332 - Starting epoch 34 / 70
2023-04-19 01:28:33.920 | INFO     | experiments.finalised_novel_impl:train:396 - 1:34, loss: 4.230
2023-04-19 01:28:33.921 | INFO     | experiments.finalised_novel_impl:train:332 - Starting epoch 35 / 70
2023-04-19 01:28:49.322 | INFO     | experiments.finalised_novel_impl:train:396 - 1:35, loss: 4.230
2023-04-19 01:28:49.323 | INFO     | experiments.finalised_novel_impl:train:332 - Starting epoch 36 / 70
2023-04-19 01:29:04.732 | INFO     | experiments.finalised_novel_impl:train:396 - 1:36, loss: 4.230
2023-04-19 01:29:04.733 | INFO     | experiments.finalised_novel_impl:train:332 - Starting epoch 37 / 70
2023-04-19 01:29:20.123 | INFO     | experiments.finalised_novel_impl:train:396 - 1:37, loss: 4.230
2023-04-19 01:29:20.124 | INFO     | experiments.finalised_novel_impl:train:332 - Starting epoch 38 / 70
2023-04-19 01:29:35.530 | INFO     | experiments.finalised_novel_impl:train:396 - 1:38, loss: 4.230
2023-04-19 01:29:35.531 | INFO     | experiments.finalised_novel_impl:train:332 - Starting epoch 39 / 70
2023-04-19 01:29:50.936 | INFO     | experiments.finalised_novel_impl:train:396 - 1:39, loss: 4.230
2023-04-19 01:29:50.937 | INFO     | experiments.finalised_novel_impl:train:332 - Starting epoch 40 / 70
2023-04-19 01:30:06.352 | INFO     | experiments.finalised_novel_impl:train:396 - 1:40, loss: 4.230
2023-04-19 01:30:06.353 | INFO     | experiments.finalised_novel_impl:train:332 - Starting epoch 41 / 70
2023-04-19 01:30:21.747 | INFO     | experiments.finalised_novel_impl:train:396 - 1:41, loss: 4.230
2023-04-19 01:30:21.748 | INFO     | experiments.finalised_novel_impl:train:332 - Starting epoch 42 / 70
2023-04-19 01:30:37.135 | INFO     | experiments.finalised_novel_impl:train:396 - 1:42, loss: 4.230
2023-04-19 01:30:37.136 | INFO     | experiments.finalised_novel_impl:train:332 - Starting epoch 43 / 70
2023-04-19 01:30:52.548 | INFO     | experiments.finalised_novel_impl:train:396 - 1:43, loss: 4.229
2023-04-19 01:30:52.549 | INFO     | experiments.finalised_novel_impl:train:332 - Starting epoch 44 / 70
2023-04-19 01:31:07.956 | INFO     | experiments.finalised_novel_impl:train:396 - 1:44, loss: 4.229
2023-04-19 01:31:07.957 | INFO     | experiments.finalised_novel_impl:train:332 - Starting epoch 45 / 70
2023-04-19 01:31:23.359 | INFO     | experiments.finalised_novel_impl:train:396 - 1:45, loss: 4.229
2023-04-19 01:31:23.360 | INFO     | experiments.finalised_novel_impl:train:332 - Starting epoch 46 / 70
2023-04-19 01:31:38.771 | INFO     | experiments.finalised_novel_impl:train:396 - 1:46, loss: 4.229
2023-04-19 01:31:38.772 | INFO     | experiments.finalised_novel_impl:train:332 - Starting epoch 47 / 70
2023-04-19 01:31:54.190 | INFO     | experiments.finalised_novel_impl:train:396 - 1:47, loss: 4.229
2023-04-19 01:31:54.191 | INFO     | experiments.finalised_novel_impl:train:332 - Starting epoch 48 / 70
2023-04-19 01:32:09.591 | INFO     | experiments.finalised_novel_impl:train:396 - 1:48, loss: 4.228
2023-04-19 01:32:09.592 | INFO     | experiments.finalised_novel_impl:train:332 - Starting epoch 49 / 70
2023-04-19 01:32:24.998 | INFO     | experiments.finalised_novel_impl:train:396 - 1:49, loss: 4.229
2023-04-19 01:32:24.999 | INFO     | experiments.finalised_novel_impl:train:332 - Starting epoch 50 / 70
2023-04-19 01:32:40.397 | INFO     | experiments.finalised_novel_impl:train:396 - 1:50, loss: 4.228
2023-04-19 01:32:40.398 | INFO     | experiments.finalised_novel_impl:train:332 - Starting epoch 51 / 70
2023-04-19 01:32:55.805 | INFO     | experiments.finalised_novel_impl:train:396 - 1:51, loss: 4.228
2023-04-19 01:32:55.806 | INFO     | experiments.finalised_novel_impl:train:332 - Starting epoch 52 / 70
2023-04-19 01:33:11.214 | INFO     | experiments.finalised_novel_impl:train:396 - 1:52, loss: 4.228
2023-04-19 01:33:11.215 | INFO     | experiments.finalised_novel_impl:train:332 - Starting epoch 53 / 70
2023-04-19 01:33:26.606 | INFO     | experiments.finalised_novel_impl:train:396 - 1:53, loss: 4.228
2023-04-19 01:33:26.607 | INFO     | experiments.finalised_novel_impl:train:332 - Starting epoch 54 / 70
2023-04-19 01:33:42.015 | INFO     | experiments.finalised_novel_impl:train:396 - 1:54, loss: 4.228
2023-04-19 01:33:42.015 | INFO     | experiments.finalised_novel_impl:train:332 - Starting epoch 55 / 70
2023-04-19 01:33:57.407 | INFO     | experiments.finalised_novel_impl:train:396 - 1:55, loss: 4.228
2023-04-19 01:33:57.408 | INFO     | experiments.finalised_novel_impl:train:332 - Starting epoch 56 / 70
2023-04-19 01:34:12.822 | INFO     | experiments.finalised_novel_impl:train:396 - 1:56, loss: 4.228
2023-04-19 01:34:12.823 | INFO     | experiments.finalised_novel_impl:train:332 - Starting epoch 57 / 70
2023-04-19 01:34:28.234 | INFO     | experiments.finalised_novel_impl:train:396 - 1:57, loss: 4.228
2023-04-19 01:34:28.235 | INFO     | experiments.finalised_novel_impl:train:332 - Starting epoch 58 / 70
2023-04-19 01:34:43.643 | INFO     | experiments.finalised_novel_impl:train:396 - 1:58, loss: 4.227
2023-04-19 01:34:43.644 | INFO     | experiments.finalised_novel_impl:train:332 - Starting epoch 59 / 70
2023-04-19 01:34:59.058 | INFO     | experiments.finalised_novel_impl:train:396 - 1:59, loss: 4.227
2023-04-19 01:34:59.059 | INFO     | experiments.finalised_novel_impl:train:332 - Starting epoch 60 / 70
2023-04-19 01:35:14.479 | INFO     | experiments.finalised_novel_impl:train:396 - 1:60, loss: 4.228
2023-04-19 01:35:14.480 | INFO     | experiments.finalised_novel_impl:train:332 - Starting epoch 61 / 70
2023-04-19 01:35:29.913 | INFO     | experiments.finalised_novel_impl:train:396 - 1:61, loss: 4.228
2023-04-19 01:35:29.914 | INFO     | experiments.finalised_novel_impl:train:332 - Starting epoch 62 / 70
2023-04-19 01:35:45.316 | INFO     | experiments.finalised_novel_impl:train:396 - 1:62, loss: 4.228
2023-04-19 01:35:45.317 | INFO     | experiments.finalised_novel_impl:train:332 - Starting epoch 63 / 70
2023-04-19 01:36:00.739 | INFO     | experiments.finalised_novel_impl:train:396 - 1:63, loss: 4.228
2023-04-19 01:36:00.740 | INFO     | experiments.finalised_novel_impl:train:332 - Starting epoch 64 / 70
2023-04-19 01:36:16.144 | INFO     | experiments.finalised_novel_impl:train:396 - 1:64, loss: 4.228
2023-04-19 01:36:16.145 | INFO     | experiments.finalised_novel_impl:train:332 - Starting epoch 65 / 70
2023-04-19 01:36:31.541 | INFO     | experiments.finalised_novel_impl:train:396 - 1:65, loss: 4.228
2023-04-19 01:36:31.542 | INFO     | experiments.finalised_novel_impl:train:332 - Starting epoch 66 / 70
2023-04-19 01:36:46.950 | INFO     | experiments.finalised_novel_impl:train:396 - 1:66, loss: 4.228
2023-04-19 01:36:46.951 | INFO     | experiments.finalised_novel_impl:train:332 - Starting epoch 67 / 70
2023-04-19 01:37:02.348 | INFO     | experiments.finalised_novel_impl:train:396 - 1:67, loss: 4.228
2023-04-19 01:37:02.349 | INFO     | experiments.finalised_novel_impl:train:332 - Starting epoch 68 / 70
2023-04-19 01:37:17.761 | INFO     | experiments.finalised_novel_impl:train:396 - 1:68, loss: 4.227
2023-04-19 01:37:17.762 | INFO     | experiments.finalised_novel_impl:train:332 - Starting epoch 69 / 70
2023-04-19 01:37:33.174 | INFO     | experiments.finalised_novel_impl:train:396 - 1:69, loss: 4.227
2023-04-19 01:37:33.175 | INFO     | experiments.finalised_novel_impl:train:332 - Starting epoch 70 / 70
2023-04-19 01:37:48.575 | INFO     | experiments.finalised_novel_impl:train:396 - 1:70, loss: 4.226
2023-04-19 01:37:48.576 | INFO     | algorithms.algorithm_base:run_base_task_metrics:144 - Running metrics: Task 70
2023-04-19 01:37:48.601 | INFO     | experiments.finalised_novel_impl:generate_embeddings:422 - Generating fresh mean embedding vectors
2023-04-19 01:37:56.357 | DEBUG    | experiments.finalised_novel_impl:generate_embeddings:455 - Generated mean embedding vectors for: dict_keys([2, 0])
2023-04-19 01:39:13.392 | DEBUG    | algorithms.algorithm_base:run_base_task_metrics:200 - Raw classification accuracy results saved to ./output_cifar10_varied_sampling/novel/1681862929.5699863_CIFAR10_OFFICIAL_RUN/task_70_accuracy_results.json
2023-04-19 01:39:13.393 | INFO     | algorithms.algorithm_base:run_base_task_metrics:201 - Correctly classified 2358 / 10000 samples (23.58% correct)
2023-04-19 01:39:13.581 | INFO     | experiments.finalised_novel_impl:train:302 - Task 2 / 5
2023-04-19 01:39:13.586 | INFO     | experiments.finalised_novel_impl:train:303 - Classes in task: ['frog', 'truck']
2023-04-19 01:39:13.587 | INFO     | experiments.finalised_novel_impl:_uncertainity_memory_update:207 - Starting memory update
2023-04-19 01:39:13.587 | INFO     | experiments.finalised_novel_impl:_uncertainity_memory_update:219 - Using uncertainty type: relative_distances _secondary_uncertainty
2023-04-19 01:39:13.588 | DEBUG    | experiments.finalised_novel_impl:_uncertainity_memory_update:221 - Processing new task samples
2023-04-19 01:50:09.541 | INFO     | experiments.finalised_novel_impl:generate_embeddings:422 - Generating fresh mean embedding vectors
2023-04-19 01:50:17.285 | DEBUG    | experiments.finalised_novel_impl:generate_embeddings:455 - Generated mean embedding vectors for: dict_keys([2, 0])
2023-04-19 01:50:17.304 | DEBUG    | experiments.finalised_novel_impl:_uncertainity_memory_update:239 - Processing old task samples: total targets = dict_keys([2, 0])
2023-04-19 01:50:17.305 | DEBUG    | experiments.finalised_novel_impl:_uncertainity_memory_update:242 - On target 2
2023-04-19 01:50:50.167 | DEBUG    | experiments.finalised_novel_impl:_uncertainity_memory_update:242 - On target 0
2023-04-19 01:51:22.965 | DEBUG    | experiments.finalised_novel_impl:_uncertainity_memory_update:267 - Drawing memory samples
2023-04-19 01:51:22.968 | DEBUG    | experiments.finalised_novel_impl:_uncertainity_memory_update:287 - Creating buffer
2023-04-19 01:51:22.980 | INFO     | experiments.finalised_novel_impl:_uncertainity_memory_update:296 - Memory update completed
2023-04-19 01:51:22.986 | INFO     | experiments.finalised_novel_impl:train:318 - Populated buffer
2023-04-19 01:51:22.988 | INFO     | experiments.finalised_novel_impl:train:332 - Starting epoch 1 / 70
2023-04-19 01:51:38.469 | INFO     | experiments.finalised_novel_impl:train:396 - 2:1, loss: 4.229
2023-04-19 01:51:38.470 | INFO     | experiments.finalised_novel_impl:train:332 - Starting epoch 2 / 70
2023-04-19 01:51:53.948 | INFO     | experiments.finalised_novel_impl:train:396 - 2:2, loss: 4.228
2023-04-19 01:51:53.948 | INFO     | experiments.finalised_novel_impl:train:332 - Starting epoch 3 / 70
2023-04-19 01:52:09.422 | INFO     | experiments.finalised_novel_impl:train:396 - 2:3, loss: 4.227
2023-04-19 01:52:09.423 | INFO     | experiments.finalised_novel_impl:train:332 - Starting epoch 4 / 70
2023-04-19 01:52:24.895 | INFO     | experiments.finalised_novel_impl:train:396 - 2:4, loss: 4.227
2023-04-19 01:52:24.895 | INFO     | experiments.finalised_novel_impl:train:332 - Starting epoch 5 / 70
2023-04-19 01:52:40.372 | INFO     | experiments.finalised_novel_impl:train:396 - 2:5, loss: 4.225
2023-04-19 01:52:40.373 | INFO     | experiments.finalised_novel_impl:train:332 - Starting epoch 6 / 70
2023-04-19 01:52:55.852 | INFO     | experiments.finalised_novel_impl:train:396 - 2:6, loss: 4.225
2023-04-19 01:52:55.853 | INFO     | experiments.finalised_novel_impl:train:332 - Starting epoch 7 / 70
2023-04-19 01:53:11.349 | INFO     | experiments.finalised_novel_impl:train:396 - 2:7, loss: 4.225
2023-04-19 01:53:11.350 | INFO     | experiments.finalised_novel_impl:train:332 - Starting epoch 8 / 70
2023-04-19 01:53:26.863 | INFO     | experiments.finalised_novel_impl:train:396 - 2:8, loss: 4.224
2023-04-19 01:53:26.864 | INFO     | experiments.finalised_novel_impl:train:332 - Starting epoch 9 / 70
2023-04-19 01:53:42.377 | INFO     | experiments.finalised_novel_impl:train:396 - 2:9, loss: 4.222
2023-04-19 01:53:42.378 | INFO     | experiments.finalised_novel_impl:train:332 - Starting epoch 10 / 70
2023-04-19 01:53:57.889 | INFO     | experiments.finalised_novel_impl:train:396 - 2:10, loss: 4.221
2023-04-19 01:53:57.890 | INFO     | experiments.finalised_novel_impl:train:332 - Starting epoch 11 / 70
2023-04-19 01:54:13.406 | INFO     | experiments.finalised_novel_impl:train:396 - 2:11, loss: 4.221
2023-04-19 01:54:13.407 | INFO     | experiments.finalised_novel_impl:train:332 - Starting epoch 12 / 70
2023-04-19 01:54:28.912 | INFO     | experiments.finalised_novel_impl:train:396 - 2:12, loss: 4.220
2023-04-19 01:54:28.913 | INFO     | experiments.finalised_novel_impl:train:332 - Starting epoch 13 / 70
2023-04-19 01:54:44.413 | INFO     | experiments.finalised_novel_impl:train:396 - 2:13, loss: 4.218
2023-04-19 01:54:44.414 | INFO     | experiments.finalised_novel_impl:train:332 - Starting epoch 14 / 70
2023-04-19 01:54:59.935 | INFO     | experiments.finalised_novel_impl:train:396 - 2:14, loss: 4.219
2023-04-19 01:54:59.936 | INFO     | experiments.finalised_novel_impl:train:332 - Starting epoch 15 / 70
2023-04-19 01:55:15.424 | INFO     | experiments.finalised_novel_impl:train:396 - 2:15, loss: 4.218
2023-04-19 01:55:15.424 | INFO     | experiments.finalised_novel_impl:train:332 - Starting epoch 16 / 70
2023-04-19 01:55:30.895 | INFO     | experiments.finalised_novel_impl:train:396 - 2:16, loss: 4.220
2023-04-19 01:55:30.896 | INFO     | experiments.finalised_novel_impl:train:332 - Starting epoch 17 / 70
2023-04-19 01:55:46.368 | INFO     | experiments.finalised_novel_impl:train:396 - 2:17, loss: 4.219
2023-04-19 01:55:46.369 | INFO     | experiments.finalised_novel_impl:train:332 - Starting epoch 18 / 70
2023-04-19 01:56:01.837 | INFO     | experiments.finalised_novel_impl:train:396 - 2:18, loss: 4.218
2023-04-19 01:56:01.838 | INFO     | experiments.finalised_novel_impl:train:332 - Starting epoch 19 / 70
2023-04-19 01:56:17.333 | INFO     | experiments.finalised_novel_impl:train:396 - 2:19, loss: 4.218
2023-04-19 01:56:17.334 | INFO     | experiments.finalised_novel_impl:train:332 - Starting epoch 20 / 70
2023-04-19 01:56:32.808 | INFO     | experiments.finalised_novel_impl:train:396 - 2:20, loss: 4.216
2023-04-19 01:56:32.809 | INFO     | experiments.finalised_novel_impl:train:332 - Starting epoch 21 / 70
2023-04-19 01:56:48.283 | INFO     | experiments.finalised_novel_impl:train:396 - 2:21, loss: 4.214
2023-04-19 01:56:48.284 | INFO     | experiments.finalised_novel_impl:train:332 - Starting epoch 22 / 70
2023-04-19 01:57:03.763 | INFO     | experiments.finalised_novel_impl:train:396 - 2:22, loss: 4.213
2023-04-19 01:57:03.764 | INFO     | experiments.finalised_novel_impl:train:332 - Starting epoch 23 / 70
2023-04-19 01:57:19.243 | INFO     | experiments.finalised_novel_impl:train:396 - 2:23, loss: 4.212
2023-04-19 01:57:19.244 | INFO     | experiments.finalised_novel_impl:train:332 - Starting epoch 24 / 70
2023-04-19 01:57:34.711 | INFO     | experiments.finalised_novel_impl:train:396 - 2:24, loss: 4.207
2023-04-19 01:57:34.712 | INFO     | experiments.finalised_novel_impl:train:332 - Starting epoch 25 / 70
2023-04-19 01:57:50.190 | INFO     | experiments.finalised_novel_impl:train:396 - 2:25, loss: 4.211
2023-04-19 01:57:50.191 | INFO     | experiments.finalised_novel_impl:train:332 - Starting epoch 26 / 70
2023-04-19 01:58:05.666 | INFO     | experiments.finalised_novel_impl:train:396 - 2:26, loss: 4.210
2023-04-19 01:58:05.667 | INFO     | experiments.finalised_novel_impl:train:332 - Starting epoch 27 / 70
2023-04-19 01:58:21.132 | INFO     | experiments.finalised_novel_impl:train:396 - 2:27, loss: 4.213
2023-04-19 01:58:21.133 | INFO     | experiments.finalised_novel_impl:train:332 - Starting epoch 28 / 70
2023-04-19 01:58:36.609 | INFO     | experiments.finalised_novel_impl:train:396 - 2:28, loss: 4.210
2023-04-19 01:58:36.610 | INFO     | experiments.finalised_novel_impl:train:332 - Starting epoch 29 / 70
2023-04-19 01:58:52.094 | INFO     | experiments.finalised_novel_impl:train:396 - 2:29, loss: 4.208
2023-04-19 01:58:52.095 | INFO     | experiments.finalised_novel_impl:train:332 - Starting epoch 30 / 70
2023-04-19 01:59:07.571 | INFO     | experiments.finalised_novel_impl:train:396 - 2:30, loss: 4.205
2023-04-19 01:59:07.572 | INFO     | experiments.finalised_novel_impl:train:332 - Starting epoch 31 / 70
2023-04-19 01:59:23.045 | INFO     | experiments.finalised_novel_impl:train:396 - 2:31, loss: 4.209
2023-04-19 01:59:23.045 | INFO     | experiments.finalised_novel_impl:train:332 - Starting epoch 32 / 70
2023-04-19 01:59:38.516 | INFO     | experiments.finalised_novel_impl:train:396 - 2:32, loss: 4.210
2023-04-19 01:59:38.517 | INFO     | experiments.finalised_novel_impl:train:332 - Starting epoch 33 / 70
2023-04-19 01:59:53.987 | INFO     | experiments.finalised_novel_impl:train:396 - 2:33, loss: 4.211
2023-04-19 01:59:53.987 | INFO     | experiments.finalised_novel_impl:train:332 - Starting epoch 34 / 70
2023-04-19 02:00:09.499 | INFO     | experiments.finalised_novel_impl:train:396 - 2:34, loss: 4.212
2023-04-19 02:00:09.500 | INFO     | experiments.finalised_novel_impl:train:332 - Starting epoch 35 / 70
2023-04-19 02:00:24.961 | INFO     | experiments.finalised_novel_impl:train:396 - 2:35, loss: 4.212
2023-04-19 02:00:24.962 | INFO     | experiments.finalised_novel_impl:train:332 - Starting epoch 36 / 70
2023-04-19 02:00:40.427 | INFO     | experiments.finalised_novel_impl:train:396 - 2:36, loss: 4.212
2023-04-19 02:00:40.428 | INFO     | experiments.finalised_novel_impl:train:332 - Starting epoch 37 / 70
2023-04-19 02:00:55.910 | INFO     | experiments.finalised_novel_impl:train:396 - 2:37, loss: 4.206
2023-04-19 02:00:55.911 | INFO     | experiments.finalised_novel_impl:train:332 - Starting epoch 38 / 70
2023-04-19 02:01:11.384 | INFO     | experiments.finalised_novel_impl:train:396 - 2:38, loss: 4.209
2023-04-19 02:01:11.385 | INFO     | experiments.finalised_novel_impl:train:332 - Starting epoch 39 / 70
2023-04-19 02:01:26.872 | INFO     | experiments.finalised_novel_impl:train:396 - 2:39, loss: 4.210
2023-04-19 02:01:26.873 | INFO     | experiments.finalised_novel_impl:train:332 - Starting epoch 40 / 70
2023-04-19 02:01:42.328 | INFO     | experiments.finalised_novel_impl:train:396 - 2:40, loss: 4.208
2023-04-19 02:01:42.329 | INFO     | experiments.finalised_novel_impl:train:332 - Starting epoch 41 / 70
2023-04-19 02:01:57.789 | INFO     | experiments.finalised_novel_impl:train:396 - 2:41, loss: 4.202
2023-04-19 02:01:57.790 | INFO     | experiments.finalised_novel_impl:train:332 - Starting epoch 42 / 70
2023-04-19 02:02:13.263 | INFO     | experiments.finalised_novel_impl:train:396 - 2:42, loss: 4.205
2023-04-19 02:02:13.264 | INFO     | experiments.finalised_novel_impl:train:332 - Starting epoch 43 / 70
2023-04-19 02:02:28.730 | INFO     | experiments.finalised_novel_impl:train:396 - 2:43, loss: 4.205
2023-04-19 02:02:28.731 | INFO     | experiments.finalised_novel_impl:train:332 - Starting epoch 44 / 70
2023-04-19 02:02:44.203 | INFO     | experiments.finalised_novel_impl:train:396 - 2:44, loss: 4.205
2023-04-19 02:02:44.204 | INFO     | experiments.finalised_novel_impl:train:332 - Starting epoch 45 / 70
2023-04-19 02:02:59.680 | INFO     | experiments.finalised_novel_impl:train:396 - 2:45, loss: 4.204
2023-04-19 02:02:59.680 | INFO     | experiments.finalised_novel_impl:train:332 - Starting epoch 46 / 70
2023-04-19 02:03:15.154 | INFO     | experiments.finalised_novel_impl:train:396 - 2:46, loss: 4.203
2023-04-19 02:03:15.155 | INFO     | experiments.finalised_novel_impl:train:332 - Starting epoch 47 / 70
2023-04-19 02:03:30.624 | INFO     | experiments.finalised_novel_impl:train:396 - 2:47, loss: 4.204
2023-04-19 02:03:30.625 | INFO     | experiments.finalised_novel_impl:train:332 - Starting epoch 48 / 70
2023-04-19 02:03:46.093 | INFO     | experiments.finalised_novel_impl:train:396 - 2:48, loss: 4.204
2023-04-19 02:03:46.094 | INFO     | experiments.finalised_novel_impl:train:332 - Starting epoch 49 / 70
2023-04-19 02:04:01.579 | INFO     | experiments.finalised_novel_impl:train:396 - 2:49, loss: 4.203
2023-04-19 02:04:01.580 | INFO     | experiments.finalised_novel_impl:train:332 - Starting epoch 50 / 70
2023-04-19 02:04:17.054 | INFO     | experiments.finalised_novel_impl:train:396 - 2:50, loss: 4.203
2023-04-19 02:04:17.055 | INFO     | experiments.finalised_novel_impl:train:332 - Starting epoch 51 / 70
2023-04-19 02:04:32.531 | INFO     | experiments.finalised_novel_impl:train:396 - 2:51, loss: 4.202
2023-04-19 02:04:32.532 | INFO     | experiments.finalised_novel_impl:train:332 - Starting epoch 52 / 70
2023-04-19 02:04:48.017 | INFO     | experiments.finalised_novel_impl:train:396 - 2:52, loss: 4.202
2023-04-19 02:04:48.018 | INFO     | experiments.finalised_novel_impl:train:332 - Starting epoch 53 / 70
2023-04-19 02:05:03.497 | INFO     | experiments.finalised_novel_impl:train:396 - 2:53, loss: 4.199
2023-04-19 02:05:03.498 | INFO     | experiments.finalised_novel_impl:train:332 - Starting epoch 54 / 70
2023-04-19 02:05:18.961 | INFO     | experiments.finalised_novel_impl:train:396 - 2:54, loss: 4.202
2023-04-19 02:05:18.962 | INFO     | experiments.finalised_novel_impl:train:332 - Starting epoch 55 / 70
2023-04-19 02:05:34.453 | INFO     | experiments.finalised_novel_impl:train:396 - 2:55, loss: 4.202
2023-04-19 02:05:34.454 | INFO     | experiments.finalised_novel_impl:train:332 - Starting epoch 56 / 70
2023-04-19 02:05:49.935 | INFO     | experiments.finalised_novel_impl:train:396 - 2:56, loss: 4.202
2023-04-19 02:05:49.936 | INFO     | experiments.finalised_novel_impl:train:332 - Starting epoch 57 / 70
2023-04-19 02:06:05.410 | INFO     | experiments.finalised_novel_impl:train:396 - 2:57, loss: 4.198
2023-04-19 02:06:05.411 | INFO     | experiments.finalised_novel_impl:train:332 - Starting epoch 58 / 70
2023-04-19 02:06:20.882 | INFO     | experiments.finalised_novel_impl:train:396 - 2:58, loss: 4.199
2023-04-19 02:06:20.883 | INFO     | experiments.finalised_novel_impl:train:332 - Starting epoch 59 / 70
2023-04-19 02:06:36.348 | INFO     | experiments.finalised_novel_impl:train:396 - 2:59, loss: 4.201
2023-04-19 02:06:36.349 | INFO     | experiments.finalised_novel_impl:train:332 - Starting epoch 60 / 70
2023-04-19 02:06:51.820 | INFO     | experiments.finalised_novel_impl:train:396 - 2:60, loss: 4.201
2023-04-19 02:06:51.821 | INFO     | experiments.finalised_novel_impl:train:332 - Starting epoch 61 / 70
2023-04-19 02:07:07.288 | INFO     | experiments.finalised_novel_impl:train:396 - 2:61, loss: 4.201
2023-04-19 02:07:07.289 | INFO     | experiments.finalised_novel_impl:train:332 - Starting epoch 62 / 70
2023-04-19 02:07:22.764 | INFO     | experiments.finalised_novel_impl:train:396 - 2:62, loss: 4.198
2023-04-19 02:07:22.765 | INFO     | experiments.finalised_novel_impl:train:332 - Starting epoch 63 / 70
2023-04-19 02:07:38.245 | INFO     | experiments.finalised_novel_impl:train:396 - 2:63, loss: 4.202
2023-04-19 02:07:38.246 | INFO     | experiments.finalised_novel_impl:train:332 - Starting epoch 64 / 70
2023-04-19 02:07:53.711 | INFO     | experiments.finalised_novel_impl:train:396 - 2:64, loss: 4.203
2023-04-19 02:07:53.712 | INFO     | experiments.finalised_novel_impl:train:332 - Starting epoch 65 / 70
2023-04-19 02:08:09.182 | INFO     | experiments.finalised_novel_impl:train:396 - 2:65, loss: 4.207
2023-04-19 02:08:09.183 | INFO     | experiments.finalised_novel_impl:train:332 - Starting epoch 66 / 70
2023-04-19 02:08:24.649 | INFO     | experiments.finalised_novel_impl:train:396 - 2:66, loss: 4.208
2023-04-19 02:08:24.650 | INFO     | experiments.finalised_novel_impl:train:332 - Starting epoch 67 / 70
2023-04-19 02:08:40.129 | INFO     | experiments.finalised_novel_impl:train:396 - 2:67, loss: 4.207
2023-04-19 02:08:40.130 | INFO     | experiments.finalised_novel_impl:train:332 - Starting epoch 68 / 70
2023-04-19 02:08:55.606 | INFO     | experiments.finalised_novel_impl:train:396 - 2:68, loss: 4.205
2023-04-19 02:08:55.607 | INFO     | experiments.finalised_novel_impl:train:332 - Starting epoch 69 / 70
2023-04-19 02:09:11.087 | INFO     | experiments.finalised_novel_impl:train:396 - 2:69, loss: 4.200
2023-04-19 02:09:11.088 | INFO     | experiments.finalised_novel_impl:train:332 - Starting epoch 70 / 70
2023-04-19 02:09:26.575 | INFO     | experiments.finalised_novel_impl:train:396 - 2:70, loss: 4.203
2023-04-19 02:09:26.576 | INFO     | algorithms.algorithm_base:run_base_task_metrics:144 - Running metrics: Task 140
2023-04-19 02:09:26.603 | INFO     | experiments.finalised_novel_impl:generate_embeddings:422 - Generating fresh mean embedding vectors
2023-04-19 02:09:34.444 | DEBUG    | experiments.finalised_novel_impl:generate_embeddings:455 - Generated mean embedding vectors for: dict_keys([9, 6, 2, 0])
2023-04-19 02:10:52.130 | DEBUG    | algorithms.algorithm_base:run_base_task_metrics:200 - Raw classification accuracy results saved to ./output_cifar10_varied_sampling/novel/1681862929.5699863_CIFAR10_OFFICIAL_RUN/task_140_accuracy_results.json
2023-04-19 02:10:52.131 | INFO     | algorithms.algorithm_base:run_base_task_metrics:201 - Correctly classified 3760 / 10000 samples (37.60% correct)
2023-04-19 02:10:52.265 | INFO     | experiments.finalised_novel_impl:train:302 - Task 3 / 5
2023-04-19 02:10:52.270 | INFO     | experiments.finalised_novel_impl:train:303 - Classes in task: ['dog', 'ship']
2023-04-19 02:10:52.272 | INFO     | experiments.finalised_novel_impl:_uncertainity_memory_update:207 - Starting memory update
2023-04-19 02:10:52.272 | INFO     | experiments.finalised_novel_impl:_uncertainity_memory_update:219 - Using uncertainty type: relative_distances _secondary_uncertainty
2023-04-19 02:10:52.273 | DEBUG    | experiments.finalised_novel_impl:_uncertainity_memory_update:221 - Processing new task samples
2023-04-19 02:21:48.512 | INFO     | experiments.finalised_novel_impl:generate_embeddings:422 - Generating fresh mean embedding vectors
2023-04-19 02:21:56.294 | DEBUG    | experiments.finalised_novel_impl:generate_embeddings:455 - Generated mean embedding vectors for: dict_keys([9, 6, 2, 0])
2023-04-19 02:21:56.304 | DEBUG    | experiments.finalised_novel_impl:_uncertainity_memory_update:239 - Processing old task samples: total targets = dict_keys([9, 6, 2, 0])
2023-04-19 02:21:56.305 | DEBUG    | experiments.finalised_novel_impl:_uncertainity_memory_update:242 - On target 9
2023-04-19 02:22:12.754 | DEBUG    | experiments.finalised_novel_impl:_uncertainity_memory_update:242 - On target 6
2023-04-19 02:22:29.109 | DEBUG    | experiments.finalised_novel_impl:_uncertainity_memory_update:242 - On target 2
2023-04-19 02:22:45.487 | DEBUG    | experiments.finalised_novel_impl:_uncertainity_memory_update:242 - On target 0
2023-04-19 02:23:01.876 | DEBUG    | experiments.finalised_novel_impl:_uncertainity_memory_update:267 - Drawing memory samples
2023-04-19 02:23:01.879 | DEBUG    | experiments.finalised_novel_impl:_uncertainity_memory_update:287 - Creating buffer
2023-04-19 02:23:01.889 | INFO     | experiments.finalised_novel_impl:_uncertainity_memory_update:296 - Memory update completed
2023-04-19 02:23:01.895 | INFO     | experiments.finalised_novel_impl:train:318 - Populated buffer
2023-04-19 02:23:01.902 | INFO     | experiments.finalised_novel_impl:train:332 - Starting epoch 1 / 70
2023-04-19 02:23:17.344 | INFO     | experiments.finalised_novel_impl:train:396 - 3:1, loss: 4.206
2023-04-19 02:23:17.345 | INFO     | experiments.finalised_novel_impl:train:332 - Starting epoch 2 / 70
2023-04-19 02:23:32.776 | INFO     | experiments.finalised_novel_impl:train:396 - 3:2, loss: 4.203
2023-04-19 02:23:32.776 | INFO     | experiments.finalised_novel_impl:train:332 - Starting epoch 3 / 70
2023-04-19 02:23:48.187 | INFO     | experiments.finalised_novel_impl:train:396 - 3:3, loss: 4.200
2023-04-19 02:23:48.188 | INFO     | experiments.finalised_novel_impl:train:332 - Starting epoch 4 / 70
2023-04-19 02:24:03.595 | INFO     | experiments.finalised_novel_impl:train:396 - 3:4, loss: 4.200
2023-04-19 02:24:03.596 | INFO     | experiments.finalised_novel_impl:train:332 - Starting epoch 5 / 70
2023-04-19 02:24:19.004 | INFO     | experiments.finalised_novel_impl:train:396 - 3:5, loss: 4.195
2023-04-19 02:24:19.005 | INFO     | experiments.finalised_novel_impl:train:332 - Starting epoch 6 / 70
2023-04-19 02:24:34.428 | INFO     | experiments.finalised_novel_impl:train:396 - 3:6, loss: 4.193
2023-04-19 02:24:34.429 | INFO     | experiments.finalised_novel_impl:train:332 - Starting epoch 7 / 70
2023-04-19 02:24:49.846 | INFO     | experiments.finalised_novel_impl:train:396 - 3:7, loss: 4.192
2023-04-19 02:24:49.846 | INFO     | experiments.finalised_novel_impl:train:332 - Starting epoch 8 / 70
2023-04-19 02:25:05.274 | INFO     | experiments.finalised_novel_impl:train:396 - 3:8, loss: 4.193
2023-04-19 02:25:05.274 | INFO     | experiments.finalised_novel_impl:train:332 - Starting epoch 9 / 70
2023-04-19 02:25:20.697 | INFO     | experiments.finalised_novel_impl:train:396 - 3:9, loss: 4.191
2023-04-19 02:25:20.698 | INFO     | experiments.finalised_novel_impl:train:332 - Starting epoch 10 / 70
2023-04-19 02:25:36.115 | INFO     | experiments.finalised_novel_impl:train:396 - 3:10, loss: 4.189
2023-04-19 02:25:36.115 | INFO     | experiments.finalised_novel_impl:train:332 - Starting epoch 11 / 70
2023-04-19 02:25:51.537 | INFO     | experiments.finalised_novel_impl:train:396 - 3:11, loss: 4.187
2023-04-19 02:25:51.538 | INFO     | experiments.finalised_novel_impl:train:332 - Starting epoch 12 / 70
2023-04-19 02:26:06.952 | INFO     | experiments.finalised_novel_impl:train:396 - 3:12, loss: 4.183
2023-04-19 02:26:06.953 | INFO     | experiments.finalised_novel_impl:train:332 - Starting epoch 13 / 70
2023-04-19 02:26:22.361 | INFO     | experiments.finalised_novel_impl:train:396 - 3:13, loss: 4.183
2023-04-19 02:26:22.362 | INFO     | experiments.finalised_novel_impl:train:332 - Starting epoch 14 / 70
2023-04-19 02:26:37.775 | INFO     | experiments.finalised_novel_impl:train:396 - 3:14, loss: 4.179
2023-04-19 02:26:37.776 | INFO     | experiments.finalised_novel_impl:train:332 - Starting epoch 15 / 70
2023-04-19 02:26:53.191 | INFO     | experiments.finalised_novel_impl:train:396 - 3:15, loss: 4.181
2023-04-19 02:26:53.192 | INFO     | experiments.finalised_novel_impl:train:332 - Starting epoch 16 / 70
2023-04-19 02:27:08.626 | INFO     | experiments.finalised_novel_impl:train:396 - 3:16, loss: 4.186
2023-04-19 02:27:08.627 | INFO     | experiments.finalised_novel_impl:train:332 - Starting epoch 17 / 70
2023-04-19 02:27:24.045 | INFO     | experiments.finalised_novel_impl:train:396 - 3:17, loss: 4.184
2023-04-19 02:27:24.046 | INFO     | experiments.finalised_novel_impl:train:332 - Starting epoch 18 / 70
2023-04-19 02:27:39.467 | INFO     | experiments.finalised_novel_impl:train:396 - 3:18, loss: 4.183
2023-04-19 02:27:39.468 | INFO     | experiments.finalised_novel_impl:train:332 - Starting epoch 19 / 70
2023-04-19 02:27:54.891 | INFO     | experiments.finalised_novel_impl:train:396 - 3:19, loss: 4.180
2023-04-19 02:27:54.892 | INFO     | experiments.finalised_novel_impl:train:332 - Starting epoch 20 / 70
2023-04-19 02:28:10.321 | INFO     | experiments.finalised_novel_impl:train:396 - 3:20, loss: 4.176
2023-04-19 02:28:10.322 | INFO     | experiments.finalised_novel_impl:train:332 - Starting epoch 21 / 70
2023-04-19 02:28:25.749 | INFO     | experiments.finalised_novel_impl:train:396 - 3:21, loss: 4.176
2023-04-19 02:28:25.749 | INFO     | experiments.finalised_novel_impl:train:332 - Starting epoch 22 / 70
2023-04-19 02:28:41.170 | INFO     | experiments.finalised_novel_impl:train:396 - 3:22, loss: 4.177
2023-04-19 02:28:41.171 | INFO     | experiments.finalised_novel_impl:train:332 - Starting epoch 23 / 70
2023-04-19 02:28:56.592 | INFO     | experiments.finalised_novel_impl:train:396 - 3:23, loss: 4.175
2023-04-19 02:28:56.593 | INFO     | experiments.finalised_novel_impl:train:332 - Starting epoch 24 / 70
2023-04-19 02:29:12.009 | INFO     | experiments.finalised_novel_impl:train:396 - 3:24, loss: 4.172
2023-04-19 02:29:12.010 | INFO     | experiments.finalised_novel_impl:train:332 - Starting epoch 25 / 70
2023-04-19 02:29:27.430 | INFO     | experiments.finalised_novel_impl:train:396 - 3:25, loss: 4.174
2023-04-19 02:29:27.431 | INFO     | experiments.finalised_novel_impl:train:332 - Starting epoch 26 / 70
2023-04-19 02:29:42.837 | INFO     | experiments.finalised_novel_impl:train:396 - 3:26, loss: 4.172
2023-04-19 02:29:42.838 | INFO     | experiments.finalised_novel_impl:train:332 - Starting epoch 27 / 70
2023-04-19 02:29:58.255 | INFO     | experiments.finalised_novel_impl:train:396 - 3:27, loss: 4.170
2023-04-19 02:29:58.255 | INFO     | experiments.finalised_novel_impl:train:332 - Starting epoch 28 / 70
2023-04-19 02:30:13.669 | INFO     | experiments.finalised_novel_impl:train:396 - 3:28, loss: 4.170
2023-04-19 02:30:13.670 | INFO     | experiments.finalised_novel_impl:train:332 - Starting epoch 29 / 70
2023-04-19 02:30:29.090 | INFO     | experiments.finalised_novel_impl:train:396 - 3:29, loss: 4.170
2023-04-19 02:30:29.091 | INFO     | experiments.finalised_novel_impl:train:332 - Starting epoch 30 / 70
2023-04-19 02:30:44.511 | INFO     | experiments.finalised_novel_impl:train:396 - 3:30, loss: 4.170
2023-04-19 02:30:44.512 | INFO     | experiments.finalised_novel_impl:train:332 - Starting epoch 31 / 70
2023-04-19 02:30:59.921 | INFO     | experiments.finalised_novel_impl:train:396 - 3:31, loss: 4.167
2023-04-19 02:30:59.922 | INFO     | experiments.finalised_novel_impl:train:332 - Starting epoch 32 / 70
2023-04-19 02:31:15.344 | INFO     | experiments.finalised_novel_impl:train:396 - 3:32, loss: 4.173
2023-04-19 02:31:15.344 | INFO     | experiments.finalised_novel_impl:train:332 - Starting epoch 33 / 70
2023-04-19 02:31:30.785 | INFO     | experiments.finalised_novel_impl:train:396 - 3:33, loss: 4.176
2023-04-19 02:31:30.786 | INFO     | experiments.finalised_novel_impl:train:332 - Starting epoch 34 / 70
2023-04-19 02:31:46.203 | INFO     | experiments.finalised_novel_impl:train:396 - 3:34, loss: 4.172
2023-04-19 02:31:46.203 | INFO     | experiments.finalised_novel_impl:train:332 - Starting epoch 35 / 70
2023-04-19 02:32:01.631 | INFO     | experiments.finalised_novel_impl:train:396 - 3:35, loss: 4.172
2023-04-19 02:32:01.632 | INFO     | experiments.finalised_novel_impl:train:332 - Starting epoch 36 / 70
2023-04-19 02:32:17.047 | INFO     | experiments.finalised_novel_impl:train:396 - 3:36, loss: 4.174
2023-04-19 02:32:17.048 | INFO     | experiments.finalised_novel_impl:train:332 - Starting epoch 37 / 70
2023-04-19 02:32:32.462 | INFO     | experiments.finalised_novel_impl:train:396 - 3:37, loss: 4.167
2023-04-19 02:32:32.463 | INFO     | experiments.finalised_novel_impl:train:332 - Starting epoch 38 / 70
2023-04-19 02:32:47.890 | INFO     | experiments.finalised_novel_impl:train:396 - 3:38, loss: 4.167
2023-04-19 02:32:47.891 | INFO     | experiments.finalised_novel_impl:train:332 - Starting epoch 39 / 70
2023-04-19 02:33:03.307 | INFO     | experiments.finalised_novel_impl:train:396 - 3:39, loss: 4.171
2023-04-19 02:33:03.308 | INFO     | experiments.finalised_novel_impl:train:332 - Starting epoch 40 / 70
2023-04-19 02:33:18.738 | INFO     | experiments.finalised_novel_impl:train:396 - 3:40, loss: 4.168
2023-04-19 02:33:18.739 | INFO     | experiments.finalised_novel_impl:train:332 - Starting epoch 41 / 70
2023-04-19 02:33:34.159 | INFO     | experiments.finalised_novel_impl:train:396 - 3:41, loss: 4.167
2023-04-19 02:33:34.160 | INFO     | experiments.finalised_novel_impl:train:332 - Starting epoch 42 / 70
2023-04-19 02:33:49.567 | INFO     | experiments.finalised_novel_impl:train:396 - 3:42, loss: 4.163
2023-04-19 02:33:49.568 | INFO     | experiments.finalised_novel_impl:train:332 - Starting epoch 43 / 70
2023-04-19 02:34:04.990 | INFO     | experiments.finalised_novel_impl:train:396 - 3:43, loss: 4.164
2023-04-19 02:34:04.991 | INFO     | experiments.finalised_novel_impl:train:332 - Starting epoch 44 / 70
2023-04-19 02:34:20.401 | INFO     | experiments.finalised_novel_impl:train:396 - 3:44, loss: 4.163
2023-04-19 02:34:20.402 | INFO     | experiments.finalised_novel_impl:train:332 - Starting epoch 45 / 70
2023-04-19 02:34:35.824 | INFO     | experiments.finalised_novel_impl:train:396 - 3:45, loss: 4.163
2023-04-19 02:34:35.825 | INFO     | experiments.finalised_novel_impl:train:332 - Starting epoch 46 / 70
2023-04-19 02:34:51.251 | INFO     | experiments.finalised_novel_impl:train:396 - 3:46, loss: 4.159
2023-04-19 02:34:51.252 | INFO     | experiments.finalised_novel_impl:train:332 - Starting epoch 47 / 70
2023-04-19 02:35:06.676 | INFO     | experiments.finalised_novel_impl:train:396 - 3:47, loss: 4.160
2023-04-19 02:35:06.676 | INFO     | experiments.finalised_novel_impl:train:332 - Starting epoch 48 / 70
2023-04-19 02:35:22.095 | INFO     | experiments.finalised_novel_impl:train:396 - 3:48, loss: 4.160
2023-04-19 02:35:22.096 | INFO     | experiments.finalised_novel_impl:train:332 - Starting epoch 49 / 70
2023-04-19 02:35:37.543 | INFO     | experiments.finalised_novel_impl:train:396 - 3:49, loss: 4.160
2023-04-19 02:35:37.543 | INFO     | experiments.finalised_novel_impl:train:332 - Starting epoch 50 / 70
2023-04-19 02:35:52.955 | INFO     | experiments.finalised_novel_impl:train:396 - 3:50, loss: 4.156
2023-04-19 02:35:52.956 | INFO     | experiments.finalised_novel_impl:train:332 - Starting epoch 51 / 70
2023-04-19 02:36:08.385 | INFO     | experiments.finalised_novel_impl:train:396 - 3:51, loss: 4.163
2023-04-19 02:36:08.386 | INFO     | experiments.finalised_novel_impl:train:332 - Starting epoch 52 / 70
2023-04-19 02:36:23.808 | INFO     | experiments.finalised_novel_impl:train:396 - 3:52, loss: 4.158
2023-04-19 02:36:23.809 | INFO     | experiments.finalised_novel_impl:train:332 - Starting epoch 53 / 70
2023-04-19 02:36:39.217 | INFO     | experiments.finalised_novel_impl:train:396 - 3:53, loss: 4.158
2023-04-19 02:36:39.218 | INFO     | experiments.finalised_novel_impl:train:332 - Starting epoch 54 / 70
2023-04-19 02:36:54.635 | INFO     | experiments.finalised_novel_impl:train:396 - 3:54, loss: 4.161
2023-04-19 02:36:54.636 | INFO     | experiments.finalised_novel_impl:train:332 - Starting epoch 55 / 70
2023-04-19 02:37:10.052 | INFO     | experiments.finalised_novel_impl:train:396 - 3:55, loss: 4.160
2023-04-19 02:37:10.053 | INFO     | experiments.finalised_novel_impl:train:332 - Starting epoch 56 / 70
2023-04-19 02:37:25.472 | INFO     | experiments.finalised_novel_impl:train:396 - 3:56, loss: 4.165
2023-04-19 02:37:25.473 | INFO     | experiments.finalised_novel_impl:train:332 - Starting epoch 57 / 70
2023-04-19 02:37:40.891 | INFO     | experiments.finalised_novel_impl:train:396 - 3:57, loss: 4.157
2023-04-19 02:37:40.892 | INFO     | experiments.finalised_novel_impl:train:332 - Starting epoch 58 / 70
2023-04-19 02:37:56.311 | INFO     | experiments.finalised_novel_impl:train:396 - 3:58, loss: 4.153
2023-04-19 02:37:56.312 | INFO     | experiments.finalised_novel_impl:train:332 - Starting epoch 59 / 70
2023-04-19 02:38:11.732 | INFO     | experiments.finalised_novel_impl:train:396 - 3:59, loss: 4.155
2023-04-19 02:38:11.733 | INFO     | experiments.finalised_novel_impl:train:332 - Starting epoch 60 / 70
2023-04-19 02:38:27.156 | INFO     | experiments.finalised_novel_impl:train:396 - 3:60, loss: 4.156
2023-04-19 02:38:27.157 | INFO     | experiments.finalised_novel_impl:train:332 - Starting epoch 61 / 70
2023-04-19 02:38:42.572 | INFO     | experiments.finalised_novel_impl:train:396 - 3:61, loss: 4.158
2023-04-19 02:38:42.573 | INFO     | experiments.finalised_novel_impl:train:332 - Starting epoch 62 / 70
2023-04-19 02:38:57.988 | INFO     | experiments.finalised_novel_impl:train:396 - 3:62, loss: 4.157
2023-04-19 02:38:57.989 | INFO     | experiments.finalised_novel_impl:train:332 - Starting epoch 63 / 70
2023-04-19 02:39:13.407 | INFO     | experiments.finalised_novel_impl:train:396 - 3:63, loss: 4.158
2023-04-19 02:39:13.408 | INFO     | experiments.finalised_novel_impl:train:332 - Starting epoch 64 / 70
2023-04-19 02:39:28.826 | INFO     | experiments.finalised_novel_impl:train:396 - 3:64, loss: 4.152
2023-04-19 02:39:28.827 | INFO     | experiments.finalised_novel_impl:train:332 - Starting epoch 65 / 70
2023-04-19 02:39:44.251 | INFO     | experiments.finalised_novel_impl:train:396 - 3:65, loss: 4.165
2023-04-19 02:39:44.252 | INFO     | experiments.finalised_novel_impl:train:332 - Starting epoch 66 / 70
2023-04-19 02:39:59.667 | INFO     | experiments.finalised_novel_impl:train:396 - 3:66, loss: 4.167
2023-04-19 02:39:59.668 | INFO     | experiments.finalised_novel_impl:train:332 - Starting epoch 67 / 70
2023-04-19 02:40:15.096 | INFO     | experiments.finalised_novel_impl:train:396 - 3:67, loss: 4.164
2023-04-19 02:40:15.097 | INFO     | experiments.finalised_novel_impl:train:332 - Starting epoch 68 / 70
2023-04-19 02:40:30.514 | INFO     | experiments.finalised_novel_impl:train:396 - 3:68, loss: 4.160
2023-04-19 02:40:30.515 | INFO     | experiments.finalised_novel_impl:train:332 - Starting epoch 69 / 70
2023-04-19 02:40:45.937 | INFO     | experiments.finalised_novel_impl:train:396 - 3:69, loss: 4.161
2023-04-19 02:40:45.938 | INFO     | experiments.finalised_novel_impl:train:332 - Starting epoch 70 / 70
2023-04-19 02:41:01.377 | INFO     | experiments.finalised_novel_impl:train:396 - 3:70, loss: 4.160
2023-04-19 02:41:01.378 | INFO     | algorithms.algorithm_base:run_base_task_metrics:144 - Running metrics: Task 210
2023-04-19 02:41:01.409 | INFO     | experiments.finalised_novel_impl:generate_embeddings:422 - Generating fresh mean embedding vectors
2023-04-19 02:41:09.246 | DEBUG    | experiments.finalised_novel_impl:generate_embeddings:455 - Generated mean embedding vectors for: dict_keys([5, 8, 9, 6, 2, 0])
2023-04-19 02:42:27.054 | DEBUG    | algorithms.algorithm_base:run_base_task_metrics:200 - Raw classification accuracy results saved to ./output_cifar10_varied_sampling/novel/1681862929.5699863_CIFAR10_OFFICIAL_RUN/task_210_accuracy_results.json
2023-04-19 02:42:27.055 | INFO     | algorithms.algorithm_base:run_base_task_metrics:201 - Correctly classified 5555 / 10000 samples (55.55% correct)
2023-04-19 02:42:27.187 | INFO     | experiments.finalised_novel_impl:train:302 - Task 4 / 5
2023-04-19 02:42:27.191 | INFO     | experiments.finalised_novel_impl:train:303 - Classes in task: ['cat', 'car']
2023-04-19 02:42:27.192 | INFO     | experiments.finalised_novel_impl:_uncertainity_memory_update:207 - Starting memory update
2023-04-19 02:42:27.193 | INFO     | experiments.finalised_novel_impl:_uncertainity_memory_update:219 - Using uncertainty type: relative_distances _secondary_uncertainty
2023-04-19 02:42:27.194 | DEBUG    | experiments.finalised_novel_impl:_uncertainity_memory_update:221 - Processing new task samples
2023-04-19 02:53:23.735 | INFO     | experiments.finalised_novel_impl:generate_embeddings:422 - Generating fresh mean embedding vectors
2023-04-19 02:53:31.480 | DEBUG    | experiments.finalised_novel_impl:generate_embeddings:455 - Generated mean embedding vectors for: dict_keys([5, 8, 9, 6, 2, 0])
2023-04-19 02:53:31.487 | DEBUG    | experiments.finalised_novel_impl:_uncertainity_memory_update:239 - Processing old task samples: total targets = dict_keys([5, 8, 9, 6, 2, 0])
2023-04-19 02:53:31.488 | DEBUG    | experiments.finalised_novel_impl:_uncertainity_memory_update:242 - On target 5
2023-04-19 02:53:42.424 | DEBUG    | experiments.finalised_novel_impl:_uncertainity_memory_update:242 - On target 8
2023-04-19 02:53:53.381 | DEBUG    | experiments.finalised_novel_impl:_uncertainity_memory_update:242 - On target 9
2023-04-19 02:54:04.296 | DEBUG    | experiments.finalised_novel_impl:_uncertainity_memory_update:242 - On target 6
2023-04-19 02:54:15.192 | DEBUG    | experiments.finalised_novel_impl:_uncertainity_memory_update:242 - On target 2
2023-04-19 02:54:26.051 | DEBUG    | experiments.finalised_novel_impl:_uncertainity_memory_update:242 - On target 0
2023-04-19 02:54:36.933 | DEBUG    | experiments.finalised_novel_impl:_uncertainity_memory_update:267 - Drawing memory samples
2023-04-19 02:54:36.937 | DEBUG    | experiments.finalised_novel_impl:_uncertainity_memory_update:287 - Creating buffer
2023-04-19 02:54:36.946 | INFO     | experiments.finalised_novel_impl:_uncertainity_memory_update:296 - Memory update completed
2023-04-19 02:54:36.953 | INFO     | experiments.finalised_novel_impl:train:318 - Populated buffer
2023-04-19 02:54:36.955 | INFO     | experiments.finalised_novel_impl:train:332 - Starting epoch 1 / 70
2023-04-19 02:54:52.433 | INFO     | experiments.finalised_novel_impl:train:396 - 4:1, loss: 4.213
2023-04-19 02:54:52.434 | INFO     | experiments.finalised_novel_impl:train:332 - Starting epoch 2 / 70
2023-04-19 02:55:07.918 | INFO     | experiments.finalised_novel_impl:train:396 - 4:2, loss: 4.213
2023-04-19 02:55:07.919 | INFO     | experiments.finalised_novel_impl:train:332 - Starting epoch 3 / 70
2023-04-19 02:55:23.405 | INFO     | experiments.finalised_novel_impl:train:396 - 4:3, loss: 4.198
2023-04-19 02:55:23.406 | INFO     | experiments.finalised_novel_impl:train:332 - Starting epoch 4 / 70
2023-04-19 02:55:38.882 | INFO     | experiments.finalised_novel_impl:train:396 - 4:4, loss: 4.200
2023-04-19 02:55:38.883 | INFO     | experiments.finalised_novel_impl:train:332 - Starting epoch 5 / 70
2023-04-19 02:55:54.367 | INFO     | experiments.finalised_novel_impl:train:396 - 4:5, loss: 4.195
2023-04-19 02:55:54.368 | INFO     | experiments.finalised_novel_impl:train:332 - Starting epoch 6 / 70
2023-04-19 02:56:09.842 | INFO     | experiments.finalised_novel_impl:train:396 - 4:6, loss: 4.184
2023-04-19 02:56:09.843 | INFO     | experiments.finalised_novel_impl:train:332 - Starting epoch 7 / 70
2023-04-19 02:56:25.338 | INFO     | experiments.finalised_novel_impl:train:396 - 4:7, loss: 4.178
2023-04-19 02:56:25.339 | INFO     | experiments.finalised_novel_impl:train:332 - Starting epoch 8 / 70
2023-04-19 02:56:40.834 | INFO     | experiments.finalised_novel_impl:train:396 - 4:8, loss: 4.189
2023-04-19 02:56:40.835 | INFO     | experiments.finalised_novel_impl:train:332 - Starting epoch 9 / 70
2023-04-19 02:56:56.480 | INFO     | experiments.finalised_novel_impl:train:396 - 4:9, loss: 4.187
2023-04-19 02:56:56.481 | INFO     | experiments.finalised_novel_impl:train:332 - Starting epoch 10 / 70
2023-04-19 02:57:11.961 | INFO     | experiments.finalised_novel_impl:train:396 - 4:10, loss: 4.182
2023-04-19 02:57:11.962 | INFO     | experiments.finalised_novel_impl:train:332 - Starting epoch 11 / 70
2023-04-19 02:57:27.441 | INFO     | experiments.finalised_novel_impl:train:396 - 4:11, loss: 4.177
2023-04-19 02:57:27.442 | INFO     | experiments.finalised_novel_impl:train:332 - Starting epoch 12 / 70
2023-04-19 02:57:42.929 | INFO     | experiments.finalised_novel_impl:train:396 - 4:12, loss: 4.172
2023-04-19 02:57:42.930 | INFO     | experiments.finalised_novel_impl:train:332 - Starting epoch 13 / 70
2023-04-19 02:57:58.415 | INFO     | experiments.finalised_novel_impl:train:396 - 4:13, loss: 4.174
2023-04-19 02:57:58.416 | INFO     | experiments.finalised_novel_impl:train:332 - Starting epoch 14 / 70
2023-04-19 02:58:13.897 | INFO     | experiments.finalised_novel_impl:train:396 - 4:14, loss: 4.173
2023-04-19 02:58:13.898 | INFO     | experiments.finalised_novel_impl:train:332 - Starting epoch 15 / 70
2023-04-19 02:58:29.398 | INFO     | experiments.finalised_novel_impl:train:396 - 4:15, loss: 4.160
2023-04-19 02:58:29.399 | INFO     | experiments.finalised_novel_impl:train:332 - Starting epoch 16 / 70
2023-04-19 02:58:44.887 | INFO     | experiments.finalised_novel_impl:train:396 - 4:16, loss: 4.178
2023-04-19 02:58:44.888 | INFO     | experiments.finalised_novel_impl:train:332 - Starting epoch 17 / 70
2023-04-19 02:59:00.374 | INFO     | experiments.finalised_novel_impl:train:396 - 4:17, loss: 4.177
2023-04-19 02:59:00.375 | INFO     | experiments.finalised_novel_impl:train:332 - Starting epoch 18 / 70
2023-04-19 02:59:15.873 | INFO     | experiments.finalised_novel_impl:train:396 - 4:18, loss: 4.174
2023-04-19 02:59:15.874 | INFO     | experiments.finalised_novel_impl:train:332 - Starting epoch 19 / 70
2023-04-19 02:59:31.360 | INFO     | experiments.finalised_novel_impl:train:396 - 4:19, loss: 4.171
2023-04-19 02:59:31.361 | INFO     | experiments.finalised_novel_impl:train:332 - Starting epoch 20 / 70
2023-04-19 02:59:46.856 | INFO     | experiments.finalised_novel_impl:train:396 - 4:20, loss: 4.171
2023-04-19 02:59:46.857 | INFO     | experiments.finalised_novel_impl:train:332 - Starting epoch 21 / 70
2023-04-19 03:00:02.352 | INFO     | experiments.finalised_novel_impl:train:396 - 4:21, loss: 4.163
2023-04-19 03:00:02.353 | INFO     | experiments.finalised_novel_impl:train:332 - Starting epoch 22 / 70
2023-04-19 03:00:17.832 | INFO     | experiments.finalised_novel_impl:train:396 - 4:22, loss: 4.164
2023-04-19 03:00:17.833 | INFO     | experiments.finalised_novel_impl:train:332 - Starting epoch 23 / 70
2023-04-19 03:00:33.320 | INFO     | experiments.finalised_novel_impl:train:396 - 4:23, loss: 4.159
2023-04-19 03:00:33.321 | INFO     | experiments.finalised_novel_impl:train:332 - Starting epoch 24 / 70
2023-04-19 03:00:48.818 | INFO     | experiments.finalised_novel_impl:train:396 - 4:24, loss: 4.159
2023-04-19 03:00:48.819 | INFO     | experiments.finalised_novel_impl:train:332 - Starting epoch 25 / 70
2023-04-19 03:01:04.296 | INFO     | experiments.finalised_novel_impl:train:396 - 4:25, loss: 4.158
2023-04-19 03:01:04.297 | INFO     | experiments.finalised_novel_impl:train:332 - Starting epoch 26 / 70
2023-04-19 03:01:19.775 | INFO     | experiments.finalised_novel_impl:train:396 - 4:26, loss: 4.158
2023-04-19 03:01:19.776 | INFO     | experiments.finalised_novel_impl:train:332 - Starting epoch 27 / 70
2023-04-19 03:01:35.270 | INFO     | experiments.finalised_novel_impl:train:396 - 4:27, loss: 4.155
2023-04-19 03:01:35.271 | INFO     | experiments.finalised_novel_impl:train:332 - Starting epoch 28 / 70
2023-04-19 03:01:50.766 | INFO     | experiments.finalised_novel_impl:train:396 - 4:28, loss: 4.152
2023-04-19 03:01:50.767 | INFO     | experiments.finalised_novel_impl:train:332 - Starting epoch 29 / 70
2023-04-19 03:02:06.267 | INFO     | experiments.finalised_novel_impl:train:396 - 4:29, loss: 4.151
2023-04-19 03:02:06.268 | INFO     | experiments.finalised_novel_impl:train:332 - Starting epoch 30 / 70
2023-04-19 03:02:21.768 | INFO     | experiments.finalised_novel_impl:train:396 - 4:30, loss: 4.155
2023-04-19 03:02:21.769 | INFO     | experiments.finalised_novel_impl:train:332 - Starting epoch 31 / 70
2023-04-19 03:02:37.257 | INFO     | experiments.finalised_novel_impl:train:396 - 4:31, loss: 4.152
2023-04-19 03:02:37.258 | INFO     | experiments.finalised_novel_impl:train:332 - Starting epoch 32 / 70
2023-04-19 03:02:52.730 | INFO     | experiments.finalised_novel_impl:train:396 - 4:32, loss: 4.158
2023-04-19 03:02:52.730 | INFO     | experiments.finalised_novel_impl:train:332 - Starting epoch 33 / 70
2023-04-19 03:03:08.220 | INFO     | experiments.finalised_novel_impl:train:396 - 4:33, loss: 4.161
2023-04-19 03:03:08.221 | INFO     | experiments.finalised_novel_impl:train:332 - Starting epoch 34 / 70
2023-04-19 03:03:23.719 | INFO     | experiments.finalised_novel_impl:train:396 - 4:34, loss: 4.162
2023-04-19 03:03:23.720 | INFO     | experiments.finalised_novel_impl:train:332 - Starting epoch 35 / 70
2023-04-19 03:03:39.199 | INFO     | experiments.finalised_novel_impl:train:396 - 4:35, loss: 4.158
2023-04-19 03:03:39.199 | INFO     | experiments.finalised_novel_impl:train:332 - Starting epoch 36 / 70
2023-04-19 03:03:54.691 | INFO     | experiments.finalised_novel_impl:train:396 - 4:36, loss: 4.165
2023-04-19 03:03:54.692 | INFO     | experiments.finalised_novel_impl:train:332 - Starting epoch 37 / 70
2023-04-19 03:04:10.188 | INFO     | experiments.finalised_novel_impl:train:396 - 4:37, loss: 4.158
2023-04-19 03:04:10.189 | INFO     | experiments.finalised_novel_impl:train:332 - Starting epoch 38 / 70
2023-04-19 03:04:25.679 | INFO     | experiments.finalised_novel_impl:train:396 - 4:38, loss: 4.155
2023-04-19 03:04:25.680 | INFO     | experiments.finalised_novel_impl:train:332 - Starting epoch 39 / 70
2023-04-19 03:04:41.163 | INFO     | experiments.finalised_novel_impl:train:396 - 4:39, loss: 4.153
2023-04-19 03:04:41.164 | INFO     | experiments.finalised_novel_impl:train:332 - Starting epoch 40 / 70
2023-04-19 03:04:56.655 | INFO     | experiments.finalised_novel_impl:train:396 - 4:40, loss: 4.153
2023-04-19 03:04:56.656 | INFO     | experiments.finalised_novel_impl:train:332 - Starting epoch 41 / 70
2023-04-19 03:05:12.122 | INFO     | experiments.finalised_novel_impl:train:396 - 4:41, loss: 4.156
2023-04-19 03:05:12.123 | INFO     | experiments.finalised_novel_impl:train:332 - Starting epoch 42 / 70
2023-04-19 03:05:27.615 | INFO     | experiments.finalised_novel_impl:train:396 - 4:42, loss: 4.155
2023-04-19 03:05:27.616 | INFO     | experiments.finalised_novel_impl:train:332 - Starting epoch 43 / 70
2023-04-19 03:05:43.149 | INFO     | experiments.finalised_novel_impl:train:396 - 4:43, loss: 4.152
2023-04-19 03:05:43.150 | INFO     | experiments.finalised_novel_impl:train:332 - Starting epoch 44 / 70
2023-04-19 03:05:58.632 | INFO     | experiments.finalised_novel_impl:train:396 - 4:44, loss: 4.151
2023-04-19 03:05:58.633 | INFO     | experiments.finalised_novel_impl:train:332 - Starting epoch 45 / 70
2023-04-19 03:06:14.108 | INFO     | experiments.finalised_novel_impl:train:396 - 4:45, loss: 4.149
2023-04-19 03:06:14.108 | INFO     | experiments.finalised_novel_impl:train:332 - Starting epoch 46 / 70
2023-04-19 03:06:29.598 | INFO     | experiments.finalised_novel_impl:train:396 - 4:46, loss: 4.150
2023-04-19 03:06:29.599 | INFO     | experiments.finalised_novel_impl:train:332 - Starting epoch 47 / 70
2023-04-19 03:06:45.093 | INFO     | experiments.finalised_novel_impl:train:396 - 4:47, loss: 4.146
2023-04-19 03:06:45.094 | INFO     | experiments.finalised_novel_impl:train:332 - Starting epoch 48 / 70
2023-04-19 03:07:00.574 | INFO     | experiments.finalised_novel_impl:train:396 - 4:48, loss: 4.149
2023-04-19 03:07:00.575 | INFO     | experiments.finalised_novel_impl:train:332 - Starting epoch 49 / 70
2023-04-19 03:07:16.056 | INFO     | experiments.finalised_novel_impl:train:396 - 4:49, loss: 4.151
2023-04-19 03:07:16.057 | INFO     | experiments.finalised_novel_impl:train:332 - Starting epoch 50 / 70
2023-04-19 03:07:31.546 | INFO     | experiments.finalised_novel_impl:train:396 - 4:50, loss: 4.148
2023-04-19 03:07:31.547 | INFO     | experiments.finalised_novel_impl:train:332 - Starting epoch 51 / 70
2023-04-19 03:07:47.032 | INFO     | experiments.finalised_novel_impl:train:396 - 4:51, loss: 4.149
2023-04-19 03:07:47.033 | INFO     | experiments.finalised_novel_impl:train:332 - Starting epoch 52 / 70
2023-04-19 03:08:02.528 | INFO     | experiments.finalised_novel_impl:train:396 - 4:52, loss: 4.147
2023-04-19 03:08:02.529 | INFO     | experiments.finalised_novel_impl:train:332 - Starting epoch 53 / 70
2023-04-19 03:08:18.008 | INFO     | experiments.finalised_novel_impl:train:396 - 4:53, loss: 4.140
2023-04-19 03:08:18.009 | INFO     | experiments.finalised_novel_impl:train:332 - Starting epoch 54 / 70
2023-04-19 03:08:33.498 | INFO     | experiments.finalised_novel_impl:train:396 - 4:54, loss: 4.139
2023-04-19 03:08:33.499 | INFO     | experiments.finalised_novel_impl:train:332 - Starting epoch 55 / 70
2023-04-19 03:08:48.979 | INFO     | experiments.finalised_novel_impl:train:396 - 4:55, loss: 4.143
2023-04-19 03:08:48.980 | INFO     | experiments.finalised_novel_impl:train:332 - Starting epoch 56 / 70
2023-04-19 03:09:04.454 | INFO     | experiments.finalised_novel_impl:train:396 - 4:56, loss: 4.142
2023-04-19 03:09:04.455 | INFO     | experiments.finalised_novel_impl:train:332 - Starting epoch 57 / 70
2023-04-19 03:09:19.940 | INFO     | experiments.finalised_novel_impl:train:396 - 4:57, loss: 4.141
2023-04-19 03:09:19.941 | INFO     | experiments.finalised_novel_impl:train:332 - Starting epoch 58 / 70
2023-04-19 03:09:35.428 | INFO     | experiments.finalised_novel_impl:train:396 - 4:58, loss: 4.145
2023-04-19 03:09:35.429 | INFO     | experiments.finalised_novel_impl:train:332 - Starting epoch 59 / 70
2023-04-19 03:09:50.920 | INFO     | experiments.finalised_novel_impl:train:396 - 4:59, loss: 4.138
2023-04-19 03:09:50.921 | INFO     | experiments.finalised_novel_impl:train:332 - Starting epoch 60 / 70
2023-04-19 03:10:06.420 | INFO     | experiments.finalised_novel_impl:train:396 - 4:60, loss: 4.147
2023-04-19 03:10:06.421 | INFO     | experiments.finalised_novel_impl:train:332 - Starting epoch 61 / 70
2023-04-19 03:10:21.917 | INFO     | experiments.finalised_novel_impl:train:396 - 4:61, loss: 4.143
2023-04-19 03:10:21.918 | INFO     | experiments.finalised_novel_impl:train:332 - Starting epoch 62 / 70
2023-04-19 03:10:37.413 | INFO     | experiments.finalised_novel_impl:train:396 - 4:62, loss: 4.142
2023-04-19 03:10:37.413 | INFO     | experiments.finalised_novel_impl:train:332 - Starting epoch 63 / 70
2023-04-19 03:10:52.896 | INFO     | experiments.finalised_novel_impl:train:396 - 4:63, loss: 4.146
2023-04-19 03:10:52.897 | INFO     | experiments.finalised_novel_impl:train:332 - Starting epoch 64 / 70
2023-04-19 03:11:08.388 | INFO     | experiments.finalised_novel_impl:train:396 - 4:64, loss: 4.149
2023-04-19 03:11:08.389 | INFO     | experiments.finalised_novel_impl:train:332 - Starting epoch 65 / 70
2023-04-19 03:11:23.886 | INFO     | experiments.finalised_novel_impl:train:396 - 4:65, loss: 4.154
2023-04-19 03:11:23.887 | INFO     | experiments.finalised_novel_impl:train:332 - Starting epoch 66 / 70
2023-04-19 03:11:39.359 | INFO     | experiments.finalised_novel_impl:train:396 - 4:66, loss: 4.151
2023-04-19 03:11:39.360 | INFO     | experiments.finalised_novel_impl:train:332 - Starting epoch 67 / 70
2023-04-19 03:11:54.849 | INFO     | experiments.finalised_novel_impl:train:396 - 4:67, loss: 4.152
2023-04-19 03:11:54.850 | INFO     | experiments.finalised_novel_impl:train:332 - Starting epoch 68 / 70
2023-04-19 03:12:10.337 | INFO     | experiments.finalised_novel_impl:train:396 - 4:68, loss: 4.150
2023-04-19 03:12:10.338 | INFO     | experiments.finalised_novel_impl:train:332 - Starting epoch 69 / 70
2023-04-19 03:12:25.827 | INFO     | experiments.finalised_novel_impl:train:396 - 4:69, loss: 4.152
2023-04-19 03:12:25.827 | INFO     | experiments.finalised_novel_impl:train:332 - Starting epoch 70 / 70
2023-04-19 03:12:41.318 | INFO     | experiments.finalised_novel_impl:train:396 - 4:70, loss: 4.149
2023-04-19 03:12:41.319 | INFO     | algorithms.algorithm_base:run_base_task_metrics:144 - Running metrics: Task 280
2023-04-19 03:12:41.347 | INFO     | experiments.finalised_novel_impl:generate_embeddings:422 - Generating fresh mean embedding vectors
2023-04-19 03:12:49.157 | DEBUG    | experiments.finalised_novel_impl:generate_embeddings:455 - Generated mean embedding vectors for: dict_keys([3, 1, 5, 8, 9, 6, 2, 0])
2023-04-19 03:14:06.968 | DEBUG    | algorithms.algorithm_base:run_base_task_metrics:200 - Raw classification accuracy results saved to ./output_cifar10_varied_sampling/novel/1681862929.5699863_CIFAR10_OFFICIAL_RUN/task_280_accuracy_results.json
2023-04-19 03:14:06.969 | INFO     | algorithms.algorithm_base:run_base_task_metrics:201 - Correctly classified 7338 / 10000 samples (73.38% correct)
2023-04-19 03:14:07.105 | INFO     | experiments.finalised_novel_impl:train:302 - Task 5 / 5
2023-04-19 03:14:07.109 | INFO     | experiments.finalised_novel_impl:train:303 - Classes in task: ['horse', 'deer']
2023-04-19 03:14:07.110 | INFO     | experiments.finalised_novel_impl:_uncertainity_memory_update:207 - Starting memory update
2023-04-19 03:14:07.111 | INFO     | experiments.finalised_novel_impl:_uncertainity_memory_update:219 - Using uncertainty type: relative_distances _secondary_uncertainty
2023-04-19 03:14:07.111 | DEBUG    | experiments.finalised_novel_impl:_uncertainity_memory_update:221 - Processing new task samples
2023-04-19 03:25:02.984 | INFO     | experiments.finalised_novel_impl:generate_embeddings:422 - Generating fresh mean embedding vectors
2023-04-19 03:25:10.684 | DEBUG    | experiments.finalised_novel_impl:generate_embeddings:455 - Generated mean embedding vectors for: dict_keys([3, 1, 5, 8, 9, 6, 2, 0])
2023-04-19 03:25:10.689 | DEBUG    | experiments.finalised_novel_impl:_uncertainity_memory_update:239 - Processing old task samples: total targets = dict_keys([3, 1, 5, 8, 9, 6, 2, 0])
2023-04-19 03:25:10.690 | DEBUG    | experiments.finalised_novel_impl:_uncertainity_memory_update:242 - On target 3
2023-04-19 03:25:18.961 | DEBUG    | experiments.finalised_novel_impl:_uncertainity_memory_update:242 - On target 1
2023-04-19 03:25:27.160 | DEBUG    | experiments.finalised_novel_impl:_uncertainity_memory_update:242 - On target 5
2023-04-19 03:25:35.328 | DEBUG    | experiments.finalised_novel_impl:_uncertainity_memory_update:242 - On target 8
2023-04-19 03:25:43.535 | DEBUG    | experiments.finalised_novel_impl:_uncertainity_memory_update:242 - On target 9
2023-04-19 03:25:51.706 | DEBUG    | experiments.finalised_novel_impl:_uncertainity_memory_update:242 - On target 6
2023-04-19 03:25:59.928 | DEBUG    | experiments.finalised_novel_impl:_uncertainity_memory_update:242 - On target 2
2023-04-19 03:26:08.115 | DEBUG    | experiments.finalised_novel_impl:_uncertainity_memory_update:242 - On target 0
2023-04-19 03:26:16.312 | DEBUG    | experiments.finalised_novel_impl:_uncertainity_memory_update:267 - Drawing memory samples
2023-04-19 03:26:16.316 | DEBUG    | experiments.finalised_novel_impl:_uncertainity_memory_update:287 - Creating buffer
2023-04-19 03:26:16.325 | INFO     | experiments.finalised_novel_impl:_uncertainity_memory_update:296 - Memory update completed
2023-04-19 03:26:16.335 | INFO     | experiments.finalised_novel_impl:train:318 - Populated buffer
2023-04-19 03:26:16.337 | INFO     | experiments.finalised_novel_impl:train:332 - Starting epoch 1 / 70
2023-04-19 03:26:31.826 | INFO     | experiments.finalised_novel_impl:train:396 - 5:1, loss: 4.195
2023-04-19 03:26:31.827 | INFO     | experiments.finalised_novel_impl:train:332 - Starting epoch 2 / 70
2023-04-19 03:26:47.316 | INFO     | experiments.finalised_novel_impl:train:396 - 5:2, loss: 4.202
2023-04-19 03:26:47.317 | INFO     | experiments.finalised_novel_impl:train:332 - Starting epoch 3 / 70
2023-04-19 03:27:02.801 | INFO     | experiments.finalised_novel_impl:train:396 - 5:3, loss: 4.185
2023-04-19 03:27:02.802 | INFO     | experiments.finalised_novel_impl:train:332 - Starting epoch 4 / 70
2023-04-19 03:27:18.295 | INFO     | experiments.finalised_novel_impl:train:396 - 5:4, loss: 4.184
2023-04-19 03:27:18.296 | INFO     | experiments.finalised_novel_impl:train:332 - Starting epoch 5 / 70
2023-04-19 03:27:33.771 | INFO     | experiments.finalised_novel_impl:train:396 - 5:5, loss: 4.184
2023-04-19 03:27:33.772 | INFO     | experiments.finalised_novel_impl:train:332 - Starting epoch 6 / 70
2023-04-19 03:27:49.263 | INFO     | experiments.finalised_novel_impl:train:396 - 5:6, loss: 4.172
2023-04-19 03:27:49.264 | INFO     | experiments.finalised_novel_impl:train:332 - Starting epoch 7 / 70
2023-04-19 03:28:04.751 | INFO     | experiments.finalised_novel_impl:train:396 - 5:7, loss: 4.168
2023-04-19 03:28:04.751 | INFO     | experiments.finalised_novel_impl:train:332 - Starting epoch 8 / 70
2023-04-19 03:28:20.241 | INFO     | experiments.finalised_novel_impl:train:396 - 5:8, loss: 4.173
2023-04-19 03:28:20.242 | INFO     | experiments.finalised_novel_impl:train:332 - Starting epoch 9 / 70
2023-04-19 03:28:35.721 | INFO     | experiments.finalised_novel_impl:train:396 - 5:9, loss: 4.169
2023-04-19 03:28:35.722 | INFO     | experiments.finalised_novel_impl:train:332 - Starting epoch 10 / 70
2023-04-19 03:28:51.190 | INFO     | experiments.finalised_novel_impl:train:396 - 5:10, loss: 4.172
2023-04-19 03:28:51.191 | INFO     | experiments.finalised_novel_impl:train:332 - Starting epoch 11 / 70
2023-04-19 03:29:06.697 | INFO     | experiments.finalised_novel_impl:train:396 - 5:11, loss: 4.167
2023-04-19 03:29:06.698 | INFO     | experiments.finalised_novel_impl:train:332 - Starting epoch 12 / 70
2023-04-19 03:29:22.181 | INFO     | experiments.finalised_novel_impl:train:396 - 5:12, loss: 4.164
2023-04-19 03:29:22.182 | INFO     | experiments.finalised_novel_impl:train:332 - Starting epoch 13 / 70
2023-04-19 03:29:37.678 | INFO     | experiments.finalised_novel_impl:train:396 - 5:13, loss: 4.162
2023-04-19 03:29:37.679 | INFO     | experiments.finalised_novel_impl:train:332 - Starting epoch 14 / 70
2023-04-19 03:29:53.155 | INFO     | experiments.finalised_novel_impl:train:396 - 5:14, loss: 4.158
2023-04-19 03:29:53.156 | INFO     | experiments.finalised_novel_impl:train:332 - Starting epoch 15 / 70
2023-04-19 03:30:08.647 | INFO     | experiments.finalised_novel_impl:train:396 - 5:15, loss: 4.157
2023-04-19 03:30:08.648 | INFO     | experiments.finalised_novel_impl:train:332 - Starting epoch 16 / 70
2023-04-19 03:30:24.141 | INFO     | experiments.finalised_novel_impl:train:396 - 5:16, loss: 4.160
2023-04-19 03:30:24.142 | INFO     | experiments.finalised_novel_impl:train:332 - Starting epoch 17 / 70
2023-04-19 03:30:39.632 | INFO     | experiments.finalised_novel_impl:train:396 - 5:17, loss: 4.168
2023-04-19 03:30:39.633 | INFO     | experiments.finalised_novel_impl:train:332 - Starting epoch 18 / 70
2023-04-19 03:30:55.119 | INFO     | experiments.finalised_novel_impl:train:396 - 5:18, loss: 4.165
2023-04-19 03:30:55.120 | INFO     | experiments.finalised_novel_impl:train:332 - Starting epoch 19 / 70
2023-04-19 03:31:10.598 | INFO     | experiments.finalised_novel_impl:train:396 - 5:19, loss: 4.167
2023-04-19 03:31:10.599 | INFO     | experiments.finalised_novel_impl:train:332 - Starting epoch 20 / 70
2023-04-19 03:31:26.078 | INFO     | experiments.finalised_novel_impl:train:396 - 5:20, loss: 4.161
2023-04-19 03:31:26.079 | INFO     | experiments.finalised_novel_impl:train:332 - Starting epoch 21 / 70
2023-04-19 03:31:41.569 | INFO     | experiments.finalised_novel_impl:train:396 - 5:21, loss: 4.159
2023-04-19 03:31:41.570 | INFO     | experiments.finalised_novel_impl:train:332 - Starting epoch 22 / 70
2023-04-19 03:31:57.048 | INFO     | experiments.finalised_novel_impl:train:396 - 5:22, loss: 4.152
2023-04-19 03:31:57.049 | INFO     | experiments.finalised_novel_impl:train:332 - Starting epoch 23 / 70
2023-04-19 03:32:12.521 | INFO     | experiments.finalised_novel_impl:train:396 - 5:23, loss: 4.153
2023-04-19 03:32:12.522 | INFO     | experiments.finalised_novel_impl:train:332 - Starting epoch 24 / 70
2023-04-19 03:32:27.997 | INFO     | experiments.finalised_novel_impl:train:396 - 5:24, loss: 4.151
2023-04-19 03:32:27.998 | INFO     | experiments.finalised_novel_impl:train:332 - Starting epoch 25 / 70
2023-04-19 03:32:43.476 | INFO     | experiments.finalised_novel_impl:train:396 - 5:25, loss: 4.152
2023-04-19 03:32:43.477 | INFO     | experiments.finalised_novel_impl:train:332 - Starting epoch 26 / 70
2023-04-19 03:32:58.966 | INFO     | experiments.finalised_novel_impl:train:396 - 5:26, loss: 4.153
2023-04-19 03:32:58.967 | INFO     | experiments.finalised_novel_impl:train:332 - Starting epoch 27 / 70
2023-04-19 03:33:14.456 | INFO     | experiments.finalised_novel_impl:train:396 - 5:27, loss: 4.143
2023-04-19 03:33:14.457 | INFO     | experiments.finalised_novel_impl:train:332 - Starting epoch 28 / 70
2023-04-19 03:33:29.929 | INFO     | experiments.finalised_novel_impl:train:396 - 5:28, loss: 4.148
2023-04-19 03:33:29.930 | INFO     | experiments.finalised_novel_impl:train:332 - Starting epoch 29 / 70
2023-04-19 03:33:45.417 | INFO     | experiments.finalised_novel_impl:train:396 - 5:29, loss: 4.144
2023-04-19 03:33:45.418 | INFO     | experiments.finalised_novel_impl:train:332 - Starting epoch 30 / 70
2023-04-19 03:34:00.913 | INFO     | experiments.finalised_novel_impl:train:396 - 5:30, loss: 4.148
2023-04-19 03:34:00.914 | INFO     | experiments.finalised_novel_impl:train:332 - Starting epoch 31 / 70
2023-04-19 03:34:16.394 | INFO     | experiments.finalised_novel_impl:train:396 - 5:31, loss: 4.146
2023-04-19 03:34:16.395 | INFO     | experiments.finalised_novel_impl:train:332 - Starting epoch 32 / 70
2023-04-19 03:34:31.895 | INFO     | experiments.finalised_novel_impl:train:396 - 5:32, loss: 4.155
2023-04-19 03:34:31.896 | INFO     | experiments.finalised_novel_impl:train:332 - Starting epoch 33 / 70
2023-04-19 03:34:47.389 | INFO     | experiments.finalised_novel_impl:train:396 - 5:33, loss: 4.156
2023-04-19 03:34:47.390 | INFO     | experiments.finalised_novel_impl:train:332 - Starting epoch 34 / 70
2023-04-19 03:35:02.869 | INFO     | experiments.finalised_novel_impl:train:396 - 5:34, loss: 4.153
2023-04-19 03:35:02.870 | INFO     | experiments.finalised_novel_impl:train:332 - Starting epoch 35 / 70
2023-04-19 03:35:18.345 | INFO     | experiments.finalised_novel_impl:train:396 - 5:35, loss: 4.152
2023-04-19 03:35:18.346 | INFO     | experiments.finalised_novel_impl:train:332 - Starting epoch 36 / 70
2023-04-19 03:35:33.841 | INFO     | experiments.finalised_novel_impl:train:396 - 5:36, loss: 4.154
2023-04-19 03:35:33.842 | INFO     | experiments.finalised_novel_impl:train:332 - Starting epoch 37 / 70
2023-04-19 03:35:49.346 | INFO     | experiments.finalised_novel_impl:train:396 - 5:37, loss: 4.152
2023-04-19 03:35:49.347 | INFO     | experiments.finalised_novel_impl:train:332 - Starting epoch 38 / 70
2023-04-19 03:36:04.838 | INFO     | experiments.finalised_novel_impl:train:396 - 5:38, loss: 4.152
2023-04-19 03:36:04.839 | INFO     | experiments.finalised_novel_impl:train:332 - Starting epoch 39 / 70
2023-04-19 03:36:20.321 | INFO     | experiments.finalised_novel_impl:train:396 - 5:39, loss: 4.152
2023-04-19 03:36:20.322 | INFO     | experiments.finalised_novel_impl:train:332 - Starting epoch 40 / 70
2023-04-19 03:36:35.811 | INFO     | experiments.finalised_novel_impl:train:396 - 5:40, loss: 4.148
2023-04-19 03:36:35.812 | INFO     | experiments.finalised_novel_impl:train:332 - Starting epoch 41 / 70
2023-04-19 03:36:51.308 | INFO     | experiments.finalised_novel_impl:train:396 - 5:41, loss: 4.155
2023-04-19 03:36:51.309 | INFO     | experiments.finalised_novel_impl:train:332 - Starting epoch 42 / 70
2023-04-19 03:37:06.797 | INFO     | experiments.finalised_novel_impl:train:396 - 5:42, loss: 4.149
2023-04-19 03:37:06.798 | INFO     | experiments.finalised_novel_impl:train:332 - Starting epoch 43 / 70
2023-04-19 03:37:22.290 | INFO     | experiments.finalised_novel_impl:train:396 - 5:43, loss: 4.149
2023-04-19 03:37:22.291 | INFO     | experiments.finalised_novel_impl:train:332 - Starting epoch 44 / 70
2023-04-19 03:37:37.765 | INFO     | experiments.finalised_novel_impl:train:396 - 5:44, loss: 4.146
2023-04-19 03:37:37.766 | INFO     | experiments.finalised_novel_impl:train:332 - Starting epoch 45 / 70
2023-04-19 03:37:53.240 | INFO     | experiments.finalised_novel_impl:train:396 - 5:45, loss: 4.145
2023-04-19 03:37:53.241 | INFO     | experiments.finalised_novel_impl:train:332 - Starting epoch 46 / 70
2023-04-19 03:38:08.730 | INFO     | experiments.finalised_novel_impl:train:396 - 5:46, loss: 4.152
2023-04-19 03:38:08.731 | INFO     | experiments.finalised_novel_impl:train:332 - Starting epoch 47 / 70
2023-04-19 03:38:24.206 | INFO     | experiments.finalised_novel_impl:train:396 - 5:47, loss: 4.154
2023-04-19 03:38:24.207 | INFO     | experiments.finalised_novel_impl:train:332 - Starting epoch 48 / 70
2023-04-19 03:38:39.682 | INFO     | experiments.finalised_novel_impl:train:396 - 5:48, loss: 4.137
2023-04-19 03:38:39.683 | INFO     | experiments.finalised_novel_impl:train:332 - Starting epoch 49 / 70
2023-04-19 03:38:55.190 | INFO     | experiments.finalised_novel_impl:train:396 - 5:49, loss: 4.137
2023-04-19 03:38:55.191 | INFO     | experiments.finalised_novel_impl:train:332 - Starting epoch 50 / 70
2023-04-19 03:39:10.684 | INFO     | experiments.finalised_novel_impl:train:396 - 5:50, loss: 4.143
2023-04-19 03:39:10.685 | INFO     | experiments.finalised_novel_impl:train:332 - Starting epoch 51 / 70
2023-04-19 03:39:26.176 | INFO     | experiments.finalised_novel_impl:train:396 - 5:51, loss: 4.137
2023-04-19 03:39:26.177 | INFO     | experiments.finalised_novel_impl:train:332 - Starting epoch 52 / 70
2023-04-19 03:39:41.669 | INFO     | experiments.finalised_novel_impl:train:396 - 5:52, loss: 4.139
2023-04-19 03:39:41.670 | INFO     | experiments.finalised_novel_impl:train:332 - Starting epoch 53 / 70
2023-04-19 03:39:57.152 | INFO     | experiments.finalised_novel_impl:train:396 - 5:53, loss: 4.140
2023-04-19 03:39:57.153 | INFO     | experiments.finalised_novel_impl:train:332 - Starting epoch 54 / 70
2023-04-19 03:40:12.644 | INFO     | experiments.finalised_novel_impl:train:396 - 5:54, loss: 4.141
2023-04-19 03:40:12.645 | INFO     | experiments.finalised_novel_impl:train:332 - Starting epoch 55 / 70
2023-04-19 03:40:28.122 | INFO     | experiments.finalised_novel_impl:train:396 - 5:55, loss: 4.139
2023-04-19 03:40:28.123 | INFO     | experiments.finalised_novel_impl:train:332 - Starting epoch 56 / 70
2023-04-19 03:40:43.610 | INFO     | experiments.finalised_novel_impl:train:396 - 5:56, loss: 4.141
2023-04-19 03:40:43.611 | INFO     | experiments.finalised_novel_impl:train:332 - Starting epoch 57 / 70
2023-04-19 03:40:59.110 | INFO     | experiments.finalised_novel_impl:train:396 - 5:57, loss: 4.142
2023-04-19 03:40:59.111 | INFO     | experiments.finalised_novel_impl:train:332 - Starting epoch 58 / 70
2023-04-19 03:41:14.597 | INFO     | experiments.finalised_novel_impl:train:396 - 5:58, loss: 4.135
2023-04-19 03:41:14.598 | INFO     | experiments.finalised_novel_impl:train:332 - Starting epoch 59 / 70
2023-04-19 03:41:30.089 | INFO     | experiments.finalised_novel_impl:train:396 - 5:59, loss: 4.135
2023-04-19 03:41:30.090 | INFO     | experiments.finalised_novel_impl:train:332 - Starting epoch 60 / 70
2023-04-19 03:41:45.568 | INFO     | experiments.finalised_novel_impl:train:396 - 5:60, loss: 4.136
2023-04-19 03:41:45.569 | INFO     | experiments.finalised_novel_impl:train:332 - Starting epoch 61 / 70
2023-04-19 03:42:01.050 | INFO     | experiments.finalised_novel_impl:train:396 - 5:61, loss: 4.140
2023-04-19 03:42:01.051 | INFO     | experiments.finalised_novel_impl:train:332 - Starting epoch 62 / 70
2023-04-19 03:42:16.537 | INFO     | experiments.finalised_novel_impl:train:396 - 5:62, loss: 4.134
2023-04-19 03:42:16.538 | INFO     | experiments.finalised_novel_impl:train:332 - Starting epoch 63 / 70
2023-04-19 03:42:32.017 | INFO     | experiments.finalised_novel_impl:train:396 - 5:63, loss: 4.136
2023-04-19 03:42:32.018 | INFO     | experiments.finalised_novel_impl:train:332 - Starting epoch 64 / 70
2023-04-19 03:42:47.509 | INFO     | experiments.finalised_novel_impl:train:396 - 5:64, loss: 4.145
2023-04-19 03:42:47.510 | INFO     | experiments.finalised_novel_impl:train:332 - Starting epoch 65 / 70
2023-04-19 03:43:02.990 | INFO     | experiments.finalised_novel_impl:train:396 - 5:65, loss: 4.142
2023-04-19 03:43:02.990 | INFO     | experiments.finalised_novel_impl:train:332 - Starting epoch 66 / 70
2023-04-19 03:43:18.475 | INFO     | experiments.finalised_novel_impl:train:396 - 5:66, loss: 4.144
2023-04-19 03:43:18.476 | INFO     | experiments.finalised_novel_impl:train:332 - Starting epoch 67 / 70
2023-04-19 03:43:33.959 | INFO     | experiments.finalised_novel_impl:train:396 - 5:67, loss: 4.147
2023-04-19 03:43:33.960 | INFO     | experiments.finalised_novel_impl:train:332 - Starting epoch 68 / 70
2023-04-19 03:43:49.446 | INFO     | experiments.finalised_novel_impl:train:396 - 5:68, loss: 4.151
2023-04-19 03:43:49.446 | INFO     | experiments.finalised_novel_impl:train:332 - Starting epoch 69 / 70
2023-04-19 03:44:04.921 | INFO     | experiments.finalised_novel_impl:train:396 - 5:69, loss: 4.143
2023-04-19 03:44:04.922 | INFO     | experiments.finalised_novel_impl:train:332 - Starting epoch 70 / 70
2023-04-19 03:44:20.408 | INFO     | experiments.finalised_novel_impl:train:396 - 5:70, loss: 4.139
2023-04-19 03:44:20.409 | INFO     | algorithms.algorithm_base:run_base_task_metrics:144 - Running metrics: Task 350
2023-04-19 03:44:20.437 | INFO     | experiments.finalised_novel_impl:generate_embeddings:422 - Generating fresh mean embedding vectors
2023-04-19 03:44:28.306 | DEBUG    | experiments.finalised_novel_impl:generate_embeddings:455 - Generated mean embedding vectors for: dict_keys([4, 7, 3, 1, 5, 8, 9, 6, 2, 0])
2023-04-19 03:45:46.118 | DEBUG    | algorithms.algorithm_base:run_base_task_metrics:200 - Raw classification accuracy results saved to ./output_cifar10_varied_sampling/novel/1681862929.5699863_CIFAR10_OFFICIAL_RUN/task_350_accuracy_results.json
2023-04-19 03:45:46.119 | INFO     | algorithms.algorithm_base:run_base_task_metrics:201 - Correctly classified 8955 / 10000 samples (89.55% correct)
2023-04-19 03:45:46.257 | INFO     | algorithms.algorithm_base:run_base_task_metrics:144 - Running metrics: Task 999
2023-04-19 03:47:04.196 | DEBUG    | algorithms.algorithm_base:run_base_task_metrics:200 - Raw classification accuracy results saved to ./output_cifar10_varied_sampling/novel/1681862929.5699863_CIFAR10_OFFICIAL_RUN/task_999_accuracy_results.json
2023-04-19 03:47:04.197 | INFO     | algorithms.algorithm_base:run_base_task_metrics:201 - Correctly classified 8932 / 10000 samples (89.32% correct)
2023-04-19 03:47:04.338 | INFO     | experiments.finalised_novel_impl:train:409 - Training complete
2023-04-19 03:47:04.343 | INFO     | __main__:run_experiment:300 - Training and evaluation completed!
2023-04-19 03:47:04.344 | INFO     | __main__:run_experiment:314 - Wrote usage stats to file
2023-04-19 03:47:04.345 | INFO     | __main__:main:363 - Complete
2023-04-19 03:47:04.346 | INFO     | __main__:close_tensorboard_writer:262 - Shut down TensorBoard
