2023-01-27 10:11:38.176 | INFO     | __main__:setup_files:206 - Experiment Name: OFFICIAL_RUN
2023-01-27 10:11:38.178 | INFO     | __main__:main:311 - Command line arguments: Configuration(algorithm='der', dataset='cifar10', classes_per_task=2, seed=5953)
2023-01-27 10:11:38.180 | INFO     | __main__:main:315 - Seeded random to 5953
2023-01-27 10:11:38.180 | INFO     | __main__:main:319 - Got CUDA device
2023-01-27 10:11:38.181 | INFO     | __main__:force_cuda_load:254 - Forcing CUDA initialisation...
2023-01-27 10:11:38.238 | INFO     | __main__:main:323 - CUDA initialised
2023-01-27 10:11:38.239 | INFO     | __main__:setup_shutdown_hook:250 - To access TensorBoard, run the command: tensorboard --logdir=./output_cifar10_5k/der_pp/1674814298.1729293_CIFAR10_OFFICIAL_RUN
2023-01-27 10:11:38.241 | INFO     | __main__:main:327 - Setup shutdown hooks
2023-01-27 10:11:38.363 | INFO     | __main__:main:332 - Model is setup
2023-01-27 10:11:38.365 | INFO     | __main__:main:334 - Complete pre-setup, starting experiment
2023-01-27 10:11:39.540 | INFO     | datasets.dataset_base:__init__:80 - Using disjoint tasks with 2 (5 tasks) with a randomised split
2023-01-27 10:11:39.541 | DEBUG    | datasets.dataset_base:_setup_task_datasets:95 - Splitting dataset into 5 disjoint tasks
2023-01-27 10:11:39.560 | INFO     | datasets.dataset_base:__init__:85 - {
  "name": "datasets.cifar10.CIFAR10",
  "dataset_class": "torchvision.datasets.cifar.CIFAR10",
  "training_dataset_parameters": "{'train': True, 'download': True}",
  "testing_dataset_parameters": "{'train': False, 'download': True}",
  "training_transform": "Compose(\n    Resize(size=(32, 32), interpolation=bilinear, max_size=None, antialias=None)\n    ToTensor()\n    Normalize(mean=(0.4914, 0.4822, 0.4465), std=(0.247, 0.2435, 0.2616))\n    RandomCrop(size=(32, 32), padding=4)\n    RandomHorizontalFlip(p=0.5)\n)",
  "testing_transform": "Compose(\n    Resize(size=(32, 32), interpolation=bilinear, max_size=None, antialias=None)\n    ToTensor()\n    Normalize(mean=(0.4914, 0.4822, 0.4465), std=(0.247, 0.2435, 0.2616))\n)",
  "classes": "plane, car, bird, cat, deer, dog, frog, horse, ship, truck",
  "disjoint": true,
  "task_count": 5,
  "classes_per_task": [
    2
  ],
  "task_split_indices": [
    [
      1,
      2
    ],
    [
      9,
      3
    ],
    [
      4,
      0
    ],
    [
      5,
      7
    ],
    [
      6,
      8
    ]
  ],
  "task_split_classes": [
    [
      "car",
      "bird"
    ],
    [
      "truck",
      "cat"
    ],
    [
      "deer",
      "plane"
    ],
    [
      "dog",
      "horse"
    ],
    [
      "frog",
      "ship"
    ]
  ]
}
2023-01-27 10:11:39.565 | DEBUG    | __main__:run_experiment:278 - PID: 13272
2023-01-27 10:11:39.566 | INFO     | __main__:run_experiment:280 - Starting...
2023-01-27 10:11:39.566 | INFO     | algorithms.algorithm_base:train:116 - {
  "name": "algorithms.der_pp.DarkExperiencePlusPlus",
  "model_class": "models.cifar.resnet.ResNet",
  "device": "cuda:0",
  "dataset_class": "datasets.cifar10.CIFAR10",
  "optimiser_class": "torch.optim.sgd.SGD",
  "loss_criterion_class": "torch.nn.modules.loss.CrossEntropyLoss",
  "epochs_per_task": 1,
  "batch_size": 16,
  "max_memory_samples": 5000,
  "alpha": 0.5,
  "beta": 0
}
2023-01-27 10:11:39.568 | DEBUG    | algorithms.algorithm_base:_setup_training:109 - Model moved to cuda:0 and set to train mode
2023-01-27 10:11:39.569 | INFO     | algorithms.algorithm_base:train:118 - Starting training
2023-01-27 10:11:39.570 | INFO     | algorithms.der_pp:train:86 - Task 1 / 5
2023-01-27 10:11:39.570 | INFO     | algorithms.der_pp:train:87 - Classes in task: ['car', 'bird']
2023-01-27 10:11:39.571 | INFO     | algorithms.der_pp:train:95 - Starting epoch 1 / 1
2023-01-27 10:11:44.763 | INFO     | algorithms.der_pp:train:159 - 0:1:40, loss: 2.583
2023-01-27 10:11:47.338 | INFO     | algorithms.der_pp:train:159 - 0:1:80, loss: 2.075
2023-01-27 10:11:49.915 | INFO     | algorithms.der_pp:train:159 - 0:1:120, loss: 1.894
2023-01-27 10:11:52.497 | INFO     | algorithms.der_pp:train:159 - 0:1:160, loss: 1.703
2023-01-27 10:11:55.113 | INFO     | algorithms.der_pp:train:159 - 0:1:200, loss: 1.529
2023-01-27 10:11:57.690 | INFO     | algorithms.der_pp:train:159 - 0:1:240, loss: 1.375
2023-01-27 10:12:00.275 | INFO     | algorithms.der_pp:train:159 - 0:1:280, loss: 1.297
2023-01-27 10:12:02.858 | INFO     | algorithms.der_pp:train:159 - 0:1:320, loss: 1.220
2023-01-27 10:12:05.461 | INFO     | algorithms.der_pp:train:159 - 0:1:360, loss: 1.166
2023-01-27 10:12:08.060 | INFO     | algorithms.der_pp:train:159 - 0:1:400, loss: 1.121
2023-01-27 10:12:10.665 | INFO     | algorithms.der_pp:train:159 - 0:1:440, loss: 1.056
2023-01-27 10:12:13.269 | INFO     | algorithms.der_pp:train:159 - 0:1:480, loss: 1.057
2023-01-27 10:12:15.877 | INFO     | algorithms.der_pp:train:159 - 0:1:520, loss: 1.004
2023-01-27 10:12:18.486 | INFO     | algorithms.der_pp:train:159 - 0:1:560, loss: 0.986
2023-01-27 10:12:21.093 | INFO     | algorithms.der_pp:train:159 - 0:1:600, loss: 0.932
2023-01-27 10:12:22.659 | DEBUG    | algorithms.der_pp:train:162 - Current sample stats:
2023-01-27 10:12:22.660 | DEBUG    | algorithms.der_pp:train:165 - 2 has 2500 samples
2023-01-27 10:12:22.660 | DEBUG    | algorithms.der_pp:train:165 - 1 has 2500 samples
2023-01-27 10:12:22.661 | INFO     | algorithms.der_pp:train:170 - 1, loss: 1.381
2023-01-27 10:12:22.662 | INFO     | algorithms.algorithm_base:run_base_task_metrics:144 - Running metrics: Task 0
2023-01-27 10:12:27.490 | DEBUG    | algorithms.algorithm_base:run_base_task_metrics:200 - Raw classification accuracy results saved to ./output_cifar10_5k/der_pp/1674814298.1729293_CIFAR10_OFFICIAL_RUN/task_0_accuracy_results.json
2023-01-27 10:12:27.492 | INFO     | algorithms.algorithm_base:run_base_task_metrics:201 - Correctly classified 1737 / 10000 samples (17.37% correct)
2023-01-27 10:12:27.682 | INFO     | algorithms.der_pp:train:86 - Task 2 / 5
2023-01-27 10:12:27.686 | INFO     | algorithms.der_pp:train:87 - Classes in task: ['truck', 'cat']
2023-01-27 10:12:27.687 | INFO     | algorithms.der_pp:train:95 - Starting epoch 1 / 1
2023-01-27 10:12:30.367 | INFO     | algorithms.der_pp:train:159 - 1:1:40, loss: 3.233
2023-01-27 10:12:32.972 | INFO     | algorithms.der_pp:train:159 - 1:1:80, loss: 2.688
2023-01-27 10:12:35.581 | INFO     | algorithms.der_pp:train:159 - 1:1:120, loss: 2.356
2023-01-27 10:12:38.186 | INFO     | algorithms.der_pp:train:159 - 1:1:160, loss: 2.131
2023-01-27 10:12:40.794 | INFO     | algorithms.der_pp:train:159 - 1:1:200, loss: 1.956
2023-01-27 10:12:43.398 | INFO     | algorithms.der_pp:train:159 - 1:1:240, loss: 1.762
2023-01-27 10:12:46.005 | INFO     | algorithms.der_pp:train:159 - 1:1:280, loss: 1.619
2023-01-27 10:12:48.610 | INFO     | algorithms.der_pp:train:159 - 1:1:320, loss: 1.521
2023-01-27 10:12:51.217 | INFO     | algorithms.der_pp:train:159 - 1:1:360, loss: 1.477
2023-01-27 10:12:53.825 | INFO     | algorithms.der_pp:train:159 - 1:1:400, loss: 1.398
2023-01-27 10:12:56.437 | INFO     | algorithms.der_pp:train:159 - 1:1:440, loss: 1.344
2023-01-27 10:12:59.046 | INFO     | algorithms.der_pp:train:159 - 1:1:480, loss: 1.342
2023-01-27 10:13:01.660 | INFO     | algorithms.der_pp:train:159 - 1:1:520, loss: 1.265
2023-01-27 10:13:04.268 | INFO     | algorithms.der_pp:train:159 - 1:1:560, loss: 1.216
2023-01-27 10:13:06.884 | INFO     | algorithms.der_pp:train:159 - 1:1:600, loss: 1.104
2023-01-27 10:13:08.453 | DEBUG    | algorithms.der_pp:train:162 - Current sample stats:
2023-01-27 10:13:08.453 | DEBUG    | algorithms.der_pp:train:165 - 2 has 1250 samples
2023-01-27 10:13:08.454 | DEBUG    | algorithms.der_pp:train:165 - 1 has 1250 samples
2023-01-27 10:13:08.455 | DEBUG    | algorithms.der_pp:train:165 - 9 has 1250 samples
2023-01-27 10:13:08.456 | DEBUG    | algorithms.der_pp:train:165 - 3 has 1250 samples
2023-01-27 10:13:08.457 | INFO     | algorithms.der_pp:train:170 - 1, loss: 1.736
2023-01-27 10:13:08.457 | INFO     | algorithms.algorithm_base:run_base_task_metrics:144 - Running metrics: Task 1
2023-01-27 10:13:13.128 | DEBUG    | algorithms.algorithm_base:run_base_task_metrics:200 - Raw classification accuracy results saved to ./output_cifar10_5k/der_pp/1674814298.1729293_CIFAR10_OFFICIAL_RUN/task_1_accuracy_results.json
2023-01-27 10:13:13.130 | INFO     | algorithms.algorithm_base:run_base_task_metrics:201 - Correctly classified 2126 / 10000 samples (21.26% correct)
2023-01-27 10:13:13.260 | INFO     | algorithms.der_pp:train:86 - Task 3 / 5
2023-01-27 10:13:13.265 | INFO     | algorithms.der_pp:train:87 - Classes in task: ['deer', 'plane']
2023-01-27 10:13:13.266 | INFO     | algorithms.der_pp:train:95 - Starting epoch 1 / 1
2023-01-27 10:13:15.929 | INFO     | algorithms.der_pp:train:159 - 2:1:40, loss: 3.434
2023-01-27 10:13:18.539 | INFO     | algorithms.der_pp:train:159 - 2:1:80, loss: 2.669
2023-01-27 10:13:21.142 | INFO     | algorithms.der_pp:train:159 - 2:1:120, loss: 2.434
2023-01-27 10:13:23.745 | INFO     | algorithms.der_pp:train:159 - 2:1:160, loss: 2.167
2023-01-27 10:13:26.345 | INFO     | algorithms.der_pp:train:159 - 2:1:200, loss: 1.985
2023-01-27 10:13:28.945 | INFO     | algorithms.der_pp:train:159 - 2:1:240, loss: 1.836
2023-01-27 10:13:31.545 | INFO     | algorithms.der_pp:train:159 - 2:1:280, loss: 1.695
2023-01-27 10:13:34.153 | INFO     | algorithms.der_pp:train:159 - 2:1:320, loss: 1.601
2023-01-27 10:13:36.754 | INFO     | algorithms.der_pp:train:159 - 2:1:360, loss: 1.564
2023-01-27 10:13:39.358 | INFO     | algorithms.der_pp:train:159 - 2:1:400, loss: 1.543
2023-01-27 10:13:41.968 | INFO     | algorithms.der_pp:train:159 - 2:1:440, loss: 1.400
2023-01-27 10:13:44.580 | INFO     | algorithms.der_pp:train:159 - 2:1:480, loss: 1.407
2023-01-27 10:13:47.191 | INFO     | algorithms.der_pp:train:159 - 2:1:520, loss: 1.364
2023-01-27 10:13:49.789 | INFO     | algorithms.der_pp:train:159 - 2:1:560, loss: 1.276
2023-01-27 10:13:52.391 | INFO     | algorithms.der_pp:train:159 - 2:1:600, loss: 1.325
2023-01-27 10:13:53.949 | DEBUG    | algorithms.der_pp:train:162 - Current sample stats:
2023-01-27 10:13:53.950 | DEBUG    | algorithms.der_pp:train:165 - 2 has 833 samples
2023-01-27 10:13:53.951 | DEBUG    | algorithms.der_pp:train:165 - 1 has 833 samples
2023-01-27 10:13:53.952 | DEBUG    | algorithms.der_pp:train:165 - 9 has 833 samples
2023-01-27 10:13:53.952 | DEBUG    | algorithms.der_pp:train:165 - 3 has 833 samples
2023-01-27 10:13:53.953 | DEBUG    | algorithms.der_pp:train:165 - 0 has 834 samples
2023-01-27 10:13:53.954 | DEBUG    | algorithms.der_pp:train:165 - 4 has 834 samples
2023-01-27 10:13:53.955 | INFO     | algorithms.der_pp:train:170 - 1, loss: 1.822
2023-01-27 10:13:53.955 | INFO     | algorithms.algorithm_base:run_base_task_metrics:144 - Running metrics: Task 2
2023-01-27 10:13:58.616 | DEBUG    | algorithms.algorithm_base:run_base_task_metrics:200 - Raw classification accuracy results saved to ./output_cifar10_5k/der_pp/1674814298.1729293_CIFAR10_OFFICIAL_RUN/task_2_accuracy_results.json
2023-01-27 10:13:58.617 | INFO     | algorithms.algorithm_base:run_base_task_metrics:201 - Correctly classified 1891 / 10000 samples (18.91% correct)
2023-01-27 10:13:58.750 | INFO     | algorithms.der_pp:train:86 - Task 4 / 5
2023-01-27 10:13:58.754 | INFO     | algorithms.der_pp:train:87 - Classes in task: ['dog', 'horse']
2023-01-27 10:13:58.755 | INFO     | algorithms.der_pp:train:95 - Starting epoch 1 / 1
2023-01-27 10:14:01.418 | INFO     | algorithms.der_pp:train:159 - 3:1:40, loss: 3.814
2023-01-27 10:14:04.014 | INFO     | algorithms.der_pp:train:159 - 3:1:80, loss: 3.199
2023-01-27 10:14:06.617 | INFO     | algorithms.der_pp:train:159 - 3:1:120, loss: 2.827
2023-01-27 10:14:09.213 | INFO     | algorithms.der_pp:train:159 - 3:1:160, loss: 2.459
2023-01-27 10:14:11.807 | INFO     | algorithms.der_pp:train:159 - 3:1:200, loss: 2.307
2023-01-27 10:14:14.405 | INFO     | algorithms.der_pp:train:159 - 3:1:240, loss: 2.188
2023-01-27 10:14:17.006 | INFO     | algorithms.der_pp:train:159 - 3:1:280, loss: 2.041
2023-01-27 10:14:19.607 | INFO     | algorithms.der_pp:train:159 - 3:1:320, loss: 1.935
2023-01-27 10:14:22.215 | INFO     | algorithms.der_pp:train:159 - 3:1:360, loss: 1.913
2023-01-27 10:14:24.820 | INFO     | algorithms.der_pp:train:159 - 3:1:400, loss: 1.755
2023-01-27 10:14:27.429 | INFO     | algorithms.der_pp:train:159 - 3:1:440, loss: 1.737
2023-01-27 10:14:30.036 | INFO     | algorithms.der_pp:train:159 - 3:1:480, loss: 1.659
2023-01-27 10:14:32.649 | INFO     | algorithms.der_pp:train:159 - 3:1:520, loss: 1.608
2023-01-27 10:14:35.259 | INFO     | algorithms.der_pp:train:159 - 3:1:560, loss: 1.582
2023-01-27 10:14:37.873 | INFO     | algorithms.der_pp:train:159 - 3:1:600, loss: 1.554
2023-01-27 10:14:39.440 | DEBUG    | algorithms.der_pp:train:162 - Current sample stats:
2023-01-27 10:14:39.440 | DEBUG    | algorithms.der_pp:train:165 - 2 has 625 samples
2023-01-27 10:14:39.441 | DEBUG    | algorithms.der_pp:train:165 - 1 has 625 samples
2023-01-27 10:14:39.442 | DEBUG    | algorithms.der_pp:train:165 - 9 has 625 samples
2023-01-27 10:14:39.443 | DEBUG    | algorithms.der_pp:train:165 - 3 has 625 samples
2023-01-27 10:14:39.444 | DEBUG    | algorithms.der_pp:train:165 - 0 has 625 samples
2023-01-27 10:14:39.444 | DEBUG    | algorithms.der_pp:train:165 - 4 has 625 samples
2023-01-27 10:14:39.445 | DEBUG    | algorithms.der_pp:train:165 - 5 has 625 samples
2023-01-27 10:14:39.446 | DEBUG    | algorithms.der_pp:train:165 - 7 has 625 samples
2023-01-27 10:14:39.447 | INFO     | algorithms.der_pp:train:170 - 1, loss: 2.148
2023-01-27 10:14:39.447 | INFO     | algorithms.algorithm_base:run_base_task_metrics:144 - Running metrics: Task 3
2023-01-27 10:14:44.073 | DEBUG    | algorithms.algorithm_base:run_base_task_metrics:200 - Raw classification accuracy results saved to ./output_cifar10_5k/der_pp/1674814298.1729293_CIFAR10_OFFICIAL_RUN/task_3_accuracy_results.json
2023-01-27 10:14:44.074 | INFO     | algorithms.algorithm_base:run_base_task_metrics:201 - Correctly classified 3357 / 10000 samples (33.57% correct)
2023-01-27 10:14:44.208 | INFO     | algorithms.der_pp:train:86 - Task 5 / 5
2023-01-27 10:14:44.213 | INFO     | algorithms.der_pp:train:87 - Classes in task: ['frog', 'ship']
2023-01-27 10:14:44.214 | INFO     | algorithms.der_pp:train:95 - Starting epoch 1 / 1
2023-01-27 10:14:46.892 | INFO     | algorithms.der_pp:train:159 - 4:1:40, loss: 3.555
2023-01-27 10:14:49.501 | INFO     | algorithms.der_pp:train:159 - 4:1:80, loss: 2.787
2023-01-27 10:14:52.112 | INFO     | algorithms.der_pp:train:159 - 4:1:120, loss: 2.492
2023-01-27 10:14:54.712 | INFO     | algorithms.der_pp:train:159 - 4:1:160, loss: 2.202
2023-01-27 10:14:57.317 | INFO     | algorithms.der_pp:train:159 - 4:1:200, loss: 1.988
2023-01-27 10:14:59.923 | INFO     | algorithms.der_pp:train:159 - 4:1:240, loss: 1.855
2023-01-27 10:15:02.534 | INFO     | algorithms.der_pp:train:159 - 4:1:280, loss: 1.669
2023-01-27 10:15:05.142 | INFO     | algorithms.der_pp:train:159 - 4:1:320, loss: 1.540
2023-01-27 10:15:07.755 | INFO     | algorithms.der_pp:train:159 - 4:1:360, loss: 1.463
2023-01-27 10:15:10.359 | INFO     | algorithms.der_pp:train:159 - 4:1:400, loss: 1.496
2023-01-27 10:15:12.972 | INFO     | algorithms.der_pp:train:159 - 4:1:440, loss: 1.344
2023-01-27 10:15:15.584 | INFO     | algorithms.der_pp:train:159 - 4:1:480, loss: 1.361
2023-01-27 10:15:18.190 | INFO     | algorithms.der_pp:train:159 - 4:1:520, loss: 1.234
2023-01-27 10:15:20.800 | INFO     | algorithms.der_pp:train:159 - 4:1:560, loss: 1.234
2023-01-27 10:15:23.413 | INFO     | algorithms.der_pp:train:159 - 4:1:600, loss: 1.238
2023-01-27 10:15:24.981 | DEBUG    | algorithms.der_pp:train:162 - Current sample stats:
2023-01-27 10:15:24.982 | DEBUG    | algorithms.der_pp:train:165 - 2 has 500 samples
2023-01-27 10:15:24.983 | DEBUG    | algorithms.der_pp:train:165 - 1 has 500 samples
2023-01-27 10:15:24.984 | DEBUG    | algorithms.der_pp:train:165 - 9 has 500 samples
2023-01-27 10:15:24.984 | DEBUG    | algorithms.der_pp:train:165 - 3 has 500 samples
2023-01-27 10:15:24.985 | DEBUG    | algorithms.der_pp:train:165 - 0 has 500 samples
2023-01-27 10:15:24.986 | DEBUG    | algorithms.der_pp:train:165 - 4 has 500 samples
2023-01-27 10:15:24.987 | DEBUG    | algorithms.der_pp:train:165 - 5 has 500 samples
2023-01-27 10:15:24.988 | DEBUG    | algorithms.der_pp:train:165 - 7 has 500 samples
2023-01-27 10:15:24.988 | DEBUG    | algorithms.der_pp:train:165 - 8 has 500 samples
2023-01-27 10:15:24.989 | DEBUG    | algorithms.der_pp:train:165 - 6 has 500 samples
2023-01-27 10:15:24.990 | INFO     | algorithms.der_pp:train:170 - 1, loss: 1.808
2023-01-27 10:15:24.991 | INFO     | algorithms.algorithm_base:run_base_task_metrics:144 - Running metrics: Task 4
2023-01-27 10:15:29.681 | DEBUG    | algorithms.algorithm_base:run_base_task_metrics:200 - Raw classification accuracy results saved to ./output_cifar10_5k/der_pp/1674814298.1729293_CIFAR10_OFFICIAL_RUN/task_4_accuracy_results.json
2023-01-27 10:15:29.683 | INFO     | algorithms.algorithm_base:run_base_task_metrics:201 - Correctly classified 2859 / 10000 samples (28.59% correct)
2023-01-27 10:15:29.816 | INFO     | algorithms.der_pp:train:178 - Training complete
2023-01-27 10:15:29.820 | INFO     | __main__:run_experiment:286 - Training and evaluation completed!
2023-01-27 10:15:29.822 | INFO     | __main__:run_experiment:300 - Wrote usage stats to file
2023-01-27 10:15:29.822 | INFO     | __main__:main:340 - Complete
2023-01-27 10:15:29.824 | INFO     | __main__:close_tensorboard_writer:248 - Shut down TensorBoard
