2023-02-07 11:56:56.387 | INFO     | __main__:setup_files:208 - Experiment Name: OFFICIAL_RUN
2023-02-07 11:56:56.389 | INFO     | __main__:main:322 - Command line arguments: Configuration(algorithm='derpp', dataset='cifar10', classes_per_task=2, seed=9767, samples=500)
2023-02-07 11:56:56.391 | INFO     | __main__:main:326 - Seeded random to 9767
2023-02-07 11:56:56.391 | INFO     | __main__:main:330 - Got CUDA device
2023-02-07 11:56:56.392 | INFO     | __main__:force_cuda_load:258 - Forcing CUDA initialisation...
2023-02-07 11:56:56.446 | INFO     | __main__:main:334 - CUDA initialised
2023-02-07 11:56:56.447 | INFO     | __main__:setup_shutdown_hook:254 - To access TensorBoard, run the command: tensorboard --logdir=./output_cifar10_varied_sampling/der_pp/1675771016.383678_CIFAR10_OFFICIAL_RUN
2023-02-07 11:56:56.449 | INFO     | __main__:main:338 - Setup shutdown hooks
2023-02-07 11:56:56.572 | INFO     | __main__:main:343 - Model is setup
2023-02-07 11:56:56.574 | INFO     | __main__:main:345 - Complete pre-setup, starting experiment
2023-02-07 11:56:57.792 | INFO     | datasets.dataset_base:__init__:80 - Using disjoint tasks with 2 (5 tasks) with a randomised split
2023-02-07 11:56:57.794 | DEBUG    | datasets.dataset_base:_setup_task_datasets:95 - Splitting dataset into 5 disjoint tasks
2023-02-07 11:56:57.813 | INFO     | datasets.dataset_base:__init__:85 - {
  "name": "datasets.cifar10.CIFAR10",
  "dataset_class": "torchvision.datasets.cifar.CIFAR10",
  "training_dataset_parameters": "{'train': True, 'download': True}",
  "testing_dataset_parameters": "{'train': False, 'download': True}",
  "training_transform": "Compose(\n    Resize(size=(32, 32), interpolation=bilinear, max_size=None, antialias=None)\n    ToTensor()\n    Normalize(mean=(0.4914, 0.4822, 0.4465), std=(0.247, 0.2435, 0.2616))\n    RandomCrop(size=(32, 32), padding=4)\n    RandomHorizontalFlip(p=0.5)\n)",
  "testing_transform": "Compose(\n    Resize(size=(32, 32), interpolation=bilinear, max_size=None, antialias=None)\n    ToTensor()\n    Normalize(mean=(0.4914, 0.4822, 0.4465), std=(0.247, 0.2435, 0.2616))\n)",
  "classes": "plane, car, bird, cat, deer, dog, frog, horse, ship, truck",
  "disjoint": true,
  "task_count": 5,
  "classes_per_task": [
    2
  ],
  "task_split_indices": [
    [
      0,
      6
    ],
    [
      4,
      5
    ],
    [
      7,
      2
    ],
    [
      1,
      3
    ],
    [
      9,
      8
    ]
  ],
  "task_split_classes": [
    [
      "plane",
      "frog"
    ],
    [
      "deer",
      "dog"
    ],
    [
      "horse",
      "bird"
    ],
    [
      "car",
      "cat"
    ],
    [
      "truck",
      "ship"
    ]
  ]
}
2023-02-07 11:56:57.817 | DEBUG    | __main__:run_experiment:282 - PID: 18044
2023-02-07 11:56:57.818 | INFO     | __main__:run_experiment:284 - Starting...
2023-02-07 11:56:57.818 | INFO     | algorithms.algorithm_base:train:116 - {
  "name": "algorithms.der_pp.DarkExperiencePlusPlus",
  "model_class": "models.cifar.resnet.ResNet",
  "device": "cuda:0",
  "dataset_class": "datasets.cifar10.CIFAR10",
  "optimiser_class": "torch.optim.sgd.SGD",
  "loss_criterion_class": "torch.nn.modules.loss.CrossEntropyLoss",
  "epochs_per_task": 1,
  "batch_size": 16,
  "max_memory_samples": 500,
  "alpha": 0.5,
  "beta": 0.5
}
2023-02-07 11:56:57.820 | DEBUG    | algorithms.algorithm_base:_setup_training:109 - Model moved to cuda:0 and set to train mode
2023-02-07 11:56:57.821 | INFO     | algorithms.algorithm_base:train:118 - Starting training
2023-02-07 11:56:57.822 | INFO     | algorithms.der_pp:train:86 - Task 1 / 5
2023-02-07 11:56:57.822 | INFO     | algorithms.der_pp:train:87 - Classes in task: ['plane', 'frog']
2023-02-07 11:56:57.823 | INFO     | algorithms.der_pp:train:95 - Starting epoch 1 / 1
2023-02-07 11:57:03.116 | INFO     | algorithms.der_pp:train:159 - 0:1:40, loss: 3.144
2023-02-07 11:57:05.764 | INFO     | algorithms.der_pp:train:159 - 0:1:80, loss: 2.392
2023-02-07 11:57:08.659 | INFO     | algorithms.der_pp:train:159 - 0:1:120, loss: 2.016
2023-02-07 11:57:11.786 | INFO     | algorithms.der_pp:train:159 - 0:1:160, loss: 1.744
2023-02-07 11:57:14.798 | INFO     | algorithms.der_pp:train:159 - 0:1:200, loss: 1.581
2023-02-07 11:57:17.527 | INFO     | algorithms.der_pp:train:159 - 0:1:240, loss: 1.256
2023-02-07 11:57:20.245 | INFO     | algorithms.der_pp:train:159 - 0:1:280, loss: 1.194
2023-02-07 11:57:22.937 | INFO     | algorithms.der_pp:train:159 - 0:1:320, loss: 1.108
2023-02-07 11:57:25.692 | INFO     | algorithms.der_pp:train:159 - 0:1:360, loss: 1.062
2023-02-07 11:57:28.395 | INFO     | algorithms.der_pp:train:159 - 0:1:400, loss: 1.059
2023-02-07 11:57:31.003 | INFO     | algorithms.der_pp:train:159 - 0:1:440, loss: 0.967
2023-02-07 11:57:33.608 | INFO     | algorithms.der_pp:train:159 - 0:1:480, loss: 0.849
2023-02-07 11:57:36.214 | INFO     | algorithms.der_pp:train:159 - 0:1:520, loss: 0.786
2023-02-07 11:57:38.813 | INFO     | algorithms.der_pp:train:159 - 0:1:560, loss: 0.805
2023-02-07 11:57:41.410 | INFO     | algorithms.der_pp:train:159 - 0:1:600, loss: 0.750
2023-02-07 11:57:42.970 | DEBUG    | algorithms.der_pp:train:162 - Current sample stats:
2023-02-07 11:57:42.970 | DEBUG    | algorithms.der_pp:train:165 - 6 has 250 samples
2023-02-07 11:57:42.971 | DEBUG    | algorithms.der_pp:train:165 - 0 has 250 samples
2023-02-07 11:57:42.972 | INFO     | algorithms.der_pp:train:170 - 1, loss: 1.358
2023-02-07 11:57:42.973 | INFO     | algorithms.algorithm_base:run_base_task_metrics:144 - Running metrics: Task 0
2023-02-07 11:57:47.703 | DEBUG    | algorithms.algorithm_base:run_base_task_metrics:200 - Raw classification accuracy results saved to ./output_cifar10_varied_sampling/der_pp/1675771016.383678_CIFAR10_OFFICIAL_RUN/task_0_accuracy_results.json
2023-02-07 11:57:47.705 | INFO     | algorithms.algorithm_base:run_base_task_metrics:201 - Correctly classified 1844 / 10000 samples (18.44% correct)
2023-02-07 11:57:47.931 | INFO     | algorithms.der_pp:train:86 - Task 2 / 5
2023-02-07 11:57:47.936 | INFO     | algorithms.der_pp:train:87 - Classes in task: ['deer', 'dog']
2023-02-07 11:57:47.937 | INFO     | algorithms.der_pp:train:95 - Starting epoch 1 / 1
2023-02-07 11:57:50.602 | INFO     | algorithms.der_pp:train:159 - 1:1:40, loss: 4.751
2023-02-07 11:57:53.192 | INFO     | algorithms.der_pp:train:159 - 1:1:80, loss: 3.955
2023-02-07 11:57:55.791 | INFO     | algorithms.der_pp:train:159 - 1:1:120, loss: 3.393
2023-02-07 11:57:58.388 | INFO     | algorithms.der_pp:train:159 - 1:1:160, loss: 3.094
2023-02-07 11:58:00.988 | INFO     | algorithms.der_pp:train:159 - 1:1:200, loss: 2.739
2023-02-07 11:58:03.585 | INFO     | algorithms.der_pp:train:159 - 1:1:240, loss: 2.539
2023-02-07 11:58:06.183 | INFO     | algorithms.der_pp:train:159 - 1:1:280, loss: 2.351
2023-02-07 11:58:08.786 | INFO     | algorithms.der_pp:train:159 - 1:1:320, loss: 2.226
2023-02-07 11:58:11.390 | INFO     | algorithms.der_pp:train:159 - 1:1:360, loss: 2.102
2023-02-07 11:58:13.993 | INFO     | algorithms.der_pp:train:159 - 1:1:400, loss: 2.136
2023-02-07 11:58:16.600 | INFO     | algorithms.der_pp:train:159 - 1:1:440, loss: 2.033
2023-02-07 11:58:19.197 | INFO     | algorithms.der_pp:train:159 - 1:1:480, loss: 2.019
2023-02-07 11:58:21.803 | INFO     | algorithms.der_pp:train:159 - 1:1:520, loss: 1.864
2023-02-07 11:58:24.405 | INFO     | algorithms.der_pp:train:159 - 1:1:560, loss: 1.838
2023-02-07 11:58:27.005 | INFO     | algorithms.der_pp:train:159 - 1:1:600, loss: 1.897
2023-02-07 11:58:28.565 | DEBUG    | algorithms.der_pp:train:162 - Current sample stats:
2023-02-07 11:58:28.566 | DEBUG    | algorithms.der_pp:train:165 - 6 has 125 samples
2023-02-07 11:58:28.566 | DEBUG    | algorithms.der_pp:train:165 - 0 has 125 samples
2023-02-07 11:58:28.567 | DEBUG    | algorithms.der_pp:train:165 - 4 has 125 samples
2023-02-07 11:58:28.568 | DEBUG    | algorithms.der_pp:train:165 - 5 has 125 samples
2023-02-07 11:58:28.569 | INFO     | algorithms.der_pp:train:170 - 1, loss: 2.568
2023-02-07 11:58:28.569 | INFO     | algorithms.algorithm_base:run_base_task_metrics:144 - Running metrics: Task 1
2023-02-07 11:58:33.165 | DEBUG    | algorithms.algorithm_base:run_base_task_metrics:200 - Raw classification accuracy results saved to ./output_cifar10_varied_sampling/der_pp/1675771016.383678_CIFAR10_OFFICIAL_RUN/task_1_accuracy_results.json
2023-02-07 11:58:33.167 | INFO     | algorithms.algorithm_base:run_base_task_metrics:201 - Correctly classified 2603 / 10000 samples (26.03% correct)
2023-02-07 11:58:33.299 | INFO     | algorithms.der_pp:train:86 - Task 3 / 5
2023-02-07 11:58:33.304 | INFO     | algorithms.der_pp:train:87 - Classes in task: ['horse', 'bird']
2023-02-07 11:58:33.305 | INFO     | algorithms.der_pp:train:95 - Starting epoch 1 / 1
2023-02-07 11:58:35.969 | INFO     | algorithms.der_pp:train:159 - 2:1:40, loss: 4.824
2023-02-07 11:58:38.568 | INFO     | algorithms.der_pp:train:159 - 2:1:80, loss: 4.062
2023-02-07 11:58:41.175 | INFO     | algorithms.der_pp:train:159 - 2:1:120, loss: 3.602
2023-02-07 11:58:43.773 | INFO     | algorithms.der_pp:train:159 - 2:1:160, loss: 3.316
2023-02-07 11:58:46.375 | INFO     | algorithms.der_pp:train:159 - 2:1:200, loss: 3.104
2023-02-07 11:58:48.976 | INFO     | algorithms.der_pp:train:159 - 2:1:240, loss: 3.013
2023-02-07 11:58:51.578 | INFO     | algorithms.der_pp:train:159 - 2:1:280, loss: 2.815
2023-02-07 11:58:54.182 | INFO     | algorithms.der_pp:train:159 - 2:1:320, loss: 2.715
2023-02-07 11:58:56.782 | INFO     | algorithms.der_pp:train:159 - 2:1:360, loss: 2.538
2023-02-07 11:58:59.380 | INFO     | algorithms.der_pp:train:159 - 2:1:400, loss: 2.479
2023-02-07 11:59:01.985 | INFO     | algorithms.der_pp:train:159 - 2:1:440, loss: 2.422
2023-02-07 11:59:04.587 | INFO     | algorithms.der_pp:train:159 - 2:1:480, loss: 2.391
2023-02-07 11:59:07.188 | INFO     | algorithms.der_pp:train:159 - 2:1:520, loss: 2.378
2023-02-07 11:59:09.791 | INFO     | algorithms.der_pp:train:159 - 2:1:560, loss: 2.298
2023-02-07 11:59:12.389 | INFO     | algorithms.der_pp:train:159 - 2:1:600, loss: 2.275
2023-02-07 11:59:13.953 | DEBUG    | algorithms.der_pp:train:162 - Current sample stats:
2023-02-07 11:59:13.954 | DEBUG    | algorithms.der_pp:train:165 - 6 has 83 samples
2023-02-07 11:59:13.954 | DEBUG    | algorithms.der_pp:train:165 - 0 has 83 samples
2023-02-07 11:59:13.955 | DEBUG    | algorithms.der_pp:train:165 - 4 has 83 samples
2023-02-07 11:59:13.956 | DEBUG    | algorithms.der_pp:train:165 - 5 has 83 samples
2023-02-07 11:59:13.956 | DEBUG    | algorithms.der_pp:train:165 - 2 has 84 samples
2023-02-07 11:59:13.957 | DEBUG    | algorithms.der_pp:train:165 - 7 has 84 samples
2023-02-07 11:59:13.958 | INFO     | algorithms.der_pp:train:170 - 1, loss: 2.918
2023-02-07 11:59:13.959 | INFO     | algorithms.algorithm_base:run_base_task_metrics:144 - Running metrics: Task 2
2023-02-07 11:59:18.544 | DEBUG    | algorithms.algorithm_base:run_base_task_metrics:200 - Raw classification accuracy results saved to ./output_cifar10_varied_sampling/der_pp/1675771016.383678_CIFAR10_OFFICIAL_RUN/task_2_accuracy_results.json
2023-02-07 11:59:18.546 | INFO     | algorithms.algorithm_base:run_base_task_metrics:201 - Correctly classified 3089 / 10000 samples (30.89% correct)
2023-02-07 11:59:18.677 | INFO     | algorithms.der_pp:train:86 - Task 4 / 5
2023-02-07 11:59:18.681 | INFO     | algorithms.der_pp:train:87 - Classes in task: ['car', 'cat']
2023-02-07 11:59:18.682 | INFO     | algorithms.der_pp:train:95 - Starting epoch 1 / 1
2023-02-07 11:59:21.350 | INFO     | algorithms.der_pp:train:159 - 3:1:40, loss: 4.799
2023-02-07 11:59:23.948 | INFO     | algorithms.der_pp:train:159 - 3:1:80, loss: 3.917
2023-02-07 11:59:26.548 | INFO     | algorithms.der_pp:train:159 - 3:1:120, loss: 3.456
2023-02-07 11:59:29.150 | INFO     | algorithms.der_pp:train:159 - 3:1:160, loss: 3.161
2023-02-07 11:59:31.751 | INFO     | algorithms.der_pp:train:159 - 3:1:200, loss: 2.805
2023-02-07 11:59:34.351 | INFO     | algorithms.der_pp:train:159 - 3:1:240, loss: 2.721
2023-02-07 11:59:36.950 | INFO     | algorithms.der_pp:train:159 - 3:1:280, loss: 2.460
2023-02-07 11:59:39.551 | INFO     | algorithms.der_pp:train:159 - 3:1:320, loss: 2.422
2023-02-07 11:59:42.151 | INFO     | algorithms.der_pp:train:159 - 3:1:360, loss: 2.339
2023-02-07 11:59:44.750 | INFO     | algorithms.der_pp:train:159 - 3:1:400, loss: 2.351
2023-02-07 11:59:47.350 | INFO     | algorithms.der_pp:train:159 - 3:1:440, loss: 2.232
2023-02-07 11:59:49.952 | INFO     | algorithms.der_pp:train:159 - 3:1:480, loss: 2.157
2023-02-07 11:59:52.551 | INFO     | algorithms.der_pp:train:159 - 3:1:520, loss: 2.226
2023-02-07 11:59:55.151 | INFO     | algorithms.der_pp:train:159 - 3:1:560, loss: 2.099
2023-02-07 11:59:57.750 | INFO     | algorithms.der_pp:train:159 - 3:1:600, loss: 2.096
2023-02-07 11:59:59.309 | DEBUG    | algorithms.der_pp:train:162 - Current sample stats:
2023-02-07 11:59:59.310 | DEBUG    | algorithms.der_pp:train:165 - 6 has 62 samples
2023-02-07 11:59:59.311 | DEBUG    | algorithms.der_pp:train:165 - 0 has 62 samples
2023-02-07 11:59:59.311 | DEBUG    | algorithms.der_pp:train:165 - 4 has 62 samples
2023-02-07 11:59:59.311 | DEBUG    | algorithms.der_pp:train:165 - 5 has 62 samples
2023-02-07 11:59:59.312 | DEBUG    | algorithms.der_pp:train:165 - 2 has 63 samples
2023-02-07 11:59:59.313 | DEBUG    | algorithms.der_pp:train:165 - 7 has 63 samples
2023-02-07 11:59:59.313 | DEBUG    | algorithms.der_pp:train:165 - 3 has 63 samples
2023-02-07 11:59:59.314 | DEBUG    | algorithms.der_pp:train:165 - 1 has 63 samples
2023-02-07 11:59:59.315 | INFO     | algorithms.der_pp:train:170 - 1, loss: 2.725
2023-02-07 11:59:59.315 | INFO     | algorithms.algorithm_base:run_base_task_metrics:144 - Running metrics: Task 3
2023-02-07 12:00:03.930 | DEBUG    | algorithms.algorithm_base:run_base_task_metrics:200 - Raw classification accuracy results saved to ./output_cifar10_varied_sampling/der_pp/1675771016.383678_CIFAR10_OFFICIAL_RUN/task_3_accuracy_results.json
2023-02-07 12:00:03.932 | INFO     | algorithms.algorithm_base:run_base_task_metrics:201 - Correctly classified 3642 / 10000 samples (36.42% correct)
2023-02-07 12:00:04.065 | INFO     | algorithms.der_pp:train:86 - Task 5 / 5
2023-02-07 12:00:04.070 | INFO     | algorithms.der_pp:train:87 - Classes in task: ['truck', 'ship']
2023-02-07 12:00:04.070 | INFO     | algorithms.der_pp:train:95 - Starting epoch 1 / 1
2023-02-07 12:00:06.735 | INFO     | algorithms.der_pp:train:159 - 4:1:40, loss: 5.191
2023-02-07 12:00:09.388 | INFO     | algorithms.der_pp:train:159 - 4:1:80, loss: 4.229
2023-02-07 12:00:12.161 | INFO     | algorithms.der_pp:train:159 - 4:1:120, loss: 3.806
2023-02-07 12:00:14.884 | INFO     | algorithms.der_pp:train:159 - 4:1:160, loss: 3.468
2023-02-07 12:00:17.623 | INFO     | algorithms.der_pp:train:159 - 4:1:200, loss: 3.143
2023-02-07 12:00:20.418 | INFO     | algorithms.der_pp:train:159 - 4:1:240, loss: 2.929
2023-02-07 12:00:23.149 | INFO     | algorithms.der_pp:train:159 - 4:1:280, loss: 2.729
2023-02-07 12:00:25.750 | INFO     | algorithms.der_pp:train:159 - 4:1:320, loss: 2.614
2023-02-07 12:00:28.348 | INFO     | algorithms.der_pp:train:159 - 4:1:360, loss: 2.485
2023-02-07 12:00:30.945 | INFO     | algorithms.der_pp:train:159 - 4:1:400, loss: 2.428
2023-02-07 12:00:33.544 | INFO     | algorithms.der_pp:train:159 - 4:1:440, loss: 2.384
2023-02-07 12:00:36.144 | INFO     | algorithms.der_pp:train:159 - 4:1:480, loss: 2.229
2023-02-07 12:00:38.742 | INFO     | algorithms.der_pp:train:159 - 4:1:520, loss: 2.171
2023-02-07 12:00:41.341 | INFO     | algorithms.der_pp:train:159 - 4:1:560, loss: 2.133
2023-02-07 12:00:43.936 | INFO     | algorithms.der_pp:train:159 - 4:1:600, loss: 2.153
2023-02-07 12:00:45.498 | DEBUG    | algorithms.der_pp:train:162 - Current sample stats:
2023-02-07 12:00:45.499 | DEBUG    | algorithms.der_pp:train:165 - 6 has 50 samples
2023-02-07 12:00:45.500 | DEBUG    | algorithms.der_pp:train:165 - 0 has 50 samples
2023-02-07 12:00:45.501 | DEBUG    | algorithms.der_pp:train:165 - 4 has 50 samples
2023-02-07 12:00:45.501 | DEBUG    | algorithms.der_pp:train:165 - 5 has 50 samples
2023-02-07 12:00:45.502 | DEBUG    | algorithms.der_pp:train:165 - 2 has 50 samples
2023-02-07 12:00:45.503 | DEBUG    | algorithms.der_pp:train:165 - 7 has 50 samples
2023-02-07 12:00:45.504 | DEBUG    | algorithms.der_pp:train:165 - 3 has 50 samples
2023-02-07 12:00:45.504 | DEBUG    | algorithms.der_pp:train:165 - 1 has 50 samples
2023-02-07 12:00:45.505 | DEBUG    | algorithms.der_pp:train:165 - 8 has 50 samples
2023-02-07 12:00:45.506 | DEBUG    | algorithms.der_pp:train:165 - 9 has 50 samples
2023-02-07 12:00:45.506 | INFO     | algorithms.der_pp:train:170 - 1, loss: 2.910
2023-02-07 12:00:45.507 | INFO     | algorithms.algorithm_base:run_base_task_metrics:144 - Running metrics: Task 4
2023-02-07 12:00:50.076 | DEBUG    | algorithms.algorithm_base:run_base_task_metrics:200 - Raw classification accuracy results saved to ./output_cifar10_varied_sampling/der_pp/1675771016.383678_CIFAR10_OFFICIAL_RUN/task_4_accuracy_results.json
2023-02-07 12:00:50.078 | INFO     | algorithms.algorithm_base:run_base_task_metrics:201 - Correctly classified 4288 / 10000 samples (42.88% correct)
2023-02-07 12:00:50.211 | INFO     | algorithms.der_pp:train:178 - Training complete
2023-02-07 12:00:50.216 | INFO     | __main__:run_experiment:290 - Training and evaluation completed!
2023-02-07 12:00:50.217 | INFO     | __main__:run_experiment:304 - Wrote usage stats to file
2023-02-07 12:00:50.218 | INFO     | __main__:main:351 - Complete
2023-02-07 12:00:50.218 | INFO     | __main__:close_tensorboard_writer:252 - Shut down TensorBoard
