2023-01-27 11:50:03.912 | INFO     | __main__:setup_files:206 - Experiment Name: OFFICIAL_RUN
2023-01-27 11:50:03.913 | INFO     | __main__:main:311 - Command line arguments: Configuration(algorithm='scr', dataset='cifar10', classes_per_task=2, seed=2843)
2023-01-27 11:50:03.915 | INFO     | __main__:main:315 - Seeded random to 2843
2023-01-27 11:50:03.915 | INFO     | __main__:main:319 - Got CUDA device
2023-01-27 11:50:03.916 | INFO     | __main__:force_cuda_load:254 - Forcing CUDA initialisation...
2023-01-27 11:50:03.979 | INFO     | __main__:main:323 - CUDA initialised
2023-01-27 11:50:03.981 | INFO     | __main__:setup_shutdown_hook:250 - To access TensorBoard, run the command: tensorboard --logdir=./output_cifar10_5k/scr/1674820203.892797_CIFAR10_OFFICIAL_RUN
2023-01-27 11:50:03.989 | INFO     | __main__:main:327 - Setup shutdown hooks
2023-01-27 11:50:04.013 | INFO     | __main__:main:332 - Model is setup
2023-01-27 11:50:04.014 | INFO     | __main__:main:334 - Complete pre-setup, starting experiment
2023-01-27 11:50:05.175 | INFO     | datasets.dataset_base:__init__:80 - Using disjoint tasks with 2 (5 tasks) with a randomised split
2023-01-27 11:50:05.175 | DEBUG    | datasets.dataset_base:_setup_task_datasets:95 - Splitting dataset into 5 disjoint tasks
2023-01-27 11:50:05.194 | INFO     | datasets.dataset_base:__init__:85 - {
  "name": "datasets.cifar10.CIFAR10",
  "dataset_class": "torchvision.datasets.cifar.CIFAR10",
  "training_dataset_parameters": "{'train': True, 'download': True}",
  "testing_dataset_parameters": "{'train': False, 'download': True}",
  "training_transform": "Compose(\n    Resize(size=(32, 32), interpolation=bilinear, max_size=None, antialias=None)\n    ToTensor()\n    Normalize(mean=(0.4914, 0.4822, 0.4465), std=(0.247, 0.2435, 0.2616))\n    RandomCrop(size=(32, 32), padding=4)\n    RandomHorizontalFlip(p=0.5)\n)",
  "testing_transform": "Compose(\n    Resize(size=(32, 32), interpolation=bilinear, max_size=None, antialias=None)\n    ToTensor()\n    Normalize(mean=(0.4914, 0.4822, 0.4465), std=(0.247, 0.2435, 0.2616))\n)",
  "classes": "plane, car, bird, cat, deer, dog, frog, horse, ship, truck",
  "disjoint": true,
  "task_count": 5,
  "classes_per_task": [
    2
  ],
  "task_split_indices": [
    [
      4,
      3
    ],
    [
      7,
      2
    ],
    [
      1,
      6
    ],
    [
      5,
      8
    ],
    [
      0,
      9
    ]
  ],
  "task_split_classes": [
    [
      "deer",
      "cat"
    ],
    [
      "horse",
      "bird"
    ],
    [
      "car",
      "frog"
    ],
    [
      "dog",
      "ship"
    ],
    [
      "plane",
      "truck"
    ]
  ]
}
2023-01-27 11:50:05.216 | DEBUG    | __main__:run_experiment:278 - PID: 23400
2023-01-27 11:50:05.218 | INFO     | __main__:run_experiment:280 - Starting...
2023-01-27 11:50:05.219 | INFO     | algorithms.algorithm_base:train:116 - {
  "name": "algorithms.scr.SupervisedContrastiveReplay",
  "model_class": "models.scr.scr_resnet.SupConResNet",
  "device": "cuda:0",
  "dataset_class": "datasets.cifar10.CIFAR10",
  "optimiser_class": "torch.optim.sgd.SGD",
  "loss_criterion_class": "torch.nn.modules.loss.CrossEntropyLoss",
  "epochs_per_task": 1,
  "batch_size": 10,
  "max_memory_samples": 5000,
  "memory_batch_size": 100,
  "tau (temperature)": 0.07,
  "lr": 0.1
}
2023-01-27 11:50:05.220 | DEBUG    | algorithms.algorithm_base:_setup_training:109 - Model moved to cuda:0 and set to train mode
2023-01-27 11:50:05.221 | INFO     | algorithms.algorithm_base:train:118 - Starting training
2023-01-27 11:50:05.222 | INFO     | algorithms.scr:train:126 - Task 1 / 5
2023-01-27 11:50:05.223 | INFO     | algorithms.scr:train:127 - Classes in task: ['deer', 'cat']
2023-01-27 11:50:05.223 | INFO     | algorithms.scr:train:134 - Starting epoch 1 / 1
2023-01-27 11:50:15.078 | INFO     | algorithms.scr:train:180 - 0:1:40, loss: 4.188
2023-01-27 11:50:25.011 | INFO     | algorithms.scr:train:180 - 0:1:80, loss: 5.381
2023-01-27 11:50:34.958 | INFO     | algorithms.scr:train:180 - 0:1:120, loss: 5.371
2023-01-27 11:50:44.896 | INFO     | algorithms.scr:train:180 - 0:1:160, loss: 5.366
2023-01-27 11:50:55.107 | INFO     | algorithms.scr:train:180 - 0:1:200, loss: 5.360
2023-01-27 11:51:05.878 | INFO     | algorithms.scr:train:180 - 0:1:240, loss: 5.352
2023-01-27 11:51:16.058 | INFO     | algorithms.scr:train:180 - 0:1:280, loss: 5.354
2023-01-27 11:51:26.173 | INFO     | algorithms.scr:train:180 - 0:1:320, loss: 5.344
2023-01-27 11:51:36.282 | INFO     | algorithms.scr:train:180 - 0:1:360, loss: 5.341
2023-01-27 11:51:46.475 | INFO     | algorithms.scr:train:180 - 0:1:400, loss: 5.332
2023-01-27 11:51:56.800 | INFO     | algorithms.scr:train:180 - 0:1:440, loss: 5.326
2023-01-27 11:52:07.125 | INFO     | algorithms.scr:train:180 - 0:1:480, loss: 5.328
2023-01-27 11:52:17.447 | INFO     | algorithms.scr:train:180 - 0:1:520, loss: 5.324
2023-01-27 11:52:27.786 | INFO     | algorithms.scr:train:180 - 0:1:560, loss: 5.323
2023-01-27 11:52:38.152 | INFO     | algorithms.scr:train:180 - 0:1:600, loss: 5.313
2023-01-27 11:52:48.478 | INFO     | algorithms.scr:train:180 - 0:1:640, loss: 5.318
2023-01-27 11:52:58.798 | INFO     | algorithms.scr:train:180 - 0:1:680, loss: 5.310
2023-01-27 11:53:09.120 | INFO     | algorithms.scr:train:180 - 0:1:720, loss: 5.303
2023-01-27 11:53:19.431 | INFO     | algorithms.scr:train:180 - 0:1:760, loss: 5.305
2023-01-27 11:53:29.740 | INFO     | algorithms.scr:train:180 - 0:1:800, loss: 5.298
2023-01-27 11:53:40.063 | INFO     | algorithms.scr:train:180 - 0:1:840, loss: 5.301
2023-01-27 11:53:50.422 | INFO     | algorithms.scr:train:180 - 0:1:880, loss: 5.288
2023-01-27 11:54:00.724 | INFO     | algorithms.scr:train:180 - 0:1:920, loss: 5.284
2023-01-27 11:54:11.171 | INFO     | algorithms.scr:train:180 - 0:1:960, loss: 5.279
2023-01-27 11:54:22.327 | DEBUG    | algorithms.scr:train:183 - Current sample stats:
2023-01-27 11:54:22.327 | DEBUG    | algorithms.scr:train:186 - 3 has 2500 samples
2023-01-27 11:54:22.328 | DEBUG    | algorithms.scr:train:186 - 4 has 2500 samples
2023-01-27 11:54:22.329 | INFO     | algorithms.scr:train:192 - 1, loss: 5.279
2023-01-27 11:54:22.330 | INFO     | algorithms.algorithm_base:run_base_task_metrics:144 - Running metrics: Task 0
2023-01-27 11:54:22.337 | INFO     | algorithms.scr:classify:209 - Generating fresh mean embedding vectors
2023-01-27 11:54:37.294 | DEBUG    | algorithms.scr:classify:231 - Generated mean embedding vectors for: dict_keys([3, 4])
2023-01-27 11:55:06.527 | DEBUG    | algorithms.algorithm_base:run_base_task_metrics:200 - Raw classification accuracy results saved to ./output_cifar10_5k/scr/1674820203.892797_CIFAR10_OFFICIAL_RUN/task_0_accuracy_results.json
2023-01-27 11:55:06.529 | INFO     | algorithms.algorithm_base:run_base_task_metrics:201 - Correctly classified 1720 / 10000 samples (17.20% correct)
2023-01-27 11:55:06.718 | INFO     | algorithms.scr:train:126 - Task 2 / 5
2023-01-27 11:55:06.722 | INFO     | algorithms.scr:train:127 - Classes in task: ['horse', 'bird']
2023-01-27 11:55:06.723 | INFO     | algorithms.scr:train:134 - Starting epoch 1 / 1
2023-01-27 11:55:17.498 | INFO     | algorithms.scr:train:180 - 1:1:40, loss: 5.429
2023-01-27 11:55:28.279 | INFO     | algorithms.scr:train:180 - 1:1:80, loss: 5.299
2023-01-27 11:55:38.967 | INFO     | algorithms.scr:train:180 - 1:1:120, loss: 5.308
2023-01-27 11:55:49.402 | INFO     | algorithms.scr:train:180 - 1:1:160, loss: 5.315
2023-01-27 11:55:59.755 | INFO     | algorithms.scr:train:180 - 1:1:200, loss: 5.308
2023-01-27 11:56:10.089 | INFO     | algorithms.scr:train:180 - 1:1:240, loss: 5.320
2023-01-27 11:56:20.684 | INFO     | algorithms.scr:train:180 - 1:1:280, loss: 5.307
2023-01-27 11:56:31.306 | INFO     | algorithms.scr:train:180 - 1:1:320, loss: 5.302
2023-01-27 11:56:41.644 | INFO     | algorithms.scr:train:180 - 1:1:360, loss: 5.298
2023-01-27 11:56:51.950 | INFO     | algorithms.scr:train:180 - 1:1:400, loss: 5.287
2023-01-27 11:57:02.279 | INFO     | algorithms.scr:train:180 - 1:1:440, loss: 5.286
2023-01-27 11:57:12.732 | INFO     | algorithms.scr:train:180 - 1:1:480, loss: 5.272
2023-01-27 11:57:23.443 | INFO     | algorithms.scr:train:180 - 1:1:520, loss: 5.264
2023-01-27 11:57:34.423 | INFO     | algorithms.scr:train:180 - 1:1:560, loss: 5.254
2023-01-27 11:57:44.767 | INFO     | algorithms.scr:train:180 - 1:1:600, loss: 5.253
2023-01-27 11:57:55.147 | INFO     | algorithms.scr:train:180 - 1:1:640, loss: 5.240
2023-01-27 11:58:05.558 | INFO     | algorithms.scr:train:180 - 1:1:680, loss: 5.255
2023-01-27 11:58:15.559 | INFO     | algorithms.scr:train:180 - 1:1:720, loss: 5.245
2023-01-27 11:58:25.583 | INFO     | algorithms.scr:train:180 - 1:1:760, loss: 5.234
2023-01-27 11:58:35.538 | INFO     | algorithms.scr:train:180 - 1:1:800, loss: 5.231
2023-01-27 11:58:45.546 | INFO     | algorithms.scr:train:180 - 1:1:840, loss: 5.216
2023-01-27 11:58:55.857 | INFO     | algorithms.scr:train:180 - 1:1:880, loss: 5.209
2023-01-27 11:59:06.182 | INFO     | algorithms.scr:train:180 - 1:1:920, loss: 5.203
2023-01-27 11:59:16.523 | INFO     | algorithms.scr:train:180 - 1:1:960, loss: 5.192
2023-01-27 11:59:26.565 | DEBUG    | algorithms.scr:train:183 - Current sample stats:
2023-01-27 11:59:26.566 | DEBUG    | algorithms.scr:train:186 - 3 has 1250 samples
2023-01-27 11:59:26.566 | DEBUG    | algorithms.scr:train:186 - 4 has 1250 samples
2023-01-27 11:59:26.567 | DEBUG    | algorithms.scr:train:186 - 2 has 1250 samples
2023-01-27 11:59:26.568 | DEBUG    | algorithms.scr:train:186 - 7 has 1250 samples
2023-01-27 11:59:26.569 | INFO     | algorithms.scr:train:192 - 1, loss: 5.268
2023-01-27 11:59:26.569 | INFO     | algorithms.algorithm_base:run_base_task_metrics:144 - Running metrics: Task 1
2023-01-27 11:59:26.577 | INFO     | algorithms.scr:classify:209 - Generating fresh mean embedding vectors
2023-01-27 11:59:39.851 | DEBUG    | algorithms.scr:classify:231 - Generated mean embedding vectors for: dict_keys([3, 4, 2, 7])
2023-01-27 12:00:10.219 | DEBUG    | algorithms.algorithm_base:run_base_task_metrics:200 - Raw classification accuracy results saved to ./output_cifar10_5k/scr/1674820203.892797_CIFAR10_OFFICIAL_RUN/task_1_accuracy_results.json
2023-01-27 12:00:10.221 | INFO     | algorithms.algorithm_base:run_base_task_metrics:201 - Correctly classified 2873 / 10000 samples (28.73% correct)
2023-01-27 12:00:10.360 | INFO     | algorithms.scr:train:126 - Task 3 / 5
2023-01-27 12:00:10.364 | INFO     | algorithms.scr:train:127 - Classes in task: ['car', 'frog']
2023-01-27 12:00:10.365 | INFO     | algorithms.scr:train:134 - Starting epoch 1 / 1
2023-01-27 12:00:21.016 | INFO     | algorithms.scr:train:180 - 2:1:40, loss: 5.311
2023-01-27 12:00:31.363 | INFO     | algorithms.scr:train:180 - 2:1:80, loss: 5.164
2023-01-27 12:00:41.685 | INFO     | algorithms.scr:train:180 - 2:1:120, loss: 5.109
2023-01-27 12:00:52.031 | INFO     | algorithms.scr:train:180 - 2:1:160, loss: 5.083
2023-01-27 12:01:02.347 | INFO     | algorithms.scr:train:180 - 2:1:200, loss: 5.032
2023-01-27 12:01:12.668 | INFO     | algorithms.scr:train:180 - 2:1:240, loss: 5.014
2023-01-27 12:01:23.025 | INFO     | algorithms.scr:train:180 - 2:1:280, loss: 4.999
2023-01-27 12:01:33.359 | INFO     | algorithms.scr:train:180 - 2:1:320, loss: 4.973
2023-01-27 12:01:43.679 | INFO     | algorithms.scr:train:180 - 2:1:360, loss: 4.969
2023-01-27 12:01:53.995 | INFO     | algorithms.scr:train:180 - 2:1:400, loss: 4.930
2023-01-27 12:02:04.292 | INFO     | algorithms.scr:train:180 - 2:1:440, loss: 4.908
2023-01-27 12:02:14.636 | INFO     | algorithms.scr:train:180 - 2:1:480, loss: 4.907
2023-01-27 12:02:24.974 | INFO     | algorithms.scr:train:180 - 2:1:520, loss: 4.908
2023-01-27 12:02:35.284 | INFO     | algorithms.scr:train:180 - 2:1:560, loss: 4.885
2023-01-27 12:02:45.603 | INFO     | algorithms.scr:train:180 - 2:1:600, loss: 4.875
2023-01-27 12:02:55.915 | INFO     | algorithms.scr:train:180 - 2:1:640, loss: 4.882
2023-01-27 12:03:06.277 | INFO     | algorithms.scr:train:180 - 2:1:680, loss: 4.862
2023-01-27 12:03:16.695 | INFO     | algorithms.scr:train:180 - 2:1:720, loss: 4.839
2023-01-27 12:03:26.988 | INFO     | algorithms.scr:train:180 - 2:1:760, loss: 4.838
2023-01-27 12:03:37.293 | INFO     | algorithms.scr:train:180 - 2:1:800, loss: 4.834
2023-01-27 12:03:47.602 | INFO     | algorithms.scr:train:180 - 2:1:840, loss: 4.819
2023-01-27 12:03:57.921 | INFO     | algorithms.scr:train:180 - 2:1:880, loss: 4.822
2023-01-27 12:04:08.219 | INFO     | algorithms.scr:train:180 - 2:1:920, loss: 4.821
2023-01-27 12:04:18.531 | INFO     | algorithms.scr:train:180 - 2:1:960, loss: 4.800
2023-01-27 12:04:28.581 | DEBUG    | algorithms.scr:train:183 - Current sample stats:
2023-01-27 12:04:28.582 | DEBUG    | algorithms.scr:train:186 - 3 has 833 samples
2023-01-27 12:04:28.583 | DEBUG    | algorithms.scr:train:186 - 4 has 833 samples
2023-01-27 12:04:28.584 | DEBUG    | algorithms.scr:train:186 - 2 has 833 samples
2023-01-27 12:04:28.584 | DEBUG    | algorithms.scr:train:186 - 7 has 833 samples
2023-01-27 12:04:28.585 | DEBUG    | algorithms.scr:train:186 - 1 has 834 samples
2023-01-27 12:04:28.586 | DEBUG    | algorithms.scr:train:186 - 6 has 834 samples
2023-01-27 12:04:28.586 | INFO     | algorithms.scr:train:192 - 1, loss: 4.935
2023-01-27 12:04:28.587 | INFO     | algorithms.algorithm_base:run_base_task_metrics:144 - Running metrics: Task 2
2023-01-27 12:04:28.594 | INFO     | algorithms.scr:classify:209 - Generating fresh mean embedding vectors
2023-01-27 12:04:42.033 | DEBUG    | algorithms.scr:classify:231 - Generated mean embedding vectors for: dict_keys([3, 4, 2, 7, 1, 6])
2023-01-27 12:05:14.722 | DEBUG    | algorithms.algorithm_base:run_base_task_metrics:200 - Raw classification accuracy results saved to ./output_cifar10_5k/scr/1674820203.892797_CIFAR10_OFFICIAL_RUN/task_2_accuracy_results.json
2023-01-27 12:05:14.724 | INFO     | algorithms.algorithm_base:run_base_task_metrics:201 - Correctly classified 4662 / 10000 samples (46.62% correct)
2023-01-27 12:05:14.856 | INFO     | algorithms.scr:train:126 - Task 4 / 5
2023-01-27 12:05:14.861 | INFO     | algorithms.scr:train:127 - Classes in task: ['dog', 'ship']
2023-01-27 12:05:14.862 | INFO     | algorithms.scr:train:134 - Starting epoch 1 / 1
2023-01-27 12:05:25.224 | INFO     | algorithms.scr:train:180 - 3:1:40, loss: 4.947
2023-01-27 12:05:35.302 | INFO     | algorithms.scr:train:180 - 3:1:80, loss: 4.806
2023-01-27 12:05:45.398 | INFO     | algorithms.scr:train:180 - 3:1:120, loss: 4.822
2023-01-27 12:05:55.652 | INFO     | algorithms.scr:train:180 - 3:1:160, loss: 4.793
2023-01-27 12:06:05.958 | INFO     | algorithms.scr:train:180 - 3:1:200, loss: 4.764
2023-01-27 12:06:16.349 | INFO     | algorithms.scr:train:180 - 3:1:240, loss: 4.751
2023-01-27 12:06:26.678 | INFO     | algorithms.scr:train:180 - 3:1:280, loss: 4.747
2023-01-27 12:06:37.003 | INFO     | algorithms.scr:train:180 - 3:1:320, loss: 4.729
2023-01-27 12:06:47.302 | INFO     | algorithms.scr:train:180 - 3:1:360, loss: 4.708
2023-01-27 12:06:57.594 | INFO     | algorithms.scr:train:180 - 3:1:400, loss: 4.714
2023-01-27 12:07:07.895 | INFO     | algorithms.scr:train:180 - 3:1:440, loss: 4.717
2023-01-27 12:07:18.200 | INFO     | algorithms.scr:train:180 - 3:1:480, loss: 4.682
2023-01-27 12:07:28.532 | INFO     | algorithms.scr:train:180 - 3:1:520, loss: 4.704
2023-01-27 12:07:38.837 | INFO     | algorithms.scr:train:180 - 3:1:560, loss: 4.681
2023-01-27 12:07:49.132 | INFO     | algorithms.scr:train:180 - 3:1:600, loss: 4.679
2023-01-27 12:07:59.442 | INFO     | algorithms.scr:train:180 - 3:1:640, loss: 4.664
2023-01-27 12:08:09.740 | INFO     | algorithms.scr:train:180 - 3:1:680, loss: 4.645
2023-01-27 12:08:20.072 | INFO     | algorithms.scr:train:180 - 3:1:720, loss: 4.632
2023-01-27 12:08:30.360 | INFO     | algorithms.scr:train:180 - 3:1:760, loss: 4.635
2023-01-27 12:08:40.658 | INFO     | algorithms.scr:train:180 - 3:1:800, loss: 4.653
2023-01-27 12:08:50.934 | INFO     | algorithms.scr:train:180 - 3:1:840, loss: 4.613
2023-01-27 12:09:01.221 | INFO     | algorithms.scr:train:180 - 3:1:880, loss: 4.634
2023-01-27 12:09:11.514 | INFO     | algorithms.scr:train:180 - 3:1:920, loss: 4.604
2023-01-27 12:09:21.926 | INFO     | algorithms.scr:train:180 - 3:1:960, loss: 4.612
2023-01-27 12:09:31.985 | DEBUG    | algorithms.scr:train:183 - Current sample stats:
2023-01-27 12:09:31.986 | DEBUG    | algorithms.scr:train:186 - 3 has 625 samples
2023-01-27 12:09:31.986 | DEBUG    | algorithms.scr:train:186 - 4 has 625 samples
2023-01-27 12:09:31.987 | DEBUG    | algorithms.scr:train:186 - 2 has 625 samples
2023-01-27 12:09:31.988 | DEBUG    | algorithms.scr:train:186 - 7 has 625 samples
2023-01-27 12:09:31.989 | DEBUG    | algorithms.scr:train:186 - 1 has 625 samples
2023-01-27 12:09:31.989 | DEBUG    | algorithms.scr:train:186 - 6 has 625 samples
2023-01-27 12:09:31.990 | DEBUG    | algorithms.scr:train:186 - 8 has 625 samples
2023-01-27 12:09:31.991 | DEBUG    | algorithms.scr:train:186 - 5 has 625 samples
2023-01-27 12:09:31.991 | INFO     | algorithms.scr:train:192 - 1, loss: 4.702
2023-01-27 12:09:31.992 | INFO     | algorithms.algorithm_base:run_base_task_metrics:144 - Running metrics: Task 3
2023-01-27 12:09:31.999 | INFO     | algorithms.scr:classify:209 - Generating fresh mean embedding vectors
2023-01-27 12:09:45.382 | DEBUG    | algorithms.scr:classify:231 - Generated mean embedding vectors for: dict_keys([3, 4, 2, 7, 1, 6, 8, 5])
2023-01-27 12:10:22.446 | DEBUG    | algorithms.algorithm_base:run_base_task_metrics:200 - Raw classification accuracy results saved to ./output_cifar10_5k/scr/1674820203.892797_CIFAR10_OFFICIAL_RUN/task_3_accuracy_results.json
2023-01-27 12:10:22.448 | INFO     | algorithms.algorithm_base:run_base_task_metrics:201 - Correctly classified 5851 / 10000 samples (58.51% correct)
2023-01-27 12:10:22.585 | INFO     | algorithms.scr:train:126 - Task 5 / 5
2023-01-27 12:10:22.589 | INFO     | algorithms.scr:train:127 - Classes in task: ['plane', 'truck']
2023-01-27 12:10:22.590 | INFO     | algorithms.scr:train:134 - Starting epoch 1 / 1
2023-01-27 12:10:33.235 | INFO     | algorithms.scr:train:180 - 4:1:40, loss: 4.758
2023-01-27 12:10:43.535 | INFO     | algorithms.scr:train:180 - 4:1:80, loss: 4.661
2023-01-27 12:10:53.858 | INFO     | algorithms.scr:train:180 - 4:1:120, loss: 4.689
2023-01-27 12:11:04.181 | INFO     | algorithms.scr:train:180 - 4:1:160, loss: 4.648
2023-01-27 12:11:14.512 | INFO     | algorithms.scr:train:180 - 4:1:200, loss: 4.648
2023-01-27 12:11:24.813 | INFO     | algorithms.scr:train:180 - 4:1:240, loss: 4.626
2023-01-27 12:11:35.164 | INFO     | algorithms.scr:train:180 - 4:1:280, loss: 4.594
2023-01-27 12:11:45.470 | INFO     | algorithms.scr:train:180 - 4:1:320, loss: 4.586
2023-01-27 12:11:55.801 | INFO     | algorithms.scr:train:180 - 4:1:360, loss: 4.570
2023-01-27 12:12:06.111 | INFO     | algorithms.scr:train:180 - 4:1:400, loss: 4.558
2023-01-27 12:12:16.451 | INFO     | algorithms.scr:train:180 - 4:1:440, loss: 4.546
2023-01-27 12:12:26.885 | INFO     | algorithms.scr:train:180 - 4:1:480, loss: 4.510
2023-01-27 12:12:37.241 | INFO     | algorithms.scr:train:180 - 4:1:520, loss: 4.521
2023-01-27 12:12:47.576 | INFO     | algorithms.scr:train:180 - 4:1:560, loss: 4.519
2023-01-27 12:12:57.910 | INFO     | algorithms.scr:train:180 - 4:1:600, loss: 4.503
2023-01-27 12:13:08.262 | INFO     | algorithms.scr:train:180 - 4:1:640, loss: 4.505
2023-01-27 12:13:18.598 | INFO     | algorithms.scr:train:180 - 4:1:680, loss: 4.483
2023-01-27 12:13:28.915 | INFO     | algorithms.scr:train:180 - 4:1:720, loss: 4.493
2023-01-27 12:13:39.234 | INFO     | algorithms.scr:train:180 - 4:1:760, loss: 4.471
2023-01-27 12:13:49.550 | INFO     | algorithms.scr:train:180 - 4:1:800, loss: 4.483
2023-01-27 12:13:59.872 | INFO     | algorithms.scr:train:180 - 4:1:840, loss: 4.440
2023-01-27 12:14:10.176 | INFO     | algorithms.scr:train:180 - 4:1:880, loss: 4.472
2023-01-27 12:14:20.475 | INFO     | algorithms.scr:train:180 - 4:1:920, loss: 4.435
2023-01-27 12:14:30.772 | INFO     | algorithms.scr:train:180 - 4:1:960, loss: 4.454
2023-01-27 12:14:40.869 | DEBUG    | algorithms.scr:train:183 - Current sample stats:
2023-01-27 12:14:40.870 | DEBUG    | algorithms.scr:train:186 - 3 has 500 samples
2023-01-27 12:14:40.870 | DEBUG    | algorithms.scr:train:186 - 4 has 500 samples
2023-01-27 12:14:40.871 | DEBUG    | algorithms.scr:train:186 - 2 has 500 samples
2023-01-27 12:14:40.872 | DEBUG    | algorithms.scr:train:186 - 7 has 500 samples
2023-01-27 12:14:40.873 | DEBUG    | algorithms.scr:train:186 - 1 has 500 samples
2023-01-27 12:14:40.873 | DEBUG    | algorithms.scr:train:186 - 6 has 500 samples
2023-01-27 12:14:40.874 | DEBUG    | algorithms.scr:train:186 - 8 has 500 samples
2023-01-27 12:14:40.875 | DEBUG    | algorithms.scr:train:186 - 5 has 500 samples
2023-01-27 12:14:40.875 | DEBUG    | algorithms.scr:train:186 - 0 has 500 samples
2023-01-27 12:14:40.876 | DEBUG    | algorithms.scr:train:186 - 9 has 500 samples
2023-01-27 12:14:40.877 | INFO     | algorithms.scr:train:192 - 1, loss: 4.545
2023-01-27 12:14:40.878 | INFO     | algorithms.algorithm_base:run_base_task_metrics:144 - Running metrics: Task 4
2023-01-27 12:14:40.885 | INFO     | algorithms.scr:classify:209 - Generating fresh mean embedding vectors
2023-01-27 12:14:54.270 | DEBUG    | algorithms.scr:classify:231 - Generated mean embedding vectors for: dict_keys([3, 4, 2, 7, 1, 6, 8, 5, 0, 9])
2023-01-27 12:15:30.870 | DEBUG    | algorithms.algorithm_base:run_base_task_metrics:200 - Raw classification accuracy results saved to ./output_cifar10_5k/scr/1674820203.892797_CIFAR10_OFFICIAL_RUN/task_4_accuracy_results.json
2023-01-27 12:15:30.872 | INFO     | algorithms.algorithm_base:run_base_task_metrics:201 - Correctly classified 7501 / 10000 samples (75.01% correct)
2023-01-27 12:15:31.005 | INFO     | algorithms.scr:train:201 - Training complete
2023-01-27 12:15:31.010 | INFO     | __main__:run_experiment:286 - Training and evaluation completed!
2023-01-27 12:15:31.037 | INFO     | __main__:run_experiment:300 - Wrote usage stats to file
2023-01-27 12:15:31.038 | INFO     | __main__:main:340 - Complete
2023-01-27 12:15:31.039 | INFO     | __main__:close_tensorboard_writer:248 - Shut down TensorBoard
