2023-02-11 19:27:53.766 | INFO     | __main__:setup_files:208 - Experiment Name: OFFICIAL_RUN
2023-02-11 19:27:53.768 | INFO     | __main__:main:322 - Command line arguments: Configuration(algorithm='scr', dataset='cifar100', classes_per_task=20, seed=9767, samples=2000)
2023-02-11 19:27:53.770 | INFO     | __main__:main:326 - Seeded random to 9767
2023-02-11 19:27:53.771 | INFO     | __main__:main:330 - Got CUDA device
2023-02-11 19:27:53.771 | INFO     | __main__:force_cuda_load:258 - Forcing CUDA initialisation...
2023-02-11 19:27:53.829 | INFO     | __main__:main:334 - CUDA initialised
2023-02-11 19:27:53.831 | INFO     | __main__:setup_shutdown_hook:254 - To access TensorBoard, run the command: tensorboard --logdir=./output_cifar100_varied_sampling/scr/1676143673.762878_CIFAR100_OFFICIAL_RUN
2023-02-11 19:27:53.832 | INFO     | __main__:main:338 - Setup shutdown hooks
2023-02-11 19:27:53.856 | INFO     | __main__:main:343 - Model is setup
2023-02-11 19:27:53.857 | INFO     | __main__:main:345 - Complete pre-setup, starting experiment
2023-02-11 19:27:55.061 | INFO     | datasets.dataset_base:__init__:80 - Using disjoint tasks with 20 (5 tasks) with a randomised split
2023-02-11 19:27:55.063 | DEBUG    | datasets.dataset_base:_setup_task_datasets:95 - Splitting dataset into 5 disjoint tasks
2023-02-11 19:27:55.082 | INFO     | datasets.dataset_base:__init__:85 - {
  "name": "datasets.cifar100.CIFAR100",
  "dataset_class": "torchvision.datasets.cifar.CIFAR100",
  "training_dataset_parameters": "{'train': True, 'download': True}",
  "testing_dataset_parameters": "{'train': False, 'download': True}",
  "training_transform": "Compose(\n    Resize(size=(32, 32), interpolation=bilinear, max_size=None, antialias=None)\n    ToTensor()\n    Normalize(mean=(0.5071, 0.4867, 0.4408), std=(0.2675, 0.2565, 0.2761))\n    RandomCrop(size=(32, 32), padding=4)\n    RandomHorizontalFlip(p=0.5)\n)",
  "testing_transform": "Compose(\n    Resize(size=(32, 32), interpolation=bilinear, max_size=None, antialias=None)\n    ToTensor()\n    Normalize(mean=(0.5071, 0.4867, 0.4408), std=(0.2675, 0.2565, 0.2761))\n)",
  "classes": "apple, aquarium_fish, baby, bear, beaver, bed, bee, beetle, bicycle, bottle, bowl, boy, bridge, bus, butterfly, camel, can, castle, caterpillar, cattle, chair, chimpanzee, clock, cloud, cockroach, couch, crab, crocodile, cup, dinosaur, dolphin, elephant, flatfish, forest, fox, girl, hamster, house, kangaroo, keyboard, lamp, lawn_mower, leopard, lion, lizard, lobster, man, maple_tree, motorcycle, mountain, mouse, mushroom, oak_tree, orange, orchid, otter, palm_tree, pear, pickup_truck, pine_tree, plain, plate, poppy, porcupine, possum, rabbit, raccoon, ray, road, rocket, rose, sea, seal, shark, shrew, skunk, skyscraper, snail, snake, spider, squirrel, streetcar, sunflower, sweet_pepper, table, tank, telephone, television, tiger, tractor, train, trout, tulip, turtle, wardrobe, whale, willow_tree, wolf, woman, worm",
  "disjoint": true,
  "task_count": 5,
  "classes_per_task": [
    20
  ],
  "task_split_indices": [
    [
      19,
      40,
      58,
      57,
      95,
      53,
      77,
      30,
      89,
      71,
      12,
      67,
      41,
      4,
      2,
      3,
      17,
      28,
      51,
      55
    ],
    [
      65,
      76,
      84,
      98,
      45,
      25,
      7,
      47,
      70,
      99,
      21,
      72,
      85,
      60,
      6,
      74,
      96,
      50,
      49,
      80
    ],
    [
      38,
      93,
      29,
      36,
      8,
      48,
      5,
      73,
      37,
      20,
      94,
      15,
      23,
      75,
      16,
      90,
      54,
      10,
      39,
      78
    ],
    [
      61,
      9,
      11,
      44,
      87,
      0,
      97,
      18,
      14,
      59,
      69,
      62,
      92,
      26,
      64,
      63,
      81,
      22,
      82,
      43
    ],
    [
      1,
      27,
      13,
      86,
      34,
      88,
      42,
      35,
      52,
      32,
      79,
      33,
      56,
      46,
      24,
      31,
      91,
      66,
      68,
      83
    ]
  ],
  "task_split_classes": [
    [
      "cattle",
      "lamp",
      "pickup_truck",
      "pear",
      "whale",
      "orange",
      "snail",
      "dolphin",
      "tractor",
      "sea",
      "bridge",
      "ray",
      "lawn_mower",
      "beaver",
      "baby",
      "bear",
      "castle",
      "cup",
      "mushroom",
      "otter"
    ],
    [
      "rabbit",
      "skyscraper",
      "table",
      "woman",
      "lobster",
      "couch",
      "beetle",
      "maple_tree",
      "rose",
      "worm",
      "chimpanzee",
      "seal",
      "tank",
      "plain",
      "bee",
      "shrew",
      "willow_tree",
      "mouse",
      "mountain",
      "squirrel"
    ],
    [
      "kangaroo",
      "turtle",
      "dinosaur",
      "hamster",
      "bicycle",
      "motorcycle",
      "bed",
      "shark",
      "house",
      "chair",
      "wardrobe",
      "camel",
      "cloud",
      "skunk",
      "can",
      "train",
      "orchid",
      "bowl",
      "keyboard",
      "snake"
    ],
    [
      "plate",
      "bottle",
      "boy",
      "lizard",
      "television",
      "apple",
      "wolf",
      "caterpillar",
      "butterfly",
      "pine_tree",
      "rocket",
      "poppy",
      "tulip",
      "crab",
      "possum",
      "porcupine",
      "streetcar",
      "clock",
      "sunflower",
      "lion"
    ],
    [
      "aquarium_fish",
      "crocodile",
      "bus",
      "telephone",
      "fox",
      "tiger",
      "leopard",
      "girl",
      "oak_tree",
      "flatfish",
      "spider",
      "forest",
      "palm_tree",
      "man",
      "cockroach",
      "elephant",
      "trout",
      "raccoon",
      "road",
      "sweet_pepper"
    ]
  ]
}
2023-02-11 19:27:55.107 | DEBUG    | __main__:run_experiment:282 - PID: 26512
2023-02-11 19:27:55.109 | INFO     | __main__:run_experiment:284 - Starting...
2023-02-11 19:27:55.110 | INFO     | algorithms.algorithm_base:train:116 - {
  "name": "algorithms.scr.SupervisedContrastiveReplay",
  "model_class": "models.scr.scr_resnet.SupConResNet",
  "device": "cuda:0",
  "dataset_class": "datasets.cifar100.CIFAR100",
  "optimiser_class": "torch.optim.sgd.SGD",
  "loss_criterion_class": "torch.nn.modules.loss.CrossEntropyLoss",
  "epochs_per_task": 1,
  "batch_size": 10,
  "max_memory_samples": 2000,
  "memory_batch_size": 100,
  "tau (temperature)": 0.07,
  "lr": 0.1
}
2023-02-11 19:27:55.111 | DEBUG    | algorithms.algorithm_base:_setup_training:109 - Model moved to cuda:0 and set to train mode
2023-02-11 19:27:55.112 | INFO     | algorithms.algorithm_base:train:118 - Starting training
2023-02-11 19:27:55.113 | INFO     | algorithms.scr:train:126 - Task 1 / 5
2023-02-11 19:27:55.113 | INFO     | algorithms.scr:train:127 - Classes in task: ['cattle', 'lamp', 'pickup_truck', 'pear', 'whale', 'orange', 'snail', 'dolphin', 'tractor', 'sea', 'bridge', 'ray', 'lawn_mower', 'beaver', 'baby', 'bear', 'castle', 'cup', 'mushroom', 'otter']
2023-02-11 19:27:55.114 | INFO     | algorithms.scr:train:134 - Starting epoch 1 / 1
2023-02-11 19:28:05.018 | INFO     | algorithms.scr:train:180 - 0:1:40, loss: 4.115
2023-02-11 19:28:15.001 | INFO     | algorithms.scr:train:180 - 0:1:80, loss: 5.210
2023-02-11 19:28:24.994 | INFO     | algorithms.scr:train:180 - 0:1:120, loss: 5.184
2023-02-11 19:28:35.000 | INFO     | algorithms.scr:train:180 - 0:1:160, loss: 5.177
2023-02-11 19:28:44.971 | INFO     | algorithms.scr:train:180 - 0:1:200, loss: 5.145
2023-02-11 19:28:55.003 | INFO     | algorithms.scr:train:180 - 0:1:240, loss: 5.136
2023-02-11 19:29:04.983 | INFO     | algorithms.scr:train:180 - 0:1:280, loss: 5.126
2023-02-11 19:29:14.948 | INFO     | algorithms.scr:train:180 - 0:1:320, loss: 5.102
2023-02-11 19:29:24.946 | INFO     | algorithms.scr:train:180 - 0:1:360, loss: 5.078
2023-02-11 19:29:34.942 | INFO     | algorithms.scr:train:180 - 0:1:400, loss: 5.080
2023-02-11 19:29:44.921 | INFO     | algorithms.scr:train:180 - 0:1:440, loss: 5.053
2023-02-11 19:29:54.899 | INFO     | algorithms.scr:train:180 - 0:1:480, loss: 5.033
2023-02-11 19:30:04.899 | INFO     | algorithms.scr:train:180 - 0:1:520, loss: 5.010
2023-02-11 19:30:14.876 | INFO     | algorithms.scr:train:180 - 0:1:560, loss: 5.021
2023-02-11 19:30:24.914 | INFO     | algorithms.scr:train:180 - 0:1:600, loss: 4.983
2023-02-11 19:30:34.908 | INFO     | algorithms.scr:train:180 - 0:1:640, loss: 4.991
2023-02-11 19:30:44.898 | INFO     | algorithms.scr:train:180 - 0:1:680, loss: 4.941
2023-02-11 19:30:54.895 | INFO     | algorithms.scr:train:180 - 0:1:720, loss: 4.951
2023-02-11 19:31:04.878 | INFO     | algorithms.scr:train:180 - 0:1:760, loss: 4.940
2023-02-11 19:31:14.916 | INFO     | algorithms.scr:train:180 - 0:1:800, loss: 4.915
2023-02-11 19:31:24.894 | INFO     | algorithms.scr:train:180 - 0:1:840, loss: 4.896
2023-02-11 19:31:34.877 | INFO     | algorithms.scr:train:180 - 0:1:880, loss: 4.870
2023-02-11 19:31:44.880 | INFO     | algorithms.scr:train:180 - 0:1:920, loss: 4.864
2023-02-11 19:31:54.881 | INFO     | algorithms.scr:train:180 - 0:1:960, loss: 4.841
2023-02-11 19:32:04.633 | DEBUG    | algorithms.scr:train:183 - Current sample stats:
2023-02-11 19:32:04.634 | DEBUG    | algorithms.scr:train:186 - 41 has 100 samples
2023-02-11 19:32:04.634 | DEBUG    | algorithms.scr:train:186 - 2 has 100 samples
2023-02-11 19:32:04.635 | DEBUG    | algorithms.scr:train:186 - 51 has 100 samples
2023-02-11 19:32:04.636 | DEBUG    | algorithms.scr:train:186 - 4 has 100 samples
2023-02-11 19:32:04.637 | DEBUG    | algorithms.scr:train:186 - 55 has 100 samples
2023-02-11 19:32:04.637 | DEBUG    | algorithms.scr:train:186 - 77 has 100 samples
2023-02-11 19:32:04.638 | DEBUG    | algorithms.scr:train:186 - 53 has 100 samples
2023-02-11 19:32:04.639 | DEBUG    | algorithms.scr:train:186 - 19 has 100 samples
2023-02-11 19:32:04.640 | DEBUG    | algorithms.scr:train:186 - 57 has 100 samples
2023-02-11 19:32:04.640 | DEBUG    | algorithms.scr:train:186 - 89 has 100 samples
2023-02-11 19:32:04.641 | DEBUG    | algorithms.scr:train:186 - 67 has 100 samples
2023-02-11 19:32:04.642 | DEBUG    | algorithms.scr:train:186 - 40 has 100 samples
2023-02-11 19:32:04.642 | DEBUG    | algorithms.scr:train:186 - 30 has 100 samples
2023-02-11 19:32:04.643 | DEBUG    | algorithms.scr:train:186 - 17 has 100 samples
2023-02-11 19:32:04.644 | DEBUG    | algorithms.scr:train:186 - 12 has 100 samples
2023-02-11 19:32:04.645 | DEBUG    | algorithms.scr:train:186 - 28 has 100 samples
2023-02-11 19:32:04.645 | DEBUG    | algorithms.scr:train:186 - 95 has 100 samples
2023-02-11 19:32:04.646 | DEBUG    | algorithms.scr:train:186 - 71 has 100 samples
2023-02-11 19:32:04.647 | DEBUG    | algorithms.scr:train:186 - 58 has 100 samples
2023-02-11 19:32:04.648 | DEBUG    | algorithms.scr:train:186 - 3 has 100 samples
2023-02-11 19:32:04.648 | INFO     | algorithms.scr:train:192 - 1, loss: 4.980
2023-02-11 19:32:04.649 | INFO     | algorithms.algorithm_base:run_base_task_metrics:144 - Running metrics: Task 0
2023-02-11 19:32:04.656 | INFO     | algorithms.scr:classify:209 - Generating fresh mean embedding vectors
2023-02-11 19:32:09.597 | DEBUG    | algorithms.scr:classify:231 - Generated mean embedding vectors for: dict_keys([41, 2, 51, 4, 55, 77, 53, 19, 57, 89, 67, 40, 30, 17, 12, 28, 95, 71, 58, 3])
2023-02-11 19:32:55.306 | DEBUG    | algorithms.algorithm_base:run_base_task_metrics:200 - Raw classification accuracy results saved to ./output_cifar100_varied_sampling/scr/1676143673.762878_CIFAR100_OFFICIAL_RUN/task_0_accuracy_results.json
2023-02-11 19:32:55.308 | INFO     | algorithms.algorithm_base:run_base_task_metrics:201 - Correctly classified 892 / 10000 samples (8.92% correct)
2023-02-11 19:32:55.788 | INFO     | algorithms.scr:train:126 - Task 2 / 5
2023-02-11 19:32:55.793 | INFO     | algorithms.scr:train:127 - Classes in task: ['rabbit', 'skyscraper', 'table', 'woman', 'lobster', 'couch', 'beetle', 'maple_tree', 'rose', 'worm', 'chimpanzee', 'seal', 'tank', 'plain', 'bee', 'shrew', 'willow_tree', 'mouse', 'mountain', 'squirrel']
2023-02-11 19:32:55.794 | INFO     | algorithms.scr:train:134 - Starting epoch 1 / 1
2023-02-11 19:33:06.044 | INFO     | algorithms.scr:train:180 - 1:1:40, loss: 4.930
2023-02-11 19:33:16.016 | INFO     | algorithms.scr:train:180 - 1:1:80, loss: 4.793
2023-02-11 19:33:26.001 | INFO     | algorithms.scr:train:180 - 1:1:120, loss: 4.814
2023-02-11 19:33:36.035 | INFO     | algorithms.scr:train:180 - 1:1:160, loss: 4.782
2023-02-11 19:33:46.015 | INFO     | algorithms.scr:train:180 - 1:1:200, loss: 4.757
2023-02-11 19:33:56.009 | INFO     | algorithms.scr:train:180 - 1:1:240, loss: 4.710
2023-02-11 19:34:05.993 | INFO     | algorithms.scr:train:180 - 1:1:280, loss: 4.705
2023-02-11 19:34:15.961 | INFO     | algorithms.scr:train:180 - 1:1:320, loss: 4.702
2023-02-11 19:34:25.955 | INFO     | algorithms.scr:train:180 - 1:1:360, loss: 4.703
2023-02-11 19:34:35.918 | INFO     | algorithms.scr:train:180 - 1:1:400, loss: 4.676
2023-02-11 19:34:45.880 | INFO     | algorithms.scr:train:180 - 1:1:440, loss: 4.629
2023-02-11 19:34:55.862 | INFO     | algorithms.scr:train:180 - 1:1:480, loss: 4.628
2023-02-11 19:35:05.830 | INFO     | algorithms.scr:train:180 - 1:1:520, loss: 4.622
2023-02-11 19:35:15.796 | INFO     | algorithms.scr:train:180 - 1:1:560, loss: 4.607
2023-02-11 19:35:25.785 | INFO     | algorithms.scr:train:180 - 1:1:600, loss: 4.590
2023-02-11 19:35:35.765 | INFO     | algorithms.scr:train:180 - 1:1:640, loss: 4.579
2023-02-11 19:35:45.739 | INFO     | algorithms.scr:train:180 - 1:1:680, loss: 4.556
2023-02-11 19:35:55.725 | INFO     | algorithms.scr:train:180 - 1:1:720, loss: 4.547
2023-02-11 19:36:05.722 | INFO     | algorithms.scr:train:180 - 1:1:760, loss: 4.536
2023-02-11 19:36:15.690 | INFO     | algorithms.scr:train:180 - 1:1:800, loss: 4.511
2023-02-11 19:36:25.720 | INFO     | algorithms.scr:train:180 - 1:1:840, loss: 4.492
2023-02-11 19:36:35.685 | INFO     | algorithms.scr:train:180 - 1:1:880, loss: 4.498
2023-02-11 19:36:45.641 | INFO     | algorithms.scr:train:180 - 1:1:920, loss: 4.449
2023-02-11 19:36:55.597 | INFO     | algorithms.scr:train:180 - 1:1:960, loss: 4.474
2023-02-11 19:37:05.340 | DEBUG    | algorithms.scr:train:183 - Current sample stats:
2023-02-11 19:37:05.341 | DEBUG    | algorithms.scr:train:186 - 41 has 50 samples
2023-02-11 19:37:05.341 | DEBUG    | algorithms.scr:train:186 - 2 has 50 samples
2023-02-11 19:37:05.342 | DEBUG    | algorithms.scr:train:186 - 51 has 50 samples
2023-02-11 19:37:05.343 | DEBUG    | algorithms.scr:train:186 - 4 has 50 samples
2023-02-11 19:37:05.343 | DEBUG    | algorithms.scr:train:186 - 55 has 50 samples
2023-02-11 19:37:05.344 | DEBUG    | algorithms.scr:train:186 - 77 has 50 samples
2023-02-11 19:37:05.345 | DEBUG    | algorithms.scr:train:186 - 53 has 50 samples
2023-02-11 19:37:05.346 | DEBUG    | algorithms.scr:train:186 - 19 has 50 samples
2023-02-11 19:37:05.346 | DEBUG    | algorithms.scr:train:186 - 57 has 50 samples
2023-02-11 19:37:05.347 | DEBUG    | algorithms.scr:train:186 - 89 has 50 samples
2023-02-11 19:37:05.348 | DEBUG    | algorithms.scr:train:186 - 67 has 50 samples
2023-02-11 19:37:05.349 | DEBUG    | algorithms.scr:train:186 - 40 has 50 samples
2023-02-11 19:37:05.349 | DEBUG    | algorithms.scr:train:186 - 30 has 50 samples
2023-02-11 19:37:05.350 | DEBUG    | algorithms.scr:train:186 - 17 has 50 samples
2023-02-11 19:37:05.351 | DEBUG    | algorithms.scr:train:186 - 12 has 50 samples
2023-02-11 19:37:05.351 | DEBUG    | algorithms.scr:train:186 - 28 has 50 samples
2023-02-11 19:37:05.352 | DEBUG    | algorithms.scr:train:186 - 95 has 50 samples
2023-02-11 19:37:05.353 | DEBUG    | algorithms.scr:train:186 - 71 has 50 samples
2023-02-11 19:37:05.354 | DEBUG    | algorithms.scr:train:186 - 58 has 50 samples
2023-02-11 19:37:05.354 | DEBUG    | algorithms.scr:train:186 - 3 has 50 samples
2023-02-11 19:37:05.355 | DEBUG    | algorithms.scr:train:186 - 47 has 50 samples
2023-02-11 19:37:05.356 | DEBUG    | algorithms.scr:train:186 - 25 has 50 samples
2023-02-11 19:37:05.357 | DEBUG    | algorithms.scr:train:186 - 74 has 50 samples
2023-02-11 19:37:05.357 | DEBUG    | algorithms.scr:train:186 - 76 has 50 samples
2023-02-11 19:37:05.358 | DEBUG    | algorithms.scr:train:186 - 99 has 50 samples
2023-02-11 19:37:05.359 | DEBUG    | algorithms.scr:train:186 - 6 has 50 samples
2023-02-11 19:37:05.359 | DEBUG    | algorithms.scr:train:186 - 80 has 50 samples
2023-02-11 19:37:05.360 | DEBUG    | algorithms.scr:train:186 - 49 has 50 samples
2023-02-11 19:37:05.361 | DEBUG    | algorithms.scr:train:186 - 21 has 50 samples
2023-02-11 19:37:05.362 | DEBUG    | algorithms.scr:train:186 - 96 has 50 samples
2023-02-11 19:37:05.363 | DEBUG    | algorithms.scr:train:186 - 85 has 50 samples
2023-02-11 19:37:05.364 | DEBUG    | algorithms.scr:train:186 - 65 has 50 samples
2023-02-11 19:37:05.364 | DEBUG    | algorithms.scr:train:186 - 50 has 50 samples
2023-02-11 19:37:05.365 | DEBUG    | algorithms.scr:train:186 - 70 has 50 samples
2023-02-11 19:37:05.366 | DEBUG    | algorithms.scr:train:186 - 7 has 50 samples
2023-02-11 19:37:05.367 | DEBUG    | algorithms.scr:train:186 - 98 has 50 samples
2023-02-11 19:37:05.367 | DEBUG    | algorithms.scr:train:186 - 84 has 50 samples
2023-02-11 19:37:05.368 | DEBUG    | algorithms.scr:train:186 - 60 has 50 samples
2023-02-11 19:37:05.369 | DEBUG    | algorithms.scr:train:186 - 72 has 50 samples
2023-02-11 19:37:05.370 | DEBUG    | algorithms.scr:train:186 - 45 has 50 samples
2023-02-11 19:37:05.371 | INFO     | algorithms.scr:train:192 - 1, loss: 4.629
2023-02-11 19:37:05.372 | INFO     | algorithms.algorithm_base:run_base_task_metrics:144 - Running metrics: Task 1
2023-02-11 19:37:05.379 | INFO     | algorithms.scr:classify:209 - Generating fresh mean embedding vectors
2023-02-11 19:37:10.258 | DEBUG    | algorithms.scr:classify:231 - Generated mean embedding vectors for: dict_keys([41, 2, 51, 4, 55, 77, 53, 19, 57, 89, 67, 40, 30, 17, 12, 28, 95, 71, 58, 3, 47, 25, 74, 76, 99, 6, 80, 49, 21, 96, 85, 65, 50, 70, 7, 98, 84, 60, 72, 45])
2023-02-11 19:38:15.689 | DEBUG    | algorithms.algorithm_base:run_base_task_metrics:200 - Raw classification accuracy results saved to ./output_cifar100_varied_sampling/scr/1676143673.762878_CIFAR100_OFFICIAL_RUN/task_1_accuracy_results.json
2023-02-11 19:38:15.691 | INFO     | algorithms.algorithm_base:run_base_task_metrics:201 - Correctly classified 1500 / 10000 samples (15.00% correct)
2023-02-11 19:38:16.074 | INFO     | algorithms.scr:train:126 - Task 3 / 5
2023-02-11 19:38:16.080 | INFO     | algorithms.scr:train:127 - Classes in task: ['kangaroo', 'turtle', 'dinosaur', 'hamster', 'bicycle', 'motorcycle', 'bed', 'shark', 'house', 'chair', 'wardrobe', 'camel', 'cloud', 'skunk', 'can', 'train', 'orchid', 'bowl', 'keyboard', 'snake']
2023-02-11 19:38:16.081 | INFO     | algorithms.scr:train:134 - Starting epoch 1 / 1
2023-02-11 19:38:19.610 | WARNING  | algorithms.buffers:add_sample:62 - Duplicate hash: 2447269582331254443
2023-02-11 19:38:26.333 | INFO     | algorithms.scr:train:180 - 2:1:40, loss: 4.375
2023-02-11 19:38:36.305 | INFO     | algorithms.scr:train:180 - 2:1:80, loss: 4.299
2023-02-11 19:38:46.282 | INFO     | algorithms.scr:train:180 - 2:1:120, loss: 4.356
2023-02-11 19:38:56.261 | INFO     | algorithms.scr:train:180 - 2:1:160, loss: 4.305
2023-02-11 19:39:06.241 | INFO     | algorithms.scr:train:180 - 2:1:200, loss: 4.257
2023-02-11 19:39:16.244 | INFO     | algorithms.scr:train:180 - 2:1:240, loss: 4.260
2023-02-11 19:39:26.246 | INFO     | algorithms.scr:train:180 - 2:1:280, loss: 4.157
2023-02-11 19:39:36.218 | INFO     | algorithms.scr:train:180 - 2:1:320, loss: 4.189
2023-02-11 19:39:46.195 | INFO     | algorithms.scr:train:180 - 2:1:360, loss: 4.205
2023-02-11 19:39:56.172 | INFO     | algorithms.scr:train:180 - 2:1:400, loss: 4.163
2023-02-11 19:40:06.194 | INFO     | algorithms.scr:train:180 - 2:1:440, loss: 4.138
2023-02-11 19:40:16.181 | INFO     | algorithms.scr:train:180 - 2:1:480, loss: 4.152
2023-02-11 19:40:26.183 | INFO     | algorithms.scr:train:180 - 2:1:520, loss: 4.139
2023-02-11 19:40:36.163 | INFO     | algorithms.scr:train:180 - 2:1:560, loss: 4.123
2023-02-11 19:40:46.188 | INFO     | algorithms.scr:train:180 - 2:1:600, loss: 4.119
2023-02-11 19:40:56.160 | INFO     | algorithms.scr:train:180 - 2:1:640, loss: 4.088
2023-02-11 19:41:06.150 | INFO     | algorithms.scr:train:180 - 2:1:680, loss: 4.072
2023-02-11 19:41:16.141 | INFO     | algorithms.scr:train:180 - 2:1:720, loss: 4.117
2023-02-11 19:41:26.133 | INFO     | algorithms.scr:train:180 - 2:1:760, loss: 4.061
2023-02-11 19:41:36.130 | INFO     | algorithms.scr:train:180 - 2:1:800, loss: 4.003
2023-02-11 19:41:46.145 | INFO     | algorithms.scr:train:180 - 2:1:840, loss: 3.979
2023-02-11 19:41:56.213 | INFO     | algorithms.scr:train:180 - 2:1:880, loss: 4.002
2023-02-11 19:42:06.313 | INFO     | algorithms.scr:train:180 - 2:1:920, loss: 4.044
2023-02-11 19:42:16.309 | INFO     | algorithms.scr:train:180 - 2:1:960, loss: 3.985
2023-02-11 19:42:26.158 | DEBUG    | algorithms.scr:train:183 - Current sample stats:
2023-02-11 19:42:26.159 | DEBUG    | algorithms.scr:train:186 - 41 has 33 samples
2023-02-11 19:42:26.160 | DEBUG    | algorithms.scr:train:186 - 2 has 33 samples
2023-02-11 19:42:26.161 | DEBUG    | algorithms.scr:train:186 - 51 has 33 samples
2023-02-11 19:42:26.161 | DEBUG    | algorithms.scr:train:186 - 4 has 33 samples
2023-02-11 19:42:26.162 | DEBUG    | algorithms.scr:train:186 - 55 has 33 samples
2023-02-11 19:42:26.163 | DEBUG    | algorithms.scr:train:186 - 77 has 33 samples
2023-02-11 19:42:26.164 | DEBUG    | algorithms.scr:train:186 - 53 has 33 samples
2023-02-11 19:42:26.164 | DEBUG    | algorithms.scr:train:186 - 19 has 33 samples
2023-02-11 19:42:26.165 | DEBUG    | algorithms.scr:train:186 - 57 has 33 samples
2023-02-11 19:42:26.166 | DEBUG    | algorithms.scr:train:186 - 89 has 33 samples
2023-02-11 19:42:26.167 | DEBUG    | algorithms.scr:train:186 - 67 has 33 samples
2023-02-11 19:42:26.167 | DEBUG    | algorithms.scr:train:186 - 40 has 33 samples
2023-02-11 19:42:26.168 | DEBUG    | algorithms.scr:train:186 - 30 has 33 samples
2023-02-11 19:42:26.169 | DEBUG    | algorithms.scr:train:186 - 17 has 33 samples
2023-02-11 19:42:26.169 | DEBUG    | algorithms.scr:train:186 - 12 has 33 samples
2023-02-11 19:42:26.170 | DEBUG    | algorithms.scr:train:186 - 28 has 33 samples
2023-02-11 19:42:26.171 | DEBUG    | algorithms.scr:train:186 - 95 has 33 samples
2023-02-11 19:42:26.172 | DEBUG    | algorithms.scr:train:186 - 71 has 33 samples
2023-02-11 19:42:26.172 | DEBUG    | algorithms.scr:train:186 - 58 has 33 samples
2023-02-11 19:42:26.173 | DEBUG    | algorithms.scr:train:186 - 3 has 33 samples
2023-02-11 19:42:26.174 | DEBUG    | algorithms.scr:train:186 - 47 has 33 samples
2023-02-11 19:42:26.174 | DEBUG    | algorithms.scr:train:186 - 25 has 33 samples
2023-02-11 19:42:26.175 | DEBUG    | algorithms.scr:train:186 - 74 has 33 samples
2023-02-11 19:42:26.176 | DEBUG    | algorithms.scr:train:186 - 76 has 33 samples
2023-02-11 19:42:26.177 | DEBUG    | algorithms.scr:train:186 - 99 has 33 samples
2023-02-11 19:42:26.177 | DEBUG    | algorithms.scr:train:186 - 6 has 33 samples
2023-02-11 19:42:26.178 | DEBUG    | algorithms.scr:train:186 - 80 has 33 samples
2023-02-11 19:42:26.179 | DEBUG    | algorithms.scr:train:186 - 49 has 33 samples
2023-02-11 19:42:26.179 | DEBUG    | algorithms.scr:train:186 - 21 has 33 samples
2023-02-11 19:42:26.180 | DEBUG    | algorithms.scr:train:186 - 96 has 33 samples
2023-02-11 19:42:26.181 | DEBUG    | algorithms.scr:train:186 - 85 has 33 samples
2023-02-11 19:42:26.182 | DEBUG    | algorithms.scr:train:186 - 65 has 33 samples
2023-02-11 19:42:26.182 | DEBUG    | algorithms.scr:train:186 - 50 has 33 samples
2023-02-11 19:42:26.183 | DEBUG    | algorithms.scr:train:186 - 70 has 33 samples
2023-02-11 19:42:26.184 | DEBUG    | algorithms.scr:train:186 - 7 has 33 samples
2023-02-11 19:42:26.185 | DEBUG    | algorithms.scr:train:186 - 98 has 33 samples
2023-02-11 19:42:26.185 | DEBUG    | algorithms.scr:train:186 - 84 has 33 samples
2023-02-11 19:42:26.186 | DEBUG    | algorithms.scr:train:186 - 60 has 33 samples
2023-02-11 19:42:26.187 | DEBUG    | algorithms.scr:train:186 - 72 has 33 samples
2023-02-11 19:42:26.188 | DEBUG    | algorithms.scr:train:186 - 45 has 33 samples
2023-02-11 19:42:26.189 | DEBUG    | algorithms.scr:train:186 - 78 has 34 samples
2023-02-11 19:42:26.190 | DEBUG    | algorithms.scr:train:186 - 8 has 34 samples
2023-02-11 19:42:26.191 | DEBUG    | algorithms.scr:train:186 - 54 has 34 samples
2023-02-11 19:42:26.191 | DEBUG    | algorithms.scr:train:186 - 94 has 34 samples
2023-02-11 19:42:26.192 | DEBUG    | algorithms.scr:train:186 - 16 has 34 samples
2023-02-11 19:42:26.193 | DEBUG    | algorithms.scr:train:186 - 38 has 34 samples
2023-02-11 19:42:26.194 | DEBUG    | algorithms.scr:train:186 - 20 has 34 samples
2023-02-11 19:42:26.195 | DEBUG    | algorithms.scr:train:186 - 36 has 34 samples
2023-02-11 19:42:26.195 | DEBUG    | algorithms.scr:train:186 - 5 has 34 samples
2023-02-11 19:42:26.196 | DEBUG    | algorithms.scr:train:186 - 10 has 34 samples
2023-02-11 19:42:26.197 | DEBUG    | algorithms.scr:train:186 - 73 has 34 samples
2023-02-11 19:42:26.198 | DEBUG    | algorithms.scr:train:186 - 75 has 34 samples
2023-02-11 19:42:26.199 | DEBUG    | algorithms.scr:train:186 - 29 has 34 samples
2023-02-11 19:42:26.200 | DEBUG    | algorithms.scr:train:186 - 37 has 34 samples
2023-02-11 19:42:26.201 | DEBUG    | algorithms.scr:train:186 - 48 has 34 samples
2023-02-11 19:42:26.201 | DEBUG    | algorithms.scr:train:186 - 23 has 34 samples
2023-02-11 19:42:26.202 | DEBUG    | algorithms.scr:train:186 - 15 has 34 samples
2023-02-11 19:42:26.203 | DEBUG    | algorithms.scr:train:186 - 39 has 34 samples
2023-02-11 19:42:26.204 | DEBUG    | algorithms.scr:train:186 - 93 has 34 samples
2023-02-11 19:42:26.205 | DEBUG    | algorithms.scr:train:186 - 90 has 34 samples
2023-02-11 19:42:26.205 | INFO     | algorithms.scr:train:192 - 1, loss: 4.143
2023-02-11 19:42:26.206 | INFO     | algorithms.algorithm_base:run_base_task_metrics:144 - Running metrics: Task 2
2023-02-11 19:42:26.214 | INFO     | algorithms.scr:classify:209 - Generating fresh mean embedding vectors
2023-02-11 19:42:31.298 | DEBUG    | algorithms.scr:classify:231 - Generated mean embedding vectors for: dict_keys([41, 2, 51, 4, 55, 77, 53, 19, 57, 89, 67, 40, 30, 17, 12, 28, 95, 71, 58, 3, 47, 25, 74, 76, 99, 6, 80, 49, 21, 96, 85, 65, 50, 70, 7, 98, 84, 60, 72, 45, 78, 8, 54, 94, 16, 38, 20, 36, 5, 10, 73, 75, 29, 37, 48, 23, 15, 39, 93, 90])
2023-02-11 19:43:56.383 | DEBUG    | algorithms.algorithm_base:run_base_task_metrics:200 - Raw classification accuracy results saved to ./output_cifar100_varied_sampling/scr/1676143673.762878_CIFAR100_OFFICIAL_RUN/task_2_accuracy_results.json
2023-02-11 19:43:56.385 | INFO     | algorithms.algorithm_base:run_base_task_metrics:201 - Correctly classified 2092 / 10000 samples (20.92% correct)
2023-02-11 19:43:56.802 | INFO     | algorithms.scr:train:126 - Task 4 / 5
2023-02-11 19:43:56.808 | INFO     | algorithms.scr:train:127 - Classes in task: ['plate', 'bottle', 'boy', 'lizard', 'television', 'apple', 'wolf', 'caterpillar', 'butterfly', 'pine_tree', 'rocket', 'poppy', 'tulip', 'crab', 'possum', 'porcupine', 'streetcar', 'clock', 'sunflower', 'lion']
2023-02-11 19:43:56.809 | INFO     | algorithms.scr:train:134 - Starting epoch 1 / 1
2023-02-11 19:44:07.050 | INFO     | algorithms.scr:train:180 - 3:1:40, loss: 3.898
2023-02-11 19:44:17.049 | INFO     | algorithms.scr:train:180 - 3:1:80, loss: 3.895
2023-02-11 19:44:26.998 | INFO     | algorithms.scr:train:180 - 3:1:120, loss: 3.863
2023-02-11 19:44:36.980 | INFO     | algorithms.scr:train:180 - 3:1:160, loss: 3.835
2023-02-11 19:44:46.977 | INFO     | algorithms.scr:train:180 - 3:1:200, loss: 3.770
2023-02-11 19:44:56.991 | INFO     | algorithms.scr:train:180 - 3:1:240, loss: 3.820
2023-02-11 19:45:06.972 | INFO     | algorithms.scr:train:180 - 3:1:280, loss: 3.776
2023-02-11 19:45:16.980 | INFO     | algorithms.scr:train:180 - 3:1:320, loss: 3.730
2023-02-11 19:45:26.988 | INFO     | algorithms.scr:train:180 - 3:1:360, loss: 3.765
2023-02-11 19:45:36.976 | INFO     | algorithms.scr:train:180 - 3:1:400, loss: 3.719
2023-02-11 19:45:46.990 | INFO     | algorithms.scr:train:180 - 3:1:440, loss: 3.707
2023-02-11 19:45:56.955 | INFO     | algorithms.scr:train:180 - 3:1:480, loss: 3.743
2023-02-11 19:46:06.919 | INFO     | algorithms.scr:train:180 - 3:1:520, loss: 3.707
2023-02-11 19:46:16.874 | INFO     | algorithms.scr:train:180 - 3:1:560, loss: 3.690
2023-02-11 19:46:26.843 | INFO     | algorithms.scr:train:180 - 3:1:600, loss: 3.626
2023-02-11 19:46:36.836 | INFO     | algorithms.scr:train:180 - 3:1:640, loss: 3.668
2023-02-11 19:46:46.791 | INFO     | algorithms.scr:train:180 - 3:1:680, loss: 3.629
2023-02-11 19:46:56.794 | INFO     | algorithms.scr:train:180 - 3:1:720, loss: 3.658
2023-02-11 19:47:06.785 | INFO     | algorithms.scr:train:180 - 3:1:760, loss: 3.649
2023-02-11 19:47:16.770 | INFO     | algorithms.scr:train:180 - 3:1:800, loss: 3.614
2023-02-11 19:47:26.729 | INFO     | algorithms.scr:train:180 - 3:1:840, loss: 3.653
2023-02-11 19:47:36.708 | INFO     | algorithms.scr:train:180 - 3:1:880, loss: 3.613
2023-02-11 19:47:46.670 | INFO     | algorithms.scr:train:180 - 3:1:920, loss: 3.603
2023-02-11 19:47:56.598 | INFO     | algorithms.scr:train:180 - 3:1:960, loss: 3.631
2023-02-11 19:48:06.285 | DEBUG    | algorithms.scr:train:183 - Current sample stats:
2023-02-11 19:48:06.286 | DEBUG    | algorithms.scr:train:186 - 41 has 25 samples
2023-02-11 19:48:06.286 | DEBUG    | algorithms.scr:train:186 - 2 has 25 samples
2023-02-11 19:48:06.287 | DEBUG    | algorithms.scr:train:186 - 51 has 25 samples
2023-02-11 19:48:06.288 | DEBUG    | algorithms.scr:train:186 - 4 has 25 samples
2023-02-11 19:48:06.289 | DEBUG    | algorithms.scr:train:186 - 55 has 25 samples
2023-02-11 19:48:06.289 | DEBUG    | algorithms.scr:train:186 - 77 has 25 samples
2023-02-11 19:48:06.290 | DEBUG    | algorithms.scr:train:186 - 53 has 25 samples
2023-02-11 19:48:06.291 | DEBUG    | algorithms.scr:train:186 - 19 has 25 samples
2023-02-11 19:48:06.291 | DEBUG    | algorithms.scr:train:186 - 57 has 25 samples
2023-02-11 19:48:06.292 | DEBUG    | algorithms.scr:train:186 - 89 has 25 samples
2023-02-11 19:48:06.293 | DEBUG    | algorithms.scr:train:186 - 67 has 25 samples
2023-02-11 19:48:06.294 | DEBUG    | algorithms.scr:train:186 - 40 has 25 samples
2023-02-11 19:48:06.294 | DEBUG    | algorithms.scr:train:186 - 30 has 25 samples
2023-02-11 19:48:06.295 | DEBUG    | algorithms.scr:train:186 - 17 has 25 samples
2023-02-11 19:48:06.296 | DEBUG    | algorithms.scr:train:186 - 12 has 25 samples
2023-02-11 19:48:06.296 | DEBUG    | algorithms.scr:train:186 - 28 has 25 samples
2023-02-11 19:48:06.297 | DEBUG    | algorithms.scr:train:186 - 95 has 25 samples
2023-02-11 19:48:06.298 | DEBUG    | algorithms.scr:train:186 - 71 has 25 samples
2023-02-11 19:48:06.299 | DEBUG    | algorithms.scr:train:186 - 58 has 25 samples
2023-02-11 19:48:06.299 | DEBUG    | algorithms.scr:train:186 - 3 has 25 samples
2023-02-11 19:48:06.300 | DEBUG    | algorithms.scr:train:186 - 47 has 25 samples
2023-02-11 19:48:06.301 | DEBUG    | algorithms.scr:train:186 - 25 has 25 samples
2023-02-11 19:48:06.301 | DEBUG    | algorithms.scr:train:186 - 74 has 25 samples
2023-02-11 19:48:06.302 | DEBUG    | algorithms.scr:train:186 - 76 has 25 samples
2023-02-11 19:48:06.303 | DEBUG    | algorithms.scr:train:186 - 99 has 25 samples
2023-02-11 19:48:06.304 | DEBUG    | algorithms.scr:train:186 - 6 has 25 samples
2023-02-11 19:48:06.304 | DEBUG    | algorithms.scr:train:186 - 80 has 25 samples
2023-02-11 19:48:06.305 | DEBUG    | algorithms.scr:train:186 - 49 has 25 samples
2023-02-11 19:48:06.306 | DEBUG    | algorithms.scr:train:186 - 21 has 25 samples
2023-02-11 19:48:06.306 | DEBUG    | algorithms.scr:train:186 - 96 has 25 samples
2023-02-11 19:48:06.307 | DEBUG    | algorithms.scr:train:186 - 85 has 25 samples
2023-02-11 19:48:06.308 | DEBUG    | algorithms.scr:train:186 - 65 has 25 samples
2023-02-11 19:48:06.309 | DEBUG    | algorithms.scr:train:186 - 50 has 25 samples
2023-02-11 19:48:06.309 | DEBUG    | algorithms.scr:train:186 - 70 has 25 samples
2023-02-11 19:48:06.310 | DEBUG    | algorithms.scr:train:186 - 7 has 25 samples
2023-02-11 19:48:06.311 | DEBUG    | algorithms.scr:train:186 - 98 has 25 samples
2023-02-11 19:48:06.312 | DEBUG    | algorithms.scr:train:186 - 84 has 25 samples
2023-02-11 19:48:06.312 | DEBUG    | algorithms.scr:train:186 - 60 has 25 samples
2023-02-11 19:48:06.313 | DEBUG    | algorithms.scr:train:186 - 72 has 25 samples
2023-02-11 19:48:06.314 | DEBUG    | algorithms.scr:train:186 - 45 has 25 samples
2023-02-11 19:48:06.315 | DEBUG    | algorithms.scr:train:186 - 78 has 25 samples
2023-02-11 19:48:06.315 | DEBUG    | algorithms.scr:train:186 - 8 has 25 samples
2023-02-11 19:48:06.316 | DEBUG    | algorithms.scr:train:186 - 54 has 25 samples
2023-02-11 19:48:06.317 | DEBUG    | algorithms.scr:train:186 - 94 has 25 samples
2023-02-11 19:48:06.317 | DEBUG    | algorithms.scr:train:186 - 16 has 25 samples
2023-02-11 19:48:06.318 | DEBUG    | algorithms.scr:train:186 - 38 has 25 samples
2023-02-11 19:48:06.319 | DEBUG    | algorithms.scr:train:186 - 20 has 25 samples
2023-02-11 19:48:06.320 | DEBUG    | algorithms.scr:train:186 - 36 has 25 samples
2023-02-11 19:48:06.320 | DEBUG    | algorithms.scr:train:186 - 5 has 25 samples
2023-02-11 19:48:06.321 | DEBUG    | algorithms.scr:train:186 - 10 has 25 samples
2023-02-11 19:48:06.322 | DEBUG    | algorithms.scr:train:186 - 73 has 25 samples
2023-02-11 19:48:06.322 | DEBUG    | algorithms.scr:train:186 - 75 has 25 samples
2023-02-11 19:48:06.323 | DEBUG    | algorithms.scr:train:186 - 29 has 25 samples
2023-02-11 19:48:06.324 | DEBUG    | algorithms.scr:train:186 - 37 has 25 samples
2023-02-11 19:48:06.325 | DEBUG    | algorithms.scr:train:186 - 48 has 25 samples
2023-02-11 19:48:06.326 | DEBUG    | algorithms.scr:train:186 - 23 has 25 samples
2023-02-11 19:48:06.327 | DEBUG    | algorithms.scr:train:186 - 15 has 25 samples
2023-02-11 19:48:06.328 | DEBUG    | algorithms.scr:train:186 - 39 has 25 samples
2023-02-11 19:48:06.328 | DEBUG    | algorithms.scr:train:186 - 93 has 25 samples
2023-02-11 19:48:06.329 | DEBUG    | algorithms.scr:train:186 - 90 has 25 samples
2023-02-11 19:48:06.330 | DEBUG    | algorithms.scr:train:186 - 97 has 25 samples
2023-02-11 19:48:06.331 | DEBUG    | algorithms.scr:train:186 - 62 has 25 samples
2023-02-11 19:48:06.331 | DEBUG    | algorithms.scr:train:186 - 43 has 25 samples
2023-02-11 19:48:06.332 | DEBUG    | algorithms.scr:train:186 - 9 has 25 samples
2023-02-11 19:48:06.333 | DEBUG    | algorithms.scr:train:186 - 22 has 25 samples
2023-02-11 19:48:06.334 | DEBUG    | algorithms.scr:train:186 - 61 has 25 samples
2023-02-11 19:48:06.334 | DEBUG    | algorithms.scr:train:186 - 87 has 25 samples
2023-02-11 19:48:06.335 | DEBUG    | algorithms.scr:train:186 - 59 has 25 samples
2023-02-11 19:48:06.336 | DEBUG    | algorithms.scr:train:186 - 11 has 25 samples
2023-02-11 19:48:06.337 | DEBUG    | algorithms.scr:train:186 - 69 has 25 samples
2023-02-11 19:48:06.338 | DEBUG    | algorithms.scr:train:186 - 81 has 25 samples
2023-02-11 19:48:06.338 | DEBUG    | algorithms.scr:train:186 - 0 has 25 samples
2023-02-11 19:48:06.340 | DEBUG    | algorithms.scr:train:186 - 82 has 25 samples
2023-02-11 19:48:06.340 | DEBUG    | algorithms.scr:train:186 - 14 has 25 samples
2023-02-11 19:48:06.341 | DEBUG    | algorithms.scr:train:186 - 44 has 25 samples
2023-02-11 19:48:06.342 | DEBUG    | algorithms.scr:train:186 - 92 has 25 samples
2023-02-11 19:48:06.343 | DEBUG    | algorithms.scr:train:186 - 18 has 25 samples
2023-02-11 19:48:06.343 | DEBUG    | algorithms.scr:train:186 - 64 has 25 samples
2023-02-11 19:48:06.344 | DEBUG    | algorithms.scr:train:186 - 63 has 25 samples
2023-02-11 19:48:06.345 | DEBUG    | algorithms.scr:train:186 - 26 has 25 samples
2023-02-11 19:48:06.346 | INFO     | algorithms.scr:train:192 - 1, loss: 3.714
2023-02-11 19:48:06.346 | INFO     | algorithms.algorithm_base:run_base_task_metrics:144 - Running metrics: Task 3
2023-02-11 19:48:06.354 | INFO     | algorithms.scr:classify:209 - Generating fresh mean embedding vectors
2023-02-11 19:48:11.482 | DEBUG    | algorithms.scr:classify:231 - Generated mean embedding vectors for: dict_keys([41, 2, 51, 4, 55, 77, 53, 19, 57, 89, 67, 40, 30, 17, 12, 28, 95, 71, 58, 3, 47, 25, 74, 76, 99, 6, 80, 49, 21, 96, 85, 65, 50, 70, 7, 98, 84, 60, 72, 45, 78, 8, 54, 94, 16, 38, 20, 36, 5, 10, 73, 75, 29, 37, 48, 23, 15, 39, 93, 90, 97, 62, 43, 9, 22, 61, 87, 59, 11, 69, 81, 0, 82, 14, 44, 92, 18, 64, 63, 26])
2023-02-11 19:49:53.388 | DEBUG    | algorithms.algorithm_base:run_base_task_metrics:200 - Raw classification accuracy results saved to ./output_cifar100_varied_sampling/scr/1676143673.762878_CIFAR100_OFFICIAL_RUN/task_3_accuracy_results.json
2023-02-11 19:49:53.390 | INFO     | algorithms.algorithm_base:run_base_task_metrics:201 - Correctly classified 2444 / 10000 samples (24.44% correct)
2023-02-11 19:49:53.804 | INFO     | algorithms.scr:train:126 - Task 5 / 5
2023-02-11 19:49:53.811 | INFO     | algorithms.scr:train:127 - Classes in task: ['aquarium_fish', 'crocodile', 'bus', 'telephone', 'fox', 'tiger', 'leopard', 'girl', 'oak_tree', 'flatfish', 'spider', 'forest', 'palm_tree', 'man', 'cockroach', 'elephant', 'trout', 'raccoon', 'road', 'sweet_pepper']
2023-02-11 19:49:53.812 | INFO     | algorithms.scr:train:134 - Starting epoch 1 / 1
2023-02-11 19:50:04.044 | INFO     | algorithms.scr:train:180 - 4:1:40, loss: 3.500
2023-02-11 19:50:14.007 | INFO     | algorithms.scr:train:180 - 4:1:80, loss: 3.462
2023-02-11 19:50:23.982 | INFO     | algorithms.scr:train:180 - 4:1:120, loss: 3.456
2023-02-11 19:50:33.966 | INFO     | algorithms.scr:train:180 - 4:1:160, loss: 3.438
2023-02-11 19:50:43.936 | INFO     | algorithms.scr:train:180 - 4:1:200, loss: 3.396
2023-02-11 19:50:53.910 | INFO     | algorithms.scr:train:180 - 4:1:240, loss: 3.478
2023-02-11 19:51:03.915 | INFO     | algorithms.scr:train:180 - 4:1:280, loss: 3.365
2023-02-11 19:51:13.850 | INFO     | algorithms.scr:train:180 - 4:1:320, loss: 3.422
2023-02-11 19:51:23.825 | INFO     | algorithms.scr:train:180 - 4:1:360, loss: 3.385
2023-02-11 19:51:33.785 | INFO     | algorithms.scr:train:180 - 4:1:400, loss: 3.388
2023-02-11 19:51:43.754 | INFO     | algorithms.scr:train:180 - 4:1:440, loss: 3.363
2023-02-11 19:51:53.745 | INFO     | algorithms.scr:train:180 - 4:1:480, loss: 3.371
2023-02-11 19:52:03.700 | INFO     | algorithms.scr:train:180 - 4:1:520, loss: 3.345
2023-02-11 19:52:13.686 | INFO     | algorithms.scr:train:180 - 4:1:560, loss: 3.319
2023-02-11 19:52:23.681 | INFO     | algorithms.scr:train:180 - 4:1:600, loss: 3.363
2023-02-11 19:52:33.608 | INFO     | algorithms.scr:train:180 - 4:1:640, loss: 3.353
2023-02-11 19:52:43.569 | INFO     | algorithms.scr:train:180 - 4:1:680, loss: 3.296
2023-02-11 19:52:53.524 | INFO     | algorithms.scr:train:180 - 4:1:720, loss: 3.319
2023-02-11 19:53:03.493 | INFO     | algorithms.scr:train:180 - 4:1:760, loss: 3.296
2023-02-11 19:53:13.515 | INFO     | algorithms.scr:train:180 - 4:1:800, loss: 3.277
2023-02-11 19:53:23.495 | INFO     | algorithms.scr:train:180 - 4:1:840, loss: 3.294
2023-02-11 19:53:33.530 | INFO     | algorithms.scr:train:180 - 4:1:880, loss: 3.292
2023-02-11 19:53:43.510 | INFO     | algorithms.scr:train:180 - 4:1:920, loss: 3.281
2023-02-11 19:53:53.494 | INFO     | algorithms.scr:train:180 - 4:1:960, loss: 3.247
2023-02-11 19:54:03.237 | DEBUG    | algorithms.scr:train:183 - Current sample stats:
2023-02-11 19:54:03.238 | DEBUG    | algorithms.scr:train:186 - 41 has 20 samples
2023-02-11 19:54:03.239 | DEBUG    | algorithms.scr:train:186 - 2 has 20 samples
2023-02-11 19:54:03.239 | DEBUG    | algorithms.scr:train:186 - 51 has 20 samples
2023-02-11 19:54:03.240 | DEBUG    | algorithms.scr:train:186 - 4 has 20 samples
2023-02-11 19:54:03.241 | DEBUG    | algorithms.scr:train:186 - 55 has 20 samples
2023-02-11 19:54:03.242 | DEBUG    | algorithms.scr:train:186 - 77 has 20 samples
2023-02-11 19:54:03.242 | DEBUG    | algorithms.scr:train:186 - 53 has 20 samples
2023-02-11 19:54:03.243 | DEBUG    | algorithms.scr:train:186 - 19 has 20 samples
2023-02-11 19:54:03.244 | DEBUG    | algorithms.scr:train:186 - 57 has 20 samples
2023-02-11 19:54:03.244 | DEBUG    | algorithms.scr:train:186 - 89 has 20 samples
2023-02-11 19:54:03.245 | DEBUG    | algorithms.scr:train:186 - 67 has 20 samples
2023-02-11 19:54:03.246 | DEBUG    | algorithms.scr:train:186 - 40 has 20 samples
2023-02-11 19:54:03.247 | DEBUG    | algorithms.scr:train:186 - 30 has 20 samples
2023-02-11 19:54:03.247 | DEBUG    | algorithms.scr:train:186 - 17 has 20 samples
2023-02-11 19:54:03.248 | DEBUG    | algorithms.scr:train:186 - 12 has 20 samples
2023-02-11 19:54:03.249 | DEBUG    | algorithms.scr:train:186 - 28 has 20 samples
2023-02-11 19:54:03.249 | DEBUG    | algorithms.scr:train:186 - 95 has 20 samples
2023-02-11 19:54:03.250 | DEBUG    | algorithms.scr:train:186 - 71 has 20 samples
2023-02-11 19:54:03.251 | DEBUG    | algorithms.scr:train:186 - 58 has 20 samples
2023-02-11 19:54:03.252 | DEBUG    | algorithms.scr:train:186 - 3 has 20 samples
2023-02-11 19:54:03.252 | DEBUG    | algorithms.scr:train:186 - 47 has 20 samples
2023-02-11 19:54:03.253 | DEBUG    | algorithms.scr:train:186 - 25 has 20 samples
2023-02-11 19:54:03.254 | DEBUG    | algorithms.scr:train:186 - 74 has 20 samples
2023-02-11 19:54:03.254 | DEBUG    | algorithms.scr:train:186 - 76 has 20 samples
2023-02-11 19:54:03.255 | DEBUG    | algorithms.scr:train:186 - 99 has 20 samples
2023-02-11 19:54:03.256 | DEBUG    | algorithms.scr:train:186 - 6 has 20 samples
2023-02-11 19:54:03.257 | DEBUG    | algorithms.scr:train:186 - 80 has 20 samples
2023-02-11 19:54:03.257 | DEBUG    | algorithms.scr:train:186 - 49 has 20 samples
2023-02-11 19:54:03.258 | DEBUG    | algorithms.scr:train:186 - 21 has 20 samples
2023-02-11 19:54:03.259 | DEBUG    | algorithms.scr:train:186 - 96 has 20 samples
2023-02-11 19:54:03.259 | DEBUG    | algorithms.scr:train:186 - 85 has 20 samples
2023-02-11 19:54:03.260 | DEBUG    | algorithms.scr:train:186 - 65 has 20 samples
2023-02-11 19:54:03.261 | DEBUG    | algorithms.scr:train:186 - 50 has 20 samples
2023-02-11 19:54:03.262 | DEBUG    | algorithms.scr:train:186 - 70 has 20 samples
2023-02-11 19:54:03.262 | DEBUG    | algorithms.scr:train:186 - 7 has 20 samples
2023-02-11 19:54:03.263 | DEBUG    | algorithms.scr:train:186 - 98 has 20 samples
2023-02-11 19:54:03.264 | DEBUG    | algorithms.scr:train:186 - 84 has 20 samples
2023-02-11 19:54:03.265 | DEBUG    | algorithms.scr:train:186 - 60 has 20 samples
2023-02-11 19:54:03.265 | DEBUG    | algorithms.scr:train:186 - 72 has 20 samples
2023-02-11 19:54:03.266 | DEBUG    | algorithms.scr:train:186 - 45 has 20 samples
2023-02-11 19:54:03.267 | DEBUG    | algorithms.scr:train:186 - 78 has 20 samples
2023-02-11 19:54:03.268 | DEBUG    | algorithms.scr:train:186 - 8 has 20 samples
2023-02-11 19:54:03.268 | DEBUG    | algorithms.scr:train:186 - 54 has 20 samples
2023-02-11 19:54:03.269 | DEBUG    | algorithms.scr:train:186 - 94 has 20 samples
2023-02-11 19:54:03.271 | DEBUG    | algorithms.scr:train:186 - 16 has 20 samples
2023-02-11 19:54:03.271 | DEBUG    | algorithms.scr:train:186 - 38 has 20 samples
2023-02-11 19:54:03.272 | DEBUG    | algorithms.scr:train:186 - 20 has 20 samples
2023-02-11 19:54:03.273 | DEBUG    | algorithms.scr:train:186 - 36 has 20 samples
2023-02-11 19:54:03.274 | DEBUG    | algorithms.scr:train:186 - 5 has 20 samples
2023-02-11 19:54:03.274 | DEBUG    | algorithms.scr:train:186 - 10 has 20 samples
2023-02-11 19:54:03.275 | DEBUG    | algorithms.scr:train:186 - 73 has 20 samples
2023-02-11 19:54:03.276 | DEBUG    | algorithms.scr:train:186 - 75 has 20 samples
2023-02-11 19:54:03.277 | DEBUG    | algorithms.scr:train:186 - 29 has 20 samples
2023-02-11 19:54:03.278 | DEBUG    | algorithms.scr:train:186 - 37 has 20 samples
2023-02-11 19:54:03.279 | DEBUG    | algorithms.scr:train:186 - 48 has 20 samples
2023-02-11 19:54:03.280 | DEBUG    | algorithms.scr:train:186 - 23 has 20 samples
2023-02-11 19:54:03.281 | DEBUG    | algorithms.scr:train:186 - 15 has 20 samples
2023-02-11 19:54:03.281 | DEBUG    | algorithms.scr:train:186 - 39 has 20 samples
2023-02-11 19:54:03.282 | DEBUG    | algorithms.scr:train:186 - 93 has 20 samples
2023-02-11 19:54:03.283 | DEBUG    | algorithms.scr:train:186 - 90 has 20 samples
2023-02-11 19:54:03.284 | DEBUG    | algorithms.scr:train:186 - 97 has 20 samples
2023-02-11 19:54:03.285 | DEBUG    | algorithms.scr:train:186 - 62 has 20 samples
2023-02-11 19:54:03.285 | DEBUG    | algorithms.scr:train:186 - 43 has 20 samples
2023-02-11 19:54:03.286 | DEBUG    | algorithms.scr:train:186 - 9 has 20 samples
2023-02-11 19:54:03.287 | DEBUG    | algorithms.scr:train:186 - 22 has 20 samples
2023-02-11 19:54:03.288 | DEBUG    | algorithms.scr:train:186 - 61 has 20 samples
2023-02-11 19:54:03.288 | DEBUG    | algorithms.scr:train:186 - 87 has 20 samples
2023-02-11 19:54:03.289 | DEBUG    | algorithms.scr:train:186 - 59 has 20 samples
2023-02-11 19:54:03.290 | DEBUG    | algorithms.scr:train:186 - 11 has 20 samples
2023-02-11 19:54:03.291 | DEBUG    | algorithms.scr:train:186 - 69 has 20 samples
2023-02-11 19:54:03.291 | DEBUG    | algorithms.scr:train:186 - 81 has 20 samples
2023-02-11 19:54:03.292 | DEBUG    | algorithms.scr:train:186 - 0 has 20 samples
2023-02-11 19:54:03.293 | DEBUG    | algorithms.scr:train:186 - 82 has 20 samples
2023-02-11 19:54:03.294 | DEBUG    | algorithms.scr:train:186 - 14 has 20 samples
2023-02-11 19:54:03.295 | DEBUG    | algorithms.scr:train:186 - 44 has 20 samples
2023-02-11 19:54:03.296 | DEBUG    | algorithms.scr:train:186 - 92 has 20 samples
2023-02-11 19:54:03.296 | DEBUG    | algorithms.scr:train:186 - 18 has 20 samples
2023-02-11 19:54:03.297 | DEBUG    | algorithms.scr:train:186 - 64 has 20 samples
2023-02-11 19:54:03.298 | DEBUG    | algorithms.scr:train:186 - 63 has 20 samples
2023-02-11 19:54:03.299 | DEBUG    | algorithms.scr:train:186 - 26 has 20 samples
2023-02-11 19:54:03.299 | DEBUG    | algorithms.scr:train:186 - 79 has 20 samples
2023-02-11 19:54:03.300 | DEBUG    | algorithms.scr:train:186 - 27 has 20 samples
2023-02-11 19:54:03.301 | DEBUG    | algorithms.scr:train:186 - 52 has 20 samples
2023-02-11 19:54:03.302 | DEBUG    | algorithms.scr:train:186 - 13 has 20 samples
2023-02-11 19:54:03.303 | DEBUG    | algorithms.scr:train:186 - 83 has 20 samples
2023-02-11 19:54:03.303 | DEBUG    | algorithms.scr:train:186 - 35 has 20 samples
2023-02-11 19:54:03.304 | DEBUG    | algorithms.scr:train:186 - 68 has 20 samples
2023-02-11 19:54:03.305 | DEBUG    | algorithms.scr:train:186 - 42 has 20 samples
2023-02-11 19:54:03.306 | DEBUG    | algorithms.scr:train:186 - 66 has 20 samples
2023-02-11 19:54:03.306 | DEBUG    | algorithms.scr:train:186 - 88 has 20 samples
2023-02-11 19:54:03.307 | DEBUG    | algorithms.scr:train:186 - 32 has 20 samples
2023-02-11 19:54:03.308 | DEBUG    | algorithms.scr:train:186 - 86 has 20 samples
2023-02-11 19:54:03.309 | DEBUG    | algorithms.scr:train:186 - 24 has 20 samples
2023-02-11 19:54:03.310 | DEBUG    | algorithms.scr:train:186 - 46 has 20 samples
2023-02-11 19:54:03.311 | DEBUG    | algorithms.scr:train:186 - 31 has 20 samples
2023-02-11 19:54:03.311 | DEBUG    | algorithms.scr:train:186 - 91 has 20 samples
2023-02-11 19:54:03.312 | DEBUG    | algorithms.scr:train:186 - 33 has 20 samples
2023-02-11 19:54:03.313 | DEBUG    | algorithms.scr:train:186 - 34 has 20 samples
2023-02-11 19:54:03.314 | DEBUG    | algorithms.scr:train:186 - 56 has 20 samples
2023-02-11 19:54:03.315 | DEBUG    | algorithms.scr:train:186 - 1 has 20 samples
2023-02-11 19:54:03.315 | INFO     | algorithms.scr:train:192 - 1, loss: 3.357
2023-02-11 19:54:03.316 | INFO     | algorithms.algorithm_base:run_base_task_metrics:144 - Running metrics: Task 4
2023-02-11 19:54:03.324 | INFO     | algorithms.scr:classify:209 - Generating fresh mean embedding vectors
2023-02-11 19:54:08.375 | DEBUG    | algorithms.scr:classify:231 - Generated mean embedding vectors for: dict_keys([41, 2, 51, 4, 55, 77, 53, 19, 57, 89, 67, 40, 30, 17, 12, 28, 95, 71, 58, 3, 47, 25, 74, 76, 99, 6, 80, 49, 21, 96, 85, 65, 50, 70, 7, 98, 84, 60, 72, 45, 78, 8, 54, 94, 16, 38, 20, 36, 5, 10, 73, 75, 29, 37, 48, 23, 15, 39, 93, 90, 97, 62, 43, 9, 22, 61, 87, 59, 11, 69, 81, 0, 82, 14, 44, 92, 18, 64, 63, 26, 79, 27, 52, 13, 83, 35, 68, 42, 66, 88, 32, 86, 24, 46, 31, 91, 33, 34, 56, 1])
2023-02-11 19:56:13.388 | DEBUG    | algorithms.algorithm_base:run_base_task_metrics:200 - Raw classification accuracy results saved to ./output_cifar100_varied_sampling/scr/1676143673.762878_CIFAR100_OFFICIAL_RUN/task_4_accuracy_results.json
2023-02-11 19:56:13.391 | INFO     | algorithms.algorithm_base:run_base_task_metrics:201 - Correctly classified 2657 / 10000 samples (26.57% correct)
2023-02-11 19:56:13.804 | INFO     | algorithms.scr:train:201 - Training complete
2023-02-11 19:56:13.811 | INFO     | __main__:run_experiment:290 - Training and evaluation completed!
2023-02-11 19:56:13.812 | INFO     | __main__:run_experiment:304 - Wrote usage stats to file
2023-02-11 19:56:13.813 | INFO     | __main__:main:351 - Complete
2023-02-11 19:56:13.814 | INFO     | __main__:close_tensorboard_writer:252 - Shut down TensorBoard
