2023-02-09 21:53:17.132 | INFO     | __main__:setup_files:208 - Experiment Name: OFFICIAL_RUN
2023-02-09 21:53:17.134 | INFO     | __main__:main:322 - Command line arguments: Configuration(algorithm='scr', dataset='cifar100', classes_per_task=20, seed=9767, samples=500)
2023-02-09 21:53:17.136 | INFO     | __main__:main:326 - Seeded random to 9767
2023-02-09 21:53:17.137 | INFO     | __main__:main:330 - Got CUDA device
2023-02-09 21:53:17.137 | INFO     | __main__:force_cuda_load:258 - Forcing CUDA initialisation...
2023-02-09 21:53:17.194 | INFO     | __main__:main:334 - CUDA initialised
2023-02-09 21:53:17.195 | INFO     | __main__:setup_shutdown_hook:254 - To access TensorBoard, run the command: tensorboard --logdir=./output_cifar100_varied_sampling/scr/1675979597.129311_CIFAR100_OFFICIAL_RUN
2023-02-09 21:53:17.197 | INFO     | __main__:main:338 - Setup shutdown hooks
2023-02-09 21:53:17.220 | INFO     | __main__:main:343 - Model is setup
2023-02-09 21:53:17.221 | INFO     | __main__:main:345 - Complete pre-setup, starting experiment
2023-02-09 21:53:18.410 | INFO     | datasets.dataset_base:__init__:80 - Using disjoint tasks with 20 (5 tasks) with a randomised split
2023-02-09 21:53:18.412 | DEBUG    | datasets.dataset_base:_setup_task_datasets:95 - Splitting dataset into 5 disjoint tasks
2023-02-09 21:53:18.430 | INFO     | datasets.dataset_base:__init__:85 - {
  "name": "datasets.cifar100.CIFAR100",
  "dataset_class": "torchvision.datasets.cifar.CIFAR100",
  "training_dataset_parameters": "{'train': True, 'download': True}",
  "testing_dataset_parameters": "{'train': False, 'download': True}",
  "training_transform": "Compose(\n    Resize(size=(32, 32), interpolation=bilinear, max_size=None, antialias=None)\n    ToTensor()\n    Normalize(mean=(0.5071, 0.4867, 0.4408), std=(0.2675, 0.2565, 0.2761))\n    RandomCrop(size=(32, 32), padding=4)\n    RandomHorizontalFlip(p=0.5)\n)",
  "testing_transform": "Compose(\n    Resize(size=(32, 32), interpolation=bilinear, max_size=None, antialias=None)\n    ToTensor()\n    Normalize(mean=(0.5071, 0.4867, 0.4408), std=(0.2675, 0.2565, 0.2761))\n)",
  "classes": "apple, aquarium_fish, baby, bear, beaver, bed, bee, beetle, bicycle, bottle, bowl, boy, bridge, bus, butterfly, camel, can, castle, caterpillar, cattle, chair, chimpanzee, clock, cloud, cockroach, couch, crab, crocodile, cup, dinosaur, dolphin, elephant, flatfish, forest, fox, girl, hamster, house, kangaroo, keyboard, lamp, lawn_mower, leopard, lion, lizard, lobster, man, maple_tree, motorcycle, mountain, mouse, mushroom, oak_tree, orange, orchid, otter, palm_tree, pear, pickup_truck, pine_tree, plain, plate, poppy, porcupine, possum, rabbit, raccoon, ray, road, rocket, rose, sea, seal, shark, shrew, skunk, skyscraper, snail, snake, spider, squirrel, streetcar, sunflower, sweet_pepper, table, tank, telephone, television, tiger, tractor, train, trout, tulip, turtle, wardrobe, whale, willow_tree, wolf, woman, worm",
  "disjoint": true,
  "task_count": 5,
  "classes_per_task": [
    20
  ],
  "task_split_indices": [
    [
      19,
      40,
      58,
      57,
      95,
      53,
      77,
      30,
      89,
      71,
      12,
      67,
      41,
      4,
      2,
      3,
      17,
      28,
      51,
      55
    ],
    [
      65,
      76,
      84,
      98,
      45,
      25,
      7,
      47,
      70,
      99,
      21,
      72,
      85,
      60,
      6,
      74,
      96,
      50,
      49,
      80
    ],
    [
      38,
      93,
      29,
      36,
      8,
      48,
      5,
      73,
      37,
      20,
      94,
      15,
      23,
      75,
      16,
      90,
      54,
      10,
      39,
      78
    ],
    [
      61,
      9,
      11,
      44,
      87,
      0,
      97,
      18,
      14,
      59,
      69,
      62,
      92,
      26,
      64,
      63,
      81,
      22,
      82,
      43
    ],
    [
      1,
      27,
      13,
      86,
      34,
      88,
      42,
      35,
      52,
      32,
      79,
      33,
      56,
      46,
      24,
      31,
      91,
      66,
      68,
      83
    ]
  ],
  "task_split_classes": [
    [
      "cattle",
      "lamp",
      "pickup_truck",
      "pear",
      "whale",
      "orange",
      "snail",
      "dolphin",
      "tractor",
      "sea",
      "bridge",
      "ray",
      "lawn_mower",
      "beaver",
      "baby",
      "bear",
      "castle",
      "cup",
      "mushroom",
      "otter"
    ],
    [
      "rabbit",
      "skyscraper",
      "table",
      "woman",
      "lobster",
      "couch",
      "beetle",
      "maple_tree",
      "rose",
      "worm",
      "chimpanzee",
      "seal",
      "tank",
      "plain",
      "bee",
      "shrew",
      "willow_tree",
      "mouse",
      "mountain",
      "squirrel"
    ],
    [
      "kangaroo",
      "turtle",
      "dinosaur",
      "hamster",
      "bicycle",
      "motorcycle",
      "bed",
      "shark",
      "house",
      "chair",
      "wardrobe",
      "camel",
      "cloud",
      "skunk",
      "can",
      "train",
      "orchid",
      "bowl",
      "keyboard",
      "snake"
    ],
    [
      "plate",
      "bottle",
      "boy",
      "lizard",
      "television",
      "apple",
      "wolf",
      "caterpillar",
      "butterfly",
      "pine_tree",
      "rocket",
      "poppy",
      "tulip",
      "crab",
      "possum",
      "porcupine",
      "streetcar",
      "clock",
      "sunflower",
      "lion"
    ],
    [
      "aquarium_fish",
      "crocodile",
      "bus",
      "telephone",
      "fox",
      "tiger",
      "leopard",
      "girl",
      "oak_tree",
      "flatfish",
      "spider",
      "forest",
      "palm_tree",
      "man",
      "cockroach",
      "elephant",
      "trout",
      "raccoon",
      "road",
      "sweet_pepper"
    ]
  ]
}
2023-02-09 21:53:18.457 | DEBUG    | __main__:run_experiment:282 - PID: 16072
2023-02-09 21:53:18.458 | INFO     | __main__:run_experiment:284 - Starting...
2023-02-09 21:53:18.459 | INFO     | algorithms.algorithm_base:train:116 - {
  "name": "algorithms.scr.SupervisedContrastiveReplay",
  "model_class": "models.scr.scr_resnet.SupConResNet",
  "device": "cuda:0",
  "dataset_class": "datasets.cifar100.CIFAR100",
  "optimiser_class": "torch.optim.sgd.SGD",
  "loss_criterion_class": "torch.nn.modules.loss.CrossEntropyLoss",
  "epochs_per_task": 1,
  "batch_size": 10,
  "max_memory_samples": 500,
  "memory_batch_size": 100,
  "tau (temperature)": 0.07,
  "lr": 0.1
}
2023-02-09 21:53:18.460 | DEBUG    | algorithms.algorithm_base:_setup_training:109 - Model moved to cuda:0 and set to train mode
2023-02-09 21:53:18.461 | INFO     | algorithms.algorithm_base:train:118 - Starting training
2023-02-09 21:53:18.462 | INFO     | algorithms.scr:train:126 - Task 1 / 5
2023-02-09 21:53:18.462 | INFO     | algorithms.scr:train:127 - Classes in task: ['cattle', 'lamp', 'pickup_truck', 'pear', 'whale', 'orange', 'snail', 'dolphin', 'tractor', 'sea', 'bridge', 'ray', 'lawn_mower', 'beaver', 'baby', 'bear', 'castle', 'cup', 'mushroom', 'otter']
2023-02-09 21:53:18.463 | INFO     | algorithms.scr:train:134 - Starting epoch 1 / 1
2023-02-09 21:53:28.259 | INFO     | algorithms.scr:train:180 - 0:1:40, loss: 4.113
2023-02-09 21:53:38.081 | INFO     | algorithms.scr:train:180 - 0:1:80, loss: 5.217
2023-02-09 21:53:47.908 | INFO     | algorithms.scr:train:180 - 0:1:120, loss: 5.183
2023-02-09 21:53:57.717 | INFO     | algorithms.scr:train:180 - 0:1:160, loss: 5.158
2023-02-09 21:54:07.824 | INFO     | algorithms.scr:train:180 - 0:1:200, loss: 5.108
2023-02-09 21:54:18.142 | INFO     | algorithms.scr:train:180 - 0:1:240, loss: 5.132
2023-02-09 21:54:28.423 | INFO     | algorithms.scr:train:180 - 0:1:280, loss: 5.128
2023-02-09 21:54:38.697 | INFO     | algorithms.scr:train:180 - 0:1:320, loss: 5.084
2023-02-09 21:54:48.967 | INFO     | algorithms.scr:train:180 - 0:1:360, loss: 5.031
2023-02-09 21:54:59.209 | INFO     | algorithms.scr:train:180 - 0:1:400, loss: 5.020
2023-02-09 21:55:09.448 | INFO     | algorithms.scr:train:180 - 0:1:440, loss: 4.997
2023-02-09 21:55:19.690 | INFO     | algorithms.scr:train:180 - 0:1:480, loss: 4.993
2023-02-09 21:55:29.932 | INFO     | algorithms.scr:train:180 - 0:1:520, loss: 4.962
2023-02-09 21:55:40.173 | INFO     | algorithms.scr:train:180 - 0:1:560, loss: 4.957
2023-02-09 21:55:50.427 | INFO     | algorithms.scr:train:180 - 0:1:600, loss: 4.937
2023-02-09 21:56:00.672 | INFO     | algorithms.scr:train:180 - 0:1:640, loss: 4.950
2023-02-09 21:56:10.899 | INFO     | algorithms.scr:train:180 - 0:1:680, loss: 4.935
2023-02-09 21:56:21.135 | INFO     | algorithms.scr:train:180 - 0:1:720, loss: 4.871
2023-02-09 21:56:31.398 | INFO     | algorithms.scr:train:180 - 0:1:760, loss: 4.828
2023-02-09 21:56:41.681 | INFO     | algorithms.scr:train:180 - 0:1:800, loss: 4.844
2023-02-09 21:56:51.939 | INFO     | algorithms.scr:train:180 - 0:1:840, loss: 4.795
2023-02-09 21:57:02.147 | INFO     | algorithms.scr:train:180 - 0:1:880, loss: 4.774
2023-02-09 21:57:12.389 | INFO     | algorithms.scr:train:180 - 0:1:920, loss: 4.746
2023-02-09 21:57:22.606 | INFO     | algorithms.scr:train:180 - 0:1:960, loss: 4.733
2023-02-09 21:57:32.605 | DEBUG    | algorithms.scr:train:183 - Current sample stats:
2023-02-09 21:57:32.606 | DEBUG    | algorithms.scr:train:186 - 41 has 25 samples
2023-02-09 21:57:32.607 | DEBUG    | algorithms.scr:train:186 - 2 has 25 samples
2023-02-09 21:57:32.608 | DEBUG    | algorithms.scr:train:186 - 51 has 25 samples
2023-02-09 21:57:32.608 | DEBUG    | algorithms.scr:train:186 - 4 has 25 samples
2023-02-09 21:57:32.609 | DEBUG    | algorithms.scr:train:186 - 55 has 25 samples
2023-02-09 21:57:32.610 | DEBUG    | algorithms.scr:train:186 - 77 has 25 samples
2023-02-09 21:57:32.611 | DEBUG    | algorithms.scr:train:186 - 53 has 25 samples
2023-02-09 21:57:32.611 | DEBUG    | algorithms.scr:train:186 - 19 has 25 samples
2023-02-09 21:57:32.612 | DEBUG    | algorithms.scr:train:186 - 57 has 25 samples
2023-02-09 21:57:32.613 | DEBUG    | algorithms.scr:train:186 - 89 has 25 samples
2023-02-09 21:57:32.613 | DEBUG    | algorithms.scr:train:186 - 67 has 25 samples
2023-02-09 21:57:32.614 | DEBUG    | algorithms.scr:train:186 - 40 has 25 samples
2023-02-09 21:57:32.615 | DEBUG    | algorithms.scr:train:186 - 30 has 25 samples
2023-02-09 21:57:32.616 | DEBUG    | algorithms.scr:train:186 - 17 has 25 samples
2023-02-09 21:57:32.616 | DEBUG    | algorithms.scr:train:186 - 12 has 25 samples
2023-02-09 21:57:32.617 | DEBUG    | algorithms.scr:train:186 - 28 has 25 samples
2023-02-09 21:57:32.618 | DEBUG    | algorithms.scr:train:186 - 95 has 25 samples
2023-02-09 21:57:32.618 | DEBUG    | algorithms.scr:train:186 - 71 has 25 samples
2023-02-09 21:57:32.619 | DEBUG    | algorithms.scr:train:186 - 58 has 25 samples
2023-02-09 21:57:32.620 | DEBUG    | algorithms.scr:train:186 - 3 has 25 samples
2023-02-09 21:57:32.621 | INFO     | algorithms.scr:train:192 - 1, loss: 4.930
2023-02-09 21:57:32.621 | INFO     | algorithms.algorithm_base:run_base_task_metrics:144 - Running metrics: Task 0
2023-02-09 21:57:32.629 | INFO     | algorithms.scr:classify:209 - Generating fresh mean embedding vectors
2023-02-09 21:57:33.918 | DEBUG    | algorithms.scr:classify:231 - Generated mean embedding vectors for: dict_keys([41, 2, 51, 4, 55, 77, 53, 19, 57, 89, 67, 40, 30, 17, 12, 28, 95, 71, 58, 3])
2023-02-09 21:58:19.043 | DEBUG    | algorithms.algorithm_base:run_base_task_metrics:200 - Raw classification accuracy results saved to ./output_cifar100_varied_sampling/scr/1675979597.129311_CIFAR100_OFFICIAL_RUN/task_0_accuracy_results.json
2023-02-09 21:58:19.045 | INFO     | algorithms.algorithm_base:run_base_task_metrics:201 - Correctly classified 892 / 10000 samples (8.92% correct)
2023-02-09 21:58:19.521 | INFO     | algorithms.scr:train:126 - Task 2 / 5
2023-02-09 21:58:19.525 | INFO     | algorithms.scr:train:127 - Classes in task: ['rabbit', 'skyscraper', 'table', 'woman', 'lobster', 'couch', 'beetle', 'maple_tree', 'rose', 'worm', 'chimpanzee', 'seal', 'tank', 'plain', 'bee', 'shrew', 'willow_tree', 'mouse', 'mountain', 'squirrel']
2023-02-09 21:58:19.526 | INFO     | algorithms.scr:train:134 - Starting epoch 1 / 1
2023-02-09 21:58:30.045 | INFO     | algorithms.scr:train:180 - 1:1:40, loss: 4.828
2023-02-09 21:58:40.283 | INFO     | algorithms.scr:train:180 - 1:1:80, loss: 4.690
2023-02-09 21:58:50.510 | INFO     | algorithms.scr:train:180 - 1:1:120, loss: 4.612
2023-02-09 21:59:00.756 | INFO     | algorithms.scr:train:180 - 1:1:160, loss: 4.554
2023-02-09 21:59:11.028 | INFO     | algorithms.scr:train:180 - 1:1:200, loss: 4.547
2023-02-09 21:59:21.351 | INFO     | algorithms.scr:train:180 - 1:1:240, loss: 4.538
2023-02-09 21:59:31.597 | INFO     | algorithms.scr:train:180 - 1:1:280, loss: 4.464
2023-02-09 21:59:41.851 | INFO     | algorithms.scr:train:180 - 1:1:320, loss: 4.429
2023-02-09 21:59:52.098 | INFO     | algorithms.scr:train:180 - 1:1:360, loss: 4.410
2023-02-09 22:00:02.346 | INFO     | algorithms.scr:train:180 - 1:1:400, loss: 4.351
2023-02-09 22:00:12.598 | INFO     | algorithms.scr:train:180 - 1:1:440, loss: 4.325
2023-02-09 22:00:22.827 | INFO     | algorithms.scr:train:180 - 1:1:480, loss: 4.305
2023-02-09 22:00:33.063 | INFO     | algorithms.scr:train:180 - 1:1:520, loss: 4.302
2023-02-09 22:00:43.287 | INFO     | algorithms.scr:train:180 - 1:1:560, loss: 4.201
2023-02-09 22:00:53.579 | INFO     | algorithms.scr:train:180 - 1:1:600, loss: 4.190
2023-02-09 22:01:03.802 | INFO     | algorithms.scr:train:180 - 1:1:640, loss: 4.154
2023-02-09 22:01:14.040 | INFO     | algorithms.scr:train:180 - 1:1:680, loss: 4.138
2023-02-09 22:01:24.295 | INFO     | algorithms.scr:train:180 - 1:1:720, loss: 4.081
2023-02-09 22:01:34.530 | INFO     | algorithms.scr:train:180 - 1:1:760, loss: 4.059
2023-02-09 22:01:44.795 | INFO     | algorithms.scr:train:180 - 1:1:800, loss: 4.033
2023-02-09 22:01:55.067 | INFO     | algorithms.scr:train:180 - 1:1:840, loss: 3.975
2023-02-09 22:02:05.278 | INFO     | algorithms.scr:train:180 - 1:1:880, loss: 4.007
2023-02-09 22:02:15.507 | INFO     | algorithms.scr:train:180 - 1:1:920, loss: 3.911
2023-02-09 22:02:25.755 | INFO     | algorithms.scr:train:180 - 1:1:960, loss: 3.927
2023-02-09 22:02:35.763 | DEBUG    | algorithms.scr:train:183 - Current sample stats:
2023-02-09 22:02:35.764 | DEBUG    | algorithms.scr:train:186 - 41 has 12 samples
2023-02-09 22:02:35.765 | DEBUG    | algorithms.scr:train:186 - 2 has 12 samples
2023-02-09 22:02:35.766 | DEBUG    | algorithms.scr:train:186 - 51 has 12 samples
2023-02-09 22:02:35.767 | DEBUG    | algorithms.scr:train:186 - 4 has 12 samples
2023-02-09 22:02:35.767 | DEBUG    | algorithms.scr:train:186 - 55 has 12 samples
2023-02-09 22:02:35.768 | DEBUG    | algorithms.scr:train:186 - 77 has 12 samples
2023-02-09 22:02:35.769 | DEBUG    | algorithms.scr:train:186 - 53 has 12 samples
2023-02-09 22:02:35.769 | DEBUG    | algorithms.scr:train:186 - 19 has 12 samples
2023-02-09 22:02:35.770 | DEBUG    | algorithms.scr:train:186 - 57 has 12 samples
2023-02-09 22:02:35.771 | DEBUG    | algorithms.scr:train:186 - 89 has 12 samples
2023-02-09 22:02:35.772 | DEBUG    | algorithms.scr:train:186 - 67 has 12 samples
2023-02-09 22:02:35.772 | DEBUG    | algorithms.scr:train:186 - 40 has 12 samples
2023-02-09 22:02:35.773 | DEBUG    | algorithms.scr:train:186 - 30 has 12 samples
2023-02-09 22:02:35.774 | DEBUG    | algorithms.scr:train:186 - 17 has 12 samples
2023-02-09 22:02:35.774 | DEBUG    | algorithms.scr:train:186 - 12 has 12 samples
2023-02-09 22:02:35.775 | DEBUG    | algorithms.scr:train:186 - 28 has 12 samples
2023-02-09 22:02:35.776 | DEBUG    | algorithms.scr:train:186 - 95 has 12 samples
2023-02-09 22:02:35.777 | DEBUG    | algorithms.scr:train:186 - 71 has 12 samples
2023-02-09 22:02:35.777 | DEBUG    | algorithms.scr:train:186 - 58 has 12 samples
2023-02-09 22:02:35.778 | DEBUG    | algorithms.scr:train:186 - 3 has 12 samples
2023-02-09 22:02:35.779 | DEBUG    | algorithms.scr:train:186 - 47 has 13 samples
2023-02-09 22:02:35.780 | DEBUG    | algorithms.scr:train:186 - 25 has 13 samples
2023-02-09 22:02:35.780 | DEBUG    | algorithms.scr:train:186 - 74 has 13 samples
2023-02-09 22:02:35.781 | DEBUG    | algorithms.scr:train:186 - 76 has 13 samples
2023-02-09 22:02:35.782 | DEBUG    | algorithms.scr:train:186 - 99 has 13 samples
2023-02-09 22:02:35.783 | DEBUG    | algorithms.scr:train:186 - 6 has 13 samples
2023-02-09 22:02:35.783 | DEBUG    | algorithms.scr:train:186 - 80 has 13 samples
2023-02-09 22:02:35.784 | DEBUG    | algorithms.scr:train:186 - 49 has 13 samples
2023-02-09 22:02:35.785 | DEBUG    | algorithms.scr:train:186 - 21 has 13 samples
2023-02-09 22:02:35.785 | DEBUG    | algorithms.scr:train:186 - 96 has 13 samples
2023-02-09 22:02:35.786 | DEBUG    | algorithms.scr:train:186 - 85 has 13 samples
2023-02-09 22:02:35.787 | DEBUG    | algorithms.scr:train:186 - 65 has 13 samples
2023-02-09 22:02:35.788 | DEBUG    | algorithms.scr:train:186 - 50 has 13 samples
2023-02-09 22:02:35.788 | DEBUG    | algorithms.scr:train:186 - 70 has 13 samples
2023-02-09 22:02:35.789 | DEBUG    | algorithms.scr:train:186 - 7 has 13 samples
2023-02-09 22:02:35.790 | DEBUG    | algorithms.scr:train:186 - 98 has 13 samples
2023-02-09 22:02:35.790 | DEBUG    | algorithms.scr:train:186 - 84 has 13 samples
2023-02-09 22:02:35.791 | DEBUG    | algorithms.scr:train:186 - 60 has 13 samples
2023-02-09 22:02:35.792 | DEBUG    | algorithms.scr:train:186 - 72 has 13 samples
2023-02-09 22:02:35.793 | DEBUG    | algorithms.scr:train:186 - 45 has 13 samples
2023-02-09 22:02:35.794 | INFO     | algorithms.scr:train:192 - 1, loss: 4.277
2023-02-09 22:02:35.795 | INFO     | algorithms.algorithm_base:run_base_task_metrics:144 - Running metrics: Task 1
2023-02-09 22:02:35.802 | INFO     | algorithms.scr:classify:209 - Generating fresh mean embedding vectors
2023-02-09 22:02:37.070 | DEBUG    | algorithms.scr:classify:231 - Generated mean embedding vectors for: dict_keys([41, 2, 51, 4, 55, 77, 53, 19, 57, 89, 67, 40, 30, 17, 12, 28, 95, 71, 58, 3, 47, 25, 74, 76, 99, 6, 80, 49, 21, 96, 85, 65, 50, 70, 7, 98, 84, 60, 72, 45])
2023-02-09 22:03:41.748 | DEBUG    | algorithms.algorithm_base:run_base_task_metrics:200 - Raw classification accuracy results saved to ./output_cifar100_varied_sampling/scr/1675979597.129311_CIFAR100_OFFICIAL_RUN/task_1_accuracy_results.json
2023-02-09 22:03:41.750 | INFO     | algorithms.algorithm_base:run_base_task_metrics:201 - Correctly classified 1274 / 10000 samples (12.74% correct)
2023-02-09 22:03:42.129 | INFO     | algorithms.scr:train:126 - Task 3 / 5
2023-02-09 22:03:42.135 | INFO     | algorithms.scr:train:127 - Classes in task: ['kangaroo', 'turtle', 'dinosaur', 'hamster', 'bicycle', 'motorcycle', 'bed', 'shark', 'house', 'chair', 'wardrobe', 'camel', 'cloud', 'skunk', 'can', 'train', 'orchid', 'bowl', 'keyboard', 'snake']
2023-02-09 22:03:42.136 | INFO     | algorithms.scr:train:134 - Starting epoch 1 / 1
2023-02-09 22:03:52.679 | INFO     | algorithms.scr:train:180 - 2:1:40, loss: 4.027
2023-02-09 22:04:02.921 | INFO     | algorithms.scr:train:180 - 2:1:80, loss: 3.943
2023-02-09 22:04:13.166 | INFO     | algorithms.scr:train:180 - 2:1:120, loss: 3.884
2023-02-09 22:04:23.400 | INFO     | algorithms.scr:train:180 - 2:1:160, loss: 3.770
2023-02-09 22:04:33.620 | INFO     | algorithms.scr:train:180 - 2:1:200, loss: 3.734
2023-02-09 22:04:43.887 | INFO     | algorithms.scr:train:180 - 2:1:240, loss: 3.674
2023-02-09 22:04:54.120 | INFO     | algorithms.scr:train:180 - 2:1:280, loss: 3.613
2023-02-09 22:05:04.366 | INFO     | algorithms.scr:train:180 - 2:1:320, loss: 3.582
2023-02-09 22:05:14.616 | INFO     | algorithms.scr:train:180 - 2:1:360, loss: 3.567
2023-02-09 22:05:24.838 | INFO     | algorithms.scr:train:180 - 2:1:400, loss: 3.534
2023-02-09 22:05:35.082 | INFO     | algorithms.scr:train:180 - 2:1:440, loss: 3.483
2023-02-09 22:05:45.317 | INFO     | algorithms.scr:train:180 - 2:1:480, loss: 3.438
2023-02-09 22:05:55.548 | INFO     | algorithms.scr:train:180 - 2:1:520, loss: 3.405
2023-02-09 22:06:05.777 | INFO     | algorithms.scr:train:180 - 2:1:560, loss: 3.403
2023-02-09 22:06:16.046 | INFO     | algorithms.scr:train:180 - 2:1:600, loss: 3.364
2023-02-09 22:06:26.259 | INFO     | algorithms.scr:train:180 - 2:1:640, loss: 3.359
2023-02-09 22:06:36.507 | INFO     | algorithms.scr:train:180 - 2:1:680, loss: 3.330
2023-02-09 22:06:46.732 | INFO     | algorithms.scr:train:180 - 2:1:720, loss: 3.275
2023-02-09 22:06:56.969 | INFO     | algorithms.scr:train:180 - 2:1:760, loss: 3.286
2023-02-09 22:07:07.235 | INFO     | algorithms.scr:train:180 - 2:1:800, loss: 3.222
2023-02-09 22:07:17.474 | INFO     | algorithms.scr:train:180 - 2:1:840, loss: 3.245
2023-02-09 22:07:27.713 | INFO     | algorithms.scr:train:180 - 2:1:880, loss: 3.198
2023-02-09 22:07:37.960 | INFO     | algorithms.scr:train:180 - 2:1:920, loss: 3.131
2023-02-09 22:07:48.194 | INFO     | algorithms.scr:train:180 - 2:1:960, loss: 3.139
2023-02-09 22:07:58.163 | DEBUG    | algorithms.scr:train:183 - Current sample stats:
2023-02-09 22:07:58.164 | DEBUG    | algorithms.scr:train:186 - 41 has 8 samples
2023-02-09 22:07:58.165 | DEBUG    | algorithms.scr:train:186 - 2 has 8 samples
2023-02-09 22:07:58.166 | DEBUG    | algorithms.scr:train:186 - 51 has 8 samples
2023-02-09 22:07:58.166 | DEBUG    | algorithms.scr:train:186 - 4 has 8 samples
2023-02-09 22:07:58.167 | DEBUG    | algorithms.scr:train:186 - 55 has 8 samples
2023-02-09 22:07:58.168 | DEBUG    | algorithms.scr:train:186 - 77 has 8 samples
2023-02-09 22:07:58.169 | DEBUG    | algorithms.scr:train:186 - 53 has 8 samples
2023-02-09 22:07:58.169 | DEBUG    | algorithms.scr:train:186 - 19 has 8 samples
2023-02-09 22:07:58.170 | DEBUG    | algorithms.scr:train:186 - 57 has 8 samples
2023-02-09 22:07:58.171 | DEBUG    | algorithms.scr:train:186 - 89 has 8 samples
2023-02-09 22:07:58.171 | DEBUG    | algorithms.scr:train:186 - 67 has 8 samples
2023-02-09 22:07:58.172 | DEBUG    | algorithms.scr:train:186 - 40 has 8 samples
2023-02-09 22:07:58.173 | DEBUG    | algorithms.scr:train:186 - 30 has 8 samples
2023-02-09 22:07:58.174 | DEBUG    | algorithms.scr:train:186 - 17 has 8 samples
2023-02-09 22:07:58.174 | DEBUG    | algorithms.scr:train:186 - 12 has 8 samples
2023-02-09 22:07:58.175 | DEBUG    | algorithms.scr:train:186 - 28 has 8 samples
2023-02-09 22:07:58.176 | DEBUG    | algorithms.scr:train:186 - 95 has 8 samples
2023-02-09 22:07:58.176 | DEBUG    | algorithms.scr:train:186 - 71 has 8 samples
2023-02-09 22:07:58.177 | DEBUG    | algorithms.scr:train:186 - 58 has 8 samples
2023-02-09 22:07:58.178 | DEBUG    | algorithms.scr:train:186 - 3 has 8 samples
2023-02-09 22:07:58.179 | DEBUG    | algorithms.scr:train:186 - 47 has 8 samples
2023-02-09 22:07:58.179 | DEBUG    | algorithms.scr:train:186 - 25 has 8 samples
2023-02-09 22:07:58.180 | DEBUG    | algorithms.scr:train:186 - 74 has 8 samples
2023-02-09 22:07:58.181 | DEBUG    | algorithms.scr:train:186 - 76 has 8 samples
2023-02-09 22:07:58.181 | DEBUG    | algorithms.scr:train:186 - 99 has 8 samples
2023-02-09 22:07:58.182 | DEBUG    | algorithms.scr:train:186 - 6 has 8 samples
2023-02-09 22:07:58.183 | DEBUG    | algorithms.scr:train:186 - 80 has 8 samples
2023-02-09 22:07:58.184 | DEBUG    | algorithms.scr:train:186 - 49 has 8 samples
2023-02-09 22:07:58.184 | DEBUG    | algorithms.scr:train:186 - 21 has 8 samples
2023-02-09 22:07:58.185 | DEBUG    | algorithms.scr:train:186 - 96 has 8 samples
2023-02-09 22:07:58.186 | DEBUG    | algorithms.scr:train:186 - 85 has 8 samples
2023-02-09 22:07:58.186 | DEBUG    | algorithms.scr:train:186 - 65 has 8 samples
2023-02-09 22:07:58.187 | DEBUG    | algorithms.scr:train:186 - 50 has 8 samples
2023-02-09 22:07:58.188 | DEBUG    | algorithms.scr:train:186 - 70 has 8 samples
2023-02-09 22:07:58.189 | DEBUG    | algorithms.scr:train:186 - 7 has 8 samples
2023-02-09 22:07:58.189 | DEBUG    | algorithms.scr:train:186 - 98 has 8 samples
2023-02-09 22:07:58.190 | DEBUG    | algorithms.scr:train:186 - 84 has 8 samples
2023-02-09 22:07:58.191 | DEBUG    | algorithms.scr:train:186 - 60 has 8 samples
2023-02-09 22:07:58.191 | DEBUG    | algorithms.scr:train:186 - 72 has 8 samples
2023-02-09 22:07:58.192 | DEBUG    | algorithms.scr:train:186 - 45 has 8 samples
2023-02-09 22:07:58.193 | DEBUG    | algorithms.scr:train:186 - 78 has 9 samples
2023-02-09 22:07:58.194 | DEBUG    | algorithms.scr:train:186 - 8 has 9 samples
2023-02-09 22:07:58.195 | DEBUG    | algorithms.scr:train:186 - 54 has 9 samples
2023-02-09 22:07:58.196 | DEBUG    | algorithms.scr:train:186 - 94 has 9 samples
2023-02-09 22:07:58.196 | DEBUG    | algorithms.scr:train:186 - 16 has 9 samples
2023-02-09 22:07:58.197 | DEBUG    | algorithms.scr:train:186 - 38 has 9 samples
2023-02-09 22:07:58.198 | DEBUG    | algorithms.scr:train:186 - 20 has 9 samples
2023-02-09 22:07:58.199 | DEBUG    | algorithms.scr:train:186 - 36 has 9 samples
2023-02-09 22:07:58.199 | DEBUG    | algorithms.scr:train:186 - 5 has 9 samples
2023-02-09 22:07:58.200 | DEBUG    | algorithms.scr:train:186 - 10 has 9 samples
2023-02-09 22:07:58.201 | DEBUG    | algorithms.scr:train:186 - 73 has 9 samples
2023-02-09 22:07:58.202 | DEBUG    | algorithms.scr:train:186 - 75 has 9 samples
2023-02-09 22:07:58.203 | DEBUG    | algorithms.scr:train:186 - 29 has 9 samples
2023-02-09 22:07:58.203 | DEBUG    | algorithms.scr:train:186 - 37 has 9 samples
2023-02-09 22:07:58.204 | DEBUG    | algorithms.scr:train:186 - 48 has 9 samples
2023-02-09 22:07:58.205 | DEBUG    | algorithms.scr:train:186 - 23 has 9 samples
2023-02-09 22:07:58.206 | DEBUG    | algorithms.scr:train:186 - 15 has 9 samples
2023-02-09 22:07:58.206 | DEBUG    | algorithms.scr:train:186 - 39 has 9 samples
2023-02-09 22:07:58.207 | DEBUG    | algorithms.scr:train:186 - 93 has 9 samples
2023-02-09 22:07:58.208 | DEBUG    | algorithms.scr:train:186 - 90 has 9 samples
2023-02-09 22:07:58.209 | INFO     | algorithms.scr:train:192 - 1, loss: 3.469
2023-02-09 22:07:58.209 | INFO     | algorithms.algorithm_base:run_base_task_metrics:144 - Running metrics: Task 2
2023-02-09 22:07:58.217 | INFO     | algorithms.scr:classify:209 - Generating fresh mean embedding vectors
2023-02-09 22:07:59.482 | DEBUG    | algorithms.scr:classify:231 - Generated mean embedding vectors for: dict_keys([41, 2, 51, 4, 55, 77, 53, 19, 57, 89, 67, 40, 30, 17, 12, 28, 95, 71, 58, 3, 47, 25, 74, 76, 99, 6, 80, 49, 21, 96, 85, 65, 50, 70, 7, 98, 84, 60, 72, 45, 78, 8, 54, 94, 16, 38, 20, 36, 5, 10, 73, 75, 29, 37, 48, 23, 15, 39, 93, 90])
2023-02-09 22:09:24.301 | DEBUG    | algorithms.algorithm_base:run_base_task_metrics:200 - Raw classification accuracy results saved to ./output_cifar100_varied_sampling/scr/1675979597.129311_CIFAR100_OFFICIAL_RUN/task_2_accuracy_results.json
2023-02-09 22:09:24.302 | INFO     | algorithms.algorithm_base:run_base_task_metrics:201 - Correctly classified 1565 / 10000 samples (15.65% correct)
2023-02-09 22:09:24.716 | INFO     | algorithms.scr:train:126 - Task 4 / 5
2023-02-09 22:09:24.723 | INFO     | algorithms.scr:train:127 - Classes in task: ['plate', 'bottle', 'boy', 'lizard', 'television', 'apple', 'wolf', 'caterpillar', 'butterfly', 'pine_tree', 'rocket', 'poppy', 'tulip', 'crab', 'possum', 'porcupine', 'streetcar', 'clock', 'sunflower', 'lion']
2023-02-09 22:09:24.723 | INFO     | algorithms.scr:train:134 - Starting epoch 1 / 1
2023-02-09 22:09:35.200 | INFO     | algorithms.scr:train:180 - 3:1:40, loss: 3.270
2023-02-09 22:09:45.419 | INFO     | algorithms.scr:train:180 - 3:1:80, loss: 3.174
2023-02-09 22:09:55.642 | INFO     | algorithms.scr:train:180 - 3:1:120, loss: 3.158
2023-02-09 22:10:05.870 | INFO     | algorithms.scr:train:180 - 3:1:160, loss: 3.146
2023-02-09 22:10:16.101 | INFO     | algorithms.scr:train:180 - 3:1:200, loss: 3.073
2023-02-09 22:10:26.353 | INFO     | algorithms.scr:train:180 - 3:1:240, loss: 3.016
2023-02-09 22:10:36.593 | INFO     | algorithms.scr:train:180 - 3:1:280, loss: 2.987
2023-02-09 22:10:46.815 | INFO     | algorithms.scr:train:180 - 3:1:320, loss: 2.932
2023-02-09 22:10:57.052 | INFO     | algorithms.scr:train:180 - 3:1:360, loss: 2.912
2023-02-09 22:11:07.273 | INFO     | algorithms.scr:train:180 - 3:1:400, loss: 2.877
2023-02-09 22:11:17.547 | INFO     | algorithms.scr:train:180 - 3:1:440, loss: 2.866
2023-02-09 22:11:27.762 | INFO     | algorithms.scr:train:180 - 3:1:480, loss: 2.853
2023-02-09 22:11:38.003 | INFO     | algorithms.scr:train:180 - 3:1:520, loss: 2.800
2023-02-09 22:11:48.223 | INFO     | algorithms.scr:train:180 - 3:1:560, loss: 2.786
2023-02-09 22:11:58.452 | INFO     | algorithms.scr:train:180 - 3:1:600, loss: 2.700
2023-02-09 22:12:08.716 | INFO     | algorithms.scr:train:180 - 3:1:640, loss: 2.745
2023-02-09 22:12:18.943 | INFO     | algorithms.scr:train:180 - 3:1:680, loss: 2.744
2023-02-09 22:12:29.161 | INFO     | algorithms.scr:train:180 - 3:1:720, loss: 2.690
2023-02-09 22:12:39.398 | INFO     | algorithms.scr:train:180 - 3:1:760, loss: 2.683
2023-02-09 22:12:49.626 | INFO     | algorithms.scr:train:180 - 3:1:800, loss: 2.670
2023-02-09 22:12:59.852 | INFO     | algorithms.scr:train:180 - 3:1:840, loss: 2.650
2023-02-09 22:13:10.073 | INFO     | algorithms.scr:train:180 - 3:1:880, loss: 2.652
2023-02-09 22:13:20.318 | INFO     | algorithms.scr:train:180 - 3:1:920, loss: 2.644
2023-02-09 22:13:30.550 | INFO     | algorithms.scr:train:180 - 3:1:960, loss: 2.671
2023-02-09 22:13:40.519 | DEBUG    | algorithms.scr:train:183 - Current sample stats:
2023-02-09 22:13:40.520 | DEBUG    | algorithms.scr:train:186 - 41 has 6 samples
2023-02-09 22:13:40.521 | DEBUG    | algorithms.scr:train:186 - 2 has 6 samples
2023-02-09 22:13:40.521 | DEBUG    | algorithms.scr:train:186 - 51 has 6 samples
2023-02-09 22:13:40.522 | DEBUG    | algorithms.scr:train:186 - 4 has 6 samples
2023-02-09 22:13:40.523 | DEBUG    | algorithms.scr:train:186 - 55 has 6 samples
2023-02-09 22:13:40.524 | DEBUG    | algorithms.scr:train:186 - 77 has 6 samples
2023-02-09 22:13:40.524 | DEBUG    | algorithms.scr:train:186 - 53 has 6 samples
2023-02-09 22:13:40.525 | DEBUG    | algorithms.scr:train:186 - 19 has 6 samples
2023-02-09 22:13:40.526 | DEBUG    | algorithms.scr:train:186 - 57 has 6 samples
2023-02-09 22:13:40.527 | DEBUG    | algorithms.scr:train:186 - 89 has 6 samples
2023-02-09 22:13:40.527 | DEBUG    | algorithms.scr:train:186 - 67 has 6 samples
2023-02-09 22:13:40.528 | DEBUG    | algorithms.scr:train:186 - 40 has 6 samples
2023-02-09 22:13:40.529 | DEBUG    | algorithms.scr:train:186 - 30 has 6 samples
2023-02-09 22:13:40.529 | DEBUG    | algorithms.scr:train:186 - 17 has 6 samples
2023-02-09 22:13:40.530 | DEBUG    | algorithms.scr:train:186 - 12 has 6 samples
2023-02-09 22:13:40.531 | DEBUG    | algorithms.scr:train:186 - 28 has 6 samples
2023-02-09 22:13:40.532 | DEBUG    | algorithms.scr:train:186 - 95 has 6 samples
2023-02-09 22:13:40.532 | DEBUG    | algorithms.scr:train:186 - 71 has 6 samples
2023-02-09 22:13:40.533 | DEBUG    | algorithms.scr:train:186 - 58 has 6 samples
2023-02-09 22:13:40.534 | DEBUG    | algorithms.scr:train:186 - 3 has 6 samples
2023-02-09 22:13:40.535 | DEBUG    | algorithms.scr:train:186 - 47 has 6 samples
2023-02-09 22:13:40.535 | DEBUG    | algorithms.scr:train:186 - 25 has 6 samples
2023-02-09 22:13:40.536 | DEBUG    | algorithms.scr:train:186 - 74 has 6 samples
2023-02-09 22:13:40.537 | DEBUG    | algorithms.scr:train:186 - 76 has 6 samples
2023-02-09 22:13:40.537 | DEBUG    | algorithms.scr:train:186 - 99 has 6 samples
2023-02-09 22:13:40.538 | DEBUG    | algorithms.scr:train:186 - 6 has 6 samples
2023-02-09 22:13:40.539 | DEBUG    | algorithms.scr:train:186 - 80 has 6 samples
2023-02-09 22:13:40.540 | DEBUG    | algorithms.scr:train:186 - 49 has 6 samples
2023-02-09 22:13:40.540 | DEBUG    | algorithms.scr:train:186 - 21 has 6 samples
2023-02-09 22:13:40.541 | DEBUG    | algorithms.scr:train:186 - 96 has 6 samples
2023-02-09 22:13:40.542 | DEBUG    | algorithms.scr:train:186 - 85 has 6 samples
2023-02-09 22:13:40.542 | DEBUG    | algorithms.scr:train:186 - 65 has 6 samples
2023-02-09 22:13:40.543 | DEBUG    | algorithms.scr:train:186 - 50 has 6 samples
2023-02-09 22:13:40.544 | DEBUG    | algorithms.scr:train:186 - 70 has 6 samples
2023-02-09 22:13:40.545 | DEBUG    | algorithms.scr:train:186 - 7 has 6 samples
2023-02-09 22:13:40.546 | DEBUG    | algorithms.scr:train:186 - 98 has 6 samples
2023-02-09 22:13:40.547 | DEBUG    | algorithms.scr:train:186 - 84 has 6 samples
2023-02-09 22:13:40.548 | DEBUG    | algorithms.scr:train:186 - 60 has 6 samples
2023-02-09 22:13:40.549 | DEBUG    | algorithms.scr:train:186 - 72 has 6 samples
2023-02-09 22:13:40.549 | DEBUG    | algorithms.scr:train:186 - 45 has 6 samples
2023-02-09 22:13:40.550 | DEBUG    | algorithms.scr:train:186 - 78 has 6 samples
2023-02-09 22:13:40.551 | DEBUG    | algorithms.scr:train:186 - 8 has 6 samples
2023-02-09 22:13:40.551 | DEBUG    | algorithms.scr:train:186 - 54 has 6 samples
2023-02-09 22:13:40.552 | DEBUG    | algorithms.scr:train:186 - 94 has 6 samples
2023-02-09 22:13:40.553 | DEBUG    | algorithms.scr:train:186 - 16 has 6 samples
2023-02-09 22:13:40.554 | DEBUG    | algorithms.scr:train:186 - 38 has 6 samples
2023-02-09 22:13:40.554 | DEBUG    | algorithms.scr:train:186 - 20 has 6 samples
2023-02-09 22:13:40.555 | DEBUG    | algorithms.scr:train:186 - 36 has 6 samples
2023-02-09 22:13:40.556 | DEBUG    | algorithms.scr:train:186 - 5 has 6 samples
2023-02-09 22:13:40.557 | DEBUG    | algorithms.scr:train:186 - 10 has 6 samples
2023-02-09 22:13:40.557 | DEBUG    | algorithms.scr:train:186 - 73 has 6 samples
2023-02-09 22:13:40.558 | DEBUG    | algorithms.scr:train:186 - 75 has 6 samples
2023-02-09 22:13:40.559 | DEBUG    | algorithms.scr:train:186 - 29 has 6 samples
2023-02-09 22:13:40.560 | DEBUG    | algorithms.scr:train:186 - 37 has 6 samples
2023-02-09 22:13:40.560 | DEBUG    | algorithms.scr:train:186 - 48 has 6 samples
2023-02-09 22:13:40.561 | DEBUG    | algorithms.scr:train:186 - 23 has 6 samples
2023-02-09 22:13:40.562 | DEBUG    | algorithms.scr:train:186 - 15 has 6 samples
2023-02-09 22:13:40.563 | DEBUG    | algorithms.scr:train:186 - 39 has 6 samples
2023-02-09 22:13:40.564 | DEBUG    | algorithms.scr:train:186 - 93 has 6 samples
2023-02-09 22:13:40.564 | DEBUG    | algorithms.scr:train:186 - 90 has 6 samples
2023-02-09 22:13:40.565 | DEBUG    | algorithms.scr:train:186 - 97 has 7 samples
2023-02-09 22:13:40.566 | DEBUG    | algorithms.scr:train:186 - 62 has 7 samples
2023-02-09 22:13:40.567 | DEBUG    | algorithms.scr:train:186 - 43 has 7 samples
2023-02-09 22:13:40.567 | DEBUG    | algorithms.scr:train:186 - 9 has 7 samples
2023-02-09 22:13:40.568 | DEBUG    | algorithms.scr:train:186 - 22 has 7 samples
2023-02-09 22:13:40.569 | DEBUG    | algorithms.scr:train:186 - 61 has 7 samples
2023-02-09 22:13:40.570 | DEBUG    | algorithms.scr:train:186 - 87 has 7 samples
2023-02-09 22:13:40.570 | DEBUG    | algorithms.scr:train:186 - 59 has 7 samples
2023-02-09 22:13:40.571 | DEBUG    | algorithms.scr:train:186 - 11 has 7 samples
2023-02-09 22:13:40.572 | DEBUG    | algorithms.scr:train:186 - 69 has 7 samples
2023-02-09 22:13:40.573 | DEBUG    | algorithms.scr:train:186 - 81 has 7 samples
2023-02-09 22:13:40.573 | DEBUG    | algorithms.scr:train:186 - 0 has 7 samples
2023-02-09 22:13:40.574 | DEBUG    | algorithms.scr:train:186 - 82 has 7 samples
2023-02-09 22:13:40.575 | DEBUG    | algorithms.scr:train:186 - 14 has 7 samples
2023-02-09 22:13:40.575 | DEBUG    | algorithms.scr:train:186 - 44 has 7 samples
2023-02-09 22:13:40.576 | DEBUG    | algorithms.scr:train:186 - 92 has 7 samples
2023-02-09 22:13:40.577 | DEBUG    | algorithms.scr:train:186 - 18 has 7 samples
2023-02-09 22:13:40.578 | DEBUG    | algorithms.scr:train:186 - 64 has 7 samples
2023-02-09 22:13:40.579 | DEBUG    | algorithms.scr:train:186 - 63 has 7 samples
2023-02-09 22:13:40.579 | DEBUG    | algorithms.scr:train:186 - 26 has 7 samples
2023-02-09 22:13:40.580 | INFO     | algorithms.scr:train:192 - 1, loss: 2.850
2023-02-09 22:13:40.581 | INFO     | algorithms.algorithm_base:run_base_task_metrics:144 - Running metrics: Task 3
2023-02-09 22:13:40.588 | INFO     | algorithms.scr:classify:209 - Generating fresh mean embedding vectors
2023-02-09 22:13:41.894 | DEBUG    | algorithms.scr:classify:231 - Generated mean embedding vectors for: dict_keys([41, 2, 51, 4, 55, 77, 53, 19, 57, 89, 67, 40, 30, 17, 12, 28, 95, 71, 58, 3, 47, 25, 74, 76, 99, 6, 80, 49, 21, 96, 85, 65, 50, 70, 7, 98, 84, 60, 72, 45, 78, 8, 54, 94, 16, 38, 20, 36, 5, 10, 73, 75, 29, 37, 48, 23, 15, 39, 93, 90, 97, 62, 43, 9, 22, 61, 87, 59, 11, 69, 81, 0, 82, 14, 44, 92, 18, 64, 63, 26])
2023-02-09 22:15:28.098 | DEBUG    | algorithms.algorithm_base:run_base_task_metrics:200 - Raw classification accuracy results saved to ./output_cifar100_varied_sampling/scr/1675979597.129311_CIFAR100_OFFICIAL_RUN/task_3_accuracy_results.json
2023-02-09 22:15:28.099 | INFO     | algorithms.algorithm_base:run_base_task_metrics:201 - Correctly classified 1742 / 10000 samples (17.42% correct)
2023-02-09 22:15:28.516 | INFO     | algorithms.scr:train:126 - Task 5 / 5
2023-02-09 22:15:28.523 | INFO     | algorithms.scr:train:127 - Classes in task: ['aquarium_fish', 'crocodile', 'bus', 'telephone', 'fox', 'tiger', 'leopard', 'girl', 'oak_tree', 'flatfish', 'spider', 'forest', 'palm_tree', 'man', 'cockroach', 'elephant', 'trout', 'raccoon', 'road', 'sweet_pepper']
2023-02-09 22:15:28.523 | INFO     | algorithms.scr:train:134 - Starting epoch 1 / 1
2023-02-09 22:15:39.078 | INFO     | algorithms.scr:train:180 - 4:1:40, loss: 2.656
2023-02-09 22:15:49.365 | INFO     | algorithms.scr:train:180 - 4:1:80, loss: 2.573
2023-02-09 22:15:59.605 | INFO     | algorithms.scr:train:180 - 4:1:120, loss: 2.551
2023-02-09 22:16:09.859 | INFO     | algorithms.scr:train:180 - 4:1:160, loss: 2.541
2023-02-09 22:16:20.133 | INFO     | algorithms.scr:train:180 - 4:1:200, loss: 2.478
2023-02-09 22:16:30.377 | INFO     | algorithms.scr:train:180 - 4:1:240, loss: 2.472
2023-02-09 22:16:40.789 | INFO     | algorithms.scr:train:180 - 4:1:280, loss: 2.462
2023-02-09 22:16:51.633 | INFO     | algorithms.scr:train:180 - 4:1:320, loss: 2.431
2023-02-09 22:17:01.979 | INFO     | algorithms.scr:train:180 - 4:1:360, loss: 2.387
2023-02-09 22:17:13.128 | INFO     | algorithms.scr:train:180 - 4:1:400, loss: 2.333
2023-02-09 22:17:23.851 | INFO     | algorithms.scr:train:180 - 4:1:440, loss: 2.372
2023-02-09 22:17:34.169 | INFO     | algorithms.scr:train:180 - 4:1:480, loss: 2.333
2023-02-09 22:17:44.476 | INFO     | algorithms.scr:train:180 - 4:1:520, loss: 2.343
2023-02-09 22:17:54.830 | INFO     | algorithms.scr:train:180 - 4:1:560, loss: 2.289
2023-02-09 22:18:05.617 | INFO     | algorithms.scr:train:180 - 4:1:600, loss: 2.278
2023-02-09 22:18:16.177 | INFO     | algorithms.scr:train:180 - 4:1:640, loss: 2.258
2023-02-09 22:18:26.390 | INFO     | algorithms.scr:train:180 - 4:1:680, loss: 2.256
2023-02-09 22:18:36.577 | INFO     | algorithms.scr:train:180 - 4:1:720, loss: 2.292
2023-02-09 22:18:46.767 | INFO     | algorithms.scr:train:180 - 4:1:760, loss: 2.221
2023-02-09 22:18:57.093 | INFO     | algorithms.scr:train:180 - 4:1:800, loss: 2.230
2023-02-09 22:19:07.477 | INFO     | algorithms.scr:train:180 - 4:1:840, loss: 2.209
2023-02-09 22:19:17.793 | INFO     | algorithms.scr:train:180 - 4:1:880, loss: 2.177
2023-02-09 22:19:28.046 | INFO     | algorithms.scr:train:180 - 4:1:920, loss: 2.129
2023-02-09 22:19:38.342 | INFO     | algorithms.scr:train:180 - 4:1:960, loss: 2.184
2023-02-09 22:19:48.391 | DEBUG    | algorithms.scr:train:183 - Current sample stats:
2023-02-09 22:19:48.392 | DEBUG    | algorithms.scr:train:186 - 41 has 5 samples
2023-02-09 22:19:48.393 | DEBUG    | algorithms.scr:train:186 - 2 has 5 samples
2023-02-09 22:19:48.394 | DEBUG    | algorithms.scr:train:186 - 51 has 5 samples
2023-02-09 22:19:48.395 | DEBUG    | algorithms.scr:train:186 - 4 has 5 samples
2023-02-09 22:19:48.395 | DEBUG    | algorithms.scr:train:186 - 55 has 5 samples
2023-02-09 22:19:48.396 | DEBUG    | algorithms.scr:train:186 - 77 has 5 samples
2023-02-09 22:19:48.397 | DEBUG    | algorithms.scr:train:186 - 53 has 5 samples
2023-02-09 22:19:48.398 | DEBUG    | algorithms.scr:train:186 - 19 has 5 samples
2023-02-09 22:19:48.398 | DEBUG    | algorithms.scr:train:186 - 57 has 5 samples
2023-02-09 22:19:48.399 | DEBUG    | algorithms.scr:train:186 - 89 has 5 samples
2023-02-09 22:19:48.400 | DEBUG    | algorithms.scr:train:186 - 67 has 5 samples
2023-02-09 22:19:48.400 | DEBUG    | algorithms.scr:train:186 - 40 has 5 samples
2023-02-09 22:19:48.401 | DEBUG    | algorithms.scr:train:186 - 30 has 5 samples
2023-02-09 22:19:48.402 | DEBUG    | algorithms.scr:train:186 - 17 has 5 samples
2023-02-09 22:19:48.403 | DEBUG    | algorithms.scr:train:186 - 12 has 5 samples
2023-02-09 22:19:48.403 | DEBUG    | algorithms.scr:train:186 - 28 has 5 samples
2023-02-09 22:19:48.404 | DEBUG    | algorithms.scr:train:186 - 95 has 5 samples
2023-02-09 22:19:48.405 | DEBUG    | algorithms.scr:train:186 - 71 has 5 samples
2023-02-09 22:19:48.405 | DEBUG    | algorithms.scr:train:186 - 58 has 5 samples
2023-02-09 22:19:48.406 | DEBUG    | algorithms.scr:train:186 - 3 has 5 samples
2023-02-09 22:19:48.407 | DEBUG    | algorithms.scr:train:186 - 47 has 5 samples
2023-02-09 22:19:48.408 | DEBUG    | algorithms.scr:train:186 - 25 has 5 samples
2023-02-09 22:19:48.408 | DEBUG    | algorithms.scr:train:186 - 74 has 5 samples
2023-02-09 22:19:48.409 | DEBUG    | algorithms.scr:train:186 - 76 has 5 samples
2023-02-09 22:19:48.410 | DEBUG    | algorithms.scr:train:186 - 99 has 5 samples
2023-02-09 22:19:48.411 | DEBUG    | algorithms.scr:train:186 - 6 has 5 samples
2023-02-09 22:19:48.411 | DEBUG    | algorithms.scr:train:186 - 80 has 5 samples
2023-02-09 22:19:48.412 | DEBUG    | algorithms.scr:train:186 - 49 has 5 samples
2023-02-09 22:19:48.413 | DEBUG    | algorithms.scr:train:186 - 21 has 5 samples
2023-02-09 22:19:48.413 | DEBUG    | algorithms.scr:train:186 - 96 has 5 samples
2023-02-09 22:19:48.414 | DEBUG    | algorithms.scr:train:186 - 85 has 5 samples
2023-02-09 22:19:48.415 | DEBUG    | algorithms.scr:train:186 - 65 has 5 samples
2023-02-09 22:19:48.416 | DEBUG    | algorithms.scr:train:186 - 50 has 5 samples
2023-02-09 22:19:48.416 | DEBUG    | algorithms.scr:train:186 - 70 has 5 samples
2023-02-09 22:19:48.417 | DEBUG    | algorithms.scr:train:186 - 7 has 5 samples
2023-02-09 22:19:48.418 | DEBUG    | algorithms.scr:train:186 - 98 has 5 samples
2023-02-09 22:19:48.418 | DEBUG    | algorithms.scr:train:186 - 84 has 5 samples
2023-02-09 22:19:48.419 | DEBUG    | algorithms.scr:train:186 - 60 has 5 samples
2023-02-09 22:19:48.420 | DEBUG    | algorithms.scr:train:186 - 72 has 5 samples
2023-02-09 22:19:48.421 | DEBUG    | algorithms.scr:train:186 - 45 has 5 samples
2023-02-09 22:19:48.422 | DEBUG    | algorithms.scr:train:186 - 78 has 5 samples
2023-02-09 22:19:48.423 | DEBUG    | algorithms.scr:train:186 - 8 has 5 samples
2023-02-09 22:19:48.424 | DEBUG    | algorithms.scr:train:186 - 54 has 5 samples
2023-02-09 22:19:48.425 | DEBUG    | algorithms.scr:train:186 - 94 has 5 samples
2023-02-09 22:19:48.425 | DEBUG    | algorithms.scr:train:186 - 16 has 5 samples
2023-02-09 22:19:48.426 | DEBUG    | algorithms.scr:train:186 - 38 has 5 samples
2023-02-09 22:19:48.427 | DEBUG    | algorithms.scr:train:186 - 20 has 5 samples
2023-02-09 22:19:48.428 | DEBUG    | algorithms.scr:train:186 - 36 has 5 samples
2023-02-09 22:19:48.428 | DEBUG    | algorithms.scr:train:186 - 5 has 5 samples
2023-02-09 22:19:48.429 | DEBUG    | algorithms.scr:train:186 - 10 has 5 samples
2023-02-09 22:19:48.430 | DEBUG    | algorithms.scr:train:186 - 73 has 5 samples
2023-02-09 22:19:48.431 | DEBUG    | algorithms.scr:train:186 - 75 has 5 samples
2023-02-09 22:19:48.432 | DEBUG    | algorithms.scr:train:186 - 29 has 5 samples
2023-02-09 22:19:48.432 | DEBUG    | algorithms.scr:train:186 - 37 has 5 samples
2023-02-09 22:19:48.433 | DEBUG    | algorithms.scr:train:186 - 48 has 5 samples
2023-02-09 22:19:48.434 | DEBUG    | algorithms.scr:train:186 - 23 has 5 samples
2023-02-09 22:19:48.435 | DEBUG    | algorithms.scr:train:186 - 15 has 5 samples
2023-02-09 22:19:48.435 | DEBUG    | algorithms.scr:train:186 - 39 has 5 samples
2023-02-09 22:19:48.436 | DEBUG    | algorithms.scr:train:186 - 93 has 5 samples
2023-02-09 22:19:48.437 | DEBUG    | algorithms.scr:train:186 - 90 has 5 samples
2023-02-09 22:19:48.438 | DEBUG    | algorithms.scr:train:186 - 97 has 5 samples
2023-02-09 22:19:48.439 | DEBUG    | algorithms.scr:train:186 - 62 has 5 samples
2023-02-09 22:19:48.440 | DEBUG    | algorithms.scr:train:186 - 43 has 5 samples
2023-02-09 22:19:48.440 | DEBUG    | algorithms.scr:train:186 - 9 has 5 samples
2023-02-09 22:19:48.441 | DEBUG    | algorithms.scr:train:186 - 22 has 5 samples
2023-02-09 22:19:48.442 | DEBUG    | algorithms.scr:train:186 - 61 has 5 samples
2023-02-09 22:19:48.443 | DEBUG    | algorithms.scr:train:186 - 87 has 5 samples
2023-02-09 22:19:48.444 | DEBUG    | algorithms.scr:train:186 - 59 has 5 samples
2023-02-09 22:19:48.444 | DEBUG    | algorithms.scr:train:186 - 11 has 5 samples
2023-02-09 22:19:48.445 | DEBUG    | algorithms.scr:train:186 - 69 has 5 samples
2023-02-09 22:19:48.446 | DEBUG    | algorithms.scr:train:186 - 81 has 5 samples
2023-02-09 22:19:48.446 | DEBUG    | algorithms.scr:train:186 - 0 has 5 samples
2023-02-09 22:19:48.447 | DEBUG    | algorithms.scr:train:186 - 82 has 5 samples
2023-02-09 22:19:48.448 | DEBUG    | algorithms.scr:train:186 - 14 has 5 samples
2023-02-09 22:19:48.449 | DEBUG    | algorithms.scr:train:186 - 44 has 5 samples
2023-02-09 22:19:48.449 | DEBUG    | algorithms.scr:train:186 - 92 has 5 samples
2023-02-09 22:19:48.450 | DEBUG    | algorithms.scr:train:186 - 18 has 5 samples
2023-02-09 22:19:48.451 | DEBUG    | algorithms.scr:train:186 - 64 has 5 samples
2023-02-09 22:19:48.452 | DEBUG    | algorithms.scr:train:186 - 63 has 5 samples
2023-02-09 22:19:48.452 | DEBUG    | algorithms.scr:train:186 - 26 has 5 samples
2023-02-09 22:19:48.454 | DEBUG    | algorithms.scr:train:186 - 79 has 5 samples
2023-02-09 22:19:48.454 | DEBUG    | algorithms.scr:train:186 - 27 has 5 samples
2023-02-09 22:19:48.455 | DEBUG    | algorithms.scr:train:186 - 52 has 5 samples
2023-02-09 22:19:48.456 | DEBUG    | algorithms.scr:train:186 - 13 has 5 samples
2023-02-09 22:19:48.456 | DEBUG    | algorithms.scr:train:186 - 83 has 5 samples
2023-02-09 22:19:48.457 | DEBUG    | algorithms.scr:train:186 - 35 has 5 samples
2023-02-09 22:19:48.458 | DEBUG    | algorithms.scr:train:186 - 68 has 5 samples
2023-02-09 22:19:48.459 | DEBUG    | algorithms.scr:train:186 - 42 has 5 samples
2023-02-09 22:19:48.459 | DEBUG    | algorithms.scr:train:186 - 66 has 5 samples
2023-02-09 22:19:48.460 | DEBUG    | algorithms.scr:train:186 - 88 has 5 samples
2023-02-09 22:19:48.461 | DEBUG    | algorithms.scr:train:186 - 32 has 5 samples
2023-02-09 22:19:48.462 | DEBUG    | algorithms.scr:train:186 - 86 has 5 samples
2023-02-09 22:19:48.462 | DEBUG    | algorithms.scr:train:186 - 24 has 5 samples
2023-02-09 22:19:48.463 | DEBUG    | algorithms.scr:train:186 - 46 has 5 samples
2023-02-09 22:19:48.464 | DEBUG    | algorithms.scr:train:186 - 31 has 5 samples
2023-02-09 22:19:48.464 | DEBUG    | algorithms.scr:train:186 - 91 has 5 samples
2023-02-09 22:19:48.465 | DEBUG    | algorithms.scr:train:186 - 33 has 5 samples
2023-02-09 22:19:48.466 | DEBUG    | algorithms.scr:train:186 - 34 has 5 samples
2023-02-09 22:19:48.467 | DEBUG    | algorithms.scr:train:186 - 56 has 5 samples
2023-02-09 22:19:48.467 | DEBUG    | algorithms.scr:train:186 - 1 has 5 samples
2023-02-09 22:19:48.468 | INFO     | algorithms.scr:train:192 - 1, loss: 2.343
2023-02-09 22:19:48.469 | INFO     | algorithms.algorithm_base:run_base_task_metrics:144 - Running metrics: Task 4
2023-02-09 22:19:48.476 | INFO     | algorithms.scr:classify:209 - Generating fresh mean embedding vectors
2023-02-09 22:19:49.750 | DEBUG    | algorithms.scr:classify:231 - Generated mean embedding vectors for: dict_keys([41, 2, 51, 4, 55, 77, 53, 19, 57, 89, 67, 40, 30, 17, 12, 28, 95, 71, 58, 3, 47, 25, 74, 76, 99, 6, 80, 49, 21, 96, 85, 65, 50, 70, 7, 98, 84, 60, 72, 45, 78, 8, 54, 94, 16, 38, 20, 36, 5, 10, 73, 75, 29, 37, 48, 23, 15, 39, 93, 90, 97, 62, 43, 9, 22, 61, 87, 59, 11, 69, 81, 0, 82, 14, 44, 92, 18, 64, 63, 26, 79, 27, 52, 13, 83, 35, 68, 42, 66, 88, 32, 86, 24, 46, 31, 91, 33, 34, 56, 1])
2023-02-09 22:21:53.274 | DEBUG    | algorithms.algorithm_base:run_base_task_metrics:200 - Raw classification accuracy results saved to ./output_cifar100_varied_sampling/scr/1675979597.129311_CIFAR100_OFFICIAL_RUN/task_4_accuracy_results.json
2023-02-09 22:21:53.276 | INFO     | algorithms.algorithm_base:run_base_task_metrics:201 - Correctly classified 1708 / 10000 samples (17.08% correct)
2023-02-09 22:21:53.701 | INFO     | algorithms.scr:train:201 - Training complete
2023-02-09 22:21:53.708 | INFO     | __main__:run_experiment:290 - Training and evaluation completed!
2023-02-09 22:21:53.709 | INFO     | __main__:run_experiment:304 - Wrote usage stats to file
2023-02-09 22:21:53.710 | INFO     | __main__:main:351 - Complete
2023-02-09 22:21:53.711 | INFO     | __main__:close_tensorboard_writer:252 - Shut down TensorBoard
