2023-01-12 09:08:43.471 | INFO     | __main__:setup_files:173 - Experiment Name: OFFICIAL_RUN
2023-01-12 09:08:43.472 | INFO     | __main__:main:278 - Command line arguments: Configuration(algorithm='derpp', dataset='cifar100', classes_per_task=20, seed=9767)
2023-01-12 09:08:43.474 | INFO     | __main__:main:282 - Seeded random to 9767
2023-01-12 09:08:43.475 | INFO     | __main__:main:286 - Got CUDA device
2023-01-12 09:08:43.476 | INFO     | __main__:force_cuda_load:221 - Forcing CUDA initialisation...
2023-01-12 09:08:43.608 | INFO     | __main__:main:290 - CUDA initialised
2023-01-12 09:08:43.609 | INFO     | __main__:setup_shutdown_hook:217 - To access TensorBoard, run the command: tensorboard --logdir=./output/der_pp/1673514523.4653053_CIFAR100_OFFICIAL_RUN
2023-01-12 09:08:43.611 | INFO     | __main__:main:294 - Setup shutdown hooks
2023-01-12 09:08:43.634 | INFO     | __main__:main:299 - Model is setup
2023-01-12 09:08:43.636 | INFO     | __main__:main:301 - Complete pre-setup, starting experiment
2023-01-12 09:08:44.829 | INFO     | datasets.dataset_base:__init__:80 - Using disjoint tasks with 20 (5 tasks) with a randomised split
2023-01-12 09:08:44.830 | DEBUG    | datasets.dataset_base:_setup_task_datasets:95 - Splitting dataset into 5 disjoint tasks
2023-01-12 09:08:44.849 | INFO     | datasets.dataset_base:__init__:85 - {
  "name": "datasets.cifar100.CIFAR100",
  "dataset_class": "torchvision.datasets.cifar.CIFAR100",
  "training_dataset_parameters": "{'train': True, 'download': True}",
  "testing_dataset_parameters": "{'train': False, 'download': True}",
  "training_transform": "Compose(\n    RandomCrop(size=(32, 32), padding=4)\n    RandomHorizontalFlip(p=0.5)\n    Resize(size=(32, 32), interpolation=bilinear, max_size=None, antialias=None)\n    ToTensor()\n    Normalize(mean=(0.5071, 0.4867, 0.4408), std=(0.2675, 0.2565, 0.2761))\n)",
  "testing_transform": "Compose(\n    Resize(size=(32, 32), interpolation=bilinear, max_size=None, antialias=None)\n    ToTensor()\n    Normalize(mean=(0.5071, 0.4867, 0.4408), std=(0.2675, 0.2565, 0.2761))\n)",
  "classes": "apple, aquarium_fish, baby, bear, beaver, bed, bee, beetle, bicycle, bottle, bowl, boy, bridge, bus, butterfly, camel, can, castle, caterpillar, cattle, chair, chimpanzee, clock, cloud, cockroach, couch, crab, crocodile, cup, dinosaur, dolphin, elephant, flatfish, forest, fox, girl, hamster, house, kangaroo, keyboard, lamp, lawn_mower, leopard, lion, lizard, lobster, man, maple_tree, motorcycle, mountain, mouse, mushroom, oak_tree, orange, orchid, otter, palm_tree, pear, pickup_truck, pine_tree, plain, plate, poppy, porcupine, possum, rabbit, raccoon, ray, road, rocket, rose, sea, seal, shark, shrew, skunk, skyscraper, snail, snake, spider, squirrel, streetcar, sunflower, sweet_pepper, table, tank, telephone, television, tiger, tractor, train, trout, tulip, turtle, wardrobe, whale, willow_tree, wolf, woman, worm",
  "disjoint": true,
  "task_count": 5,
  "classes_per_task": [
    20
  ],
  "task_split_indices": [
    [
      19,
      40,
      58,
      57,
      95,
      53,
      77,
      30,
      89,
      71,
      12,
      67,
      41,
      4,
      2,
      3,
      17,
      28,
      51,
      55
    ],
    [
      65,
      76,
      84,
      98,
      45,
      25,
      7,
      47,
      70,
      99,
      21,
      72,
      85,
      60,
      6,
      74,
      96,
      50,
      49,
      80
    ],
    [
      38,
      93,
      29,
      36,
      8,
      48,
      5,
      73,
      37,
      20,
      94,
      15,
      23,
      75,
      16,
      90,
      54,
      10,
      39,
      78
    ],
    [
      61,
      9,
      11,
      44,
      87,
      0,
      97,
      18,
      14,
      59,
      69,
      62,
      92,
      26,
      64,
      63,
      81,
      22,
      82,
      43
    ],
    [
      1,
      27,
      13,
      86,
      34,
      88,
      42,
      35,
      52,
      32,
      79,
      33,
      56,
      46,
      24,
      31,
      91,
      66,
      68,
      83
    ]
  ],
  "task_split_classes": [
    [
      "cattle",
      "lamp",
      "pickup_truck",
      "pear",
      "whale",
      "orange",
      "snail",
      "dolphin",
      "tractor",
      "sea",
      "bridge",
      "ray",
      "lawn_mower",
      "beaver",
      "baby",
      "bear",
      "castle",
      "cup",
      "mushroom",
      "otter"
    ],
    [
      "rabbit",
      "skyscraper",
      "table",
      "woman",
      "lobster",
      "couch",
      "beetle",
      "maple_tree",
      "rose",
      "worm",
      "chimpanzee",
      "seal",
      "tank",
      "plain",
      "bee",
      "shrew",
      "willow_tree",
      "mouse",
      "mountain",
      "squirrel"
    ],
    [
      "kangaroo",
      "turtle",
      "dinosaur",
      "hamster",
      "bicycle",
      "motorcycle",
      "bed",
      "shark",
      "house",
      "chair",
      "wardrobe",
      "camel",
      "cloud",
      "skunk",
      "can",
      "train",
      "orchid",
      "bowl",
      "keyboard",
      "snake"
    ],
    [
      "plate",
      "bottle",
      "boy",
      "lizard",
      "television",
      "apple",
      "wolf",
      "caterpillar",
      "butterfly",
      "pine_tree",
      "rocket",
      "poppy",
      "tulip",
      "crab",
      "possum",
      "porcupine",
      "streetcar",
      "clock",
      "sunflower",
      "lion"
    ],
    [
      "aquarium_fish",
      "crocodile",
      "bus",
      "telephone",
      "fox",
      "tiger",
      "leopard",
      "girl",
      "oak_tree",
      "flatfish",
      "spider",
      "forest",
      "palm_tree",
      "man",
      "cockroach",
      "elephant",
      "trout",
      "raccoon",
      "road",
      "sweet_pepper"
    ]
  ]
}
2023-01-12 09:08:44.857 | DEBUG    | __main__:run_experiment:245 - PID: 22108
2023-01-12 09:08:44.858 | INFO     | __main__:run_experiment:247 - Starting...
2023-01-12 09:08:44.859 | INFO     | algorithms.algorithm_base:train:116 - {
  "name": "algorithms.der_pp.DarkExperiencePlusPlus",
  "model_class": "models.cifar.resnet.ResNet",
  "device": "cuda:0",
  "dataset_class": "datasets.cifar100.CIFAR100",
  "optimiser_class": "torch.optim.sgd.SGD",
  "loss_criterion_class": "torch.nn.modules.loss.CrossEntropyLoss",
  "epochs_per_task": 1,
  "batch_size": 16,
  "max_memory_samples": 5000,
  "alpha": 0.5,
  "beta": 0.5
}
2023-01-12 09:08:44.861 | DEBUG    | algorithms.algorithm_base:_setup_training:109 - Model moved to cuda:0 and set to train mode
2023-01-12 09:08:44.862 | INFO     | algorithms.algorithm_base:train:118 - Starting training
2023-01-12 09:08:44.863 | INFO     | algorithms.der_pp:train:88 - Task 1 / 5
2023-01-12 09:08:44.864 | INFO     | algorithms.der_pp:train:89 - Classes in task: ['cattle', 'lamp', 'pickup_truck', 'pear', 'whale', 'orange', 'snail', 'dolphin', 'tractor', 'sea', 'bridge', 'ray', 'lawn_mower', 'beaver', 'baby', 'bear', 'castle', 'cup', 'mushroom', 'otter']
2023-01-12 09:08:44.864 | INFO     | algorithms.der_pp:train:96 - Starting epoch 1 / 1
2023-01-12 09:08:54.681 | INFO     | algorithms.der_pp:train:160 - 0:1:40, loss: 7.450
2023-01-12 09:08:56.751 | INFO     | algorithms.der_pp:train:160 - 0:1:80, loss: 6.862
2023-01-12 09:08:58.813 | INFO     | algorithms.der_pp:train:160 - 0:1:120, loss: 6.387
2023-01-12 09:09:00.878 | INFO     | algorithms.der_pp:train:160 - 0:1:160, loss: 6.203
2023-01-12 09:09:02.996 | INFO     | algorithms.der_pp:train:160 - 0:1:200, loss: 5.895
2023-01-12 09:09:05.070 | INFO     | algorithms.der_pp:train:160 - 0:1:240, loss: 5.868
2023-01-12 09:09:07.137 | INFO     | algorithms.der_pp:train:160 - 0:1:280, loss: 5.608
2023-01-12 09:09:09.203 | INFO     | algorithms.der_pp:train:160 - 0:1:320, loss: 5.597
2023-01-12 09:09:11.290 | INFO     | algorithms.der_pp:train:160 - 0:1:360, loss: 5.442
2023-01-12 09:09:13.378 | INFO     | algorithms.der_pp:train:160 - 0:1:400, loss: 5.436
2023-01-12 09:09:15.420 | INFO     | algorithms.der_pp:train:160 - 0:1:440, loss: 5.222
2023-01-12 09:09:17.469 | INFO     | algorithms.der_pp:train:160 - 0:1:480, loss: 5.206
2023-01-12 09:09:19.511 | INFO     | algorithms.der_pp:train:160 - 0:1:520, loss: 5.080
2023-01-12 09:09:21.576 | INFO     | algorithms.der_pp:train:160 - 0:1:560, loss: 5.086
2023-01-12 09:09:23.647 | INFO     | algorithms.der_pp:train:160 - 0:1:600, loss: 4.962
2023-01-12 09:09:24.890 | DEBUG    | algorithms.der_pp:train:163 - Current sample stats:
2023-01-12 09:09:24.890 | DEBUG    | algorithms.der_pp:train:166 - 67 has 250 samples
2023-01-12 09:09:24.891 | DEBUG    | algorithms.der_pp:train:166 - 28 has 250 samples
2023-01-12 09:09:24.892 | DEBUG    | algorithms.der_pp:train:166 - 55 has 250 samples
2023-01-12 09:09:24.892 | DEBUG    | algorithms.der_pp:train:166 - 57 has 250 samples
2023-01-12 09:09:24.893 | DEBUG    | algorithms.der_pp:train:166 - 17 has 250 samples
2023-01-12 09:09:24.894 | DEBUG    | algorithms.der_pp:train:166 - 58 has 250 samples
2023-01-12 09:09:24.894 | DEBUG    | algorithms.der_pp:train:166 - 41 has 250 samples
2023-01-12 09:09:24.895 | DEBUG    | algorithms.der_pp:train:166 - 40 has 250 samples
2023-01-12 09:09:24.896 | DEBUG    | algorithms.der_pp:train:166 - 4 has 250 samples
2023-01-12 09:09:24.897 | DEBUG    | algorithms.der_pp:train:166 - 71 has 250 samples
2023-01-12 09:09:24.897 | DEBUG    | algorithms.der_pp:train:166 - 19 has 250 samples
2023-01-12 09:09:24.898 | DEBUG    | algorithms.der_pp:train:166 - 53 has 250 samples
2023-01-12 09:09:24.899 | DEBUG    | algorithms.der_pp:train:166 - 95 has 250 samples
2023-01-12 09:09:24.901 | DEBUG    | algorithms.der_pp:train:166 - 2 has 250 samples
2023-01-12 09:09:24.901 | DEBUG    | algorithms.der_pp:train:166 - 30 has 250 samples
2023-01-12 09:09:24.902 | DEBUG    | algorithms.der_pp:train:166 - 51 has 250 samples
2023-01-12 09:09:24.903 | DEBUG    | algorithms.der_pp:train:166 - 12 has 250 samples
2023-01-12 09:09:24.903 | DEBUG    | algorithms.der_pp:train:166 - 77 has 250 samples
2023-01-12 09:09:24.904 | DEBUG    | algorithms.der_pp:train:166 - 89 has 250 samples
2023-01-12 09:09:24.905 | DEBUG    | algorithms.der_pp:train:166 - 3 has 250 samples
2023-01-12 09:09:24.905 | INFO     | algorithms.der_pp:train:171 - 1, loss: 5.719
2023-01-12 09:09:24.906 | INFO     | algorithms.algorithm_base:run_base_task_metrics:146 - Running metrics: Task 0
2023-01-12 09:09:29.072 | DEBUG    | algorithms.algorithm_base:run_base_task_metrics:202 - Raw classification accuracy results saved to ./output/der_pp/1673514523.4653053_CIFAR100_OFFICIAL_RUN/task_0_accuracy_results.json
2023-01-12 09:09:29.073 | INFO     | algorithms.algorithm_base:run_base_task_metrics:203 - Correctly classified 655 / 10000 samples (6.55% correct)
2023-01-12 09:09:30.077 | INFO     | algorithms.der_pp:train:88 - Task 2 / 5
2023-01-12 09:09:30.081 | INFO     | algorithms.der_pp:train:89 - Classes in task: ['rabbit', 'skyscraper', 'table', 'woman', 'lobster', 'couch', 'beetle', 'maple_tree', 'rose', 'worm', 'chimpanzee', 'seal', 'tank', 'plain', 'bee', 'shrew', 'willow_tree', 'mouse', 'mountain', 'squirrel']
2023-01-12 09:09:30.082 | INFO     | algorithms.der_pp:train:96 - Starting epoch 1 / 1
2023-01-12 09:09:32.218 | INFO     | algorithms.der_pp:train:160 - 1:1:40, loss: 7.166
2023-01-12 09:09:34.296 | INFO     | algorithms.der_pp:train:160 - 1:1:80, loss: 6.808
2023-01-12 09:09:36.373 | INFO     | algorithms.der_pp:train:160 - 1:1:120, loss: 6.484
2023-01-12 09:09:38.452 | INFO     | algorithms.der_pp:train:160 - 1:1:160, loss: 6.416
2023-01-12 09:09:40.526 | INFO     | algorithms.der_pp:train:160 - 1:1:200, loss: 6.329
2023-01-12 09:09:42.601 | INFO     | algorithms.der_pp:train:160 - 1:1:240, loss: 6.224
2023-01-12 09:09:44.689 | INFO     | algorithms.der_pp:train:160 - 1:1:280, loss: 6.047
2023-01-12 09:09:46.769 | INFO     | algorithms.der_pp:train:160 - 1:1:320, loss: 5.928
2023-01-12 09:09:48.844 | INFO     | algorithms.der_pp:train:160 - 1:1:360, loss: 5.884
2023-01-12 09:09:50.919 | INFO     | algorithms.der_pp:train:160 - 1:1:400, loss: 5.868
2023-01-12 09:09:53.001 | INFO     | algorithms.der_pp:train:160 - 1:1:440, loss: 5.845
2023-01-12 09:09:55.079 | INFO     | algorithms.der_pp:train:160 - 1:1:480, loss: 5.643
2023-01-12 09:09:57.159 | INFO     | algorithms.der_pp:train:160 - 1:1:520, loss: 5.670
2023-01-12 09:09:59.243 | INFO     | algorithms.der_pp:train:160 - 1:1:560, loss: 5.676
2023-01-12 09:10:01.333 | INFO     | algorithms.der_pp:train:160 - 1:1:600, loss: 5.564
2023-01-12 09:10:02.587 | DEBUG    | algorithms.der_pp:train:163 - Current sample stats:
2023-01-12 09:10:02.587 | DEBUG    | algorithms.der_pp:train:166 - 67 has 125 samples
2023-01-12 09:10:02.588 | DEBUG    | algorithms.der_pp:train:166 - 28 has 125 samples
2023-01-12 09:10:02.589 | DEBUG    | algorithms.der_pp:train:166 - 55 has 125 samples
2023-01-12 09:10:02.589 | DEBUG    | algorithms.der_pp:train:166 - 57 has 125 samples
2023-01-12 09:10:02.590 | DEBUG    | algorithms.der_pp:train:166 - 17 has 125 samples
2023-01-12 09:10:02.591 | DEBUG    | algorithms.der_pp:train:166 - 58 has 125 samples
2023-01-12 09:10:02.591 | DEBUG    | algorithms.der_pp:train:166 - 41 has 125 samples
2023-01-12 09:10:02.592 | DEBUG    | algorithms.der_pp:train:166 - 40 has 125 samples
2023-01-12 09:10:02.593 | DEBUG    | algorithms.der_pp:train:166 - 4 has 125 samples
2023-01-12 09:10:02.593 | DEBUG    | algorithms.der_pp:train:166 - 71 has 125 samples
2023-01-12 09:10:02.594 | DEBUG    | algorithms.der_pp:train:166 - 19 has 125 samples
2023-01-12 09:10:02.595 | DEBUG    | algorithms.der_pp:train:166 - 53 has 125 samples
2023-01-12 09:10:02.595 | DEBUG    | algorithms.der_pp:train:166 - 95 has 125 samples
2023-01-12 09:10:02.596 | DEBUG    | algorithms.der_pp:train:166 - 2 has 125 samples
2023-01-12 09:10:02.597 | DEBUG    | algorithms.der_pp:train:166 - 30 has 125 samples
2023-01-12 09:10:02.597 | DEBUG    | algorithms.der_pp:train:166 - 51 has 125 samples
2023-01-12 09:10:02.598 | DEBUG    | algorithms.der_pp:train:166 - 12 has 125 samples
2023-01-12 09:10:02.599 | DEBUG    | algorithms.der_pp:train:166 - 77 has 125 samples
2023-01-12 09:10:02.599 | DEBUG    | algorithms.der_pp:train:166 - 89 has 125 samples
2023-01-12 09:10:02.600 | DEBUG    | algorithms.der_pp:train:166 - 3 has 125 samples
2023-01-12 09:10:02.601 | DEBUG    | algorithms.der_pp:train:166 - 21 has 125 samples
2023-01-12 09:10:02.601 | DEBUG    | algorithms.der_pp:train:166 - 50 has 125 samples
2023-01-12 09:10:02.602 | DEBUG    | algorithms.der_pp:train:166 - 72 has 125 samples
2023-01-12 09:10:02.603 | DEBUG    | algorithms.der_pp:train:166 - 47 has 125 samples
2023-01-12 09:10:02.603 | DEBUG    | algorithms.der_pp:train:166 - 74 has 125 samples
2023-01-12 09:10:02.604 | DEBUG    | algorithms.der_pp:train:166 - 45 has 125 samples
2023-01-12 09:10:02.605 | DEBUG    | algorithms.der_pp:train:166 - 49 has 125 samples
2023-01-12 09:10:02.605 | DEBUG    | algorithms.der_pp:train:166 - 70 has 125 samples
2023-01-12 09:10:02.606 | DEBUG    | algorithms.der_pp:train:166 - 7 has 125 samples
2023-01-12 09:10:02.607 | DEBUG    | algorithms.der_pp:train:166 - 80 has 125 samples
2023-01-12 09:10:02.607 | DEBUG    | algorithms.der_pp:train:166 - 76 has 125 samples
2023-01-12 09:10:02.608 | DEBUG    | algorithms.der_pp:train:166 - 65 has 125 samples
2023-01-12 09:10:02.609 | DEBUG    | algorithms.der_pp:train:166 - 85 has 125 samples
2023-01-12 09:10:02.609 | DEBUG    | algorithms.der_pp:train:166 - 96 has 125 samples
2023-01-12 09:10:02.610 | DEBUG    | algorithms.der_pp:train:166 - 6 has 125 samples
2023-01-12 09:10:02.611 | DEBUG    | algorithms.der_pp:train:166 - 25 has 125 samples
2023-01-12 09:10:02.611 | DEBUG    | algorithms.der_pp:train:166 - 84 has 125 samples
2023-01-12 09:10:02.612 | DEBUG    | algorithms.der_pp:train:166 - 99 has 125 samples
2023-01-12 09:10:02.613 | DEBUG    | algorithms.der_pp:train:166 - 98 has 125 samples
2023-01-12 09:10:02.613 | DEBUG    | algorithms.der_pp:train:166 - 60 has 125 samples
2023-01-12 09:10:02.614 | INFO     | algorithms.der_pp:train:171 - 1, loss: 6.077
2023-01-12 09:10:02.615 | INFO     | algorithms.algorithm_base:run_base_task_metrics:146 - Running metrics: Task 1
2023-01-12 09:10:06.688 | DEBUG    | algorithms.algorithm_base:run_base_task_metrics:202 - Raw classification accuracy results saved to ./output/der_pp/1673514523.4653053_CIFAR100_OFFICIAL_RUN/task_1_accuracy_results.json
2023-01-12 09:10:06.690 | INFO     | algorithms.algorithm_base:run_base_task_metrics:203 - Correctly classified 855 / 10000 samples (8.55% correct)
2023-01-12 09:10:07.067 | INFO     | algorithms.der_pp:train:88 - Task 3 / 5
2023-01-12 09:10:07.072 | INFO     | algorithms.der_pp:train:89 - Classes in task: ['kangaroo', 'turtle', 'dinosaur', 'hamster', 'bicycle', 'motorcycle', 'bed', 'shark', 'house', 'chair', 'wardrobe', 'camel', 'cloud', 'skunk', 'can', 'train', 'orchid', 'bowl', 'keyboard', 'snake']
2023-01-12 09:10:07.073 | INFO     | algorithms.der_pp:train:96 - Starting epoch 1 / 1
2023-01-12 09:10:09.205 | INFO     | algorithms.der_pp:train:160 - 2:1:40, loss: 7.381
2023-01-12 09:10:11.293 | INFO     | algorithms.der_pp:train:160 - 2:1:80, loss: 7.025
2023-01-12 09:10:11.804 | WARNING  | algorithms.buffers:add_sample:156 - Duplicate hash: 1572695822883034042
2023-01-12 09:10:13.379 | INFO     | algorithms.der_pp:train:160 - 2:1:120, loss: 6.794
2023-01-12 09:10:15.452 | INFO     | algorithms.der_pp:train:160 - 2:1:160, loss: 6.593
2023-01-12 09:10:17.534 | INFO     | algorithms.der_pp:train:160 - 2:1:200, loss: 6.503
2023-01-12 09:10:19.616 | INFO     | algorithms.der_pp:train:160 - 2:1:240, loss: 6.449
2023-01-12 09:10:21.701 | INFO     | algorithms.der_pp:train:160 - 2:1:280, loss: 6.223
2023-01-12 09:10:23.783 | INFO     | algorithms.der_pp:train:160 - 2:1:320, loss: 6.314
2023-01-12 09:10:25.866 | INFO     | algorithms.der_pp:train:160 - 2:1:360, loss: 6.156
2023-01-12 09:10:27.955 | INFO     | algorithms.der_pp:train:160 - 2:1:400, loss: 6.129
2023-01-12 09:10:30.043 | INFO     | algorithms.der_pp:train:160 - 2:1:440, loss: 5.986
2023-01-12 09:10:32.130 | INFO     | algorithms.der_pp:train:160 - 2:1:480, loss: 5.949
2023-01-12 09:10:34.218 | INFO     | algorithms.der_pp:train:160 - 2:1:520, loss: 5.808
2023-01-12 09:10:36.307 | INFO     | algorithms.der_pp:train:160 - 2:1:560, loss: 5.910
2023-01-12 09:10:38.395 | INFO     | algorithms.der_pp:train:160 - 2:1:600, loss: 5.778
2023-01-12 09:10:39.651 | DEBUG    | algorithms.der_pp:train:163 - Current sample stats:
2023-01-12 09:10:39.652 | DEBUG    | algorithms.der_pp:train:166 - 67 has 83 samples
2023-01-12 09:10:39.652 | DEBUG    | algorithms.der_pp:train:166 - 28 has 83 samples
2023-01-12 09:10:39.653 | DEBUG    | algorithms.der_pp:train:166 - 55 has 83 samples
2023-01-12 09:10:39.654 | DEBUG    | algorithms.der_pp:train:166 - 57 has 83 samples
2023-01-12 09:10:39.654 | DEBUG    | algorithms.der_pp:train:166 - 17 has 83 samples
2023-01-12 09:10:39.655 | DEBUG    | algorithms.der_pp:train:166 - 58 has 83 samples
2023-01-12 09:10:39.656 | DEBUG    | algorithms.der_pp:train:166 - 41 has 83 samples
2023-01-12 09:10:39.656 | DEBUG    | algorithms.der_pp:train:166 - 40 has 83 samples
2023-01-12 09:10:39.657 | DEBUG    | algorithms.der_pp:train:166 - 4 has 83 samples
2023-01-12 09:10:39.658 | DEBUG    | algorithms.der_pp:train:166 - 71 has 83 samples
2023-01-12 09:10:39.658 | DEBUG    | algorithms.der_pp:train:166 - 19 has 83 samples
2023-01-12 09:10:39.659 | DEBUG    | algorithms.der_pp:train:166 - 53 has 83 samples
2023-01-12 09:10:39.660 | DEBUG    | algorithms.der_pp:train:166 - 95 has 83 samples
2023-01-12 09:10:39.660 | DEBUG    | algorithms.der_pp:train:166 - 2 has 83 samples
2023-01-12 09:10:39.661 | DEBUG    | algorithms.der_pp:train:166 - 30 has 83 samples
2023-01-12 09:10:39.662 | DEBUG    | algorithms.der_pp:train:166 - 51 has 83 samples
2023-01-12 09:10:39.662 | DEBUG    | algorithms.der_pp:train:166 - 12 has 83 samples
2023-01-12 09:10:39.663 | DEBUG    | algorithms.der_pp:train:166 - 77 has 83 samples
2023-01-12 09:10:39.664 | DEBUG    | algorithms.der_pp:train:166 - 89 has 83 samples
2023-01-12 09:10:39.664 | DEBUG    | algorithms.der_pp:train:166 - 3 has 83 samples
2023-01-12 09:10:39.665 | DEBUG    | algorithms.der_pp:train:166 - 21 has 83 samples
2023-01-12 09:10:39.666 | DEBUG    | algorithms.der_pp:train:166 - 50 has 83 samples
2023-01-12 09:10:39.666 | DEBUG    | algorithms.der_pp:train:166 - 72 has 83 samples
2023-01-12 09:10:39.667 | DEBUG    | algorithms.der_pp:train:166 - 47 has 83 samples
2023-01-12 09:10:39.668 | DEBUG    | algorithms.der_pp:train:166 - 74 has 83 samples
2023-01-12 09:10:39.668 | DEBUG    | algorithms.der_pp:train:166 - 45 has 83 samples
2023-01-12 09:10:39.669 | DEBUG    | algorithms.der_pp:train:166 - 49 has 83 samples
2023-01-12 09:10:39.670 | DEBUG    | algorithms.der_pp:train:166 - 70 has 83 samples
2023-01-12 09:10:39.670 | DEBUG    | algorithms.der_pp:train:166 - 7 has 83 samples
2023-01-12 09:10:39.671 | DEBUG    | algorithms.der_pp:train:166 - 80 has 83 samples
2023-01-12 09:10:39.672 | DEBUG    | algorithms.der_pp:train:166 - 76 has 83 samples
2023-01-12 09:10:39.672 | DEBUG    | algorithms.der_pp:train:166 - 65 has 83 samples
2023-01-12 09:10:39.673 | DEBUG    | algorithms.der_pp:train:166 - 85 has 83 samples
2023-01-12 09:10:39.674 | DEBUG    | algorithms.der_pp:train:166 - 96 has 83 samples
2023-01-12 09:10:39.674 | DEBUG    | algorithms.der_pp:train:166 - 6 has 83 samples
2023-01-12 09:10:39.675 | DEBUG    | algorithms.der_pp:train:166 - 25 has 83 samples
2023-01-12 09:10:39.676 | DEBUG    | algorithms.der_pp:train:166 - 84 has 83 samples
2023-01-12 09:10:39.676 | DEBUG    | algorithms.der_pp:train:166 - 99 has 83 samples
2023-01-12 09:10:39.677 | DEBUG    | algorithms.der_pp:train:166 - 98 has 83 samples
2023-01-12 09:10:39.678 | DEBUG    | algorithms.der_pp:train:166 - 60 has 83 samples
2023-01-12 09:10:39.678 | DEBUG    | algorithms.der_pp:train:166 - 5 has 84 samples
2023-01-12 09:10:39.679 | DEBUG    | algorithms.der_pp:train:166 - 75 has 84 samples
2023-01-12 09:10:39.680 | DEBUG    | algorithms.der_pp:train:166 - 73 has 84 samples
2023-01-12 09:10:39.681 | DEBUG    | algorithms.der_pp:train:166 - 90 has 84 samples
2023-01-12 09:10:39.681 | DEBUG    | algorithms.der_pp:train:166 - 29 has 84 samples
2023-01-12 09:10:39.682 | DEBUG    | algorithms.der_pp:train:166 - 39 has 84 samples
2023-01-12 09:10:39.683 | DEBUG    | algorithms.der_pp:train:166 - 37 has 84 samples
2023-01-12 09:10:39.683 | DEBUG    | algorithms.der_pp:train:166 - 38 has 84 samples
2023-01-12 09:10:39.684 | DEBUG    | algorithms.der_pp:train:166 - 16 has 84 samples
2023-01-12 09:10:39.685 | DEBUG    | algorithms.der_pp:train:166 - 15 has 84 samples
2023-01-12 09:10:39.686 | DEBUG    | algorithms.der_pp:train:166 - 94 has 84 samples
2023-01-12 09:10:39.686 | DEBUG    | algorithms.der_pp:train:166 - 93 has 84 samples
2023-01-12 09:10:39.687 | DEBUG    | algorithms.der_pp:train:166 - 23 has 84 samples
2023-01-12 09:10:39.688 | DEBUG    | algorithms.der_pp:train:166 - 36 has 84 samples
2023-01-12 09:10:39.688 | DEBUG    | algorithms.der_pp:train:166 - 8 has 84 samples
2023-01-12 09:10:39.689 | DEBUG    | algorithms.der_pp:train:166 - 54 has 84 samples
2023-01-12 09:10:39.690 | DEBUG    | algorithms.der_pp:train:166 - 78 has 84 samples
2023-01-12 09:10:39.691 | DEBUG    | algorithms.der_pp:train:166 - 48 has 84 samples
2023-01-12 09:10:39.691 | DEBUG    | algorithms.der_pp:train:166 - 10 has 84 samples
2023-01-12 09:10:39.692 | DEBUG    | algorithms.der_pp:train:166 - 20 has 84 samples
2023-01-12 09:10:39.693 | INFO     | algorithms.der_pp:train:171 - 1, loss: 6.320
2023-01-12 09:10:39.694 | INFO     | algorithms.algorithm_base:run_base_task_metrics:146 - Running metrics: Task 2
2023-01-12 09:10:43.691 | DEBUG    | algorithms.algorithm_base:run_base_task_metrics:202 - Raw classification accuracy results saved to ./output/der_pp/1673514523.4653053_CIFAR100_OFFICIAL_RUN/task_2_accuracy_results.json
2023-01-12 09:10:43.693 | INFO     | algorithms.algorithm_base:run_base_task_metrics:203 - Correctly classified 920 / 10000 samples (9.20% correct)
2023-01-12 09:10:44.116 | INFO     | algorithms.der_pp:train:88 - Task 4 / 5
2023-01-12 09:10:44.121 | INFO     | algorithms.der_pp:train:89 - Classes in task: ['plate', 'bottle', 'boy', 'lizard', 'television', 'apple', 'wolf', 'caterpillar', 'butterfly', 'pine_tree', 'rocket', 'poppy', 'tulip', 'crab', 'possum', 'porcupine', 'streetcar', 'clock', 'sunflower', 'lion']
2023-01-12 09:10:44.122 | INFO     | algorithms.der_pp:train:96 - Starting epoch 1 / 1
2023-01-12 09:10:46.261 | INFO     | algorithms.der_pp:train:160 - 3:1:40, loss: 7.709
2023-01-12 09:10:48.356 | INFO     | algorithms.der_pp:train:160 - 3:1:80, loss: 7.264
2023-01-12 09:10:50.450 | INFO     | algorithms.der_pp:train:160 - 3:1:120, loss: 6.901
2023-01-12 09:10:52.535 | INFO     | algorithms.der_pp:train:160 - 3:1:160, loss: 6.717
2023-01-12 09:10:54.612 | INFO     | algorithms.der_pp:train:160 - 3:1:200, loss: 6.619
2023-01-12 09:10:56.695 | INFO     | algorithms.der_pp:train:160 - 3:1:240, loss: 6.360
2023-01-12 09:10:58.780 | INFO     | algorithms.der_pp:train:160 - 3:1:280, loss: 6.480
2023-01-12 09:11:00.868 | INFO     | algorithms.der_pp:train:160 - 3:1:320, loss: 6.222
2023-01-12 09:11:02.957 | INFO     | algorithms.der_pp:train:160 - 3:1:360, loss: 6.183
2023-01-12 09:11:05.055 | INFO     | algorithms.der_pp:train:160 - 3:1:400, loss: 6.089
2023-01-12 09:11:07.152 | INFO     | algorithms.der_pp:train:160 - 3:1:440, loss: 6.049
2023-01-12 09:11:09.242 | INFO     | algorithms.der_pp:train:160 - 3:1:480, loss: 6.139
2023-01-12 09:11:11.330 | INFO     | algorithms.der_pp:train:160 - 3:1:520, loss: 5.942
2023-01-12 09:11:13.418 | INFO     | algorithms.der_pp:train:160 - 3:1:560, loss: 5.838
2023-01-12 09:11:15.508 | INFO     | algorithms.der_pp:train:160 - 3:1:600, loss: 5.848
2023-01-12 09:11:16.765 | DEBUG    | algorithms.der_pp:train:163 - Current sample stats:
2023-01-12 09:11:16.765 | DEBUG    | algorithms.der_pp:train:166 - 67 has 62 samples
2023-01-12 09:11:16.766 | DEBUG    | algorithms.der_pp:train:166 - 28 has 62 samples
2023-01-12 09:11:16.767 | DEBUG    | algorithms.der_pp:train:166 - 55 has 62 samples
2023-01-12 09:11:16.767 | DEBUG    | algorithms.der_pp:train:166 - 57 has 62 samples
2023-01-12 09:11:16.768 | DEBUG    | algorithms.der_pp:train:166 - 17 has 62 samples
2023-01-12 09:11:16.769 | DEBUG    | algorithms.der_pp:train:166 - 58 has 62 samples
2023-01-12 09:11:16.769 | DEBUG    | algorithms.der_pp:train:166 - 41 has 62 samples
2023-01-12 09:11:16.770 | DEBUG    | algorithms.der_pp:train:166 - 40 has 62 samples
2023-01-12 09:11:16.771 | DEBUG    | algorithms.der_pp:train:166 - 4 has 62 samples
2023-01-12 09:11:16.771 | DEBUG    | algorithms.der_pp:train:166 - 71 has 62 samples
2023-01-12 09:11:16.772 | DEBUG    | algorithms.der_pp:train:166 - 19 has 62 samples
2023-01-12 09:11:16.773 | DEBUG    | algorithms.der_pp:train:166 - 53 has 62 samples
2023-01-12 09:11:16.773 | DEBUG    | algorithms.der_pp:train:166 - 95 has 62 samples
2023-01-12 09:11:16.774 | DEBUG    | algorithms.der_pp:train:166 - 2 has 62 samples
2023-01-12 09:11:16.775 | DEBUG    | algorithms.der_pp:train:166 - 30 has 62 samples
2023-01-12 09:11:16.776 | DEBUG    | algorithms.der_pp:train:166 - 51 has 62 samples
2023-01-12 09:11:16.776 | DEBUG    | algorithms.der_pp:train:166 - 12 has 62 samples
2023-01-12 09:11:16.777 | DEBUG    | algorithms.der_pp:train:166 - 77 has 62 samples
2023-01-12 09:11:16.778 | DEBUG    | algorithms.der_pp:train:166 - 89 has 62 samples
2023-01-12 09:11:16.778 | DEBUG    | algorithms.der_pp:train:166 - 3 has 62 samples
2023-01-12 09:11:16.779 | DEBUG    | algorithms.der_pp:train:166 - 21 has 62 samples
2023-01-12 09:11:16.780 | DEBUG    | algorithms.der_pp:train:166 - 50 has 62 samples
2023-01-12 09:11:16.780 | DEBUG    | algorithms.der_pp:train:166 - 72 has 62 samples
2023-01-12 09:11:16.781 | DEBUG    | algorithms.der_pp:train:166 - 47 has 62 samples
2023-01-12 09:11:16.782 | DEBUG    | algorithms.der_pp:train:166 - 74 has 62 samples
2023-01-12 09:11:16.782 | DEBUG    | algorithms.der_pp:train:166 - 45 has 62 samples
2023-01-12 09:11:16.783 | DEBUG    | algorithms.der_pp:train:166 - 49 has 62 samples
2023-01-12 09:11:16.784 | DEBUG    | algorithms.der_pp:train:166 - 70 has 62 samples
2023-01-12 09:11:16.785 | DEBUG    | algorithms.der_pp:train:166 - 7 has 62 samples
2023-01-12 09:11:16.785 | DEBUG    | algorithms.der_pp:train:166 - 80 has 62 samples
2023-01-12 09:11:16.786 | DEBUG    | algorithms.der_pp:train:166 - 76 has 62 samples
2023-01-12 09:11:16.787 | DEBUG    | algorithms.der_pp:train:166 - 65 has 62 samples
2023-01-12 09:11:16.787 | DEBUG    | algorithms.der_pp:train:166 - 85 has 62 samples
2023-01-12 09:11:16.788 | DEBUG    | algorithms.der_pp:train:166 - 96 has 62 samples
2023-01-12 09:11:16.789 | DEBUG    | algorithms.der_pp:train:166 - 6 has 62 samples
2023-01-12 09:11:16.790 | DEBUG    | algorithms.der_pp:train:166 - 25 has 62 samples
2023-01-12 09:11:16.790 | DEBUG    | algorithms.der_pp:train:166 - 84 has 62 samples
2023-01-12 09:11:16.791 | DEBUG    | algorithms.der_pp:train:166 - 99 has 62 samples
2023-01-12 09:11:16.792 | DEBUG    | algorithms.der_pp:train:166 - 98 has 62 samples
2023-01-12 09:11:16.792 | DEBUG    | algorithms.der_pp:train:166 - 60 has 62 samples
2023-01-12 09:11:16.793 | DEBUG    | algorithms.der_pp:train:166 - 5 has 63 samples
2023-01-12 09:11:16.794 | DEBUG    | algorithms.der_pp:train:166 - 75 has 63 samples
2023-01-12 09:11:16.795 | DEBUG    | algorithms.der_pp:train:166 - 73 has 63 samples
2023-01-12 09:11:16.795 | DEBUG    | algorithms.der_pp:train:166 - 90 has 63 samples
2023-01-12 09:11:16.796 | DEBUG    | algorithms.der_pp:train:166 - 29 has 63 samples
2023-01-12 09:11:16.797 | DEBUG    | algorithms.der_pp:train:166 - 39 has 63 samples
2023-01-12 09:11:16.797 | DEBUG    | algorithms.der_pp:train:166 - 37 has 63 samples
2023-01-12 09:11:16.798 | DEBUG    | algorithms.der_pp:train:166 - 38 has 63 samples
2023-01-12 09:11:16.799 | DEBUG    | algorithms.der_pp:train:166 - 16 has 63 samples
2023-01-12 09:11:16.800 | DEBUG    | algorithms.der_pp:train:166 - 15 has 63 samples
2023-01-12 09:11:16.800 | DEBUG    | algorithms.der_pp:train:166 - 94 has 63 samples
2023-01-12 09:11:16.801 | DEBUG    | algorithms.der_pp:train:166 - 93 has 63 samples
2023-01-12 09:11:16.802 | DEBUG    | algorithms.der_pp:train:166 - 23 has 63 samples
2023-01-12 09:11:16.802 | DEBUG    | algorithms.der_pp:train:166 - 36 has 63 samples
2023-01-12 09:11:16.803 | DEBUG    | algorithms.der_pp:train:166 - 8 has 63 samples
2023-01-12 09:11:16.804 | DEBUG    | algorithms.der_pp:train:166 - 54 has 63 samples
2023-01-12 09:11:16.805 | DEBUG    | algorithms.der_pp:train:166 - 78 has 63 samples
2023-01-12 09:11:16.805 | DEBUG    | algorithms.der_pp:train:166 - 48 has 63 samples
2023-01-12 09:11:16.806 | DEBUG    | algorithms.der_pp:train:166 - 10 has 63 samples
2023-01-12 09:11:16.807 | DEBUG    | algorithms.der_pp:train:166 - 20 has 63 samples
2023-01-12 09:11:16.808 | DEBUG    | algorithms.der_pp:train:166 - 82 has 63 samples
2023-01-12 09:11:16.808 | DEBUG    | algorithms.der_pp:train:166 - 44 has 63 samples
2023-01-12 09:11:16.809 | DEBUG    | algorithms.der_pp:train:166 - 26 has 63 samples
2023-01-12 09:11:16.810 | DEBUG    | algorithms.der_pp:train:166 - 43 has 63 samples
2023-01-12 09:11:16.810 | DEBUG    | algorithms.der_pp:train:166 - 69 has 63 samples
2023-01-12 09:11:16.811 | DEBUG    | algorithms.der_pp:train:166 - 59 has 63 samples
2023-01-12 09:11:16.812 | DEBUG    | algorithms.der_pp:train:166 - 97 has 63 samples
2023-01-12 09:11:16.813 | DEBUG    | algorithms.der_pp:train:166 - 22 has 63 samples
2023-01-12 09:11:16.813 | DEBUG    | algorithms.der_pp:train:166 - 0 has 63 samples
2023-01-12 09:11:16.814 | DEBUG    | algorithms.der_pp:train:166 - 18 has 63 samples
2023-01-12 09:11:16.815 | DEBUG    | algorithms.der_pp:train:166 - 11 has 63 samples
2023-01-12 09:11:16.815 | DEBUG    | algorithms.der_pp:train:166 - 64 has 63 samples
2023-01-12 09:11:16.816 | DEBUG    | algorithms.der_pp:train:166 - 81 has 63 samples
2023-01-12 09:11:16.817 | DEBUG    | algorithms.der_pp:train:166 - 87 has 63 samples
2023-01-12 09:11:16.818 | DEBUG    | algorithms.der_pp:train:166 - 92 has 63 samples
2023-01-12 09:11:16.818 | DEBUG    | algorithms.der_pp:train:166 - 14 has 63 samples
2023-01-12 09:11:16.819 | DEBUG    | algorithms.der_pp:train:166 - 62 has 63 samples
2023-01-12 09:11:16.820 | DEBUG    | algorithms.der_pp:train:166 - 63 has 63 samples
2023-01-12 09:11:16.820 | DEBUG    | algorithms.der_pp:train:166 - 61 has 63 samples
2023-01-12 09:11:16.821 | DEBUG    | algorithms.der_pp:train:166 - 9 has 63 samples
2023-01-12 09:11:16.822 | INFO     | algorithms.der_pp:train:171 - 1, loss: 6.404
2023-01-12 09:11:16.823 | INFO     | algorithms.algorithm_base:run_base_task_metrics:146 - Running metrics: Task 3
2023-01-12 09:11:20.844 | DEBUG    | algorithms.algorithm_base:run_base_task_metrics:202 - Raw classification accuracy results saved to ./output/der_pp/1673514523.4653053_CIFAR100_OFFICIAL_RUN/task_3_accuracy_results.json
2023-01-12 09:11:20.846 | INFO     | algorithms.algorithm_base:run_base_task_metrics:203 - Correctly classified 919 / 10000 samples (9.19% correct)
2023-01-12 09:11:21.218 | INFO     | algorithms.der_pp:train:88 - Task 5 / 5
2023-01-12 09:11:21.224 | INFO     | algorithms.der_pp:train:89 - Classes in task: ['aquarium_fish', 'crocodile', 'bus', 'telephone', 'fox', 'tiger', 'leopard', 'girl', 'oak_tree', 'flatfish', 'spider', 'forest', 'palm_tree', 'man', 'cockroach', 'elephant', 'trout', 'raccoon', 'road', 'sweet_pepper']
2023-01-12 09:11:21.224 | INFO     | algorithms.der_pp:train:96 - Starting epoch 1 / 1
2023-01-12 09:11:23.365 | INFO     | algorithms.der_pp:train:160 - 4:1:40, loss: 7.969
2023-01-12 09:11:25.461 | INFO     | algorithms.der_pp:train:160 - 4:1:80, loss: 7.502
2023-01-12 09:11:27.562 | INFO     | algorithms.der_pp:train:160 - 4:1:120, loss: 7.219
2023-01-12 09:11:29.638 | INFO     | algorithms.der_pp:train:160 - 4:1:160, loss: 6.888
2023-01-12 09:11:31.722 | INFO     | algorithms.der_pp:train:160 - 4:1:200, loss: 6.846
2023-01-12 09:11:33.801 | INFO     | algorithms.der_pp:train:160 - 4:1:240, loss: 6.615
2023-01-12 09:11:35.498 | WARNING  | algorithms.buffers:add_sample:156 - Duplicate hash: -1428534939578108345
2023-01-12 09:11:35.879 | INFO     | algorithms.der_pp:train:160 - 4:1:280, loss: 6.548
2023-01-12 09:11:37.954 | INFO     | algorithms.der_pp:train:160 - 4:1:320, loss: 6.505
2023-01-12 09:11:40.028 | INFO     | algorithms.der_pp:train:160 - 4:1:360, loss: 6.496
2023-01-12 09:11:42.106 | INFO     | algorithms.der_pp:train:160 - 4:1:400, loss: 6.329
2023-01-12 09:11:44.186 | INFO     | algorithms.der_pp:train:160 - 4:1:440, loss: 6.407
2023-01-12 09:11:46.260 | INFO     | algorithms.der_pp:train:160 - 4:1:480, loss: 6.273
2023-01-12 09:11:48.339 | INFO     | algorithms.der_pp:train:160 - 4:1:520, loss: 6.293
2023-01-12 09:11:50.423 | INFO     | algorithms.der_pp:train:160 - 4:1:560, loss: 6.139
2023-01-12 09:11:52.500 | INFO     | algorithms.der_pp:train:160 - 4:1:600, loss: 6.161
2023-01-12 09:11:53.751 | DEBUG    | algorithms.der_pp:train:163 - Current sample stats:
2023-01-12 09:11:53.752 | DEBUG    | algorithms.der_pp:train:166 - 67 has 50 samples
2023-01-12 09:11:53.753 | DEBUG    | algorithms.der_pp:train:166 - 28 has 50 samples
2023-01-12 09:11:53.754 | DEBUG    | algorithms.der_pp:train:166 - 55 has 50 samples
2023-01-12 09:11:53.754 | DEBUG    | algorithms.der_pp:train:166 - 57 has 50 samples
2023-01-12 09:11:53.755 | DEBUG    | algorithms.der_pp:train:166 - 17 has 50 samples
2023-01-12 09:11:53.756 | DEBUG    | algorithms.der_pp:train:166 - 58 has 50 samples
2023-01-12 09:11:53.756 | DEBUG    | algorithms.der_pp:train:166 - 41 has 50 samples
2023-01-12 09:11:53.757 | DEBUG    | algorithms.der_pp:train:166 - 40 has 50 samples
2023-01-12 09:11:53.758 | DEBUG    | algorithms.der_pp:train:166 - 4 has 50 samples
2023-01-12 09:11:53.759 | DEBUG    | algorithms.der_pp:train:166 - 71 has 50 samples
2023-01-12 09:11:53.759 | DEBUG    | algorithms.der_pp:train:166 - 19 has 50 samples
2023-01-12 09:11:53.760 | DEBUG    | algorithms.der_pp:train:166 - 53 has 50 samples
2023-01-12 09:11:53.761 | DEBUG    | algorithms.der_pp:train:166 - 95 has 50 samples
2023-01-12 09:11:53.761 | DEBUG    | algorithms.der_pp:train:166 - 2 has 50 samples
2023-01-12 09:11:53.762 | DEBUG    | algorithms.der_pp:train:166 - 30 has 50 samples
2023-01-12 09:11:53.763 | DEBUG    | algorithms.der_pp:train:166 - 51 has 50 samples
2023-01-12 09:11:53.764 | DEBUG    | algorithms.der_pp:train:166 - 12 has 50 samples
2023-01-12 09:11:53.764 | DEBUG    | algorithms.der_pp:train:166 - 77 has 50 samples
2023-01-12 09:11:53.765 | DEBUG    | algorithms.der_pp:train:166 - 89 has 50 samples
2023-01-12 09:11:53.766 | DEBUG    | algorithms.der_pp:train:166 - 3 has 50 samples
2023-01-12 09:11:53.766 | DEBUG    | algorithms.der_pp:train:166 - 21 has 50 samples
2023-01-12 09:11:53.767 | DEBUG    | algorithms.der_pp:train:166 - 50 has 50 samples
2023-01-12 09:11:53.768 | DEBUG    | algorithms.der_pp:train:166 - 72 has 50 samples
2023-01-12 09:11:53.769 | DEBUG    | algorithms.der_pp:train:166 - 47 has 50 samples
2023-01-12 09:11:53.769 | DEBUG    | algorithms.der_pp:train:166 - 74 has 50 samples
2023-01-12 09:11:53.770 | DEBUG    | algorithms.der_pp:train:166 - 45 has 50 samples
2023-01-12 09:11:53.771 | DEBUG    | algorithms.der_pp:train:166 - 49 has 50 samples
2023-01-12 09:11:53.771 | DEBUG    | algorithms.der_pp:train:166 - 70 has 50 samples
2023-01-12 09:11:53.772 | DEBUG    | algorithms.der_pp:train:166 - 7 has 50 samples
2023-01-12 09:11:53.773 | DEBUG    | algorithms.der_pp:train:166 - 80 has 50 samples
2023-01-12 09:11:53.774 | DEBUG    | algorithms.der_pp:train:166 - 76 has 50 samples
2023-01-12 09:11:53.774 | DEBUG    | algorithms.der_pp:train:166 - 65 has 50 samples
2023-01-12 09:11:53.775 | DEBUG    | algorithms.der_pp:train:166 - 85 has 50 samples
2023-01-12 09:11:53.776 | DEBUG    | algorithms.der_pp:train:166 - 96 has 50 samples
2023-01-12 09:11:53.776 | DEBUG    | algorithms.der_pp:train:166 - 6 has 50 samples
2023-01-12 09:11:53.777 | DEBUG    | algorithms.der_pp:train:166 - 25 has 50 samples
2023-01-12 09:11:53.778 | DEBUG    | algorithms.der_pp:train:166 - 84 has 50 samples
2023-01-12 09:11:53.779 | DEBUG    | algorithms.der_pp:train:166 - 99 has 50 samples
2023-01-12 09:11:53.779 | DEBUG    | algorithms.der_pp:train:166 - 98 has 50 samples
2023-01-12 09:11:53.780 | DEBUG    | algorithms.der_pp:train:166 - 60 has 50 samples
2023-01-12 09:11:53.781 | DEBUG    | algorithms.der_pp:train:166 - 5 has 50 samples
2023-01-12 09:11:53.781 | DEBUG    | algorithms.der_pp:train:166 - 75 has 50 samples
2023-01-12 09:11:53.782 | DEBUG    | algorithms.der_pp:train:166 - 73 has 50 samples
2023-01-12 09:11:53.783 | DEBUG    | algorithms.der_pp:train:166 - 90 has 50 samples
2023-01-12 09:11:53.784 | DEBUG    | algorithms.der_pp:train:166 - 29 has 50 samples
2023-01-12 09:11:53.784 | DEBUG    | algorithms.der_pp:train:166 - 39 has 50 samples
2023-01-12 09:11:53.785 | DEBUG    | algorithms.der_pp:train:166 - 37 has 50 samples
2023-01-12 09:11:53.786 | DEBUG    | algorithms.der_pp:train:166 - 38 has 50 samples
2023-01-12 09:11:53.787 | DEBUG    | algorithms.der_pp:train:166 - 16 has 50 samples
2023-01-12 09:11:53.787 | DEBUG    | algorithms.der_pp:train:166 - 15 has 50 samples
2023-01-12 09:11:53.788 | DEBUG    | algorithms.der_pp:train:166 - 94 has 50 samples
2023-01-12 09:11:53.789 | DEBUG    | algorithms.der_pp:train:166 - 93 has 50 samples
2023-01-12 09:11:53.789 | DEBUG    | algorithms.der_pp:train:166 - 23 has 50 samples
2023-01-12 09:11:53.790 | DEBUG    | algorithms.der_pp:train:166 - 36 has 50 samples
2023-01-12 09:11:53.791 | DEBUG    | algorithms.der_pp:train:166 - 8 has 50 samples
2023-01-12 09:11:53.791 | DEBUG    | algorithms.der_pp:train:166 - 54 has 50 samples
2023-01-12 09:11:53.792 | DEBUG    | algorithms.der_pp:train:166 - 78 has 50 samples
2023-01-12 09:11:53.793 | DEBUG    | algorithms.der_pp:train:166 - 48 has 50 samples
2023-01-12 09:11:53.794 | DEBUG    | algorithms.der_pp:train:166 - 10 has 50 samples
2023-01-12 09:11:53.794 | DEBUG    | algorithms.der_pp:train:166 - 20 has 50 samples
2023-01-12 09:11:53.795 | DEBUG    | algorithms.der_pp:train:166 - 82 has 50 samples
2023-01-12 09:11:53.796 | DEBUG    | algorithms.der_pp:train:166 - 44 has 50 samples
2023-01-12 09:11:53.796 | DEBUG    | algorithms.der_pp:train:166 - 26 has 50 samples
2023-01-12 09:11:53.797 | DEBUG    | algorithms.der_pp:train:166 - 43 has 50 samples
2023-01-12 09:11:53.798 | DEBUG    | algorithms.der_pp:train:166 - 69 has 50 samples
2023-01-12 09:11:53.799 | DEBUG    | algorithms.der_pp:train:166 - 59 has 50 samples
2023-01-12 09:11:53.799 | DEBUG    | algorithms.der_pp:train:166 - 97 has 50 samples
2023-01-12 09:11:53.800 | DEBUG    | algorithms.der_pp:train:166 - 22 has 50 samples
2023-01-12 09:11:53.801 | DEBUG    | algorithms.der_pp:train:166 - 0 has 50 samples
2023-01-12 09:11:53.802 | DEBUG    | algorithms.der_pp:train:166 - 18 has 50 samples
2023-01-12 09:11:53.802 | DEBUG    | algorithms.der_pp:train:166 - 11 has 50 samples
2023-01-12 09:11:53.803 | DEBUG    | algorithms.der_pp:train:166 - 64 has 50 samples
2023-01-12 09:11:53.804 | DEBUG    | algorithms.der_pp:train:166 - 81 has 50 samples
2023-01-12 09:11:53.804 | DEBUG    | algorithms.der_pp:train:166 - 87 has 50 samples
2023-01-12 09:11:53.805 | DEBUG    | algorithms.der_pp:train:166 - 92 has 50 samples
2023-01-12 09:11:53.806 | DEBUG    | algorithms.der_pp:train:166 - 14 has 50 samples
2023-01-12 09:11:53.807 | DEBUG    | algorithms.der_pp:train:166 - 62 has 50 samples
2023-01-12 09:11:53.807 | DEBUG    | algorithms.der_pp:train:166 - 63 has 50 samples
2023-01-12 09:11:53.808 | DEBUG    | algorithms.der_pp:train:166 - 61 has 50 samples
2023-01-12 09:11:53.809 | DEBUG    | algorithms.der_pp:train:166 - 9 has 50 samples
2023-01-12 09:11:53.809 | DEBUG    | algorithms.der_pp:train:166 - 32 has 50 samples
2023-01-12 09:11:53.810 | DEBUG    | algorithms.der_pp:train:166 - 56 has 50 samples
2023-01-12 09:11:53.811 | DEBUG    | algorithms.der_pp:train:166 - 27 has 50 samples
2023-01-12 09:11:53.812 | DEBUG    | algorithms.der_pp:train:166 - 46 has 50 samples
2023-01-12 09:11:53.812 | DEBUG    | algorithms.der_pp:train:166 - 91 has 50 samples
2023-01-12 09:11:53.813 | DEBUG    | algorithms.der_pp:train:166 - 24 has 50 samples
2023-01-12 09:11:53.814 | DEBUG    | algorithms.der_pp:train:166 - 1 has 50 samples
2023-01-12 09:11:53.814 | DEBUG    | algorithms.der_pp:train:166 - 66 has 50 samples
2023-01-12 09:11:53.815 | DEBUG    | algorithms.der_pp:train:166 - 79 has 50 samples
2023-01-12 09:11:53.816 | DEBUG    | algorithms.der_pp:train:166 - 35 has 50 samples
2023-01-12 09:11:53.817 | DEBUG    | algorithms.der_pp:train:166 - 83 has 50 samples
2023-01-12 09:11:53.817 | DEBUG    | algorithms.der_pp:train:166 - 13 has 50 samples
2023-01-12 09:11:53.818 | DEBUG    | algorithms.der_pp:train:166 - 88 has 50 samples
2023-01-12 09:11:53.819 | DEBUG    | algorithms.der_pp:train:166 - 33 has 50 samples
2023-01-12 09:11:53.820 | DEBUG    | algorithms.der_pp:train:166 - 86 has 50 samples
2023-01-12 09:11:53.820 | DEBUG    | algorithms.der_pp:train:166 - 52 has 50 samples
2023-01-12 09:11:53.821 | DEBUG    | algorithms.der_pp:train:166 - 68 has 50 samples
2023-01-12 09:11:53.822 | DEBUG    | algorithms.der_pp:train:166 - 31 has 50 samples
2023-01-12 09:11:53.822 | DEBUG    | algorithms.der_pp:train:166 - 34 has 50 samples
2023-01-12 09:11:53.823 | DEBUG    | algorithms.der_pp:train:166 - 42 has 50 samples
2023-01-12 09:11:53.824 | INFO     | algorithms.der_pp:train:171 - 1, loss: 6.656
2023-01-12 09:11:53.825 | INFO     | algorithms.algorithm_base:run_base_task_metrics:146 - Running metrics: Task 4
2023-01-12 09:11:57.835 | DEBUG    | algorithms.algorithm_base:run_base_task_metrics:202 - Raw classification accuracy results saved to ./output/der_pp/1673514523.4653053_CIFAR100_OFFICIAL_RUN/task_4_accuracy_results.json
2023-01-12 09:11:57.836 | INFO     | algorithms.algorithm_base:run_base_task_metrics:203 - Correctly classified 1085 / 10000 samples (10.85% correct)
2023-01-12 09:11:58.208 | INFO     | algorithms.der_pp:train:179 - Training complete
2023-01-12 09:11:58.214 | INFO     | __main__:run_experiment:253 - Training and evaluation completed!
2023-01-12 09:11:58.216 | INFO     | __main__:run_experiment:267 - Wrote usage stats to file
2023-01-12 09:11:58.217 | INFO     | __main__:main:307 - Complete
2023-01-12 09:11:58.218 | INFO     | __main__:close_tensorboard_writer:215 - Shut down TensorBoard
