2023-01-10 17:24:27.547 | INFO     | __main__:setup_files:173 - Experiment Name: OFFICIAL_RUN
2023-01-10 17:24:27.549 | INFO     | __main__:main:278 - Command line arguments: Configuration(algorithm='finetuning', dataset='cifar100', classes_per_task=20, seed=2843)
2023-01-10 17:24:27.551 | INFO     | __main__:main:282 - Seeded random to 2843
2023-01-10 17:24:27.551 | INFO     | __main__:main:286 - Got CUDA device
2023-01-10 17:24:27.552 | INFO     | __main__:force_cuda_load:221 - Forcing CUDA initialisation...
2023-01-10 17:24:27.614 | INFO     | __main__:main:290 - CUDA initialised
2023-01-10 17:24:27.616 | INFO     | __main__:setup_shutdown_hook:217 - To access TensorBoard, run the command: tensorboard --logdir=./output/finetuning/1673371467.54433_CIFAR100_OFFICIAL_RUN
2023-01-10 17:24:27.618 | INFO     | __main__:main:294 - Setup shutdown hooks
2023-01-10 17:24:27.641 | INFO     | __main__:main:299 - Model is setup
2023-01-10 17:24:27.642 | INFO     | __main__:main:301 - Complete pre-setup, starting experiment
2023-01-10 17:24:28.843 | INFO     | datasets.dataset_base:__init__:80 - Using disjoint tasks with 20 (5 tasks) with a randomised split
2023-01-10 17:24:28.844 | DEBUG    | datasets.dataset_base:_setup_task_datasets:95 - Splitting dataset into 5 disjoint tasks
2023-01-10 17:24:28.864 | INFO     | datasets.dataset_base:__init__:85 - {
  "name": "datasets.cifar100.CIFAR100",
  "dataset_class": "torchvision.datasets.cifar.CIFAR100",
  "training_dataset_parameters": "{'train': True, 'download': True}",
  "testing_dataset_parameters": "{'train': False, 'download': True}",
  "training_transform": "Compose(\n    RandomCrop(size=(32, 32), padding=4)\n    RandomHorizontalFlip(p=0.5)\n    Resize(size=(32, 32), interpolation=bilinear, max_size=None, antialias=None)\n    ToTensor()\n    Normalize(mean=(0.5071, 0.4867, 0.4408), std=(0.2675, 0.2565, 0.2761))\n)",
  "testing_transform": "Compose(\n    Resize(size=(32, 32), interpolation=bilinear, max_size=None, antialias=None)\n    ToTensor()\n    Normalize(mean=(0.5071, 0.4867, 0.4408), std=(0.2675, 0.2565, 0.2761))\n)",
  "classes": "apple, aquarium_fish, baby, bear, beaver, bed, bee, beetle, bicycle, bottle, bowl, boy, bridge, bus, butterfly, camel, can, castle, caterpillar, cattle, chair, chimpanzee, clock, cloud, cockroach, couch, crab, crocodile, cup, dinosaur, dolphin, elephant, flatfish, forest, fox, girl, hamster, house, kangaroo, keyboard, lamp, lawn_mower, leopard, lion, lizard, lobster, man, maple_tree, motorcycle, mountain, mouse, mushroom, oak_tree, orange, orchid, otter, palm_tree, pear, pickup_truck, pine_tree, plain, plate, poppy, porcupine, possum, rabbit, raccoon, ray, road, rocket, rose, sea, seal, shark, shrew, skunk, skyscraper, snail, snake, spider, squirrel, streetcar, sunflower, sweet_pepper, table, tank, telephone, television, tiger, tractor, train, trout, tulip, turtle, wardrobe, whale, willow_tree, wolf, woman, worm",
  "disjoint": true,
  "task_count": 5,
  "classes_per_task": [
    20
  ],
  "task_split_indices": [
    [
      87,
      53,
      70,
      96,
      26,
      34,
      0,
      28,
      22,
      64,
      74,
      23,
      86,
      36,
      62,
      16,
      35,
      18,
      19,
      47
    ],
    [
      66,
      65,
      6,
      40,
      41,
      49,
      73,
      11,
      83,
      13,
      27,
      77,
      93,
      43,
      20,
      80,
      63,
      58,
      10,
      91
    ],
    [
      99,
      61,
      48,
      67,
      84,
      3,
      81,
      56,
      54,
      68,
      14,
      94,
      50,
      46,
      95,
      9,
      51,
      59,
      57,
      30
    ],
    [
      37,
      25,
      12,
      78,
      60,
      39,
      69,
      21,
      71,
      52,
      55,
      75,
      85,
      5,
      97,
      76,
      7,
      38,
      15,
      98
    ],
    [
      44,
      92,
      79,
      33,
      29,
      17,
      8,
      32,
      45,
      90,
      2,
      88,
      24,
      42,
      31,
      89,
      82,
      1,
      4,
      72
    ]
  ],
  "task_split_classes": [
    [
      "television",
      "orange",
      "rose",
      "willow_tree",
      "crab",
      "fox",
      "apple",
      "cup",
      "clock",
      "possum",
      "shrew",
      "cloud",
      "telephone",
      "hamster",
      "poppy",
      "can",
      "girl",
      "caterpillar",
      "cattle",
      "maple_tree"
    ],
    [
      "raccoon",
      "rabbit",
      "bee",
      "lamp",
      "lawn_mower",
      "mountain",
      "shark",
      "boy",
      "sweet_pepper",
      "bus",
      "crocodile",
      "snail",
      "turtle",
      "lion",
      "chair",
      "squirrel",
      "porcupine",
      "pickup_truck",
      "bowl",
      "trout"
    ],
    [
      "worm",
      "plate",
      "motorcycle",
      "ray",
      "table",
      "bear",
      "streetcar",
      "palm_tree",
      "orchid",
      "road",
      "butterfly",
      "wardrobe",
      "mouse",
      "man",
      "whale",
      "bottle",
      "mushroom",
      "pine_tree",
      "pear",
      "dolphin"
    ],
    [
      "house",
      "couch",
      "bridge",
      "snake",
      "plain",
      "keyboard",
      "rocket",
      "chimpanzee",
      "sea",
      "oak_tree",
      "otter",
      "skunk",
      "tank",
      "bed",
      "wolf",
      "skyscraper",
      "beetle",
      "kangaroo",
      "camel",
      "woman"
    ],
    [
      "lizard",
      "tulip",
      "spider",
      "forest",
      "dinosaur",
      "castle",
      "bicycle",
      "flatfish",
      "lobster",
      "train",
      "baby",
      "tiger",
      "cockroach",
      "leopard",
      "elephant",
      "tractor",
      "sunflower",
      "aquarium_fish",
      "beaver",
      "seal"
    ]
  ]
}
2023-01-10 17:24:28.868 | DEBUG    | __main__:run_experiment:245 - PID: 20796
2023-01-10 17:24:28.870 | INFO     | __main__:run_experiment:247 - Starting...
2023-01-10 17:24:28.871 | INFO     | algorithms.algorithm_base:train:116 - {
  "name": "algorithms.finetuning.Finetuning",
  "model_class": "models.cifar.resnet.ResNet",
  "device": "cuda:0",
  "dataset_class": "datasets.cifar100.CIFAR100",
  "optimiser_class": "torch.optim.sgd.SGD",
  "loss_criterion_class": "torch.nn.modules.loss.CrossEntropyLoss",
  "max_epochs_per_task": 1,
  "batch_size": 64
}
2023-01-10 17:24:28.874 | DEBUG    | algorithms.algorithm_base:_setup_training:109 - Model moved to cuda:0 and set to train mode
2023-01-10 17:24:28.874 | INFO     | algorithms.algorithm_base:train:118 - Starting training
2023-01-10 17:24:28.875 | INFO     | algorithms.finetuning:train:53 - Task 1 / 5
2023-01-10 17:24:28.876 | INFO     | algorithms.finetuning:train:54 - Classes in task: ['television', 'orange', 'rose', 'willow_tree', 'crab', 'fox', 'apple', 'cup', 'clock', 'possum', 'shrew', 'cloud', 'telephone', 'hamster', 'poppy', 'can', 'girl', 'caterpillar', 'cattle', 'maple_tree']
2023-01-10 17:24:28.877 | INFO     | algorithms.finetuning:train:58 - Starting epoch 1 / 1
2023-01-10 17:24:36.685 | INFO     | algorithms.finetuning:train:83 - 1, loss: 4.600
2023-01-10 17:24:36.687 | INFO     | algorithms.algorithm_base:run_base_task_metrics:146 - Running metrics: Task 0
2023-01-10 17:24:41.047 | DEBUG    | algorithms.algorithm_base:run_base_task_metrics:202 - Raw classification accuracy results saved to ./output/finetuning/1673371467.54433_CIFAR100_OFFICIAL_RUN/task_0_accuracy_results.json
2023-01-10 17:24:41.048 | INFO     | algorithms.algorithm_base:run_base_task_metrics:203 - Correctly classified 314 / 10000 samples (3.14% correct)
2023-01-10 17:24:41.540 | INFO     | algorithms.finetuning:train:53 - Task 2 / 5
2023-01-10 17:24:41.544 | INFO     | algorithms.finetuning:train:54 - Classes in task: ['raccoon', 'rabbit', 'bee', 'lamp', 'lawn_mower', 'mountain', 'shark', 'boy', 'sweet_pepper', 'bus', 'crocodile', 'snail', 'turtle', 'lion', 'chair', 'squirrel', 'porcupine', 'pickup_truck', 'bowl', 'trout']
2023-01-10 17:24:41.545 | INFO     | algorithms.finetuning:train:58 - Starting epoch 1 / 1
2023-01-10 17:24:47.102 | INFO     | algorithms.finetuning:train:83 - 1, loss: 2.901
2023-01-10 17:24:47.103 | INFO     | algorithms.algorithm_base:run_base_task_metrics:146 - Running metrics: Task 1
2023-01-10 17:24:51.098 | DEBUG    | algorithms.algorithm_base:run_base_task_metrics:202 - Raw classification accuracy results saved to ./output/finetuning/1673371467.54433_CIFAR100_OFFICIAL_RUN/task_1_accuracy_results.json
2023-01-10 17:24:51.100 | INFO     | algorithms.algorithm_base:run_base_task_metrics:203 - Correctly classified 379 / 10000 samples (3.79% correct)
2023-01-10 17:24:51.471 | INFO     | algorithms.finetuning:train:53 - Task 3 / 5
2023-01-10 17:24:51.475 | INFO     | algorithms.finetuning:train:54 - Classes in task: ['worm', 'plate', 'motorcycle', 'ray', 'table', 'bear', 'streetcar', 'palm_tree', 'orchid', 'road', 'butterfly', 'wardrobe', 'mouse', 'man', 'whale', 'bottle', 'mushroom', 'pine_tree', 'pear', 'dolphin']
2023-01-10 17:24:51.476 | INFO     | algorithms.finetuning:train:58 - Starting epoch 1 / 1
2023-01-10 17:24:56.940 | INFO     | algorithms.finetuning:train:83 - 1, loss: 3.184
2023-01-10 17:24:56.942 | INFO     | algorithms.algorithm_base:run_base_task_metrics:146 - Running metrics: Task 2
2023-01-10 17:25:00.927 | DEBUG    | algorithms.algorithm_base:run_base_task_metrics:202 - Raw classification accuracy results saved to ./output/finetuning/1673371467.54433_CIFAR100_OFFICIAL_RUN/task_2_accuracy_results.json
2023-01-10 17:25:00.928 | INFO     | algorithms.algorithm_base:run_base_task_metrics:203 - Correctly classified 279 / 10000 samples (2.79% correct)
2023-01-10 17:25:01.359 | INFO     | algorithms.finetuning:train:53 - Task 4 / 5
2023-01-10 17:25:01.363 | INFO     | algorithms.finetuning:train:54 - Classes in task: ['house', 'couch', 'bridge', 'snake', 'plain', 'keyboard', 'rocket', 'chimpanzee', 'sea', 'oak_tree', 'otter', 'skunk', 'tank', 'bed', 'wolf', 'skyscraper', 'beetle', 'kangaroo', 'camel', 'woman']
2023-01-10 17:25:01.363 | INFO     | algorithms.finetuning:train:58 - Starting epoch 1 / 1
2023-01-10 17:25:06.837 | INFO     | algorithms.finetuning:train:83 - 1, loss: 3.432
2023-01-10 17:25:06.839 | INFO     | algorithms.algorithm_base:run_base_task_metrics:146 - Running metrics: Task 3
2023-01-10 17:25:10.877 | DEBUG    | algorithms.algorithm_base:run_base_task_metrics:202 - Raw classification accuracy results saved to ./output/finetuning/1673371467.54433_CIFAR100_OFFICIAL_RUN/task_3_accuracy_results.json
2023-01-10 17:25:10.879 | INFO     | algorithms.algorithm_base:run_base_task_metrics:203 - Correctly classified 292 / 10000 samples (2.92% correct)
2023-01-10 17:25:11.249 | INFO     | algorithms.finetuning:train:53 - Task 5 / 5
2023-01-10 17:25:11.254 | INFO     | algorithms.finetuning:train:54 - Classes in task: ['lizard', 'tulip', 'spider', 'forest', 'dinosaur', 'castle', 'bicycle', 'flatfish', 'lobster', 'train', 'baby', 'tiger', 'cockroach', 'leopard', 'elephant', 'tractor', 'sunflower', 'aquarium_fish', 'beaver', 'seal']
2023-01-10 17:25:11.255 | INFO     | algorithms.finetuning:train:58 - Starting epoch 1 / 1
2023-01-10 17:25:16.792 | INFO     | algorithms.finetuning:train:83 - 1, loss: 3.498
2023-01-10 17:25:16.794 | INFO     | algorithms.algorithm_base:run_base_task_metrics:146 - Running metrics: Task 4
2023-01-10 17:25:20.795 | DEBUG    | algorithms.algorithm_base:run_base_task_metrics:202 - Raw classification accuracy results saved to ./output/finetuning/1673371467.54433_CIFAR100_OFFICIAL_RUN/task_4_accuracy_results.json
2023-01-10 17:25:20.796 | INFO     | algorithms.algorithm_base:run_base_task_metrics:203 - Correctly classified 198 / 10000 samples (1.98% correct)
2023-01-10 17:25:21.166 | INFO     | algorithms.finetuning:train:92 - Training complete
2023-01-10 17:25:21.171 | INFO     | __main__:run_experiment:253 - Training and evaluation completed!
2023-01-10 17:25:21.172 | INFO     | __main__:run_experiment:267 - Wrote usage stats to file
2023-01-10 17:25:21.173 | INFO     | __main__:main:307 - Complete
2023-01-10 17:25:21.174 | INFO     | __main__:close_tensorboard_writer:215 - Shut down TensorBoard
