2023-02-24 09:02:32.201 | INFO     | __main__:setup_files:218 - Experiment Name: OFFICIAL_RUN
2023-02-24 09:02:32.203 | INFO     | __main__:main:334 - Command line arguments: Configuration(algorithm='offline', dataset='cifar10', classes_per_task=0, seed=2843, samples=500)
2023-02-24 09:02:32.333 | INFO     | __main__:main:338 - Seeded random to 2843
2023-02-24 09:02:32.335 | INFO     | __main__:main:342 - Got CUDA device
2023-02-24 09:02:32.335 | INFO     | __main__:force_cuda_load:268 - Forcing CUDA initialisation...
2023-02-24 09:02:32.973 | INFO     | __main__:main:346 - CUDA initialised
2023-02-24 09:02:32.974 | INFO     | __main__:setup_shutdown_hook:264 - To access TensorBoard, run the command: tensorboard --logdir=./output_cifar10_0.5k/offline/1677229352.1624982_CIFAR10_OFFICIAL_RUN
2023-02-24 09:02:32.975 | INFO     | __main__:main:350 - Setup shutdown hooks
2023-02-24 09:02:33.346 | INFO     | __main__:main:355 - Model is setup
2023-02-24 09:02:33.348 | INFO     | __main__:main:357 - Complete pre-setup, starting experiment
2023-02-24 09:02:35.708 | INFO     | datasets.dataset_base:__init__:85 - {
  "name": "datasets.cifar10.CIFAR10",
  "dataset_class": "torchvision.datasets.cifar.CIFAR10",
  "training_dataset_parameters": "{'train': True, 'download': True}",
  "testing_dataset_parameters": "{'train': False, 'download': True}",
  "training_transform": "Compose(\n    Resize(size=(32, 32), interpolation=bilinear, max_size=None, antialias=None)\n    ToTensor()\n    Normalize(mean=(0.4914, 0.4822, 0.4465), std=(0.247, 0.2435, 0.2616))\n    RandomCrop(size=(32, 32), padding=4)\n    RandomHorizontalFlip(p=0.5)\n)",
  "testing_transform": "Compose(\n    Resize(size=(32, 32), interpolation=bilinear, max_size=None, antialias=None)\n    ToTensor()\n    Normalize(mean=(0.4914, 0.4822, 0.4465), std=(0.247, 0.2435, 0.2616))\n)",
  "classes": "plane, car, bird, cat, deer, dog, frog, horse, ship, truck",
  "disjoint": false
}
2023-02-24 09:02:35.736 | DEBUG    | __main__:run_experiment:292 - PID: 12368
2023-02-24 09:02:35.737 | INFO     | __main__:run_experiment:294 - Starting...
2023-02-24 09:02:35.738 | INFO     | algorithms.algorithm_base:train:116 - {
  "name": "algorithms.offline.OfflineTraining",
  "model_class": "models.cifar.resnet.ResNet",
  "device": "cuda:0",
  "dataset_class": "datasets.cifar10.CIFAR10",
  "optimiser_class": "torch.optim.sgd.SGD",
  "loss_criterion_class": "torch.nn.modules.loss.CrossEntropyLoss",
  "epochs_per_task": 250,
  "batch_size": 64,
  "apply_learning_rate_annealing": true,
  "gradient_clip": 10,
  "max_lr": "0.05",
  "min_lr": "0.0005"
}
2023-02-24 09:02:35.739 | DEBUG    | algorithms.algorithm_base:_setup_training:109 - Model moved to cuda:0 and set to train mode
2023-02-24 09:02:35.740 | INFO     | algorithms.algorithm_base:train:118 - Starting training
2023-02-24 09:02:35.741 | INFO     | algorithms.offline:train:68 - Task 1 / 1
2023-02-24 09:02:35.742 | INFO     | algorithms.offline:train:69 - Classes in task: ['plane', 'car', 'bird', 'cat', 'deer', 'dog', 'frog', 'horse', 'ship', 'truck']
2023-02-24 09:02:35.743 | INFO     | algorithms.offline:train:78 - Annealing Scheduler setup
2023-02-24 09:02:35.743 | INFO     | algorithms.offline:train:97 - Starting epoch 1 / 250
2023-02-24 09:04:04.437 | INFO     | algorithms.offline:train:123 - 1, loss: 1.391
2023-02-24 09:04:04.439 | INFO     | algorithms.offline:train:97 - Starting epoch 2 / 250
2023-02-24 09:04:49.691 | INFO     | algorithms.offline:train:123 - 2, loss: 0.917
2023-02-24 09:04:49.692 | INFO     | algorithms.offline:train:97 - Starting epoch 3 / 250
2023-02-24 09:05:37.126 | INFO     | algorithms.offline:train:123 - 3, loss: 0.862
2023-02-24 09:05:37.127 | INFO     | algorithms.offline:train:97 - Starting epoch 4 / 250
2023-02-24 09:06:22.223 | INFO     | algorithms.offline:train:123 - 4, loss: 0.832
2023-02-24 09:06:22.224 | INFO     | algorithms.offline:train:97 - Starting epoch 5 / 250
2023-02-24 09:07:07.121 | INFO     | algorithms.offline:train:123 - 5, loss: 0.803
2023-02-24 09:07:07.122 | INFO     | algorithms.offline:train:97 - Starting epoch 6 / 250
2023-02-24 09:07:51.974 | INFO     | algorithms.offline:train:123 - 6, loss: 0.779
2023-02-24 09:07:51.975 | INFO     | algorithms.offline:train:97 - Starting epoch 7 / 250
2023-02-24 09:08:36.885 | INFO     | algorithms.offline:train:123 - 7, loss: 0.765
2023-02-24 09:08:36.886 | INFO     | algorithms.offline:train:97 - Starting epoch 8 / 250
2023-02-24 09:09:21.894 | INFO     | algorithms.offline:train:123 - 8, loss: 0.754
2023-02-24 09:09:21.895 | INFO     | algorithms.offline:train:97 - Starting epoch 9 / 250
2023-02-24 09:10:06.941 | INFO     | algorithms.offline:train:123 - 9, loss: 0.729
2023-02-24 09:10:06.942 | INFO     | algorithms.offline:train:97 - Starting epoch 10 / 250
2023-02-24 09:10:52.046 | INFO     | algorithms.offline:train:123 - 10, loss: 0.711
2023-02-24 09:10:52.048 | INFO     | algorithms.algorithm_base:run_base_task_metrics:144 - Running metrics: Task 10
2023-02-24 09:10:56.975 | DEBUG    | algorithms.algorithm_base:run_base_task_metrics:200 - Raw classification accuracy results saved to ./output_cifar10_0.5k/offline/1677229352.1624982_CIFAR10_OFFICIAL_RUN/task_10_accuracy_results.json
2023-02-24 09:10:56.977 | INFO     | algorithms.algorithm_base:run_base_task_metrics:201 - Correctly classified 7724 / 10000 samples (77.24% correct)
2023-02-24 09:10:57.764 | INFO     | algorithms.offline:train:97 - Starting epoch 11 / 250
2023-02-24 09:11:42.974 | INFO     | algorithms.offline:train:123 - 11, loss: 0.693
2023-02-24 09:11:42.974 | INFO     | algorithms.offline:train:97 - Starting epoch 12 / 250
2023-02-24 09:12:27.911 | INFO     | algorithms.offline:train:123 - 12, loss: 0.676
2023-02-24 09:12:27.912 | INFO     | algorithms.offline:train:97 - Starting epoch 13 / 250
2023-02-24 09:13:12.830 | INFO     | algorithms.offline:train:123 - 13, loss: 0.666
2023-02-24 09:13:12.831 | INFO     | algorithms.offline:train:97 - Starting epoch 14 / 250
2023-02-24 09:13:57.747 | INFO     | algorithms.offline:train:123 - 14, loss: 0.651
2023-02-24 09:13:57.748 | INFO     | algorithms.offline:train:97 - Starting epoch 15 / 250
2023-02-24 09:14:42.688 | INFO     | algorithms.offline:train:123 - 15, loss: 0.642
2023-02-24 09:14:42.689 | INFO     | algorithms.offline:train:97 - Starting epoch 16 / 250
2023-02-24 09:15:28.049 | INFO     | algorithms.offline:train:123 - 16, loss: 0.633
2023-02-24 09:15:28.050 | INFO     | algorithms.offline:train:97 - Starting epoch 17 / 250
2023-02-24 09:16:12.974 | INFO     | algorithms.offline:train:123 - 17, loss: 0.623
2023-02-24 09:16:12.975 | INFO     | algorithms.offline:train:97 - Starting epoch 18 / 250
2023-02-24 09:16:57.879 | INFO     | algorithms.offline:train:123 - 18, loss: 0.605
2023-02-24 09:16:57.880 | INFO     | algorithms.offline:train:97 - Starting epoch 19 / 250
2023-02-24 09:17:42.840 | INFO     | algorithms.offline:train:123 - 19, loss: 0.593
2023-02-24 09:17:42.841 | INFO     | algorithms.offline:train:97 - Starting epoch 20 / 250
2023-02-24 09:18:27.815 | INFO     | algorithms.offline:train:123 - 20, loss: 0.581
2023-02-24 09:18:27.816 | INFO     | algorithms.algorithm_base:run_base_task_metrics:144 - Running metrics: Task 20
2023-02-24 09:18:32.352 | DEBUG    | algorithms.algorithm_base:run_base_task_metrics:200 - Raw classification accuracy results saved to ./output_cifar10_0.5k/offline/1677229352.1624982_CIFAR10_OFFICIAL_RUN/task_20_accuracy_results.json
2023-02-24 09:18:32.354 | INFO     | algorithms.algorithm_base:run_base_task_metrics:201 - Correctly classified 8086 / 10000 samples (80.86% correct)
2023-02-24 09:18:32.483 | INFO     | algorithms.offline:train:97 - Starting epoch 21 / 250
2023-02-24 09:19:17.479 | INFO     | algorithms.offline:train:123 - 21, loss: 0.564
2023-02-24 09:19:17.480 | INFO     | algorithms.offline:train:97 - Starting epoch 22 / 250
2023-02-24 09:20:02.461 | INFO     | algorithms.offline:train:123 - 22, loss: 0.551
2023-02-24 09:20:02.462 | INFO     | algorithms.offline:train:97 - Starting epoch 23 / 250
2023-02-24 09:20:47.427 | INFO     | algorithms.offline:train:123 - 23, loss: 0.541
2023-02-24 09:20:47.428 | INFO     | algorithms.offline:train:97 - Starting epoch 24 / 250
2023-02-24 09:21:32.505 | INFO     | algorithms.offline:train:123 - 24, loss: 0.534
2023-02-24 09:21:32.506 | INFO     | algorithms.offline:train:97 - Starting epoch 25 / 250
2023-02-24 09:22:17.485 | INFO     | algorithms.offline:train:123 - 25, loss: 0.522
2023-02-24 09:22:17.486 | INFO     | algorithms.offline:train:97 - Starting epoch 26 / 250
2023-02-24 09:23:02.398 | INFO     | algorithms.offline:train:123 - 26, loss: 0.512
2023-02-24 09:23:02.399 | INFO     | algorithms.offline:train:97 - Starting epoch 27 / 250
2023-02-24 09:23:47.309 | INFO     | algorithms.offline:train:123 - 27, loss: 0.501
2023-02-24 09:23:47.310 | INFO     | algorithms.offline:train:97 - Starting epoch 28 / 250
2023-02-24 09:24:32.319 | INFO     | algorithms.offline:train:123 - 28, loss: 0.496
2023-02-24 09:24:32.320 | INFO     | algorithms.offline:train:97 - Starting epoch 29 / 250
2023-02-24 09:25:17.275 | INFO     | algorithms.offline:train:123 - 29, loss: 0.485
2023-02-24 09:25:17.276 | INFO     | algorithms.offline:train:97 - Starting epoch 30 / 250
2023-02-24 09:26:02.178 | INFO     | algorithms.offline:train:123 - 30, loss: 0.479
2023-02-24 09:26:02.179 | INFO     | algorithms.algorithm_base:run_base_task_metrics:144 - Running metrics: Task 30
2023-02-24 09:26:06.753 | DEBUG    | algorithms.algorithm_base:run_base_task_metrics:200 - Raw classification accuracy results saved to ./output_cifar10_0.5k/offline/1677229352.1624982_CIFAR10_OFFICIAL_RUN/task_30_accuracy_results.json
2023-02-24 09:26:06.756 | INFO     | algorithms.algorithm_base:run_base_task_metrics:201 - Correctly classified 8311 / 10000 samples (83.11% correct)
2023-02-24 09:26:06.888 | INFO     | algorithms.offline:train:97 - Starting epoch 31 / 250
2023-02-24 09:26:51.814 | INFO     | algorithms.offline:train:123 - 31, loss: 0.475
2023-02-24 09:26:51.815 | INFO     | algorithms.offline:train:97 - Starting epoch 32 / 250
2023-02-24 09:27:36.845 | INFO     | algorithms.offline:train:123 - 32, loss: 0.473
2023-02-24 09:27:36.846 | INFO     | algorithms.offline:train:97 - Starting epoch 33 / 250
2023-02-24 09:28:21.796 | INFO     | algorithms.offline:train:123 - 33, loss: 0.466
2023-02-24 09:28:21.797 | INFO     | algorithms.offline:train:97 - Starting epoch 34 / 250
2023-02-24 09:29:06.715 | INFO     | algorithms.offline:train:123 - 34, loss: 0.459
2023-02-24 09:29:06.716 | INFO     | algorithms.offline:train:97 - Starting epoch 35 / 250
2023-02-24 09:29:51.626 | INFO     | algorithms.offline:train:123 - 35, loss: 0.449
2023-02-24 09:29:51.627 | INFO     | algorithms.offline:train:97 - Starting epoch 36 / 250
2023-02-24 09:30:36.675 | INFO     | algorithms.offline:train:123 - 36, loss: 0.440
2023-02-24 09:30:36.676 | INFO     | algorithms.offline:train:97 - Starting epoch 37 / 250
2023-02-24 09:31:21.607 | INFO     | algorithms.offline:train:123 - 37, loss: 0.429
2023-02-24 09:31:21.608 | INFO     | algorithms.offline:train:97 - Starting epoch 38 / 250
2023-02-24 09:32:06.509 | INFO     | algorithms.offline:train:123 - 38, loss: 0.426
2023-02-24 09:32:06.510 | INFO     | algorithms.offline:train:97 - Starting epoch 39 / 250
2023-02-24 09:32:51.375 | INFO     | algorithms.offline:train:123 - 39, loss: 0.416
2023-02-24 09:32:51.376 | INFO     | algorithms.offline:train:97 - Starting epoch 40 / 250
2023-02-24 09:33:36.375 | INFO     | algorithms.offline:train:123 - 40, loss: 0.405
2023-02-24 09:33:36.376 | INFO     | algorithms.algorithm_base:run_base_task_metrics:144 - Running metrics: Task 40
2023-02-24 09:33:40.912 | DEBUG    | algorithms.algorithm_base:run_base_task_metrics:200 - Raw classification accuracy results saved to ./output_cifar10_0.5k/offline/1677229352.1624982_CIFAR10_OFFICIAL_RUN/task_40_accuracy_results.json
2023-02-24 09:33:40.914 | INFO     | algorithms.algorithm_base:run_base_task_metrics:201 - Correctly classified 8427 / 10000 samples (84.27% correct)
2023-02-24 09:33:41.045 | INFO     | algorithms.offline:train:97 - Starting epoch 41 / 250
2023-02-24 09:34:25.996 | INFO     | algorithms.offline:train:123 - 41, loss: 0.396
2023-02-24 09:34:25.997 | INFO     | algorithms.offline:train:97 - Starting epoch 42 / 250
2023-02-24 09:35:10.957 | INFO     | algorithms.offline:train:123 - 42, loss: 0.390
2023-02-24 09:35:10.958 | INFO     | algorithms.offline:train:97 - Starting epoch 43 / 250
2023-02-24 09:35:55.900 | INFO     | algorithms.offline:train:123 - 43, loss: 0.378
2023-02-24 09:35:55.901 | INFO     | algorithms.offline:train:97 - Starting epoch 44 / 250
2023-02-24 09:36:40.926 | INFO     | algorithms.offline:train:123 - 44, loss: 0.368
2023-02-24 09:36:40.927 | INFO     | algorithms.offline:train:97 - Starting epoch 45 / 250
2023-02-24 09:37:25.877 | INFO     | algorithms.offline:train:123 - 45, loss: 0.363
2023-02-24 09:37:25.878 | INFO     | algorithms.offline:train:97 - Starting epoch 46 / 250
2023-02-24 09:38:10.822 | INFO     | algorithms.offline:train:123 - 46, loss: 0.354
2023-02-24 09:38:10.823 | INFO     | algorithms.offline:train:97 - Starting epoch 47 / 250
2023-02-24 09:38:55.749 | INFO     | algorithms.offline:train:123 - 47, loss: 0.350
2023-02-24 09:38:55.750 | INFO     | algorithms.offline:train:97 - Starting epoch 48 / 250
2023-02-24 09:39:40.845 | INFO     | algorithms.offline:train:123 - 48, loss: 0.341
2023-02-24 09:39:40.846 | INFO     | algorithms.offline:train:97 - Starting epoch 49 / 250
2023-02-24 09:40:25.787 | INFO     | algorithms.offline:train:123 - 49, loss: 0.333
2023-02-24 09:40:25.788 | INFO     | algorithms.offline:train:97 - Starting epoch 50 / 250
2023-02-24 09:41:10.730 | INFO     | algorithms.offline:train:123 - 50, loss: 0.331
2023-02-24 09:41:10.732 | INFO     | algorithms.algorithm_base:run_base_task_metrics:144 - Running metrics: Task 50
2023-02-24 09:41:15.271 | DEBUG    | algorithms.algorithm_base:run_base_task_metrics:200 - Raw classification accuracy results saved to ./output_cifar10_0.5k/offline/1677229352.1624982_CIFAR10_OFFICIAL_RUN/task_50_accuracy_results.json
2023-02-24 09:41:15.273 | INFO     | algorithms.algorithm_base:run_base_task_metrics:201 - Correctly classified 8534 / 10000 samples (85.34% correct)
2023-02-24 09:41:15.404 | INFO     | algorithms.offline:train:97 - Starting epoch 51 / 250
2023-02-24 09:42:00.356 | INFO     | algorithms.offline:train:123 - 51, loss: 0.324
2023-02-24 09:42:00.357 | INFO     | algorithms.offline:train:97 - Starting epoch 52 / 250
2023-02-24 09:42:45.415 | INFO     | algorithms.offline:train:123 - 52, loss: 0.314
2023-02-24 09:42:45.416 | INFO     | algorithms.offline:train:97 - Starting epoch 53 / 250
2023-02-24 09:43:30.441 | INFO     | algorithms.offline:train:123 - 53, loss: 0.309
2023-02-24 09:43:30.442 | INFO     | algorithms.offline:train:97 - Starting epoch 54 / 250
2023-02-24 09:44:15.364 | INFO     | algorithms.offline:train:123 - 54, loss: 0.303
2023-02-24 09:44:15.365 | INFO     | algorithms.offline:train:97 - Starting epoch 55 / 250
2023-02-24 09:45:00.278 | INFO     | algorithms.offline:train:123 - 55, loss: 0.297
2023-02-24 09:45:00.279 | INFO     | algorithms.offline:train:97 - Starting epoch 56 / 250
2023-02-24 09:45:45.263 | INFO     | algorithms.offline:train:123 - 56, loss: 0.291
2023-02-24 09:45:45.264 | INFO     | algorithms.offline:train:97 - Starting epoch 57 / 250
2023-02-24 09:46:30.190 | INFO     | algorithms.offline:train:123 - 57, loss: 0.287
2023-02-24 09:46:30.191 | INFO     | algorithms.offline:train:97 - Starting epoch 58 / 250
2023-02-24 09:47:15.084 | INFO     | algorithms.offline:train:123 - 58, loss: 0.285
2023-02-24 09:47:15.085 | INFO     | algorithms.offline:train:97 - Starting epoch 59 / 250
2023-02-24 09:47:59.992 | INFO     | algorithms.offline:train:123 - 59, loss: 0.275
2023-02-24 09:47:59.993 | INFO     | algorithms.offline:train:97 - Starting epoch 60 / 250
2023-02-24 09:48:44.960 | INFO     | algorithms.offline:train:123 - 60, loss: 0.271
2023-02-24 09:48:44.961 | INFO     | algorithms.algorithm_base:run_base_task_metrics:144 - Running metrics: Task 60
2023-02-24 09:48:49.505 | DEBUG    | algorithms.algorithm_base:run_base_task_metrics:200 - Raw classification accuracy results saved to ./output_cifar10_0.5k/offline/1677229352.1624982_CIFAR10_OFFICIAL_RUN/task_60_accuracy_results.json
2023-02-24 09:48:49.508 | INFO     | algorithms.algorithm_base:run_base_task_metrics:201 - Correctly classified 8623 / 10000 samples (86.23% correct)
2023-02-24 09:48:49.638 | INFO     | algorithms.offline:train:97 - Starting epoch 61 / 250
2023-02-24 09:49:34.554 | INFO     | algorithms.offline:train:123 - 61, loss: 0.264
2023-02-24 09:49:34.555 | INFO     | algorithms.offline:train:97 - Starting epoch 62 / 250
2023-02-24 09:50:19.457 | INFO     | algorithms.offline:train:123 - 62, loss: 0.264
2023-02-24 09:50:19.458 | INFO     | algorithms.offline:train:97 - Starting epoch 63 / 250
2023-02-24 09:51:04.354 | INFO     | algorithms.offline:train:123 - 63, loss: 0.259
2023-02-24 09:51:04.355 | INFO     | algorithms.offline:train:97 - Starting epoch 64 / 250
2023-02-24 09:51:49.380 | INFO     | algorithms.offline:train:123 - 64, loss: 0.277
2023-02-24 09:51:49.381 | INFO     | algorithms.offline:train:97 - Starting epoch 65 / 250
2023-02-24 09:52:34.277 | INFO     | algorithms.offline:train:123 - 65, loss: 0.274
2023-02-24 09:52:34.278 | INFO     | algorithms.offline:train:97 - Starting epoch 66 / 250
2023-02-24 09:53:19.242 | INFO     | algorithms.offline:train:123 - 66, loss: 0.268
2023-02-24 09:53:19.243 | INFO     | algorithms.offline:train:97 - Starting epoch 67 / 250
2023-02-24 09:54:04.182 | INFO     | algorithms.offline:train:123 - 67, loss: 0.265
2023-02-24 09:54:04.183 | INFO     | algorithms.offline:train:97 - Starting epoch 68 / 250
2023-02-24 09:54:49.194 | INFO     | algorithms.offline:train:123 - 68, loss: 0.258
2023-02-24 09:54:49.194 | INFO     | algorithms.offline:train:97 - Starting epoch 69 / 250
2023-02-24 09:55:34.103 | INFO     | algorithms.offline:train:123 - 69, loss: 0.253
2023-02-24 09:55:34.104 | INFO     | algorithms.offline:train:97 - Starting epoch 70 / 250
2023-02-24 09:56:19.052 | INFO     | algorithms.offline:train:123 - 70, loss: 0.247
2023-02-24 09:56:19.053 | INFO     | algorithms.algorithm_base:run_base_task_metrics:144 - Running metrics: Task 70
2023-02-24 09:56:23.609 | DEBUG    | algorithms.algorithm_base:run_base_task_metrics:200 - Raw classification accuracy results saved to ./output_cifar10_0.5k/offline/1677229352.1624982_CIFAR10_OFFICIAL_RUN/task_70_accuracy_results.json
2023-02-24 09:56:23.611 | INFO     | algorithms.algorithm_base:run_base_task_metrics:201 - Correctly classified 8621 / 10000 samples (86.21% correct)
2023-02-24 09:56:23.741 | INFO     | algorithms.offline:train:97 - Starting epoch 71 / 250
2023-02-24 09:57:08.717 | INFO     | algorithms.offline:train:123 - 71, loss: 0.244
2023-02-24 09:57:08.717 | INFO     | algorithms.offline:train:97 - Starting epoch 72 / 250
2023-02-24 09:57:53.751 | INFO     | algorithms.offline:train:123 - 72, loss: 0.237
2023-02-24 09:57:53.752 | INFO     | algorithms.offline:train:97 - Starting epoch 73 / 250
2023-02-24 09:58:38.722 | INFO     | algorithms.offline:train:123 - 73, loss: 0.229
2023-02-24 09:58:38.723 | INFO     | algorithms.offline:train:97 - Starting epoch 74 / 250
2023-02-24 09:59:23.670 | INFO     | algorithms.offline:train:123 - 74, loss: 0.225
2023-02-24 09:59:23.671 | INFO     | algorithms.offline:train:97 - Starting epoch 75 / 250
2023-02-24 10:00:08.602 | INFO     | algorithms.offline:train:123 - 75, loss: 0.217
2023-02-24 10:00:08.603 | INFO     | algorithms.offline:train:97 - Starting epoch 76 / 250
2023-02-24 10:00:53.690 | INFO     | algorithms.offline:train:123 - 76, loss: 0.214
2023-02-24 10:00:53.691 | INFO     | algorithms.offline:train:97 - Starting epoch 77 / 250
2023-02-24 10:01:38.678 | INFO     | algorithms.offline:train:123 - 77, loss: 0.208
2023-02-24 10:01:38.679 | INFO     | algorithms.offline:train:97 - Starting epoch 78 / 250
2023-02-24 10:02:23.605 | INFO     | algorithms.offline:train:123 - 78, loss: 0.203
2023-02-24 10:02:23.606 | INFO     | algorithms.offline:train:97 - Starting epoch 79 / 250
2023-02-24 10:03:08.545 | INFO     | algorithms.offline:train:123 - 79, loss: 0.197
2023-02-24 10:03:08.546 | INFO     | algorithms.offline:train:97 - Starting epoch 80 / 250
2023-02-24 10:03:53.603 | INFO     | algorithms.offline:train:123 - 80, loss: 0.190
2023-02-24 10:03:53.604 | INFO     | algorithms.algorithm_base:run_base_task_metrics:144 - Running metrics: Task 80
2023-02-24 10:03:58.126 | DEBUG    | algorithms.algorithm_base:run_base_task_metrics:200 - Raw classification accuracy results saved to ./output_cifar10_0.5k/offline/1677229352.1624982_CIFAR10_OFFICIAL_RUN/task_80_accuracy_results.json
2023-02-24 10:03:58.128 | INFO     | algorithms.algorithm_base:run_base_task_metrics:201 - Correctly classified 8659 / 10000 samples (86.59% correct)
2023-02-24 10:03:58.260 | INFO     | algorithms.offline:train:97 - Starting epoch 81 / 250
2023-02-24 10:04:43.232 | INFO     | algorithms.offline:train:123 - 81, loss: 0.187
2023-02-24 10:04:43.233 | INFO     | algorithms.offline:train:97 - Starting epoch 82 / 250
2023-02-24 10:05:28.224 | INFO     | algorithms.offline:train:123 - 82, loss: 0.185
2023-02-24 10:05:28.225 | INFO     | algorithms.offline:train:97 - Starting epoch 83 / 250
2023-02-24 10:06:13.234 | INFO     | algorithms.offline:train:123 - 83, loss: 0.175
2023-02-24 10:06:13.235 | INFO     | algorithms.offline:train:97 - Starting epoch 84 / 250
2023-02-24 10:06:58.344 | INFO     | algorithms.offline:train:123 - 84, loss: 0.172
2023-02-24 10:06:58.345 | INFO     | algorithms.offline:train:97 - Starting epoch 85 / 250
2023-02-24 10:07:43.378 | INFO     | algorithms.offline:train:123 - 85, loss: 0.171
2023-02-24 10:07:43.379 | INFO     | algorithms.offline:train:97 - Starting epoch 86 / 250
2023-02-24 10:08:28.369 | INFO     | algorithms.offline:train:123 - 86, loss: 0.169
2023-02-24 10:08:28.370 | INFO     | algorithms.offline:train:97 - Starting epoch 87 / 250
2023-02-24 10:09:13.364 | INFO     | algorithms.offline:train:123 - 87, loss: 0.160
2023-02-24 10:09:13.365 | INFO     | algorithms.offline:train:97 - Starting epoch 88 / 250
2023-02-24 10:09:58.446 | INFO     | algorithms.offline:train:123 - 88, loss: 0.155
2023-02-24 10:09:58.447 | INFO     | algorithms.offline:train:97 - Starting epoch 89 / 250
2023-02-24 10:10:43.465 | INFO     | algorithms.offline:train:123 - 89, loss: 0.153
2023-02-24 10:10:43.466 | INFO     | algorithms.offline:train:97 - Starting epoch 90 / 250
2023-02-24 10:11:28.697 | INFO     | algorithms.offline:train:123 - 90, loss: 0.153
2023-02-24 10:11:28.698 | INFO     | algorithms.algorithm_base:run_base_task_metrics:144 - Running metrics: Task 90
2023-02-24 10:11:33.360 | DEBUG    | algorithms.algorithm_base:run_base_task_metrics:200 - Raw classification accuracy results saved to ./output_cifar10_0.5k/offline/1677229352.1624982_CIFAR10_OFFICIAL_RUN/task_90_accuracy_results.json
2023-02-24 10:11:33.361 | INFO     | algorithms.algorithm_base:run_base_task_metrics:201 - Correctly classified 8739 / 10000 samples (87.39% correct)
2023-02-24 10:11:33.499 | INFO     | algorithms.offline:train:97 - Starting epoch 91 / 250
2023-02-24 10:12:18.654 | INFO     | algorithms.offline:train:123 - 91, loss: 0.146
2023-02-24 10:12:18.655 | INFO     | algorithms.offline:train:97 - Starting epoch 92 / 250
2023-02-24 10:13:03.714 | INFO     | algorithms.offline:train:123 - 92, loss: 0.139
2023-02-24 10:13:03.715 | INFO     | algorithms.offline:train:97 - Starting epoch 93 / 250
2023-02-24 10:13:48.678 | INFO     | algorithms.offline:train:123 - 93, loss: 0.139
2023-02-24 10:13:48.679 | INFO     | algorithms.offline:train:97 - Starting epoch 94 / 250
2023-02-24 10:14:33.614 | INFO     | algorithms.offline:train:123 - 94, loss: 0.136
2023-02-24 10:14:33.615 | INFO     | algorithms.offline:train:97 - Starting epoch 95 / 250
2023-02-24 10:15:18.536 | INFO     | algorithms.offline:train:123 - 95, loss: 0.131
2023-02-24 10:15:18.537 | INFO     | algorithms.offline:train:97 - Starting epoch 96 / 250
2023-02-24 10:16:03.597 | INFO     | algorithms.offline:train:123 - 96, loss: 0.127
2023-02-24 10:16:03.598 | INFO     | algorithms.offline:train:97 - Starting epoch 97 / 250
2023-02-24 10:16:48.564 | INFO     | algorithms.offline:train:123 - 97, loss: 0.123
2023-02-24 10:16:48.565 | INFO     | algorithms.offline:train:97 - Starting epoch 98 / 250
2023-02-24 10:17:33.522 | INFO     | algorithms.offline:train:123 - 98, loss: 0.121
2023-02-24 10:17:33.523 | INFO     | algorithms.offline:train:97 - Starting epoch 99 / 250
2023-02-24 10:18:18.488 | INFO     | algorithms.offline:train:123 - 99, loss: 0.119
2023-02-24 10:18:18.489 | INFO     | algorithms.offline:train:97 - Starting epoch 100 / 250
2023-02-24 10:19:03.526 | INFO     | algorithms.offline:train:123 - 100, loss: 0.117
2023-02-24 10:19:03.527 | INFO     | algorithms.algorithm_base:run_base_task_metrics:144 - Running metrics: Task 100
2023-02-24 10:19:08.108 | DEBUG    | algorithms.algorithm_base:run_base_task_metrics:200 - Raw classification accuracy results saved to ./output_cifar10_0.5k/offline/1677229352.1624982_CIFAR10_OFFICIAL_RUN/task_100_accuracy_results.json
2023-02-24 10:19:08.110 | INFO     | algorithms.algorithm_base:run_base_task_metrics:201 - Correctly classified 8761 / 10000 samples (87.61% correct)
2023-02-24 10:19:08.241 | INFO     | algorithms.offline:train:97 - Starting epoch 101 / 250
2023-02-24 10:19:53.242 | INFO     | algorithms.offline:train:123 - 101, loss: 0.113
2023-02-24 10:19:53.243 | INFO     | algorithms.offline:train:97 - Starting epoch 102 / 250
2023-02-24 10:20:38.229 | INFO     | algorithms.offline:train:123 - 102, loss: 0.111
2023-02-24 10:20:38.230 | INFO     | algorithms.offline:train:97 - Starting epoch 103 / 250
2023-02-24 10:21:23.217 | INFO     | algorithms.offline:train:123 - 103, loss: 0.104
2023-02-24 10:21:23.218 | INFO     | algorithms.offline:train:97 - Starting epoch 104 / 250
2023-02-24 10:22:08.306 | INFO     | algorithms.offline:train:123 - 104, loss: 0.105
2023-02-24 10:22:08.307 | INFO     | algorithms.offline:train:97 - Starting epoch 105 / 250
2023-02-24 10:22:53.331 | INFO     | algorithms.offline:train:123 - 105, loss: 0.102
2023-02-24 10:22:53.332 | INFO     | algorithms.offline:train:97 - Starting epoch 106 / 250
2023-02-24 10:23:38.381 | INFO     | algorithms.offline:train:123 - 106, loss: 0.102
2023-02-24 10:23:38.381 | INFO     | algorithms.offline:train:97 - Starting epoch 107 / 250
2023-02-24 10:24:23.401 | INFO     | algorithms.offline:train:123 - 107, loss: 0.100
2023-02-24 10:24:23.402 | INFO     | algorithms.offline:train:97 - Starting epoch 108 / 250
2023-02-24 10:25:08.517 | INFO     | algorithms.offline:train:123 - 108, loss: 0.095
2023-02-24 10:25:08.518 | INFO     | algorithms.offline:train:97 - Starting epoch 109 / 250
2023-02-24 10:25:53.543 | INFO     | algorithms.offline:train:123 - 109, loss: 0.096
2023-02-24 10:25:53.544 | INFO     | algorithms.offline:train:97 - Starting epoch 110 / 250
2023-02-24 10:26:38.546 | INFO     | algorithms.offline:train:123 - 110, loss: 0.091
2023-02-24 10:26:38.547 | INFO     | algorithms.algorithm_base:run_base_task_metrics:144 - Running metrics: Task 110
2023-02-24 10:26:43.094 | DEBUG    | algorithms.algorithm_base:run_base_task_metrics:200 - Raw classification accuracy results saved to ./output_cifar10_0.5k/offline/1677229352.1624982_CIFAR10_OFFICIAL_RUN/task_110_accuracy_results.json
2023-02-24 10:26:43.096 | INFO     | algorithms.algorithm_base:run_base_task_metrics:201 - Correctly classified 8798 / 10000 samples (87.98% correct)
2023-02-24 10:26:43.226 | INFO     | algorithms.offline:train:97 - Starting epoch 111 / 250
2023-02-24 10:27:28.251 | INFO     | algorithms.offline:train:123 - 111, loss: 0.090
2023-02-24 10:27:28.252 | INFO     | algorithms.offline:train:97 - Starting epoch 112 / 250
2023-02-24 10:28:13.400 | INFO     | algorithms.offline:train:123 - 112, loss: 0.088
2023-02-24 10:28:13.401 | INFO     | algorithms.offline:train:97 - Starting epoch 113 / 250
2023-02-24 10:28:58.405 | INFO     | algorithms.offline:train:123 - 113, loss: 0.087
2023-02-24 10:28:58.406 | INFO     | algorithms.offline:train:97 - Starting epoch 114 / 250
2023-02-24 10:29:43.422 | INFO     | algorithms.offline:train:123 - 114, loss: 0.085
2023-02-24 10:29:43.423 | INFO     | algorithms.offline:train:97 - Starting epoch 115 / 250
2023-02-24 10:30:28.477 | INFO     | algorithms.offline:train:123 - 115, loss: 0.084
2023-02-24 10:30:28.478 | INFO     | algorithms.offline:train:97 - Starting epoch 116 / 250
2023-02-24 10:31:13.582 | INFO     | algorithms.offline:train:123 - 116, loss: 0.081
2023-02-24 10:31:13.583 | INFO     | algorithms.offline:train:97 - Starting epoch 117 / 250
2023-02-24 10:31:58.599 | INFO     | algorithms.offline:train:123 - 117, loss: 0.076
2023-02-24 10:31:58.600 | INFO     | algorithms.offline:train:97 - Starting epoch 118 / 250
2023-02-24 10:32:43.601 | INFO     | algorithms.offline:train:123 - 118, loss: 0.078
2023-02-24 10:32:43.602 | INFO     | algorithms.offline:train:97 - Starting epoch 119 / 250
2023-02-24 10:33:28.659 | INFO     | algorithms.offline:train:123 - 119, loss: 0.077
2023-02-24 10:33:28.659 | INFO     | algorithms.offline:train:97 - Starting epoch 120 / 250
2023-02-24 10:34:13.749 | INFO     | algorithms.offline:train:123 - 120, loss: 0.072
2023-02-24 10:34:13.750 | INFO     | algorithms.algorithm_base:run_base_task_metrics:144 - Running metrics: Task 120
2023-02-24 10:34:18.318 | DEBUG    | algorithms.algorithm_base:run_base_task_metrics:200 - Raw classification accuracy results saved to ./output_cifar10_0.5k/offline/1677229352.1624982_CIFAR10_OFFICIAL_RUN/task_120_accuracy_results.json
2023-02-24 10:34:18.320 | INFO     | algorithms.algorithm_base:run_base_task_metrics:201 - Correctly classified 8827 / 10000 samples (88.27% correct)
2023-02-24 10:34:18.454 | INFO     | algorithms.offline:train:97 - Starting epoch 121 / 250
2023-02-24 10:35:03.503 | INFO     | algorithms.offline:train:123 - 121, loss: 0.072
2023-02-24 10:35:03.504 | INFO     | algorithms.offline:train:97 - Starting epoch 122 / 250
2023-02-24 10:35:48.531 | INFO     | algorithms.offline:train:123 - 122, loss: 0.071
2023-02-24 10:35:48.532 | INFO     | algorithms.offline:train:97 - Starting epoch 123 / 250
2023-02-24 10:36:33.586 | INFO     | algorithms.offline:train:123 - 123, loss: 0.069
2023-02-24 10:36:33.587 | INFO     | algorithms.offline:train:97 - Starting epoch 124 / 250
2023-02-24 10:37:18.730 | INFO     | algorithms.offline:train:123 - 124, loss: 0.070
2023-02-24 10:37:18.731 | INFO     | algorithms.offline:train:97 - Starting epoch 125 / 250
2023-02-24 10:38:03.771 | INFO     | algorithms.offline:train:123 - 125, loss: 0.069
2023-02-24 10:38:03.772 | INFO     | algorithms.offline:train:97 - Starting epoch 126 / 250
2023-02-24 10:38:48.822 | INFO     | algorithms.offline:train:123 - 126, loss: 0.068
2023-02-24 10:38:48.822 | INFO     | algorithms.offline:train:97 - Starting epoch 127 / 250
2023-02-24 10:39:33.991 | INFO     | algorithms.offline:train:123 - 127, loss: 0.067
2023-02-24 10:39:33.992 | INFO     | algorithms.offline:train:97 - Starting epoch 128 / 250
2023-02-24 10:40:19.236 | INFO     | algorithms.offline:train:123 - 128, loss: 0.082
2023-02-24 10:40:19.237 | INFO     | algorithms.offline:train:97 - Starting epoch 129 / 250
2023-02-24 10:41:04.428 | INFO     | algorithms.offline:train:123 - 129, loss: 0.087
2023-02-24 10:41:04.429 | INFO     | algorithms.offline:train:97 - Starting epoch 130 / 250
2023-02-24 10:41:49.562 | INFO     | algorithms.offline:train:123 - 130, loss: 0.088
2023-02-24 10:41:49.564 | INFO     | algorithms.algorithm_base:run_base_task_metrics:144 - Running metrics: Task 130
2023-02-24 10:41:54.131 | DEBUG    | algorithms.algorithm_base:run_base_task_metrics:200 - Raw classification accuracy results saved to ./output_cifar10_0.5k/offline/1677229352.1624982_CIFAR10_OFFICIAL_RUN/task_130_accuracy_results.json
2023-02-24 10:41:54.134 | INFO     | algorithms.algorithm_base:run_base_task_metrics:201 - Correctly classified 8819 / 10000 samples (88.19% correct)
2023-02-24 10:41:54.266 | INFO     | algorithms.offline:train:97 - Starting epoch 131 / 250
2023-02-24 10:42:39.423 | INFO     | algorithms.offline:train:123 - 131, loss: 0.087
2023-02-24 10:42:39.423 | INFO     | algorithms.offline:train:97 - Starting epoch 132 / 250
2023-02-24 10:43:24.678 | INFO     | algorithms.offline:train:123 - 132, loss: 0.082
2023-02-24 10:43:24.679 | INFO     | algorithms.offline:train:97 - Starting epoch 133 / 250
2023-02-24 10:44:09.843 | INFO     | algorithms.offline:train:123 - 133, loss: 0.083
2023-02-24 10:44:09.844 | INFO     | algorithms.offline:train:97 - Starting epoch 134 / 250
2023-02-24 10:44:55.023 | INFO     | algorithms.offline:train:123 - 134, loss: 0.080
2023-02-24 10:44:55.024 | INFO     | algorithms.offline:train:97 - Starting epoch 135 / 250
2023-02-24 10:45:40.213 | INFO     | algorithms.offline:train:123 - 135, loss: 0.079
2023-02-24 10:45:40.214 | INFO     | algorithms.offline:train:97 - Starting epoch 136 / 250
2023-02-24 10:46:25.507 | INFO     | algorithms.offline:train:123 - 136, loss: 0.079
2023-02-24 10:46:25.508 | INFO     | algorithms.offline:train:97 - Starting epoch 137 / 250
2023-02-24 10:47:10.704 | INFO     | algorithms.offline:train:123 - 137, loss: 0.078
2023-02-24 10:47:10.705 | INFO     | algorithms.offline:train:97 - Starting epoch 138 / 250
2023-02-24 10:47:55.873 | INFO     | algorithms.offline:train:123 - 138, loss: 0.075
2023-02-24 10:47:55.874 | INFO     | algorithms.offline:train:97 - Starting epoch 139 / 250
2023-02-24 10:48:41.097 | INFO     | algorithms.offline:train:123 - 139, loss: 0.073
2023-02-24 10:48:41.098 | INFO     | algorithms.offline:train:97 - Starting epoch 140 / 250
2023-02-24 10:49:26.356 | INFO     | algorithms.offline:train:123 - 140, loss: 0.069
2023-02-24 10:49:26.357 | INFO     | algorithms.algorithm_base:run_base_task_metrics:144 - Running metrics: Task 140
2023-02-24 10:49:30.963 | DEBUG    | algorithms.algorithm_base:run_base_task_metrics:200 - Raw classification accuracy results saved to ./output_cifar10_0.5k/offline/1677229352.1624982_CIFAR10_OFFICIAL_RUN/task_140_accuracy_results.json
2023-02-24 10:49:30.965 | INFO     | algorithms.algorithm_base:run_base_task_metrics:201 - Correctly classified 8787 / 10000 samples (87.87% correct)
2023-02-24 10:49:31.096 | INFO     | algorithms.offline:train:97 - Starting epoch 141 / 250
2023-02-24 10:50:16.268 | INFO     | algorithms.offline:train:123 - 141, loss: 0.068
2023-02-24 10:50:16.269 | INFO     | algorithms.offline:train:97 - Starting epoch 142 / 250
2023-02-24 10:51:01.478 | INFO     | algorithms.offline:train:123 - 142, loss: 0.069
2023-02-24 10:51:01.479 | INFO     | algorithms.offline:train:97 - Starting epoch 143 / 250
2023-02-24 10:51:46.654 | INFO     | algorithms.offline:train:123 - 143, loss: 0.065
2023-02-24 10:51:46.655 | INFO     | algorithms.offline:train:97 - Starting epoch 144 / 250
2023-02-24 10:52:31.882 | INFO     | algorithms.offline:train:123 - 144, loss: 0.066
2023-02-24 10:52:31.883 | INFO     | algorithms.offline:train:97 - Starting epoch 145 / 250
2023-02-24 10:53:17.044 | INFO     | algorithms.offline:train:123 - 145, loss: 0.063
2023-02-24 10:53:17.045 | INFO     | algorithms.offline:train:97 - Starting epoch 146 / 250
2023-02-24 10:54:02.180 | INFO     | algorithms.offline:train:123 - 146, loss: 0.061
2023-02-24 10:54:02.181 | INFO     | algorithms.offline:train:97 - Starting epoch 147 / 250
2023-02-24 10:54:47.304 | INFO     | algorithms.offline:train:123 - 147, loss: 0.058
2023-02-24 10:54:47.305 | INFO     | algorithms.offline:train:97 - Starting epoch 148 / 250
2023-02-24 10:55:32.549 | INFO     | algorithms.offline:train:123 - 148, loss: 0.056
2023-02-24 10:55:32.550 | INFO     | algorithms.offline:train:97 - Starting epoch 149 / 250
2023-02-24 10:56:17.677 | INFO     | algorithms.offline:train:123 - 149, loss: 0.058
2023-02-24 10:56:17.678 | INFO     | algorithms.offline:train:97 - Starting epoch 150 / 250
2023-02-24 10:57:02.818 | INFO     | algorithms.offline:train:123 - 150, loss: 0.059
2023-02-24 10:57:02.819 | INFO     | algorithms.algorithm_base:run_base_task_metrics:144 - Running metrics: Task 150
2023-02-24 10:57:07.365 | DEBUG    | algorithms.algorithm_base:run_base_task_metrics:200 - Raw classification accuracy results saved to ./output_cifar10_0.5k/offline/1677229352.1624982_CIFAR10_OFFICIAL_RUN/task_150_accuracy_results.json
2023-02-24 10:57:07.367 | INFO     | algorithms.algorithm_base:run_base_task_metrics:201 - Correctly classified 8789 / 10000 samples (87.89% correct)
2023-02-24 10:57:07.501 | INFO     | algorithms.offline:train:97 - Starting epoch 151 / 250
2023-02-24 10:57:52.627 | INFO     | algorithms.offline:train:123 - 151, loss: 0.058
2023-02-24 10:57:52.628 | INFO     | algorithms.offline:train:97 - Starting epoch 152 / 250
2023-02-24 10:58:37.879 | INFO     | algorithms.offline:train:123 - 152, loss: 0.055
2023-02-24 10:58:37.880 | INFO     | algorithms.offline:train:97 - Starting epoch 153 / 250
2023-02-24 10:59:23.072 | INFO     | algorithms.offline:train:123 - 153, loss: 0.051
2023-02-24 10:59:23.073 | INFO     | algorithms.offline:train:97 - Starting epoch 154 / 250
2023-02-24 11:00:08.202 | INFO     | algorithms.offline:train:123 - 154, loss: 0.051
2023-02-24 11:00:08.203 | INFO     | algorithms.offline:train:97 - Starting epoch 155 / 250
2023-02-24 11:00:53.357 | INFO     | algorithms.offline:train:123 - 155, loss: 0.049
2023-02-24 11:00:53.358 | INFO     | algorithms.offline:train:97 - Starting epoch 156 / 250
2023-02-24 11:01:38.702 | INFO     | algorithms.offline:train:123 - 156, loss: 0.048
2023-02-24 11:01:38.703 | INFO     | algorithms.offline:train:97 - Starting epoch 157 / 250
2023-02-24 11:02:23.834 | INFO     | algorithms.offline:train:123 - 157, loss: 0.048
2023-02-24 11:02:23.835 | INFO     | algorithms.offline:train:97 - Starting epoch 158 / 250
2023-02-24 11:03:09.000 | INFO     | algorithms.offline:train:123 - 158, loss: 0.047
2023-02-24 11:03:09.001 | INFO     | algorithms.offline:train:97 - Starting epoch 159 / 250
2023-02-24 11:03:54.185 | INFO     | algorithms.offline:train:123 - 159, loss: 0.046
2023-02-24 11:03:54.186 | INFO     | algorithms.offline:train:97 - Starting epoch 160 / 250
2023-02-24 11:04:39.449 | INFO     | algorithms.offline:train:123 - 160, loss: 0.046
2023-02-24 11:04:39.450 | INFO     | algorithms.algorithm_base:run_base_task_metrics:144 - Running metrics: Task 160
2023-02-24 11:04:44.032 | DEBUG    | algorithms.algorithm_base:run_base_task_metrics:200 - Raw classification accuracy results saved to ./output_cifar10_0.5k/offline/1677229352.1624982_CIFAR10_OFFICIAL_RUN/task_160_accuracy_results.json
2023-02-24 11:04:44.034 | INFO     | algorithms.algorithm_base:run_base_task_metrics:201 - Correctly classified 8833 / 10000 samples (88.33% correct)
2023-02-24 11:04:44.226 | INFO     | algorithms.offline:train:97 - Starting epoch 161 / 250
2023-02-24 11:05:29.400 | INFO     | algorithms.offline:train:123 - 161, loss: 0.047
2023-02-24 11:05:29.401 | INFO     | algorithms.offline:train:97 - Starting epoch 162 / 250
2023-02-24 11:06:14.557 | INFO     | algorithms.offline:train:123 - 162, loss: 0.044
2023-02-24 11:06:14.558 | INFO     | algorithms.offline:train:97 - Starting epoch 163 / 250
2023-02-24 11:06:59.710 | INFO     | algorithms.offline:train:123 - 163, loss: 0.042
2023-02-24 11:06:59.711 | INFO     | algorithms.offline:train:97 - Starting epoch 164 / 250
2023-02-24 11:07:44.933 | INFO     | algorithms.offline:train:123 - 164, loss: 0.040
2023-02-24 11:07:44.934 | INFO     | algorithms.offline:train:97 - Starting epoch 165 / 250
2023-02-24 11:08:30.104 | INFO     | algorithms.offline:train:123 - 165, loss: 0.040
2023-02-24 11:08:30.105 | INFO     | algorithms.offline:train:97 - Starting epoch 166 / 250
2023-02-24 11:09:15.277 | INFO     | algorithms.offline:train:123 - 166, loss: 0.042
2023-02-24 11:09:15.278 | INFO     | algorithms.offline:train:97 - Starting epoch 167 / 250
2023-02-24 11:10:00.411 | INFO     | algorithms.offline:train:123 - 167, loss: 0.040
2023-02-24 11:10:00.412 | INFO     | algorithms.offline:train:97 - Starting epoch 168 / 250
2023-02-24 11:10:45.642 | INFO     | algorithms.offline:train:123 - 168, loss: 0.036
2023-02-24 11:10:45.643 | INFO     | algorithms.offline:train:97 - Starting epoch 169 / 250
2023-02-24 11:11:30.891 | INFO     | algorithms.offline:train:123 - 169, loss: 0.037
2023-02-24 11:11:30.892 | INFO     | algorithms.offline:train:97 - Starting epoch 170 / 250
2023-02-24 11:12:16.357 | INFO     | algorithms.offline:train:123 - 170, loss: 0.037
2023-02-24 11:12:16.358 | INFO     | algorithms.algorithm_base:run_base_task_metrics:144 - Running metrics: Task 170
2023-02-24 11:12:20.928 | DEBUG    | algorithms.algorithm_base:run_base_task_metrics:200 - Raw classification accuracy results saved to ./output_cifar10_0.5k/offline/1677229352.1624982_CIFAR10_OFFICIAL_RUN/task_170_accuracy_results.json
2023-02-24 11:12:20.930 | INFO     | algorithms.algorithm_base:run_base_task_metrics:201 - Correctly classified 8915 / 10000 samples (89.15% correct)
2023-02-24 11:12:21.063 | INFO     | algorithms.offline:train:97 - Starting epoch 171 / 250
2023-02-24 11:13:06.257 | INFO     | algorithms.offline:train:123 - 171, loss: 0.037
2023-02-24 11:13:06.258 | INFO     | algorithms.offline:train:97 - Starting epoch 172 / 250
2023-02-24 11:13:51.551 | INFO     | algorithms.offline:train:123 - 172, loss: 0.035
2023-02-24 11:13:51.552 | INFO     | algorithms.offline:train:97 - Starting epoch 173 / 250
2023-02-24 11:14:36.721 | INFO     | algorithms.offline:train:123 - 173, loss: 0.032
2023-02-24 11:14:36.722 | INFO     | algorithms.offline:train:97 - Starting epoch 174 / 250
2023-02-24 11:15:21.941 | INFO     | algorithms.offline:train:123 - 174, loss: 0.034
2023-02-24 11:15:21.942 | INFO     | algorithms.offline:train:97 - Starting epoch 175 / 250
2023-02-24 11:16:07.162 | INFO     | algorithms.offline:train:123 - 175, loss: 0.030
2023-02-24 11:16:07.163 | INFO     | algorithms.offline:train:97 - Starting epoch 176 / 250
2023-02-24 11:16:52.452 | INFO     | algorithms.offline:train:123 - 176, loss: 0.029
2023-02-24 11:16:52.452 | INFO     | algorithms.offline:train:97 - Starting epoch 177 / 250
2023-02-24 11:17:37.653 | INFO     | algorithms.offline:train:123 - 177, loss: 0.030
2023-02-24 11:17:37.654 | INFO     | algorithms.offline:train:97 - Starting epoch 178 / 250
2023-02-24 11:18:22.797 | INFO     | algorithms.offline:train:123 - 178, loss: 0.030
2023-02-24 11:18:22.798 | INFO     | algorithms.offline:train:97 - Starting epoch 179 / 250
2023-02-24 11:19:08.006 | INFO     | algorithms.offline:train:123 - 179, loss: 0.030
2023-02-24 11:19:08.007 | INFO     | algorithms.offline:train:97 - Starting epoch 180 / 250
2023-02-24 11:19:53.274 | INFO     | algorithms.offline:train:123 - 180, loss: 0.029
2023-02-24 11:19:53.275 | INFO     | algorithms.algorithm_base:run_base_task_metrics:144 - Running metrics: Task 180
2023-02-24 11:19:57.857 | DEBUG    | algorithms.algorithm_base:run_base_task_metrics:200 - Raw classification accuracy results saved to ./output_cifar10_0.5k/offline/1677229352.1624982_CIFAR10_OFFICIAL_RUN/task_180_accuracy_results.json
2023-02-24 11:19:57.859 | INFO     | algorithms.algorithm_base:run_base_task_metrics:201 - Correctly classified 8897 / 10000 samples (88.97% correct)
2023-02-24 11:19:57.991 | INFO     | algorithms.offline:train:97 - Starting epoch 181 / 250
2023-02-24 11:20:43.184 | INFO     | algorithms.offline:train:123 - 181, loss: 0.030
2023-02-24 11:20:43.185 | INFO     | algorithms.offline:train:97 - Starting epoch 182 / 250
2023-02-24 11:21:28.348 | INFO     | algorithms.offline:train:123 - 182, loss: 0.029
2023-02-24 11:21:28.349 | INFO     | algorithms.offline:train:97 - Starting epoch 183 / 250
2023-02-24 11:22:13.522 | INFO     | algorithms.offline:train:123 - 183, loss: 0.027
2023-02-24 11:22:13.523 | INFO     | algorithms.offline:train:97 - Starting epoch 184 / 250
2023-02-24 11:22:58.755 | INFO     | algorithms.offline:train:123 - 184, loss: 0.029
2023-02-24 11:22:58.756 | INFO     | algorithms.offline:train:97 - Starting epoch 185 / 250
2023-02-24 11:23:43.841 | INFO     | algorithms.offline:train:123 - 185, loss: 0.029
2023-02-24 11:23:43.842 | INFO     | algorithms.offline:train:97 - Starting epoch 186 / 250
2023-02-24 11:24:28.940 | INFO     | algorithms.offline:train:123 - 186, loss: 0.027
2023-02-24 11:24:28.941 | INFO     | algorithms.offline:train:97 - Starting epoch 187 / 250
2023-02-24 11:25:14.091 | INFO     | algorithms.offline:train:123 - 187, loss: 0.024
2023-02-24 11:25:14.092 | INFO     | algorithms.offline:train:97 - Starting epoch 188 / 250
2023-02-24 11:25:59.291 | INFO     | algorithms.offline:train:123 - 188, loss: 0.025
2023-02-24 11:25:59.292 | INFO     | algorithms.offline:train:97 - Starting epoch 189 / 250
2023-02-24 11:26:44.417 | INFO     | algorithms.offline:train:123 - 189, loss: 0.022
2023-02-24 11:26:44.418 | INFO     | algorithms.offline:train:97 - Starting epoch 190 / 250
2023-02-24 11:27:29.567 | INFO     | algorithms.offline:train:123 - 190, loss: 0.023
2023-02-24 11:27:29.568 | INFO     | algorithms.algorithm_base:run_base_task_metrics:144 - Running metrics: Task 190
2023-02-24 11:27:34.154 | DEBUG    | algorithms.algorithm_base:run_base_task_metrics:200 - Raw classification accuracy results saved to ./output_cifar10_0.5k/offline/1677229352.1624982_CIFAR10_OFFICIAL_RUN/task_190_accuracy_results.json
2023-02-24 11:27:34.156 | INFO     | algorithms.algorithm_base:run_base_task_metrics:201 - Correctly classified 8922 / 10000 samples (89.22% correct)
2023-02-24 11:27:34.287 | INFO     | algorithms.offline:train:97 - Starting epoch 191 / 250
2023-02-24 11:28:19.470 | INFO     | algorithms.offline:train:123 - 191, loss: 0.023
2023-02-24 11:28:19.471 | INFO     | algorithms.offline:train:97 - Starting epoch 192 / 250
2023-02-24 11:29:04.679 | INFO     | algorithms.offline:train:123 - 192, loss: 0.022
2023-02-24 11:29:04.680 | INFO     | algorithms.offline:train:97 - Starting epoch 193 / 250
2023-02-24 11:29:49.835 | INFO     | algorithms.offline:train:123 - 193, loss: 0.022
2023-02-24 11:29:49.836 | INFO     | algorithms.offline:train:97 - Starting epoch 194 / 250
2023-02-24 11:30:35.041 | INFO     | algorithms.offline:train:123 - 194, loss: 0.024
2023-02-24 11:30:35.042 | INFO     | algorithms.offline:train:97 - Starting epoch 195 / 250
2023-02-24 11:31:20.222 | INFO     | algorithms.offline:train:123 - 195, loss: 0.021
2023-02-24 11:31:20.223 | INFO     | algorithms.offline:train:97 - Starting epoch 196 / 250
2023-02-24 11:32:05.476 | INFO     | algorithms.offline:train:123 - 196, loss: 0.021
2023-02-24 11:32:05.477 | INFO     | algorithms.offline:train:97 - Starting epoch 197 / 250
2023-02-24 11:32:50.669 | INFO     | algorithms.offline:train:123 - 197, loss: 0.019
2023-02-24 11:32:50.670 | INFO     | algorithms.offline:train:97 - Starting epoch 198 / 250
2023-02-24 11:33:35.871 | INFO     | algorithms.offline:train:123 - 198, loss: 0.020
2023-02-24 11:33:35.872 | INFO     | algorithms.offline:train:97 - Starting epoch 199 / 250
2023-02-24 11:34:21.055 | INFO     | algorithms.offline:train:123 - 199, loss: 0.021
2023-02-24 11:34:21.056 | INFO     | algorithms.offline:train:97 - Starting epoch 200 / 250
2023-02-24 11:35:06.321 | INFO     | algorithms.offline:train:123 - 200, loss: 0.020
2023-02-24 11:35:06.322 | INFO     | algorithms.algorithm_base:run_base_task_metrics:144 - Running metrics: Task 200
2023-02-24 11:35:10.856 | DEBUG    | algorithms.algorithm_base:run_base_task_metrics:200 - Raw classification accuracy results saved to ./output_cifar10_0.5k/offline/1677229352.1624982_CIFAR10_OFFICIAL_RUN/task_200_accuracy_results.json
2023-02-24 11:35:10.857 | INFO     | algorithms.algorithm_base:run_base_task_metrics:201 - Correctly classified 8938 / 10000 samples (89.38% correct)
2023-02-24 11:35:10.990 | INFO     | algorithms.offline:train:97 - Starting epoch 201 / 250
2023-02-24 11:35:56.206 | INFO     | algorithms.offline:train:123 - 201, loss: 0.018
2023-02-24 11:35:56.207 | INFO     | algorithms.offline:train:97 - Starting epoch 202 / 250
2023-02-24 11:36:41.443 | INFO     | algorithms.offline:train:123 - 202, loss: 0.018
2023-02-24 11:36:41.444 | INFO     | algorithms.offline:train:97 - Starting epoch 203 / 250
2023-02-24 11:37:26.632 | INFO     | algorithms.offline:train:123 - 203, loss: 0.020
2023-02-24 11:37:26.633 | INFO     | algorithms.offline:train:97 - Starting epoch 204 / 250
2023-02-24 11:38:11.880 | INFO     | algorithms.offline:train:123 - 204, loss: 0.018
2023-02-24 11:38:11.881 | INFO     | algorithms.offline:train:97 - Starting epoch 205 / 250
2023-02-24 11:38:57.098 | INFO     | algorithms.offline:train:123 - 205, loss: 0.017
2023-02-24 11:38:57.099 | INFO     | algorithms.offline:train:97 - Starting epoch 206 / 250
2023-02-24 11:39:42.248 | INFO     | algorithms.offline:train:123 - 206, loss: 0.017
2023-02-24 11:39:42.249 | INFO     | algorithms.offline:train:97 - Starting epoch 207 / 250
2023-02-24 11:40:27.408 | INFO     | algorithms.offline:train:123 - 207, loss: 0.017
2023-02-24 11:40:27.409 | INFO     | algorithms.offline:train:97 - Starting epoch 208 / 250
2023-02-24 11:41:12.692 | INFO     | algorithms.offline:train:123 - 208, loss: 0.017
2023-02-24 11:41:12.693 | INFO     | algorithms.offline:train:97 - Starting epoch 209 / 250
2023-02-24 11:41:57.851 | INFO     | algorithms.offline:train:123 - 209, loss: 0.018
2023-02-24 11:41:57.852 | INFO     | algorithms.offline:train:97 - Starting epoch 210 / 250
2023-02-24 11:42:43.025 | INFO     | algorithms.offline:train:123 - 210, loss: 0.016
2023-02-24 11:42:43.027 | INFO     | algorithms.algorithm_base:run_base_task_metrics:144 - Running metrics: Task 210
2023-02-24 11:42:47.618 | DEBUG    | algorithms.algorithm_base:run_base_task_metrics:200 - Raw classification accuracy results saved to ./output_cifar10_0.5k/offline/1677229352.1624982_CIFAR10_OFFICIAL_RUN/task_210_accuracy_results.json
2023-02-24 11:42:47.620 | INFO     | algorithms.algorithm_base:run_base_task_metrics:201 - Correctly classified 8899 / 10000 samples (88.99% correct)
2023-02-24 11:42:47.751 | INFO     | algorithms.offline:train:97 - Starting epoch 211 / 250
2023-02-24 11:43:32.954 | INFO     | algorithms.offline:train:123 - 211, loss: 0.016
2023-02-24 11:43:32.955 | INFO     | algorithms.offline:train:97 - Starting epoch 212 / 250
2023-02-24 11:44:18.241 | INFO     | algorithms.offline:train:123 - 212, loss: 0.015
2023-02-24 11:44:18.242 | INFO     | algorithms.offline:train:97 - Starting epoch 213 / 250
2023-02-24 11:45:03.465 | INFO     | algorithms.offline:train:123 - 213, loss: 0.015
2023-02-24 11:45:03.466 | INFO     | algorithms.offline:train:97 - Starting epoch 214 / 250
2023-02-24 11:45:48.652 | INFO     | algorithms.offline:train:123 - 214, loss: 0.015
2023-02-24 11:45:48.653 | INFO     | algorithms.offline:train:97 - Starting epoch 215 / 250
2023-02-24 11:46:33.806 | INFO     | algorithms.offline:train:123 - 215, loss: 0.015
2023-02-24 11:46:33.807 | INFO     | algorithms.offline:train:97 - Starting epoch 216 / 250
2023-02-24 11:47:19.094 | INFO     | algorithms.offline:train:123 - 216, loss: 0.015
2023-02-24 11:47:19.095 | INFO     | algorithms.offline:train:97 - Starting epoch 217 / 250
2023-02-24 11:48:04.282 | INFO     | algorithms.offline:train:123 - 217, loss: 0.014
2023-02-24 11:48:04.283 | INFO     | algorithms.offline:train:97 - Starting epoch 218 / 250
2023-02-24 11:48:49.458 | INFO     | algorithms.offline:train:123 - 218, loss: 0.016
2023-02-24 11:48:49.459 | INFO     | algorithms.offline:train:97 - Starting epoch 219 / 250
2023-02-24 11:49:34.607 | INFO     | algorithms.offline:train:123 - 219, loss: 0.016
2023-02-24 11:49:34.608 | INFO     | algorithms.offline:train:97 - Starting epoch 220 / 250
2023-02-24 11:50:19.858 | INFO     | algorithms.offline:train:123 - 220, loss: 0.013
2023-02-24 11:50:19.859 | INFO     | algorithms.algorithm_base:run_base_task_metrics:144 - Running metrics: Task 220
2023-02-24 11:50:24.414 | DEBUG    | algorithms.algorithm_base:run_base_task_metrics:200 - Raw classification accuracy results saved to ./output_cifar10_0.5k/offline/1677229352.1624982_CIFAR10_OFFICIAL_RUN/task_220_accuracy_results.json
2023-02-24 11:50:24.416 | INFO     | algorithms.algorithm_base:run_base_task_metrics:201 - Correctly classified 8932 / 10000 samples (89.32% correct)
2023-02-24 11:50:24.548 | INFO     | algorithms.offline:train:97 - Starting epoch 221 / 250
2023-02-24 11:51:09.771 | INFO     | algorithms.offline:train:123 - 221, loss: 0.014
2023-02-24 11:51:09.772 | INFO     | algorithms.offline:train:97 - Starting epoch 222 / 250
2023-02-24 11:51:55.008 | INFO     | algorithms.offline:train:123 - 222, loss: 0.014
2023-02-24 11:51:55.009 | INFO     | algorithms.offline:train:97 - Starting epoch 223 / 250
2023-02-24 11:52:40.184 | INFO     | algorithms.offline:train:123 - 223, loss: 0.014
2023-02-24 11:52:40.185 | INFO     | algorithms.offline:train:97 - Starting epoch 224 / 250
2023-02-24 11:53:25.496 | INFO     | algorithms.offline:train:123 - 224, loss: 0.012
2023-02-24 11:53:25.497 | INFO     | algorithms.offline:train:97 - Starting epoch 225 / 250
2023-02-24 11:54:10.695 | INFO     | algorithms.offline:train:123 - 225, loss: 0.013
2023-02-24 11:54:10.696 | INFO     | algorithms.offline:train:97 - Starting epoch 226 / 250
2023-02-24 11:54:55.877 | INFO     | algorithms.offline:train:123 - 226, loss: 0.012
2023-02-24 11:54:55.878 | INFO     | algorithms.offline:train:97 - Starting epoch 227 / 250
2023-02-24 11:55:41.063 | INFO     | algorithms.offline:train:123 - 227, loss: 0.012
2023-02-24 11:55:41.064 | INFO     | algorithms.offline:train:97 - Starting epoch 228 / 250
2023-02-24 11:56:26.382 | INFO     | algorithms.offline:train:123 - 228, loss: 0.012
2023-02-24 11:56:26.383 | INFO     | algorithms.offline:train:97 - Starting epoch 229 / 250
2023-02-24 11:57:11.562 | INFO     | algorithms.offline:train:123 - 229, loss: 0.012
2023-02-24 11:57:11.563 | INFO     | algorithms.offline:train:97 - Starting epoch 230 / 250
2023-02-24 11:57:56.723 | INFO     | algorithms.offline:train:123 - 230, loss: 0.011
2023-02-24 11:57:56.724 | INFO     | algorithms.algorithm_base:run_base_task_metrics:144 - Running metrics: Task 230
2023-02-24 11:58:01.308 | DEBUG    | algorithms.algorithm_base:run_base_task_metrics:200 - Raw classification accuracy results saved to ./output_cifar10_0.5k/offline/1677229352.1624982_CIFAR10_OFFICIAL_RUN/task_230_accuracy_results.json
2023-02-24 11:58:01.310 | INFO     | algorithms.algorithm_base:run_base_task_metrics:201 - Correctly classified 8944 / 10000 samples (89.44% correct)
2023-02-24 11:58:01.439 | INFO     | algorithms.offline:train:97 - Starting epoch 231 / 250
2023-02-24 11:58:46.631 | INFO     | algorithms.offline:train:123 - 231, loss: 0.012
2023-02-24 11:58:46.632 | INFO     | algorithms.offline:train:97 - Starting epoch 232 / 250
2023-02-24 11:59:31.924 | INFO     | algorithms.offline:train:123 - 232, loss: 0.012
2023-02-24 11:59:31.925 | INFO     | algorithms.offline:train:97 - Starting epoch 233 / 250
2023-02-24 12:00:17.094 | INFO     | algorithms.offline:train:123 - 233, loss: 0.012
2023-02-24 12:00:17.095 | INFO     | algorithms.offline:train:97 - Starting epoch 234 / 250
2023-02-24 12:01:02.264 | INFO     | algorithms.offline:train:123 - 234, loss: 0.012
2023-02-24 12:01:02.265 | INFO     | algorithms.offline:train:97 - Starting epoch 235 / 250
2023-02-24 12:01:47.475 | INFO     | algorithms.offline:train:123 - 235, loss: 0.012
2023-02-24 12:01:47.476 | INFO     | algorithms.offline:train:97 - Starting epoch 236 / 250
2023-02-24 12:02:32.758 | INFO     | algorithms.offline:train:123 - 236, loss: 0.012
2023-02-24 12:02:32.759 | INFO     | algorithms.offline:train:97 - Starting epoch 237 / 250
2023-02-24 12:03:17.988 | INFO     | algorithms.offline:train:123 - 237, loss: 0.012
2023-02-24 12:03:17.989 | INFO     | algorithms.offline:train:97 - Starting epoch 238 / 250
2023-02-24 12:04:03.216 | INFO     | algorithms.offline:train:123 - 238, loss: 0.011
2023-02-24 12:04:03.217 | INFO     | algorithms.offline:train:97 - Starting epoch 239 / 250
2023-02-24 12:04:48.402 | INFO     | algorithms.offline:train:123 - 239, loss: 0.011
2023-02-24 12:04:48.403 | INFO     | algorithms.offline:train:97 - Starting epoch 240 / 250
2023-02-24 12:05:33.693 | INFO     | algorithms.offline:train:123 - 240, loss: 0.011
2023-02-24 12:05:33.695 | INFO     | algorithms.algorithm_base:run_base_task_metrics:144 - Running metrics: Task 240
2023-02-24 12:05:38.256 | DEBUG    | algorithms.algorithm_base:run_base_task_metrics:200 - Raw classification accuracy results saved to ./output_cifar10_0.5k/offline/1677229352.1624982_CIFAR10_OFFICIAL_RUN/task_240_accuracy_results.json
2023-02-24 12:05:38.258 | INFO     | algorithms.algorithm_base:run_base_task_metrics:201 - Correctly classified 8946 / 10000 samples (89.46% correct)
2023-02-24 12:05:38.392 | INFO     | algorithms.offline:train:97 - Starting epoch 241 / 250
2023-02-24 12:06:23.634 | INFO     | algorithms.offline:train:123 - 241, loss: 0.011
2023-02-24 12:06:23.635 | INFO     | algorithms.offline:train:97 - Starting epoch 242 / 250
2023-02-24 12:07:08.885 | INFO     | algorithms.offline:train:123 - 242, loss: 0.010
2023-02-24 12:07:08.886 | INFO     | algorithms.offline:train:97 - Starting epoch 243 / 250
2023-02-24 12:07:54.141 | INFO     | algorithms.offline:train:123 - 243, loss: 0.010
2023-02-24 12:07:54.142 | INFO     | algorithms.offline:train:97 - Starting epoch 244 / 250
2023-02-24 12:08:39.471 | INFO     | algorithms.offline:train:123 - 244, loss: 0.011
2023-02-24 12:08:39.472 | INFO     | algorithms.offline:train:97 - Starting epoch 245 / 250
2023-02-24 12:09:24.643 | INFO     | algorithms.offline:train:123 - 245, loss: 0.011
2023-02-24 12:09:24.644 | INFO     | algorithms.offline:train:97 - Starting epoch 246 / 250
2023-02-24 12:10:09.867 | INFO     | algorithms.offline:train:123 - 246, loss: 0.010
2023-02-24 12:10:09.868 | INFO     | algorithms.offline:train:97 - Starting epoch 247 / 250
2023-02-24 12:10:55.113 | INFO     | algorithms.offline:train:123 - 247, loss: 0.009
2023-02-24 12:10:55.114 | INFO     | algorithms.offline:train:97 - Starting epoch 248 / 250
2023-02-24 12:11:40.378 | INFO     | algorithms.offline:train:123 - 248, loss: 0.010
2023-02-24 12:11:40.379 | INFO     | algorithms.offline:train:97 - Starting epoch 249 / 250
2023-02-24 12:12:25.825 | INFO     | algorithms.offline:train:123 - 249, loss: 0.010
2023-02-24 12:12:25.825 | INFO     | algorithms.offline:train:97 - Starting epoch 250 / 250
2023-02-24 12:13:11.297 | INFO     | algorithms.offline:train:123 - 250, loss: 0.009
2023-02-24 12:13:11.298 | INFO     | algorithms.algorithm_base:run_base_task_metrics:144 - Running metrics: Task 250
2023-02-24 12:13:15.881 | DEBUG    | algorithms.algorithm_base:run_base_task_metrics:200 - Raw classification accuracy results saved to ./output_cifar10_0.5k/offline/1677229352.1624982_CIFAR10_OFFICIAL_RUN/task_250_accuracy_results.json
2023-02-24 12:13:15.884 | INFO     | algorithms.algorithm_base:run_base_task_metrics:201 - Correctly classified 8939 / 10000 samples (89.39% correct)
2023-02-24 12:13:16.018 | INFO     | algorithms.algorithm_base:run_base_task_metrics:144 - Running metrics: Task 250
2023-02-24 12:13:20.569 | DEBUG    | algorithms.algorithm_base:run_base_task_metrics:200 - Raw classification accuracy results saved to ./output_cifar10_0.5k/offline/1677229352.1624982_CIFAR10_OFFICIAL_RUN/task_250_accuracy_results.json
2023-02-24 12:13:20.570 | INFO     | algorithms.algorithm_base:run_base_task_metrics:201 - Correctly classified 8939 / 10000 samples (89.39% correct)
2023-02-24 12:13:20.702 | INFO     | algorithms.offline:train:140 - Training complete
2023-02-24 12:13:20.707 | INFO     | __main__:run_experiment:300 - Training and evaluation completed!
2023-02-24 12:13:20.708 | INFO     | __main__:run_experiment:314 - Wrote usage stats to file
2023-02-24 12:13:20.709 | INFO     | __main__:main:363 - Complete
2023-02-24 12:13:20.710 | INFO     | __main__:close_tensorboard_writer:262 - Shut down TensorBoard
