2023-02-11 12:24:23.436 | INFO     | __main__:setup_files:208 - Experiment Name: OFFICIAL_RUN
2023-02-11 12:24:23.438 | INFO     | __main__:main:322 - Command line arguments: Configuration(algorithm='der', dataset='cifar100', classes_per_task=20, seed=9767, samples=1000)
2023-02-11 12:24:23.440 | INFO     | __main__:main:326 - Seeded random to 9767
2023-02-11 12:24:23.441 | INFO     | __main__:main:330 - Got CUDA device
2023-02-11 12:24:23.441 | INFO     | __main__:force_cuda_load:258 - Forcing CUDA initialisation...
2023-02-11 12:24:23.502 | INFO     | __main__:main:334 - CUDA initialised
2023-02-11 12:24:23.504 | INFO     | __main__:setup_shutdown_hook:254 - To access TensorBoard, run the command: tensorboard --logdir=./output_cifar100_varied_sampling/der_pp/1676118263.4310417_CIFAR100_OFFICIAL_RUN
2023-02-11 12:24:23.505 | INFO     | __main__:main:338 - Setup shutdown hooks
2023-02-11 12:24:23.529 | INFO     | __main__:main:343 - Model is setup
2023-02-11 12:24:23.530 | INFO     | __main__:main:345 - Complete pre-setup, starting experiment
2023-02-11 12:24:24.727 | INFO     | datasets.dataset_base:__init__:80 - Using disjoint tasks with 20 (5 tasks) with a randomised split
2023-02-11 12:24:24.729 | DEBUG    | datasets.dataset_base:_setup_task_datasets:95 - Splitting dataset into 5 disjoint tasks
2023-02-11 12:24:24.749 | INFO     | datasets.dataset_base:__init__:85 - {
  "name": "datasets.cifar100.CIFAR100",
  "dataset_class": "torchvision.datasets.cifar.CIFAR100",
  "training_dataset_parameters": "{'train': True, 'download': True}",
  "testing_dataset_parameters": "{'train': False, 'download': True}",
  "training_transform": "Compose(\n    Resize(size=(32, 32), interpolation=bilinear, max_size=None, antialias=None)\n    ToTensor()\n    Normalize(mean=(0.5071, 0.4867, 0.4408), std=(0.2675, 0.2565, 0.2761))\n    RandomCrop(size=(32, 32), padding=4)\n    RandomHorizontalFlip(p=0.5)\n)",
  "testing_transform": "Compose(\n    Resize(size=(32, 32), interpolation=bilinear, max_size=None, antialias=None)\n    ToTensor()\n    Normalize(mean=(0.5071, 0.4867, 0.4408), std=(0.2675, 0.2565, 0.2761))\n)",
  "classes": "apple, aquarium_fish, baby, bear, beaver, bed, bee, beetle, bicycle, bottle, bowl, boy, bridge, bus, butterfly, camel, can, castle, caterpillar, cattle, chair, chimpanzee, clock, cloud, cockroach, couch, crab, crocodile, cup, dinosaur, dolphin, elephant, flatfish, forest, fox, girl, hamster, house, kangaroo, keyboard, lamp, lawn_mower, leopard, lion, lizard, lobster, man, maple_tree, motorcycle, mountain, mouse, mushroom, oak_tree, orange, orchid, otter, palm_tree, pear, pickup_truck, pine_tree, plain, plate, poppy, porcupine, possum, rabbit, raccoon, ray, road, rocket, rose, sea, seal, shark, shrew, skunk, skyscraper, snail, snake, spider, squirrel, streetcar, sunflower, sweet_pepper, table, tank, telephone, television, tiger, tractor, train, trout, tulip, turtle, wardrobe, whale, willow_tree, wolf, woman, worm",
  "disjoint": true,
  "task_count": 5,
  "classes_per_task": [
    20
  ],
  "task_split_indices": [
    [
      19,
      40,
      58,
      57,
      95,
      53,
      77,
      30,
      89,
      71,
      12,
      67,
      41,
      4,
      2,
      3,
      17,
      28,
      51,
      55
    ],
    [
      65,
      76,
      84,
      98,
      45,
      25,
      7,
      47,
      70,
      99,
      21,
      72,
      85,
      60,
      6,
      74,
      96,
      50,
      49,
      80
    ],
    [
      38,
      93,
      29,
      36,
      8,
      48,
      5,
      73,
      37,
      20,
      94,
      15,
      23,
      75,
      16,
      90,
      54,
      10,
      39,
      78
    ],
    [
      61,
      9,
      11,
      44,
      87,
      0,
      97,
      18,
      14,
      59,
      69,
      62,
      92,
      26,
      64,
      63,
      81,
      22,
      82,
      43
    ],
    [
      1,
      27,
      13,
      86,
      34,
      88,
      42,
      35,
      52,
      32,
      79,
      33,
      56,
      46,
      24,
      31,
      91,
      66,
      68,
      83
    ]
  ],
  "task_split_classes": [
    [
      "cattle",
      "lamp",
      "pickup_truck",
      "pear",
      "whale",
      "orange",
      "snail",
      "dolphin",
      "tractor",
      "sea",
      "bridge",
      "ray",
      "lawn_mower",
      "beaver",
      "baby",
      "bear",
      "castle",
      "cup",
      "mushroom",
      "otter"
    ],
    [
      "rabbit",
      "skyscraper",
      "table",
      "woman",
      "lobster",
      "couch",
      "beetle",
      "maple_tree",
      "rose",
      "worm",
      "chimpanzee",
      "seal",
      "tank",
      "plain",
      "bee",
      "shrew",
      "willow_tree",
      "mouse",
      "mountain",
      "squirrel"
    ],
    [
      "kangaroo",
      "turtle",
      "dinosaur",
      "hamster",
      "bicycle",
      "motorcycle",
      "bed",
      "shark",
      "house",
      "chair",
      "wardrobe",
      "camel",
      "cloud",
      "skunk",
      "can",
      "train",
      "orchid",
      "bowl",
      "keyboard",
      "snake"
    ],
    [
      "plate",
      "bottle",
      "boy",
      "lizard",
      "television",
      "apple",
      "wolf",
      "caterpillar",
      "butterfly",
      "pine_tree",
      "rocket",
      "poppy",
      "tulip",
      "crab",
      "possum",
      "porcupine",
      "streetcar",
      "clock",
      "sunflower",
      "lion"
    ],
    [
      "aquarium_fish",
      "crocodile",
      "bus",
      "telephone",
      "fox",
      "tiger",
      "leopard",
      "girl",
      "oak_tree",
      "flatfish",
      "spider",
      "forest",
      "palm_tree",
      "man",
      "cockroach",
      "elephant",
      "trout",
      "raccoon",
      "road",
      "sweet_pepper"
    ]
  ]
}
2023-02-11 12:24:24.755 | DEBUG    | __main__:run_experiment:282 - PID: 12692
2023-02-11 12:24:24.756 | INFO     | __main__:run_experiment:284 - Starting...
2023-02-11 12:24:24.757 | INFO     | algorithms.algorithm_base:train:116 - {
  "name": "algorithms.der_pp.DarkExperiencePlusPlus",
  "model_class": "models.cifar.resnet.ResNet",
  "device": "cuda:0",
  "dataset_class": "datasets.cifar100.CIFAR100",
  "optimiser_class": "torch.optim.sgd.SGD",
  "loss_criterion_class": "torch.nn.modules.loss.CrossEntropyLoss",
  "epochs_per_task": 1,
  "batch_size": 16,
  "max_memory_samples": 1000,
  "alpha": 0.5,
  "beta": 0
}
2023-02-11 12:24:24.760 | DEBUG    | algorithms.algorithm_base:_setup_training:109 - Model moved to cuda:0 and set to train mode
2023-02-11 12:24:24.761 | INFO     | algorithms.algorithm_base:train:118 - Starting training
2023-02-11 12:24:24.762 | INFO     | algorithms.der_pp:train:86 - Task 1 / 5
2023-02-11 12:24:24.763 | INFO     | algorithms.der_pp:train:87 - Classes in task: ['cattle', 'lamp', 'pickup_truck', 'pear', 'whale', 'orange', 'snail', 'dolphin', 'tractor', 'sea', 'bridge', 'ray', 'lawn_mower', 'beaver', 'baby', 'bear', 'castle', 'cup', 'mushroom', 'otter']
2023-02-11 12:24:24.764 | INFO     | algorithms.der_pp:train:95 - Starting epoch 1 / 1
2023-02-11 12:24:28.825 | INFO     | algorithms.der_pp:train:159 - 0:1:40, loss: 5.127
2023-02-11 12:24:30.868 | INFO     | algorithms.der_pp:train:159 - 0:1:80, loss: 4.769
2023-02-11 12:24:32.912 | INFO     | algorithms.der_pp:train:159 - 0:1:120, loss: 4.578
2023-02-11 12:24:34.959 | INFO     | algorithms.der_pp:train:159 - 0:1:160, loss: 4.375
2023-02-11 12:24:37.007 | INFO     | algorithms.der_pp:train:159 - 0:1:200, loss: 4.221
2023-02-11 12:24:39.062 | INFO     | algorithms.der_pp:train:159 - 0:1:240, loss: 4.160
2023-02-11 12:24:41.115 | INFO     | algorithms.der_pp:train:159 - 0:1:280, loss: 4.055
2023-02-11 12:24:43.179 | INFO     | algorithms.der_pp:train:159 - 0:1:320, loss: 4.076
2023-02-11 12:24:45.240 | INFO     | algorithms.der_pp:train:159 - 0:1:360, loss: 4.025
2023-02-11 12:24:47.304 | INFO     | algorithms.der_pp:train:159 - 0:1:400, loss: 3.964
2023-02-11 12:24:49.360 | INFO     | algorithms.der_pp:train:159 - 0:1:440, loss: 3.683
2023-02-11 12:24:51.421 | INFO     | algorithms.der_pp:train:159 - 0:1:480, loss: 3.793
2023-02-11 12:24:53.477 | INFO     | algorithms.der_pp:train:159 - 0:1:520, loss: 3.758
2023-02-11 12:24:55.568 | INFO     | algorithms.der_pp:train:159 - 0:1:560, loss: 3.728
2023-02-11 12:24:57.667 | INFO     | algorithms.der_pp:train:159 - 0:1:600, loss: 3.617
2023-02-11 12:24:58.925 | DEBUG    | algorithms.der_pp:train:162 - Current sample stats:
2023-02-11 12:24:58.926 | DEBUG    | algorithms.der_pp:train:165 - 67 has 50 samples
2023-02-11 12:24:58.926 | DEBUG    | algorithms.der_pp:train:165 - 28 has 50 samples
2023-02-11 12:24:58.927 | DEBUG    | algorithms.der_pp:train:165 - 55 has 50 samples
2023-02-11 12:24:58.928 | DEBUG    | algorithms.der_pp:train:165 - 57 has 50 samples
2023-02-11 12:24:58.928 | DEBUG    | algorithms.der_pp:train:165 - 17 has 50 samples
2023-02-11 12:24:58.929 | DEBUG    | algorithms.der_pp:train:165 - 58 has 50 samples
2023-02-11 12:24:58.930 | DEBUG    | algorithms.der_pp:train:165 - 41 has 50 samples
2023-02-11 12:24:58.930 | DEBUG    | algorithms.der_pp:train:165 - 40 has 50 samples
2023-02-11 12:24:58.931 | DEBUG    | algorithms.der_pp:train:165 - 4 has 50 samples
2023-02-11 12:24:58.932 | DEBUG    | algorithms.der_pp:train:165 - 71 has 50 samples
2023-02-11 12:24:58.932 | DEBUG    | algorithms.der_pp:train:165 - 19 has 50 samples
2023-02-11 12:24:58.933 | DEBUG    | algorithms.der_pp:train:165 - 53 has 50 samples
2023-02-11 12:24:58.934 | DEBUG    | algorithms.der_pp:train:165 - 95 has 50 samples
2023-02-11 12:24:58.935 | DEBUG    | algorithms.der_pp:train:165 - 2 has 50 samples
2023-02-11 12:24:58.935 | DEBUG    | algorithms.der_pp:train:165 - 30 has 50 samples
2023-02-11 12:24:58.936 | DEBUG    | algorithms.der_pp:train:165 - 51 has 50 samples
2023-02-11 12:24:58.937 | DEBUG    | algorithms.der_pp:train:165 - 12 has 50 samples
2023-02-11 12:24:58.937 | DEBUG    | algorithms.der_pp:train:165 - 77 has 50 samples
2023-02-11 12:24:58.938 | DEBUG    | algorithms.der_pp:train:165 - 89 has 50 samples
2023-02-11 12:24:58.938 | DEBUG    | algorithms.der_pp:train:165 - 3 has 50 samples
2023-02-11 12:24:58.939 | INFO     | algorithms.der_pp:train:170 - 1, loss: 4.108
2023-02-11 12:24:58.940 | INFO     | algorithms.algorithm_base:run_base_task_metrics:144 - Running metrics: Task 0
2023-02-11 12:25:02.951 | DEBUG    | algorithms.algorithm_base:run_base_task_metrics:200 - Raw classification accuracy results saved to ./output_cifar100_varied_sampling/der_pp/1676118263.4310417_CIFAR100_OFFICIAL_RUN/task_0_accuracy_results.json
2023-02-11 12:25:02.953 | INFO     | algorithms.algorithm_base:run_base_task_metrics:201 - Correctly classified 560 / 10000 samples (5.60% correct)
2023-02-11 12:25:03.419 | INFO     | algorithms.der_pp:train:86 - Task 2 / 5
2023-02-11 12:25:03.424 | INFO     | algorithms.der_pp:train:87 - Classes in task: ['rabbit', 'skyscraper', 'table', 'woman', 'lobster', 'couch', 'beetle', 'maple_tree', 'rose', 'worm', 'chimpanzee', 'seal', 'tank', 'plain', 'bee', 'shrew', 'willow_tree', 'mouse', 'mountain', 'squirrel']
2023-02-11 12:25:03.425 | INFO     | algorithms.der_pp:train:95 - Starting epoch 1 / 1
2023-02-11 12:25:05.598 | INFO     | algorithms.der_pp:train:159 - 1:1:40, loss: 5.362
2023-02-11 12:25:07.698 | INFO     | algorithms.der_pp:train:159 - 1:1:80, loss: 5.020
2023-02-11 12:25:09.807 | INFO     | algorithms.der_pp:train:159 - 1:1:120, loss: 4.698
2023-02-11 12:25:11.914 | INFO     | algorithms.der_pp:train:159 - 1:1:160, loss: 4.519
2023-02-11 12:25:14.028 | INFO     | algorithms.der_pp:train:159 - 1:1:200, loss: 4.369
2023-02-11 12:25:16.139 | INFO     | algorithms.der_pp:train:159 - 1:1:240, loss: 4.400
2023-02-11 12:25:18.258 | INFO     | algorithms.der_pp:train:159 - 1:1:280, loss: 4.298
2023-02-11 12:25:20.371 | INFO     | algorithms.der_pp:train:159 - 1:1:320, loss: 4.119
2023-02-11 12:25:22.493 | INFO     | algorithms.der_pp:train:159 - 1:1:360, loss: 4.105
2023-02-11 12:25:24.607 | INFO     | algorithms.der_pp:train:159 - 1:1:400, loss: 4.075
2023-02-11 12:25:26.730 | INFO     | algorithms.der_pp:train:159 - 1:1:440, loss: 4.054
2023-02-11 12:25:28.844 | INFO     | algorithms.der_pp:train:159 - 1:1:480, loss: 3.981
2023-02-11 12:25:30.959 | INFO     | algorithms.der_pp:train:159 - 1:1:520, loss: 4.011
2023-02-11 12:25:33.075 | INFO     | algorithms.der_pp:train:159 - 1:1:560, loss: 3.921
2023-02-11 12:25:35.190 | INFO     | algorithms.der_pp:train:159 - 1:1:600, loss: 3.920
2023-02-11 12:25:36.463 | DEBUG    | algorithms.der_pp:train:162 - Current sample stats:
2023-02-11 12:25:36.464 | DEBUG    | algorithms.der_pp:train:165 - 67 has 25 samples
2023-02-11 12:25:36.465 | DEBUG    | algorithms.der_pp:train:165 - 28 has 25 samples
2023-02-11 12:25:36.466 | DEBUG    | algorithms.der_pp:train:165 - 55 has 25 samples
2023-02-11 12:25:36.466 | DEBUG    | algorithms.der_pp:train:165 - 57 has 25 samples
2023-02-11 12:25:36.467 | DEBUG    | algorithms.der_pp:train:165 - 17 has 25 samples
2023-02-11 12:25:36.468 | DEBUG    | algorithms.der_pp:train:165 - 58 has 25 samples
2023-02-11 12:25:36.468 | DEBUG    | algorithms.der_pp:train:165 - 41 has 25 samples
2023-02-11 12:25:36.469 | DEBUG    | algorithms.der_pp:train:165 - 40 has 25 samples
2023-02-11 12:25:36.470 | DEBUG    | algorithms.der_pp:train:165 - 4 has 25 samples
2023-02-11 12:25:36.470 | DEBUG    | algorithms.der_pp:train:165 - 71 has 25 samples
2023-02-11 12:25:36.471 | DEBUG    | algorithms.der_pp:train:165 - 19 has 25 samples
2023-02-11 12:25:36.472 | DEBUG    | algorithms.der_pp:train:165 - 53 has 25 samples
2023-02-11 12:25:36.472 | DEBUG    | algorithms.der_pp:train:165 - 95 has 25 samples
2023-02-11 12:25:36.473 | DEBUG    | algorithms.der_pp:train:165 - 2 has 25 samples
2023-02-11 12:25:36.474 | DEBUG    | algorithms.der_pp:train:165 - 30 has 25 samples
2023-02-11 12:25:36.475 | DEBUG    | algorithms.der_pp:train:165 - 51 has 25 samples
2023-02-11 12:25:36.475 | DEBUG    | algorithms.der_pp:train:165 - 12 has 25 samples
2023-02-11 12:25:36.476 | DEBUG    | algorithms.der_pp:train:165 - 77 has 25 samples
2023-02-11 12:25:36.476 | DEBUG    | algorithms.der_pp:train:165 - 89 has 25 samples
2023-02-11 12:25:36.477 | DEBUG    | algorithms.der_pp:train:165 - 3 has 25 samples
2023-02-11 12:25:36.478 | DEBUG    | algorithms.der_pp:train:165 - 21 has 25 samples
2023-02-11 12:25:36.478 | DEBUG    | algorithms.der_pp:train:165 - 50 has 25 samples
2023-02-11 12:25:36.479 | DEBUG    | algorithms.der_pp:train:165 - 72 has 25 samples
2023-02-11 12:25:36.480 | DEBUG    | algorithms.der_pp:train:165 - 47 has 25 samples
2023-02-11 12:25:36.481 | DEBUG    | algorithms.der_pp:train:165 - 74 has 25 samples
2023-02-11 12:25:36.481 | DEBUG    | algorithms.der_pp:train:165 - 45 has 25 samples
2023-02-11 12:25:36.481 | DEBUG    | algorithms.der_pp:train:165 - 49 has 25 samples
2023-02-11 12:25:36.482 | DEBUG    | algorithms.der_pp:train:165 - 70 has 25 samples
2023-02-11 12:25:36.482 | DEBUG    | algorithms.der_pp:train:165 - 7 has 25 samples
2023-02-11 12:25:36.483 | DEBUG    | algorithms.der_pp:train:165 - 80 has 25 samples
2023-02-11 12:25:36.484 | DEBUG    | algorithms.der_pp:train:165 - 76 has 25 samples
2023-02-11 12:25:36.484 | DEBUG    | algorithms.der_pp:train:165 - 65 has 25 samples
2023-02-11 12:25:36.485 | DEBUG    | algorithms.der_pp:train:165 - 85 has 25 samples
2023-02-11 12:25:36.486 | DEBUG    | algorithms.der_pp:train:165 - 96 has 25 samples
2023-02-11 12:25:36.487 | DEBUG    | algorithms.der_pp:train:165 - 6 has 25 samples
2023-02-11 12:25:36.487 | DEBUG    | algorithms.der_pp:train:165 - 25 has 25 samples
2023-02-11 12:25:36.488 | DEBUG    | algorithms.der_pp:train:165 - 84 has 25 samples
2023-02-11 12:25:36.489 | DEBUG    | algorithms.der_pp:train:165 - 99 has 25 samples
2023-02-11 12:25:36.489 | DEBUG    | algorithms.der_pp:train:165 - 98 has 25 samples
2023-02-11 12:25:36.490 | DEBUG    | algorithms.der_pp:train:165 - 60 has 25 samples
2023-02-11 12:25:36.491 | INFO     | algorithms.der_pp:train:170 - 1, loss: 4.306
2023-02-11 12:25:36.492 | INFO     | algorithms.algorithm_base:run_base_task_metrics:144 - Running metrics: Task 1
2023-02-11 12:25:40.546 | DEBUG    | algorithms.algorithm_base:run_base_task_metrics:200 - Raw classification accuracy results saved to ./output_cifar100_varied_sampling/der_pp/1676118263.4310417_CIFAR100_OFFICIAL_RUN/task_1_accuracy_results.json
2023-02-11 12:25:40.548 | INFO     | algorithms.algorithm_base:run_base_task_metrics:201 - Correctly classified 631 / 10000 samples (6.31% correct)
2023-02-11 12:25:40.922 | INFO     | algorithms.der_pp:train:86 - Task 3 / 5
2023-02-11 12:25:40.927 | INFO     | algorithms.der_pp:train:87 - Classes in task: ['kangaroo', 'turtle', 'dinosaur', 'hamster', 'bicycle', 'motorcycle', 'bed', 'shark', 'house', 'chair', 'wardrobe', 'camel', 'cloud', 'skunk', 'can', 'train', 'orchid', 'bowl', 'keyboard', 'snake']
2023-02-11 12:25:40.928 | INFO     | algorithms.der_pp:train:95 - Starting epoch 1 / 1
2023-02-11 12:25:43.097 | INFO     | algorithms.der_pp:train:159 - 2:1:40, loss: 5.439
2023-02-11 12:25:45.200 | INFO     | algorithms.der_pp:train:159 - 2:1:80, loss: 5.142
2023-02-11 12:25:47.308 | INFO     | algorithms.der_pp:train:159 - 2:1:120, loss: 4.871
2023-02-11 12:25:49.418 | INFO     | algorithms.der_pp:train:159 - 2:1:160, loss: 4.783
2023-02-11 12:25:51.533 | INFO     | algorithms.der_pp:train:159 - 2:1:200, loss: 4.559
2023-02-11 12:25:53.649 | INFO     | algorithms.der_pp:train:159 - 2:1:240, loss: 4.410
2023-02-11 12:25:55.762 | INFO     | algorithms.der_pp:train:159 - 2:1:280, loss: 4.301
2023-02-11 12:25:57.880 | INFO     | algorithms.der_pp:train:159 - 2:1:320, loss: 4.435
2023-02-11 12:25:59.988 | INFO     | algorithms.der_pp:train:159 - 2:1:360, loss: 4.370
2023-02-11 12:26:02.103 | INFO     | algorithms.der_pp:train:159 - 2:1:400, loss: 4.154
2023-02-11 12:26:04.218 | INFO     | algorithms.der_pp:train:159 - 2:1:440, loss: 4.188
2023-02-11 12:26:06.331 | INFO     | algorithms.der_pp:train:159 - 2:1:480, loss: 4.179
2023-02-11 12:26:08.447 | INFO     | algorithms.der_pp:train:159 - 2:1:520, loss: 4.024
2023-02-11 12:26:10.576 | INFO     | algorithms.der_pp:train:159 - 2:1:560, loss: 4.111
2023-02-11 12:26:12.693 | INFO     | algorithms.der_pp:train:159 - 2:1:600, loss: 4.005
2023-02-11 12:26:13.960 | DEBUG    | algorithms.der_pp:train:162 - Current sample stats:
2023-02-11 12:26:13.960 | DEBUG    | algorithms.der_pp:train:165 - 67 has 16 samples
2023-02-11 12:26:13.961 | DEBUG    | algorithms.der_pp:train:165 - 28 has 16 samples
2023-02-11 12:26:13.962 | DEBUG    | algorithms.der_pp:train:165 - 55 has 16 samples
2023-02-11 12:26:13.962 | DEBUG    | algorithms.der_pp:train:165 - 57 has 16 samples
2023-02-11 12:26:13.963 | DEBUG    | algorithms.der_pp:train:165 - 17 has 16 samples
2023-02-11 12:26:13.964 | DEBUG    | algorithms.der_pp:train:165 - 58 has 16 samples
2023-02-11 12:26:13.964 | DEBUG    | algorithms.der_pp:train:165 - 41 has 16 samples
2023-02-11 12:26:13.965 | DEBUG    | algorithms.der_pp:train:165 - 40 has 16 samples
2023-02-11 12:26:13.966 | DEBUG    | algorithms.der_pp:train:165 - 4 has 16 samples
2023-02-11 12:26:13.966 | DEBUG    | algorithms.der_pp:train:165 - 71 has 16 samples
2023-02-11 12:26:13.967 | DEBUG    | algorithms.der_pp:train:165 - 19 has 16 samples
2023-02-11 12:26:13.968 | DEBUG    | algorithms.der_pp:train:165 - 53 has 16 samples
2023-02-11 12:26:13.969 | DEBUG    | algorithms.der_pp:train:165 - 95 has 16 samples
2023-02-11 12:26:13.969 | DEBUG    | algorithms.der_pp:train:165 - 2 has 16 samples
2023-02-11 12:26:13.970 | DEBUG    | algorithms.der_pp:train:165 - 30 has 16 samples
2023-02-11 12:26:13.971 | DEBUG    | algorithms.der_pp:train:165 - 51 has 16 samples
2023-02-11 12:26:13.971 | DEBUG    | algorithms.der_pp:train:165 - 12 has 16 samples
2023-02-11 12:26:13.972 | DEBUG    | algorithms.der_pp:train:165 - 77 has 16 samples
2023-02-11 12:26:13.973 | DEBUG    | algorithms.der_pp:train:165 - 89 has 16 samples
2023-02-11 12:26:13.973 | DEBUG    | algorithms.der_pp:train:165 - 3 has 16 samples
2023-02-11 12:26:13.974 | DEBUG    | algorithms.der_pp:train:165 - 21 has 17 samples
2023-02-11 12:26:13.975 | DEBUG    | algorithms.der_pp:train:165 - 50 has 17 samples
2023-02-11 12:26:13.975 | DEBUG    | algorithms.der_pp:train:165 - 72 has 17 samples
2023-02-11 12:26:13.976 | DEBUG    | algorithms.der_pp:train:165 - 47 has 17 samples
2023-02-11 12:26:13.977 | DEBUG    | algorithms.der_pp:train:165 - 74 has 17 samples
2023-02-11 12:26:13.977 | DEBUG    | algorithms.der_pp:train:165 - 45 has 17 samples
2023-02-11 12:26:13.978 | DEBUG    | algorithms.der_pp:train:165 - 49 has 17 samples
2023-02-11 12:26:13.979 | DEBUG    | algorithms.der_pp:train:165 - 70 has 17 samples
2023-02-11 12:26:13.979 | DEBUG    | algorithms.der_pp:train:165 - 7 has 17 samples
2023-02-11 12:26:13.980 | DEBUG    | algorithms.der_pp:train:165 - 80 has 17 samples
2023-02-11 12:26:13.981 | DEBUG    | algorithms.der_pp:train:165 - 76 has 17 samples
2023-02-11 12:26:13.981 | DEBUG    | algorithms.der_pp:train:165 - 65 has 17 samples
2023-02-11 12:26:13.982 | DEBUG    | algorithms.der_pp:train:165 - 85 has 17 samples
2023-02-11 12:26:13.983 | DEBUG    | algorithms.der_pp:train:165 - 96 has 17 samples
2023-02-11 12:26:13.983 | DEBUG    | algorithms.der_pp:train:165 - 6 has 17 samples
2023-02-11 12:26:13.984 | DEBUG    | algorithms.der_pp:train:165 - 25 has 17 samples
2023-02-11 12:26:13.985 | DEBUG    | algorithms.der_pp:train:165 - 84 has 17 samples
2023-02-11 12:26:13.985 | DEBUG    | algorithms.der_pp:train:165 - 99 has 17 samples
2023-02-11 12:26:13.986 | DEBUG    | algorithms.der_pp:train:165 - 98 has 17 samples
2023-02-11 12:26:13.986 | DEBUG    | algorithms.der_pp:train:165 - 60 has 17 samples
2023-02-11 12:26:13.986 | DEBUG    | algorithms.der_pp:train:165 - 5 has 17 samples
2023-02-11 12:26:13.987 | DEBUG    | algorithms.der_pp:train:165 - 75 has 17 samples
2023-02-11 12:26:13.988 | DEBUG    | algorithms.der_pp:train:165 - 73 has 17 samples
2023-02-11 12:26:13.988 | DEBUG    | algorithms.der_pp:train:165 - 90 has 17 samples
2023-02-11 12:26:13.989 | DEBUG    | algorithms.der_pp:train:165 - 29 has 17 samples
2023-02-11 12:26:13.990 | DEBUG    | algorithms.der_pp:train:165 - 39 has 17 samples
2023-02-11 12:26:13.990 | DEBUG    | algorithms.der_pp:train:165 - 37 has 17 samples
2023-02-11 12:26:13.991 | DEBUG    | algorithms.der_pp:train:165 - 38 has 17 samples
2023-02-11 12:26:13.992 | DEBUG    | algorithms.der_pp:train:165 - 16 has 17 samples
2023-02-11 12:26:13.993 | DEBUG    | algorithms.der_pp:train:165 - 15 has 17 samples
2023-02-11 12:26:13.993 | DEBUG    | algorithms.der_pp:train:165 - 94 has 17 samples
2023-02-11 12:26:13.994 | DEBUG    | algorithms.der_pp:train:165 - 93 has 17 samples
2023-02-11 12:26:13.995 | DEBUG    | algorithms.der_pp:train:165 - 23 has 17 samples
2023-02-11 12:26:13.995 | DEBUG    | algorithms.der_pp:train:165 - 36 has 17 samples
2023-02-11 12:26:13.996 | DEBUG    | algorithms.der_pp:train:165 - 8 has 17 samples
2023-02-11 12:26:13.997 | DEBUG    | algorithms.der_pp:train:165 - 54 has 17 samples
2023-02-11 12:26:13.998 | DEBUG    | algorithms.der_pp:train:165 - 78 has 17 samples
2023-02-11 12:26:13.998 | DEBUG    | algorithms.der_pp:train:165 - 48 has 17 samples
2023-02-11 12:26:13.999 | DEBUG    | algorithms.der_pp:train:165 - 10 has 17 samples
2023-02-11 12:26:14.000 | DEBUG    | algorithms.der_pp:train:165 - 20 has 17 samples
2023-02-11 12:26:14.000 | INFO     | algorithms.der_pp:train:170 - 1, loss: 4.446
2023-02-11 12:26:14.001 | INFO     | algorithms.algorithm_base:run_base_task_metrics:144 - Running metrics: Task 2
2023-02-11 12:26:18.133 | DEBUG    | algorithms.algorithm_base:run_base_task_metrics:200 - Raw classification accuracy results saved to ./output_cifar100_varied_sampling/der_pp/1676118263.4310417_CIFAR100_OFFICIAL_RUN/task_2_accuracy_results.json
2023-02-11 12:26:18.135 | INFO     | algorithms.algorithm_base:run_base_task_metrics:201 - Correctly classified 661 / 10000 samples (6.61% correct)
2023-02-11 12:26:18.560 | INFO     | algorithms.der_pp:train:86 - Task 4 / 5
2023-02-11 12:26:18.565 | INFO     | algorithms.der_pp:train:87 - Classes in task: ['plate', 'bottle', 'boy', 'lizard', 'television', 'apple', 'wolf', 'caterpillar', 'butterfly', 'pine_tree', 'rocket', 'poppy', 'tulip', 'crab', 'possum', 'porcupine', 'streetcar', 'clock', 'sunflower', 'lion']
2023-02-11 12:26:18.566 | INFO     | algorithms.der_pp:train:95 - Starting epoch 1 / 1
2023-02-11 12:26:20.737 | INFO     | algorithms.der_pp:train:159 - 3:1:40, loss: 5.480
2023-02-11 12:26:22.843 | INFO     | algorithms.der_pp:train:159 - 3:1:80, loss: 4.992
2023-02-11 12:26:24.957 | INFO     | algorithms.der_pp:train:159 - 3:1:120, loss: 4.800
2023-02-11 12:26:27.077 | INFO     | algorithms.der_pp:train:159 - 3:1:160, loss: 4.633
2023-02-11 12:26:29.194 | INFO     | algorithms.der_pp:train:159 - 3:1:200, loss: 4.489
2023-02-11 12:26:31.306 | INFO     | algorithms.der_pp:train:159 - 3:1:240, loss: 4.413
2023-02-11 12:26:33.422 | INFO     | algorithms.der_pp:train:159 - 3:1:280, loss: 4.483
2023-02-11 12:26:35.539 | INFO     | algorithms.der_pp:train:159 - 3:1:320, loss: 4.145
2023-02-11 12:26:37.656 | INFO     | algorithms.der_pp:train:159 - 3:1:360, loss: 4.266
2023-02-11 12:26:39.771 | INFO     | algorithms.der_pp:train:159 - 3:1:400, loss: 4.030
2023-02-11 12:26:41.887 | INFO     | algorithms.der_pp:train:159 - 3:1:440, loss: 4.104
2023-02-11 12:26:44.005 | INFO     | algorithms.der_pp:train:159 - 3:1:480, loss: 4.093
2023-02-11 12:26:46.115 | INFO     | algorithms.der_pp:train:159 - 3:1:520, loss: 3.943
2023-02-11 12:26:48.235 | INFO     | algorithms.der_pp:train:159 - 3:1:560, loss: 3.854
2023-02-11 12:26:50.347 | INFO     | algorithms.der_pp:train:159 - 3:1:600, loss: 3.925
2023-02-11 12:26:51.616 | DEBUG    | algorithms.der_pp:train:162 - Current sample stats:
2023-02-11 12:26:51.617 | DEBUG    | algorithms.der_pp:train:165 - 67 has 12 samples
2023-02-11 12:26:51.617 | DEBUG    | algorithms.der_pp:train:165 - 28 has 12 samples
2023-02-11 12:26:51.618 | DEBUG    | algorithms.der_pp:train:165 - 55 has 12 samples
2023-02-11 12:26:51.619 | DEBUG    | algorithms.der_pp:train:165 - 57 has 12 samples
2023-02-11 12:26:51.619 | DEBUG    | algorithms.der_pp:train:165 - 17 has 12 samples
2023-02-11 12:26:51.620 | DEBUG    | algorithms.der_pp:train:165 - 58 has 12 samples
2023-02-11 12:26:51.621 | DEBUG    | algorithms.der_pp:train:165 - 41 has 12 samples
2023-02-11 12:26:51.622 | DEBUG    | algorithms.der_pp:train:165 - 40 has 12 samples
2023-02-11 12:26:51.622 | DEBUG    | algorithms.der_pp:train:165 - 4 has 12 samples
2023-02-11 12:26:51.623 | DEBUG    | algorithms.der_pp:train:165 - 71 has 12 samples
2023-02-11 12:26:51.624 | DEBUG    | algorithms.der_pp:train:165 - 19 has 12 samples
2023-02-11 12:26:51.624 | DEBUG    | algorithms.der_pp:train:165 - 53 has 12 samples
2023-02-11 12:26:51.625 | DEBUG    | algorithms.der_pp:train:165 - 95 has 12 samples
2023-02-11 12:26:51.626 | DEBUG    | algorithms.der_pp:train:165 - 2 has 12 samples
2023-02-11 12:26:51.627 | DEBUG    | algorithms.der_pp:train:165 - 30 has 12 samples
2023-02-11 12:26:51.627 | DEBUG    | algorithms.der_pp:train:165 - 51 has 12 samples
2023-02-11 12:26:51.628 | DEBUG    | algorithms.der_pp:train:165 - 12 has 12 samples
2023-02-11 12:26:51.629 | DEBUG    | algorithms.der_pp:train:165 - 77 has 12 samples
2023-02-11 12:26:51.630 | DEBUG    | algorithms.der_pp:train:165 - 89 has 12 samples
2023-02-11 12:26:51.630 | DEBUG    | algorithms.der_pp:train:165 - 3 has 12 samples
2023-02-11 12:26:51.631 | DEBUG    | algorithms.der_pp:train:165 - 21 has 12 samples
2023-02-11 12:26:51.632 | DEBUG    | algorithms.der_pp:train:165 - 50 has 12 samples
2023-02-11 12:26:51.632 | DEBUG    | algorithms.der_pp:train:165 - 72 has 12 samples
2023-02-11 12:26:51.633 | DEBUG    | algorithms.der_pp:train:165 - 47 has 12 samples
2023-02-11 12:26:51.634 | DEBUG    | algorithms.der_pp:train:165 - 74 has 12 samples
2023-02-11 12:26:51.635 | DEBUG    | algorithms.der_pp:train:165 - 45 has 12 samples
2023-02-11 12:26:51.635 | DEBUG    | algorithms.der_pp:train:165 - 49 has 12 samples
2023-02-11 12:26:51.636 | DEBUG    | algorithms.der_pp:train:165 - 70 has 12 samples
2023-02-11 12:26:51.637 | DEBUG    | algorithms.der_pp:train:165 - 7 has 12 samples
2023-02-11 12:26:51.638 | DEBUG    | algorithms.der_pp:train:165 - 80 has 12 samples
2023-02-11 12:26:51.638 | DEBUG    | algorithms.der_pp:train:165 - 76 has 12 samples
2023-02-11 12:26:51.639 | DEBUG    | algorithms.der_pp:train:165 - 65 has 12 samples
2023-02-11 12:26:51.640 | DEBUG    | algorithms.der_pp:train:165 - 85 has 12 samples
2023-02-11 12:26:51.641 | DEBUG    | algorithms.der_pp:train:165 - 96 has 12 samples
2023-02-11 12:26:51.641 | DEBUG    | algorithms.der_pp:train:165 - 6 has 12 samples
2023-02-11 12:26:51.642 | DEBUG    | algorithms.der_pp:train:165 - 25 has 12 samples
2023-02-11 12:26:51.643 | DEBUG    | algorithms.der_pp:train:165 - 84 has 12 samples
2023-02-11 12:26:51.643 | DEBUG    | algorithms.der_pp:train:165 - 99 has 12 samples
2023-02-11 12:26:51.644 | DEBUG    | algorithms.der_pp:train:165 - 98 has 12 samples
2023-02-11 12:26:51.645 | DEBUG    | algorithms.der_pp:train:165 - 60 has 12 samples
2023-02-11 12:26:51.646 | DEBUG    | algorithms.der_pp:train:165 - 5 has 13 samples
2023-02-11 12:26:51.646 | DEBUG    | algorithms.der_pp:train:165 - 75 has 13 samples
2023-02-11 12:26:51.647 | DEBUG    | algorithms.der_pp:train:165 - 73 has 13 samples
2023-02-11 12:26:51.648 | DEBUG    | algorithms.der_pp:train:165 - 90 has 13 samples
2023-02-11 12:26:51.648 | DEBUG    | algorithms.der_pp:train:165 - 29 has 13 samples
2023-02-11 12:26:51.649 | DEBUG    | algorithms.der_pp:train:165 - 39 has 13 samples
2023-02-11 12:26:51.650 | DEBUG    | algorithms.der_pp:train:165 - 37 has 13 samples
2023-02-11 12:26:51.651 | DEBUG    | algorithms.der_pp:train:165 - 38 has 13 samples
2023-02-11 12:26:51.651 | DEBUG    | algorithms.der_pp:train:165 - 16 has 13 samples
2023-02-11 12:26:51.652 | DEBUG    | algorithms.der_pp:train:165 - 15 has 13 samples
2023-02-11 12:26:51.653 | DEBUG    | algorithms.der_pp:train:165 - 94 has 13 samples
2023-02-11 12:26:51.654 | DEBUG    | algorithms.der_pp:train:165 - 93 has 13 samples
2023-02-11 12:26:51.654 | DEBUG    | algorithms.der_pp:train:165 - 23 has 13 samples
2023-02-11 12:26:51.655 | DEBUG    | algorithms.der_pp:train:165 - 36 has 13 samples
2023-02-11 12:26:51.656 | DEBUG    | algorithms.der_pp:train:165 - 8 has 13 samples
2023-02-11 12:26:51.656 | DEBUG    | algorithms.der_pp:train:165 - 54 has 13 samples
2023-02-11 12:26:51.657 | DEBUG    | algorithms.der_pp:train:165 - 78 has 13 samples
2023-02-11 12:26:51.658 | DEBUG    | algorithms.der_pp:train:165 - 48 has 13 samples
2023-02-11 12:26:51.658 | DEBUG    | algorithms.der_pp:train:165 - 10 has 13 samples
2023-02-11 12:26:51.659 | DEBUG    | algorithms.der_pp:train:165 - 20 has 13 samples
2023-02-11 12:26:51.660 | DEBUG    | algorithms.der_pp:train:165 - 82 has 13 samples
2023-02-11 12:26:51.661 | DEBUG    | algorithms.der_pp:train:165 - 44 has 13 samples
2023-02-11 12:26:51.661 | DEBUG    | algorithms.der_pp:train:165 - 26 has 13 samples
2023-02-11 12:26:51.662 | DEBUG    | algorithms.der_pp:train:165 - 43 has 13 samples
2023-02-11 12:26:51.663 | DEBUG    | algorithms.der_pp:train:165 - 69 has 13 samples
2023-02-11 12:26:51.663 | DEBUG    | algorithms.der_pp:train:165 - 59 has 13 samples
2023-02-11 12:26:51.664 | DEBUG    | algorithms.der_pp:train:165 - 97 has 13 samples
2023-02-11 12:26:51.665 | DEBUG    | algorithms.der_pp:train:165 - 22 has 13 samples
2023-02-11 12:26:51.666 | DEBUG    | algorithms.der_pp:train:165 - 0 has 13 samples
2023-02-11 12:26:51.666 | DEBUG    | algorithms.der_pp:train:165 - 18 has 13 samples
2023-02-11 12:26:51.667 | DEBUG    | algorithms.der_pp:train:165 - 11 has 13 samples
2023-02-11 12:26:51.668 | DEBUG    | algorithms.der_pp:train:165 - 64 has 13 samples
2023-02-11 12:26:51.668 | DEBUG    | algorithms.der_pp:train:165 - 81 has 13 samples
2023-02-11 12:26:51.669 | DEBUG    | algorithms.der_pp:train:165 - 87 has 13 samples
2023-02-11 12:26:51.670 | DEBUG    | algorithms.der_pp:train:165 - 92 has 13 samples
2023-02-11 12:26:51.671 | DEBUG    | algorithms.der_pp:train:165 - 14 has 13 samples
2023-02-11 12:26:51.671 | DEBUG    | algorithms.der_pp:train:165 - 62 has 13 samples
2023-02-11 12:26:51.672 | DEBUG    | algorithms.der_pp:train:165 - 63 has 13 samples
2023-02-11 12:26:51.673 | DEBUG    | algorithms.der_pp:train:165 - 61 has 13 samples
2023-02-11 12:26:51.674 | DEBUG    | algorithms.der_pp:train:165 - 9 has 13 samples
2023-02-11 12:26:51.674 | INFO     | algorithms.der_pp:train:170 - 1, loss: 4.364
2023-02-11 12:26:51.675 | INFO     | algorithms.algorithm_base:run_base_task_metrics:144 - Running metrics: Task 3
2023-02-11 12:26:55.710 | DEBUG    | algorithms.algorithm_base:run_base_task_metrics:200 - Raw classification accuracy results saved to ./output_cifar100_varied_sampling/der_pp/1676118263.4310417_CIFAR100_OFFICIAL_RUN/task_3_accuracy_results.json
2023-02-11 12:26:55.712 | INFO     | algorithms.algorithm_base:run_base_task_metrics:201 - Correctly classified 616 / 10000 samples (6.16% correct)
2023-02-11 12:26:56.081 | INFO     | algorithms.der_pp:train:86 - Task 5 / 5
2023-02-11 12:26:56.086 | INFO     | algorithms.der_pp:train:87 - Classes in task: ['aquarium_fish', 'crocodile', 'bus', 'telephone', 'fox', 'tiger', 'leopard', 'girl', 'oak_tree', 'flatfish', 'spider', 'forest', 'palm_tree', 'man', 'cockroach', 'elephant', 'trout', 'raccoon', 'road', 'sweet_pepper']
2023-02-11 12:26:56.087 | INFO     | algorithms.der_pp:train:95 - Starting epoch 1 / 1
2023-02-11 12:26:58.261 | INFO     | algorithms.der_pp:train:159 - 4:1:40, loss: 5.792
2023-02-11 12:27:00.381 | INFO     | algorithms.der_pp:train:159 - 4:1:80, loss: 5.262
2023-02-11 12:27:02.500 | INFO     | algorithms.der_pp:train:159 - 4:1:120, loss: 5.136
2023-02-11 12:27:04.616 | INFO     | algorithms.der_pp:train:159 - 4:1:160, loss: 4.933
2023-02-11 12:27:06.735 | INFO     | algorithms.der_pp:train:159 - 4:1:200, loss: 4.802
2023-02-11 12:27:08.856 | INFO     | algorithms.der_pp:train:159 - 4:1:240, loss: 4.544
2023-02-11 12:27:10.974 | INFO     | algorithms.der_pp:train:159 - 4:1:280, loss: 4.522
2023-02-11 12:27:13.092 | INFO     | algorithms.der_pp:train:159 - 4:1:320, loss: 4.388
2023-02-11 12:27:15.214 | INFO     | algorithms.der_pp:train:159 - 4:1:360, loss: 4.445
2023-02-11 12:27:17.338 | INFO     | algorithms.der_pp:train:159 - 4:1:400, loss: 4.275
2023-02-11 12:27:19.456 | INFO     | algorithms.der_pp:train:159 - 4:1:440, loss: 4.288
2023-02-11 12:27:21.570 | INFO     | algorithms.der_pp:train:159 - 4:1:480, loss: 4.360
2023-02-11 12:27:23.692 | INFO     | algorithms.der_pp:train:159 - 4:1:520, loss: 4.251
2023-02-11 12:27:25.813 | INFO     | algorithms.der_pp:train:159 - 4:1:560, loss: 4.200
2023-02-11 12:27:27.935 | INFO     | algorithms.der_pp:train:159 - 4:1:600, loss: 4.225
2023-02-11 12:27:29.205 | DEBUG    | algorithms.der_pp:train:162 - Current sample stats:
2023-02-11 12:27:29.205 | DEBUG    | algorithms.der_pp:train:165 - 67 has 10 samples
2023-02-11 12:27:29.206 | DEBUG    | algorithms.der_pp:train:165 - 28 has 10 samples
2023-02-11 12:27:29.207 | DEBUG    | algorithms.der_pp:train:165 - 55 has 10 samples
2023-02-11 12:27:29.208 | DEBUG    | algorithms.der_pp:train:165 - 57 has 10 samples
2023-02-11 12:27:29.208 | DEBUG    | algorithms.der_pp:train:165 - 17 has 10 samples
2023-02-11 12:27:29.209 | DEBUG    | algorithms.der_pp:train:165 - 58 has 10 samples
2023-02-11 12:27:29.210 | DEBUG    | algorithms.der_pp:train:165 - 41 has 10 samples
2023-02-11 12:27:29.210 | DEBUG    | algorithms.der_pp:train:165 - 40 has 10 samples
2023-02-11 12:27:29.211 | DEBUG    | algorithms.der_pp:train:165 - 4 has 10 samples
2023-02-11 12:27:29.212 | DEBUG    | algorithms.der_pp:train:165 - 71 has 10 samples
2023-02-11 12:27:29.212 | DEBUG    | algorithms.der_pp:train:165 - 19 has 10 samples
2023-02-11 12:27:29.213 | DEBUG    | algorithms.der_pp:train:165 - 53 has 10 samples
2023-02-11 12:27:29.214 | DEBUG    | algorithms.der_pp:train:165 - 95 has 10 samples
2023-02-11 12:27:29.214 | DEBUG    | algorithms.der_pp:train:165 - 2 has 10 samples
2023-02-11 12:27:29.215 | DEBUG    | algorithms.der_pp:train:165 - 30 has 10 samples
2023-02-11 12:27:29.216 | DEBUG    | algorithms.der_pp:train:165 - 51 has 10 samples
2023-02-11 12:27:29.216 | DEBUG    | algorithms.der_pp:train:165 - 12 has 10 samples
2023-02-11 12:27:29.217 | DEBUG    | algorithms.der_pp:train:165 - 77 has 10 samples
2023-02-11 12:27:29.218 | DEBUG    | algorithms.der_pp:train:165 - 89 has 10 samples
2023-02-11 12:27:29.218 | DEBUG    | algorithms.der_pp:train:165 - 3 has 10 samples
2023-02-11 12:27:29.219 | DEBUG    | algorithms.der_pp:train:165 - 21 has 10 samples
2023-02-11 12:27:29.220 | DEBUG    | algorithms.der_pp:train:165 - 50 has 10 samples
2023-02-11 12:27:29.220 | DEBUG    | algorithms.der_pp:train:165 - 72 has 10 samples
2023-02-11 12:27:29.221 | DEBUG    | algorithms.der_pp:train:165 - 47 has 10 samples
2023-02-11 12:27:29.222 | DEBUG    | algorithms.der_pp:train:165 - 74 has 10 samples
2023-02-11 12:27:29.222 | DEBUG    | algorithms.der_pp:train:165 - 45 has 10 samples
2023-02-11 12:27:29.223 | DEBUG    | algorithms.der_pp:train:165 - 49 has 10 samples
2023-02-11 12:27:29.224 | DEBUG    | algorithms.der_pp:train:165 - 70 has 10 samples
2023-02-11 12:27:29.224 | DEBUG    | algorithms.der_pp:train:165 - 7 has 10 samples
2023-02-11 12:27:29.225 | DEBUG    | algorithms.der_pp:train:165 - 80 has 10 samples
2023-02-11 12:27:29.226 | DEBUG    | algorithms.der_pp:train:165 - 76 has 10 samples
2023-02-11 12:27:29.227 | DEBUG    | algorithms.der_pp:train:165 - 65 has 10 samples
2023-02-11 12:27:29.227 | DEBUG    | algorithms.der_pp:train:165 - 85 has 10 samples
2023-02-11 12:27:29.228 | DEBUG    | algorithms.der_pp:train:165 - 96 has 10 samples
2023-02-11 12:27:29.229 | DEBUG    | algorithms.der_pp:train:165 - 6 has 10 samples
2023-02-11 12:27:29.229 | DEBUG    | algorithms.der_pp:train:165 - 25 has 10 samples
2023-02-11 12:27:29.230 | DEBUG    | algorithms.der_pp:train:165 - 84 has 10 samples
2023-02-11 12:27:29.231 | DEBUG    | algorithms.der_pp:train:165 - 99 has 10 samples
2023-02-11 12:27:29.232 | DEBUG    | algorithms.der_pp:train:165 - 98 has 10 samples
2023-02-11 12:27:29.232 | DEBUG    | algorithms.der_pp:train:165 - 60 has 10 samples
2023-02-11 12:27:29.233 | DEBUG    | algorithms.der_pp:train:165 - 5 has 10 samples
2023-02-11 12:27:29.234 | DEBUG    | algorithms.der_pp:train:165 - 75 has 10 samples
2023-02-11 12:27:29.234 | DEBUG    | algorithms.der_pp:train:165 - 73 has 10 samples
2023-02-11 12:27:29.235 | DEBUG    | algorithms.der_pp:train:165 - 90 has 10 samples
2023-02-11 12:27:29.236 | DEBUG    | algorithms.der_pp:train:165 - 29 has 10 samples
2023-02-11 12:27:29.237 | DEBUG    | algorithms.der_pp:train:165 - 39 has 10 samples
2023-02-11 12:27:29.237 | DEBUG    | algorithms.der_pp:train:165 - 37 has 10 samples
2023-02-11 12:27:29.238 | DEBUG    | algorithms.der_pp:train:165 - 38 has 10 samples
2023-02-11 12:27:29.239 | DEBUG    | algorithms.der_pp:train:165 - 16 has 10 samples
2023-02-11 12:27:29.239 | DEBUG    | algorithms.der_pp:train:165 - 15 has 10 samples
2023-02-11 12:27:29.240 | DEBUG    | algorithms.der_pp:train:165 - 94 has 10 samples
2023-02-11 12:27:29.241 | DEBUG    | algorithms.der_pp:train:165 - 93 has 10 samples
2023-02-11 12:27:29.242 | DEBUG    | algorithms.der_pp:train:165 - 23 has 10 samples
2023-02-11 12:27:29.242 | DEBUG    | algorithms.der_pp:train:165 - 36 has 10 samples
2023-02-11 12:27:29.243 | DEBUG    | algorithms.der_pp:train:165 - 8 has 10 samples
2023-02-11 12:27:29.244 | DEBUG    | algorithms.der_pp:train:165 - 54 has 10 samples
2023-02-11 12:27:29.244 | DEBUG    | algorithms.der_pp:train:165 - 78 has 10 samples
2023-02-11 12:27:29.245 | DEBUG    | algorithms.der_pp:train:165 - 48 has 10 samples
2023-02-11 12:27:29.246 | DEBUG    | algorithms.der_pp:train:165 - 10 has 10 samples
2023-02-11 12:27:29.247 | DEBUG    | algorithms.der_pp:train:165 - 20 has 10 samples
2023-02-11 12:27:29.247 | DEBUG    | algorithms.der_pp:train:165 - 82 has 10 samples
2023-02-11 12:27:29.248 | DEBUG    | algorithms.der_pp:train:165 - 44 has 10 samples
2023-02-11 12:27:29.249 | DEBUG    | algorithms.der_pp:train:165 - 26 has 10 samples
2023-02-11 12:27:29.249 | DEBUG    | algorithms.der_pp:train:165 - 43 has 10 samples
2023-02-11 12:27:29.250 | DEBUG    | algorithms.der_pp:train:165 - 69 has 10 samples
2023-02-11 12:27:29.251 | DEBUG    | algorithms.der_pp:train:165 - 59 has 10 samples
2023-02-11 12:27:29.252 | DEBUG    | algorithms.der_pp:train:165 - 97 has 10 samples
2023-02-11 12:27:29.252 | DEBUG    | algorithms.der_pp:train:165 - 22 has 10 samples
2023-02-11 12:27:29.253 | DEBUG    | algorithms.der_pp:train:165 - 0 has 10 samples
2023-02-11 12:27:29.254 | DEBUG    | algorithms.der_pp:train:165 - 18 has 10 samples
2023-02-11 12:27:29.254 | DEBUG    | algorithms.der_pp:train:165 - 11 has 10 samples
2023-02-11 12:27:29.255 | DEBUG    | algorithms.der_pp:train:165 - 64 has 10 samples
2023-02-11 12:27:29.256 | DEBUG    | algorithms.der_pp:train:165 - 81 has 10 samples
2023-02-11 12:27:29.257 | DEBUG    | algorithms.der_pp:train:165 - 87 has 10 samples
2023-02-11 12:27:29.257 | DEBUG    | algorithms.der_pp:train:165 - 92 has 10 samples
2023-02-11 12:27:29.258 | DEBUG    | algorithms.der_pp:train:165 - 14 has 10 samples
2023-02-11 12:27:29.259 | DEBUG    | algorithms.der_pp:train:165 - 62 has 10 samples
2023-02-11 12:27:29.259 | DEBUG    | algorithms.der_pp:train:165 - 63 has 10 samples
2023-02-11 12:27:29.260 | DEBUG    | algorithms.der_pp:train:165 - 61 has 10 samples
2023-02-11 12:27:29.261 | DEBUG    | algorithms.der_pp:train:165 - 9 has 10 samples
2023-02-11 12:27:29.262 | DEBUG    | algorithms.der_pp:train:165 - 32 has 10 samples
2023-02-11 12:27:29.262 | DEBUG    | algorithms.der_pp:train:165 - 56 has 10 samples
2023-02-11 12:27:29.263 | DEBUG    | algorithms.der_pp:train:165 - 27 has 10 samples
2023-02-11 12:27:29.264 | DEBUG    | algorithms.der_pp:train:165 - 46 has 10 samples
2023-02-11 12:27:29.264 | DEBUG    | algorithms.der_pp:train:165 - 91 has 10 samples
2023-02-11 12:27:29.265 | DEBUG    | algorithms.der_pp:train:165 - 24 has 10 samples
2023-02-11 12:27:29.266 | DEBUG    | algorithms.der_pp:train:165 - 1 has 10 samples
2023-02-11 12:27:29.267 | DEBUG    | algorithms.der_pp:train:165 - 66 has 10 samples
2023-02-11 12:27:29.267 | DEBUG    | algorithms.der_pp:train:165 - 79 has 10 samples
2023-02-11 12:27:29.268 | DEBUG    | algorithms.der_pp:train:165 - 35 has 10 samples
2023-02-11 12:27:29.269 | DEBUG    | algorithms.der_pp:train:165 - 83 has 10 samples
2023-02-11 12:27:29.270 | DEBUG    | algorithms.der_pp:train:165 - 13 has 10 samples
2023-02-11 12:27:29.270 | DEBUG    | algorithms.der_pp:train:165 - 88 has 10 samples
2023-02-11 12:27:29.271 | DEBUG    | algorithms.der_pp:train:165 - 33 has 10 samples
2023-02-11 12:27:29.272 | DEBUG    | algorithms.der_pp:train:165 - 86 has 10 samples
2023-02-11 12:27:29.272 | DEBUG    | algorithms.der_pp:train:165 - 52 has 10 samples
2023-02-11 12:27:29.273 | DEBUG    | algorithms.der_pp:train:165 - 68 has 10 samples
2023-02-11 12:27:29.274 | DEBUG    | algorithms.der_pp:train:165 - 31 has 10 samples
2023-02-11 12:27:29.274 | DEBUG    | algorithms.der_pp:train:165 - 34 has 10 samples
2023-02-11 12:27:29.275 | DEBUG    | algorithms.der_pp:train:165 - 42 has 10 samples
2023-02-11 12:27:29.276 | INFO     | algorithms.der_pp:train:170 - 1, loss: 4.607
2023-02-11 12:27:29.277 | INFO     | algorithms.algorithm_base:run_base_task_metrics:144 - Running metrics: Task 4
2023-02-11 12:27:33.260 | DEBUG    | algorithms.algorithm_base:run_base_task_metrics:200 - Raw classification accuracy results saved to ./output_cifar100_varied_sampling/der_pp/1676118263.4310417_CIFAR100_OFFICIAL_RUN/task_4_accuracy_results.json
2023-02-11 12:27:33.262 | INFO     | algorithms.algorithm_base:run_base_task_metrics:201 - Correctly classified 718 / 10000 samples (7.18% correct)
2023-02-11 12:27:33.629 | INFO     | algorithms.der_pp:train:178 - Training complete
2023-02-11 12:27:33.633 | INFO     | __main__:run_experiment:290 - Training and evaluation completed!
2023-02-11 12:27:33.634 | INFO     | __main__:run_experiment:304 - Wrote usage stats to file
2023-02-11 12:27:33.636 | INFO     | __main__:main:351 - Complete
2023-02-11 12:27:33.636 | INFO     | __main__:close_tensorboard_writer:252 - Shut down TensorBoard
