2023-01-10 17:25:24.532 | INFO     | __main__:setup_files:173 - Experiment Name: OFFICIAL_RUN
2023-01-10 17:25:24.534 | INFO     | __main__:main:278 - Command line arguments: Configuration(algorithm='finetuning', dataset='cifar100', classes_per_task=20, seed=2214)
2023-01-10 17:25:24.536 | INFO     | __main__:main:282 - Seeded random to 2214
2023-01-10 17:25:24.537 | INFO     | __main__:main:286 - Got CUDA device
2023-01-10 17:25:24.538 | INFO     | __main__:force_cuda_load:221 - Forcing CUDA initialisation...
2023-01-10 17:25:24.594 | INFO     | __main__:main:290 - CUDA initialised
2023-01-10 17:25:24.595 | INFO     | __main__:setup_shutdown_hook:217 - To access TensorBoard, run the command: tensorboard --logdir=./output/finetuning/1673371524.5290904_CIFAR100_OFFICIAL_RUN
2023-01-10 17:25:24.597 | INFO     | __main__:main:294 - Setup shutdown hooks
2023-01-10 17:25:24.624 | INFO     | __main__:main:299 - Model is setup
2023-01-10 17:25:24.625 | INFO     | __main__:main:301 - Complete pre-setup, starting experiment
2023-01-10 17:25:25.815 | INFO     | datasets.dataset_base:__init__:80 - Using disjoint tasks with 20 (5 tasks) with a randomised split
2023-01-10 17:25:25.817 | DEBUG    | datasets.dataset_base:_setup_task_datasets:95 - Splitting dataset into 5 disjoint tasks
2023-01-10 17:25:25.837 | INFO     | datasets.dataset_base:__init__:85 - {
  "name": "datasets.cifar100.CIFAR100",
  "dataset_class": "torchvision.datasets.cifar.CIFAR100",
  "training_dataset_parameters": "{'train': True, 'download': True}",
  "testing_dataset_parameters": "{'train': False, 'download': True}",
  "training_transform": "Compose(\n    RandomCrop(size=(32, 32), padding=4)\n    RandomHorizontalFlip(p=0.5)\n    Resize(size=(32, 32), interpolation=bilinear, max_size=None, antialias=None)\n    ToTensor()\n    Normalize(mean=(0.5071, 0.4867, 0.4408), std=(0.2675, 0.2565, 0.2761))\n)",
  "testing_transform": "Compose(\n    Resize(size=(32, 32), interpolation=bilinear, max_size=None, antialias=None)\n    ToTensor()\n    Normalize(mean=(0.5071, 0.4867, 0.4408), std=(0.2675, 0.2565, 0.2761))\n)",
  "classes": "apple, aquarium_fish, baby, bear, beaver, bed, bee, beetle, bicycle, bottle, bowl, boy, bridge, bus, butterfly, camel, can, castle, caterpillar, cattle, chair, chimpanzee, clock, cloud, cockroach, couch, crab, crocodile, cup, dinosaur, dolphin, elephant, flatfish, forest, fox, girl, hamster, house, kangaroo, keyboard, lamp, lawn_mower, leopard, lion, lizard, lobster, man, maple_tree, motorcycle, mountain, mouse, mushroom, oak_tree, orange, orchid, otter, palm_tree, pear, pickup_truck, pine_tree, plain, plate, poppy, porcupine, possum, rabbit, raccoon, ray, road, rocket, rose, sea, seal, shark, shrew, skunk, skyscraper, snail, snake, spider, squirrel, streetcar, sunflower, sweet_pepper, table, tank, telephone, television, tiger, tractor, train, trout, tulip, turtle, wardrobe, whale, willow_tree, wolf, woman, worm",
  "disjoint": true,
  "task_count": 5,
  "classes_per_task": [
    20
  ],
  "task_split_indices": [
    [
      83,
      48,
      78,
      11,
      67,
      62,
      66,
      85,
      2,
      53,
      76,
      96,
      17,
      92,
      3,
      63,
      97,
      45,
      61,
      6
    ],
    [
      77,
      13,
      90,
      75,
      44,
      18,
      98,
      8,
      91,
      64,
      4,
      57,
      24,
      80,
      25,
      1,
      99,
      21,
      46,
      95
    ],
    [
      86,
      42,
      22,
      65,
      58,
      20,
      9,
      87,
      79,
      27,
      29,
      7,
      51,
      37,
      50,
      38,
      40,
      60,
      68,
      15
    ],
    [
      84,
      32,
      49,
      41,
      30,
      69,
      33,
      82,
      55,
      93,
      28,
      26,
      0,
      52,
      36,
      39,
      94,
      70,
      43,
      72
    ],
    [
      81,
      5,
      74,
      10,
      73,
      71,
      23,
      34,
      47,
      14,
      88,
      54,
      31,
      19,
      16,
      56,
      12,
      59,
      89,
      35
    ]
  ],
  "task_split_classes": [
    [
      "sweet_pepper",
      "motorcycle",
      "snake",
      "boy",
      "ray",
      "poppy",
      "raccoon",
      "tank",
      "baby",
      "orange",
      "skyscraper",
      "willow_tree",
      "castle",
      "tulip",
      "bear",
      "porcupine",
      "wolf",
      "lobster",
      "plate",
      "bee"
    ],
    [
      "snail",
      "bus",
      "train",
      "skunk",
      "lizard",
      "caterpillar",
      "woman",
      "bicycle",
      "trout",
      "possum",
      "beaver",
      "pear",
      "cockroach",
      "squirrel",
      "couch",
      "aquarium_fish",
      "worm",
      "chimpanzee",
      "man",
      "whale"
    ],
    [
      "telephone",
      "leopard",
      "clock",
      "rabbit",
      "pickup_truck",
      "chair",
      "bottle",
      "television",
      "spider",
      "crocodile",
      "dinosaur",
      "beetle",
      "mushroom",
      "house",
      "mouse",
      "kangaroo",
      "lamp",
      "plain",
      "road",
      "camel"
    ],
    [
      "table",
      "flatfish",
      "mountain",
      "lawn_mower",
      "dolphin",
      "rocket",
      "forest",
      "sunflower",
      "otter",
      "turtle",
      "cup",
      "crab",
      "apple",
      "oak_tree",
      "hamster",
      "keyboard",
      "wardrobe",
      "rose",
      "lion",
      "seal"
    ],
    [
      "streetcar",
      "bed",
      "shrew",
      "bowl",
      "shark",
      "sea",
      "cloud",
      "fox",
      "maple_tree",
      "butterfly",
      "tiger",
      "orchid",
      "elephant",
      "cattle",
      "can",
      "palm_tree",
      "bridge",
      "pine_tree",
      "tractor",
      "girl"
    ]
  ]
}
2023-01-10 17:25:25.842 | DEBUG    | __main__:run_experiment:245 - PID: 22448
2023-01-10 17:25:25.844 | INFO     | __main__:run_experiment:247 - Starting...
2023-01-10 17:25:25.845 | INFO     | algorithms.algorithm_base:train:116 - {
  "name": "algorithms.finetuning.Finetuning",
  "model_class": "models.cifar.resnet.ResNet",
  "device": "cuda:0",
  "dataset_class": "datasets.cifar100.CIFAR100",
  "optimiser_class": "torch.optim.sgd.SGD",
  "loss_criterion_class": "torch.nn.modules.loss.CrossEntropyLoss",
  "max_epochs_per_task": 1,
  "batch_size": 64
}
2023-01-10 17:25:25.847 | DEBUG    | algorithms.algorithm_base:_setup_training:109 - Model moved to cuda:0 and set to train mode
2023-01-10 17:25:25.848 | INFO     | algorithms.algorithm_base:train:118 - Starting training
2023-01-10 17:25:25.849 | INFO     | algorithms.finetuning:train:53 - Task 1 / 5
2023-01-10 17:25:25.849 | INFO     | algorithms.finetuning:train:54 - Classes in task: ['sweet_pepper', 'motorcycle', 'snake', 'boy', 'ray', 'poppy', 'raccoon', 'tank', 'baby', 'orange', 'skyscraper', 'willow_tree', 'castle', 'tulip', 'bear', 'porcupine', 'wolf', 'lobster', 'plate', 'bee']
2023-01-10 17:25:25.850 | INFO     | algorithms.finetuning:train:58 - Starting epoch 1 / 1
2023-01-10 17:25:33.238 | INFO     | algorithms.finetuning:train:83 - 1, loss: 4.362
2023-01-10 17:25:33.240 | INFO     | algorithms.algorithm_base:run_base_task_metrics:146 - Running metrics: Task 0
2023-01-10 17:25:37.216 | DEBUG    | algorithms.algorithm_base:run_base_task_metrics:202 - Raw classification accuracy results saved to ./output/finetuning/1673371524.5290904_CIFAR100_OFFICIAL_RUN/task_0_accuracy_results.json
2023-01-10 17:25:37.217 | INFO     | algorithms.algorithm_base:run_base_task_metrics:203 - Correctly classified 391 / 10000 samples (3.91% correct)
2023-01-10 17:25:37.697 | INFO     | algorithms.finetuning:train:53 - Task 2 / 5
2023-01-10 17:25:37.701 | INFO     | algorithms.finetuning:train:54 - Classes in task: ['snail', 'bus', 'train', 'skunk', 'lizard', 'caterpillar', 'woman', 'bicycle', 'trout', 'possum', 'beaver', 'pear', 'cockroach', 'squirrel', 'couch', 'aquarium_fish', 'worm', 'chimpanzee', 'man', 'whale']
2023-01-10 17:25:37.703 | INFO     | algorithms.finetuning:train:58 - Starting epoch 1 / 1
2023-01-10 17:25:43.183 | INFO     | algorithms.finetuning:train:83 - 1, loss: 2.973
2023-01-10 17:25:43.185 | INFO     | algorithms.algorithm_base:run_base_task_metrics:146 - Running metrics: Task 1
2023-01-10 17:25:47.111 | DEBUG    | algorithms.algorithm_base:run_base_task_metrics:202 - Raw classification accuracy results saved to ./output/finetuning/1673371524.5290904_CIFAR100_OFFICIAL_RUN/task_1_accuracy_results.json
2023-01-10 17:25:47.113 | INFO     | algorithms.algorithm_base:run_base_task_metrics:203 - Correctly classified 396 / 10000 samples (3.96% correct)
2023-01-10 17:25:47.491 | INFO     | algorithms.finetuning:train:53 - Task 3 / 5
2023-01-10 17:25:47.495 | INFO     | algorithms.finetuning:train:54 - Classes in task: ['telephone', 'leopard', 'clock', 'rabbit', 'pickup_truck', 'chair', 'bottle', 'television', 'spider', 'crocodile', 'dinosaur', 'beetle', 'mushroom', 'house', 'mouse', 'kangaroo', 'lamp', 'plain', 'road', 'camel']
2023-01-10 17:25:47.496 | INFO     | algorithms.finetuning:train:58 - Starting epoch 1 / 1
2023-01-10 17:25:52.979 | INFO     | algorithms.finetuning:train:83 - 1, loss: 3.365
2023-01-10 17:25:52.980 | INFO     | algorithms.algorithm_base:run_base_task_metrics:146 - Running metrics: Task 2
2023-01-10 17:25:56.909 | DEBUG    | algorithms.algorithm_base:run_base_task_metrics:202 - Raw classification accuracy results saved to ./output/finetuning/1673371524.5290904_CIFAR100_OFFICIAL_RUN/task_2_accuracy_results.json
2023-01-10 17:25:56.911 | INFO     | algorithms.algorithm_base:run_base_task_metrics:203 - Correctly classified 223 / 10000 samples (2.23% correct)
2023-01-10 17:25:57.339 | INFO     | algorithms.finetuning:train:53 - Task 4 / 5
2023-01-10 17:25:57.343 | INFO     | algorithms.finetuning:train:54 - Classes in task: ['table', 'flatfish', 'mountain', 'lawn_mower', 'dolphin', 'rocket', 'forest', 'sunflower', 'otter', 'turtle', 'cup', 'crab', 'apple', 'oak_tree', 'hamster', 'keyboard', 'wardrobe', 'rose', 'lion', 'seal']
2023-01-10 17:25:57.344 | INFO     | algorithms.finetuning:train:58 - Starting epoch 1 / 1
2023-01-10 17:26:02.821 | INFO     | algorithms.finetuning:train:83 - 1, loss: 3.251
2023-01-10 17:26:02.822 | INFO     | algorithms.algorithm_base:run_base_task_metrics:146 - Running metrics: Task 3
2023-01-10 17:26:06.748 | DEBUG    | algorithms.algorithm_base:run_base_task_metrics:202 - Raw classification accuracy results saved to ./output/finetuning/1673371524.5290904_CIFAR100_OFFICIAL_RUN/task_3_accuracy_results.json
2023-01-10 17:26:06.749 | INFO     | algorithms.algorithm_base:run_base_task_metrics:203 - Correctly classified 368 / 10000 samples (3.68% correct)
2023-01-10 17:26:07.121 | INFO     | algorithms.finetuning:train:53 - Task 5 / 5
2023-01-10 17:26:07.125 | INFO     | algorithms.finetuning:train:54 - Classes in task: ['streetcar', 'bed', 'shrew', 'bowl', 'shark', 'sea', 'cloud', 'fox', 'maple_tree', 'butterfly', 'tiger', 'orchid', 'elephant', 'cattle', 'can', 'palm_tree', 'bridge', 'pine_tree', 'tractor', 'girl']
2023-01-10 17:26:07.126 | INFO     | algorithms.finetuning:train:58 - Starting epoch 1 / 1
2023-01-10 17:26:12.593 | INFO     | algorithms.finetuning:train:83 - 1, loss: 3.468
2023-01-10 17:26:12.594 | INFO     | algorithms.algorithm_base:run_base_task_metrics:146 - Running metrics: Task 4
2023-01-10 17:26:16.491 | DEBUG    | algorithms.algorithm_base:run_base_task_metrics:202 - Raw classification accuracy results saved to ./output/finetuning/1673371524.5290904_CIFAR100_OFFICIAL_RUN/task_4_accuracy_results.json
2023-01-10 17:26:16.493 | INFO     | algorithms.algorithm_base:run_base_task_metrics:203 - Correctly classified 293 / 10000 samples (2.93% correct)
2023-01-10 17:26:16.862 | INFO     | algorithms.finetuning:train:92 - Training complete
2023-01-10 17:26:16.867 | INFO     | __main__:run_experiment:253 - Training and evaluation completed!
2023-01-10 17:26:16.868 | INFO     | __main__:run_experiment:267 - Wrote usage stats to file
2023-01-10 17:26:16.869 | INFO     | __main__:main:307 - Complete
2023-01-10 17:26:16.870 | INFO     | __main__:close_tensorboard_writer:215 - Shut down TensorBoard
