2023-04-17 10:58:13.000 | INFO     | __main__:setup_files:218 - Experiment Name: OFFICIAL_RUN
2023-04-17 10:58:13.001 | INFO     | __main__:main:334 - Command line arguments: Configuration(algorithm='der', dataset='cifar10', classes_per_task=2, seed=2843, samples=200)
2023-04-17 10:58:13.019 | INFO     | __main__:main:338 - Seeded random to 2843
2023-04-17 10:58:13.020 | INFO     | __main__:main:342 - Got CUDA device
2023-04-17 10:58:13.022 | INFO     | __main__:force_cuda_load:268 - Forcing CUDA initialisation...
2023-04-17 10:58:13.073 | INFO     | __main__:main:346 - CUDA initialised
2023-04-17 10:58:13.074 | INFO     | __main__:setup_shutdown_hook:264 - To access TensorBoard, run the command: tensorboard --logdir=./output_cifar10_varied_sampling/der_pp/1681725492.979375_CIFAR10_OFFICIAL_RUN
2023-04-17 10:58:13.076 | INFO     | __main__:main:350 - Setup shutdown hooks
2023-04-17 10:58:13.197 | INFO     | __main__:main:355 - Model is setup
2023-04-17 10:58:13.198 | INFO     | __main__:main:357 - Complete pre-setup, starting experiment
2023-04-17 10:58:14.390 | INFO     | datasets.dataset_base:__init__:80 - Using disjoint tasks with 2 (5 tasks) with a randomised split
2023-04-17 10:58:14.392 | DEBUG    | datasets.dataset_base:_setup_task_datasets:95 - Splitting dataset into 5 disjoint tasks
2023-04-17 10:58:14.411 | INFO     | datasets.dataset_base:__init__:85 - {
  "name": "datasets.cifar10.CIFAR10",
  "dataset_class": "torchvision.datasets.cifar.CIFAR10",
  "training_dataset_parameters": "{'train': True, 'download': True}",
  "testing_dataset_parameters": "{'train': False, 'download': True}",
  "training_transform": "Compose(\n    Resize(size=(32, 32), interpolation=bilinear, max_size=None, antialias=None)\n    ToTensor()\n    Normalize(mean=(0.4914, 0.4822, 0.4465), std=(0.247, 0.2435, 0.2616))\n    RandomCrop(size=(32, 32), padding=4)\n    RandomHorizontalFlip(p=0.5)\n)",
  "testing_transform": "Compose(\n    Resize(size=(32, 32), interpolation=bilinear, max_size=None, antialias=None)\n    ToTensor()\n    Normalize(mean=(0.4914, 0.4822, 0.4465), std=(0.247, 0.2435, 0.2616))\n)",
  "classes": "plane, car, bird, cat, deer, dog, frog, horse, ship, truck",
  "disjoint": true,
  "task_count": 5,
  "classes_per_task": [
    2
  ],
  "task_split_indices": [
    [
      4,
      3
    ],
    [
      7,
      2
    ],
    [
      1,
      6
    ],
    [
      5,
      8
    ],
    [
      0,
      9
    ]
  ],
  "task_split_classes": [
    [
      "deer",
      "cat"
    ],
    [
      "horse",
      "bird"
    ],
    [
      "car",
      "frog"
    ],
    [
      "dog",
      "ship"
    ],
    [
      "plane",
      "truck"
    ]
  ]
}
2023-04-17 10:58:14.422 | DEBUG    | __main__:run_experiment:292 - PID: 18976
2023-04-17 10:58:14.424 | INFO     | __main__:run_experiment:294 - Starting...
2023-04-17 10:58:14.425 | INFO     | algorithms.algorithm_base:train:116 - {
  "name": "algorithms.der_pp.DarkExperiencePlusPlus",
  "model_class": "models.cifar.resnet.ResNet",
  "device": "cuda:0",
  "dataset_class": "datasets.cifar10.CIFAR10",
  "optimiser_class": "torch.optim.sgd.SGD",
  "loss_criterion_class": "torch.nn.modules.loss.CrossEntropyLoss",
  "epochs_per_task": 1,
  "batch_size": 16,
  "max_memory_samples": 200,
  "alpha": 0.5,
  "beta": 0
}
2023-04-17 10:58:14.426 | DEBUG    | algorithms.algorithm_base:_setup_training:109 - Model moved to cuda:0 and set to train mode
2023-04-17 10:58:14.427 | INFO     | algorithms.algorithm_base:train:118 - Starting training
2023-04-17 10:58:14.427 | INFO     | algorithms.der_pp:train:86 - Task 1 / 5
2023-04-17 10:58:14.428 | INFO     | algorithms.der_pp:train:87 - Classes in task: ['deer', 'cat']
2023-04-17 10:58:14.428 | INFO     | algorithms.der_pp:train:95 - Starting epoch 1 / 1
2023-04-17 10:58:21.673 | INFO     | algorithms.der_pp:train:159 - 0:1:40, loss: 2.634
2023-04-17 10:58:24.280 | INFO     | algorithms.der_pp:train:159 - 0:1:80, loss: 2.206
2023-04-17 10:58:26.888 | INFO     | algorithms.der_pp:train:159 - 0:1:120, loss: 1.973
2023-04-17 10:58:29.492 | INFO     | algorithms.der_pp:train:159 - 0:1:160, loss: 1.927
2023-04-17 10:58:32.102 | INFO     | algorithms.der_pp:train:159 - 0:1:200, loss: 1.868
2023-04-17 10:58:34.708 | INFO     | algorithms.der_pp:train:159 - 0:1:240, loss: 1.651
2023-04-17 10:58:37.315 | INFO     | algorithms.der_pp:train:159 - 0:1:280, loss: 1.682
2023-04-17 10:58:39.920 | INFO     | algorithms.der_pp:train:159 - 0:1:320, loss: 1.365
2023-04-17 10:58:42.530 | INFO     | algorithms.der_pp:train:159 - 0:1:360, loss: 1.404
2023-04-17 10:58:45.140 | INFO     | algorithms.der_pp:train:159 - 0:1:400, loss: 1.298
2023-04-17 10:58:47.748 | INFO     | algorithms.der_pp:train:159 - 0:1:440, loss: 1.280
2023-04-17 10:58:50.352 | INFO     | algorithms.der_pp:train:159 - 0:1:480, loss: 1.150
2023-04-17 10:58:52.957 | INFO     | algorithms.der_pp:train:159 - 0:1:520, loss: 1.161
2023-04-17 10:58:55.567 | INFO     | algorithms.der_pp:train:159 - 0:1:560, loss: 1.119
2023-04-17 10:58:58.177 | INFO     | algorithms.der_pp:train:159 - 0:1:600, loss: 1.040
2023-04-17 10:58:59.742 | DEBUG    | algorithms.der_pp:train:162 - Current sample stats:
2023-04-17 10:58:59.743 | DEBUG    | algorithms.der_pp:train:165 - 3 has 100 samples
2023-04-17 10:58:59.744 | DEBUG    | algorithms.der_pp:train:165 - 4 has 100 samples
2023-04-17 10:58:59.744 | INFO     | algorithms.der_pp:train:170 - 1, loss: 1.563
2023-04-17 10:58:59.745 | INFO     | algorithms.algorithm_base:run_base_task_metrics:144 - Running metrics: Task 0
2023-04-17 10:59:04.607 | DEBUG    | algorithms.algorithm_base:run_base_task_metrics:200 - Raw classification accuracy results saved to ./output_cifar10_varied_sampling/der_pp/1681725492.979375_CIFAR10_OFFICIAL_RUN/task_0_accuracy_results.json
2023-04-17 10:59:04.609 | INFO     | algorithms.algorithm_base:run_base_task_metrics:201 - Correctly classified 1548 / 10000 samples (15.48% correct)
2023-04-17 10:59:04.839 | INFO     | algorithms.der_pp:train:86 - Task 2 / 5
2023-04-17 10:59:04.843 | INFO     | algorithms.der_pp:train:87 - Classes in task: ['horse', 'bird']
2023-04-17 10:59:04.844 | INFO     | algorithms.der_pp:train:95 - Starting epoch 1 / 1
2023-04-17 10:59:07.519 | INFO     | algorithms.der_pp:train:159 - 1:1:40, loss: 3.447
2023-04-17 10:59:10.132 | INFO     | algorithms.der_pp:train:159 - 1:1:80, loss: 2.939
2023-04-17 10:59:12.738 | INFO     | algorithms.der_pp:train:159 - 1:1:120, loss: 2.573
2023-04-17 10:59:15.348 | INFO     | algorithms.der_pp:train:159 - 1:1:160, loss: 2.376
2023-04-17 10:59:17.959 | INFO     | algorithms.der_pp:train:159 - 1:1:200, loss: 2.168
2023-04-17 10:59:20.570 | INFO     | algorithms.der_pp:train:159 - 1:1:240, loss: 2.032
2023-04-17 10:59:23.181 | INFO     | algorithms.der_pp:train:159 - 1:1:280, loss: 1.915
2023-04-17 10:59:25.791 | INFO     | algorithms.der_pp:train:159 - 1:1:320, loss: 1.797
2023-04-17 10:59:28.404 | INFO     | algorithms.der_pp:train:159 - 1:1:360, loss: 1.635
2023-04-17 10:59:31.009 | INFO     | algorithms.der_pp:train:159 - 1:1:400, loss: 1.594
2023-04-17 10:59:33.618 | INFO     | algorithms.der_pp:train:159 - 1:1:440, loss: 1.520
2023-04-17 10:59:36.235 | INFO     | algorithms.der_pp:train:159 - 1:1:480, loss: 1.550
2023-04-17 10:59:38.849 | INFO     | algorithms.der_pp:train:159 - 1:1:520, loss: 1.432
2023-04-17 10:59:41.457 | INFO     | algorithms.der_pp:train:159 - 1:1:560, loss: 1.351
2023-04-17 10:59:44.068 | INFO     | algorithms.der_pp:train:159 - 1:1:600, loss: 1.351
2023-04-17 10:59:45.635 | DEBUG    | algorithms.der_pp:train:162 - Current sample stats:
2023-04-17 10:59:45.636 | DEBUG    | algorithms.der_pp:train:165 - 3 has 50 samples
2023-04-17 10:59:45.637 | DEBUG    | algorithms.der_pp:train:165 - 4 has 50 samples
2023-04-17 10:59:45.637 | DEBUG    | algorithms.der_pp:train:165 - 7 has 50 samples
2023-04-17 10:59:45.638 | DEBUG    | algorithms.der_pp:train:165 - 2 has 50 samples
2023-04-17 10:59:45.639 | INFO     | algorithms.der_pp:train:170 - 1, loss: 1.954
2023-04-17 10:59:45.639 | INFO     | algorithms.algorithm_base:run_base_task_metrics:144 - Running metrics: Task 1
2023-04-17 10:59:50.267 | DEBUG    | algorithms.algorithm_base:run_base_task_metrics:200 - Raw classification accuracy results saved to ./output_cifar10_varied_sampling/der_pp/1681725492.979375_CIFAR10_OFFICIAL_RUN/task_1_accuracy_results.json
2023-04-17 10:59:50.269 | INFO     | algorithms.algorithm_base:run_base_task_metrics:201 - Correctly classified 1739 / 10000 samples (17.39% correct)
2023-04-17 10:59:50.401 | INFO     | algorithms.der_pp:train:86 - Task 3 / 5
2023-04-17 10:59:50.405 | INFO     | algorithms.der_pp:train:87 - Classes in task: ['car', 'frog']
2023-04-17 10:59:50.406 | INFO     | algorithms.der_pp:train:95 - Starting epoch 1 / 1
2023-04-17 10:59:53.079 | INFO     | algorithms.der_pp:train:159 - 2:1:40, loss: 3.395
2023-04-17 10:59:55.687 | INFO     | algorithms.der_pp:train:159 - 2:1:80, loss: 2.765
2023-04-17 10:59:58.301 | INFO     | algorithms.der_pp:train:159 - 2:1:120, loss: 2.430
2023-04-17 11:00:00.914 | INFO     | algorithms.der_pp:train:159 - 2:1:160, loss: 2.157
2023-04-17 11:00:03.522 | INFO     | algorithms.der_pp:train:159 - 2:1:200, loss: 1.866
2023-04-17 11:00:06.133 | INFO     | algorithms.der_pp:train:159 - 2:1:240, loss: 1.637
2023-04-17 11:00:08.740 | INFO     | algorithms.der_pp:train:159 - 2:1:280, loss: 1.502
2023-04-17 11:00:11.353 | INFO     | algorithms.der_pp:train:159 - 2:1:320, loss: 1.434
2023-04-17 11:00:13.958 | INFO     | algorithms.der_pp:train:159 - 2:1:360, loss: 1.247
2023-04-17 11:00:16.564 | INFO     | algorithms.der_pp:train:159 - 2:1:400, loss: 1.253
2023-04-17 11:00:19.176 | INFO     | algorithms.der_pp:train:159 - 2:1:440, loss: 1.241
2023-04-17 11:00:21.787 | INFO     | algorithms.der_pp:train:159 - 2:1:480, loss: 1.144
2023-04-17 11:00:24.398 | INFO     | algorithms.der_pp:train:159 - 2:1:520, loss: 1.062
2023-04-17 11:00:27.010 | INFO     | algorithms.der_pp:train:159 - 2:1:560, loss: 1.045
2023-04-17 11:00:29.619 | INFO     | algorithms.der_pp:train:159 - 2:1:600, loss: 1.072
2023-04-17 11:00:31.181 | DEBUG    | algorithms.der_pp:train:162 - Current sample stats:
2023-04-17 11:00:31.182 | DEBUG    | algorithms.der_pp:train:165 - 3 has 33 samples
2023-04-17 11:00:31.183 | DEBUG    | algorithms.der_pp:train:165 - 4 has 33 samples
2023-04-17 11:00:31.183 | DEBUG    | algorithms.der_pp:train:165 - 7 has 33 samples
2023-04-17 11:00:31.184 | DEBUG    | algorithms.der_pp:train:165 - 2 has 33 samples
2023-04-17 11:00:31.185 | DEBUG    | algorithms.der_pp:train:165 - 1 has 34 samples
2023-04-17 11:00:31.185 | DEBUG    | algorithms.der_pp:train:165 - 6 has 34 samples
2023-04-17 11:00:31.186 | INFO     | algorithms.der_pp:train:170 - 1, loss: 1.660
2023-04-17 11:00:31.187 | INFO     | algorithms.algorithm_base:run_base_task_metrics:144 - Running metrics: Task 2
2023-04-17 11:00:35.803 | DEBUG    | algorithms.algorithm_base:run_base_task_metrics:200 - Raw classification accuracy results saved to ./output_cifar10_varied_sampling/der_pp/1681725492.979375_CIFAR10_OFFICIAL_RUN/task_2_accuracy_results.json
2023-04-17 11:00:35.805 | INFO     | algorithms.algorithm_base:run_base_task_metrics:201 - Correctly classified 2432 / 10000 samples (24.32% correct)
2023-04-17 11:00:35.938 | INFO     | algorithms.der_pp:train:86 - Task 4 / 5
2023-04-17 11:00:35.942 | INFO     | algorithms.der_pp:train:87 - Classes in task: ['dog', 'ship']
2023-04-17 11:00:35.943 | INFO     | algorithms.der_pp:train:95 - Starting epoch 1 / 1
2023-04-17 11:00:38.616 | INFO     | algorithms.der_pp:train:159 - 3:1:40, loss: 3.868
2023-04-17 11:00:41.224 | INFO     | algorithms.der_pp:train:159 - 3:1:80, loss: 3.070
2023-04-17 11:00:43.834 | INFO     | algorithms.der_pp:train:159 - 3:1:120, loss: 2.593
2023-04-17 11:00:46.440 | INFO     | algorithms.der_pp:train:159 - 3:1:160, loss: 2.347
2023-04-17 11:00:49.051 | INFO     | algorithms.der_pp:train:159 - 3:1:200, loss: 2.198
2023-04-17 11:00:51.660 | INFO     | algorithms.der_pp:train:159 - 3:1:240, loss: 1.949
2023-04-17 11:00:54.272 | INFO     | algorithms.der_pp:train:159 - 3:1:280, loss: 1.806
2023-04-17 11:00:56.881 | INFO     | algorithms.der_pp:train:159 - 3:1:320, loss: 1.621
2023-04-17 11:00:59.490 | INFO     | algorithms.der_pp:train:159 - 3:1:360, loss: 1.539
2023-04-17 11:01:02.102 | INFO     | algorithms.der_pp:train:159 - 3:1:400, loss: 1.476
2023-04-17 11:01:04.709 | INFO     | algorithms.der_pp:train:159 - 3:1:440, loss: 1.428
2023-04-17 11:01:07.323 | INFO     | algorithms.der_pp:train:159 - 3:1:480, loss: 1.364
2023-04-17 11:01:09.929 | INFO     | algorithms.der_pp:train:159 - 3:1:520, loss: 1.304
2023-04-17 11:01:12.538 | INFO     | algorithms.der_pp:train:159 - 3:1:560, loss: 1.271
2023-04-17 11:01:15.146 | INFO     | algorithms.der_pp:train:159 - 3:1:600, loss: 1.197
2023-04-17 11:01:16.712 | DEBUG    | algorithms.der_pp:train:162 - Current sample stats:
2023-04-17 11:01:16.713 | DEBUG    | algorithms.der_pp:train:165 - 3 has 25 samples
2023-04-17 11:01:16.714 | DEBUG    | algorithms.der_pp:train:165 - 4 has 25 samples
2023-04-17 11:01:16.715 | DEBUG    | algorithms.der_pp:train:165 - 7 has 25 samples
2023-04-17 11:01:16.715 | DEBUG    | algorithms.der_pp:train:165 - 2 has 25 samples
2023-04-17 11:01:16.716 | DEBUG    | algorithms.der_pp:train:165 - 1 has 25 samples
2023-04-17 11:01:16.717 | DEBUG    | algorithms.der_pp:train:165 - 6 has 25 samples
2023-04-17 11:01:16.717 | DEBUG    | algorithms.der_pp:train:165 - 8 has 25 samples
2023-04-17 11:01:16.718 | DEBUG    | algorithms.der_pp:train:165 - 5 has 25 samples
2023-04-17 11:01:16.719 | INFO     | algorithms.der_pp:train:170 - 1, loss: 1.906
2023-04-17 11:01:16.719 | INFO     | algorithms.algorithm_base:run_base_task_metrics:144 - Running metrics: Task 3
2023-04-17 11:01:21.378 | DEBUG    | algorithms.algorithm_base:run_base_task_metrics:200 - Raw classification accuracy results saved to ./output_cifar10_varied_sampling/der_pp/1681725492.979375_CIFAR10_OFFICIAL_RUN/task_3_accuracy_results.json
2023-04-17 11:01:21.380 | INFO     | algorithms.algorithm_base:run_base_task_metrics:201 - Correctly classified 3111 / 10000 samples (31.11% correct)
2023-04-17 11:01:21.515 | INFO     | algorithms.der_pp:train:86 - Task 5 / 5
2023-04-17 11:01:21.519 | INFO     | algorithms.der_pp:train:87 - Classes in task: ['plane', 'truck']
2023-04-17 11:01:21.520 | INFO     | algorithms.der_pp:train:95 - Starting epoch 1 / 1
2023-04-17 11:01:24.202 | INFO     | algorithms.der_pp:train:159 - 4:1:40, loss: 4.009
2023-04-17 11:01:26.813 | INFO     | algorithms.der_pp:train:159 - 4:1:80, loss: 3.303
2023-04-17 11:01:29.424 | INFO     | algorithms.der_pp:train:159 - 4:1:120, loss: 2.879
2023-04-17 11:01:32.042 | INFO     | algorithms.der_pp:train:159 - 4:1:160, loss: 2.549
2023-04-17 11:01:34.653 | INFO     | algorithms.der_pp:train:159 - 4:1:200, loss: 2.309
2023-04-17 11:01:37.259 | INFO     | algorithms.der_pp:train:159 - 4:1:240, loss: 2.102
2023-04-17 11:01:39.872 | INFO     | algorithms.der_pp:train:159 - 4:1:280, loss: 1.923
2023-04-17 11:01:42.482 | INFO     | algorithms.der_pp:train:159 - 4:1:320, loss: 1.882
2023-04-17 11:01:45.092 | INFO     | algorithms.der_pp:train:159 - 4:1:360, loss: 1.725
2023-04-17 11:01:47.701 | INFO     | algorithms.der_pp:train:159 - 4:1:400, loss: 1.661
2023-04-17 11:01:50.315 | INFO     | algorithms.der_pp:train:159 - 4:1:440, loss: 1.545
2023-04-17 11:01:52.930 | INFO     | algorithms.der_pp:train:159 - 4:1:480, loss: 1.553
2023-04-17 11:01:55.540 | INFO     | algorithms.der_pp:train:159 - 4:1:520, loss: 1.478
2023-04-17 11:01:58.150 | INFO     | algorithms.der_pp:train:159 - 4:1:560, loss: 1.500
2023-04-17 11:02:00.764 | INFO     | algorithms.der_pp:train:159 - 4:1:600, loss: 1.422
2023-04-17 11:02:02.331 | DEBUG    | algorithms.der_pp:train:162 - Current sample stats:
2023-04-17 11:02:02.331 | DEBUG    | algorithms.der_pp:train:165 - 3 has 20 samples
2023-04-17 11:02:02.332 | DEBUG    | algorithms.der_pp:train:165 - 4 has 20 samples
2023-04-17 11:02:02.333 | DEBUG    | algorithms.der_pp:train:165 - 7 has 20 samples
2023-04-17 11:02:02.334 | DEBUG    | algorithms.der_pp:train:165 - 2 has 20 samples
2023-04-17 11:02:02.334 | DEBUG    | algorithms.der_pp:train:165 - 1 has 20 samples
2023-04-17 11:02:02.335 | DEBUG    | algorithms.der_pp:train:165 - 6 has 20 samples
2023-04-17 11:02:02.336 | DEBUG    | algorithms.der_pp:train:165 - 8 has 20 samples
2023-04-17 11:02:02.337 | DEBUG    | algorithms.der_pp:train:165 - 5 has 20 samples
2023-04-17 11:02:02.337 | DEBUG    | algorithms.der_pp:train:165 - 9 has 20 samples
2023-04-17 11:02:02.338 | DEBUG    | algorithms.der_pp:train:165 - 0 has 20 samples
2023-04-17 11:02:02.339 | INFO     | algorithms.der_pp:train:170 - 1, loss: 2.094
2023-04-17 11:02:02.340 | INFO     | algorithms.algorithm_base:run_base_task_metrics:144 - Running metrics: Task 4
2023-04-17 11:02:06.994 | DEBUG    | algorithms.algorithm_base:run_base_task_metrics:200 - Raw classification accuracy results saved to ./output_cifar10_varied_sampling/der_pp/1681725492.979375_CIFAR10_OFFICIAL_RUN/task_4_accuracy_results.json
2023-04-17 11:02:06.996 | INFO     | algorithms.algorithm_base:run_base_task_metrics:201 - Correctly classified 2561 / 10000 samples (25.61% correct)
2023-04-17 11:02:07.127 | INFO     | algorithms.der_pp:train:178 - Training complete
2023-04-17 11:02:07.132 | INFO     | __main__:run_experiment:300 - Training and evaluation completed!
2023-04-17 11:02:07.133 | INFO     | __main__:run_experiment:314 - Wrote usage stats to file
2023-04-17 11:02:07.133 | INFO     | __main__:main:363 - Complete
2023-04-17 11:02:07.134 | INFO     | __main__:close_tensorboard_writer:262 - Shut down TensorBoard
