2023-01-12 09:15:13.106 | INFO     | __main__:setup_files:173 - Experiment Name: OFFICIAL_RUN
2023-01-12 09:15:13.107 | INFO     | __main__:main:278 - Command line arguments: Configuration(algorithm='derpp', dataset='cifar100', classes_per_task=20, seed=2214)
2023-01-12 09:15:13.109 | INFO     | __main__:main:282 - Seeded random to 2214
2023-01-12 09:15:13.110 | INFO     | __main__:main:286 - Got CUDA device
2023-01-12 09:15:13.110 | INFO     | __main__:force_cuda_load:221 - Forcing CUDA initialisation...
2023-01-12 09:15:13.172 | INFO     | __main__:main:290 - CUDA initialised
2023-01-12 09:15:13.174 | INFO     | __main__:setup_shutdown_hook:217 - To access TensorBoard, run the command: tensorboard --logdir=./output/der_pp/1673514913.1014144_CIFAR100_OFFICIAL_RUN
2023-01-12 09:15:13.175 | INFO     | __main__:main:294 - Setup shutdown hooks
2023-01-12 09:15:13.198 | INFO     | __main__:main:299 - Model is setup
2023-01-12 09:15:13.199 | INFO     | __main__:main:301 - Complete pre-setup, starting experiment
2023-01-12 09:15:14.379 | INFO     | datasets.dataset_base:__init__:80 - Using disjoint tasks with 20 (5 tasks) with a randomised split
2023-01-12 09:15:14.381 | DEBUG    | datasets.dataset_base:_setup_task_datasets:95 - Splitting dataset into 5 disjoint tasks
2023-01-12 09:15:14.401 | INFO     | datasets.dataset_base:__init__:85 - {
  "name": "datasets.cifar100.CIFAR100",
  "dataset_class": "torchvision.datasets.cifar.CIFAR100",
  "training_dataset_parameters": "{'train': True, 'download': True}",
  "testing_dataset_parameters": "{'train': False, 'download': True}",
  "training_transform": "Compose(\n    RandomCrop(size=(32, 32), padding=4)\n    RandomHorizontalFlip(p=0.5)\n    Resize(size=(32, 32), interpolation=bilinear, max_size=None, antialias=None)\n    ToTensor()\n    Normalize(mean=(0.5071, 0.4867, 0.4408), std=(0.2675, 0.2565, 0.2761))\n)",
  "testing_transform": "Compose(\n    Resize(size=(32, 32), interpolation=bilinear, max_size=None, antialias=None)\n    ToTensor()\n    Normalize(mean=(0.5071, 0.4867, 0.4408), std=(0.2675, 0.2565, 0.2761))\n)",
  "classes": "apple, aquarium_fish, baby, bear, beaver, bed, bee, beetle, bicycle, bottle, bowl, boy, bridge, bus, butterfly, camel, can, castle, caterpillar, cattle, chair, chimpanzee, clock, cloud, cockroach, couch, crab, crocodile, cup, dinosaur, dolphin, elephant, flatfish, forest, fox, girl, hamster, house, kangaroo, keyboard, lamp, lawn_mower, leopard, lion, lizard, lobster, man, maple_tree, motorcycle, mountain, mouse, mushroom, oak_tree, orange, orchid, otter, palm_tree, pear, pickup_truck, pine_tree, plain, plate, poppy, porcupine, possum, rabbit, raccoon, ray, road, rocket, rose, sea, seal, shark, shrew, skunk, skyscraper, snail, snake, spider, squirrel, streetcar, sunflower, sweet_pepper, table, tank, telephone, television, tiger, tractor, train, trout, tulip, turtle, wardrobe, whale, willow_tree, wolf, woman, worm",
  "disjoint": true,
  "task_count": 5,
  "classes_per_task": [
    20
  ],
  "task_split_indices": [
    [
      83,
      48,
      78,
      11,
      67,
      62,
      66,
      85,
      2,
      53,
      76,
      96,
      17,
      92,
      3,
      63,
      97,
      45,
      61,
      6
    ],
    [
      77,
      13,
      90,
      75,
      44,
      18,
      98,
      8,
      91,
      64,
      4,
      57,
      24,
      80,
      25,
      1,
      99,
      21,
      46,
      95
    ],
    [
      86,
      42,
      22,
      65,
      58,
      20,
      9,
      87,
      79,
      27,
      29,
      7,
      51,
      37,
      50,
      38,
      40,
      60,
      68,
      15
    ],
    [
      84,
      32,
      49,
      41,
      30,
      69,
      33,
      82,
      55,
      93,
      28,
      26,
      0,
      52,
      36,
      39,
      94,
      70,
      43,
      72
    ],
    [
      81,
      5,
      74,
      10,
      73,
      71,
      23,
      34,
      47,
      14,
      88,
      54,
      31,
      19,
      16,
      56,
      12,
      59,
      89,
      35
    ]
  ],
  "task_split_classes": [
    [
      "sweet_pepper",
      "motorcycle",
      "snake",
      "boy",
      "ray",
      "poppy",
      "raccoon",
      "tank",
      "baby",
      "orange",
      "skyscraper",
      "willow_tree",
      "castle",
      "tulip",
      "bear",
      "porcupine",
      "wolf",
      "lobster",
      "plate",
      "bee"
    ],
    [
      "snail",
      "bus",
      "train",
      "skunk",
      "lizard",
      "caterpillar",
      "woman",
      "bicycle",
      "trout",
      "possum",
      "beaver",
      "pear",
      "cockroach",
      "squirrel",
      "couch",
      "aquarium_fish",
      "worm",
      "chimpanzee",
      "man",
      "whale"
    ],
    [
      "telephone",
      "leopard",
      "clock",
      "rabbit",
      "pickup_truck",
      "chair",
      "bottle",
      "television",
      "spider",
      "crocodile",
      "dinosaur",
      "beetle",
      "mushroom",
      "house",
      "mouse",
      "kangaroo",
      "lamp",
      "plain",
      "road",
      "camel"
    ],
    [
      "table",
      "flatfish",
      "mountain",
      "lawn_mower",
      "dolphin",
      "rocket",
      "forest",
      "sunflower",
      "otter",
      "turtle",
      "cup",
      "crab",
      "apple",
      "oak_tree",
      "hamster",
      "keyboard",
      "wardrobe",
      "rose",
      "lion",
      "seal"
    ],
    [
      "streetcar",
      "bed",
      "shrew",
      "bowl",
      "shark",
      "sea",
      "cloud",
      "fox",
      "maple_tree",
      "butterfly",
      "tiger",
      "orchid",
      "elephant",
      "cattle",
      "can",
      "palm_tree",
      "bridge",
      "pine_tree",
      "tractor",
      "girl"
    ]
  ]
}
2023-01-12 09:15:14.407 | DEBUG    | __main__:run_experiment:245 - PID: 20656
2023-01-12 09:15:14.409 | INFO     | __main__:run_experiment:247 - Starting...
2023-01-12 09:15:14.410 | INFO     | algorithms.algorithm_base:train:116 - {
  "name": "algorithms.der_pp.DarkExperiencePlusPlus",
  "model_class": "models.cifar.resnet.ResNet",
  "device": "cuda:0",
  "dataset_class": "datasets.cifar100.CIFAR100",
  "optimiser_class": "torch.optim.sgd.SGD",
  "loss_criterion_class": "torch.nn.modules.loss.CrossEntropyLoss",
  "epochs_per_task": 1,
  "batch_size": 16,
  "max_memory_samples": 5000,
  "alpha": 0.5,
  "beta": 0.5
}
2023-01-12 09:15:14.412 | DEBUG    | algorithms.algorithm_base:_setup_training:109 - Model moved to cuda:0 and set to train mode
2023-01-12 09:15:14.412 | INFO     | algorithms.algorithm_base:train:118 - Starting training
2023-01-12 09:15:14.414 | INFO     | algorithms.der_pp:train:88 - Task 1 / 5
2023-01-12 09:15:14.414 | INFO     | algorithms.der_pp:train:89 - Classes in task: ['sweet_pepper', 'motorcycle', 'snake', 'boy', 'ray', 'poppy', 'raccoon', 'tank', 'baby', 'orange', 'skyscraper', 'willow_tree', 'castle', 'tulip', 'bear', 'porcupine', 'wolf', 'lobster', 'plate', 'bee']
2023-01-12 09:15:14.415 | INFO     | algorithms.der_pp:train:96 - Starting epoch 1 / 1
2023-01-12 09:15:18.408 | INFO     | algorithms.der_pp:train:160 - 0:1:40, loss: 7.212
2023-01-12 09:15:20.433 | INFO     | algorithms.der_pp:train:160 - 0:1:80, loss: 6.945
2023-01-12 09:15:22.476 | INFO     | algorithms.der_pp:train:160 - 0:1:120, loss: 6.654
2023-01-12 09:15:24.518 | INFO     | algorithms.der_pp:train:160 - 0:1:160, loss: 6.317
2023-01-12 09:15:26.606 | INFO     | algorithms.der_pp:train:160 - 0:1:200, loss: 6.179
2023-01-12 09:15:28.663 | INFO     | algorithms.der_pp:train:160 - 0:1:240, loss: 6.070
2023-01-12 09:15:30.721 | INFO     | algorithms.der_pp:train:160 - 0:1:280, loss: 5.802
2023-01-12 09:15:32.780 | INFO     | algorithms.der_pp:train:160 - 0:1:320, loss: 5.754
2023-01-12 09:15:34.856 | INFO     | algorithms.der_pp:train:160 - 0:1:360, loss: 5.416
2023-01-12 09:15:36.929 | INFO     | algorithms.der_pp:train:160 - 0:1:400, loss: 5.388
2023-01-12 09:15:38.998 | INFO     | algorithms.der_pp:train:160 - 0:1:440, loss: 5.431
2023-01-12 09:15:41.078 | INFO     | algorithms.der_pp:train:160 - 0:1:480, loss: 5.203
2023-01-12 09:15:43.234 | INFO     | algorithms.der_pp:train:160 - 0:1:520, loss: 5.100
2023-01-12 09:15:45.298 | INFO     | algorithms.der_pp:train:160 - 0:1:560, loss: 4.965
2023-01-12 09:15:47.363 | INFO     | algorithms.der_pp:train:160 - 0:1:600, loss: 4.866
2023-01-12 09:15:48.600 | DEBUG    | algorithms.der_pp:train:163 - Current sample stats:
2023-01-12 09:15:48.601 | DEBUG    | algorithms.der_pp:train:166 - 85 has 250 samples
2023-01-12 09:15:48.602 | DEBUG    | algorithms.der_pp:train:166 - 53 has 250 samples
2023-01-12 09:15:48.603 | DEBUG    | algorithms.der_pp:train:166 - 11 has 250 samples
2023-01-12 09:15:48.603 | DEBUG    | algorithms.der_pp:train:166 - 96 has 250 samples
2023-01-12 09:15:48.604 | DEBUG    | algorithms.der_pp:train:166 - 2 has 250 samples
2023-01-12 09:15:48.605 | DEBUG    | algorithms.der_pp:train:166 - 78 has 250 samples
2023-01-12 09:15:48.606 | DEBUG    | algorithms.der_pp:train:166 - 61 has 250 samples
2023-01-12 09:15:48.606 | DEBUG    | algorithms.der_pp:train:166 - 97 has 250 samples
2023-01-12 09:15:48.607 | DEBUG    | algorithms.der_pp:train:166 - 67 has 250 samples
2023-01-12 09:15:48.608 | DEBUG    | algorithms.der_pp:train:166 - 83 has 250 samples
2023-01-12 09:15:48.609 | DEBUG    | algorithms.der_pp:train:166 - 48 has 250 samples
2023-01-12 09:15:48.609 | DEBUG    | algorithms.der_pp:train:166 - 6 has 250 samples
2023-01-12 09:15:48.610 | DEBUG    | algorithms.der_pp:train:166 - 92 has 250 samples
2023-01-12 09:15:48.612 | DEBUG    | algorithms.der_pp:train:166 - 62 has 250 samples
2023-01-12 09:15:48.613 | DEBUG    | algorithms.der_pp:train:166 - 17 has 250 samples
2023-01-12 09:15:48.614 | DEBUG    | algorithms.der_pp:train:166 - 45 has 250 samples
2023-01-12 09:15:48.614 | DEBUG    | algorithms.der_pp:train:166 - 76 has 250 samples
2023-01-12 09:15:48.615 | DEBUG    | algorithms.der_pp:train:166 - 66 has 250 samples
2023-01-12 09:15:48.616 | DEBUG    | algorithms.der_pp:train:166 - 3 has 250 samples
2023-01-12 09:15:48.617 | DEBUG    | algorithms.der_pp:train:166 - 63 has 250 samples
2023-01-12 09:15:48.617 | INFO     | algorithms.der_pp:train:171 - 1, loss: 5.782
2023-01-12 09:15:48.618 | INFO     | algorithms.algorithm_base:run_base_task_metrics:146 - Running metrics: Task 0
2023-01-12 09:15:52.716 | DEBUG    | algorithms.algorithm_base:run_base_task_metrics:202 - Raw classification accuracy results saved to ./output/der_pp/1673514913.1014144_CIFAR100_OFFICIAL_RUN/task_0_accuracy_results.json
2023-01-12 09:15:52.718 | INFO     | algorithms.algorithm_base:run_base_task_metrics:203 - Correctly classified 630 / 10000 samples (6.30% correct)
2023-01-12 09:15:53.161 | INFO     | algorithms.der_pp:train:88 - Task 2 / 5
2023-01-12 09:15:53.167 | INFO     | algorithms.der_pp:train:89 - Classes in task: ['snail', 'bus', 'train', 'skunk', 'lizard', 'caterpillar', 'woman', 'bicycle', 'trout', 'possum', 'beaver', 'pear', 'cockroach', 'squirrel', 'couch', 'aquarium_fish', 'worm', 'chimpanzee', 'man', 'whale']
2023-01-12 09:15:53.168 | INFO     | algorithms.der_pp:train:96 - Starting epoch 1 / 1
2023-01-12 09:15:55.302 | INFO     | algorithms.der_pp:train:160 - 1:1:40, loss: 6.963
2023-01-12 09:15:57.379 | INFO     | algorithms.der_pp:train:160 - 1:1:80, loss: 6.594
2023-01-12 09:15:59.456 | INFO     | algorithms.der_pp:train:160 - 1:1:120, loss: 6.515
2023-01-12 09:16:01.535 | INFO     | algorithms.der_pp:train:160 - 1:1:160, loss: 6.386
2023-01-12 09:16:03.616 | INFO     | algorithms.der_pp:train:160 - 1:1:200, loss: 6.355
2023-01-12 09:16:05.699 | INFO     | algorithms.der_pp:train:160 - 1:1:240, loss: 6.166
2023-01-12 09:16:07.773 | INFO     | algorithms.der_pp:train:160 - 1:1:280, loss: 6.233
2023-01-12 09:16:08.904 | WARNING  | algorithms.buffers:add_sample:156 - Duplicate hash: 3849500146407906863
2023-01-12 09:16:09.851 | INFO     | algorithms.der_pp:train:160 - 1:1:320, loss: 6.137
2023-01-12 09:16:11.931 | INFO     | algorithms.der_pp:train:160 - 1:1:360, loss: 6.055
2023-01-12 09:16:14.007 | INFO     | algorithms.der_pp:train:160 - 1:1:400, loss: 6.061
2023-01-12 09:16:16.090 | INFO     | algorithms.der_pp:train:160 - 1:1:440, loss: 5.937
2023-01-12 09:16:16.860 | WARNING  | algorithms.buffers:add_sample:156 - Duplicate hash: -2122287286228141709
2023-01-12 09:16:18.175 | INFO     | algorithms.der_pp:train:160 - 1:1:480, loss: 5.790
2023-01-12 09:16:20.255 | INFO     | algorithms.der_pp:train:160 - 1:1:520, loss: 5.736
2023-01-12 09:16:22.339 | INFO     | algorithms.der_pp:train:160 - 1:1:560, loss: 5.855
2023-01-12 09:16:24.424 | INFO     | algorithms.der_pp:train:160 - 1:1:600, loss: 5.658
2023-01-12 09:16:25.677 | DEBUG    | algorithms.der_pp:train:163 - Current sample stats:
2023-01-12 09:16:25.678 | DEBUG    | algorithms.der_pp:train:166 - 85 has 125 samples
2023-01-12 09:16:25.679 | DEBUG    | algorithms.der_pp:train:166 - 53 has 125 samples
2023-01-12 09:16:25.679 | DEBUG    | algorithms.der_pp:train:166 - 11 has 125 samples
2023-01-12 09:16:25.680 | DEBUG    | algorithms.der_pp:train:166 - 96 has 125 samples
2023-01-12 09:16:25.681 | DEBUG    | algorithms.der_pp:train:166 - 2 has 125 samples
2023-01-12 09:16:25.681 | DEBUG    | algorithms.der_pp:train:166 - 78 has 125 samples
2023-01-12 09:16:25.682 | DEBUG    | algorithms.der_pp:train:166 - 61 has 125 samples
2023-01-12 09:16:25.683 | DEBUG    | algorithms.der_pp:train:166 - 97 has 125 samples
2023-01-12 09:16:25.683 | DEBUG    | algorithms.der_pp:train:166 - 67 has 125 samples
2023-01-12 09:16:25.684 | DEBUG    | algorithms.der_pp:train:166 - 83 has 125 samples
2023-01-12 09:16:25.685 | DEBUG    | algorithms.der_pp:train:166 - 48 has 125 samples
2023-01-12 09:16:25.685 | DEBUG    | algorithms.der_pp:train:166 - 6 has 125 samples
2023-01-12 09:16:25.686 | DEBUG    | algorithms.der_pp:train:166 - 92 has 125 samples
2023-01-12 09:16:25.687 | DEBUG    | algorithms.der_pp:train:166 - 62 has 125 samples
2023-01-12 09:16:25.687 | DEBUG    | algorithms.der_pp:train:166 - 17 has 125 samples
2023-01-12 09:16:25.688 | DEBUG    | algorithms.der_pp:train:166 - 45 has 125 samples
2023-01-12 09:16:25.689 | DEBUG    | algorithms.der_pp:train:166 - 76 has 125 samples
2023-01-12 09:16:25.689 | DEBUG    | algorithms.der_pp:train:166 - 66 has 125 samples
2023-01-12 09:16:25.690 | DEBUG    | algorithms.der_pp:train:166 - 3 has 125 samples
2023-01-12 09:16:25.691 | DEBUG    | algorithms.der_pp:train:166 - 63 has 125 samples
2023-01-12 09:16:25.691 | DEBUG    | algorithms.der_pp:train:166 - 80 has 125 samples
2023-01-12 09:16:25.692 | DEBUG    | algorithms.der_pp:train:166 - 46 has 125 samples
2023-01-12 09:16:25.693 | DEBUG    | algorithms.der_pp:train:166 - 1 has 125 samples
2023-01-12 09:16:25.693 | DEBUG    | algorithms.der_pp:train:166 - 91 has 125 samples
2023-01-12 09:16:25.694 | DEBUG    | algorithms.der_pp:train:166 - 4 has 125 samples
2023-01-12 09:16:25.695 | DEBUG    | algorithms.der_pp:train:166 - 77 has 125 samples
2023-01-12 09:16:25.695 | DEBUG    | algorithms.der_pp:train:166 - 18 has 125 samples
2023-01-12 09:16:25.696 | DEBUG    | algorithms.der_pp:train:166 - 44 has 125 samples
2023-01-12 09:16:25.697 | DEBUG    | algorithms.der_pp:train:166 - 98 has 125 samples
2023-01-12 09:16:25.697 | DEBUG    | algorithms.der_pp:train:166 - 21 has 125 samples
2023-01-12 09:16:25.698 | DEBUG    | algorithms.der_pp:train:166 - 24 has 125 samples
2023-01-12 09:16:25.699 | DEBUG    | algorithms.der_pp:train:166 - 25 has 125 samples
2023-01-12 09:16:25.699 | DEBUG    | algorithms.der_pp:train:166 - 57 has 125 samples
2023-01-12 09:16:25.700 | DEBUG    | algorithms.der_pp:train:166 - 64 has 125 samples
2023-01-12 09:16:25.701 | DEBUG    | algorithms.der_pp:train:166 - 99 has 125 samples
2023-01-12 09:16:25.701 | DEBUG    | algorithms.der_pp:train:166 - 13 has 125 samples
2023-01-12 09:16:25.702 | DEBUG    | algorithms.der_pp:train:166 - 8 has 125 samples
2023-01-12 09:16:25.703 | DEBUG    | algorithms.der_pp:train:166 - 75 has 125 samples
2023-01-12 09:16:25.704 | DEBUG    | algorithms.der_pp:train:166 - 90 has 125 samples
2023-01-12 09:16:25.704 | DEBUG    | algorithms.der_pp:train:166 - 95 has 125 samples
2023-01-12 09:16:25.705 | INFO     | algorithms.der_pp:train:171 - 1, loss: 6.143
2023-01-12 09:16:25.706 | INFO     | algorithms.algorithm_base:run_base_task_metrics:146 - Running metrics: Task 1
2023-01-12 09:16:29.751 | DEBUG    | algorithms.algorithm_base:run_base_task_metrics:202 - Raw classification accuracy results saved to ./output/der_pp/1673514913.1014144_CIFAR100_OFFICIAL_RUN/task_1_accuracy_results.json
2023-01-12 09:16:29.753 | INFO     | algorithms.algorithm_base:run_base_task_metrics:203 - Correctly classified 787 / 10000 samples (7.87% correct)
2023-01-12 09:16:30.132 | INFO     | algorithms.der_pp:train:88 - Task 3 / 5
2023-01-12 09:16:30.138 | INFO     | algorithms.der_pp:train:89 - Classes in task: ['telephone', 'leopard', 'clock', 'rabbit', 'pickup_truck', 'chair', 'bottle', 'television', 'spider', 'crocodile', 'dinosaur', 'beetle', 'mushroom', 'house', 'mouse', 'kangaroo', 'lamp', 'plain', 'road', 'camel']
2023-01-12 09:16:30.139 | INFO     | algorithms.der_pp:train:96 - Starting epoch 1 / 1
2023-01-12 09:16:32.275 | INFO     | algorithms.der_pp:train:160 - 2:1:40, loss: 7.349
2023-01-12 09:16:34.361 | INFO     | algorithms.der_pp:train:160 - 2:1:80, loss: 7.071
2023-01-12 09:16:36.452 | INFO     | algorithms.der_pp:train:160 - 2:1:120, loss: 6.943
2023-01-12 09:16:38.528 | INFO     | algorithms.der_pp:train:160 - 2:1:160, loss: 6.889
2023-01-12 09:16:40.610 | INFO     | algorithms.der_pp:train:160 - 2:1:200, loss: 6.851
2023-01-12 09:16:42.691 | INFO     | algorithms.der_pp:train:160 - 2:1:240, loss: 6.622
2023-01-12 09:16:44.771 | INFO     | algorithms.der_pp:train:160 - 2:1:280, loss: 6.517
2023-01-12 09:16:46.856 | INFO     | algorithms.der_pp:train:160 - 2:1:320, loss: 6.545
2023-01-12 09:16:48.938 | INFO     | algorithms.der_pp:train:160 - 2:1:360, loss: 6.428
2023-01-12 09:16:51.028 | INFO     | algorithms.der_pp:train:160 - 2:1:400, loss: 6.362
2023-01-12 09:16:53.116 | INFO     | algorithms.der_pp:train:160 - 2:1:440, loss: 6.313
2023-01-12 09:16:55.205 | INFO     | algorithms.der_pp:train:160 - 2:1:480, loss: 6.208
2023-01-12 09:16:57.290 | INFO     | algorithms.der_pp:train:160 - 2:1:520, loss: 6.140
2023-01-12 09:16:59.373 | INFO     | algorithms.der_pp:train:160 - 2:1:560, loss: 6.170
2023-01-12 09:17:01.464 | INFO     | algorithms.der_pp:train:160 - 2:1:600, loss: 6.153
2023-01-12 09:17:02.719 | DEBUG    | algorithms.der_pp:train:163 - Current sample stats:
2023-01-12 09:17:02.719 | DEBUG    | algorithms.der_pp:train:166 - 85 has 83 samples
2023-01-12 09:17:02.720 | DEBUG    | algorithms.der_pp:train:166 - 53 has 83 samples
2023-01-12 09:17:02.721 | DEBUG    | algorithms.der_pp:train:166 - 11 has 83 samples
2023-01-12 09:17:02.721 | DEBUG    | algorithms.der_pp:train:166 - 96 has 83 samples
2023-01-12 09:17:02.722 | DEBUG    | algorithms.der_pp:train:166 - 2 has 83 samples
2023-01-12 09:17:02.723 | DEBUG    | algorithms.der_pp:train:166 - 78 has 83 samples
2023-01-12 09:17:02.724 | DEBUG    | algorithms.der_pp:train:166 - 61 has 83 samples
2023-01-12 09:17:02.724 | DEBUG    | algorithms.der_pp:train:166 - 97 has 83 samples
2023-01-12 09:17:02.725 | DEBUG    | algorithms.der_pp:train:166 - 67 has 83 samples
2023-01-12 09:17:02.726 | DEBUG    | algorithms.der_pp:train:166 - 83 has 83 samples
2023-01-12 09:17:02.726 | DEBUG    | algorithms.der_pp:train:166 - 48 has 83 samples
2023-01-12 09:17:02.727 | DEBUG    | algorithms.der_pp:train:166 - 6 has 83 samples
2023-01-12 09:17:02.728 | DEBUG    | algorithms.der_pp:train:166 - 92 has 83 samples
2023-01-12 09:17:02.728 | DEBUG    | algorithms.der_pp:train:166 - 62 has 83 samples
2023-01-12 09:17:02.729 | DEBUG    | algorithms.der_pp:train:166 - 17 has 83 samples
2023-01-12 09:17:02.730 | DEBUG    | algorithms.der_pp:train:166 - 45 has 83 samples
2023-01-12 09:17:02.730 | DEBUG    | algorithms.der_pp:train:166 - 76 has 83 samples
2023-01-12 09:17:02.731 | DEBUG    | algorithms.der_pp:train:166 - 66 has 83 samples
2023-01-12 09:17:02.732 | DEBUG    | algorithms.der_pp:train:166 - 3 has 83 samples
2023-01-12 09:17:02.733 | DEBUG    | algorithms.der_pp:train:166 - 63 has 83 samples
2023-01-12 09:17:02.733 | DEBUG    | algorithms.der_pp:train:166 - 80 has 83 samples
2023-01-12 09:17:02.734 | DEBUG    | algorithms.der_pp:train:166 - 46 has 83 samples
2023-01-12 09:17:02.735 | DEBUG    | algorithms.der_pp:train:166 - 1 has 83 samples
2023-01-12 09:17:02.735 | DEBUG    | algorithms.der_pp:train:166 - 91 has 83 samples
2023-01-12 09:17:02.736 | DEBUG    | algorithms.der_pp:train:166 - 4 has 83 samples
2023-01-12 09:17:02.737 | DEBUG    | algorithms.der_pp:train:166 - 77 has 83 samples
2023-01-12 09:17:02.738 | DEBUG    | algorithms.der_pp:train:166 - 18 has 83 samples
2023-01-12 09:17:02.738 | DEBUG    | algorithms.der_pp:train:166 - 44 has 83 samples
2023-01-12 09:17:02.739 | DEBUG    | algorithms.der_pp:train:166 - 98 has 83 samples
2023-01-12 09:17:02.740 | DEBUG    | algorithms.der_pp:train:166 - 21 has 83 samples
2023-01-12 09:17:02.740 | DEBUG    | algorithms.der_pp:train:166 - 24 has 83 samples
2023-01-12 09:17:02.741 | DEBUG    | algorithms.der_pp:train:166 - 25 has 83 samples
2023-01-12 09:17:02.742 | DEBUG    | algorithms.der_pp:train:166 - 57 has 83 samples
2023-01-12 09:17:02.743 | DEBUG    | algorithms.der_pp:train:166 - 64 has 83 samples
2023-01-12 09:17:02.743 | DEBUG    | algorithms.der_pp:train:166 - 99 has 83 samples
2023-01-12 09:17:02.744 | DEBUG    | algorithms.der_pp:train:166 - 13 has 83 samples
2023-01-12 09:17:02.745 | DEBUG    | algorithms.der_pp:train:166 - 8 has 83 samples
2023-01-12 09:17:02.745 | DEBUG    | algorithms.der_pp:train:166 - 75 has 83 samples
2023-01-12 09:17:02.746 | DEBUG    | algorithms.der_pp:train:166 - 90 has 83 samples
2023-01-12 09:17:02.747 | DEBUG    | algorithms.der_pp:train:166 - 95 has 83 samples
2023-01-12 09:17:02.748 | DEBUG    | algorithms.der_pp:train:166 - 86 has 84 samples
2023-01-12 09:17:02.748 | DEBUG    | algorithms.der_pp:train:166 - 79 has 84 samples
2023-01-12 09:17:02.749 | DEBUG    | algorithms.der_pp:train:166 - 15 has 84 samples
2023-01-12 09:17:02.750 | DEBUG    | algorithms.der_pp:train:166 - 9 has 84 samples
2023-01-12 09:17:02.750 | DEBUG    | algorithms.der_pp:train:166 - 40 has 84 samples
2023-01-12 09:17:02.751 | DEBUG    | algorithms.der_pp:train:166 - 50 has 84 samples
2023-01-12 09:17:02.752 | DEBUG    | algorithms.der_pp:train:166 - 29 has 84 samples
2023-01-12 09:17:02.753 | DEBUG    | algorithms.der_pp:train:166 - 37 has 84 samples
2023-01-12 09:17:02.753 | DEBUG    | algorithms.der_pp:train:166 - 22 has 84 samples
2023-01-12 09:17:02.754 | DEBUG    | algorithms.der_pp:train:166 - 27 has 84 samples
2023-01-12 09:17:02.755 | DEBUG    | algorithms.der_pp:train:166 - 20 has 84 samples
2023-01-12 09:17:02.755 | DEBUG    | algorithms.der_pp:train:166 - 60 has 84 samples
2023-01-12 09:17:02.756 | DEBUG    | algorithms.der_pp:train:166 - 38 has 84 samples
2023-01-12 09:17:02.757 | DEBUG    | algorithms.der_pp:train:166 - 7 has 84 samples
2023-01-12 09:17:02.758 | DEBUG    | algorithms.der_pp:train:166 - 65 has 84 samples
2023-01-12 09:17:02.758 | DEBUG    | algorithms.der_pp:train:166 - 42 has 84 samples
2023-01-12 09:17:02.759 | DEBUG    | algorithms.der_pp:train:166 - 51 has 84 samples
2023-01-12 09:17:02.760 | DEBUG    | algorithms.der_pp:train:166 - 87 has 84 samples
2023-01-12 09:17:02.760 | DEBUG    | algorithms.der_pp:train:166 - 58 has 84 samples
2023-01-12 09:17:02.761 | DEBUG    | algorithms.der_pp:train:166 - 68 has 84 samples
2023-01-12 09:17:02.762 | INFO     | algorithms.der_pp:train:171 - 1, loss: 6.554
2023-01-12 09:17:02.762 | INFO     | algorithms.algorithm_base:run_base_task_metrics:146 - Running metrics: Task 2
2023-01-12 09:17:06.821 | DEBUG    | algorithms.algorithm_base:run_base_task_metrics:202 - Raw classification accuracy results saved to ./output/der_pp/1673514913.1014144_CIFAR100_OFFICIAL_RUN/task_2_accuracy_results.json
2023-01-12 09:17:06.822 | INFO     | algorithms.algorithm_base:run_base_task_metrics:203 - Correctly classified 925 / 10000 samples (9.25% correct)
2023-01-12 09:17:07.245 | INFO     | algorithms.der_pp:train:88 - Task 4 / 5
2023-01-12 09:17:07.251 | INFO     | algorithms.der_pp:train:89 - Classes in task: ['table', 'flatfish', 'mountain', 'lawn_mower', 'dolphin', 'rocket', 'forest', 'sunflower', 'otter', 'turtle', 'cup', 'crab', 'apple', 'oak_tree', 'hamster', 'keyboard', 'wardrobe', 'rose', 'lion', 'seal']
2023-01-12 09:17:07.252 | INFO     | algorithms.der_pp:train:96 - Starting epoch 1 / 1
2023-01-12 09:17:09.398 | INFO     | algorithms.der_pp:train:160 - 3:1:40, loss: 7.563
2023-01-12 09:17:11.493 | INFO     | algorithms.der_pp:train:160 - 3:1:80, loss: 7.072
2023-01-12 09:17:13.582 | INFO     | algorithms.der_pp:train:160 - 3:1:120, loss: 6.583
2023-01-12 09:17:15.668 | INFO     | algorithms.der_pp:train:160 - 3:1:160, loss: 6.383
2023-01-12 09:17:16.234 | WARNING  | algorithms.buffers:add_sample:156 - Duplicate hash: 4804560731649343837
2023-01-12 09:17:17.755 | INFO     | algorithms.der_pp:train:160 - 3:1:200, loss: 6.321
2023-01-12 09:17:19.844 | INFO     | algorithms.der_pp:train:160 - 3:1:240, loss: 6.175
2023-01-12 09:17:21.935 | INFO     | algorithms.der_pp:train:160 - 3:1:280, loss: 6.227
2023-01-12 09:17:24.019 | INFO     | algorithms.der_pp:train:160 - 3:1:320, loss: 6.049
2023-01-12 09:17:26.103 | INFO     | algorithms.der_pp:train:160 - 3:1:360, loss: 5.942
2023-01-12 09:17:28.180 | INFO     | algorithms.der_pp:train:160 - 3:1:400, loss: 5.957
2023-01-12 09:17:30.259 | INFO     | algorithms.der_pp:train:160 - 3:1:440, loss: 5.875
2023-01-12 09:17:32.341 | INFO     | algorithms.der_pp:train:160 - 3:1:480, loss: 5.783
2023-01-12 09:17:34.420 | INFO     | algorithms.der_pp:train:160 - 3:1:520, loss: 5.788
2023-01-12 09:17:36.491 | INFO     | algorithms.der_pp:train:160 - 3:1:560, loss: 5.728
2023-01-12 09:17:38.567 | INFO     | algorithms.der_pp:train:160 - 3:1:600, loss: 5.757
2023-01-12 09:17:39.811 | DEBUG    | algorithms.der_pp:train:163 - Current sample stats:
2023-01-12 09:17:39.812 | DEBUG    | algorithms.der_pp:train:166 - 85 has 62 samples
2023-01-12 09:17:39.813 | DEBUG    | algorithms.der_pp:train:166 - 53 has 62 samples
2023-01-12 09:17:39.814 | DEBUG    | algorithms.der_pp:train:166 - 11 has 62 samples
2023-01-12 09:17:39.814 | DEBUG    | algorithms.der_pp:train:166 - 96 has 62 samples
2023-01-12 09:17:39.815 | DEBUG    | algorithms.der_pp:train:166 - 2 has 62 samples
2023-01-12 09:17:39.816 | DEBUG    | algorithms.der_pp:train:166 - 78 has 62 samples
2023-01-12 09:17:39.816 | DEBUG    | algorithms.der_pp:train:166 - 61 has 62 samples
2023-01-12 09:17:39.817 | DEBUG    | algorithms.der_pp:train:166 - 97 has 62 samples
2023-01-12 09:17:39.818 | DEBUG    | algorithms.der_pp:train:166 - 67 has 62 samples
2023-01-12 09:17:39.818 | DEBUG    | algorithms.der_pp:train:166 - 83 has 62 samples
2023-01-12 09:17:39.819 | DEBUG    | algorithms.der_pp:train:166 - 48 has 62 samples
2023-01-12 09:17:39.820 | DEBUG    | algorithms.der_pp:train:166 - 6 has 62 samples
2023-01-12 09:17:39.820 | DEBUG    | algorithms.der_pp:train:166 - 92 has 62 samples
2023-01-12 09:17:39.821 | DEBUG    | algorithms.der_pp:train:166 - 62 has 62 samples
2023-01-12 09:17:39.822 | DEBUG    | algorithms.der_pp:train:166 - 17 has 62 samples
2023-01-12 09:17:39.823 | DEBUG    | algorithms.der_pp:train:166 - 45 has 62 samples
2023-01-12 09:17:39.823 | DEBUG    | algorithms.der_pp:train:166 - 76 has 62 samples
2023-01-12 09:17:39.824 | DEBUG    | algorithms.der_pp:train:166 - 66 has 62 samples
2023-01-12 09:17:39.825 | DEBUG    | algorithms.der_pp:train:166 - 3 has 62 samples
2023-01-12 09:17:39.825 | DEBUG    | algorithms.der_pp:train:166 - 63 has 62 samples
2023-01-12 09:17:39.826 | DEBUG    | algorithms.der_pp:train:166 - 80 has 62 samples
2023-01-12 09:17:39.827 | DEBUG    | algorithms.der_pp:train:166 - 46 has 62 samples
2023-01-12 09:17:39.828 | DEBUG    | algorithms.der_pp:train:166 - 1 has 62 samples
2023-01-12 09:17:39.828 | DEBUG    | algorithms.der_pp:train:166 - 91 has 62 samples
2023-01-12 09:17:39.829 | DEBUG    | algorithms.der_pp:train:166 - 4 has 62 samples
2023-01-12 09:17:39.830 | DEBUG    | algorithms.der_pp:train:166 - 77 has 62 samples
2023-01-12 09:17:39.830 | DEBUG    | algorithms.der_pp:train:166 - 18 has 62 samples
2023-01-12 09:17:39.831 | DEBUG    | algorithms.der_pp:train:166 - 44 has 62 samples
2023-01-12 09:17:39.832 | DEBUG    | algorithms.der_pp:train:166 - 98 has 62 samples
2023-01-12 09:17:39.833 | DEBUG    | algorithms.der_pp:train:166 - 21 has 62 samples
2023-01-12 09:17:39.833 | DEBUG    | algorithms.der_pp:train:166 - 24 has 62 samples
2023-01-12 09:17:39.834 | DEBUG    | algorithms.der_pp:train:166 - 25 has 62 samples
2023-01-12 09:17:39.835 | DEBUG    | algorithms.der_pp:train:166 - 57 has 62 samples
2023-01-12 09:17:39.835 | DEBUG    | algorithms.der_pp:train:166 - 64 has 62 samples
2023-01-12 09:17:39.836 | DEBUG    | algorithms.der_pp:train:166 - 99 has 62 samples
2023-01-12 09:17:39.837 | DEBUG    | algorithms.der_pp:train:166 - 13 has 62 samples
2023-01-12 09:17:39.838 | DEBUG    | algorithms.der_pp:train:166 - 8 has 62 samples
2023-01-12 09:17:39.838 | DEBUG    | algorithms.der_pp:train:166 - 75 has 62 samples
2023-01-12 09:17:39.839 | DEBUG    | algorithms.der_pp:train:166 - 90 has 62 samples
2023-01-12 09:17:39.840 | DEBUG    | algorithms.der_pp:train:166 - 95 has 62 samples
2023-01-12 09:17:39.840 | DEBUG    | algorithms.der_pp:train:166 - 86 has 63 samples
2023-01-12 09:17:39.841 | DEBUG    | algorithms.der_pp:train:166 - 79 has 63 samples
2023-01-12 09:17:39.842 | DEBUG    | algorithms.der_pp:train:166 - 15 has 63 samples
2023-01-12 09:17:39.843 | DEBUG    | algorithms.der_pp:train:166 - 9 has 63 samples
2023-01-12 09:17:39.843 | DEBUG    | algorithms.der_pp:train:166 - 40 has 63 samples
2023-01-12 09:17:39.844 | DEBUG    | algorithms.der_pp:train:166 - 50 has 63 samples
2023-01-12 09:17:39.845 | DEBUG    | algorithms.der_pp:train:166 - 29 has 63 samples
2023-01-12 09:17:39.845 | DEBUG    | algorithms.der_pp:train:166 - 37 has 63 samples
2023-01-12 09:17:39.846 | DEBUG    | algorithms.der_pp:train:166 - 22 has 63 samples
2023-01-12 09:17:39.847 | DEBUG    | algorithms.der_pp:train:166 - 27 has 63 samples
2023-01-12 09:17:39.848 | DEBUG    | algorithms.der_pp:train:166 - 20 has 63 samples
2023-01-12 09:17:39.848 | DEBUG    | algorithms.der_pp:train:166 - 60 has 63 samples
2023-01-12 09:17:39.849 | DEBUG    | algorithms.der_pp:train:166 - 38 has 63 samples
2023-01-12 09:17:39.850 | DEBUG    | algorithms.der_pp:train:166 - 7 has 63 samples
2023-01-12 09:17:39.850 | DEBUG    | algorithms.der_pp:train:166 - 65 has 63 samples
2023-01-12 09:17:39.851 | DEBUG    | algorithms.der_pp:train:166 - 42 has 63 samples
2023-01-12 09:17:39.852 | DEBUG    | algorithms.der_pp:train:166 - 51 has 63 samples
2023-01-12 09:17:39.853 | DEBUG    | algorithms.der_pp:train:166 - 87 has 63 samples
2023-01-12 09:17:39.853 | DEBUG    | algorithms.der_pp:train:166 - 58 has 63 samples
2023-01-12 09:17:39.854 | DEBUG    | algorithms.der_pp:train:166 - 68 has 63 samples
2023-01-12 09:17:39.855 | DEBUG    | algorithms.der_pp:train:166 - 52 has 63 samples
2023-01-12 09:17:39.855 | DEBUG    | algorithms.der_pp:train:166 - 84 has 63 samples
2023-01-12 09:17:39.856 | DEBUG    | algorithms.der_pp:train:166 - 94 has 63 samples
2023-01-12 09:17:39.857 | DEBUG    | algorithms.der_pp:train:166 - 82 has 63 samples
2023-01-12 09:17:39.858 | DEBUG    | algorithms.der_pp:train:166 - 28 has 63 samples
2023-01-12 09:17:39.858 | DEBUG    | algorithms.der_pp:train:166 - 26 has 63 samples
2023-01-12 09:17:39.859 | DEBUG    | algorithms.der_pp:train:166 - 49 has 63 samples
2023-01-12 09:17:39.860 | DEBUG    | algorithms.der_pp:train:166 - 72 has 63 samples
2023-01-12 09:17:39.860 | DEBUG    | algorithms.der_pp:train:166 - 39 has 63 samples
2023-01-12 09:17:39.861 | DEBUG    | algorithms.der_pp:train:166 - 33 has 63 samples
2023-01-12 09:17:39.862 | DEBUG    | algorithms.der_pp:train:166 - 43 has 63 samples
2023-01-12 09:17:39.863 | DEBUG    | algorithms.der_pp:train:166 - 30 has 63 samples
2023-01-12 09:17:39.863 | DEBUG    | algorithms.der_pp:train:166 - 93 has 63 samples
2023-01-12 09:17:39.864 | DEBUG    | algorithms.der_pp:train:166 - 69 has 63 samples
2023-01-12 09:17:39.865 | DEBUG    | algorithms.der_pp:train:166 - 70 has 63 samples
2023-01-12 09:17:39.865 | DEBUG    | algorithms.der_pp:train:166 - 36 has 63 samples
2023-01-12 09:17:39.866 | DEBUG    | algorithms.der_pp:train:166 - 32 has 63 samples
2023-01-12 09:17:39.867 | DEBUG    | algorithms.der_pp:train:166 - 55 has 63 samples
2023-01-12 09:17:39.868 | DEBUG    | algorithms.der_pp:train:166 - 0 has 63 samples
2023-01-12 09:17:39.868 | DEBUG    | algorithms.der_pp:train:166 - 41 has 63 samples
2023-01-12 09:17:39.869 | INFO     | algorithms.der_pp:train:171 - 1, loss: 6.201
2023-01-12 09:17:39.870 | INFO     | algorithms.algorithm_base:run_base_task_metrics:146 - Running metrics: Task 3
2023-01-12 09:17:43.971 | DEBUG    | algorithms.algorithm_base:run_base_task_metrics:202 - Raw classification accuracy results saved to ./output/der_pp/1673514913.1014144_CIFAR100_OFFICIAL_RUN/task_3_accuracy_results.json
2023-01-12 09:17:43.972 | INFO     | algorithms.algorithm_base:run_base_task_metrics:203 - Correctly classified 876 / 10000 samples (8.76% correct)
2023-01-12 09:17:44.344 | INFO     | algorithms.der_pp:train:88 - Task 5 / 5
2023-01-12 09:17:44.349 | INFO     | algorithms.der_pp:train:89 - Classes in task: ['streetcar', 'bed', 'shrew', 'bowl', 'shark', 'sea', 'cloud', 'fox', 'maple_tree', 'butterfly', 'tiger', 'orchid', 'elephant', 'cattle', 'can', 'palm_tree', 'bridge', 'pine_tree', 'tractor', 'girl']
2023-01-12 09:17:44.350 | INFO     | algorithms.der_pp:train:96 - Starting epoch 1 / 1
2023-01-12 09:17:46.484 | INFO     | algorithms.der_pp:train:160 - 4:1:40, loss: 7.563
2023-01-12 09:17:47.669 | WARNING  | algorithms.buffers:add_sample:156 - Duplicate hash: -450189419317054144
2023-01-12 09:17:48.572 | INFO     | algorithms.der_pp:train:160 - 4:1:80, loss: 7.225
2023-01-12 09:17:49.757 | WARNING  | algorithms.buffers:add_sample:156 - Duplicate hash: 3865063715776774718
2023-01-12 09:17:50.649 | INFO     | algorithms.der_pp:train:160 - 4:1:120, loss: 6.862
2023-01-12 09:17:52.731 | INFO     | algorithms.der_pp:train:160 - 4:1:160, loss: 6.777
2023-01-12 09:17:54.799 | INFO     | algorithms.der_pp:train:160 - 4:1:200, loss: 6.605
2023-01-12 09:17:56.879 | INFO     | algorithms.der_pp:train:160 - 4:1:240, loss: 6.528
2023-01-12 09:17:58.957 | INFO     | algorithms.der_pp:train:160 - 4:1:280, loss: 6.492
2023-01-12 09:18:01.041 | INFO     | algorithms.der_pp:train:160 - 4:1:320, loss: 6.329
2023-01-12 09:18:03.133 | INFO     | algorithms.der_pp:train:160 - 4:1:360, loss: 6.279
2023-01-12 09:18:05.217 | INFO     | algorithms.der_pp:train:160 - 4:1:400, loss: 6.317
2023-01-12 09:18:07.306 | INFO     | algorithms.der_pp:train:160 - 4:1:440, loss: 6.275
2023-01-12 09:18:09.390 | INFO     | algorithms.der_pp:train:160 - 4:1:480, loss: 6.210
2023-01-12 09:18:11.480 | INFO     | algorithms.der_pp:train:160 - 4:1:520, loss: 6.170
2023-01-12 09:18:13.565 | INFO     | algorithms.der_pp:train:160 - 4:1:560, loss: 5.987
2023-01-12 09:18:15.658 | INFO     | algorithms.der_pp:train:160 - 4:1:600, loss: 6.021
2023-01-12 09:18:16.911 | DEBUG    | algorithms.der_pp:train:163 - Current sample stats:
2023-01-12 09:18:16.912 | DEBUG    | algorithms.der_pp:train:166 - 85 has 50 samples
2023-01-12 09:18:16.913 | DEBUG    | algorithms.der_pp:train:166 - 53 has 50 samples
2023-01-12 09:18:16.913 | DEBUG    | algorithms.der_pp:train:166 - 11 has 50 samples
2023-01-12 09:18:16.914 | DEBUG    | algorithms.der_pp:train:166 - 96 has 50 samples
2023-01-12 09:18:16.915 | DEBUG    | algorithms.der_pp:train:166 - 2 has 50 samples
2023-01-12 09:18:16.915 | DEBUG    | algorithms.der_pp:train:166 - 78 has 50 samples
2023-01-12 09:18:16.916 | DEBUG    | algorithms.der_pp:train:166 - 61 has 50 samples
2023-01-12 09:18:16.917 | DEBUG    | algorithms.der_pp:train:166 - 97 has 50 samples
2023-01-12 09:18:16.917 | DEBUG    | algorithms.der_pp:train:166 - 67 has 50 samples
2023-01-12 09:18:16.918 | DEBUG    | algorithms.der_pp:train:166 - 83 has 50 samples
2023-01-12 09:18:16.919 | DEBUG    | algorithms.der_pp:train:166 - 48 has 50 samples
2023-01-12 09:18:16.919 | DEBUG    | algorithms.der_pp:train:166 - 6 has 50 samples
2023-01-12 09:18:16.920 | DEBUG    | algorithms.der_pp:train:166 - 92 has 50 samples
2023-01-12 09:18:16.921 | DEBUG    | algorithms.der_pp:train:166 - 62 has 50 samples
2023-01-12 09:18:16.921 | DEBUG    | algorithms.der_pp:train:166 - 17 has 50 samples
2023-01-12 09:18:16.922 | DEBUG    | algorithms.der_pp:train:166 - 45 has 50 samples
2023-01-12 09:18:16.923 | DEBUG    | algorithms.der_pp:train:166 - 76 has 50 samples
2023-01-12 09:18:16.923 | DEBUG    | algorithms.der_pp:train:166 - 66 has 50 samples
2023-01-12 09:18:16.924 | DEBUG    | algorithms.der_pp:train:166 - 3 has 50 samples
2023-01-12 09:18:16.925 | DEBUG    | algorithms.der_pp:train:166 - 63 has 50 samples
2023-01-12 09:18:16.925 | DEBUG    | algorithms.der_pp:train:166 - 80 has 50 samples
2023-01-12 09:18:16.926 | DEBUG    | algorithms.der_pp:train:166 - 46 has 50 samples
2023-01-12 09:18:16.927 | DEBUG    | algorithms.der_pp:train:166 - 1 has 50 samples
2023-01-12 09:18:16.927 | DEBUG    | algorithms.der_pp:train:166 - 91 has 50 samples
2023-01-12 09:18:16.928 | DEBUG    | algorithms.der_pp:train:166 - 4 has 50 samples
2023-01-12 09:18:16.929 | DEBUG    | algorithms.der_pp:train:166 - 77 has 50 samples
2023-01-12 09:18:16.930 | DEBUG    | algorithms.der_pp:train:166 - 18 has 50 samples
2023-01-12 09:18:16.930 | DEBUG    | algorithms.der_pp:train:166 - 44 has 50 samples
2023-01-12 09:18:16.931 | DEBUG    | algorithms.der_pp:train:166 - 98 has 50 samples
2023-01-12 09:18:16.932 | DEBUG    | algorithms.der_pp:train:166 - 21 has 50 samples
2023-01-12 09:18:16.932 | DEBUG    | algorithms.der_pp:train:166 - 24 has 50 samples
2023-01-12 09:18:16.933 | DEBUG    | algorithms.der_pp:train:166 - 25 has 50 samples
2023-01-12 09:18:16.934 | DEBUG    | algorithms.der_pp:train:166 - 57 has 50 samples
2023-01-12 09:18:16.935 | DEBUG    | algorithms.der_pp:train:166 - 64 has 50 samples
2023-01-12 09:18:16.935 | DEBUG    | algorithms.der_pp:train:166 - 99 has 50 samples
2023-01-12 09:18:16.936 | DEBUG    | algorithms.der_pp:train:166 - 13 has 50 samples
2023-01-12 09:18:16.937 | DEBUG    | algorithms.der_pp:train:166 - 8 has 50 samples
2023-01-12 09:18:16.937 | DEBUG    | algorithms.der_pp:train:166 - 75 has 50 samples
2023-01-12 09:18:16.938 | DEBUG    | algorithms.der_pp:train:166 - 90 has 50 samples
2023-01-12 09:18:16.939 | DEBUG    | algorithms.der_pp:train:166 - 95 has 50 samples
2023-01-12 09:18:16.940 | DEBUG    | algorithms.der_pp:train:166 - 86 has 50 samples
2023-01-12 09:18:16.940 | DEBUG    | algorithms.der_pp:train:166 - 79 has 50 samples
2023-01-12 09:18:16.941 | DEBUG    | algorithms.der_pp:train:166 - 15 has 50 samples
2023-01-12 09:18:16.942 | DEBUG    | algorithms.der_pp:train:166 - 9 has 50 samples
2023-01-12 09:18:16.942 | DEBUG    | algorithms.der_pp:train:166 - 40 has 50 samples
2023-01-12 09:18:16.943 | DEBUG    | algorithms.der_pp:train:166 - 50 has 50 samples
2023-01-12 09:18:16.944 | DEBUG    | algorithms.der_pp:train:166 - 29 has 50 samples
2023-01-12 09:18:16.945 | DEBUG    | algorithms.der_pp:train:166 - 37 has 50 samples
2023-01-12 09:18:16.945 | DEBUG    | algorithms.der_pp:train:166 - 22 has 50 samples
2023-01-12 09:18:16.946 | DEBUG    | algorithms.der_pp:train:166 - 27 has 50 samples
2023-01-12 09:18:16.947 | DEBUG    | algorithms.der_pp:train:166 - 20 has 50 samples
2023-01-12 09:18:16.947 | DEBUG    | algorithms.der_pp:train:166 - 60 has 50 samples
2023-01-12 09:18:16.948 | DEBUG    | algorithms.der_pp:train:166 - 38 has 50 samples
2023-01-12 09:18:16.949 | DEBUG    | algorithms.der_pp:train:166 - 7 has 50 samples
2023-01-12 09:18:16.950 | DEBUG    | algorithms.der_pp:train:166 - 65 has 50 samples
2023-01-12 09:18:16.950 | DEBUG    | algorithms.der_pp:train:166 - 42 has 50 samples
2023-01-12 09:18:16.951 | DEBUG    | algorithms.der_pp:train:166 - 51 has 50 samples
2023-01-12 09:18:16.952 | DEBUG    | algorithms.der_pp:train:166 - 87 has 50 samples
2023-01-12 09:18:16.952 | DEBUG    | algorithms.der_pp:train:166 - 58 has 50 samples
2023-01-12 09:18:16.953 | DEBUG    | algorithms.der_pp:train:166 - 68 has 50 samples
2023-01-12 09:18:16.954 | DEBUG    | algorithms.der_pp:train:166 - 52 has 50 samples
2023-01-12 09:18:16.955 | DEBUG    | algorithms.der_pp:train:166 - 84 has 50 samples
2023-01-12 09:18:16.955 | DEBUG    | algorithms.der_pp:train:166 - 94 has 50 samples
2023-01-12 09:18:16.956 | DEBUG    | algorithms.der_pp:train:166 - 82 has 50 samples
2023-01-12 09:18:16.957 | DEBUG    | algorithms.der_pp:train:166 - 28 has 50 samples
2023-01-12 09:18:16.957 | DEBUG    | algorithms.der_pp:train:166 - 26 has 50 samples
2023-01-12 09:18:16.958 | DEBUG    | algorithms.der_pp:train:166 - 49 has 50 samples
2023-01-12 09:18:16.959 | DEBUG    | algorithms.der_pp:train:166 - 72 has 50 samples
2023-01-12 09:18:16.960 | DEBUG    | algorithms.der_pp:train:166 - 39 has 50 samples
2023-01-12 09:18:16.960 | DEBUG    | algorithms.der_pp:train:166 - 33 has 50 samples
2023-01-12 09:18:16.961 | DEBUG    | algorithms.der_pp:train:166 - 43 has 50 samples
2023-01-12 09:18:16.962 | DEBUG    | algorithms.der_pp:train:166 - 30 has 50 samples
2023-01-12 09:18:16.963 | DEBUG    | algorithms.der_pp:train:166 - 93 has 50 samples
2023-01-12 09:18:16.963 | DEBUG    | algorithms.der_pp:train:166 - 69 has 50 samples
2023-01-12 09:18:16.964 | DEBUG    | algorithms.der_pp:train:166 - 70 has 50 samples
2023-01-12 09:18:16.965 | DEBUG    | algorithms.der_pp:train:166 - 36 has 50 samples
2023-01-12 09:18:16.965 | DEBUG    | algorithms.der_pp:train:166 - 32 has 50 samples
2023-01-12 09:18:16.966 | DEBUG    | algorithms.der_pp:train:166 - 55 has 50 samples
2023-01-12 09:18:16.967 | DEBUG    | algorithms.der_pp:train:166 - 0 has 50 samples
2023-01-12 09:18:16.968 | DEBUG    | algorithms.der_pp:train:166 - 41 has 50 samples
2023-01-12 09:18:16.968 | DEBUG    | algorithms.der_pp:train:166 - 59 has 50 samples
2023-01-12 09:18:16.969 | DEBUG    | algorithms.der_pp:train:166 - 81 has 50 samples
2023-01-12 09:18:16.970 | DEBUG    | algorithms.der_pp:train:166 - 34 has 50 samples
2023-01-12 09:18:16.970 | DEBUG    | algorithms.der_pp:train:166 - 12 has 50 samples
2023-01-12 09:18:16.971 | DEBUG    | algorithms.der_pp:train:166 - 71 has 50 samples
2023-01-12 09:18:16.972 | DEBUG    | algorithms.der_pp:train:166 - 74 has 50 samples
2023-01-12 09:18:16.973 | DEBUG    | algorithms.der_pp:train:166 - 47 has 50 samples
2023-01-12 09:18:16.973 | DEBUG    | algorithms.der_pp:train:166 - 88 has 50 samples
2023-01-12 09:18:16.974 | DEBUG    | algorithms.der_pp:train:166 - 89 has 50 samples
2023-01-12 09:18:16.975 | DEBUG    | algorithms.der_pp:train:166 - 35 has 50 samples
2023-01-12 09:18:16.975 | DEBUG    | algorithms.der_pp:train:166 - 16 has 50 samples
2023-01-12 09:18:16.976 | DEBUG    | algorithms.der_pp:train:166 - 14 has 50 samples
2023-01-12 09:18:16.977 | DEBUG    | algorithms.der_pp:train:166 - 73 has 50 samples
2023-01-12 09:18:16.978 | DEBUG    | algorithms.der_pp:train:166 - 54 has 50 samples
2023-01-12 09:18:16.978 | DEBUG    | algorithms.der_pp:train:166 - 10 has 50 samples
2023-01-12 09:18:16.979 | DEBUG    | algorithms.der_pp:train:166 - 5 has 50 samples
2023-01-12 09:18:16.980 | DEBUG    | algorithms.der_pp:train:166 - 19 has 50 samples
2023-01-12 09:18:16.980 | DEBUG    | algorithms.der_pp:train:166 - 31 has 50 samples
2023-01-12 09:18:16.981 | DEBUG    | algorithms.der_pp:train:166 - 23 has 50 samples
2023-01-12 09:18:16.982 | DEBUG    | algorithms.der_pp:train:166 - 56 has 50 samples
2023-01-12 09:18:16.983 | INFO     | algorithms.der_pp:train:171 - 1, loss: 6.489
2023-01-12 09:18:16.983 | INFO     | algorithms.algorithm_base:run_base_task_metrics:146 - Running metrics: Task 4
2023-01-12 09:18:21.077 | DEBUG    | algorithms.algorithm_base:run_base_task_metrics:202 - Raw classification accuracy results saved to ./output/der_pp/1673514913.1014144_CIFAR100_OFFICIAL_RUN/task_4_accuracy_results.json
2023-01-12 09:18:21.079 | INFO     | algorithms.algorithm_base:run_base_task_metrics:203 - Correctly classified 928 / 10000 samples (9.28% correct)
2023-01-12 09:18:21.453 | INFO     | algorithms.der_pp:train:179 - Training complete
2023-01-12 09:18:21.458 | INFO     | __main__:run_experiment:253 - Training and evaluation completed!
2023-01-12 09:18:21.460 | INFO     | __main__:run_experiment:267 - Wrote usage stats to file
2023-01-12 09:18:21.460 | INFO     | __main__:main:307 - Complete
2023-01-12 09:18:21.461 | INFO     | __main__:close_tensorboard_writer:215 - Shut down TensorBoard
