2023-02-13 10:09:42.330 | INFO     | __main__:setup_files:208 - Experiment Name: OFFICIAL_RUN
2023-02-13 10:09:42.332 | INFO     | __main__:main:322 - Command line arguments: Configuration(algorithm='novel', dataset='cifar100', classes_per_task=20, seed=9767, samples=1000)
2023-02-13 10:09:42.334 | INFO     | __main__:main:326 - Seeded random to 9767
2023-02-13 10:09:42.334 | INFO     | __main__:main:330 - Got CUDA device
2023-02-13 10:09:42.335 | INFO     | __main__:force_cuda_load:258 - Forcing CUDA initialisation...
2023-02-13 10:09:42.390 | INFO     | __main__:main:334 - CUDA initialised
2023-02-13 10:09:42.391 | INFO     | __main__:setup_shutdown_hook:254 - To access TensorBoard, run the command: tensorboard --logdir=./output_cifar100_varied_sampling/novel/1676282982.3261669_CIFAR100_OFFICIAL_RUN
2023-02-13 10:09:42.393 | INFO     | __main__:main:338 - Setup shutdown hooks
2023-02-13 10:09:42.416 | INFO     | __main__:main:343 - Model is setup
2023-02-13 10:09:42.417 | INFO     | __main__:main:345 - Complete pre-setup, starting experiment
2023-02-13 10:09:43.575 | INFO     | datasets.dataset_base:__init__:80 - Using disjoint tasks with 20 (5 tasks) with a randomised split
2023-02-13 10:09:43.577 | DEBUG    | datasets.dataset_base:_setup_task_datasets:95 - Splitting dataset into 5 disjoint tasks
2023-02-13 10:09:43.597 | INFO     | datasets.dataset_base:__init__:85 - {
  "name": "datasets.cifar100.CIFAR100",
  "dataset_class": "torchvision.datasets.cifar.CIFAR100",
  "training_dataset_parameters": "{'train': True, 'download': True}",
  "testing_dataset_parameters": "{'train': False, 'download': True}",
  "training_transform": "Compose(\n    Resize(size=(224, 224), interpolation=bilinear, max_size=None, antialias=None)\n    ToTensor()\n    Normalize(mean=(0.5071, 0.4867, 0.4408), std=(0.2675, 0.2565, 0.2761))\n    RandomCrop(size=(224, 224), padding=4)\n    RandomHorizontalFlip(p=0.5)\n)",
  "testing_transform": "Compose(\n    Resize(size=(224, 224), interpolation=bilinear, max_size=None, antialias=None)\n    ToTensor()\n    Normalize(mean=(0.5071, 0.4867, 0.4408), std=(0.2675, 0.2565, 0.2761))\n)",
  "classes": "apple, aquarium_fish, baby, bear, beaver, bed, bee, beetle, bicycle, bottle, bowl, boy, bridge, bus, butterfly, camel, can, castle, caterpillar, cattle, chair, chimpanzee, clock, cloud, cockroach, couch, crab, crocodile, cup, dinosaur, dolphin, elephant, flatfish, forest, fox, girl, hamster, house, kangaroo, keyboard, lamp, lawn_mower, leopard, lion, lizard, lobster, man, maple_tree, motorcycle, mountain, mouse, mushroom, oak_tree, orange, orchid, otter, palm_tree, pear, pickup_truck, pine_tree, plain, plate, poppy, porcupine, possum, rabbit, raccoon, ray, road, rocket, rose, sea, seal, shark, shrew, skunk, skyscraper, snail, snake, spider, squirrel, streetcar, sunflower, sweet_pepper, table, tank, telephone, television, tiger, tractor, train, trout, tulip, turtle, wardrobe, whale, willow_tree, wolf, woman, worm",
  "disjoint": true,
  "task_count": 5,
  "classes_per_task": [
    20
  ],
  "task_split_indices": [
    [
      19,
      40,
      58,
      57,
      95,
      53,
      77,
      30,
      89,
      71,
      12,
      67,
      41,
      4,
      2,
      3,
      17,
      28,
      51,
      55
    ],
    [
      65,
      76,
      84,
      98,
      45,
      25,
      7,
      47,
      70,
      99,
      21,
      72,
      85,
      60,
      6,
      74,
      96,
      50,
      49,
      80
    ],
    [
      38,
      93,
      29,
      36,
      8,
      48,
      5,
      73,
      37,
      20,
      94,
      15,
      23,
      75,
      16,
      90,
      54,
      10,
      39,
      78
    ],
    [
      61,
      9,
      11,
      44,
      87,
      0,
      97,
      18,
      14,
      59,
      69,
      62,
      92,
      26,
      64,
      63,
      81,
      22,
      82,
      43
    ],
    [
      1,
      27,
      13,
      86,
      34,
      88,
      42,
      35,
      52,
      32,
      79,
      33,
      56,
      46,
      24,
      31,
      91,
      66,
      68,
      83
    ]
  ],
  "task_split_classes": [
    [
      "cattle",
      "lamp",
      "pickup_truck",
      "pear",
      "whale",
      "orange",
      "snail",
      "dolphin",
      "tractor",
      "sea",
      "bridge",
      "ray",
      "lawn_mower",
      "beaver",
      "baby",
      "bear",
      "castle",
      "cup",
      "mushroom",
      "otter"
    ],
    [
      "rabbit",
      "skyscraper",
      "table",
      "woman",
      "lobster",
      "couch",
      "beetle",
      "maple_tree",
      "rose",
      "worm",
      "chimpanzee",
      "seal",
      "tank",
      "plain",
      "bee",
      "shrew",
      "willow_tree",
      "mouse",
      "mountain",
      "squirrel"
    ],
    [
      "kangaroo",
      "turtle",
      "dinosaur",
      "hamster",
      "bicycle",
      "motorcycle",
      "bed",
      "shark",
      "house",
      "chair",
      "wardrobe",
      "camel",
      "cloud",
      "skunk",
      "can",
      "train",
      "orchid",
      "bowl",
      "keyboard",
      "snake"
    ],
    [
      "plate",
      "bottle",
      "boy",
      "lizard",
      "television",
      "apple",
      "wolf",
      "caterpillar",
      "butterfly",
      "pine_tree",
      "rocket",
      "poppy",
      "tulip",
      "crab",
      "possum",
      "porcupine",
      "streetcar",
      "clock",
      "sunflower",
      "lion"
    ],
    [
      "aquarium_fish",
      "crocodile",
      "bus",
      "telephone",
      "fox",
      "tiger",
      "leopard",
      "girl",
      "oak_tree",
      "flatfish",
      "spider",
      "forest",
      "palm_tree",
      "man",
      "cockroach",
      "elephant",
      "trout",
      "raccoon",
      "road",
      "sweet_pepper"
    ]
  ]
}
2023-02-13 10:09:47.135 | WARNING  | models.vit.vit_models:build_backbone:149 - OVERRIDE: FREEZING PRETRAINED MODEL DIRECTLY EXCEPT
2023-02-13 10:09:47.137 | INFO     | models.vit.vit_models:setup_head:158 - SETUP HEAD
2023-02-13 10:09:47.275 | DEBUG    | __main__:run_experiment:282 - PID: 18388
2023-02-13 10:09:47.276 | INFO     | __main__:run_experiment:284 - Starting...
2023-02-13 10:09:47.277 | INFO     | algorithms.algorithm_base:train:116 - {
  "name": "experiments.finalised_novel_impl.NovelImplementation",
  "model_class": "experiments.finalised_novel_impl.TestNet",
  "device": "cuda:0",
  "dataset_class": "datasets.cifar100.CIFAR100",
  "optimiser_class": "torch.optim.sgd.SGD",
  "loss_criterion_class": "experiments.finalised_novel_impl.SupConLoss",
  "epochs_per_task": 70,
  "batch_size": 16,
  "uncertainty_type": "batch_normalised",
  "max_memory_samples": 1000,
  "classification_type": "ncm",
  "end_train_only": false
}
2023-02-13 10:09:47.277 | DEBUG    | algorithms.algorithm_base:_setup_training:109 - Model moved to cuda:0 and set to train mode
2023-02-13 10:09:47.278 | INFO     | algorithms.algorithm_base:train:118 - Starting training
2023-02-13 10:09:47.279 | INFO     | experiments.finalised_novel_impl:train:299 - Task 1 / 5
2023-02-13 10:09:47.279 | INFO     | experiments.finalised_novel_impl:train:300 - Classes in task: ['cattle', 'lamp', 'pickup_truck', 'pear', 'whale', 'orange', 'snail', 'dolphin', 'tractor', 'sea', 'bridge', 'ray', 'lawn_mower', 'beaver', 'baby', 'bear', 'castle', 'cup', 'mushroom', 'otter']
2023-02-13 10:09:47.280 | INFO     | experiments.finalised_novel_impl:_uncertainity_memory_update:206 - Starting memory update
2023-02-13 10:09:47.281 | INFO     | experiments.finalised_novel_impl:_uncertainity_memory_update:218 - Using uncertainty type: batch_normalised _compute_batch_distance
2023-02-13 10:09:47.281 | DEBUG    | experiments.finalised_novel_impl:_uncertainity_memory_update:220 - Processing new task samples
2023-02-13 10:21:04.737 | INFO     | experiments.finalised_novel_impl:generate_embeddings:416 - Generating fresh mean embedding vectors
2023-02-13 10:21:04.738 | DEBUG    | experiments.finalised_novel_impl:generate_embeddings:449 - Generated mean embedding vectors for: dict_keys([])
2023-02-13 10:21:04.739 | DEBUG    | experiments.finalised_novel_impl:_uncertainity_memory_update:238 - Processing old task samples: total targets = dict_keys([])
2023-02-13 10:21:04.740 | DEBUG    | experiments.finalised_novel_impl:_uncertainity_memory_update:264 - Drawing memory samples
2023-02-13 10:21:04.743 | DEBUG    | experiments.finalised_novel_impl:_uncertainity_memory_update:284 - Creating buffer
2023-02-13 10:21:04.752 | INFO     | experiments.finalised_novel_impl:_uncertainity_memory_update:293 - Memory update completed
2023-02-13 10:21:04.758 | INFO     | experiments.finalised_novel_impl:train:315 - Populated buffer
2023-02-13 10:21:04.760 | INFO     | experiments.finalised_novel_impl:train:329 - Starting epoch 1 / 70
2023-02-13 10:21:20.615 | INFO     | experiments.finalised_novel_impl:train:393 - 1:1, loss: 4.230
2023-02-13 10:21:20.616 | INFO     | experiments.finalised_novel_impl:train:329 - Starting epoch 2 / 70
2023-02-13 10:21:36.031 | INFO     | experiments.finalised_novel_impl:train:393 - 1:2, loss: 4.229
2023-02-13 10:21:36.032 | INFO     | experiments.finalised_novel_impl:train:329 - Starting epoch 3 / 70
2023-02-13 10:21:51.433 | INFO     | experiments.finalised_novel_impl:train:393 - 1:3, loss: 4.229
2023-02-13 10:21:51.433 | INFO     | experiments.finalised_novel_impl:train:329 - Starting epoch 4 / 70
2023-02-13 10:22:06.851 | INFO     | experiments.finalised_novel_impl:train:393 - 1:4, loss: 4.228
2023-02-13 10:22:06.852 | INFO     | experiments.finalised_novel_impl:train:329 - Starting epoch 5 / 70
2023-02-13 10:22:22.257 | INFO     | experiments.finalised_novel_impl:train:393 - 1:5, loss: 4.227
2023-02-13 10:22:22.258 | INFO     | experiments.finalised_novel_impl:train:329 - Starting epoch 6 / 70
2023-02-13 10:22:37.648 | INFO     | experiments.finalised_novel_impl:train:393 - 1:6, loss: 4.225
2023-02-13 10:22:37.649 | INFO     | experiments.finalised_novel_impl:train:329 - Starting epoch 7 / 70
2023-02-13 10:22:53.043 | INFO     | experiments.finalised_novel_impl:train:393 - 1:7, loss: 4.224
2023-02-13 10:22:53.044 | INFO     | experiments.finalised_novel_impl:train:329 - Starting epoch 8 / 70
2023-02-13 10:23:08.555 | INFO     | experiments.finalised_novel_impl:train:393 - 1:8, loss: 4.222
2023-02-13 10:23:08.555 | INFO     | experiments.finalised_novel_impl:train:329 - Starting epoch 9 / 70
2023-02-13 10:23:24.092 | INFO     | experiments.finalised_novel_impl:train:393 - 1:9, loss: 4.214
2023-02-13 10:23:24.093 | INFO     | experiments.finalised_novel_impl:train:329 - Starting epoch 10 / 70
2023-02-13 10:23:39.595 | INFO     | experiments.finalised_novel_impl:train:393 - 1:10, loss: 4.202
2023-02-13 10:23:39.596 | INFO     | algorithms.algorithm_base:run_base_task_metrics:144 - Running metrics: Task 10
2023-02-13 10:23:39.636 | INFO     | experiments.finalised_novel_impl:generate_embeddings:416 - Generating fresh mean embedding vectors
2023-02-13 10:23:47.443 | DEBUG    | experiments.finalised_novel_impl:generate_embeddings:449 - Generated mean embedding vectors for: dict_keys([19, 40, 89, 58, 4, 30, 77, 51, 57, 53, 17, 95, 55, 12, 67, 28, 3, 2, 71, 41])
2023-02-13 10:25:10.323 | DEBUG    | algorithms.algorithm_base:run_base_task_metrics:200 - Raw classification accuracy results saved to ./output_cifar100_varied_sampling/novel/1676282982.3261669_CIFAR100_OFFICIAL_RUN/task_10_accuracy_results.json
2023-02-13 10:25:10.324 | INFO     | algorithms.algorithm_base:run_base_task_metrics:201 - Correctly classified 1723 / 10000 samples (17.23% correct)
2023-02-13 10:25:10.803 | INFO     | experiments.finalised_novel_impl:train:329 - Starting epoch 11 / 70
2023-02-13 10:25:28.176 | INFO     | experiments.finalised_novel_impl:train:393 - 1:11, loss: 4.189
2023-02-13 10:25:28.177 | INFO     | experiments.finalised_novel_impl:train:329 - Starting epoch 12 / 70
2023-02-13 10:25:45.037 | INFO     | experiments.finalised_novel_impl:train:393 - 1:12, loss: 4.173
2023-02-13 10:25:45.038 | INFO     | experiments.finalised_novel_impl:train:329 - Starting epoch 13 / 70
2023-02-13 10:26:02.676 | INFO     | experiments.finalised_novel_impl:train:393 - 1:13, loss: 4.166
2023-02-13 10:26:02.677 | INFO     | experiments.finalised_novel_impl:train:329 - Starting epoch 14 / 70
2023-02-13 10:26:18.825 | INFO     | experiments.finalised_novel_impl:train:393 - 1:14, loss: 4.157
2023-02-13 10:26:18.826 | INFO     | experiments.finalised_novel_impl:train:329 - Starting epoch 15 / 70
2023-02-13 10:26:35.205 | INFO     | experiments.finalised_novel_impl:train:393 - 1:15, loss: 4.147
2023-02-13 10:26:35.206 | INFO     | experiments.finalised_novel_impl:train:329 - Starting epoch 16 / 70
2023-02-13 10:26:51.720 | INFO     | experiments.finalised_novel_impl:train:393 - 1:16, loss: 4.190
2023-02-13 10:26:51.721 | INFO     | experiments.finalised_novel_impl:train:329 - Starting epoch 17 / 70
2023-02-13 10:27:09.173 | INFO     | experiments.finalised_novel_impl:train:393 - 1:17, loss: 4.166
2023-02-13 10:27:09.174 | INFO     | experiments.finalised_novel_impl:train:329 - Starting epoch 18 / 70
2023-02-13 10:27:27.698 | INFO     | experiments.finalised_novel_impl:train:393 - 1:18, loss: 4.165
2023-02-13 10:27:27.699 | INFO     | experiments.finalised_novel_impl:train:329 - Starting epoch 19 / 70
2023-02-13 10:27:43.534 | INFO     | experiments.finalised_novel_impl:train:393 - 1:19, loss: 4.147
2023-02-13 10:27:43.534 | INFO     | experiments.finalised_novel_impl:train:329 - Starting epoch 20 / 70
2023-02-13 10:28:00.080 | INFO     | experiments.finalised_novel_impl:train:393 - 1:20, loss: 4.139
2023-02-13 10:28:00.081 | INFO     | algorithms.algorithm_base:run_base_task_metrics:144 - Running metrics: Task 20
2023-02-13 10:28:00.108 | INFO     | experiments.finalised_novel_impl:generate_embeddings:416 - Generating fresh mean embedding vectors
2023-02-13 10:28:07.998 | DEBUG    | experiments.finalised_novel_impl:generate_embeddings:449 - Generated mean embedding vectors for: dict_keys([19, 40, 89, 58, 4, 30, 77, 51, 57, 53, 17, 95, 55, 12, 67, 28, 3, 2, 71, 41])
2023-02-13 10:29:33.194 | DEBUG    | algorithms.algorithm_base:run_base_task_metrics:200 - Raw classification accuracy results saved to ./output_cifar100_varied_sampling/novel/1676282982.3261669_CIFAR100_OFFICIAL_RUN/task_20_accuracy_results.json
2023-02-13 10:29:33.195 | INFO     | algorithms.algorithm_base:run_base_task_metrics:201 - Correctly classified 1746 / 10000 samples (17.46% correct)
2023-02-13 10:29:33.584 | INFO     | experiments.finalised_novel_impl:train:329 - Starting epoch 21 / 70
2023-02-13 10:29:51.269 | INFO     | experiments.finalised_novel_impl:train:393 - 1:21, loss: 4.123
2023-02-13 10:29:51.270 | INFO     | experiments.finalised_novel_impl:train:329 - Starting epoch 22 / 70
2023-02-13 10:30:09.064 | INFO     | experiments.finalised_novel_impl:train:393 - 1:22, loss: 4.119
2023-02-13 10:30:09.065 | INFO     | experiments.finalised_novel_impl:train:329 - Starting epoch 23 / 70
2023-02-13 10:30:26.863 | INFO     | experiments.finalised_novel_impl:train:393 - 1:23, loss: 4.110
2023-02-13 10:30:26.864 | INFO     | experiments.finalised_novel_impl:train:329 - Starting epoch 24 / 70
2023-02-13 10:30:44.624 | INFO     | experiments.finalised_novel_impl:train:393 - 1:24, loss: 4.101
2023-02-13 10:30:44.625 | INFO     | experiments.finalised_novel_impl:train:329 - Starting epoch 25 / 70
2023-02-13 10:31:02.402 | INFO     | experiments.finalised_novel_impl:train:393 - 1:25, loss: 4.098
2023-02-13 10:31:02.402 | INFO     | experiments.finalised_novel_impl:train:329 - Starting epoch 26 / 70
2023-02-13 10:31:20.124 | INFO     | experiments.finalised_novel_impl:train:393 - 1:26, loss: 4.084
2023-02-13 10:31:20.125 | INFO     | experiments.finalised_novel_impl:train:329 - Starting epoch 27 / 70
2023-02-13 10:31:37.948 | INFO     | experiments.finalised_novel_impl:train:393 - 1:27, loss: 4.083
2023-02-13 10:31:37.949 | INFO     | experiments.finalised_novel_impl:train:329 - Starting epoch 28 / 70
2023-02-13 10:31:56.303 | INFO     | experiments.finalised_novel_impl:train:393 - 1:28, loss: 4.084
2023-02-13 10:31:56.304 | INFO     | experiments.finalised_novel_impl:train:329 - Starting epoch 29 / 70
2023-02-13 10:32:14.903 | INFO     | experiments.finalised_novel_impl:train:393 - 1:29, loss: 4.074
2023-02-13 10:32:14.905 | INFO     | experiments.finalised_novel_impl:train:329 - Starting epoch 30 / 70
2023-02-13 10:32:33.668 | INFO     | experiments.finalised_novel_impl:train:393 - 1:30, loss: 4.071
2023-02-13 10:32:33.669 | INFO     | algorithms.algorithm_base:run_base_task_metrics:144 - Running metrics: Task 30
2023-02-13 10:32:33.697 | INFO     | experiments.finalised_novel_impl:generate_embeddings:416 - Generating fresh mean embedding vectors
2023-02-13 10:32:43.370 | DEBUG    | experiments.finalised_novel_impl:generate_embeddings:449 - Generated mean embedding vectors for: dict_keys([19, 40, 89, 58, 4, 30, 77, 51, 57, 53, 17, 95, 55, 12, 67, 28, 3, 2, 71, 41])
2023-02-13 10:34:13.845 | DEBUG    | algorithms.algorithm_base:run_base_task_metrics:200 - Raw classification accuracy results saved to ./output_cifar100_varied_sampling/novel/1676282982.3261669_CIFAR100_OFFICIAL_RUN/task_30_accuracy_results.json
2023-02-13 10:34:13.846 | INFO     | algorithms.algorithm_base:run_base_task_metrics:201 - Correctly classified 1747 / 10000 samples (17.47% correct)
2023-02-13 10:34:14.315 | INFO     | experiments.finalised_novel_impl:train:329 - Starting epoch 31 / 70
2023-02-13 10:34:32.264 | INFO     | experiments.finalised_novel_impl:train:393 - 1:31, loss: 4.077
2023-02-13 10:34:32.265 | INFO     | experiments.finalised_novel_impl:train:329 - Starting epoch 32 / 70
2023-02-13 10:34:48.170 | INFO     | experiments.finalised_novel_impl:train:393 - 1:32, loss: 4.130
2023-02-13 10:34:48.171 | INFO     | experiments.finalised_novel_impl:train:329 - Starting epoch 33 / 70
2023-02-13 10:35:03.583 | INFO     | experiments.finalised_novel_impl:train:393 - 1:33, loss: 4.108
2023-02-13 10:35:03.584 | INFO     | experiments.finalised_novel_impl:train:329 - Starting epoch 34 / 70
2023-02-13 10:35:18.995 | INFO     | experiments.finalised_novel_impl:train:393 - 1:34, loss: 4.117
2023-02-13 10:35:18.996 | INFO     | experiments.finalised_novel_impl:train:329 - Starting epoch 35 / 70
2023-02-13 10:35:36.884 | INFO     | experiments.finalised_novel_impl:train:393 - 1:35, loss: 4.096
2023-02-13 10:35:36.885 | INFO     | experiments.finalised_novel_impl:train:329 - Starting epoch 36 / 70
2023-02-13 10:35:55.201 | INFO     | experiments.finalised_novel_impl:train:393 - 1:36, loss: 4.092
2023-02-13 10:35:55.202 | INFO     | experiments.finalised_novel_impl:train:329 - Starting epoch 37 / 70
2023-02-13 10:36:13.112 | INFO     | experiments.finalised_novel_impl:train:393 - 1:37, loss: 4.087
2023-02-13 10:36:13.113 | INFO     | experiments.finalised_novel_impl:train:329 - Starting epoch 38 / 70
2023-02-13 10:36:30.725 | INFO     | experiments.finalised_novel_impl:train:393 - 1:38, loss: 4.079
2023-02-13 10:36:30.726 | INFO     | experiments.finalised_novel_impl:train:329 - Starting epoch 39 / 70
2023-02-13 10:36:48.397 | INFO     | experiments.finalised_novel_impl:train:393 - 1:39, loss: 4.081
2023-02-13 10:36:48.398 | INFO     | experiments.finalised_novel_impl:train:329 - Starting epoch 40 / 70
2023-02-13 10:37:06.056 | INFO     | experiments.finalised_novel_impl:train:393 - 1:40, loss: 4.065
2023-02-13 10:37:06.057 | INFO     | algorithms.algorithm_base:run_base_task_metrics:144 - Running metrics: Task 40
2023-02-13 10:37:06.084 | INFO     | experiments.finalised_novel_impl:generate_embeddings:416 - Generating fresh mean embedding vectors
2023-02-13 10:37:14.884 | DEBUG    | experiments.finalised_novel_impl:generate_embeddings:449 - Generated mean embedding vectors for: dict_keys([19, 40, 89, 58, 4, 30, 77, 51, 57, 53, 17, 95, 55, 12, 67, 28, 3, 2, 71, 41])
2023-02-13 10:38:44.942 | DEBUG    | algorithms.algorithm_base:run_base_task_metrics:200 - Raw classification accuracy results saved to ./output_cifar100_varied_sampling/novel/1676282982.3261669_CIFAR100_OFFICIAL_RUN/task_40_accuracy_results.json
2023-02-13 10:38:44.943 | INFO     | algorithms.algorithm_base:run_base_task_metrics:201 - Correctly classified 1759 / 10000 samples (17.59% correct)
2023-02-13 10:38:45.362 | INFO     | experiments.finalised_novel_impl:train:329 - Starting epoch 41 / 70
2023-02-13 10:39:03.592 | INFO     | experiments.finalised_novel_impl:train:393 - 1:41, loss: 4.073
2023-02-13 10:39:03.593 | INFO     | experiments.finalised_novel_impl:train:329 - Starting epoch 42 / 70
2023-02-13 10:39:21.397 | INFO     | experiments.finalised_novel_impl:train:393 - 1:42, loss: 4.052
2023-02-13 10:39:21.398 | INFO     | experiments.finalised_novel_impl:train:329 - Starting epoch 43 / 70
2023-02-13 10:39:39.061 | INFO     | experiments.finalised_novel_impl:train:393 - 1:43, loss: 4.054
2023-02-13 10:39:39.062 | INFO     | experiments.finalised_novel_impl:train:329 - Starting epoch 44 / 70
2023-02-13 10:39:57.081 | INFO     | experiments.finalised_novel_impl:train:393 - 1:44, loss: 4.061
2023-02-13 10:39:57.082 | INFO     | experiments.finalised_novel_impl:train:329 - Starting epoch 45 / 70
2023-02-13 10:40:15.290 | INFO     | experiments.finalised_novel_impl:train:393 - 1:45, loss: 4.051
2023-02-13 10:40:15.291 | INFO     | experiments.finalised_novel_impl:train:329 - Starting epoch 46 / 70
2023-02-13 10:40:33.513 | INFO     | experiments.finalised_novel_impl:train:393 - 1:46, loss: 4.044
2023-02-13 10:40:33.514 | INFO     | experiments.finalised_novel_impl:train:329 - Starting epoch 47 / 70
2023-02-13 10:40:51.129 | INFO     | experiments.finalised_novel_impl:train:393 - 1:47, loss: 4.043
2023-02-13 10:40:51.130 | INFO     | experiments.finalised_novel_impl:train:329 - Starting epoch 48 / 70
2023-02-13 10:41:08.788 | INFO     | experiments.finalised_novel_impl:train:393 - 1:48, loss: 4.046
2023-02-13 10:41:08.789 | INFO     | experiments.finalised_novel_impl:train:329 - Starting epoch 49 / 70
2023-02-13 10:41:26.427 | INFO     | experiments.finalised_novel_impl:train:393 - 1:49, loss: 4.041
2023-02-13 10:41:26.428 | INFO     | experiments.finalised_novel_impl:train:329 - Starting epoch 50 / 70
2023-02-13 10:41:44.214 | INFO     | experiments.finalised_novel_impl:train:393 - 1:50, loss: 4.048
2023-02-13 10:41:44.215 | INFO     | algorithms.algorithm_base:run_base_task_metrics:144 - Running metrics: Task 50
2023-02-13 10:41:44.242 | INFO     | experiments.finalised_novel_impl:generate_embeddings:416 - Generating fresh mean embedding vectors
2023-02-13 10:41:53.069 | DEBUG    | experiments.finalised_novel_impl:generate_embeddings:449 - Generated mean embedding vectors for: dict_keys([19, 40, 89, 58, 4, 30, 77, 51, 57, 53, 17, 95, 55, 12, 67, 28, 3, 2, 71, 41])
2023-02-13 10:43:21.958 | DEBUG    | algorithms.algorithm_base:run_base_task_metrics:200 - Raw classification accuracy results saved to ./output_cifar100_varied_sampling/novel/1676282982.3261669_CIFAR100_OFFICIAL_RUN/task_50_accuracy_results.json
2023-02-13 10:43:21.959 | INFO     | algorithms.algorithm_base:run_base_task_metrics:201 - Correctly classified 1748 / 10000 samples (17.48% correct)
2023-02-13 10:43:22.408 | INFO     | experiments.finalised_novel_impl:train:329 - Starting epoch 51 / 70
2023-02-13 10:43:40.097 | INFO     | experiments.finalised_novel_impl:train:393 - 1:51, loss: 4.034
2023-02-13 10:43:40.098 | INFO     | experiments.finalised_novel_impl:train:329 - Starting epoch 52 / 70
2023-02-13 10:43:57.732 | INFO     | experiments.finalised_novel_impl:train:393 - 1:52, loss: 4.031
2023-02-13 10:43:57.733 | INFO     | experiments.finalised_novel_impl:train:329 - Starting epoch 53 / 70
2023-02-13 10:44:15.393 | INFO     | experiments.finalised_novel_impl:train:393 - 1:53, loss: 4.034
2023-02-13 10:44:15.394 | INFO     | experiments.finalised_novel_impl:train:329 - Starting epoch 54 / 70
2023-02-13 10:44:33.052 | INFO     | experiments.finalised_novel_impl:train:393 - 1:54, loss: 4.031
2023-02-13 10:44:33.053 | INFO     | experiments.finalised_novel_impl:train:329 - Starting epoch 55 / 70
2023-02-13 10:44:50.735 | INFO     | experiments.finalised_novel_impl:train:393 - 1:55, loss: 4.033
2023-02-13 10:44:50.736 | INFO     | experiments.finalised_novel_impl:train:329 - Starting epoch 56 / 70
2023-02-13 10:45:08.426 | INFO     | experiments.finalised_novel_impl:train:393 - 1:56, loss: 4.022
2023-02-13 10:45:08.427 | INFO     | experiments.finalised_novel_impl:train:329 - Starting epoch 57 / 70
2023-02-13 10:45:26.142 | INFO     | experiments.finalised_novel_impl:train:393 - 1:57, loss: 4.031
2023-02-13 10:45:26.143 | INFO     | experiments.finalised_novel_impl:train:329 - Starting epoch 58 / 70
2023-02-13 10:45:43.872 | INFO     | experiments.finalised_novel_impl:train:393 - 1:58, loss: 4.024
2023-02-13 10:45:43.873 | INFO     | experiments.finalised_novel_impl:train:329 - Starting epoch 59 / 70
2023-02-13 10:46:01.573 | INFO     | experiments.finalised_novel_impl:train:393 - 1:59, loss: 4.022
2023-02-13 10:46:01.574 | INFO     | experiments.finalised_novel_impl:train:329 - Starting epoch 60 / 70
2023-02-13 10:46:19.332 | INFO     | experiments.finalised_novel_impl:train:393 - 1:60, loss: 4.022
2023-02-13 10:46:19.333 | INFO     | algorithms.algorithm_base:run_base_task_metrics:144 - Running metrics: Task 60
2023-02-13 10:46:19.362 | INFO     | experiments.finalised_novel_impl:generate_embeddings:416 - Generating fresh mean embedding vectors
2023-02-13 10:46:28.192 | DEBUG    | experiments.finalised_novel_impl:generate_embeddings:449 - Generated mean embedding vectors for: dict_keys([19, 40, 89, 58, 4, 30, 77, 51, 57, 53, 17, 95, 55, 12, 67, 28, 3, 2, 71, 41])
2023-02-13 10:47:45.407 | DEBUG    | algorithms.algorithm_base:run_base_task_metrics:200 - Raw classification accuracy results saved to ./output_cifar100_varied_sampling/novel/1676282982.3261669_CIFAR100_OFFICIAL_RUN/task_60_accuracy_results.json
2023-02-13 10:47:45.408 | INFO     | algorithms.algorithm_base:run_base_task_metrics:201 - Correctly classified 1738 / 10000 samples (17.38% correct)
2023-02-13 10:47:45.783 | INFO     | experiments.finalised_novel_impl:train:329 - Starting epoch 61 / 70
2023-02-13 10:48:01.190 | INFO     | experiments.finalised_novel_impl:train:393 - 1:61, loss: 4.018
2023-02-13 10:48:01.191 | INFO     | experiments.finalised_novel_impl:train:329 - Starting epoch 62 / 70
2023-02-13 10:48:16.601 | INFO     | experiments.finalised_novel_impl:train:393 - 1:62, loss: 4.031
2023-02-13 10:48:16.602 | INFO     | experiments.finalised_novel_impl:train:329 - Starting epoch 63 / 70
2023-02-13 10:48:32.012 | INFO     | experiments.finalised_novel_impl:train:393 - 1:63, loss: 4.034
2023-02-13 10:48:32.013 | INFO     | experiments.finalised_novel_impl:train:329 - Starting epoch 64 / 70
2023-02-13 10:48:47.401 | INFO     | experiments.finalised_novel_impl:train:393 - 1:64, loss: 4.093
2023-02-13 10:48:47.402 | INFO     | experiments.finalised_novel_impl:train:329 - Starting epoch 65 / 70
2023-02-13 10:49:02.795 | INFO     | experiments.finalised_novel_impl:train:393 - 1:65, loss: 4.054
2023-02-13 10:49:02.796 | INFO     | experiments.finalised_novel_impl:train:329 - Starting epoch 66 / 70
2023-02-13 10:49:18.203 | INFO     | experiments.finalised_novel_impl:train:393 - 1:66, loss: 4.054
2023-02-13 10:49:18.204 | INFO     | experiments.finalised_novel_impl:train:329 - Starting epoch 67 / 70
2023-02-13 10:49:33.596 | INFO     | experiments.finalised_novel_impl:train:393 - 1:67, loss: 4.050
2023-02-13 10:49:33.597 | INFO     | experiments.finalised_novel_impl:train:329 - Starting epoch 68 / 70
2023-02-13 10:49:49.004 | INFO     | experiments.finalised_novel_impl:train:393 - 1:68, loss: 4.037
2023-02-13 10:49:49.005 | INFO     | experiments.finalised_novel_impl:train:329 - Starting epoch 69 / 70
2023-02-13 10:50:04.391 | INFO     | experiments.finalised_novel_impl:train:393 - 1:69, loss: 4.047
2023-02-13 10:50:04.392 | INFO     | experiments.finalised_novel_impl:train:329 - Starting epoch 70 / 70
2023-02-13 10:50:19.792 | INFO     | experiments.finalised_novel_impl:train:393 - 1:70, loss: 4.037
2023-02-13 10:50:19.793 | INFO     | algorithms.algorithm_base:run_base_task_metrics:144 - Running metrics: Task 70
2023-02-13 10:50:19.819 | INFO     | experiments.finalised_novel_impl:generate_embeddings:416 - Generating fresh mean embedding vectors
2023-02-13 10:50:27.519 | DEBUG    | experiments.finalised_novel_impl:generate_embeddings:449 - Generated mean embedding vectors for: dict_keys([19, 40, 89, 58, 4, 30, 77, 51, 57, 53, 17, 95, 55, 12, 67, 28, 3, 2, 71, 41])
2023-02-13 10:51:44.572 | DEBUG    | algorithms.algorithm_base:run_base_task_metrics:200 - Raw classification accuracy results saved to ./output_cifar100_varied_sampling/novel/1676282982.3261669_CIFAR100_OFFICIAL_RUN/task_70_accuracy_results.json
2023-02-13 10:51:44.573 | INFO     | algorithms.algorithm_base:run_base_task_metrics:201 - Correctly classified 1742 / 10000 samples (17.42% correct)
2023-02-13 10:51:44.951 | INFO     | experiments.finalised_novel_impl:train:299 - Task 2 / 5
2023-02-13 10:51:44.956 | INFO     | experiments.finalised_novel_impl:train:300 - Classes in task: ['rabbit', 'skyscraper', 'table', 'woman', 'lobster', 'couch', 'beetle', 'maple_tree', 'rose', 'worm', 'chimpanzee', 'seal', 'tank', 'plain', 'bee', 'shrew', 'willow_tree', 'mouse', 'mountain', 'squirrel']
2023-02-13 10:51:44.957 | INFO     | experiments.finalised_novel_impl:_uncertainity_memory_update:206 - Starting memory update
2023-02-13 10:51:44.958 | INFO     | experiments.finalised_novel_impl:_uncertainity_memory_update:218 - Using uncertainty type: batch_normalised _compute_batch_distance
2023-02-13 10:51:44.958 | DEBUG    | experiments.finalised_novel_impl:_uncertainity_memory_update:220 - Processing new task samples
2023-02-13 11:03:34.466 | INFO     | experiments.finalised_novel_impl:generate_embeddings:416 - Generating fresh mean embedding vectors
2023-02-13 11:03:42.160 | DEBUG    | experiments.finalised_novel_impl:generate_embeddings:449 - Generated mean embedding vectors for: dict_keys([19, 40, 89, 58, 4, 30, 77, 51, 57, 53, 17, 95, 55, 12, 67, 28, 3, 2, 71, 41])
2023-02-13 11:03:42.163 | DEBUG    | experiments.finalised_novel_impl:_uncertainity_memory_update:238 - Processing old task samples: total targets = dict_keys([19, 40, 89, 58, 4, 30, 77, 51, 57, 53, 17, 95, 55, 12, 67, 28, 3, 2, 71, 41])
2023-02-13 11:03:42.164 | DEBUG    | experiments.finalised_novel_impl:_uncertainity_memory_update:241 - On target 19
2023-02-13 11:03:45.452 | DEBUG    | experiments.finalised_novel_impl:_uncertainity_memory_update:241 - On target 40
2023-02-13 11:03:48.761 | DEBUG    | experiments.finalised_novel_impl:_uncertainity_memory_update:241 - On target 89
2023-02-13 11:03:52.073 | DEBUG    | experiments.finalised_novel_impl:_uncertainity_memory_update:241 - On target 58
2023-02-13 11:03:55.360 | DEBUG    | experiments.finalised_novel_impl:_uncertainity_memory_update:241 - On target 4
2023-02-13 11:03:58.677 | DEBUG    | experiments.finalised_novel_impl:_uncertainity_memory_update:241 - On target 30
2023-02-13 11:04:01.955 | DEBUG    | experiments.finalised_novel_impl:_uncertainity_memory_update:241 - On target 77
2023-02-13 11:04:05.269 | DEBUG    | experiments.finalised_novel_impl:_uncertainity_memory_update:241 - On target 51
2023-02-13 11:04:08.554 | DEBUG    | experiments.finalised_novel_impl:_uncertainity_memory_update:241 - On target 57
2023-02-13 11:04:11.841 | DEBUG    | experiments.finalised_novel_impl:_uncertainity_memory_update:241 - On target 53
2023-02-13 11:04:15.133 | DEBUG    | experiments.finalised_novel_impl:_uncertainity_memory_update:241 - On target 17
2023-02-13 11:04:18.447 | DEBUG    | experiments.finalised_novel_impl:_uncertainity_memory_update:241 - On target 95
2023-02-13 11:04:21.750 | DEBUG    | experiments.finalised_novel_impl:_uncertainity_memory_update:241 - On target 55
2023-02-13 11:04:25.055 | DEBUG    | experiments.finalised_novel_impl:_uncertainity_memory_update:241 - On target 12
2023-02-13 11:04:28.359 | DEBUG    | experiments.finalised_novel_impl:_uncertainity_memory_update:241 - On target 67
2023-02-13 11:04:31.649 | DEBUG    | experiments.finalised_novel_impl:_uncertainity_memory_update:241 - On target 28
2023-02-13 11:04:34.955 | DEBUG    | experiments.finalised_novel_impl:_uncertainity_memory_update:241 - On target 3
2023-02-13 11:04:38.258 | DEBUG    | experiments.finalised_novel_impl:_uncertainity_memory_update:241 - On target 2
2023-02-13 11:04:41.583 | DEBUG    | experiments.finalised_novel_impl:_uncertainity_memory_update:241 - On target 71
2023-02-13 11:04:44.890 | DEBUG    | experiments.finalised_novel_impl:_uncertainity_memory_update:241 - On target 41
2023-02-13 11:04:48.185 | DEBUG    | experiments.finalised_novel_impl:_uncertainity_memory_update:264 - Drawing memory samples
2023-02-13 11:04:48.188 | DEBUG    | experiments.finalised_novel_impl:_uncertainity_memory_update:284 - Creating buffer
2023-02-13 11:04:48.198 | INFO     | experiments.finalised_novel_impl:_uncertainity_memory_update:293 - Memory update completed
2023-02-13 11:04:48.205 | INFO     | experiments.finalised_novel_impl:train:315 - Populated buffer
2023-02-13 11:04:48.207 | INFO     | experiments.finalised_novel_impl:train:329 - Starting epoch 1 / 70
2023-02-13 11:05:03.676 | INFO     | experiments.finalised_novel_impl:train:393 - 2:1, loss: 4.084
2023-02-13 11:05:03.677 | INFO     | experiments.finalised_novel_impl:train:329 - Starting epoch 2 / 70
2023-02-13 11:05:19.125 | INFO     | experiments.finalised_novel_impl:train:393 - 2:2, loss: 4.057
2023-02-13 11:05:19.126 | INFO     | experiments.finalised_novel_impl:train:329 - Starting epoch 3 / 70
2023-02-13 11:05:34.570 | INFO     | experiments.finalised_novel_impl:train:393 - 2:3, loss: 3.988
2023-02-13 11:05:34.571 | INFO     | experiments.finalised_novel_impl:train:329 - Starting epoch 4 / 70
2023-02-13 11:05:50.020 | INFO     | experiments.finalised_novel_impl:train:393 - 2:4, loss: 4.025
2023-02-13 11:05:50.021 | INFO     | experiments.finalised_novel_impl:train:329 - Starting epoch 5 / 70
2023-02-13 11:06:05.469 | INFO     | experiments.finalised_novel_impl:train:393 - 2:5, loss: 3.978
2023-02-13 11:06:05.470 | INFO     | experiments.finalised_novel_impl:train:329 - Starting epoch 6 / 70
2023-02-13 11:06:20.922 | INFO     | experiments.finalised_novel_impl:train:393 - 2:6, loss: 3.935
2023-02-13 11:06:20.923 | INFO     | experiments.finalised_novel_impl:train:329 - Starting epoch 7 / 70
2023-02-13 11:06:36.377 | INFO     | experiments.finalised_novel_impl:train:393 - 2:7, loss: 3.908
2023-02-13 11:06:36.378 | INFO     | experiments.finalised_novel_impl:train:329 - Starting epoch 8 / 70
2023-02-13 11:06:51.821 | INFO     | experiments.finalised_novel_impl:train:393 - 2:8, loss: 3.951
2023-02-13 11:06:51.822 | INFO     | experiments.finalised_novel_impl:train:329 - Starting epoch 9 / 70
2023-02-13 11:07:07.271 | INFO     | experiments.finalised_novel_impl:train:393 - 2:9, loss: 3.944
2023-02-13 11:07:07.272 | INFO     | experiments.finalised_novel_impl:train:329 - Starting epoch 10 / 70
2023-02-13 11:07:22.724 | INFO     | experiments.finalised_novel_impl:train:393 - 2:10, loss: 3.914
2023-02-13 11:07:22.725 | INFO     | algorithms.algorithm_base:run_base_task_metrics:144 - Running metrics: Task 80
2023-02-13 11:07:22.753 | INFO     | experiments.finalised_novel_impl:generate_embeddings:416 - Generating fresh mean embedding vectors
2023-02-13 11:07:30.613 | DEBUG    | experiments.finalised_novel_impl:generate_embeddings:449 - Generated mean embedding vectors for: dict_keys([49, 76, 47, 45, 7, 96, 65, 21, 6, 72, 99, 85, 60, 25, 80, 50, 84, 70, 98, 74, 19, 40, 89, 58, 4, 30, 77, 51, 57, 53, 17, 95, 55, 12, 67, 28, 3, 2, 71, 41])
2023-02-13 11:08:48.113 | DEBUG    | algorithms.algorithm_base:run_base_task_metrics:200 - Raw classification accuracy results saved to ./output_cifar100_varied_sampling/novel/1676282982.3261669_CIFAR100_OFFICIAL_RUN/task_80_accuracy_results.json
2023-02-13 11:08:48.114 | INFO     | algorithms.algorithm_base:run_base_task_metrics:201 - Correctly classified 3211 / 10000 samples (32.11% correct)
2023-02-13 11:08:48.551 | INFO     | experiments.finalised_novel_impl:train:329 - Starting epoch 11 / 70
2023-02-13 11:09:05.437 | INFO     | experiments.finalised_novel_impl:train:393 - 2:11, loss: 3.902
2023-02-13 11:09:05.438 | INFO     | experiments.finalised_novel_impl:train:329 - Starting epoch 12 / 70
2023-02-13 11:09:23.165 | INFO     | experiments.finalised_novel_impl:train:393 - 2:12, loss: 3.881
2023-02-13 11:09:23.166 | INFO     | experiments.finalised_novel_impl:train:329 - Starting epoch 13 / 70
2023-02-13 11:09:41.854 | INFO     | experiments.finalised_novel_impl:train:393 - 2:13, loss: 3.870
2023-02-13 11:09:41.855 | INFO     | experiments.finalised_novel_impl:train:329 - Starting epoch 14 / 70
2023-02-13 11:09:59.604 | INFO     | experiments.finalised_novel_impl:train:393 - 2:14, loss: 3.873
2023-02-13 11:09:59.605 | INFO     | experiments.finalised_novel_impl:train:329 - Starting epoch 15 / 70
2023-02-13 11:10:17.536 | INFO     | experiments.finalised_novel_impl:train:393 - 2:15, loss: 3.859
2023-02-13 11:10:17.537 | INFO     | experiments.finalised_novel_impl:train:329 - Starting epoch 16 / 70
2023-02-13 11:10:34.608 | INFO     | experiments.finalised_novel_impl:train:393 - 2:16, loss: 3.927
2023-02-13 11:10:34.609 | INFO     | experiments.finalised_novel_impl:train:329 - Starting epoch 17 / 70
2023-02-13 11:10:50.532 | INFO     | experiments.finalised_novel_impl:train:393 - 2:17, loss: 3.904
2023-02-13 11:10:50.533 | INFO     | experiments.finalised_novel_impl:train:329 - Starting epoch 18 / 70
2023-02-13 11:11:07.116 | INFO     | experiments.finalised_novel_impl:train:393 - 2:18, loss: 3.896
2023-02-13 11:11:07.117 | INFO     | experiments.finalised_novel_impl:train:329 - Starting epoch 19 / 70
2023-02-13 11:11:24.872 | INFO     | experiments.finalised_novel_impl:train:393 - 2:19, loss: 3.875
2023-02-13 11:11:24.873 | INFO     | experiments.finalised_novel_impl:train:329 - Starting epoch 20 / 70
2023-02-13 11:11:42.623 | INFO     | experiments.finalised_novel_impl:train:393 - 2:20, loss: 3.863
2023-02-13 11:11:42.624 | INFO     | algorithms.algorithm_base:run_base_task_metrics:144 - Running metrics: Task 90
2023-02-13 11:11:42.653 | INFO     | experiments.finalised_novel_impl:generate_embeddings:416 - Generating fresh mean embedding vectors
2023-02-13 11:11:51.637 | DEBUG    | experiments.finalised_novel_impl:generate_embeddings:449 - Generated mean embedding vectors for: dict_keys([49, 76, 47, 45, 7, 96, 65, 21, 6, 72, 99, 85, 60, 25, 80, 50, 84, 70, 98, 74, 19, 40, 89, 58, 4, 30, 77, 51, 57, 53, 17, 95, 55, 12, 67, 28, 3, 2, 71, 41])
2023-02-13 11:13:20.865 | DEBUG    | algorithms.algorithm_base:run_base_task_metrics:200 - Raw classification accuracy results saved to ./output_cifar100_varied_sampling/novel/1676282982.3261669_CIFAR100_OFFICIAL_RUN/task_90_accuracy_results.json
2023-02-13 11:13:20.866 | INFO     | algorithms.algorithm_base:run_base_task_metrics:201 - Correctly classified 3189 / 10000 samples (31.89% correct)
2023-02-13 11:13:21.260 | INFO     | experiments.finalised_novel_impl:train:329 - Starting epoch 21 / 70
2023-02-13 11:13:39.092 | INFO     | experiments.finalised_novel_impl:train:393 - 2:21, loss: 3.865
2023-02-13 11:13:39.093 | INFO     | experiments.finalised_novel_impl:train:329 - Starting epoch 22 / 70
2023-02-13 11:13:56.973 | INFO     | experiments.finalised_novel_impl:train:393 - 2:22, loss: 3.850
2023-02-13 11:13:56.973 | INFO     | experiments.finalised_novel_impl:train:329 - Starting epoch 23 / 70
2023-02-13 11:14:12.482 | INFO     | experiments.finalised_novel_impl:train:393 - 2:23, loss: 3.831
2023-02-13 11:14:12.483 | INFO     | experiments.finalised_novel_impl:train:329 - Starting epoch 24 / 70
2023-02-13 11:14:27.931 | INFO     | experiments.finalised_novel_impl:train:393 - 2:24, loss: 3.829
2023-02-13 11:14:27.932 | INFO     | experiments.finalised_novel_impl:train:329 - Starting epoch 25 / 70
2023-02-13 11:14:43.372 | INFO     | experiments.finalised_novel_impl:train:393 - 2:25, loss: 3.839
2023-02-13 11:14:43.373 | INFO     | experiments.finalised_novel_impl:train:329 - Starting epoch 26 / 70
2023-02-13 11:14:58.800 | INFO     | experiments.finalised_novel_impl:train:393 - 2:26, loss: 3.821
2023-02-13 11:14:58.800 | INFO     | experiments.finalised_novel_impl:train:329 - Starting epoch 27 / 70
2023-02-13 11:15:14.245 | INFO     | experiments.finalised_novel_impl:train:393 - 2:27, loss: 3.813
2023-02-13 11:15:14.246 | INFO     | experiments.finalised_novel_impl:train:329 - Starting epoch 28 / 70
2023-02-13 11:15:29.680 | INFO     | experiments.finalised_novel_impl:train:393 - 2:28, loss: 3.806
2023-02-13 11:15:29.681 | INFO     | experiments.finalised_novel_impl:train:329 - Starting epoch 29 / 70
2023-02-13 11:15:45.130 | INFO     | experiments.finalised_novel_impl:train:393 - 2:29, loss: 3.822
2023-02-13 11:15:45.131 | INFO     | experiments.finalised_novel_impl:train:329 - Starting epoch 30 / 70
2023-02-13 11:16:00.576 | INFO     | experiments.finalised_novel_impl:train:393 - 2:30, loss: 3.801
2023-02-13 11:16:00.577 | INFO     | algorithms.algorithm_base:run_base_task_metrics:144 - Running metrics: Task 100
2023-02-13 11:16:00.604 | INFO     | experiments.finalised_novel_impl:generate_embeddings:416 - Generating fresh mean embedding vectors
2023-02-13 11:16:08.447 | DEBUG    | experiments.finalised_novel_impl:generate_embeddings:449 - Generated mean embedding vectors for: dict_keys([49, 76, 47, 45, 7, 96, 65, 21, 6, 72, 99, 85, 60, 25, 80, 50, 84, 70, 98, 74, 19, 40, 89, 58, 4, 30, 77, 51, 57, 53, 17, 95, 55, 12, 67, 28, 3, 2, 71, 41])
2023-02-13 11:17:25.893 | DEBUG    | algorithms.algorithm_base:run_base_task_metrics:200 - Raw classification accuracy results saved to ./output_cifar100_varied_sampling/novel/1676282982.3261669_CIFAR100_OFFICIAL_RUN/task_100_accuracy_results.json
2023-02-13 11:17:25.895 | INFO     | algorithms.algorithm_base:run_base_task_metrics:201 - Correctly classified 3213 / 10000 samples (32.13% correct)
2023-02-13 11:17:26.330 | INFO     | experiments.finalised_novel_impl:train:329 - Starting epoch 31 / 70
2023-02-13 11:17:41.783 | INFO     | experiments.finalised_novel_impl:train:393 - 2:31, loss: 3.804
2023-02-13 11:17:41.784 | INFO     | experiments.finalised_novel_impl:train:329 - Starting epoch 32 / 70
2023-02-13 11:17:57.235 | INFO     | experiments.finalised_novel_impl:train:393 - 2:32, loss: 3.903
2023-02-13 11:17:57.236 | INFO     | experiments.finalised_novel_impl:train:329 - Starting epoch 33 / 70
2023-02-13 11:18:12.690 | INFO     | experiments.finalised_novel_impl:train:393 - 2:33, loss: 3.867
2023-02-13 11:18:12.691 | INFO     | experiments.finalised_novel_impl:train:329 - Starting epoch 34 / 70
2023-02-13 11:18:28.132 | INFO     | experiments.finalised_novel_impl:train:393 - 2:34, loss: 3.845
2023-02-13 11:18:28.133 | INFO     | experiments.finalised_novel_impl:train:329 - Starting epoch 35 / 70
2023-02-13 11:18:43.573 | INFO     | experiments.finalised_novel_impl:train:393 - 2:35, loss: 3.865
2023-02-13 11:18:43.574 | INFO     | experiments.finalised_novel_impl:train:329 - Starting epoch 36 / 70
2023-02-13 11:18:59.002 | INFO     | experiments.finalised_novel_impl:train:393 - 2:36, loss: 3.825
2023-02-13 11:18:59.003 | INFO     | experiments.finalised_novel_impl:train:329 - Starting epoch 37 / 70
2023-02-13 11:19:14.446 | INFO     | experiments.finalised_novel_impl:train:393 - 2:37, loss: 3.836
2023-02-13 11:19:14.447 | INFO     | experiments.finalised_novel_impl:train:329 - Starting epoch 38 / 70
2023-02-13 11:19:29.892 | INFO     | experiments.finalised_novel_impl:train:393 - 2:38, loss: 3.816
2023-02-13 11:19:29.893 | INFO     | experiments.finalised_novel_impl:train:329 - Starting epoch 39 / 70
2023-02-13 11:19:45.338 | INFO     | experiments.finalised_novel_impl:train:393 - 2:39, loss: 3.825
2023-02-13 11:19:45.339 | INFO     | experiments.finalised_novel_impl:train:329 - Starting epoch 40 / 70
2023-02-13 11:20:00.770 | INFO     | experiments.finalised_novel_impl:train:393 - 2:40, loss: 3.833
2023-02-13 11:20:00.771 | INFO     | algorithms.algorithm_base:run_base_task_metrics:144 - Running metrics: Task 110
2023-02-13 11:20:00.798 | INFO     | experiments.finalised_novel_impl:generate_embeddings:416 - Generating fresh mean embedding vectors
2023-02-13 11:20:08.641 | DEBUG    | experiments.finalised_novel_impl:generate_embeddings:449 - Generated mean embedding vectors for: dict_keys([49, 76, 47, 45, 7, 96, 65, 21, 6, 72, 99, 85, 60, 25, 80, 50, 84, 70, 98, 74, 19, 40, 89, 58, 4, 30, 77, 51, 57, 53, 17, 95, 55, 12, 67, 28, 3, 2, 71, 41])
2023-02-13 11:21:26.107 | DEBUG    | algorithms.algorithm_base:run_base_task_metrics:200 - Raw classification accuracy results saved to ./output_cifar100_varied_sampling/novel/1676282982.3261669_CIFAR100_OFFICIAL_RUN/task_110_accuracy_results.json
2023-02-13 11:21:26.108 | INFO     | algorithms.algorithm_base:run_base_task_metrics:201 - Correctly classified 3195 / 10000 samples (31.95% correct)
2023-02-13 11:21:26.485 | INFO     | experiments.finalised_novel_impl:train:329 - Starting epoch 41 / 70
2023-02-13 11:21:41.939 | INFO     | experiments.finalised_novel_impl:train:393 - 2:41, loss: 3.805
2023-02-13 11:21:41.940 | INFO     | experiments.finalised_novel_impl:train:329 - Starting epoch 42 / 70
2023-02-13 11:21:57.386 | INFO     | experiments.finalised_novel_impl:train:393 - 2:42, loss: 3.791
2023-02-13 11:21:57.387 | INFO     | experiments.finalised_novel_impl:train:329 - Starting epoch 43 / 70
2023-02-13 11:22:12.846 | INFO     | experiments.finalised_novel_impl:train:393 - 2:43, loss: 3.792
2023-02-13 11:22:12.846 | INFO     | experiments.finalised_novel_impl:train:329 - Starting epoch 44 / 70
2023-02-13 11:22:29.605 | INFO     | experiments.finalised_novel_impl:train:393 - 2:44, loss: 3.821
2023-02-13 11:22:29.606 | INFO     | experiments.finalised_novel_impl:train:329 - Starting epoch 45 / 70
2023-02-13 11:22:47.351 | INFO     | experiments.finalised_novel_impl:train:393 - 2:45, loss: 3.810
2023-02-13 11:22:47.351 | INFO     | experiments.finalised_novel_impl:train:329 - Starting epoch 46 / 70
2023-02-13 11:23:05.506 | INFO     | experiments.finalised_novel_impl:train:393 - 2:46, loss: 3.802
2023-02-13 11:23:05.507 | INFO     | experiments.finalised_novel_impl:train:329 - Starting epoch 47 / 70
2023-02-13 11:23:22.548 | INFO     | experiments.finalised_novel_impl:train:393 - 2:47, loss: 3.798
2023-02-13 11:23:22.549 | INFO     | experiments.finalised_novel_impl:train:329 - Starting epoch 48 / 70
2023-02-13 11:23:38.090 | INFO     | experiments.finalised_novel_impl:train:393 - 2:48, loss: 3.794
2023-02-13 11:23:38.091 | INFO     | experiments.finalised_novel_impl:train:329 - Starting epoch 49 / 70
2023-02-13 11:23:53.653 | INFO     | experiments.finalised_novel_impl:train:393 - 2:49, loss: 3.787
2023-02-13 11:23:53.654 | INFO     | experiments.finalised_novel_impl:train:329 - Starting epoch 50 / 70
2023-02-13 11:24:09.125 | INFO     | experiments.finalised_novel_impl:train:393 - 2:50, loss: 3.786
2023-02-13 11:24:09.126 | INFO     | algorithms.algorithm_base:run_base_task_metrics:144 - Running metrics: Task 120
2023-02-13 11:24:09.153 | INFO     | experiments.finalised_novel_impl:generate_embeddings:416 - Generating fresh mean embedding vectors
2023-02-13 11:24:16.995 | DEBUG    | experiments.finalised_novel_impl:generate_embeddings:449 - Generated mean embedding vectors for: dict_keys([49, 76, 47, 45, 7, 96, 65, 21, 6, 72, 99, 85, 60, 25, 80, 50, 84, 70, 98, 74, 19, 40, 89, 58, 4, 30, 77, 51, 57, 53, 17, 95, 55, 12, 67, 28, 3, 2, 71, 41])
2023-02-13 11:25:34.447 | DEBUG    | algorithms.algorithm_base:run_base_task_metrics:200 - Raw classification accuracy results saved to ./output_cifar100_varied_sampling/novel/1676282982.3261669_CIFAR100_OFFICIAL_RUN/task_120_accuracy_results.json
2023-02-13 11:25:34.448 | INFO     | algorithms.algorithm_base:run_base_task_metrics:201 - Correctly classified 3179 / 10000 samples (31.79% correct)
2023-02-13 11:25:34.816 | INFO     | experiments.finalised_novel_impl:train:329 - Starting epoch 51 / 70
2023-02-13 11:25:50.282 | INFO     | experiments.finalised_novel_impl:train:393 - 2:51, loss: 3.786
2023-02-13 11:25:50.283 | INFO     | experiments.finalised_novel_impl:train:329 - Starting epoch 52 / 70
2023-02-13 11:26:05.749 | INFO     | experiments.finalised_novel_impl:train:393 - 2:52, loss: 3.773
2023-02-13 11:26:05.750 | INFO     | experiments.finalised_novel_impl:train:329 - Starting epoch 53 / 70
2023-02-13 11:26:21.214 | INFO     | experiments.finalised_novel_impl:train:393 - 2:53, loss: 3.767
2023-02-13 11:26:21.215 | INFO     | experiments.finalised_novel_impl:train:329 - Starting epoch 54 / 70
2023-02-13 11:26:36.691 | INFO     | experiments.finalised_novel_impl:train:393 - 2:54, loss: 3.781
2023-02-13 11:26:36.692 | INFO     | experiments.finalised_novel_impl:train:329 - Starting epoch 55 / 70
2023-02-13 11:26:52.165 | INFO     | experiments.finalised_novel_impl:train:393 - 2:55, loss: 3.787
2023-02-13 11:26:52.166 | INFO     | experiments.finalised_novel_impl:train:329 - Starting epoch 56 / 70
2023-02-13 11:27:07.638 | INFO     | experiments.finalised_novel_impl:train:393 - 2:56, loss: 3.757
2023-02-13 11:27:07.639 | INFO     | experiments.finalised_novel_impl:train:329 - Starting epoch 57 / 70
2023-02-13 11:27:23.116 | INFO     | experiments.finalised_novel_impl:train:393 - 2:57, loss: 3.775
2023-02-13 11:27:23.117 | INFO     | experiments.finalised_novel_impl:train:329 - Starting epoch 58 / 70
2023-02-13 11:27:38.598 | INFO     | experiments.finalised_novel_impl:train:393 - 2:58, loss: 3.777
2023-02-13 11:27:38.599 | INFO     | experiments.finalised_novel_impl:train:329 - Starting epoch 59 / 70
2023-02-13 11:27:54.092 | INFO     | experiments.finalised_novel_impl:train:393 - 2:59, loss: 3.762
2023-02-13 11:27:54.093 | INFO     | experiments.finalised_novel_impl:train:329 - Starting epoch 60 / 70
2023-02-13 11:28:09.564 | INFO     | experiments.finalised_novel_impl:train:393 - 2:60, loss: 3.761
2023-02-13 11:28:09.565 | INFO     | algorithms.algorithm_base:run_base_task_metrics:144 - Running metrics: Task 130
2023-02-13 11:28:09.592 | INFO     | experiments.finalised_novel_impl:generate_embeddings:416 - Generating fresh mean embedding vectors
2023-02-13 11:28:17.430 | DEBUG    | experiments.finalised_novel_impl:generate_embeddings:449 - Generated mean embedding vectors for: dict_keys([49, 76, 47, 45, 7, 96, 65, 21, 6, 72, 99, 85, 60, 25, 80, 50, 84, 70, 98, 74, 19, 40, 89, 58, 4, 30, 77, 51, 57, 53, 17, 95, 55, 12, 67, 28, 3, 2, 71, 41])
2023-02-13 11:29:34.886 | DEBUG    | algorithms.algorithm_base:run_base_task_metrics:200 - Raw classification accuracy results saved to ./output_cifar100_varied_sampling/novel/1676282982.3261669_CIFAR100_OFFICIAL_RUN/task_130_accuracy_results.json
2023-02-13 11:29:34.887 | INFO     | algorithms.algorithm_base:run_base_task_metrics:201 - Correctly classified 3216 / 10000 samples (32.16% correct)
2023-02-13 11:29:35.322 | INFO     | experiments.finalised_novel_impl:train:329 - Starting epoch 61 / 70
2023-02-13 11:29:50.796 | INFO     | experiments.finalised_novel_impl:train:393 - 2:61, loss: 3.762
2023-02-13 11:29:50.797 | INFO     | experiments.finalised_novel_impl:train:329 - Starting epoch 62 / 70
2023-02-13 11:30:06.254 | INFO     | experiments.finalised_novel_impl:train:393 - 2:62, loss: 3.761
2023-02-13 11:30:06.255 | INFO     | experiments.finalised_novel_impl:train:329 - Starting epoch 63 / 70
2023-02-13 11:30:21.709 | INFO     | experiments.finalised_novel_impl:train:393 - 2:63, loss: 3.770
2023-02-13 11:30:21.710 | INFO     | experiments.finalised_novel_impl:train:329 - Starting epoch 64 / 70
2023-02-13 11:30:37.233 | INFO     | experiments.finalised_novel_impl:train:393 - 2:64, loss: 4.037
2023-02-13 11:30:37.234 | INFO     | experiments.finalised_novel_impl:train:329 - Starting epoch 65 / 70
2023-02-13 11:30:52.697 | INFO     | experiments.finalised_novel_impl:train:393 - 2:65, loss: 4.068
2023-02-13 11:30:52.698 | INFO     | experiments.finalised_novel_impl:train:329 - Starting epoch 66 / 70
2023-02-13 11:31:08.161 | INFO     | experiments.finalised_novel_impl:train:393 - 2:66, loss: 3.905
2023-02-13 11:31:08.162 | INFO     | experiments.finalised_novel_impl:train:329 - Starting epoch 67 / 70
2023-02-13 11:31:23.616 | INFO     | experiments.finalised_novel_impl:train:393 - 2:67, loss: 3.888
2023-02-13 11:31:23.617 | INFO     | experiments.finalised_novel_impl:train:329 - Starting epoch 68 / 70
2023-02-13 11:31:39.086 | INFO     | experiments.finalised_novel_impl:train:393 - 2:68, loss: 3.829
2023-02-13 11:31:39.087 | INFO     | experiments.finalised_novel_impl:train:329 - Starting epoch 69 / 70
2023-02-13 11:31:54.557 | INFO     | experiments.finalised_novel_impl:train:393 - 2:69, loss: 3.848
2023-02-13 11:31:54.558 | INFO     | experiments.finalised_novel_impl:train:329 - Starting epoch 70 / 70
2023-02-13 11:32:10.308 | INFO     | experiments.finalised_novel_impl:train:393 - 2:70, loss: 3.845
2023-02-13 11:32:10.308 | INFO     | algorithms.algorithm_base:run_base_task_metrics:144 - Running metrics: Task 140
2023-02-13 11:32:10.335 | INFO     | experiments.finalised_novel_impl:generate_embeddings:416 - Generating fresh mean embedding vectors
2023-02-13 11:32:18.178 | DEBUG    | experiments.finalised_novel_impl:generate_embeddings:449 - Generated mean embedding vectors for: dict_keys([49, 76, 47, 45, 7, 96, 65, 21, 6, 72, 99, 85, 60, 25, 80, 50, 84, 70, 98, 74, 19, 40, 89, 58, 4, 30, 77, 51, 57, 53, 17, 95, 55, 12, 67, 28, 3, 2, 71, 41])
2023-02-13 11:33:35.653 | DEBUG    | algorithms.algorithm_base:run_base_task_metrics:200 - Raw classification accuracy results saved to ./output_cifar100_varied_sampling/novel/1676282982.3261669_CIFAR100_OFFICIAL_RUN/task_140_accuracy_results.json
2023-02-13 11:33:35.654 | INFO     | algorithms.algorithm_base:run_base_task_metrics:201 - Correctly classified 3191 / 10000 samples (31.91% correct)
2023-02-13 11:33:36.024 | INFO     | experiments.finalised_novel_impl:train:299 - Task 3 / 5
2023-02-13 11:33:36.029 | INFO     | experiments.finalised_novel_impl:train:300 - Classes in task: ['kangaroo', 'turtle', 'dinosaur', 'hamster', 'bicycle', 'motorcycle', 'bed', 'shark', 'house', 'chair', 'wardrobe', 'camel', 'cloud', 'skunk', 'can', 'train', 'orchid', 'bowl', 'keyboard', 'snake']
2023-02-13 11:33:36.030 | INFO     | experiments.finalised_novel_impl:_uncertainity_memory_update:206 - Starting memory update
2023-02-13 11:33:36.031 | INFO     | experiments.finalised_novel_impl:_uncertainity_memory_update:218 - Using uncertainty type: batch_normalised _compute_batch_distance
2023-02-13 11:33:36.032 | DEBUG    | experiments.finalised_novel_impl:_uncertainity_memory_update:220 - Processing new task samples
2023-02-13 11:44:37.563 | INFO     | experiments.finalised_novel_impl:generate_embeddings:416 - Generating fresh mean embedding vectors
2023-02-13 11:44:45.355 | DEBUG    | experiments.finalised_novel_impl:generate_embeddings:449 - Generated mean embedding vectors for: dict_keys([49, 76, 47, 45, 7, 96, 65, 21, 6, 72, 99, 85, 60, 25, 80, 50, 84, 70, 98, 74, 19, 40, 89, 58, 4, 30, 77, 51, 57, 53, 17, 95, 55, 12, 67, 28, 3, 2, 71, 41])
2023-02-13 11:44:45.357 | DEBUG    | experiments.finalised_novel_impl:_uncertainity_memory_update:238 - Processing old task samples: total targets = dict_keys([49, 76, 47, 45, 7, 96, 65, 21, 6, 72, 99, 85, 60, 25, 80, 50, 84, 70, 98, 74, 19, 40, 89, 58, 4, 30, 77, 51, 57, 53, 17, 95, 55, 12, 67, 28, 3, 2, 71, 41])
2023-02-13 11:44:45.358 | DEBUG    | experiments.finalised_novel_impl:_uncertainity_memory_update:241 - On target 49
2023-02-13 11:44:47.057 | DEBUG    | experiments.finalised_novel_impl:_uncertainity_memory_update:241 - On target 76
2023-02-13 11:44:48.706 | DEBUG    | experiments.finalised_novel_impl:_uncertainity_memory_update:241 - On target 47
2023-02-13 11:44:50.368 | DEBUG    | experiments.finalised_novel_impl:_uncertainity_memory_update:241 - On target 45
2023-02-13 11:44:52.018 | DEBUG    | experiments.finalised_novel_impl:_uncertainity_memory_update:241 - On target 7
2023-02-13 11:44:53.659 | DEBUG    | experiments.finalised_novel_impl:_uncertainity_memory_update:241 - On target 96
2023-02-13 11:44:55.307 | DEBUG    | experiments.finalised_novel_impl:_uncertainity_memory_update:241 - On target 65
2023-02-13 11:44:56.958 | DEBUG    | experiments.finalised_novel_impl:_uncertainity_memory_update:241 - On target 21
2023-02-13 11:44:58.609 | DEBUG    | experiments.finalised_novel_impl:_uncertainity_memory_update:241 - On target 6
2023-02-13 11:45:00.243 | DEBUG    | experiments.finalised_novel_impl:_uncertainity_memory_update:241 - On target 72
2023-02-13 11:45:01.883 | DEBUG    | experiments.finalised_novel_impl:_uncertainity_memory_update:241 - On target 99
2023-02-13 11:45:03.538 | DEBUG    | experiments.finalised_novel_impl:_uncertainity_memory_update:241 - On target 85
2023-02-13 11:45:05.191 | DEBUG    | experiments.finalised_novel_impl:_uncertainity_memory_update:241 - On target 60
2023-02-13 11:45:06.830 | DEBUG    | experiments.finalised_novel_impl:_uncertainity_memory_update:241 - On target 25
2023-02-13 11:45:08.476 | DEBUG    | experiments.finalised_novel_impl:_uncertainity_memory_update:241 - On target 80
2023-02-13 11:45:10.121 | DEBUG    | experiments.finalised_novel_impl:_uncertainity_memory_update:241 - On target 50
2023-02-13 11:45:11.777 | DEBUG    | experiments.finalised_novel_impl:_uncertainity_memory_update:241 - On target 84
2023-02-13 11:45:13.413 | DEBUG    | experiments.finalised_novel_impl:_uncertainity_memory_update:241 - On target 70
2023-02-13 11:45:15.057 | DEBUG    | experiments.finalised_novel_impl:_uncertainity_memory_update:241 - On target 98
2023-02-13 11:45:16.701 | DEBUG    | experiments.finalised_novel_impl:_uncertainity_memory_update:241 - On target 74
2023-02-13 11:45:18.351 | DEBUG    | experiments.finalised_novel_impl:_uncertainity_memory_update:241 - On target 19
2023-02-13 11:45:20.005 | DEBUG    | experiments.finalised_novel_impl:_uncertainity_memory_update:241 - On target 40
2023-02-13 11:45:21.646 | DEBUG    | experiments.finalised_novel_impl:_uncertainity_memory_update:241 - On target 89
2023-02-13 11:45:23.280 | DEBUG    | experiments.finalised_novel_impl:_uncertainity_memory_update:241 - On target 58
2023-02-13 11:45:24.922 | DEBUG    | experiments.finalised_novel_impl:_uncertainity_memory_update:241 - On target 4
2023-02-13 11:45:26.563 | DEBUG    | experiments.finalised_novel_impl:_uncertainity_memory_update:241 - On target 30
2023-02-13 11:45:28.219 | DEBUG    | experiments.finalised_novel_impl:_uncertainity_memory_update:241 - On target 77
2023-02-13 11:45:29.870 | DEBUG    | experiments.finalised_novel_impl:_uncertainity_memory_update:241 - On target 51
2023-02-13 11:45:31.522 | DEBUG    | experiments.finalised_novel_impl:_uncertainity_memory_update:241 - On target 57
2023-02-13 11:45:33.157 | DEBUG    | experiments.finalised_novel_impl:_uncertainity_memory_update:241 - On target 53
2023-02-13 11:45:34.792 | DEBUG    | experiments.finalised_novel_impl:_uncertainity_memory_update:241 - On target 17
2023-02-13 11:45:36.451 | DEBUG    | experiments.finalised_novel_impl:_uncertainity_memory_update:241 - On target 95
2023-02-13 11:45:38.095 | DEBUG    | experiments.finalised_novel_impl:_uncertainity_memory_update:241 - On target 55
2023-02-13 11:45:39.733 | DEBUG    | experiments.finalised_novel_impl:_uncertainity_memory_update:241 - On target 12
2023-02-13 11:45:41.385 | DEBUG    | experiments.finalised_novel_impl:_uncertainity_memory_update:241 - On target 67
2023-02-13 11:45:43.034 | DEBUG    | experiments.finalised_novel_impl:_uncertainity_memory_update:241 - On target 28
2023-02-13 11:45:44.677 | DEBUG    | experiments.finalised_novel_impl:_uncertainity_memory_update:241 - On target 3
2023-02-13 11:45:46.309 | DEBUG    | experiments.finalised_novel_impl:_uncertainity_memory_update:241 - On target 2
2023-02-13 11:45:47.955 | DEBUG    | experiments.finalised_novel_impl:_uncertainity_memory_update:241 - On target 71
2023-02-13 11:45:49.602 | DEBUG    | experiments.finalised_novel_impl:_uncertainity_memory_update:241 - On target 41
2023-02-13 11:45:51.245 | DEBUG    | experiments.finalised_novel_impl:_uncertainity_memory_update:264 - Drawing memory samples
2023-02-13 11:45:51.249 | DEBUG    | experiments.finalised_novel_impl:_uncertainity_memory_update:284 - Creating buffer
2023-02-13 11:45:51.259 | INFO     | experiments.finalised_novel_impl:_uncertainity_memory_update:293 - Memory update completed
2023-02-13 11:45:51.265 | INFO     | experiments.finalised_novel_impl:train:315 - Populated buffer
2023-02-13 11:45:51.268 | INFO     | experiments.finalised_novel_impl:train:329 - Starting epoch 1 / 70
2023-02-13 11:46:06.121 | INFO     | experiments.finalised_novel_impl:train:393 - 3:1, loss: 3.998
2023-02-13 11:46:06.123 | INFO     | experiments.finalised_novel_impl:train:329 - Starting epoch 2 / 70
2023-02-13 11:46:20.965 | INFO     | experiments.finalised_novel_impl:train:393 - 3:2, loss: 3.982
2023-02-13 11:46:20.966 | INFO     | experiments.finalised_novel_impl:train:329 - Starting epoch 3 / 70
2023-02-13 11:46:35.838 | INFO     | experiments.finalised_novel_impl:train:393 - 3:3, loss: 3.904
2023-02-13 11:46:35.839 | INFO     | experiments.finalised_novel_impl:train:329 - Starting epoch 4 / 70
2023-02-13 11:46:50.725 | INFO     | experiments.finalised_novel_impl:train:393 - 3:4, loss: 3.910
2023-02-13 11:46:50.726 | INFO     | experiments.finalised_novel_impl:train:329 - Starting epoch 5 / 70
2023-02-13 11:47:05.592 | INFO     | experiments.finalised_novel_impl:train:393 - 3:5, loss: 3.881
2023-02-13 11:47:05.594 | INFO     | experiments.finalised_novel_impl:train:329 - Starting epoch 6 / 70
2023-02-13 11:47:20.478 | INFO     | experiments.finalised_novel_impl:train:393 - 3:6, loss: 3.847
2023-02-13 11:47:20.479 | INFO     | experiments.finalised_novel_impl:train:329 - Starting epoch 7 / 70
2023-02-13 11:47:35.359 | INFO     | experiments.finalised_novel_impl:train:393 - 3:7, loss: 3.844
2023-02-13 11:47:35.361 | INFO     | experiments.finalised_novel_impl:train:329 - Starting epoch 8 / 70
2023-02-13 11:47:50.218 | INFO     | experiments.finalised_novel_impl:train:393 - 3:8, loss: 3.876
2023-02-13 11:47:50.218 | INFO     | experiments.finalised_novel_impl:train:329 - Starting epoch 9 / 70
2023-02-13 11:48:05.075 | INFO     | experiments.finalised_novel_impl:train:393 - 3:9, loss: 3.878
2023-02-13 11:48:05.077 | INFO     | experiments.finalised_novel_impl:train:329 - Starting epoch 10 / 70
2023-02-13 11:48:19.920 | INFO     | experiments.finalised_novel_impl:train:393 - 3:10, loss: 3.843
2023-02-13 11:48:19.922 | INFO     | algorithms.algorithm_base:run_base_task_metrics:144 - Running metrics: Task 150
2023-02-13 11:48:19.949 | INFO     | experiments.finalised_novel_impl:generate_embeddings:416 - Generating fresh mean embedding vectors
2023-02-13 11:48:27.657 | DEBUG    | experiments.finalised_novel_impl:generate_embeddings:449 - Generated mean embedding vectors for: dict_keys([39, 94, 90, 48, 93, 36, 5, 23, 73, 78, 20, 29, 37, 16, 38, 54, 75, 15, 8, 10, 49, 76, 47, 45, 7, 96, 65, 21, 6, 72, 99, 85, 60, 25, 80, 50, 84, 70, 98, 74, 19, 40, 89, 58, 4, 30, 77, 51, 57, 53, 17, 95, 55, 12, 67, 28, 3, 2, 71, 41])
2023-02-13 11:49:45.236 | DEBUG    | algorithms.algorithm_base:run_base_task_metrics:200 - Raw classification accuracy results saved to ./output_cifar100_varied_sampling/novel/1676282982.3261669_CIFAR100_OFFICIAL_RUN/task_150_accuracy_results.json
2023-02-13 11:49:45.237 | INFO     | algorithms.algorithm_base:run_base_task_metrics:201 - Correctly classified 4572 / 10000 samples (45.72% correct)
2023-02-13 11:49:45.815 | INFO     | experiments.finalised_novel_impl:train:329 - Starting epoch 11 / 70
2023-02-13 11:50:00.674 | INFO     | experiments.finalised_novel_impl:train:393 - 3:11, loss: 3.838
2023-02-13 11:50:00.676 | INFO     | experiments.finalised_novel_impl:train:329 - Starting epoch 12 / 70
2023-02-13 11:50:15.532 | INFO     | experiments.finalised_novel_impl:train:393 - 3:12, loss: 3.829
2023-02-13 11:50:15.534 | INFO     | experiments.finalised_novel_impl:train:329 - Starting epoch 13 / 70
2023-02-13 11:50:30.396 | INFO     | experiments.finalised_novel_impl:train:393 - 3:13, loss: 3.829
2023-02-13 11:50:30.397 | INFO     | experiments.finalised_novel_impl:train:329 - Starting epoch 14 / 70
2023-02-13 11:50:45.255 | INFO     | experiments.finalised_novel_impl:train:393 - 3:14, loss: 3.798
2023-02-13 11:50:45.257 | INFO     | experiments.finalised_novel_impl:train:329 - Starting epoch 15 / 70
2023-02-13 11:51:00.110 | INFO     | experiments.finalised_novel_impl:train:393 - 3:15, loss: 3.802
2023-02-13 11:51:00.112 | INFO     | experiments.finalised_novel_impl:train:329 - Starting epoch 16 / 70
2023-02-13 11:51:14.968 | INFO     | experiments.finalised_novel_impl:train:393 - 3:16, loss: 3.830
2023-02-13 11:51:14.970 | INFO     | experiments.finalised_novel_impl:train:329 - Starting epoch 17 / 70
2023-02-13 11:51:29.824 | INFO     | experiments.finalised_novel_impl:train:393 - 3:17, loss: 3.835
2023-02-13 11:51:29.825 | INFO     | experiments.finalised_novel_impl:train:329 - Starting epoch 18 / 70
2023-02-13 11:51:44.681 | INFO     | experiments.finalised_novel_impl:train:393 - 3:18, loss: 3.882
2023-02-13 11:51:44.682 | INFO     | experiments.finalised_novel_impl:train:329 - Starting epoch 19 / 70
2023-02-13 11:51:59.538 | INFO     | experiments.finalised_novel_impl:train:393 - 3:19, loss: 3.839
2023-02-13 11:51:59.540 | INFO     | experiments.finalised_novel_impl:train:329 - Starting epoch 20 / 70
2023-02-13 11:52:14.399 | INFO     | experiments.finalised_novel_impl:train:393 - 3:20, loss: 3.825
2023-02-13 11:52:14.401 | INFO     | algorithms.algorithm_base:run_base_task_metrics:144 - Running metrics: Task 160
2023-02-13 11:52:14.429 | INFO     | experiments.finalised_novel_impl:generate_embeddings:416 - Generating fresh mean embedding vectors
2023-02-13 11:52:22.137 | DEBUG    | experiments.finalised_novel_impl:generate_embeddings:449 - Generated mean embedding vectors for: dict_keys([39, 94, 90, 48, 93, 36, 5, 23, 73, 78, 20, 29, 37, 16, 38, 54, 75, 15, 8, 10, 49, 76, 47, 45, 7, 96, 65, 21, 6, 72, 99, 85, 60, 25, 80, 50, 84, 70, 98, 74, 19, 40, 89, 58, 4, 30, 77, 51, 57, 53, 17, 95, 55, 12, 67, 28, 3, 2, 71, 41])
2023-02-13 11:53:39.755 | DEBUG    | algorithms.algorithm_base:run_base_task_metrics:200 - Raw classification accuracy results saved to ./output_cifar100_varied_sampling/novel/1676282982.3261669_CIFAR100_OFFICIAL_RUN/task_160_accuracy_results.json
2023-02-13 11:53:39.756 | INFO     | algorithms.algorithm_base:run_base_task_metrics:201 - Correctly classified 4549 / 10000 samples (45.49% correct)
2023-02-13 11:53:40.129 | INFO     | experiments.finalised_novel_impl:train:329 - Starting epoch 21 / 70
2023-02-13 11:53:54.993 | INFO     | experiments.finalised_novel_impl:train:393 - 3:21, loss: 3.807
2023-02-13 11:53:54.995 | INFO     | experiments.finalised_novel_impl:train:329 - Starting epoch 22 / 70
2023-02-13 11:54:09.853 | INFO     | experiments.finalised_novel_impl:train:393 - 3:22, loss: 3.787
2023-02-13 11:54:09.854 | INFO     | experiments.finalised_novel_impl:train:329 - Starting epoch 23 / 70
2023-02-13 11:54:24.712 | INFO     | experiments.finalised_novel_impl:train:393 - 3:23, loss: 3.806
2023-02-13 11:54:24.714 | INFO     | experiments.finalised_novel_impl:train:329 - Starting epoch 24 / 70
2023-02-13 11:54:39.578 | INFO     | experiments.finalised_novel_impl:train:393 - 3:24, loss: 3.807
2023-02-13 11:54:39.579 | INFO     | experiments.finalised_novel_impl:train:329 - Starting epoch 25 / 70
2023-02-13 11:54:54.433 | INFO     | experiments.finalised_novel_impl:train:393 - 3:25, loss: 3.788
2023-02-13 11:54:54.434 | INFO     | experiments.finalised_novel_impl:train:329 - Starting epoch 26 / 70
2023-02-13 11:55:09.317 | INFO     | experiments.finalised_novel_impl:train:393 - 3:26, loss: 3.778
2023-02-13 11:55:09.319 | INFO     | experiments.finalised_novel_impl:train:329 - Starting epoch 27 / 70
2023-02-13 11:55:24.175 | INFO     | experiments.finalised_novel_impl:train:393 - 3:27, loss: 3.769
2023-02-13 11:55:24.176 | INFO     | experiments.finalised_novel_impl:train:329 - Starting epoch 28 / 70
2023-02-13 11:55:39.019 | INFO     | experiments.finalised_novel_impl:train:393 - 3:28, loss: 3.784
2023-02-13 11:55:39.020 | INFO     | experiments.finalised_novel_impl:train:329 - Starting epoch 29 / 70
2023-02-13 11:55:53.862 | INFO     | experiments.finalised_novel_impl:train:393 - 3:29, loss: 3.758
2023-02-13 11:55:53.864 | INFO     | experiments.finalised_novel_impl:train:329 - Starting epoch 30 / 70
2023-02-13 11:56:08.722 | INFO     | experiments.finalised_novel_impl:train:393 - 3:30, loss: 3.772
2023-02-13 11:56:08.724 | INFO     | algorithms.algorithm_base:run_base_task_metrics:144 - Running metrics: Task 170
2023-02-13 11:56:08.751 | INFO     | experiments.finalised_novel_impl:generate_embeddings:416 - Generating fresh mean embedding vectors
2023-02-13 11:56:16.455 | DEBUG    | experiments.finalised_novel_impl:generate_embeddings:449 - Generated mean embedding vectors for: dict_keys([39, 94, 90, 48, 93, 36, 5, 23, 73, 78, 20, 29, 37, 16, 38, 54, 75, 15, 8, 10, 49, 76, 47, 45, 7, 96, 65, 21, 6, 72, 99, 85, 60, 25, 80, 50, 84, 70, 98, 74, 19, 40, 89, 58, 4, 30, 77, 51, 57, 53, 17, 95, 55, 12, 67, 28, 3, 2, 71, 41])
2023-02-13 11:57:34.032 | DEBUG    | algorithms.algorithm_base:run_base_task_metrics:200 - Raw classification accuracy results saved to ./output_cifar100_varied_sampling/novel/1676282982.3261669_CIFAR100_OFFICIAL_RUN/task_170_accuracy_results.json
2023-02-13 11:57:34.033 | INFO     | algorithms.algorithm_base:run_base_task_metrics:201 - Correctly classified 4577 / 10000 samples (45.77% correct)
2023-02-13 11:57:34.404 | INFO     | experiments.finalised_novel_impl:train:329 - Starting epoch 31 / 70
2023-02-13 11:57:49.274 | INFO     | experiments.finalised_novel_impl:train:393 - 3:31, loss: 3.756
2023-02-13 11:57:49.276 | INFO     | experiments.finalised_novel_impl:train:329 - Starting epoch 32 / 70
2023-02-13 11:58:04.136 | INFO     | experiments.finalised_novel_impl:train:393 - 3:32, loss: 3.799
2023-02-13 11:58:04.138 | INFO     | experiments.finalised_novel_impl:train:329 - Starting epoch 33 / 70
2023-02-13 11:58:18.994 | INFO     | experiments.finalised_novel_impl:train:393 - 3:33, loss: 3.783
2023-02-13 11:58:18.996 | INFO     | experiments.finalised_novel_impl:train:329 - Starting epoch 34 / 70
2023-02-13 11:58:33.847 | INFO     | experiments.finalised_novel_impl:train:393 - 3:34, loss: 3.811
2023-02-13 11:58:33.848 | INFO     | experiments.finalised_novel_impl:train:329 - Starting epoch 35 / 70
2023-02-13 11:58:48.727 | INFO     | experiments.finalised_novel_impl:train:393 - 3:35, loss: 3.798
2023-02-13 11:58:48.729 | INFO     | experiments.finalised_novel_impl:train:329 - Starting epoch 36 / 70
2023-02-13 11:59:03.603 | INFO     | experiments.finalised_novel_impl:train:393 - 3:36, loss: 3.799
2023-02-13 11:59:03.605 | INFO     | experiments.finalised_novel_impl:train:329 - Starting epoch 37 / 70
2023-02-13 11:59:18.465 | INFO     | experiments.finalised_novel_impl:train:393 - 3:37, loss: 3.797
2023-02-13 11:59:18.467 | INFO     | experiments.finalised_novel_impl:train:329 - Starting epoch 38 / 70
2023-02-13 11:59:33.332 | INFO     | experiments.finalised_novel_impl:train:393 - 3:38, loss: 3.780
2023-02-13 11:59:33.333 | INFO     | experiments.finalised_novel_impl:train:329 - Starting epoch 39 / 70
2023-02-13 11:59:48.196 | INFO     | experiments.finalised_novel_impl:train:393 - 3:39, loss: 3.803
2023-02-13 11:59:48.197 | INFO     | experiments.finalised_novel_impl:train:329 - Starting epoch 40 / 70
2023-02-13 12:00:03.056 | INFO     | experiments.finalised_novel_impl:train:393 - 3:40, loss: 3.772
2023-02-13 12:00:03.057 | INFO     | algorithms.algorithm_base:run_base_task_metrics:144 - Running metrics: Task 180
2023-02-13 12:00:03.085 | INFO     | experiments.finalised_novel_impl:generate_embeddings:416 - Generating fresh mean embedding vectors
2023-02-13 12:00:10.799 | DEBUG    | experiments.finalised_novel_impl:generate_embeddings:449 - Generated mean embedding vectors for: dict_keys([39, 94, 90, 48, 93, 36, 5, 23, 73, 78, 20, 29, 37, 16, 38, 54, 75, 15, 8, 10, 49, 76, 47, 45, 7, 96, 65, 21, 6, 72, 99, 85, 60, 25, 80, 50, 84, 70, 98, 74, 19, 40, 89, 58, 4, 30, 77, 51, 57, 53, 17, 95, 55, 12, 67, 28, 3, 2, 71, 41])
2023-02-13 12:01:28.405 | DEBUG    | algorithms.algorithm_base:run_base_task_metrics:200 - Raw classification accuracy results saved to ./output_cifar100_varied_sampling/novel/1676282982.3261669_CIFAR100_OFFICIAL_RUN/task_180_accuracy_results.json
2023-02-13 12:01:28.406 | INFO     | algorithms.algorithm_base:run_base_task_metrics:201 - Correctly classified 4584 / 10000 samples (45.84% correct)
2023-02-13 12:01:28.836 | INFO     | experiments.finalised_novel_impl:train:329 - Starting epoch 41 / 70
2023-02-13 12:01:43.707 | INFO     | experiments.finalised_novel_impl:train:393 - 3:41, loss: 3.765
2023-02-13 12:01:43.708 | INFO     | experiments.finalised_novel_impl:train:329 - Starting epoch 42 / 70
2023-02-13 12:01:58.557 | INFO     | experiments.finalised_novel_impl:train:393 - 3:42, loss: 3.783
2023-02-13 12:01:58.558 | INFO     | experiments.finalised_novel_impl:train:329 - Starting epoch 43 / 70
2023-02-13 12:02:13.420 | INFO     | experiments.finalised_novel_impl:train:393 - 3:43, loss: 3.780
2023-02-13 12:02:13.422 | INFO     | experiments.finalised_novel_impl:train:329 - Starting epoch 44 / 70
2023-02-13 12:02:28.272 | INFO     | experiments.finalised_novel_impl:train:393 - 3:44, loss: 3.780
2023-02-13 12:02:28.273 | INFO     | experiments.finalised_novel_impl:train:329 - Starting epoch 45 / 70
2023-02-13 12:02:43.126 | INFO     | experiments.finalised_novel_impl:train:393 - 3:45, loss: 3.772
2023-02-13 12:02:43.128 | INFO     | experiments.finalised_novel_impl:train:329 - Starting epoch 46 / 70
2023-02-13 12:02:57.996 | INFO     | experiments.finalised_novel_impl:train:393 - 3:46, loss: 3.776
2023-02-13 12:02:57.997 | INFO     | experiments.finalised_novel_impl:train:329 - Starting epoch 47 / 70
2023-02-13 12:03:12.858 | INFO     | experiments.finalised_novel_impl:train:393 - 3:47, loss: 3.765
2023-02-13 12:03:12.860 | INFO     | experiments.finalised_novel_impl:train:329 - Starting epoch 48 / 70
2023-02-13 12:03:27.729 | INFO     | experiments.finalised_novel_impl:train:393 - 3:48, loss: 3.773
2023-02-13 12:03:27.729 | INFO     | experiments.finalised_novel_impl:train:329 - Starting epoch 49 / 70
2023-02-13 12:03:42.581 | INFO     | experiments.finalised_novel_impl:train:393 - 3:49, loss: 3.763
2023-02-13 12:03:42.583 | INFO     | experiments.finalised_novel_impl:train:329 - Starting epoch 50 / 70
2023-02-13 12:03:57.435 | INFO     | experiments.finalised_novel_impl:train:393 - 3:50, loss: 3.768
2023-02-13 12:03:57.437 | INFO     | algorithms.algorithm_base:run_base_task_metrics:144 - Running metrics: Task 190
2023-02-13 12:03:57.465 | INFO     | experiments.finalised_novel_impl:generate_embeddings:416 - Generating fresh mean embedding vectors
2023-02-13 12:04:05.183 | DEBUG    | experiments.finalised_novel_impl:generate_embeddings:449 - Generated mean embedding vectors for: dict_keys([39, 94, 90, 48, 93, 36, 5, 23, 73, 78, 20, 29, 37, 16, 38, 54, 75, 15, 8, 10, 49, 76, 47, 45, 7, 96, 65, 21, 6, 72, 99, 85, 60, 25, 80, 50, 84, 70, 98, 74, 19, 40, 89, 58, 4, 30, 77, 51, 57, 53, 17, 95, 55, 12, 67, 28, 3, 2, 71, 41])
2023-02-13 12:05:22.818 | DEBUG    | algorithms.algorithm_base:run_base_task_metrics:200 - Raw classification accuracy results saved to ./output_cifar100_varied_sampling/novel/1676282982.3261669_CIFAR100_OFFICIAL_RUN/task_190_accuracy_results.json
2023-02-13 12:05:22.819 | INFO     | algorithms.algorithm_base:run_base_task_metrics:201 - Correctly classified 4560 / 10000 samples (45.60% correct)
2023-02-13 12:05:23.191 | INFO     | experiments.finalised_novel_impl:train:329 - Starting epoch 51 / 70
2023-02-13 12:05:38.051 | INFO     | experiments.finalised_novel_impl:train:393 - 3:51, loss: 3.754
2023-02-13 12:05:38.053 | INFO     | experiments.finalised_novel_impl:train:329 - Starting epoch 52 / 70
2023-02-13 12:05:52.894 | INFO     | experiments.finalised_novel_impl:train:393 - 3:52, loss: 3.747
2023-02-13 12:05:52.895 | INFO     | experiments.finalised_novel_impl:train:329 - Starting epoch 53 / 70
2023-02-13 12:06:07.755 | INFO     | experiments.finalised_novel_impl:train:393 - 3:53, loss: 3.764
2023-02-13 12:06:07.757 | INFO     | experiments.finalised_novel_impl:train:329 - Starting epoch 54 / 70
2023-02-13 12:06:22.605 | INFO     | experiments.finalised_novel_impl:train:393 - 3:54, loss: 3.746
2023-02-13 12:06:22.607 | INFO     | experiments.finalised_novel_impl:train:329 - Starting epoch 55 / 70
2023-02-13 12:06:37.467 | INFO     | experiments.finalised_novel_impl:train:393 - 3:55, loss: 3.723
2023-02-13 12:06:37.469 | INFO     | experiments.finalised_novel_impl:train:329 - Starting epoch 56 / 70
2023-02-13 12:06:52.316 | INFO     | experiments.finalised_novel_impl:train:393 - 3:56, loss: 3.726
2023-02-13 12:06:52.318 | INFO     | experiments.finalised_novel_impl:train:329 - Starting epoch 57 / 70
2023-02-13 12:07:07.174 | INFO     | experiments.finalised_novel_impl:train:393 - 3:57, loss: 3.743
2023-02-13 12:07:07.176 | INFO     | experiments.finalised_novel_impl:train:329 - Starting epoch 58 / 70
2023-02-13 12:07:22.042 | INFO     | experiments.finalised_novel_impl:train:393 - 3:58, loss: 3.746
2023-02-13 12:07:22.043 | INFO     | experiments.finalised_novel_impl:train:329 - Starting epoch 59 / 70
2023-02-13 12:07:36.899 | INFO     | experiments.finalised_novel_impl:train:393 - 3:59, loss: 3.743
2023-02-13 12:07:36.900 | INFO     | experiments.finalised_novel_impl:train:329 - Starting epoch 60 / 70
2023-02-13 12:07:51.761 | INFO     | experiments.finalised_novel_impl:train:393 - 3:60, loss: 3.741
2023-02-13 12:07:51.762 | INFO     | algorithms.algorithm_base:run_base_task_metrics:144 - Running metrics: Task 200
2023-02-13 12:07:51.790 | INFO     | experiments.finalised_novel_impl:generate_embeddings:416 - Generating fresh mean embedding vectors
2023-02-13 12:07:59.505 | DEBUG    | experiments.finalised_novel_impl:generate_embeddings:449 - Generated mean embedding vectors for: dict_keys([39, 94, 90, 48, 93, 36, 5, 23, 73, 78, 20, 29, 37, 16, 38, 54, 75, 15, 8, 10, 49, 76, 47, 45, 7, 96, 65, 21, 6, 72, 99, 85, 60, 25, 80, 50, 84, 70, 98, 74, 19, 40, 89, 58, 4, 30, 77, 51, 57, 53, 17, 95, 55, 12, 67, 28, 3, 2, 71, 41])
2023-02-13 12:09:17.136 | DEBUG    | algorithms.algorithm_base:run_base_task_metrics:200 - Raw classification accuracy results saved to ./output_cifar100_varied_sampling/novel/1676282982.3261669_CIFAR100_OFFICIAL_RUN/task_200_accuracy_results.json
2023-02-13 12:09:17.137 | INFO     | algorithms.algorithm_base:run_base_task_metrics:201 - Correctly classified 4574 / 10000 samples (45.74% correct)
2023-02-13 12:09:17.515 | INFO     | experiments.finalised_novel_impl:train:329 - Starting epoch 61 / 70
2023-02-13 12:09:32.376 | INFO     | experiments.finalised_novel_impl:train:393 - 3:61, loss: 3.742
2023-02-13 12:09:32.378 | INFO     | experiments.finalised_novel_impl:train:329 - Starting epoch 62 / 70
2023-02-13 12:09:47.244 | INFO     | experiments.finalised_novel_impl:train:393 - 3:62, loss: 3.744
2023-02-13 12:09:47.244 | INFO     | experiments.finalised_novel_impl:train:329 - Starting epoch 63 / 70
2023-02-13 12:10:02.107 | INFO     | experiments.finalised_novel_impl:train:393 - 3:63, loss: 3.754
2023-02-13 12:10:02.110 | INFO     | experiments.finalised_novel_impl:train:329 - Starting epoch 64 / 70
2023-02-13 12:10:16.960 | INFO     | experiments.finalised_novel_impl:train:393 - 3:64, loss: 3.779
2023-02-13 12:10:16.962 | INFO     | experiments.finalised_novel_impl:train:329 - Starting epoch 65 / 70
2023-02-13 12:10:31.835 | INFO     | experiments.finalised_novel_impl:train:393 - 3:65, loss: 3.789
2023-02-13 12:10:31.836 | INFO     | experiments.finalised_novel_impl:train:329 - Starting epoch 66 / 70
2023-02-13 12:10:46.699 | INFO     | experiments.finalised_novel_impl:train:393 - 3:66, loss: 3.784
2023-02-13 12:10:46.700 | INFO     | experiments.finalised_novel_impl:train:329 - Starting epoch 67 / 70
2023-02-13 12:11:01.557 | INFO     | experiments.finalised_novel_impl:train:393 - 3:67, loss: 3.774
2023-02-13 12:11:01.558 | INFO     | experiments.finalised_novel_impl:train:329 - Starting epoch 68 / 70
2023-02-13 12:11:16.404 | INFO     | experiments.finalised_novel_impl:train:393 - 3:68, loss: 3.767
2023-02-13 12:11:16.405 | INFO     | experiments.finalised_novel_impl:train:329 - Starting epoch 69 / 70
2023-02-13 12:11:31.280 | INFO     | experiments.finalised_novel_impl:train:393 - 3:69, loss: 3.777
2023-02-13 12:11:31.280 | INFO     | experiments.finalised_novel_impl:train:329 - Starting epoch 70 / 70
2023-02-13 12:11:46.135 | INFO     | experiments.finalised_novel_impl:train:393 - 3:70, loss: 3.764
2023-02-13 12:11:46.137 | INFO     | algorithms.algorithm_base:run_base_task_metrics:144 - Running metrics: Task 210
2023-02-13 12:11:46.164 | INFO     | experiments.finalised_novel_impl:generate_embeddings:416 - Generating fresh mean embedding vectors
2023-02-13 12:11:53.874 | DEBUG    | experiments.finalised_novel_impl:generate_embeddings:449 - Generated mean embedding vectors for: dict_keys([39, 94, 90, 48, 93, 36, 5, 23, 73, 78, 20, 29, 37, 16, 38, 54, 75, 15, 8, 10, 49, 76, 47, 45, 7, 96, 65, 21, 6, 72, 99, 85, 60, 25, 80, 50, 84, 70, 98, 74, 19, 40, 89, 58, 4, 30, 77, 51, 57, 53, 17, 95, 55, 12, 67, 28, 3, 2, 71, 41])
2023-02-13 12:13:11.501 | DEBUG    | algorithms.algorithm_base:run_base_task_metrics:200 - Raw classification accuracy results saved to ./output_cifar100_varied_sampling/novel/1676282982.3261669_CIFAR100_OFFICIAL_RUN/task_210_accuracy_results.json
2023-02-13 12:13:11.502 | INFO     | algorithms.algorithm_base:run_base_task_metrics:201 - Correctly classified 4547 / 10000 samples (45.47% correct)
2023-02-13 12:13:11.937 | INFO     | experiments.finalised_novel_impl:train:299 - Task 4 / 5
2023-02-13 12:13:11.943 | INFO     | experiments.finalised_novel_impl:train:300 - Classes in task: ['plate', 'bottle', 'boy', 'lizard', 'television', 'apple', 'wolf', 'caterpillar', 'butterfly', 'pine_tree', 'rocket', 'poppy', 'tulip', 'crab', 'possum', 'porcupine', 'streetcar', 'clock', 'sunflower', 'lion']
2023-02-13 12:13:11.944 | INFO     | experiments.finalised_novel_impl:_uncertainity_memory_update:206 - Starting memory update
2023-02-13 12:13:11.944 | INFO     | experiments.finalised_novel_impl:_uncertainity_memory_update:218 - Using uncertainty type: batch_normalised _compute_batch_distance
2023-02-13 12:13:11.945 | DEBUG    | experiments.finalised_novel_impl:_uncertainity_memory_update:220 - Processing new task samples
2023-02-13 12:24:13.389 | INFO     | experiments.finalised_novel_impl:generate_embeddings:416 - Generating fresh mean embedding vectors
2023-02-13 12:24:21.063 | DEBUG    | experiments.finalised_novel_impl:generate_embeddings:449 - Generated mean embedding vectors for: dict_keys([39, 94, 90, 48, 93, 36, 5, 23, 73, 78, 20, 29, 37, 16, 38, 54, 75, 15, 8, 10, 49, 76, 47, 45, 7, 96, 65, 21, 6, 72, 99, 85, 60, 25, 80, 50, 84, 70, 98, 74, 19, 40, 89, 58, 4, 30, 77, 51, 57, 53, 17, 95, 55, 12, 67, 28, 3, 2, 71, 41])
2023-02-13 12:24:21.064 | DEBUG    | experiments.finalised_novel_impl:_uncertainity_memory_update:238 - Processing old task samples: total targets = dict_keys([39, 94, 90, 48, 93, 36, 5, 23, 73, 78, 20, 29, 37, 16, 38, 54, 75, 15, 8, 10, 49, 76, 47, 45, 7, 96, 65, 21, 6, 72, 99, 85, 60, 25, 80, 50, 84, 70, 98, 74, 19, 40, 89, 58, 4, 30, 77, 51, 57, 53, 17, 95, 55, 12, 67, 28, 3, 2, 71, 41])
2023-02-13 12:24:21.065 | DEBUG    | experiments.finalised_novel_impl:_uncertainity_memory_update:241 - On target 39
2023-02-13 12:24:23.306 | ERROR    | __main__:main:348 - An error has been caught in function 'main', process 'MainProcess' (18388), thread 'MainThread' (16576):
Traceback (most recent call last):

  File "F:\Documents\Development\GitHub\advanced-project\Code\result_generator.py", line 354, in <module>
    main()
     <function main at 0x000001F8ABE0CB80>

> File "F:\Documents\Development\GitHub\advanced-project\Code\result_generator.py", line 349, in main
    run_experiment(config, algorithm_setup, device, model, directory, writer)
                                                                 <torch.utils.tensorboard.writer.SummaryWriter object at 0x000001F8ABDFF0D0>
                                                       './output_cifar100_varied_sampling/novel/1676282982.3261669_CIFAR100_OFFICIAL_RUN'
                                                 ResNet(
                                                    (initial): ConvBlock(
                                                      (block): Sequential(
                                                        (0): Conv2d(3, 16, kernel_size=(3, 3), stride=(1, 1), padding=...
                                          device(type='cuda', index=0)
                          AlgorithmSetup(algorithm=<class 'experiments.finalised_novel_impl.NovelImplementation'>, options={'max_memory_samples': 1000}...
                   Configuration(algorithm='novel', dataset='cifar100', classes_per_task=20, seed=9767, samples=1000)
     <function run_experiment at 0x000001F8ABE0CAF0>

  File "F:\Documents\Development\GitHub\advanced-project\Code\result_generator.py", line 287, in run_experiment
    algorithm.train()
              <function NovelImplementation.train at 0x000001F8ABD90C10>
     <experiments.finalised_novel_impl.NovelImplementation object at 0x000001F8ABE4F190>

  File "F:\Documents\Development\GitHub\advanced-project\Code\experiments\finalised_novel_impl.py", line 313, in train
    self._uncertainity_memory_update(task_dataloader)
                                    <torch.utils.data.dataloader.DataLoader object at 0x000001F96C6D8220>
         <function NovelImplementation._uncertainity_memory_update at 0x000001F8ABD90B80>
     <experiments.finalised_novel_impl.NovelImplementation object at 0x000001F8ABE4F190>

  File "F:\Documents\Development\GitHub\advanced-project\Code\experiments\finalised_novel_impl.py", line 258, in _uncertainity_memory_update
    inp = torch.stack([self.dataset.testing_transform(Image.fromarray(x.astype(np.uint8))) for x in raw_inp]).to(self.device) # type: ignore
                                                                                                            device(type='cuda', index=0)
                                                                                                        <experiments.finalised_novel_impl.NovelImplementation object at 0x000001F8ABE4F190>
                                                                                            []
                                                                           <class 'numpy.uint8'>
                                                                         <module 'numpy' from 'F:\\Documents\\Development\\GitHub\\advanced-project\\Code\\env\\lib\\site-packages\\numpy\\__init__.py'>
                                                       <function fromarray at 0x000001F89469B5B0>
                                                  <module 'PIL.Image' from 'F:\\Documents\\Development\\GitHub\\advanced-project\\Code\\env\\lib\\site-packages\\PIL\\Image.py'>
                                 Compose(
                                      Resize(size=(224, 224), interpolation=bilinear, max_size=None, antialias=None)
                                      ToTensor()
                                      Normalize(mean...
                          <datasets.cifar100.CIFAR100 object at 0x000001F8ABE4EC80>
                      <experiments.finalised_novel_impl.NovelImplementation object at 0x000001F8ABE4F190>
                <built-in method stack of type object at 0x00007FF9D19FBF30>
           <module 'torch' from 'F:\\Documents\\Development\\GitHub\\advanced-project\\Code\\env\\lib\\site-packages\\torch\\__init__.py'>

RuntimeError: stack expects a non-empty TensorList
2023-02-13 12:24:23.402 | INFO     | __main__:close_tensorboard_writer:252 - Shut down TensorBoard
