2023-01-12 09:12:01.667 | INFO     | __main__:setup_files:173 - Experiment Name: OFFICIAL_RUN
2023-01-12 09:12:01.669 | INFO     | __main__:main:278 - Command line arguments: Configuration(algorithm='derpp', dataset='cifar100', classes_per_task=20, seed=2843)
2023-01-12 09:12:01.671 | INFO     | __main__:main:282 - Seeded random to 2843
2023-01-12 09:12:01.671 | INFO     | __main__:main:286 - Got CUDA device
2023-01-12 09:12:01.672 | INFO     | __main__:force_cuda_load:221 - Forcing CUDA initialisation...
2023-01-12 09:12:01.738 | INFO     | __main__:main:290 - CUDA initialised
2023-01-12 09:12:01.740 | INFO     | __main__:setup_shutdown_hook:217 - To access TensorBoard, run the command: tensorboard --logdir=./output/der_pp/1673514721.6636906_CIFAR100_OFFICIAL_RUN
2023-01-12 09:12:01.741 | INFO     | __main__:main:294 - Setup shutdown hooks
2023-01-12 09:12:01.764 | INFO     | __main__:main:299 - Model is setup
2023-01-12 09:12:01.765 | INFO     | __main__:main:301 - Complete pre-setup, starting experiment
2023-01-12 09:12:02.985 | INFO     | datasets.dataset_base:__init__:80 - Using disjoint tasks with 20 (5 tasks) with a randomised split
2023-01-12 09:12:02.987 | DEBUG    | datasets.dataset_base:_setup_task_datasets:95 - Splitting dataset into 5 disjoint tasks
2023-01-12 09:12:03.006 | INFO     | datasets.dataset_base:__init__:85 - {
  "name": "datasets.cifar100.CIFAR100",
  "dataset_class": "torchvision.datasets.cifar.CIFAR100",
  "training_dataset_parameters": "{'train': True, 'download': True}",
  "testing_dataset_parameters": "{'train': False, 'download': True}",
  "training_transform": "Compose(\n    RandomCrop(size=(32, 32), padding=4)\n    RandomHorizontalFlip(p=0.5)\n    Resize(size=(32, 32), interpolation=bilinear, max_size=None, antialias=None)\n    ToTensor()\n    Normalize(mean=(0.5071, 0.4867, 0.4408), std=(0.2675, 0.2565, 0.2761))\n)",
  "testing_transform": "Compose(\n    Resize(size=(32, 32), interpolation=bilinear, max_size=None, antialias=None)\n    ToTensor()\n    Normalize(mean=(0.5071, 0.4867, 0.4408), std=(0.2675, 0.2565, 0.2761))\n)",
  "classes": "apple, aquarium_fish, baby, bear, beaver, bed, bee, beetle, bicycle, bottle, bowl, boy, bridge, bus, butterfly, camel, can, castle, caterpillar, cattle, chair, chimpanzee, clock, cloud, cockroach, couch, crab, crocodile, cup, dinosaur, dolphin, elephant, flatfish, forest, fox, girl, hamster, house, kangaroo, keyboard, lamp, lawn_mower, leopard, lion, lizard, lobster, man, maple_tree, motorcycle, mountain, mouse, mushroom, oak_tree, orange, orchid, otter, palm_tree, pear, pickup_truck, pine_tree, plain, plate, poppy, porcupine, possum, rabbit, raccoon, ray, road, rocket, rose, sea, seal, shark, shrew, skunk, skyscraper, snail, snake, spider, squirrel, streetcar, sunflower, sweet_pepper, table, tank, telephone, television, tiger, tractor, train, trout, tulip, turtle, wardrobe, whale, willow_tree, wolf, woman, worm",
  "disjoint": true,
  "task_count": 5,
  "classes_per_task": [
    20
  ],
  "task_split_indices": [
    [
      87,
      53,
      70,
      96,
      26,
      34,
      0,
      28,
      22,
      64,
      74,
      23,
      86,
      36,
      62,
      16,
      35,
      18,
      19,
      47
    ],
    [
      66,
      65,
      6,
      40,
      41,
      49,
      73,
      11,
      83,
      13,
      27,
      77,
      93,
      43,
      20,
      80,
      63,
      58,
      10,
      91
    ],
    [
      99,
      61,
      48,
      67,
      84,
      3,
      81,
      56,
      54,
      68,
      14,
      94,
      50,
      46,
      95,
      9,
      51,
      59,
      57,
      30
    ],
    [
      37,
      25,
      12,
      78,
      60,
      39,
      69,
      21,
      71,
      52,
      55,
      75,
      85,
      5,
      97,
      76,
      7,
      38,
      15,
      98
    ],
    [
      44,
      92,
      79,
      33,
      29,
      17,
      8,
      32,
      45,
      90,
      2,
      88,
      24,
      42,
      31,
      89,
      82,
      1,
      4,
      72
    ]
  ],
  "task_split_classes": [
    [
      "television",
      "orange",
      "rose",
      "willow_tree",
      "crab",
      "fox",
      "apple",
      "cup",
      "clock",
      "possum",
      "shrew",
      "cloud",
      "telephone",
      "hamster",
      "poppy",
      "can",
      "girl",
      "caterpillar",
      "cattle",
      "maple_tree"
    ],
    [
      "raccoon",
      "rabbit",
      "bee",
      "lamp",
      "lawn_mower",
      "mountain",
      "shark",
      "boy",
      "sweet_pepper",
      "bus",
      "crocodile",
      "snail",
      "turtle",
      "lion",
      "chair",
      "squirrel",
      "porcupine",
      "pickup_truck",
      "bowl",
      "trout"
    ],
    [
      "worm",
      "plate",
      "motorcycle",
      "ray",
      "table",
      "bear",
      "streetcar",
      "palm_tree",
      "orchid",
      "road",
      "butterfly",
      "wardrobe",
      "mouse",
      "man",
      "whale",
      "bottle",
      "mushroom",
      "pine_tree",
      "pear",
      "dolphin"
    ],
    [
      "house",
      "couch",
      "bridge",
      "snake",
      "plain",
      "keyboard",
      "rocket",
      "chimpanzee",
      "sea",
      "oak_tree",
      "otter",
      "skunk",
      "tank",
      "bed",
      "wolf",
      "skyscraper",
      "beetle",
      "kangaroo",
      "camel",
      "woman"
    ],
    [
      "lizard",
      "tulip",
      "spider",
      "forest",
      "dinosaur",
      "castle",
      "bicycle",
      "flatfish",
      "lobster",
      "train",
      "baby",
      "tiger",
      "cockroach",
      "leopard",
      "elephant",
      "tractor",
      "sunflower",
      "aquarium_fish",
      "beaver",
      "seal"
    ]
  ]
}
2023-01-12 09:12:03.013 | DEBUG    | __main__:run_experiment:245 - PID: 17616
2023-01-12 09:12:03.015 | INFO     | __main__:run_experiment:247 - Starting...
2023-01-12 09:12:03.016 | INFO     | algorithms.algorithm_base:train:116 - {
  "name": "algorithms.der_pp.DarkExperiencePlusPlus",
  "model_class": "models.cifar.resnet.ResNet",
  "device": "cuda:0",
  "dataset_class": "datasets.cifar100.CIFAR100",
  "optimiser_class": "torch.optim.sgd.SGD",
  "loss_criterion_class": "torch.nn.modules.loss.CrossEntropyLoss",
  "epochs_per_task": 1,
  "batch_size": 16,
  "max_memory_samples": 5000,
  "alpha": 0.5,
  "beta": 0.5
}
2023-01-12 09:12:03.018 | DEBUG    | algorithms.algorithm_base:_setup_training:109 - Model moved to cuda:0 and set to train mode
2023-01-12 09:12:03.018 | INFO     | algorithms.algorithm_base:train:118 - Starting training
2023-01-12 09:12:03.019 | INFO     | algorithms.der_pp:train:88 - Task 1 / 5
2023-01-12 09:12:03.020 | INFO     | algorithms.der_pp:train:89 - Classes in task: ['television', 'orange', 'rose', 'willow_tree', 'crab', 'fox', 'apple', 'cup', 'clock', 'possum', 'shrew', 'cloud', 'telephone', 'hamster', 'poppy', 'can', 'girl', 'caterpillar', 'cattle', 'maple_tree']
2023-01-12 09:12:03.021 | INFO     | algorithms.der_pp:train:96 - Starting epoch 1 / 1
2023-01-12 09:12:06.946 | INFO     | algorithms.der_pp:train:160 - 0:1:40, loss: 7.854
2023-01-12 09:12:08.956 | INFO     | algorithms.der_pp:train:160 - 0:1:80, loss: 7.355
2023-01-12 09:12:10.992 | INFO     | algorithms.der_pp:train:160 - 0:1:120, loss: 7.016
2023-01-12 09:12:13.032 | INFO     | algorithms.der_pp:train:160 - 0:1:160, loss: 6.625
2023-01-12 09:12:15.120 | INFO     | algorithms.der_pp:train:160 - 0:1:200, loss: 6.385
2023-01-12 09:12:17.185 | INFO     | algorithms.der_pp:train:160 - 0:1:240, loss: 6.192
2023-01-12 09:12:19.241 | INFO     | algorithms.der_pp:train:160 - 0:1:280, loss: 6.106
2023-01-12 09:12:21.297 | INFO     | algorithms.der_pp:train:160 - 0:1:320, loss: 5.954
2023-01-12 09:12:23.368 | INFO     | algorithms.der_pp:train:160 - 0:1:360, loss: 5.761
2023-01-12 09:12:25.429 | INFO     | algorithms.der_pp:train:160 - 0:1:400, loss: 5.680
2023-01-12 09:12:27.498 | INFO     | algorithms.der_pp:train:160 - 0:1:440, loss: 5.585
2023-01-12 09:12:29.565 | INFO     | algorithms.der_pp:train:160 - 0:1:480, loss: 5.506
2023-01-12 09:12:31.637 | INFO     | algorithms.der_pp:train:160 - 0:1:520, loss: 5.369
2023-01-12 09:12:33.703 | INFO     | algorithms.der_pp:train:160 - 0:1:560, loss: 5.296
2023-01-12 09:12:35.769 | INFO     | algorithms.der_pp:train:160 - 0:1:600, loss: 5.266
2023-01-12 09:12:37.009 | DEBUG    | algorithms.der_pp:train:163 - Current sample stats:
2023-01-12 09:12:37.010 | DEBUG    | algorithms.der_pp:train:166 - 26 has 250 samples
2023-01-12 09:12:37.011 | DEBUG    | algorithms.der_pp:train:166 - 28 has 250 samples
2023-01-12 09:12:37.011 | DEBUG    | algorithms.der_pp:train:166 - 0 has 250 samples
2023-01-12 09:12:37.012 | DEBUG    | algorithms.der_pp:train:166 - 70 has 250 samples
2023-01-12 09:12:37.013 | DEBUG    | algorithms.der_pp:train:166 - 86 has 250 samples
2023-01-12 09:12:37.013 | DEBUG    | algorithms.der_pp:train:166 - 87 has 250 samples
2023-01-12 09:12:37.014 | DEBUG    | algorithms.der_pp:train:166 - 96 has 250 samples
2023-01-12 09:12:37.015 | DEBUG    | algorithms.der_pp:train:166 - 23 has 250 samples
2023-01-12 09:12:37.015 | DEBUG    | algorithms.der_pp:train:166 - 74 has 250 samples
2023-01-12 09:12:37.016 | DEBUG    | algorithms.der_pp:train:166 - 53 has 250 samples
2023-01-12 09:12:37.017 | DEBUG    | algorithms.der_pp:train:166 - 16 has 250 samples
2023-01-12 09:12:37.017 | DEBUG    | algorithms.der_pp:train:166 - 19 has 250 samples
2023-01-12 09:12:37.018 | DEBUG    | algorithms.der_pp:train:166 - 62 has 250 samples
2023-01-12 09:12:37.020 | DEBUG    | algorithms.der_pp:train:166 - 34 has 250 samples
2023-01-12 09:12:37.021 | DEBUG    | algorithms.der_pp:train:166 - 36 has 250 samples
2023-01-12 09:12:37.022 | DEBUG    | algorithms.der_pp:train:166 - 64 has 250 samples
2023-01-12 09:12:37.022 | DEBUG    | algorithms.der_pp:train:166 - 35 has 250 samples
2023-01-12 09:12:37.023 | DEBUG    | algorithms.der_pp:train:166 - 47 has 250 samples
2023-01-12 09:12:37.024 | DEBUG    | algorithms.der_pp:train:166 - 18 has 250 samples
2023-01-12 09:12:37.024 | DEBUG    | algorithms.der_pp:train:166 - 22 has 250 samples
2023-01-12 09:12:37.025 | INFO     | algorithms.der_pp:train:171 - 1, loss: 6.092
2023-01-12 09:12:37.026 | INFO     | algorithms.algorithm_base:run_base_task_metrics:146 - Running metrics: Task 0
2023-01-12 09:12:41.124 | DEBUG    | algorithms.algorithm_base:run_base_task_metrics:202 - Raw classification accuracy results saved to ./output/der_pp/1673514721.6636906_CIFAR100_OFFICIAL_RUN/task_0_accuracy_results.json
2023-01-12 09:12:41.125 | INFO     | algorithms.algorithm_base:run_base_task_metrics:203 - Correctly classified 520 / 10000 samples (5.20% correct)
2023-01-12 09:12:41.560 | INFO     | algorithms.der_pp:train:88 - Task 2 / 5
2023-01-12 09:12:41.565 | INFO     | algorithms.der_pp:train:89 - Classes in task: ['raccoon', 'rabbit', 'bee', 'lamp', 'lawn_mower', 'mountain', 'shark', 'boy', 'sweet_pepper', 'bus', 'crocodile', 'snail', 'turtle', 'lion', 'chair', 'squirrel', 'porcupine', 'pickup_truck', 'bowl', 'trout']
2023-01-12 09:12:41.566 | INFO     | algorithms.der_pp:train:96 - Starting epoch 1 / 1
2023-01-12 09:12:43.695 | INFO     | algorithms.der_pp:train:160 - 1:1:40, loss: 7.348
2023-01-12 09:12:45.771 | INFO     | algorithms.der_pp:train:160 - 1:1:80, loss: 6.938
2023-01-12 09:12:47.842 | INFO     | algorithms.der_pp:train:160 - 1:1:120, loss: 6.771
2023-01-12 09:12:49.916 | INFO     | algorithms.der_pp:train:160 - 1:1:160, loss: 6.502
2023-01-12 09:12:51.985 | INFO     | algorithms.der_pp:train:160 - 1:1:200, loss: 6.393
2023-01-12 09:12:54.056 | INFO     | algorithms.der_pp:train:160 - 1:1:240, loss: 6.213
2023-01-12 09:12:56.124 | INFO     | algorithms.der_pp:train:160 - 1:1:280, loss: 6.151
2023-01-12 09:12:58.197 | INFO     | algorithms.der_pp:train:160 - 1:1:320, loss: 6.044
2023-01-12 09:13:00.271 | INFO     | algorithms.der_pp:train:160 - 1:1:360, loss: 5.984
2023-01-12 09:13:02.340 | INFO     | algorithms.der_pp:train:160 - 1:1:400, loss: 5.907
2023-01-12 09:13:04.422 | INFO     | algorithms.der_pp:train:160 - 1:1:440, loss: 5.803
2023-01-12 09:13:06.497 | INFO     | algorithms.der_pp:train:160 - 1:1:480, loss: 5.654
2023-01-12 09:13:08.575 | INFO     | algorithms.der_pp:train:160 - 1:1:520, loss: 5.630
2023-01-12 09:13:10.657 | INFO     | algorithms.der_pp:train:160 - 1:1:560, loss: 5.692
2023-01-12 09:13:12.740 | INFO     | algorithms.der_pp:train:160 - 1:1:600, loss: 5.732
2023-01-12 09:13:13.991 | DEBUG    | algorithms.der_pp:train:163 - Current sample stats:
2023-01-12 09:13:13.992 | DEBUG    | algorithms.der_pp:train:166 - 26 has 125 samples
2023-01-12 09:13:13.993 | DEBUG    | algorithms.der_pp:train:166 - 28 has 125 samples
2023-01-12 09:13:13.993 | DEBUG    | algorithms.der_pp:train:166 - 0 has 125 samples
2023-01-12 09:13:13.994 | DEBUG    | algorithms.der_pp:train:166 - 70 has 125 samples
2023-01-12 09:13:13.995 | DEBUG    | algorithms.der_pp:train:166 - 86 has 125 samples
2023-01-12 09:13:13.995 | DEBUG    | algorithms.der_pp:train:166 - 87 has 125 samples
2023-01-12 09:13:13.996 | DEBUG    | algorithms.der_pp:train:166 - 96 has 125 samples
2023-01-12 09:13:13.997 | DEBUG    | algorithms.der_pp:train:166 - 23 has 125 samples
2023-01-12 09:13:13.997 | DEBUG    | algorithms.der_pp:train:166 - 74 has 125 samples
2023-01-12 09:13:13.998 | DEBUG    | algorithms.der_pp:train:166 - 53 has 125 samples
2023-01-12 09:13:13.999 | DEBUG    | algorithms.der_pp:train:166 - 16 has 125 samples
2023-01-12 09:13:13.999 | DEBUG    | algorithms.der_pp:train:166 - 19 has 125 samples
2023-01-12 09:13:14.000 | DEBUG    | algorithms.der_pp:train:166 - 62 has 125 samples
2023-01-12 09:13:14.001 | DEBUG    | algorithms.der_pp:train:166 - 34 has 125 samples
2023-01-12 09:13:14.001 | DEBUG    | algorithms.der_pp:train:166 - 36 has 125 samples
2023-01-12 09:13:14.002 | DEBUG    | algorithms.der_pp:train:166 - 64 has 125 samples
2023-01-12 09:13:14.003 | DEBUG    | algorithms.der_pp:train:166 - 35 has 125 samples
2023-01-12 09:13:14.003 | DEBUG    | algorithms.der_pp:train:166 - 47 has 125 samples
2023-01-12 09:13:14.004 | DEBUG    | algorithms.der_pp:train:166 - 18 has 125 samples
2023-01-12 09:13:14.005 | DEBUG    | algorithms.der_pp:train:166 - 22 has 125 samples
2023-01-12 09:13:14.005 | DEBUG    | algorithms.der_pp:train:166 - 58 has 125 samples
2023-01-12 09:13:14.006 | DEBUG    | algorithms.der_pp:train:166 - 77 has 125 samples
2023-01-12 09:13:14.006 | DEBUG    | algorithms.der_pp:train:166 - 63 has 125 samples
2023-01-12 09:13:14.007 | DEBUG    | algorithms.der_pp:train:166 - 93 has 125 samples
2023-01-12 09:13:14.008 | DEBUG    | algorithms.der_pp:train:166 - 40 has 125 samples
2023-01-12 09:13:14.008 | DEBUG    | algorithms.der_pp:train:166 - 27 has 125 samples
2023-01-12 09:13:14.009 | DEBUG    | algorithms.der_pp:train:166 - 91 has 125 samples
2023-01-12 09:13:14.010 | DEBUG    | algorithms.der_pp:train:166 - 13 has 125 samples
2023-01-12 09:13:14.010 | DEBUG    | algorithms.der_pp:train:166 - 83 has 125 samples
2023-01-12 09:13:14.011 | DEBUG    | algorithms.der_pp:train:166 - 73 has 125 samples
2023-01-12 09:13:14.012 | DEBUG    | algorithms.der_pp:train:166 - 10 has 125 samples
2023-01-12 09:13:14.012 | DEBUG    | algorithms.der_pp:train:166 - 49 has 125 samples
2023-01-12 09:13:14.013 | DEBUG    | algorithms.der_pp:train:166 - 65 has 125 samples
2023-01-12 09:13:14.014 | DEBUG    | algorithms.der_pp:train:166 - 80 has 125 samples
2023-01-12 09:13:14.014 | DEBUG    | algorithms.der_pp:train:166 - 11 has 125 samples
2023-01-12 09:13:14.015 | DEBUG    | algorithms.der_pp:train:166 - 6 has 125 samples
2023-01-12 09:13:14.016 | DEBUG    | algorithms.der_pp:train:166 - 41 has 125 samples
2023-01-12 09:13:14.016 | DEBUG    | algorithms.der_pp:train:166 - 20 has 125 samples
2023-01-12 09:13:14.017 | DEBUG    | algorithms.der_pp:train:166 - 66 has 125 samples
2023-01-12 09:13:14.018 | DEBUG    | algorithms.der_pp:train:166 - 43 has 125 samples
2023-01-12 09:13:14.018 | INFO     | algorithms.der_pp:train:171 - 1, loss: 6.158
2023-01-12 09:13:14.019 | INFO     | algorithms.algorithm_base:run_base_task_metrics:146 - Running metrics: Task 1
2023-01-12 09:13:18.097 | DEBUG    | algorithms.algorithm_base:run_base_task_metrics:202 - Raw classification accuracy results saved to ./output/der_pp/1673514721.6636906_CIFAR100_OFFICIAL_RUN/task_1_accuracy_results.json
2023-01-12 09:13:18.100 | INFO     | algorithms.algorithm_base:run_base_task_metrics:203 - Correctly classified 763 / 10000 samples (7.63% correct)
2023-01-12 09:13:18.480 | INFO     | algorithms.der_pp:train:88 - Task 3 / 5
2023-01-12 09:13:18.484 | INFO     | algorithms.der_pp:train:89 - Classes in task: ['worm', 'plate', 'motorcycle', 'ray', 'table', 'bear', 'streetcar', 'palm_tree', 'orchid', 'road', 'butterfly', 'wardrobe', 'mouse', 'man', 'whale', 'bottle', 'mushroom', 'pine_tree', 'pear', 'dolphin']
2023-01-12 09:13:18.485 | INFO     | algorithms.der_pp:train:96 - Starting epoch 1 / 1
2023-01-12 09:13:20.616 | INFO     | algorithms.der_pp:train:160 - 2:1:40, loss: 7.414
2023-01-12 09:13:22.695 | INFO     | algorithms.der_pp:train:160 - 2:1:80, loss: 7.038
2023-01-12 09:13:24.774 | INFO     | algorithms.der_pp:train:160 - 2:1:120, loss: 6.727
2023-01-12 09:13:26.843 | INFO     | algorithms.der_pp:train:160 - 2:1:160, loss: 6.565
2023-01-12 09:13:28.917 | INFO     | algorithms.der_pp:train:160 - 2:1:200, loss: 6.347
2023-01-12 09:13:30.998 | INFO     | algorithms.der_pp:train:160 - 2:1:240, loss: 6.326
2023-01-12 09:13:33.074 | INFO     | algorithms.der_pp:train:160 - 2:1:280, loss: 6.251
2023-01-12 09:13:35.154 | INFO     | algorithms.der_pp:train:160 - 2:1:320, loss: 6.102
2023-01-12 09:13:37.233 | INFO     | algorithms.der_pp:train:160 - 2:1:360, loss: 6.058
2023-01-12 09:13:39.317 | INFO     | algorithms.der_pp:train:160 - 2:1:400, loss: 6.153
2023-01-12 09:13:41.403 | INFO     | algorithms.der_pp:train:160 - 2:1:440, loss: 6.006
2023-01-12 09:13:43.485 | INFO     | algorithms.der_pp:train:160 - 2:1:480, loss: 5.900
2023-01-12 09:13:45.575 | INFO     | algorithms.der_pp:train:160 - 2:1:520, loss: 5.929
2023-01-12 09:13:47.661 | INFO     | algorithms.der_pp:train:160 - 2:1:560, loss: 5.792
2023-01-12 09:13:49.748 | INFO     | algorithms.der_pp:train:160 - 2:1:600, loss: 5.773
2023-01-12 09:13:51.004 | DEBUG    | algorithms.der_pp:train:163 - Current sample stats:
2023-01-12 09:13:51.005 | DEBUG    | algorithms.der_pp:train:166 - 26 has 83 samples
2023-01-12 09:13:51.006 | DEBUG    | algorithms.der_pp:train:166 - 28 has 83 samples
2023-01-12 09:13:51.006 | DEBUG    | algorithms.der_pp:train:166 - 0 has 83 samples
2023-01-12 09:13:51.007 | DEBUG    | algorithms.der_pp:train:166 - 70 has 83 samples
2023-01-12 09:13:51.008 | DEBUG    | algorithms.der_pp:train:166 - 86 has 83 samples
2023-01-12 09:13:51.008 | DEBUG    | algorithms.der_pp:train:166 - 87 has 83 samples
2023-01-12 09:13:51.009 | DEBUG    | algorithms.der_pp:train:166 - 96 has 83 samples
2023-01-12 09:13:51.010 | DEBUG    | algorithms.der_pp:train:166 - 23 has 83 samples
2023-01-12 09:13:51.010 | DEBUG    | algorithms.der_pp:train:166 - 74 has 83 samples
2023-01-12 09:13:51.011 | DEBUG    | algorithms.der_pp:train:166 - 53 has 83 samples
2023-01-12 09:13:51.012 | DEBUG    | algorithms.der_pp:train:166 - 16 has 83 samples
2023-01-12 09:13:51.012 | DEBUG    | algorithms.der_pp:train:166 - 19 has 83 samples
2023-01-12 09:13:51.013 | DEBUG    | algorithms.der_pp:train:166 - 62 has 83 samples
2023-01-12 09:13:51.014 | DEBUG    | algorithms.der_pp:train:166 - 34 has 83 samples
2023-01-12 09:13:51.014 | DEBUG    | algorithms.der_pp:train:166 - 36 has 83 samples
2023-01-12 09:13:51.015 | DEBUG    | algorithms.der_pp:train:166 - 64 has 83 samples
2023-01-12 09:13:51.016 | DEBUG    | algorithms.der_pp:train:166 - 35 has 83 samples
2023-01-12 09:13:51.016 | DEBUG    | algorithms.der_pp:train:166 - 47 has 83 samples
2023-01-12 09:13:51.017 | DEBUG    | algorithms.der_pp:train:166 - 18 has 83 samples
2023-01-12 09:13:51.018 | DEBUG    | algorithms.der_pp:train:166 - 22 has 83 samples
2023-01-12 09:13:51.019 | DEBUG    | algorithms.der_pp:train:166 - 58 has 83 samples
2023-01-12 09:13:51.019 | DEBUG    | algorithms.der_pp:train:166 - 77 has 83 samples
2023-01-12 09:13:51.020 | DEBUG    | algorithms.der_pp:train:166 - 63 has 83 samples
2023-01-12 09:13:51.021 | DEBUG    | algorithms.der_pp:train:166 - 93 has 83 samples
2023-01-12 09:13:51.021 | DEBUG    | algorithms.der_pp:train:166 - 40 has 83 samples
2023-01-12 09:13:51.022 | DEBUG    | algorithms.der_pp:train:166 - 27 has 83 samples
2023-01-12 09:13:51.023 | DEBUG    | algorithms.der_pp:train:166 - 91 has 83 samples
2023-01-12 09:13:51.024 | DEBUG    | algorithms.der_pp:train:166 - 13 has 83 samples
2023-01-12 09:13:51.024 | DEBUG    | algorithms.der_pp:train:166 - 83 has 83 samples
2023-01-12 09:13:51.025 | DEBUG    | algorithms.der_pp:train:166 - 73 has 83 samples
2023-01-12 09:13:51.026 | DEBUG    | algorithms.der_pp:train:166 - 10 has 83 samples
2023-01-12 09:13:51.026 | DEBUG    | algorithms.der_pp:train:166 - 49 has 83 samples
2023-01-12 09:13:51.027 | DEBUG    | algorithms.der_pp:train:166 - 65 has 83 samples
2023-01-12 09:13:51.028 | DEBUG    | algorithms.der_pp:train:166 - 80 has 83 samples
2023-01-12 09:13:51.028 | DEBUG    | algorithms.der_pp:train:166 - 11 has 83 samples
2023-01-12 09:13:51.029 | DEBUG    | algorithms.der_pp:train:166 - 6 has 83 samples
2023-01-12 09:13:51.030 | DEBUG    | algorithms.der_pp:train:166 - 41 has 83 samples
2023-01-12 09:13:51.030 | DEBUG    | algorithms.der_pp:train:166 - 20 has 83 samples
2023-01-12 09:13:51.031 | DEBUG    | algorithms.der_pp:train:166 - 66 has 83 samples
2023-01-12 09:13:51.032 | DEBUG    | algorithms.der_pp:train:166 - 43 has 83 samples
2023-01-12 09:13:51.033 | DEBUG    | algorithms.der_pp:train:166 - 54 has 84 samples
2023-01-12 09:13:51.033 | DEBUG    | algorithms.der_pp:train:166 - 95 has 84 samples
2023-01-12 09:13:51.034 | DEBUG    | algorithms.der_pp:train:166 - 50 has 84 samples
2023-01-12 09:13:51.035 | DEBUG    | algorithms.der_pp:train:166 - 46 has 84 samples
2023-01-12 09:13:51.035 | DEBUG    | algorithms.der_pp:train:166 - 68 has 84 samples
2023-01-12 09:13:51.036 | DEBUG    | algorithms.der_pp:train:166 - 99 has 84 samples
2023-01-12 09:13:51.037 | DEBUG    | algorithms.der_pp:train:166 - 94 has 84 samples
2023-01-12 09:13:51.038 | DEBUG    | algorithms.der_pp:train:166 - 57 has 84 samples
2023-01-12 09:13:51.038 | DEBUG    | algorithms.der_pp:train:166 - 81 has 84 samples
2023-01-12 09:13:51.039 | DEBUG    | algorithms.der_pp:train:166 - 59 has 84 samples
2023-01-12 09:13:51.040 | DEBUG    | algorithms.der_pp:train:166 - 3 has 84 samples
2023-01-12 09:13:51.040 | DEBUG    | algorithms.der_pp:train:166 - 14 has 84 samples
2023-01-12 09:13:51.041 | DEBUG    | algorithms.der_pp:train:166 - 84 has 84 samples
2023-01-12 09:13:51.042 | DEBUG    | algorithms.der_pp:train:166 - 67 has 84 samples
2023-01-12 09:13:51.043 | DEBUG    | algorithms.der_pp:train:166 - 9 has 84 samples
2023-01-12 09:13:51.043 | DEBUG    | algorithms.der_pp:train:166 - 61 has 84 samples
2023-01-12 09:13:51.044 | DEBUG    | algorithms.der_pp:train:166 - 30 has 84 samples
2023-01-12 09:13:51.045 | DEBUG    | algorithms.der_pp:train:166 - 56 has 84 samples
2023-01-12 09:13:51.045 | DEBUG    | algorithms.der_pp:train:166 - 51 has 84 samples
2023-01-12 09:13:51.046 | DEBUG    | algorithms.der_pp:train:166 - 48 has 84 samples
2023-01-12 09:13:51.047 | INFO     | algorithms.der_pp:train:171 - 1, loss: 6.269
2023-01-12 09:13:51.048 | INFO     | algorithms.algorithm_base:run_base_task_metrics:146 - Running metrics: Task 2
2023-01-12 09:13:55.095 | DEBUG    | algorithms.algorithm_base:run_base_task_metrics:202 - Raw classification accuracy results saved to ./output/der_pp/1673514721.6636906_CIFAR100_OFFICIAL_RUN/task_2_accuracy_results.json
2023-01-12 09:13:55.097 | INFO     | algorithms.algorithm_base:run_base_task_metrics:203 - Correctly classified 813 / 10000 samples (8.13% correct)
2023-01-12 09:13:55.523 | INFO     | algorithms.der_pp:train:88 - Task 4 / 5
2023-01-12 09:13:55.528 | INFO     | algorithms.der_pp:train:89 - Classes in task: ['house', 'couch', 'bridge', 'snake', 'plain', 'keyboard', 'rocket', 'chimpanzee', 'sea', 'oak_tree', 'otter', 'skunk', 'tank', 'bed', 'wolf', 'skyscraper', 'beetle', 'kangaroo', 'camel', 'woman']
2023-01-12 09:13:55.529 | INFO     | algorithms.der_pp:train:96 - Starting epoch 1 / 1
2023-01-12 09:13:57.668 | INFO     | algorithms.der_pp:train:160 - 3:1:40, loss: 7.559
2023-01-12 09:13:59.759 | INFO     | algorithms.der_pp:train:160 - 3:1:80, loss: 7.338
2023-01-12 09:14:01.850 | INFO     | algorithms.der_pp:train:160 - 3:1:120, loss: 6.974
2023-01-12 09:14:03.929 | INFO     | algorithms.der_pp:train:160 - 3:1:160, loss: 6.703
2023-01-12 09:14:06.007 | INFO     | algorithms.der_pp:train:160 - 3:1:200, loss: 6.619
2023-01-12 09:14:08.082 | INFO     | algorithms.der_pp:train:160 - 3:1:240, loss: 6.547
2023-01-12 09:14:10.162 | INFO     | algorithms.der_pp:train:160 - 3:1:280, loss: 6.496
2023-01-12 09:14:12.243 | INFO     | algorithms.der_pp:train:160 - 3:1:320, loss: 6.392
2023-01-12 09:14:14.325 | INFO     | algorithms.der_pp:train:160 - 3:1:360, loss: 6.253
2023-01-12 09:14:16.409 | INFO     | algorithms.der_pp:train:160 - 3:1:400, loss: 6.287
2023-01-12 09:14:18.494 | INFO     | algorithms.der_pp:train:160 - 3:1:440, loss: 6.278
2023-01-12 09:14:20.585 | INFO     | algorithms.der_pp:train:160 - 3:1:480, loss: 6.201
2023-01-12 09:14:22.674 | INFO     | algorithms.der_pp:train:160 - 3:1:520, loss: 6.158
2023-01-12 09:14:24.756 | INFO     | algorithms.der_pp:train:160 - 3:1:560, loss: 5.974
2023-01-12 09:14:26.847 | INFO     | algorithms.der_pp:train:160 - 3:1:600, loss: 6.066
2023-01-12 09:14:28.098 | DEBUG    | algorithms.der_pp:train:163 - Current sample stats:
2023-01-12 09:14:28.099 | DEBUG    | algorithms.der_pp:train:166 - 26 has 62 samples
2023-01-12 09:14:28.100 | DEBUG    | algorithms.der_pp:train:166 - 28 has 62 samples
2023-01-12 09:14:28.101 | DEBUG    | algorithms.der_pp:train:166 - 0 has 62 samples
2023-01-12 09:14:28.101 | DEBUG    | algorithms.der_pp:train:166 - 70 has 62 samples
2023-01-12 09:14:28.102 | DEBUG    | algorithms.der_pp:train:166 - 86 has 62 samples
2023-01-12 09:14:28.103 | DEBUG    | algorithms.der_pp:train:166 - 87 has 62 samples
2023-01-12 09:14:28.103 | DEBUG    | algorithms.der_pp:train:166 - 96 has 62 samples
2023-01-12 09:14:28.104 | DEBUG    | algorithms.der_pp:train:166 - 23 has 62 samples
2023-01-12 09:14:28.105 | DEBUG    | algorithms.der_pp:train:166 - 74 has 62 samples
2023-01-12 09:14:28.105 | DEBUG    | algorithms.der_pp:train:166 - 53 has 62 samples
2023-01-12 09:14:28.106 | DEBUG    | algorithms.der_pp:train:166 - 16 has 62 samples
2023-01-12 09:14:28.107 | DEBUG    | algorithms.der_pp:train:166 - 19 has 62 samples
2023-01-12 09:14:28.107 | DEBUG    | algorithms.der_pp:train:166 - 62 has 62 samples
2023-01-12 09:14:28.108 | DEBUG    | algorithms.der_pp:train:166 - 34 has 62 samples
2023-01-12 09:14:28.109 | DEBUG    | algorithms.der_pp:train:166 - 36 has 62 samples
2023-01-12 09:14:28.109 | DEBUG    | algorithms.der_pp:train:166 - 64 has 62 samples
2023-01-12 09:14:28.110 | DEBUG    | algorithms.der_pp:train:166 - 35 has 62 samples
2023-01-12 09:14:28.111 | DEBUG    | algorithms.der_pp:train:166 - 47 has 62 samples
2023-01-12 09:14:28.111 | DEBUG    | algorithms.der_pp:train:166 - 18 has 62 samples
2023-01-12 09:14:28.112 | DEBUG    | algorithms.der_pp:train:166 - 22 has 62 samples
2023-01-12 09:14:28.113 | DEBUG    | algorithms.der_pp:train:166 - 58 has 62 samples
2023-01-12 09:14:28.113 | DEBUG    | algorithms.der_pp:train:166 - 77 has 62 samples
2023-01-12 09:14:28.114 | DEBUG    | algorithms.der_pp:train:166 - 63 has 62 samples
2023-01-12 09:14:28.115 | DEBUG    | algorithms.der_pp:train:166 - 93 has 62 samples
2023-01-12 09:14:28.115 | DEBUG    | algorithms.der_pp:train:166 - 40 has 62 samples
2023-01-12 09:14:28.116 | DEBUG    | algorithms.der_pp:train:166 - 27 has 62 samples
2023-01-12 09:14:28.117 | DEBUG    | algorithms.der_pp:train:166 - 91 has 62 samples
2023-01-12 09:14:28.117 | DEBUG    | algorithms.der_pp:train:166 - 13 has 62 samples
2023-01-12 09:14:28.118 | DEBUG    | algorithms.der_pp:train:166 - 83 has 62 samples
2023-01-12 09:14:28.119 | DEBUG    | algorithms.der_pp:train:166 - 73 has 62 samples
2023-01-12 09:14:28.119 | DEBUG    | algorithms.der_pp:train:166 - 10 has 62 samples
2023-01-12 09:14:28.120 | DEBUG    | algorithms.der_pp:train:166 - 49 has 62 samples
2023-01-12 09:14:28.121 | DEBUG    | algorithms.der_pp:train:166 - 65 has 62 samples
2023-01-12 09:14:28.121 | DEBUG    | algorithms.der_pp:train:166 - 80 has 62 samples
2023-01-12 09:14:28.122 | DEBUG    | algorithms.der_pp:train:166 - 11 has 62 samples
2023-01-12 09:14:28.123 | DEBUG    | algorithms.der_pp:train:166 - 6 has 62 samples
2023-01-12 09:14:28.123 | DEBUG    | algorithms.der_pp:train:166 - 41 has 62 samples
2023-01-12 09:14:28.124 | DEBUG    | algorithms.der_pp:train:166 - 20 has 62 samples
2023-01-12 09:14:28.125 | DEBUG    | algorithms.der_pp:train:166 - 66 has 62 samples
2023-01-12 09:14:28.125 | DEBUG    | algorithms.der_pp:train:166 - 43 has 62 samples
2023-01-12 09:14:28.126 | DEBUG    | algorithms.der_pp:train:166 - 54 has 63 samples
2023-01-12 09:14:28.127 | DEBUG    | algorithms.der_pp:train:166 - 95 has 63 samples
2023-01-12 09:14:28.127 | DEBUG    | algorithms.der_pp:train:166 - 50 has 63 samples
2023-01-12 09:14:28.128 | DEBUG    | algorithms.der_pp:train:166 - 46 has 63 samples
2023-01-12 09:14:28.129 | DEBUG    | algorithms.der_pp:train:166 - 68 has 63 samples
2023-01-12 09:14:28.129 | DEBUG    | algorithms.der_pp:train:166 - 99 has 63 samples
2023-01-12 09:14:28.130 | DEBUG    | algorithms.der_pp:train:166 - 94 has 63 samples
2023-01-12 09:14:28.131 | DEBUG    | algorithms.der_pp:train:166 - 57 has 63 samples
2023-01-12 09:14:28.132 | DEBUG    | algorithms.der_pp:train:166 - 81 has 63 samples
2023-01-12 09:14:28.132 | DEBUG    | algorithms.der_pp:train:166 - 59 has 63 samples
2023-01-12 09:14:28.133 | DEBUG    | algorithms.der_pp:train:166 - 3 has 63 samples
2023-01-12 09:14:28.134 | DEBUG    | algorithms.der_pp:train:166 - 14 has 63 samples
2023-01-12 09:14:28.134 | DEBUG    | algorithms.der_pp:train:166 - 84 has 63 samples
2023-01-12 09:14:28.135 | DEBUG    | algorithms.der_pp:train:166 - 67 has 63 samples
2023-01-12 09:14:28.136 | DEBUG    | algorithms.der_pp:train:166 - 9 has 63 samples
2023-01-12 09:14:28.137 | DEBUG    | algorithms.der_pp:train:166 - 61 has 63 samples
2023-01-12 09:14:28.137 | DEBUG    | algorithms.der_pp:train:166 - 30 has 63 samples
2023-01-12 09:14:28.138 | DEBUG    | algorithms.der_pp:train:166 - 56 has 63 samples
2023-01-12 09:14:28.139 | DEBUG    | algorithms.der_pp:train:166 - 51 has 63 samples
2023-01-12 09:14:28.139 | DEBUG    | algorithms.der_pp:train:166 - 48 has 63 samples
2023-01-12 09:14:28.140 | DEBUG    | algorithms.der_pp:train:166 - 12 has 63 samples
2023-01-12 09:14:28.141 | DEBUG    | algorithms.der_pp:train:166 - 25 has 63 samples
2023-01-12 09:14:28.142 | DEBUG    | algorithms.der_pp:train:166 - 76 has 63 samples
2023-01-12 09:14:28.142 | DEBUG    | algorithms.der_pp:train:166 - 97 has 63 samples
2023-01-12 09:14:28.143 | DEBUG    | algorithms.der_pp:train:166 - 71 has 63 samples
2023-01-12 09:14:28.144 | DEBUG    | algorithms.der_pp:train:166 - 69 has 63 samples
2023-01-12 09:14:28.144 | DEBUG    | algorithms.der_pp:train:166 - 75 has 63 samples
2023-01-12 09:14:28.145 | DEBUG    | algorithms.der_pp:train:166 - 21 has 63 samples
2023-01-12 09:14:28.146 | DEBUG    | algorithms.der_pp:train:166 - 78 has 63 samples
2023-01-12 09:14:28.147 | DEBUG    | algorithms.der_pp:train:166 - 55 has 63 samples
2023-01-12 09:14:28.147 | DEBUG    | algorithms.der_pp:train:166 - 38 has 63 samples
2023-01-12 09:14:28.148 | DEBUG    | algorithms.der_pp:train:166 - 52 has 63 samples
2023-01-12 09:14:28.149 | DEBUG    | algorithms.der_pp:train:166 - 60 has 63 samples
2023-01-12 09:14:28.150 | DEBUG    | algorithms.der_pp:train:166 - 39 has 63 samples
2023-01-12 09:14:28.150 | DEBUG    | algorithms.der_pp:train:166 - 85 has 63 samples
2023-01-12 09:14:28.151 | DEBUG    | algorithms.der_pp:train:166 - 98 has 63 samples
2023-01-12 09:14:28.152 | DEBUG    | algorithms.der_pp:train:166 - 7 has 63 samples
2023-01-12 09:14:28.152 | DEBUG    | algorithms.der_pp:train:166 - 37 has 63 samples
2023-01-12 09:14:28.153 | DEBUG    | algorithms.der_pp:train:166 - 15 has 63 samples
2023-01-12 09:14:28.154 | DEBUG    | algorithms.der_pp:train:166 - 5 has 63 samples
2023-01-12 09:14:28.155 | INFO     | algorithms.der_pp:train:171 - 1, loss: 6.501
2023-01-12 09:14:28.155 | INFO     | algorithms.algorithm_base:run_base_task_metrics:146 - Running metrics: Task 3
2023-01-12 09:14:32.225 | DEBUG    | algorithms.algorithm_base:run_base_task_metrics:202 - Raw classification accuracy results saved to ./output/der_pp/1673514721.6636906_CIFAR100_OFFICIAL_RUN/task_3_accuracy_results.json
2023-01-12 09:14:32.227 | INFO     | algorithms.algorithm_base:run_base_task_metrics:203 - Correctly classified 1063 / 10000 samples (10.63% correct)
2023-01-12 09:14:32.602 | INFO     | algorithms.der_pp:train:88 - Task 5 / 5
2023-01-12 09:14:32.608 | INFO     | algorithms.der_pp:train:89 - Classes in task: ['lizard', 'tulip', 'spider', 'forest', 'dinosaur', 'castle', 'bicycle', 'flatfish', 'lobster', 'train', 'baby', 'tiger', 'cockroach', 'leopard', 'elephant', 'tractor', 'sunflower', 'aquarium_fish', 'beaver', 'seal']
2023-01-12 09:14:32.609 | INFO     | algorithms.der_pp:train:96 - Starting epoch 1 / 1
2023-01-12 09:14:34.753 | INFO     | algorithms.der_pp:train:160 - 4:1:40, loss: 7.783
2023-01-12 09:14:36.853 | INFO     | algorithms.der_pp:train:160 - 4:1:80, loss: 7.178
2023-01-12 09:14:38.944 | INFO     | algorithms.der_pp:train:160 - 4:1:120, loss: 7.043
2023-01-12 09:14:41.032 | INFO     | algorithms.der_pp:train:160 - 4:1:160, loss: 6.834
2023-01-12 09:14:43.107 | INFO     | algorithms.der_pp:train:160 - 4:1:200, loss: 6.773
2023-01-12 09:14:45.196 | INFO     | algorithms.der_pp:train:160 - 4:1:240, loss: 6.619
2023-01-12 09:14:47.280 | INFO     | algorithms.der_pp:train:160 - 4:1:280, loss: 6.687
2023-01-12 09:14:49.368 | INFO     | algorithms.der_pp:train:160 - 4:1:320, loss: 6.529
2023-01-12 09:14:51.030 | WARNING  | algorithms.buffers:add_sample:156 - Duplicate hash: -2109686756655065955
2023-01-12 09:14:51.468 | INFO     | algorithms.der_pp:train:160 - 4:1:360, loss: 6.479
2023-01-12 09:14:53.555 | INFO     | algorithms.der_pp:train:160 - 4:1:400, loss: 6.318
2023-01-12 09:14:55.649 | INFO     | algorithms.der_pp:train:160 - 4:1:440, loss: 6.273
2023-01-12 09:14:57.737 | INFO     | algorithms.der_pp:train:160 - 4:1:480, loss: 6.271
2023-01-12 09:14:59.828 | INFO     | algorithms.der_pp:train:160 - 4:1:520, loss: 6.257
2023-01-12 09:15:01.922 | INFO     | algorithms.der_pp:train:160 - 4:1:560, loss: 6.311
2023-01-12 09:15:04.005 | INFO     | algorithms.der_pp:train:160 - 4:1:600, loss: 6.050
2023-01-12 09:15:05.259 | DEBUG    | algorithms.der_pp:train:163 - Current sample stats:
2023-01-12 09:15:05.260 | DEBUG    | algorithms.der_pp:train:166 - 26 has 50 samples
2023-01-12 09:15:05.261 | DEBUG    | algorithms.der_pp:train:166 - 28 has 50 samples
2023-01-12 09:15:05.261 | DEBUG    | algorithms.der_pp:train:166 - 0 has 50 samples
2023-01-12 09:15:05.262 | DEBUG    | algorithms.der_pp:train:166 - 70 has 50 samples
2023-01-12 09:15:05.263 | DEBUG    | algorithms.der_pp:train:166 - 86 has 50 samples
2023-01-12 09:15:05.263 | DEBUG    | algorithms.der_pp:train:166 - 87 has 50 samples
2023-01-12 09:15:05.264 | DEBUG    | algorithms.der_pp:train:166 - 96 has 50 samples
2023-01-12 09:15:05.265 | DEBUG    | algorithms.der_pp:train:166 - 23 has 50 samples
2023-01-12 09:15:05.265 | DEBUG    | algorithms.der_pp:train:166 - 74 has 50 samples
2023-01-12 09:15:05.266 | DEBUG    | algorithms.der_pp:train:166 - 53 has 50 samples
2023-01-12 09:15:05.267 | DEBUG    | algorithms.der_pp:train:166 - 16 has 50 samples
2023-01-12 09:15:05.267 | DEBUG    | algorithms.der_pp:train:166 - 19 has 50 samples
2023-01-12 09:15:05.268 | DEBUG    | algorithms.der_pp:train:166 - 62 has 50 samples
2023-01-12 09:15:05.269 | DEBUG    | algorithms.der_pp:train:166 - 34 has 50 samples
2023-01-12 09:15:05.270 | DEBUG    | algorithms.der_pp:train:166 - 36 has 50 samples
2023-01-12 09:15:05.270 | DEBUG    | algorithms.der_pp:train:166 - 64 has 50 samples
2023-01-12 09:15:05.271 | DEBUG    | algorithms.der_pp:train:166 - 35 has 50 samples
2023-01-12 09:15:05.272 | DEBUG    | algorithms.der_pp:train:166 - 47 has 50 samples
2023-01-12 09:15:05.273 | DEBUG    | algorithms.der_pp:train:166 - 18 has 50 samples
2023-01-12 09:15:05.274 | DEBUG    | algorithms.der_pp:train:166 - 22 has 50 samples
2023-01-12 09:15:05.274 | DEBUG    | algorithms.der_pp:train:166 - 58 has 50 samples
2023-01-12 09:15:05.275 | DEBUG    | algorithms.der_pp:train:166 - 77 has 50 samples
2023-01-12 09:15:05.276 | DEBUG    | algorithms.der_pp:train:166 - 63 has 50 samples
2023-01-12 09:15:05.276 | DEBUG    | algorithms.der_pp:train:166 - 93 has 50 samples
2023-01-12 09:15:05.277 | DEBUG    | algorithms.der_pp:train:166 - 40 has 50 samples
2023-01-12 09:15:05.277 | DEBUG    | algorithms.der_pp:train:166 - 27 has 50 samples
2023-01-12 09:15:05.278 | DEBUG    | algorithms.der_pp:train:166 - 91 has 50 samples
2023-01-12 09:15:05.279 | DEBUG    | algorithms.der_pp:train:166 - 13 has 50 samples
2023-01-12 09:15:05.279 | DEBUG    | algorithms.der_pp:train:166 - 83 has 50 samples
2023-01-12 09:15:05.280 | DEBUG    | algorithms.der_pp:train:166 - 73 has 50 samples
2023-01-12 09:15:05.281 | DEBUG    | algorithms.der_pp:train:166 - 10 has 50 samples
2023-01-12 09:15:05.281 | DEBUG    | algorithms.der_pp:train:166 - 49 has 50 samples
2023-01-12 09:15:05.282 | DEBUG    | algorithms.der_pp:train:166 - 65 has 50 samples
2023-01-12 09:15:05.283 | DEBUG    | algorithms.der_pp:train:166 - 80 has 50 samples
2023-01-12 09:15:05.284 | DEBUG    | algorithms.der_pp:train:166 - 11 has 50 samples
2023-01-12 09:15:05.284 | DEBUG    | algorithms.der_pp:train:166 - 6 has 50 samples
2023-01-12 09:15:05.285 | DEBUG    | algorithms.der_pp:train:166 - 41 has 50 samples
2023-01-12 09:15:05.286 | DEBUG    | algorithms.der_pp:train:166 - 20 has 50 samples
2023-01-12 09:15:05.286 | DEBUG    | algorithms.der_pp:train:166 - 66 has 50 samples
2023-01-12 09:15:05.287 | DEBUG    | algorithms.der_pp:train:166 - 43 has 50 samples
2023-01-12 09:15:05.287 | DEBUG    | algorithms.der_pp:train:166 - 54 has 50 samples
2023-01-12 09:15:05.288 | DEBUG    | algorithms.der_pp:train:166 - 95 has 50 samples
2023-01-12 09:15:05.289 | DEBUG    | algorithms.der_pp:train:166 - 50 has 50 samples
2023-01-12 09:15:05.290 | DEBUG    | algorithms.der_pp:train:166 - 46 has 50 samples
2023-01-12 09:15:05.290 | DEBUG    | algorithms.der_pp:train:166 - 68 has 50 samples
2023-01-12 09:15:05.291 | DEBUG    | algorithms.der_pp:train:166 - 99 has 50 samples
2023-01-12 09:15:05.292 | DEBUG    | algorithms.der_pp:train:166 - 94 has 50 samples
2023-01-12 09:15:05.292 | DEBUG    | algorithms.der_pp:train:166 - 57 has 50 samples
2023-01-12 09:15:05.293 | DEBUG    | algorithms.der_pp:train:166 - 81 has 50 samples
2023-01-12 09:15:05.294 | DEBUG    | algorithms.der_pp:train:166 - 59 has 50 samples
2023-01-12 09:15:05.294 | DEBUG    | algorithms.der_pp:train:166 - 3 has 50 samples
2023-01-12 09:15:05.295 | DEBUG    | algorithms.der_pp:train:166 - 14 has 50 samples
2023-01-12 09:15:05.296 | DEBUG    | algorithms.der_pp:train:166 - 84 has 50 samples
2023-01-12 09:15:05.296 | DEBUG    | algorithms.der_pp:train:166 - 67 has 50 samples
2023-01-12 09:15:05.297 | DEBUG    | algorithms.der_pp:train:166 - 9 has 50 samples
2023-01-12 09:15:05.298 | DEBUG    | algorithms.der_pp:train:166 - 61 has 50 samples
2023-01-12 09:15:05.298 | DEBUG    | algorithms.der_pp:train:166 - 30 has 50 samples
2023-01-12 09:15:05.299 | DEBUG    | algorithms.der_pp:train:166 - 56 has 50 samples
2023-01-12 09:15:05.300 | DEBUG    | algorithms.der_pp:train:166 - 51 has 50 samples
2023-01-12 09:15:05.300 | DEBUG    | algorithms.der_pp:train:166 - 48 has 50 samples
2023-01-12 09:15:05.301 | DEBUG    | algorithms.der_pp:train:166 - 12 has 50 samples
2023-01-12 09:15:05.302 | DEBUG    | algorithms.der_pp:train:166 - 25 has 50 samples
2023-01-12 09:15:05.302 | DEBUG    | algorithms.der_pp:train:166 - 76 has 50 samples
2023-01-12 09:15:05.303 | DEBUG    | algorithms.der_pp:train:166 - 97 has 50 samples
2023-01-12 09:15:05.304 | DEBUG    | algorithms.der_pp:train:166 - 71 has 50 samples
2023-01-12 09:15:05.304 | DEBUG    | algorithms.der_pp:train:166 - 69 has 50 samples
2023-01-12 09:15:05.305 | DEBUG    | algorithms.der_pp:train:166 - 75 has 50 samples
2023-01-12 09:15:05.305 | DEBUG    | algorithms.der_pp:train:166 - 21 has 50 samples
2023-01-12 09:15:05.306 | DEBUG    | algorithms.der_pp:train:166 - 78 has 50 samples
2023-01-12 09:15:05.307 | DEBUG    | algorithms.der_pp:train:166 - 55 has 50 samples
2023-01-12 09:15:05.308 | DEBUG    | algorithms.der_pp:train:166 - 38 has 50 samples
2023-01-12 09:15:05.308 | DEBUG    | algorithms.der_pp:train:166 - 52 has 50 samples
2023-01-12 09:15:05.309 | DEBUG    | algorithms.der_pp:train:166 - 60 has 50 samples
2023-01-12 09:15:05.310 | DEBUG    | algorithms.der_pp:train:166 - 39 has 50 samples
2023-01-12 09:15:05.310 | DEBUG    | algorithms.der_pp:train:166 - 85 has 50 samples
2023-01-12 09:15:05.311 | DEBUG    | algorithms.der_pp:train:166 - 98 has 50 samples
2023-01-12 09:15:05.312 | DEBUG    | algorithms.der_pp:train:166 - 7 has 50 samples
2023-01-12 09:15:05.312 | DEBUG    | algorithms.der_pp:train:166 - 37 has 50 samples
2023-01-12 09:15:05.313 | DEBUG    | algorithms.der_pp:train:166 - 15 has 50 samples
2023-01-12 09:15:05.314 | DEBUG    | algorithms.der_pp:train:166 - 5 has 50 samples
2023-01-12 09:15:05.315 | DEBUG    | algorithms.der_pp:train:166 - 88 has 50 samples
2023-01-12 09:15:05.315 | DEBUG    | algorithms.der_pp:train:166 - 17 has 50 samples
2023-01-12 09:15:05.316 | DEBUG    | algorithms.der_pp:train:166 - 24 has 50 samples
2023-01-12 09:15:05.317 | DEBUG    | algorithms.der_pp:train:166 - 44 has 50 samples
2023-01-12 09:15:05.318 | DEBUG    | algorithms.der_pp:train:166 - 31 has 50 samples
2023-01-12 09:15:05.318 | DEBUG    | algorithms.der_pp:train:166 - 82 has 50 samples
2023-01-12 09:15:05.319 | DEBUG    | algorithms.der_pp:train:166 - 92 has 50 samples
2023-01-12 09:15:05.320 | DEBUG    | algorithms.der_pp:train:166 - 90 has 50 samples
2023-01-12 09:15:05.320 | DEBUG    | algorithms.der_pp:train:166 - 8 has 50 samples
2023-01-12 09:15:05.321 | DEBUG    | algorithms.der_pp:train:166 - 4 has 50 samples
2023-01-12 09:15:05.322 | DEBUG    | algorithms.der_pp:train:166 - 1 has 50 samples
2023-01-12 09:15:05.323 | DEBUG    | algorithms.der_pp:train:166 - 72 has 50 samples
2023-01-12 09:15:05.323 | DEBUG    | algorithms.der_pp:train:166 - 42 has 50 samples
2023-01-12 09:15:05.324 | DEBUG    | algorithms.der_pp:train:166 - 32 has 50 samples
2023-01-12 09:15:05.325 | DEBUG    | algorithms.der_pp:train:166 - 45 has 50 samples
2023-01-12 09:15:05.325 | DEBUG    | algorithms.der_pp:train:166 - 2 has 50 samples
2023-01-12 09:15:05.326 | DEBUG    | algorithms.der_pp:train:166 - 33 has 50 samples
2023-01-12 09:15:05.327 | DEBUG    | algorithms.der_pp:train:166 - 29 has 50 samples
2023-01-12 09:15:05.328 | DEBUG    | algorithms.der_pp:train:166 - 89 has 50 samples
2023-01-12 09:15:05.328 | DEBUG    | algorithms.der_pp:train:166 - 79 has 50 samples
2023-01-12 09:15:05.329 | INFO     | algorithms.der_pp:train:171 - 1, loss: 6.610
2023-01-12 09:15:05.330 | INFO     | algorithms.algorithm_base:run_base_task_metrics:146 - Running metrics: Task 4
2023-01-12 09:15:09.365 | DEBUG    | algorithms.algorithm_base:run_base_task_metrics:202 - Raw classification accuracy results saved to ./output/der_pp/1673514721.6636906_CIFAR100_OFFICIAL_RUN/task_4_accuracy_results.json
2023-01-12 09:15:09.367 | INFO     | algorithms.algorithm_base:run_base_task_metrics:203 - Correctly classified 1100 / 10000 samples (11.00% correct)
2023-01-12 09:15:09.742 | INFO     | algorithms.der_pp:train:179 - Training complete
2023-01-12 09:15:09.748 | INFO     | __main__:run_experiment:253 - Training and evaluation completed!
2023-01-12 09:15:09.749 | INFO     | __main__:run_experiment:267 - Wrote usage stats to file
2023-01-12 09:15:09.750 | INFO     | __main__:main:307 - Complete
2023-01-12 09:15:09.751 | INFO     | __main__:close_tensorboard_writer:215 - Shut down TensorBoard
