2023-02-11 21:45:04.966 | INFO     | __main__:setup_files:208 - Experiment Name: OFFICIAL_RUN
2023-02-11 21:45:04.968 | INFO     | __main__:main:322 - Command line arguments: Configuration(algorithm='derpp', dataset='cifar100', classes_per_task=20, seed=9767, samples=2000)
2023-02-11 21:45:04.970 | INFO     | __main__:main:326 - Seeded random to 9767
2023-02-11 21:45:04.970 | INFO     | __main__:main:330 - Got CUDA device
2023-02-11 21:45:04.971 | INFO     | __main__:force_cuda_load:258 - Forcing CUDA initialisation...
2023-02-11 21:45:05.028 | INFO     | __main__:main:334 - CUDA initialised
2023-02-11 21:45:05.029 | INFO     | __main__:setup_shutdown_hook:254 - To access TensorBoard, run the command: tensorboard --logdir=./output_cifar100_varied_sampling/der_pp/1676151904.9626184_CIFAR100_OFFICIAL_RUN
2023-02-11 21:45:05.031 | INFO     | __main__:main:338 - Setup shutdown hooks
2023-02-11 21:45:05.058 | INFO     | __main__:main:343 - Model is setup
2023-02-11 21:45:05.060 | INFO     | __main__:main:345 - Complete pre-setup, starting experiment
2023-02-11 21:45:06.238 | INFO     | datasets.dataset_base:__init__:80 - Using disjoint tasks with 20 (5 tasks) with a randomised split
2023-02-11 21:45:06.240 | DEBUG    | datasets.dataset_base:_setup_task_datasets:95 - Splitting dataset into 5 disjoint tasks
2023-02-11 21:45:06.260 | INFO     | datasets.dataset_base:__init__:85 - {
  "name": "datasets.cifar100.CIFAR100",
  "dataset_class": "torchvision.datasets.cifar.CIFAR100",
  "training_dataset_parameters": "{'train': True, 'download': True}",
  "testing_dataset_parameters": "{'train': False, 'download': True}",
  "training_transform": "Compose(\n    Resize(size=(32, 32), interpolation=bilinear, max_size=None, antialias=None)\n    ToTensor()\n    Normalize(mean=(0.5071, 0.4867, 0.4408), std=(0.2675, 0.2565, 0.2761))\n    RandomCrop(size=(32, 32), padding=4)\n    RandomHorizontalFlip(p=0.5)\n)",
  "testing_transform": "Compose(\n    Resize(size=(32, 32), interpolation=bilinear, max_size=None, antialias=None)\n    ToTensor()\n    Normalize(mean=(0.5071, 0.4867, 0.4408), std=(0.2675, 0.2565, 0.2761))\n)",
  "classes": "apple, aquarium_fish, baby, bear, beaver, bed, bee, beetle, bicycle, bottle, bowl, boy, bridge, bus, butterfly, camel, can, castle, caterpillar, cattle, chair, chimpanzee, clock, cloud, cockroach, couch, crab, crocodile, cup, dinosaur, dolphin, elephant, flatfish, forest, fox, girl, hamster, house, kangaroo, keyboard, lamp, lawn_mower, leopard, lion, lizard, lobster, man, maple_tree, motorcycle, mountain, mouse, mushroom, oak_tree, orange, orchid, otter, palm_tree, pear, pickup_truck, pine_tree, plain, plate, poppy, porcupine, possum, rabbit, raccoon, ray, road, rocket, rose, sea, seal, shark, shrew, skunk, skyscraper, snail, snake, spider, squirrel, streetcar, sunflower, sweet_pepper, table, tank, telephone, television, tiger, tractor, train, trout, tulip, turtle, wardrobe, whale, willow_tree, wolf, woman, worm",
  "disjoint": true,
  "task_count": 5,
  "classes_per_task": [
    20
  ],
  "task_split_indices": [
    [
      19,
      40,
      58,
      57,
      95,
      53,
      77,
      30,
      89,
      71,
      12,
      67,
      41,
      4,
      2,
      3,
      17,
      28,
      51,
      55
    ],
    [
      65,
      76,
      84,
      98,
      45,
      25,
      7,
      47,
      70,
      99,
      21,
      72,
      85,
      60,
      6,
      74,
      96,
      50,
      49,
      80
    ],
    [
      38,
      93,
      29,
      36,
      8,
      48,
      5,
      73,
      37,
      20,
      94,
      15,
      23,
      75,
      16,
      90,
      54,
      10,
      39,
      78
    ],
    [
      61,
      9,
      11,
      44,
      87,
      0,
      97,
      18,
      14,
      59,
      69,
      62,
      92,
      26,
      64,
      63,
      81,
      22,
      82,
      43
    ],
    [
      1,
      27,
      13,
      86,
      34,
      88,
      42,
      35,
      52,
      32,
      79,
      33,
      56,
      46,
      24,
      31,
      91,
      66,
      68,
      83
    ]
  ],
  "task_split_classes": [
    [
      "cattle",
      "lamp",
      "pickup_truck",
      "pear",
      "whale",
      "orange",
      "snail",
      "dolphin",
      "tractor",
      "sea",
      "bridge",
      "ray",
      "lawn_mower",
      "beaver",
      "baby",
      "bear",
      "castle",
      "cup",
      "mushroom",
      "otter"
    ],
    [
      "rabbit",
      "skyscraper",
      "table",
      "woman",
      "lobster",
      "couch",
      "beetle",
      "maple_tree",
      "rose",
      "worm",
      "chimpanzee",
      "seal",
      "tank",
      "plain",
      "bee",
      "shrew",
      "willow_tree",
      "mouse",
      "mountain",
      "squirrel"
    ],
    [
      "kangaroo",
      "turtle",
      "dinosaur",
      "hamster",
      "bicycle",
      "motorcycle",
      "bed",
      "shark",
      "house",
      "chair",
      "wardrobe",
      "camel",
      "cloud",
      "skunk",
      "can",
      "train",
      "orchid",
      "bowl",
      "keyboard",
      "snake"
    ],
    [
      "plate",
      "bottle",
      "boy",
      "lizard",
      "television",
      "apple",
      "wolf",
      "caterpillar",
      "butterfly",
      "pine_tree",
      "rocket",
      "poppy",
      "tulip",
      "crab",
      "possum",
      "porcupine",
      "streetcar",
      "clock",
      "sunflower",
      "lion"
    ],
    [
      "aquarium_fish",
      "crocodile",
      "bus",
      "telephone",
      "fox",
      "tiger",
      "leopard",
      "girl",
      "oak_tree",
      "flatfish",
      "spider",
      "forest",
      "palm_tree",
      "man",
      "cockroach",
      "elephant",
      "trout",
      "raccoon",
      "road",
      "sweet_pepper"
    ]
  ]
}
2023-02-11 21:45:06.266 | DEBUG    | __main__:run_experiment:282 - PID: 28048
2023-02-11 21:45:06.268 | INFO     | __main__:run_experiment:284 - Starting...
2023-02-11 21:45:06.268 | INFO     | algorithms.algorithm_base:train:116 - {
  "name": "algorithms.der_pp.DarkExperiencePlusPlus",
  "model_class": "models.cifar.resnet.ResNet",
  "device": "cuda:0",
  "dataset_class": "datasets.cifar100.CIFAR100",
  "optimiser_class": "torch.optim.sgd.SGD",
  "loss_criterion_class": "torch.nn.modules.loss.CrossEntropyLoss",
  "epochs_per_task": 1,
  "batch_size": 16,
  "max_memory_samples": 2000,
  "alpha": 0.5,
  "beta": 0.5
}
2023-02-11 21:45:06.271 | DEBUG    | algorithms.algorithm_base:_setup_training:109 - Model moved to cuda:0 and set to train mode
2023-02-11 21:45:06.271 | INFO     | algorithms.algorithm_base:train:118 - Starting training
2023-02-11 21:45:06.272 | INFO     | algorithms.der_pp:train:86 - Task 1 / 5
2023-02-11 21:45:06.273 | INFO     | algorithms.der_pp:train:87 - Classes in task: ['cattle', 'lamp', 'pickup_truck', 'pear', 'whale', 'orange', 'snail', 'dolphin', 'tractor', 'sea', 'bridge', 'ray', 'lawn_mower', 'beaver', 'baby', 'bear', 'castle', 'cup', 'mushroom', 'otter']
2023-02-11 21:45:06.274 | INFO     | algorithms.der_pp:train:95 - Starting epoch 1 / 1
2023-02-11 21:45:10.262 | INFO     | algorithms.der_pp:train:159 - 0:1:40, loss: 7.349
2023-02-11 21:45:12.308 | INFO     | algorithms.der_pp:train:159 - 0:1:80, loss: 6.922
2023-02-11 21:45:14.382 | INFO     | algorithms.der_pp:train:159 - 0:1:120, loss: 6.503
2023-02-11 21:45:16.471 | INFO     | algorithms.der_pp:train:159 - 0:1:160, loss: 6.197
2023-02-11 21:45:18.560 | INFO     | algorithms.der_pp:train:159 - 0:1:200, loss: 6.058
2023-02-11 21:45:20.648 | INFO     | algorithms.der_pp:train:159 - 0:1:240, loss: 6.005
2023-02-11 21:45:22.736 | INFO     | algorithms.der_pp:train:159 - 0:1:280, loss: 5.843
2023-02-11 21:45:24.826 | INFO     | algorithms.der_pp:train:159 - 0:1:320, loss: 5.763
2023-02-11 21:45:26.917 | INFO     | algorithms.der_pp:train:159 - 0:1:360, loss: 5.748
2023-02-11 21:45:29.009 | INFO     | algorithms.der_pp:train:159 - 0:1:400, loss: 5.416
2023-02-11 21:45:31.098 | INFO     | algorithms.der_pp:train:159 - 0:1:440, loss: 5.292
2023-02-11 21:45:33.192 | INFO     | algorithms.der_pp:train:159 - 0:1:480, loss: 5.370
2023-02-11 21:45:35.288 | INFO     | algorithms.der_pp:train:159 - 0:1:520, loss: 5.171
2023-02-11 21:45:37.384 | INFO     | algorithms.der_pp:train:159 - 0:1:560, loss: 5.086
2023-02-11 21:45:39.488 | INFO     | algorithms.der_pp:train:159 - 0:1:600, loss: 5.094
2023-02-11 21:45:40.750 | DEBUG    | algorithms.der_pp:train:162 - Current sample stats:
2023-02-11 21:45:40.751 | DEBUG    | algorithms.der_pp:train:165 - 67 has 100 samples
2023-02-11 21:45:40.752 | DEBUG    | algorithms.der_pp:train:165 - 28 has 100 samples
2023-02-11 21:45:40.752 | DEBUG    | algorithms.der_pp:train:165 - 55 has 100 samples
2023-02-11 21:45:40.753 | DEBUG    | algorithms.der_pp:train:165 - 57 has 100 samples
2023-02-11 21:45:40.754 | DEBUG    | algorithms.der_pp:train:165 - 17 has 100 samples
2023-02-11 21:45:40.754 | DEBUG    | algorithms.der_pp:train:165 - 58 has 100 samples
2023-02-11 21:45:40.755 | DEBUG    | algorithms.der_pp:train:165 - 41 has 100 samples
2023-02-11 21:45:40.756 | DEBUG    | algorithms.der_pp:train:165 - 40 has 100 samples
2023-02-11 21:45:40.756 | DEBUG    | algorithms.der_pp:train:165 - 4 has 100 samples
2023-02-11 21:45:40.757 | DEBUG    | algorithms.der_pp:train:165 - 71 has 100 samples
2023-02-11 21:45:40.758 | DEBUG    | algorithms.der_pp:train:165 - 19 has 100 samples
2023-02-11 21:45:40.758 | DEBUG    | algorithms.der_pp:train:165 - 53 has 100 samples
2023-02-11 21:45:40.759 | DEBUG    | algorithms.der_pp:train:165 - 95 has 100 samples
2023-02-11 21:45:40.760 | DEBUG    | algorithms.der_pp:train:165 - 2 has 100 samples
2023-02-11 21:45:40.760 | DEBUG    | algorithms.der_pp:train:165 - 30 has 100 samples
2023-02-11 21:45:40.761 | DEBUG    | algorithms.der_pp:train:165 - 51 has 100 samples
2023-02-11 21:45:40.762 | DEBUG    | algorithms.der_pp:train:165 - 12 has 100 samples
2023-02-11 21:45:40.762 | DEBUG    | algorithms.der_pp:train:165 - 77 has 100 samples
2023-02-11 21:45:40.763 | DEBUG    | algorithms.der_pp:train:165 - 89 has 100 samples
2023-02-11 21:45:40.764 | DEBUG    | algorithms.der_pp:train:165 - 3 has 100 samples
2023-02-11 21:45:40.764 | INFO     | algorithms.der_pp:train:170 - 1, loss: 5.827
2023-02-11 21:45:40.765 | INFO     | algorithms.algorithm_base:run_base_task_metrics:144 - Running metrics: Task 0
2023-02-11 21:45:44.968 | DEBUG    | algorithms.algorithm_base:run_base_task_metrics:200 - Raw classification accuracy results saved to ./output_cifar100_varied_sampling/der_pp/1676151904.9626184_CIFAR100_OFFICIAL_RUN/task_0_accuracy_results.json
2023-02-11 21:45:44.971 | INFO     | algorithms.algorithm_base:run_base_task_metrics:201 - Correctly classified 550 / 10000 samples (5.50% correct)
2023-02-11 21:45:45.448 | INFO     | algorithms.der_pp:train:86 - Task 2 / 5
2023-02-11 21:45:45.452 | INFO     | algorithms.der_pp:train:87 - Classes in task: ['rabbit', 'skyscraper', 'table', 'woman', 'lobster', 'couch', 'beetle', 'maple_tree', 'rose', 'worm', 'chimpanzee', 'seal', 'tank', 'plain', 'bee', 'shrew', 'willow_tree', 'mouse', 'mountain', 'squirrel']
2023-02-11 21:45:45.453 | INFO     | algorithms.der_pp:train:95 - Starting epoch 1 / 1
2023-02-11 21:45:47.609 | INFO     | algorithms.der_pp:train:159 - 1:1:40, loss: 7.248
2023-02-11 21:45:49.716 | INFO     | algorithms.der_pp:train:159 - 1:1:80, loss: 6.936
2023-02-11 21:45:51.804 | WARNING  | algorithms.buffers:add_sample:173 - Duplicate hash: -1790651986716888172
2023-02-11 21:45:51.819 | INFO     | algorithms.der_pp:train:159 - 1:1:120, loss: 6.663
2023-02-11 21:45:53.914 | INFO     | algorithms.der_pp:train:159 - 1:1:160, loss: 6.480
2023-02-11 21:45:56.017 | INFO     | algorithms.der_pp:train:159 - 1:1:200, loss: 6.302
2023-02-11 21:45:58.114 | INFO     | algorithms.der_pp:train:159 - 1:1:240, loss: 6.090
2023-02-11 21:46:00.221 | INFO     | algorithms.der_pp:train:159 - 1:1:280, loss: 6.101
2023-02-11 21:46:02.334 | INFO     | algorithms.der_pp:train:159 - 1:1:320, loss: 5.925
2023-02-11 21:46:04.433 | INFO     | algorithms.der_pp:train:159 - 1:1:360, loss: 5.846
2023-02-11 21:46:06.546 | INFO     | algorithms.der_pp:train:159 - 1:1:400, loss: 5.798
2023-02-11 21:46:08.659 | INFO     | algorithms.der_pp:train:159 - 1:1:440, loss: 5.771
2023-02-11 21:46:10.768 | INFO     | algorithms.der_pp:train:159 - 1:1:480, loss: 5.588
2023-02-11 21:46:12.878 | INFO     | algorithms.der_pp:train:159 - 1:1:520, loss: 5.693
2023-02-11 21:46:14.988 | INFO     | algorithms.der_pp:train:159 - 1:1:560, loss: 5.656
2023-02-11 21:46:17.096 | INFO     | algorithms.der_pp:train:159 - 1:1:600, loss: 5.476
2023-02-11 21:46:18.362 | DEBUG    | algorithms.der_pp:train:162 - Current sample stats:
2023-02-11 21:46:18.363 | DEBUG    | algorithms.der_pp:train:165 - 67 has 50 samples
2023-02-11 21:46:18.364 | DEBUG    | algorithms.der_pp:train:165 - 28 has 50 samples
2023-02-11 21:46:18.365 | DEBUG    | algorithms.der_pp:train:165 - 55 has 50 samples
2023-02-11 21:46:18.365 | DEBUG    | algorithms.der_pp:train:165 - 57 has 50 samples
2023-02-11 21:46:18.366 | DEBUG    | algorithms.der_pp:train:165 - 17 has 50 samples
2023-02-11 21:46:18.367 | DEBUG    | algorithms.der_pp:train:165 - 58 has 50 samples
2023-02-11 21:46:18.367 | DEBUG    | algorithms.der_pp:train:165 - 41 has 50 samples
2023-02-11 21:46:18.368 | DEBUG    | algorithms.der_pp:train:165 - 40 has 50 samples
2023-02-11 21:46:18.369 | DEBUG    | algorithms.der_pp:train:165 - 4 has 50 samples
2023-02-11 21:46:18.369 | DEBUG    | algorithms.der_pp:train:165 - 71 has 50 samples
2023-02-11 21:46:18.370 | DEBUG    | algorithms.der_pp:train:165 - 19 has 50 samples
2023-02-11 21:46:18.371 | DEBUG    | algorithms.der_pp:train:165 - 53 has 50 samples
2023-02-11 21:46:18.371 | DEBUG    | algorithms.der_pp:train:165 - 95 has 50 samples
2023-02-11 21:46:18.372 | DEBUG    | algorithms.der_pp:train:165 - 2 has 50 samples
2023-02-11 21:46:18.373 | DEBUG    | algorithms.der_pp:train:165 - 30 has 50 samples
2023-02-11 21:46:18.374 | DEBUG    | algorithms.der_pp:train:165 - 51 has 50 samples
2023-02-11 21:46:18.374 | DEBUG    | algorithms.der_pp:train:165 - 12 has 50 samples
2023-02-11 21:46:18.375 | DEBUG    | algorithms.der_pp:train:165 - 77 has 50 samples
2023-02-11 21:46:18.376 | DEBUG    | algorithms.der_pp:train:165 - 89 has 50 samples
2023-02-11 21:46:18.377 | DEBUG    | algorithms.der_pp:train:165 - 3 has 50 samples
2023-02-11 21:46:18.377 | DEBUG    | algorithms.der_pp:train:165 - 21 has 50 samples
2023-02-11 21:46:18.378 | DEBUG    | algorithms.der_pp:train:165 - 50 has 50 samples
2023-02-11 21:46:18.379 | DEBUG    | algorithms.der_pp:train:165 - 72 has 50 samples
2023-02-11 21:46:18.379 | DEBUG    | algorithms.der_pp:train:165 - 47 has 50 samples
2023-02-11 21:46:18.380 | DEBUG    | algorithms.der_pp:train:165 - 74 has 50 samples
2023-02-11 21:46:18.381 | DEBUG    | algorithms.der_pp:train:165 - 45 has 50 samples
2023-02-11 21:46:18.382 | DEBUG    | algorithms.der_pp:train:165 - 49 has 50 samples
2023-02-11 21:46:18.382 | DEBUG    | algorithms.der_pp:train:165 - 70 has 50 samples
2023-02-11 21:46:18.383 | DEBUG    | algorithms.der_pp:train:165 - 7 has 50 samples
2023-02-11 21:46:18.384 | DEBUG    | algorithms.der_pp:train:165 - 80 has 50 samples
2023-02-11 21:46:18.384 | DEBUG    | algorithms.der_pp:train:165 - 76 has 50 samples
2023-02-11 21:46:18.385 | DEBUG    | algorithms.der_pp:train:165 - 65 has 50 samples
2023-02-11 21:46:18.386 | DEBUG    | algorithms.der_pp:train:165 - 85 has 50 samples
2023-02-11 21:46:18.387 | DEBUG    | algorithms.der_pp:train:165 - 96 has 50 samples
2023-02-11 21:46:18.387 | DEBUG    | algorithms.der_pp:train:165 - 6 has 50 samples
2023-02-11 21:46:18.388 | DEBUG    | algorithms.der_pp:train:165 - 25 has 50 samples
2023-02-11 21:46:18.389 | DEBUG    | algorithms.der_pp:train:165 - 84 has 50 samples
2023-02-11 21:46:18.390 | DEBUG    | algorithms.der_pp:train:165 - 99 has 50 samples
2023-02-11 21:46:18.390 | DEBUG    | algorithms.der_pp:train:165 - 98 has 50 samples
2023-02-11 21:46:18.391 | DEBUG    | algorithms.der_pp:train:165 - 60 has 50 samples
2023-02-11 21:46:18.392 | INFO     | algorithms.der_pp:train:170 - 1, loss: 6.081
2023-02-11 21:46:18.392 | INFO     | algorithms.algorithm_base:run_base_task_metrics:144 - Running metrics: Task 1
2023-02-11 21:46:22.502 | DEBUG    | algorithms.algorithm_base:run_base_task_metrics:200 - Raw classification accuracy results saved to ./output_cifar100_varied_sampling/der_pp/1676151904.9626184_CIFAR100_OFFICIAL_RUN/task_1_accuracy_results.json
2023-02-11 21:46:22.504 | INFO     | algorithms.algorithm_base:run_base_task_metrics:201 - Correctly classified 862 / 10000 samples (8.62% correct)
2023-02-11 21:46:22.882 | INFO     | algorithms.der_pp:train:86 - Task 3 / 5
2023-02-11 21:46:22.887 | INFO     | algorithms.der_pp:train:87 - Classes in task: ['kangaroo', 'turtle', 'dinosaur', 'hamster', 'bicycle', 'motorcycle', 'bed', 'shark', 'house', 'chair', 'wardrobe', 'camel', 'cloud', 'skunk', 'can', 'train', 'orchid', 'bowl', 'keyboard', 'snake']
2023-02-11 21:46:22.888 | INFO     | algorithms.der_pp:train:95 - Starting epoch 1 / 1
2023-02-11 21:46:25.050 | INFO     | algorithms.der_pp:train:159 - 2:1:40, loss: 7.425
2023-02-11 21:46:27.160 | INFO     | algorithms.der_pp:train:159 - 2:1:80, loss: 7.043
2023-02-11 21:46:29.256 | INFO     | algorithms.der_pp:train:159 - 2:1:120, loss: 6.853
2023-02-11 21:46:31.360 | INFO     | algorithms.der_pp:train:159 - 2:1:160, loss: 6.564
2023-02-11 21:46:33.469 | INFO     | algorithms.der_pp:train:159 - 2:1:200, loss: 6.393
2023-02-11 21:46:35.574 | INFO     | algorithms.der_pp:train:159 - 2:1:240, loss: 6.386
2023-02-11 21:46:37.681 | INFO     | algorithms.der_pp:train:159 - 2:1:280, loss: 6.227
2023-02-11 21:46:39.789 | INFO     | algorithms.der_pp:train:159 - 2:1:320, loss: 6.275
2023-02-11 21:46:41.901 | INFO     | algorithms.der_pp:train:159 - 2:1:360, loss: 6.159
2023-02-11 21:46:44.012 | INFO     | algorithms.der_pp:train:159 - 2:1:400, loss: 5.998
2023-02-11 21:46:46.121 | INFO     | algorithms.der_pp:train:159 - 2:1:440, loss: 5.932
2023-02-11 21:46:48.230 | INFO     | algorithms.der_pp:train:159 - 2:1:480, loss: 5.919
2023-02-11 21:46:50.348 | INFO     | algorithms.der_pp:train:159 - 2:1:520, loss: 5.876
2023-02-11 21:46:52.459 | INFO     | algorithms.der_pp:train:159 - 2:1:560, loss: 5.957
2023-02-11 21:46:54.568 | INFO     | algorithms.der_pp:train:159 - 2:1:600, loss: 5.920
2023-02-11 21:46:55.835 | DEBUG    | algorithms.der_pp:train:162 - Current sample stats:
2023-02-11 21:46:55.836 | DEBUG    | algorithms.der_pp:train:165 - 67 has 33 samples
2023-02-11 21:46:55.836 | DEBUG    | algorithms.der_pp:train:165 - 28 has 33 samples
2023-02-11 21:46:55.837 | DEBUG    | algorithms.der_pp:train:165 - 55 has 33 samples
2023-02-11 21:46:55.838 | DEBUG    | algorithms.der_pp:train:165 - 57 has 33 samples
2023-02-11 21:46:55.838 | DEBUG    | algorithms.der_pp:train:165 - 17 has 33 samples
2023-02-11 21:46:55.839 | DEBUG    | algorithms.der_pp:train:165 - 58 has 33 samples
2023-02-11 21:46:55.840 | DEBUG    | algorithms.der_pp:train:165 - 41 has 33 samples
2023-02-11 21:46:55.841 | DEBUG    | algorithms.der_pp:train:165 - 40 has 33 samples
2023-02-11 21:46:55.841 | DEBUG    | algorithms.der_pp:train:165 - 4 has 33 samples
2023-02-11 21:46:55.842 | DEBUG    | algorithms.der_pp:train:165 - 71 has 33 samples
2023-02-11 21:46:55.843 | DEBUG    | algorithms.der_pp:train:165 - 19 has 33 samples
2023-02-11 21:46:55.843 | DEBUG    | algorithms.der_pp:train:165 - 53 has 33 samples
2023-02-11 21:46:55.844 | DEBUG    | algorithms.der_pp:train:165 - 95 has 33 samples
2023-02-11 21:46:55.845 | DEBUG    | algorithms.der_pp:train:165 - 2 has 33 samples
2023-02-11 21:46:55.845 | DEBUG    | algorithms.der_pp:train:165 - 30 has 33 samples
2023-02-11 21:46:55.846 | DEBUG    | algorithms.der_pp:train:165 - 51 has 33 samples
2023-02-11 21:46:55.847 | DEBUG    | algorithms.der_pp:train:165 - 12 has 33 samples
2023-02-11 21:46:55.847 | DEBUG    | algorithms.der_pp:train:165 - 77 has 33 samples
2023-02-11 21:46:55.848 | DEBUG    | algorithms.der_pp:train:165 - 89 has 33 samples
2023-02-11 21:46:55.849 | DEBUG    | algorithms.der_pp:train:165 - 3 has 33 samples
2023-02-11 21:46:55.849 | DEBUG    | algorithms.der_pp:train:165 - 21 has 33 samples
2023-02-11 21:46:55.850 | DEBUG    | algorithms.der_pp:train:165 - 50 has 33 samples
2023-02-11 21:46:55.851 | DEBUG    | algorithms.der_pp:train:165 - 72 has 33 samples
2023-02-11 21:46:55.851 | DEBUG    | algorithms.der_pp:train:165 - 47 has 33 samples
2023-02-11 21:46:55.852 | DEBUG    | algorithms.der_pp:train:165 - 74 has 33 samples
2023-02-11 21:46:55.853 | DEBUG    | algorithms.der_pp:train:165 - 45 has 33 samples
2023-02-11 21:46:55.854 | DEBUG    | algorithms.der_pp:train:165 - 49 has 33 samples
2023-02-11 21:46:55.854 | DEBUG    | algorithms.der_pp:train:165 - 70 has 33 samples
2023-02-11 21:46:55.855 | DEBUG    | algorithms.der_pp:train:165 - 7 has 33 samples
2023-02-11 21:46:55.856 | DEBUG    | algorithms.der_pp:train:165 - 80 has 33 samples
2023-02-11 21:46:55.856 | DEBUG    | algorithms.der_pp:train:165 - 76 has 33 samples
2023-02-11 21:46:55.857 | DEBUG    | algorithms.der_pp:train:165 - 65 has 33 samples
2023-02-11 21:46:55.857 | DEBUG    | algorithms.der_pp:train:165 - 85 has 33 samples
2023-02-11 21:46:55.858 | DEBUG    | algorithms.der_pp:train:165 - 96 has 33 samples
2023-02-11 21:46:55.859 | DEBUG    | algorithms.der_pp:train:165 - 6 has 33 samples
2023-02-11 21:46:55.859 | DEBUG    | algorithms.der_pp:train:165 - 25 has 33 samples
2023-02-11 21:46:55.860 | DEBUG    | algorithms.der_pp:train:165 - 84 has 33 samples
2023-02-11 21:46:55.861 | DEBUG    | algorithms.der_pp:train:165 - 99 has 33 samples
2023-02-11 21:46:55.862 | DEBUG    | algorithms.der_pp:train:165 - 98 has 33 samples
2023-02-11 21:46:55.862 | DEBUG    | algorithms.der_pp:train:165 - 60 has 33 samples
2023-02-11 21:46:55.863 | DEBUG    | algorithms.der_pp:train:165 - 5 has 34 samples
2023-02-11 21:46:55.864 | DEBUG    | algorithms.der_pp:train:165 - 75 has 34 samples
2023-02-11 21:46:55.864 | DEBUG    | algorithms.der_pp:train:165 - 73 has 34 samples
2023-02-11 21:46:55.865 | DEBUG    | algorithms.der_pp:train:165 - 90 has 34 samples
2023-02-11 21:46:55.866 | DEBUG    | algorithms.der_pp:train:165 - 29 has 34 samples
2023-02-11 21:46:55.866 | DEBUG    | algorithms.der_pp:train:165 - 39 has 34 samples
2023-02-11 21:46:55.867 | DEBUG    | algorithms.der_pp:train:165 - 37 has 34 samples
2023-02-11 21:46:55.867 | DEBUG    | algorithms.der_pp:train:165 - 38 has 34 samples
2023-02-11 21:46:55.867 | DEBUG    | algorithms.der_pp:train:165 - 16 has 34 samples
2023-02-11 21:46:55.868 | DEBUG    | algorithms.der_pp:train:165 - 15 has 34 samples
2023-02-11 21:46:55.869 | DEBUG    | algorithms.der_pp:train:165 - 94 has 34 samples
2023-02-11 21:46:55.870 | DEBUG    | algorithms.der_pp:train:165 - 93 has 34 samples
2023-02-11 21:46:55.870 | DEBUG    | algorithms.der_pp:train:165 - 23 has 34 samples
2023-02-11 21:46:55.871 | DEBUG    | algorithms.der_pp:train:165 - 36 has 34 samples
2023-02-11 21:46:55.872 | DEBUG    | algorithms.der_pp:train:165 - 8 has 34 samples
2023-02-11 21:46:55.873 | DEBUG    | algorithms.der_pp:train:165 - 54 has 34 samples
2023-02-11 21:46:55.873 | DEBUG    | algorithms.der_pp:train:165 - 78 has 34 samples
2023-02-11 21:46:55.874 | DEBUG    | algorithms.der_pp:train:165 - 48 has 34 samples
2023-02-11 21:46:55.875 | DEBUG    | algorithms.der_pp:train:165 - 10 has 34 samples
2023-02-11 21:46:55.875 | DEBUG    | algorithms.der_pp:train:165 - 20 has 34 samples
2023-02-11 21:46:55.876 | INFO     | algorithms.der_pp:train:170 - 1, loss: 6.316
2023-02-11 21:46:55.877 | INFO     | algorithms.algorithm_base:run_base_task_metrics:144 - Running metrics: Task 2
2023-02-11 21:46:59.997 | DEBUG    | algorithms.algorithm_base:run_base_task_metrics:200 - Raw classification accuracy results saved to ./output_cifar100_varied_sampling/der_pp/1676151904.9626184_CIFAR100_OFFICIAL_RUN/task_2_accuracy_results.json
2023-02-11 21:46:59.999 | INFO     | algorithms.algorithm_base:run_base_task_metrics:201 - Correctly classified 936 / 10000 samples (9.36% correct)
2023-02-11 21:47:00.435 | INFO     | algorithms.der_pp:train:86 - Task 4 / 5
2023-02-11 21:47:00.441 | INFO     | algorithms.der_pp:train:87 - Classes in task: ['plate', 'bottle', 'boy', 'lizard', 'television', 'apple', 'wolf', 'caterpillar', 'butterfly', 'pine_tree', 'rocket', 'poppy', 'tulip', 'crab', 'possum', 'porcupine', 'streetcar', 'clock', 'sunflower', 'lion']
2023-02-11 21:47:00.442 | INFO     | algorithms.der_pp:train:95 - Starting epoch 1 / 1
2023-02-11 21:47:02.611 | INFO     | algorithms.der_pp:train:159 - 3:1:40, loss: 7.709
2023-02-11 21:47:04.738 | INFO     | algorithms.der_pp:train:159 - 3:1:80, loss: 7.278
2023-02-11 21:47:06.849 | INFO     | algorithms.der_pp:train:159 - 3:1:120, loss: 6.832
2023-02-11 21:47:08.959 | INFO     | algorithms.der_pp:train:159 - 3:1:160, loss: 6.711
2023-02-11 21:47:11.069 | INFO     | algorithms.der_pp:train:159 - 3:1:200, loss: 6.551
2023-02-11 21:47:13.177 | INFO     | algorithms.der_pp:train:159 - 3:1:240, loss: 6.338
2023-02-11 21:47:15.295 | INFO     | algorithms.der_pp:train:159 - 3:1:280, loss: 6.355
2023-02-11 21:47:17.407 | INFO     | algorithms.der_pp:train:159 - 3:1:320, loss: 6.118
2023-02-11 21:47:19.517 | INFO     | algorithms.der_pp:train:159 - 3:1:360, loss: 6.151
2023-02-11 21:47:21.632 | INFO     | algorithms.der_pp:train:159 - 3:1:400, loss: 6.028
2023-02-11 21:47:23.749 | INFO     | algorithms.der_pp:train:159 - 3:1:440, loss: 6.070
2023-02-11 21:47:25.860 | INFO     | algorithms.der_pp:train:159 - 3:1:480, loss: 6.061
2023-02-11 21:47:27.981 | INFO     | algorithms.der_pp:train:159 - 3:1:520, loss: 5.901
2023-02-11 21:47:30.091 | INFO     | algorithms.der_pp:train:159 - 3:1:560, loss: 5.751
2023-02-11 21:47:32.204 | INFO     | algorithms.der_pp:train:159 - 3:1:600, loss: 5.777
2023-02-11 21:47:33.472 | DEBUG    | algorithms.der_pp:train:162 - Current sample stats:
2023-02-11 21:47:33.472 | DEBUG    | algorithms.der_pp:train:165 - 67 has 25 samples
2023-02-11 21:47:33.473 | DEBUG    | algorithms.der_pp:train:165 - 28 has 25 samples
2023-02-11 21:47:33.474 | DEBUG    | algorithms.der_pp:train:165 - 55 has 25 samples
2023-02-11 21:47:33.475 | DEBUG    | algorithms.der_pp:train:165 - 57 has 25 samples
2023-02-11 21:47:33.475 | DEBUG    | algorithms.der_pp:train:165 - 17 has 25 samples
2023-02-11 21:47:33.476 | DEBUG    | algorithms.der_pp:train:165 - 58 has 25 samples
2023-02-11 21:47:33.477 | DEBUG    | algorithms.der_pp:train:165 - 41 has 25 samples
2023-02-11 21:47:33.477 | DEBUG    | algorithms.der_pp:train:165 - 40 has 25 samples
2023-02-11 21:47:33.478 | DEBUG    | algorithms.der_pp:train:165 - 4 has 25 samples
2023-02-11 21:47:33.479 | DEBUG    | algorithms.der_pp:train:165 - 71 has 25 samples
2023-02-11 21:47:33.479 | DEBUG    | algorithms.der_pp:train:165 - 19 has 25 samples
2023-02-11 21:47:33.480 | DEBUG    | algorithms.der_pp:train:165 - 53 has 25 samples
2023-02-11 21:47:33.481 | DEBUG    | algorithms.der_pp:train:165 - 95 has 25 samples
2023-02-11 21:47:33.481 | DEBUG    | algorithms.der_pp:train:165 - 2 has 25 samples
2023-02-11 21:47:33.482 | DEBUG    | algorithms.der_pp:train:165 - 30 has 25 samples
2023-02-11 21:47:33.483 | DEBUG    | algorithms.der_pp:train:165 - 51 has 25 samples
2023-02-11 21:47:33.483 | DEBUG    | algorithms.der_pp:train:165 - 12 has 25 samples
2023-02-11 21:47:33.484 | DEBUG    | algorithms.der_pp:train:165 - 77 has 25 samples
2023-02-11 21:47:33.485 | DEBUG    | algorithms.der_pp:train:165 - 89 has 25 samples
2023-02-11 21:47:33.486 | DEBUG    | algorithms.der_pp:train:165 - 3 has 25 samples
2023-02-11 21:47:33.486 | DEBUG    | algorithms.der_pp:train:165 - 21 has 25 samples
2023-02-11 21:47:33.487 | DEBUG    | algorithms.der_pp:train:165 - 50 has 25 samples
2023-02-11 21:47:33.488 | DEBUG    | algorithms.der_pp:train:165 - 72 has 25 samples
2023-02-11 21:47:33.489 | DEBUG    | algorithms.der_pp:train:165 - 47 has 25 samples
2023-02-11 21:47:33.489 | DEBUG    | algorithms.der_pp:train:165 - 74 has 25 samples
2023-02-11 21:47:33.490 | DEBUG    | algorithms.der_pp:train:165 - 45 has 25 samples
2023-02-11 21:47:33.491 | DEBUG    | algorithms.der_pp:train:165 - 49 has 25 samples
2023-02-11 21:47:33.491 | DEBUG    | algorithms.der_pp:train:165 - 70 has 25 samples
2023-02-11 21:47:33.492 | DEBUG    | algorithms.der_pp:train:165 - 7 has 25 samples
2023-02-11 21:47:33.493 | DEBUG    | algorithms.der_pp:train:165 - 80 has 25 samples
2023-02-11 21:47:33.494 | DEBUG    | algorithms.der_pp:train:165 - 76 has 25 samples
2023-02-11 21:47:33.494 | DEBUG    | algorithms.der_pp:train:165 - 65 has 25 samples
2023-02-11 21:47:33.495 | DEBUG    | algorithms.der_pp:train:165 - 85 has 25 samples
2023-02-11 21:47:33.496 | DEBUG    | algorithms.der_pp:train:165 - 96 has 25 samples
2023-02-11 21:47:33.496 | DEBUG    | algorithms.der_pp:train:165 - 6 has 25 samples
2023-02-11 21:47:33.497 | DEBUG    | algorithms.der_pp:train:165 - 25 has 25 samples
2023-02-11 21:47:33.498 | DEBUG    | algorithms.der_pp:train:165 - 84 has 25 samples
2023-02-11 21:47:33.499 | DEBUG    | algorithms.der_pp:train:165 - 99 has 25 samples
2023-02-11 21:47:33.499 | DEBUG    | algorithms.der_pp:train:165 - 98 has 25 samples
2023-02-11 21:47:33.500 | DEBUG    | algorithms.der_pp:train:165 - 60 has 25 samples
2023-02-11 21:47:33.501 | DEBUG    | algorithms.der_pp:train:165 - 5 has 25 samples
2023-02-11 21:47:33.502 | DEBUG    | algorithms.der_pp:train:165 - 75 has 25 samples
2023-02-11 21:47:33.502 | DEBUG    | algorithms.der_pp:train:165 - 73 has 25 samples
2023-02-11 21:47:33.503 | DEBUG    | algorithms.der_pp:train:165 - 90 has 25 samples
2023-02-11 21:47:33.504 | DEBUG    | algorithms.der_pp:train:165 - 29 has 25 samples
2023-02-11 21:47:33.505 | DEBUG    | algorithms.der_pp:train:165 - 39 has 25 samples
2023-02-11 21:47:33.505 | DEBUG    | algorithms.der_pp:train:165 - 37 has 25 samples
2023-02-11 21:47:33.506 | DEBUG    | algorithms.der_pp:train:165 - 38 has 25 samples
2023-02-11 21:47:33.507 | DEBUG    | algorithms.der_pp:train:165 - 16 has 25 samples
2023-02-11 21:47:33.507 | DEBUG    | algorithms.der_pp:train:165 - 15 has 25 samples
2023-02-11 21:47:33.508 | DEBUG    | algorithms.der_pp:train:165 - 94 has 25 samples
2023-02-11 21:47:33.509 | DEBUG    | algorithms.der_pp:train:165 - 93 has 25 samples
2023-02-11 21:47:33.510 | DEBUG    | algorithms.der_pp:train:165 - 23 has 25 samples
2023-02-11 21:47:33.510 | DEBUG    | algorithms.der_pp:train:165 - 36 has 25 samples
2023-02-11 21:47:33.511 | DEBUG    | algorithms.der_pp:train:165 - 8 has 25 samples
2023-02-11 21:47:33.512 | DEBUG    | algorithms.der_pp:train:165 - 54 has 25 samples
2023-02-11 21:47:33.512 | DEBUG    | algorithms.der_pp:train:165 - 78 has 25 samples
2023-02-11 21:47:33.513 | DEBUG    | algorithms.der_pp:train:165 - 48 has 25 samples
2023-02-11 21:47:33.514 | DEBUG    | algorithms.der_pp:train:165 - 10 has 25 samples
2023-02-11 21:47:33.515 | DEBUG    | algorithms.der_pp:train:165 - 20 has 25 samples
2023-02-11 21:47:33.515 | DEBUG    | algorithms.der_pp:train:165 - 82 has 25 samples
2023-02-11 21:47:33.516 | DEBUG    | algorithms.der_pp:train:165 - 44 has 25 samples
2023-02-11 21:47:33.517 | DEBUG    | algorithms.der_pp:train:165 - 26 has 25 samples
2023-02-11 21:47:33.517 | DEBUG    | algorithms.der_pp:train:165 - 43 has 25 samples
2023-02-11 21:47:33.518 | DEBUG    | algorithms.der_pp:train:165 - 69 has 25 samples
2023-02-11 21:47:33.519 | DEBUG    | algorithms.der_pp:train:165 - 59 has 25 samples
2023-02-11 21:47:33.520 | DEBUG    | algorithms.der_pp:train:165 - 97 has 25 samples
2023-02-11 21:47:33.520 | DEBUG    | algorithms.der_pp:train:165 - 22 has 25 samples
2023-02-11 21:47:33.521 | DEBUG    | algorithms.der_pp:train:165 - 0 has 25 samples
2023-02-11 21:47:33.522 | DEBUG    | algorithms.der_pp:train:165 - 18 has 25 samples
2023-02-11 21:47:33.522 | DEBUG    | algorithms.der_pp:train:165 - 11 has 25 samples
2023-02-11 21:47:33.523 | DEBUG    | algorithms.der_pp:train:165 - 64 has 25 samples
2023-02-11 21:47:33.524 | DEBUG    | algorithms.der_pp:train:165 - 81 has 25 samples
2023-02-11 21:47:33.525 | DEBUG    | algorithms.der_pp:train:165 - 87 has 25 samples
2023-02-11 21:47:33.525 | DEBUG    | algorithms.der_pp:train:165 - 92 has 25 samples
2023-02-11 21:47:33.526 | DEBUG    | algorithms.der_pp:train:165 - 14 has 25 samples
2023-02-11 21:47:33.527 | DEBUG    | algorithms.der_pp:train:165 - 62 has 25 samples
2023-02-11 21:47:33.528 | DEBUG    | algorithms.der_pp:train:165 - 63 has 25 samples
2023-02-11 21:47:33.528 | DEBUG    | algorithms.der_pp:train:165 - 61 has 25 samples
2023-02-11 21:47:33.529 | DEBUG    | algorithms.der_pp:train:165 - 9 has 25 samples
2023-02-11 21:47:33.530 | INFO     | algorithms.der_pp:train:170 - 1, loss: 6.357
2023-02-11 21:47:33.530 | INFO     | algorithms.algorithm_base:run_base_task_metrics:144 - Running metrics: Task 3
2023-02-11 21:47:37.646 | DEBUG    | algorithms.algorithm_base:run_base_task_metrics:200 - Raw classification accuracy results saved to ./output_cifar100_varied_sampling/der_pp/1676151904.9626184_CIFAR100_OFFICIAL_RUN/task_3_accuracy_results.json
2023-02-11 21:47:37.648 | INFO     | algorithms.algorithm_base:run_base_task_metrics:201 - Correctly classified 935 / 10000 samples (9.35% correct)
2023-02-11 21:47:38.022 | INFO     | algorithms.der_pp:train:86 - Task 5 / 5
2023-02-11 21:47:38.027 | INFO     | algorithms.der_pp:train:87 - Classes in task: ['aquarium_fish', 'crocodile', 'bus', 'telephone', 'fox', 'tiger', 'leopard', 'girl', 'oak_tree', 'flatfish', 'spider', 'forest', 'palm_tree', 'man', 'cockroach', 'elephant', 'trout', 'raccoon', 'road', 'sweet_pepper']
2023-02-11 21:47:38.029 | INFO     | algorithms.der_pp:train:95 - Starting epoch 1 / 1
2023-02-11 21:47:40.190 | INFO     | algorithms.der_pp:train:159 - 4:1:40, loss: 8.099
2023-02-11 21:47:42.303 | INFO     | algorithms.der_pp:train:159 - 4:1:80, loss: 7.538
2023-02-11 21:47:44.415 | INFO     | algorithms.der_pp:train:159 - 4:1:120, loss: 7.211
2023-02-11 21:47:46.531 | INFO     | algorithms.der_pp:train:159 - 4:1:160, loss: 6.929
2023-02-11 21:47:48.643 | INFO     | algorithms.der_pp:train:159 - 4:1:200, loss: 6.794
2023-02-11 21:47:50.758 | INFO     | algorithms.der_pp:train:159 - 4:1:240, loss: 6.645
2023-02-11 21:47:52.870 | INFO     | algorithms.der_pp:train:159 - 4:1:280, loss: 6.485
2023-02-11 21:47:54.981 | INFO     | algorithms.der_pp:train:159 - 4:1:320, loss: 6.445
2023-02-11 21:47:57.095 | INFO     | algorithms.der_pp:train:159 - 4:1:360, loss: 6.522
2023-02-11 21:47:59.205 | INFO     | algorithms.der_pp:train:159 - 4:1:400, loss: 6.317
2023-02-11 21:48:01.323 | INFO     | algorithms.der_pp:train:159 - 4:1:440, loss: 6.379
2023-02-11 21:48:03.437 | INFO     | algorithms.der_pp:train:159 - 4:1:480, loss: 6.318
2023-02-11 21:48:05.550 | INFO     | algorithms.der_pp:train:159 - 4:1:520, loss: 6.252
2023-02-11 21:48:07.668 | INFO     | algorithms.der_pp:train:159 - 4:1:560, loss: 6.115
2023-02-11 21:48:09.783 | INFO     | algorithms.der_pp:train:159 - 4:1:600, loss: 6.117
2023-02-11 21:48:11.058 | DEBUG    | algorithms.der_pp:train:162 - Current sample stats:
2023-02-11 21:48:11.059 | DEBUG    | algorithms.der_pp:train:165 - 67 has 20 samples
2023-02-11 21:48:11.059 | DEBUG    | algorithms.der_pp:train:165 - 28 has 20 samples
2023-02-11 21:48:11.060 | DEBUG    | algorithms.der_pp:train:165 - 55 has 20 samples
2023-02-11 21:48:11.061 | DEBUG    | algorithms.der_pp:train:165 - 57 has 20 samples
2023-02-11 21:48:11.062 | DEBUG    | algorithms.der_pp:train:165 - 17 has 20 samples
2023-02-11 21:48:11.062 | DEBUG    | algorithms.der_pp:train:165 - 58 has 20 samples
2023-02-11 21:48:11.063 | DEBUG    | algorithms.der_pp:train:165 - 41 has 20 samples
2023-02-11 21:48:11.064 | DEBUG    | algorithms.der_pp:train:165 - 40 has 20 samples
2023-02-11 21:48:11.065 | DEBUG    | algorithms.der_pp:train:165 - 4 has 20 samples
2023-02-11 21:48:11.065 | DEBUG    | algorithms.der_pp:train:165 - 71 has 20 samples
2023-02-11 21:48:11.066 | DEBUG    | algorithms.der_pp:train:165 - 19 has 20 samples
2023-02-11 21:48:11.067 | DEBUG    | algorithms.der_pp:train:165 - 53 has 20 samples
2023-02-11 21:48:11.067 | DEBUG    | algorithms.der_pp:train:165 - 95 has 20 samples
2023-02-11 21:48:11.068 | DEBUG    | algorithms.der_pp:train:165 - 2 has 20 samples
2023-02-11 21:48:11.069 | DEBUG    | algorithms.der_pp:train:165 - 30 has 20 samples
2023-02-11 21:48:11.070 | DEBUG    | algorithms.der_pp:train:165 - 51 has 20 samples
2023-02-11 21:48:11.070 | DEBUG    | algorithms.der_pp:train:165 - 12 has 20 samples
2023-02-11 21:48:11.071 | DEBUG    | algorithms.der_pp:train:165 - 77 has 20 samples
2023-02-11 21:48:11.072 | DEBUG    | algorithms.der_pp:train:165 - 89 has 20 samples
2023-02-11 21:48:11.072 | DEBUG    | algorithms.der_pp:train:165 - 3 has 20 samples
2023-02-11 21:48:11.073 | DEBUG    | algorithms.der_pp:train:165 - 21 has 20 samples
2023-02-11 21:48:11.074 | DEBUG    | algorithms.der_pp:train:165 - 50 has 20 samples
2023-02-11 21:48:11.075 | DEBUG    | algorithms.der_pp:train:165 - 72 has 20 samples
2023-02-11 21:48:11.075 | DEBUG    | algorithms.der_pp:train:165 - 47 has 20 samples
2023-02-11 21:48:11.076 | DEBUG    | algorithms.der_pp:train:165 - 74 has 20 samples
2023-02-11 21:48:11.077 | DEBUG    | algorithms.der_pp:train:165 - 45 has 20 samples
2023-02-11 21:48:11.077 | DEBUG    | algorithms.der_pp:train:165 - 49 has 20 samples
2023-02-11 21:48:11.078 | DEBUG    | algorithms.der_pp:train:165 - 70 has 20 samples
2023-02-11 21:48:11.079 | DEBUG    | algorithms.der_pp:train:165 - 7 has 20 samples
2023-02-11 21:48:11.080 | DEBUG    | algorithms.der_pp:train:165 - 80 has 20 samples
2023-02-11 21:48:11.080 | DEBUG    | algorithms.der_pp:train:165 - 76 has 20 samples
2023-02-11 21:48:11.081 | DEBUG    | algorithms.der_pp:train:165 - 65 has 20 samples
2023-02-11 21:48:11.082 | DEBUG    | algorithms.der_pp:train:165 - 85 has 20 samples
2023-02-11 21:48:11.083 | DEBUG    | algorithms.der_pp:train:165 - 96 has 20 samples
2023-02-11 21:48:11.083 | DEBUG    | algorithms.der_pp:train:165 - 6 has 20 samples
2023-02-11 21:48:11.084 | DEBUG    | algorithms.der_pp:train:165 - 25 has 20 samples
2023-02-11 21:48:11.085 | DEBUG    | algorithms.der_pp:train:165 - 84 has 20 samples
2023-02-11 21:48:11.085 | DEBUG    | algorithms.der_pp:train:165 - 99 has 20 samples
2023-02-11 21:48:11.086 | DEBUG    | algorithms.der_pp:train:165 - 98 has 20 samples
2023-02-11 21:48:11.087 | DEBUG    | algorithms.der_pp:train:165 - 60 has 20 samples
2023-02-11 21:48:11.088 | DEBUG    | algorithms.der_pp:train:165 - 5 has 20 samples
2023-02-11 21:48:11.088 | DEBUG    | algorithms.der_pp:train:165 - 75 has 20 samples
2023-02-11 21:48:11.089 | DEBUG    | algorithms.der_pp:train:165 - 73 has 20 samples
2023-02-11 21:48:11.090 | DEBUG    | algorithms.der_pp:train:165 - 90 has 20 samples
2023-02-11 21:48:11.090 | DEBUG    | algorithms.der_pp:train:165 - 29 has 20 samples
2023-02-11 21:48:11.091 | DEBUG    | algorithms.der_pp:train:165 - 39 has 20 samples
2023-02-11 21:48:11.092 | DEBUG    | algorithms.der_pp:train:165 - 37 has 20 samples
2023-02-11 21:48:11.093 | DEBUG    | algorithms.der_pp:train:165 - 38 has 20 samples
2023-02-11 21:48:11.093 | DEBUG    | algorithms.der_pp:train:165 - 16 has 20 samples
2023-02-11 21:48:11.094 | DEBUG    | algorithms.der_pp:train:165 - 15 has 20 samples
2023-02-11 21:48:11.095 | DEBUG    | algorithms.der_pp:train:165 - 94 has 20 samples
2023-02-11 21:48:11.095 | DEBUG    | algorithms.der_pp:train:165 - 93 has 20 samples
2023-02-11 21:48:11.096 | DEBUG    | algorithms.der_pp:train:165 - 23 has 20 samples
2023-02-11 21:48:11.097 | DEBUG    | algorithms.der_pp:train:165 - 36 has 20 samples
2023-02-11 21:48:11.098 | DEBUG    | algorithms.der_pp:train:165 - 8 has 20 samples
2023-02-11 21:48:11.098 | DEBUG    | algorithms.der_pp:train:165 - 54 has 20 samples
2023-02-11 21:48:11.099 | DEBUG    | algorithms.der_pp:train:165 - 78 has 20 samples
2023-02-11 21:48:11.100 | DEBUG    | algorithms.der_pp:train:165 - 48 has 20 samples
2023-02-11 21:48:11.101 | DEBUG    | algorithms.der_pp:train:165 - 10 has 20 samples
2023-02-11 21:48:11.101 | DEBUG    | algorithms.der_pp:train:165 - 20 has 20 samples
2023-02-11 21:48:11.102 | DEBUG    | algorithms.der_pp:train:165 - 82 has 20 samples
2023-02-11 21:48:11.103 | DEBUG    | algorithms.der_pp:train:165 - 44 has 20 samples
2023-02-11 21:48:11.103 | DEBUG    | algorithms.der_pp:train:165 - 26 has 20 samples
2023-02-11 21:48:11.104 | DEBUG    | algorithms.der_pp:train:165 - 43 has 20 samples
2023-02-11 21:48:11.105 | DEBUG    | algorithms.der_pp:train:165 - 69 has 20 samples
2023-02-11 21:48:11.106 | DEBUG    | algorithms.der_pp:train:165 - 59 has 20 samples
2023-02-11 21:48:11.106 | DEBUG    | algorithms.der_pp:train:165 - 97 has 20 samples
2023-02-11 21:48:11.107 | DEBUG    | algorithms.der_pp:train:165 - 22 has 20 samples
2023-02-11 21:48:11.108 | DEBUG    | algorithms.der_pp:train:165 - 0 has 20 samples
2023-02-11 21:48:11.108 | DEBUG    | algorithms.der_pp:train:165 - 18 has 20 samples
2023-02-11 21:48:11.109 | DEBUG    | algorithms.der_pp:train:165 - 11 has 20 samples
2023-02-11 21:48:11.110 | DEBUG    | algorithms.der_pp:train:165 - 64 has 20 samples
2023-02-11 21:48:11.111 | DEBUG    | algorithms.der_pp:train:165 - 81 has 20 samples
2023-02-11 21:48:11.111 | DEBUG    | algorithms.der_pp:train:165 - 87 has 20 samples
2023-02-11 21:48:11.112 | DEBUG    | algorithms.der_pp:train:165 - 92 has 20 samples
2023-02-11 21:48:11.113 | DEBUG    | algorithms.der_pp:train:165 - 14 has 20 samples
2023-02-11 21:48:11.113 | DEBUG    | algorithms.der_pp:train:165 - 62 has 20 samples
2023-02-11 21:48:11.114 | DEBUG    | algorithms.der_pp:train:165 - 63 has 20 samples
2023-02-11 21:48:11.115 | DEBUG    | algorithms.der_pp:train:165 - 61 has 20 samples
2023-02-11 21:48:11.116 | DEBUG    | algorithms.der_pp:train:165 - 9 has 20 samples
2023-02-11 21:48:11.116 | DEBUG    | algorithms.der_pp:train:165 - 32 has 20 samples
2023-02-11 21:48:11.117 | DEBUG    | algorithms.der_pp:train:165 - 56 has 20 samples
2023-02-11 21:48:11.118 | DEBUG    | algorithms.der_pp:train:165 - 27 has 20 samples
2023-02-11 21:48:11.118 | DEBUG    | algorithms.der_pp:train:165 - 46 has 20 samples
2023-02-11 21:48:11.119 | DEBUG    | algorithms.der_pp:train:165 - 91 has 20 samples
2023-02-11 21:48:11.120 | DEBUG    | algorithms.der_pp:train:165 - 24 has 20 samples
2023-02-11 21:48:11.121 | DEBUG    | algorithms.der_pp:train:165 - 1 has 20 samples
2023-02-11 21:48:11.121 | DEBUG    | algorithms.der_pp:train:165 - 66 has 20 samples
2023-02-11 21:48:11.122 | DEBUG    | algorithms.der_pp:train:165 - 79 has 20 samples
2023-02-11 21:48:11.123 | DEBUG    | algorithms.der_pp:train:165 - 35 has 20 samples
2023-02-11 21:48:11.123 | DEBUG    | algorithms.der_pp:train:165 - 83 has 20 samples
2023-02-11 21:48:11.124 | DEBUG    | algorithms.der_pp:train:165 - 13 has 20 samples
2023-02-11 21:48:11.125 | DEBUG    | algorithms.der_pp:train:165 - 88 has 20 samples
2023-02-11 21:48:11.126 | DEBUG    | algorithms.der_pp:train:165 - 33 has 20 samples
2023-02-11 21:48:11.126 | DEBUG    | algorithms.der_pp:train:165 - 86 has 20 samples
2023-02-11 21:48:11.127 | DEBUG    | algorithms.der_pp:train:165 - 52 has 20 samples
2023-02-11 21:48:11.128 | DEBUG    | algorithms.der_pp:train:165 - 68 has 20 samples
2023-02-11 21:48:11.128 | DEBUG    | algorithms.der_pp:train:165 - 31 has 20 samples
2023-02-11 21:48:11.129 | DEBUG    | algorithms.der_pp:train:165 - 34 has 20 samples
2023-02-11 21:48:11.130 | DEBUG    | algorithms.der_pp:train:165 - 42 has 20 samples
2023-02-11 21:48:11.131 | INFO     | algorithms.der_pp:train:170 - 1, loss: 6.653
2023-02-11 21:48:11.131 | INFO     | algorithms.algorithm_base:run_base_task_metrics:144 - Running metrics: Task 4
2023-02-11 21:48:15.382 | DEBUG    | algorithms.algorithm_base:run_base_task_metrics:200 - Raw classification accuracy results saved to ./output_cifar100_varied_sampling/der_pp/1676151904.9626184_CIFAR100_OFFICIAL_RUN/task_4_accuracy_results.json
2023-02-11 21:48:15.384 | INFO     | algorithms.algorithm_base:run_base_task_metrics:201 - Correctly classified 1175 / 10000 samples (11.75% correct)
2023-02-11 21:48:15.756 | INFO     | algorithms.der_pp:train:178 - Training complete
2023-02-11 21:48:15.762 | INFO     | __main__:run_experiment:290 - Training and evaluation completed!
2023-02-11 21:48:15.764 | INFO     | __main__:run_experiment:304 - Wrote usage stats to file
2023-02-11 21:48:15.764 | INFO     | __main__:main:351 - Complete
2023-02-11 21:48:15.765 | INFO     | __main__:close_tensorboard_writer:252 - Shut down TensorBoard
