2023-01-16 12:02:12.950 | INFO     | __main__:setup_files:173 - Experiment Name: OFFICIAL_RUN
2023-01-16 12:02:12.951 | INFO     | __main__:main:278 - Command line arguments: Configuration(algorithm='scr', dataset='cifar100', classes_per_task=20, seed=2843)
2023-01-16 12:02:12.953 | INFO     | __main__:main:282 - Seeded random to 2843
2023-01-16 12:02:12.954 | INFO     | __main__:main:286 - Got CUDA device
2023-01-16 12:02:12.955 | INFO     | __main__:force_cuda_load:221 - Forcing CUDA initialisation...
2023-01-16 12:02:13.013 | INFO     | __main__:main:290 - CUDA initialised
2023-01-16 12:02:13.014 | INFO     | __main__:setup_shutdown_hook:217 - To access TensorBoard, run the command: tensorboard --logdir=./output/scr/1673870532.9363484_CIFAR100_OFFICIAL_RUN
2023-01-16 12:02:13.015 | INFO     | __main__:main:294 - Setup shutdown hooks
2023-01-16 12:02:13.038 | INFO     | __main__:main:299 - Model is setup
2023-01-16 12:02:13.040 | INFO     | __main__:main:301 - Complete pre-setup, starting experiment
2023-01-16 12:02:14.210 | INFO     | datasets.dataset_base:__init__:80 - Using disjoint tasks with 20 (5 tasks) with a randomised split
2023-01-16 12:02:14.212 | DEBUG    | datasets.dataset_base:_setup_task_datasets:95 - Splitting dataset into 5 disjoint tasks
2023-01-16 12:02:14.231 | INFO     | datasets.dataset_base:__init__:85 - {
  "name": "datasets.cifar100.CIFAR100",
  "dataset_class": "torchvision.datasets.cifar.CIFAR100",
  "training_dataset_parameters": "{'train': True, 'download': True}",
  "testing_dataset_parameters": "{'train': False, 'download': True}",
  "training_transform": "Compose(\n    RandomCrop(size=(32, 32), padding=4)\n    RandomHorizontalFlip(p=0.5)\n    Resize(size=(32, 32), interpolation=bilinear, max_size=None, antialias=None)\n    ToTensor()\n    Normalize(mean=(0.5071, 0.4867, 0.4408), std=(0.2675, 0.2565, 0.2761))\n)",
  "testing_transform": "Compose(\n    Resize(size=(32, 32), interpolation=bilinear, max_size=None, antialias=None)\n    ToTensor()\n    Normalize(mean=(0.5071, 0.4867, 0.4408), std=(0.2675, 0.2565, 0.2761))\n)",
  "classes": "apple, aquarium_fish, baby, bear, beaver, bed, bee, beetle, bicycle, bottle, bowl, boy, bridge, bus, butterfly, camel, can, castle, caterpillar, cattle, chair, chimpanzee, clock, cloud, cockroach, couch, crab, crocodile, cup, dinosaur, dolphin, elephant, flatfish, forest, fox, girl, hamster, house, kangaroo, keyboard, lamp, lawn_mower, leopard, lion, lizard, lobster, man, maple_tree, motorcycle, mountain, mouse, mushroom, oak_tree, orange, orchid, otter, palm_tree, pear, pickup_truck, pine_tree, plain, plate, poppy, porcupine, possum, rabbit, raccoon, ray, road, rocket, rose, sea, seal, shark, shrew, skunk, skyscraper, snail, snake, spider, squirrel, streetcar, sunflower, sweet_pepper, table, tank, telephone, television, tiger, tractor, train, trout, tulip, turtle, wardrobe, whale, willow_tree, wolf, woman, worm",
  "disjoint": true,
  "task_count": 5,
  "classes_per_task": [
    20
  ],
  "task_split_indices": [
    [
      87,
      53,
      70,
      96,
      26,
      34,
      0,
      28,
      22,
      64,
      74,
      23,
      86,
      36,
      62,
      16,
      35,
      18,
      19,
      47
    ],
    [
      66,
      65,
      6,
      40,
      41,
      49,
      73,
      11,
      83,
      13,
      27,
      77,
      93,
      43,
      20,
      80,
      63,
      58,
      10,
      91
    ],
    [
      99,
      61,
      48,
      67,
      84,
      3,
      81,
      56,
      54,
      68,
      14,
      94,
      50,
      46,
      95,
      9,
      51,
      59,
      57,
      30
    ],
    [
      37,
      25,
      12,
      78,
      60,
      39,
      69,
      21,
      71,
      52,
      55,
      75,
      85,
      5,
      97,
      76,
      7,
      38,
      15,
      98
    ],
    [
      44,
      92,
      79,
      33,
      29,
      17,
      8,
      32,
      45,
      90,
      2,
      88,
      24,
      42,
      31,
      89,
      82,
      1,
      4,
      72
    ]
  ],
  "task_split_classes": [
    [
      "television",
      "orange",
      "rose",
      "willow_tree",
      "crab",
      "fox",
      "apple",
      "cup",
      "clock",
      "possum",
      "shrew",
      "cloud",
      "telephone",
      "hamster",
      "poppy",
      "can",
      "girl",
      "caterpillar",
      "cattle",
      "maple_tree"
    ],
    [
      "raccoon",
      "rabbit",
      "bee",
      "lamp",
      "lawn_mower",
      "mountain",
      "shark",
      "boy",
      "sweet_pepper",
      "bus",
      "crocodile",
      "snail",
      "turtle",
      "lion",
      "chair",
      "squirrel",
      "porcupine",
      "pickup_truck",
      "bowl",
      "trout"
    ],
    [
      "worm",
      "plate",
      "motorcycle",
      "ray",
      "table",
      "bear",
      "streetcar",
      "palm_tree",
      "orchid",
      "road",
      "butterfly",
      "wardrobe",
      "mouse",
      "man",
      "whale",
      "bottle",
      "mushroom",
      "pine_tree",
      "pear",
      "dolphin"
    ],
    [
      "house",
      "couch",
      "bridge",
      "snake",
      "plain",
      "keyboard",
      "rocket",
      "chimpanzee",
      "sea",
      "oak_tree",
      "otter",
      "skunk",
      "tank",
      "bed",
      "wolf",
      "skyscraper",
      "beetle",
      "kangaroo",
      "camel",
      "woman"
    ],
    [
      "lizard",
      "tulip",
      "spider",
      "forest",
      "dinosaur",
      "castle",
      "bicycle",
      "flatfish",
      "lobster",
      "train",
      "baby",
      "tiger",
      "cockroach",
      "leopard",
      "elephant",
      "tractor",
      "sunflower",
      "aquarium_fish",
      "beaver",
      "seal"
    ]
  ]
}
2023-01-16 12:02:14.255 | DEBUG    | __main__:run_experiment:245 - PID: 22708
2023-01-16 12:02:14.257 | INFO     | __main__:run_experiment:247 - Starting...
2023-01-16 12:02:14.258 | INFO     | algorithms.algorithm_base:train:116 - {
  "name": "algorithms.scr.SupervisedContrastiveReplay",
  "model_class": "models.scr.scr_resnet.SupConResNet",
  "device": "cuda:0",
  "dataset_class": "datasets.cifar100.CIFAR100",
  "optimiser_class": "torch.optim.sgd.SGD",
  "loss_criterion_class": "torch.nn.modules.loss.CrossEntropyLoss",
  "epochs_per_task": 1,
  "batch_size": 10,
  "max_memory_samples": 5000,
  "memory_batch_size": 100,
  "tau (temperature)": 0.07,
  "lr": 0.1
}
2023-01-16 12:02:14.260 | DEBUG    | algorithms.algorithm_base:_setup_training:109 - Model moved to cuda:0 and set to train mode
2023-01-16 12:02:14.260 | INFO     | algorithms.algorithm_base:train:118 - Starting training
2023-01-16 12:02:14.261 | INFO     | algorithms.scr:train:126 - Task 1 / 5
2023-01-16 12:02:14.262 | INFO     | algorithms.scr:train:127 - Classes in task: ['television', 'orange', 'rose', 'willow_tree', 'crab', 'fox', 'apple', 'cup', 'clock', 'possum', 'shrew', 'cloud', 'telephone', 'hamster', 'poppy', 'can', 'girl', 'caterpillar', 'cattle', 'maple_tree']
2023-01-16 12:02:14.263 | INFO     | algorithms.scr:train:134 - Starting epoch 1 / 1
2023-01-16 12:02:23.977 | INFO     | algorithms.scr:train:180 - 0:1:40, loss: 4.106
2023-01-16 12:02:33.741 | INFO     | algorithms.scr:train:180 - 0:1:80, loss: 5.211
2023-01-16 12:02:43.528 | INFO     | algorithms.scr:train:180 - 0:1:120, loss: 5.176
2023-01-16 12:02:53.325 | INFO     | algorithms.scr:train:180 - 0:1:160, loss: 5.155
2023-01-16 12:03:03.350 | INFO     | algorithms.scr:train:180 - 0:1:200, loss: 5.128
2023-01-16 12:03:13.545 | INFO     | algorithms.scr:train:180 - 0:1:240, loss: 5.115
2023-01-16 12:03:23.740 | INFO     | algorithms.scr:train:180 - 0:1:280, loss: 5.104
2023-01-16 12:03:33.928 | INFO     | algorithms.scr:train:180 - 0:1:320, loss: 5.065
2023-01-16 12:03:44.104 | INFO     | algorithms.scr:train:180 - 0:1:360, loss: 5.071
2023-01-16 12:03:54.334 | INFO     | algorithms.scr:train:180 - 0:1:400, loss: 5.044
2023-01-16 12:04:04.526 | INFO     | algorithms.scr:train:180 - 0:1:440, loss: 5.045
2023-01-16 12:04:14.716 | INFO     | algorithms.scr:train:180 - 0:1:480, loss: 5.015
2023-01-16 12:04:24.948 | INFO     | algorithms.scr:train:180 - 0:1:520, loss: 4.998
2023-01-16 12:04:35.138 | INFO     | algorithms.scr:train:180 - 0:1:560, loss: 4.997
2023-01-16 12:04:45.366 | INFO     | algorithms.scr:train:180 - 0:1:600, loss: 4.997
2023-01-16 12:04:55.578 | INFO     | algorithms.scr:train:180 - 0:1:640, loss: 4.979
2023-01-16 12:05:05.782 | INFO     | algorithms.scr:train:180 - 0:1:680, loss: 4.974
2023-01-16 12:05:15.989 | INFO     | algorithms.scr:train:180 - 0:1:720, loss: 4.953
2023-01-16 12:05:26.185 | INFO     | algorithms.scr:train:180 - 0:1:760, loss: 4.923
2023-01-16 12:05:36.395 | INFO     | algorithms.scr:train:180 - 0:1:800, loss: 4.905
2023-01-16 12:05:46.625 | INFO     | algorithms.scr:train:180 - 0:1:840, loss: 4.912
2023-01-16 12:05:56.819 | INFO     | algorithms.scr:train:180 - 0:1:880, loss: 4.899
2023-01-16 12:06:07.011 | INFO     | algorithms.scr:train:180 - 0:1:920, loss: 4.855
2023-01-16 12:06:17.212 | INFO     | algorithms.scr:train:180 - 0:1:960, loss: 4.884
2023-01-16 12:06:27.221 | DEBUG    | algorithms.scr:train:183 - Current sample stats:
2023-01-16 12:06:27.221 | DEBUG    | algorithms.scr:train:186 - 23 has 250 samples
2023-01-16 12:06:27.222 | DEBUG    | algorithms.scr:train:186 - 74 has 250 samples
2023-01-16 12:06:27.223 | DEBUG    | algorithms.scr:train:186 - 34 has 250 samples
2023-01-16 12:06:27.224 | DEBUG    | algorithms.scr:train:186 - 62 has 250 samples
2023-01-16 12:06:27.224 | DEBUG    | algorithms.scr:train:186 - 19 has 250 samples
2023-01-16 12:06:27.225 | DEBUG    | algorithms.scr:train:186 - 0 has 250 samples
2023-01-16 12:06:27.226 | DEBUG    | algorithms.scr:train:186 - 64 has 250 samples
2023-01-16 12:06:27.227 | DEBUG    | algorithms.scr:train:186 - 26 has 250 samples
2023-01-16 12:06:27.227 | DEBUG    | algorithms.scr:train:186 - 22 has 250 samples
2023-01-16 12:06:27.228 | DEBUG    | algorithms.scr:train:186 - 70 has 250 samples
2023-01-16 12:06:27.229 | DEBUG    | algorithms.scr:train:186 - 87 has 250 samples
2023-01-16 12:06:27.229 | DEBUG    | algorithms.scr:train:186 - 18 has 250 samples
2023-01-16 12:06:27.230 | DEBUG    | algorithms.scr:train:186 - 53 has 250 samples
2023-01-16 12:06:27.231 | DEBUG    | algorithms.scr:train:186 - 28 has 250 samples
2023-01-16 12:06:27.232 | DEBUG    | algorithms.scr:train:186 - 36 has 250 samples
2023-01-16 12:06:27.232 | DEBUG    | algorithms.scr:train:186 - 96 has 250 samples
2023-01-16 12:06:27.233 | DEBUG    | algorithms.scr:train:186 - 16 has 250 samples
2023-01-16 12:06:27.234 | DEBUG    | algorithms.scr:train:186 - 35 has 250 samples
2023-01-16 12:06:27.234 | DEBUG    | algorithms.scr:train:186 - 86 has 250 samples
2023-01-16 12:06:27.235 | DEBUG    | algorithms.scr:train:186 - 47 has 250 samples
2023-01-16 12:06:27.236 | INFO     | algorithms.scr:train:192 - 1, loss: 4.975
2023-01-16 12:06:27.237 | INFO     | algorithms.algorithm_base:run_base_task_metrics:146 - Running metrics: Task 0
2023-01-16 12:06:27.244 | INFO     | algorithms.scr:classify:209 - Generating fresh mean embedding vectors
2023-01-16 12:06:40.329 | DEBUG    | algorithms.scr:classify:231 - Generated mean embedding vectors for: dict_keys([23, 74, 34, 62, 19, 0, 64, 26, 22, 70, 87, 18, 53, 28, 36, 96, 16, 35, 86, 47])
2023-01-16 12:07:27.894 | DEBUG    | algorithms.algorithm_base:run_base_task_metrics:202 - Raw classification accuracy results saved to ./output/scr/1673870532.9363484_CIFAR100_OFFICIAL_RUN/task_0_accuracy_results.json
2023-01-16 12:07:27.896 | INFO     | algorithms.algorithm_base:run_base_task_metrics:203 - Correctly classified 854 / 10000 samples (8.54% correct)
2023-01-16 12:07:28.331 | INFO     | algorithms.scr:train:126 - Task 2 / 5
2023-01-16 12:07:28.336 | INFO     | algorithms.scr:train:127 - Classes in task: ['raccoon', 'rabbit', 'bee', 'lamp', 'lawn_mower', 'mountain', 'shark', 'boy', 'sweet_pepper', 'bus', 'crocodile', 'snail', 'turtle', 'lion', 'chair', 'squirrel', 'porcupine', 'pickup_truck', 'bowl', 'trout']
2023-01-16 12:07:28.337 | INFO     | algorithms.scr:train:134 - Starting epoch 1 / 1
2023-01-16 12:07:38.826 | INFO     | algorithms.scr:train:180 - 1:1:40, loss: 4.932
2023-01-16 12:07:49.026 | INFO     | algorithms.scr:train:180 - 1:1:80, loss: 4.795
2023-01-16 12:07:59.234 | INFO     | algorithms.scr:train:180 - 1:1:120, loss: 4.778
2023-01-16 12:08:09.456 | INFO     | algorithms.scr:train:180 - 1:1:160, loss: 4.760
2023-01-16 12:08:19.650 | INFO     | algorithms.scr:train:180 - 1:1:200, loss: 4.757
2023-01-16 12:08:29.853 | INFO     | algorithms.scr:train:180 - 1:1:240, loss: 4.739
2023-01-16 12:08:40.057 | INFO     | algorithms.scr:train:180 - 1:1:280, loss: 4.769
2023-01-16 12:08:50.265 | INFO     | algorithms.scr:train:180 - 1:1:320, loss: 4.757
2023-01-16 12:09:00.493 | INFO     | algorithms.scr:train:180 - 1:1:360, loss: 4.754
2023-01-16 12:09:10.678 | INFO     | algorithms.scr:train:180 - 1:1:400, loss: 4.698
2023-01-16 12:09:20.863 | INFO     | algorithms.scr:train:180 - 1:1:440, loss: 4.698
2023-01-16 12:09:31.034 | INFO     | algorithms.scr:train:180 - 1:1:480, loss: 4.675
2023-01-16 12:09:41.214 | INFO     | algorithms.scr:train:180 - 1:1:520, loss: 4.656
2023-01-16 12:09:51.413 | INFO     | algorithms.scr:train:180 - 1:1:560, loss: 4.674
2023-01-16 12:10:01.600 | INFO     | algorithms.scr:train:180 - 1:1:600, loss: 4.643
2023-01-16 12:10:11.772 | INFO     | algorithms.scr:train:180 - 1:1:640, loss: 4.625
2023-01-16 12:10:21.965 | INFO     | algorithms.scr:train:180 - 1:1:680, loss: 4.597
2023-01-16 12:10:32.157 | INFO     | algorithms.scr:train:180 - 1:1:720, loss: 4.565
2023-01-16 12:10:42.381 | INFO     | algorithms.scr:train:180 - 1:1:760, loss: 4.585
2023-01-16 12:10:52.592 | INFO     | algorithms.scr:train:180 - 1:1:800, loss: 4.554
2023-01-16 12:11:02.789 | INFO     | algorithms.scr:train:180 - 1:1:840, loss: 4.557
2023-01-16 12:11:12.990 | INFO     | algorithms.scr:train:180 - 1:1:880, loss: 4.586
2023-01-16 12:11:23.193 | INFO     | algorithms.scr:train:180 - 1:1:920, loss: 4.544
2023-01-16 12:11:33.411 | INFO     | algorithms.scr:train:180 - 1:1:960, loss: 4.492
2023-01-16 12:11:43.349 | DEBUG    | algorithms.scr:train:183 - Current sample stats:
2023-01-16 12:11:43.350 | DEBUG    | algorithms.scr:train:186 - 23 has 125 samples
2023-01-16 12:11:43.351 | DEBUG    | algorithms.scr:train:186 - 74 has 125 samples
2023-01-16 12:11:43.351 | DEBUG    | algorithms.scr:train:186 - 34 has 125 samples
2023-01-16 12:11:43.352 | DEBUG    | algorithms.scr:train:186 - 62 has 125 samples
2023-01-16 12:11:43.353 | DEBUG    | algorithms.scr:train:186 - 19 has 125 samples
2023-01-16 12:11:43.354 | DEBUG    | algorithms.scr:train:186 - 0 has 125 samples
2023-01-16 12:11:43.354 | DEBUG    | algorithms.scr:train:186 - 64 has 125 samples
2023-01-16 12:11:43.355 | DEBUG    | algorithms.scr:train:186 - 26 has 125 samples
2023-01-16 12:11:43.356 | DEBUG    | algorithms.scr:train:186 - 22 has 125 samples
2023-01-16 12:11:43.356 | DEBUG    | algorithms.scr:train:186 - 70 has 125 samples
2023-01-16 12:11:43.357 | DEBUG    | algorithms.scr:train:186 - 87 has 125 samples
2023-01-16 12:11:43.358 | DEBUG    | algorithms.scr:train:186 - 18 has 125 samples
2023-01-16 12:11:43.359 | DEBUG    | algorithms.scr:train:186 - 53 has 125 samples
2023-01-16 12:11:43.359 | DEBUG    | algorithms.scr:train:186 - 28 has 125 samples
2023-01-16 12:11:43.360 | DEBUG    | algorithms.scr:train:186 - 36 has 125 samples
2023-01-16 12:11:43.361 | DEBUG    | algorithms.scr:train:186 - 96 has 125 samples
2023-01-16 12:11:43.361 | DEBUG    | algorithms.scr:train:186 - 16 has 125 samples
2023-01-16 12:11:43.362 | DEBUG    | algorithms.scr:train:186 - 35 has 125 samples
2023-01-16 12:11:43.363 | DEBUG    | algorithms.scr:train:186 - 86 has 125 samples
2023-01-16 12:11:43.364 | DEBUG    | algorithms.scr:train:186 - 47 has 125 samples
2023-01-16 12:11:43.364 | DEBUG    | algorithms.scr:train:186 - 91 has 125 samples
2023-01-16 12:11:43.365 | DEBUG    | algorithms.scr:train:186 - 65 has 125 samples
2023-01-16 12:11:43.366 | DEBUG    | algorithms.scr:train:186 - 80 has 125 samples
2023-01-16 12:11:43.366 | DEBUG    | algorithms.scr:train:186 - 66 has 125 samples
2023-01-16 12:11:43.367 | DEBUG    | algorithms.scr:train:186 - 41 has 125 samples
2023-01-16 12:11:43.368 | DEBUG    | algorithms.scr:train:186 - 49 has 125 samples
2023-01-16 12:11:43.369 | DEBUG    | algorithms.scr:train:186 - 11 has 125 samples
2023-01-16 12:11:43.369 | DEBUG    | algorithms.scr:train:186 - 73 has 125 samples
2023-01-16 12:11:43.370 | DEBUG    | algorithms.scr:train:186 - 63 has 125 samples
2023-01-16 12:11:43.371 | DEBUG    | algorithms.scr:train:186 - 6 has 125 samples
2023-01-16 12:11:43.372 | DEBUG    | algorithms.scr:train:186 - 43 has 125 samples
2023-01-16 12:11:43.372 | DEBUG    | algorithms.scr:train:186 - 83 has 125 samples
2023-01-16 12:11:43.373 | DEBUG    | algorithms.scr:train:186 - 58 has 125 samples
2023-01-16 12:11:43.374 | DEBUG    | algorithms.scr:train:186 - 93 has 125 samples
2023-01-16 12:11:43.375 | DEBUG    | algorithms.scr:train:186 - 13 has 125 samples
2023-01-16 12:11:43.376 | DEBUG    | algorithms.scr:train:186 - 20 has 125 samples
2023-01-16 12:11:43.376 | DEBUG    | algorithms.scr:train:186 - 77 has 125 samples
2023-01-16 12:11:43.377 | DEBUG    | algorithms.scr:train:186 - 10 has 125 samples
2023-01-16 12:11:43.378 | DEBUG    | algorithms.scr:train:186 - 40 has 125 samples
2023-01-16 12:11:43.378 | DEBUG    | algorithms.scr:train:186 - 27 has 125 samples
2023-01-16 12:11:43.379 | INFO     | algorithms.scr:train:192 - 1, loss: 4.668
2023-01-16 12:11:43.380 | INFO     | algorithms.algorithm_base:run_base_task_metrics:146 - Running metrics: Task 1
2023-01-16 12:11:43.388 | INFO     | algorithms.scr:classify:209 - Generating fresh mean embedding vectors
2023-01-16 12:11:56.482 | DEBUG    | algorithms.scr:classify:231 - Generated mean embedding vectors for: dict_keys([23, 74, 34, 62, 19, 0, 64, 26, 22, 70, 87, 18, 53, 28, 36, 96, 16, 35, 86, 47, 91, 65, 80, 66, 41, 49, 11, 73, 63, 6, 43, 83, 58, 93, 13, 20, 77, 10, 40, 27])
2023-01-16 12:13:04.829 | DEBUG    | algorithms.algorithm_base:run_base_task_metrics:202 - Raw classification accuracy results saved to ./output/scr/1673870532.9363484_CIFAR100_OFFICIAL_RUN/task_1_accuracy_results.json
2023-01-16 12:13:04.831 | INFO     | algorithms.algorithm_base:run_base_task_metrics:203 - Correctly classified 1426 / 10000 samples (14.26% correct)
2023-01-16 12:13:05.212 | INFO     | algorithms.scr:train:126 - Task 3 / 5
2023-01-16 12:13:05.218 | INFO     | algorithms.scr:train:127 - Classes in task: ['worm', 'plate', 'motorcycle', 'ray', 'table', 'bear', 'streetcar', 'palm_tree', 'orchid', 'road', 'butterfly', 'wardrobe', 'mouse', 'man', 'whale', 'bottle', 'mushroom', 'pine_tree', 'pear', 'dolphin']
2023-01-16 12:13:05.219 | INFO     | algorithms.scr:train:134 - Starting epoch 1 / 1
2023-01-16 12:13:15.641 | INFO     | algorithms.scr:train:180 - 2:1:40, loss: 4.458
2023-01-16 12:13:25.821 | INFO     | algorithms.scr:train:180 - 2:1:80, loss: 4.336
2023-01-16 12:13:36.038 | INFO     | algorithms.scr:train:180 - 2:1:120, loss: 4.299
2023-01-16 12:13:46.268 | INFO     | algorithms.scr:train:180 - 2:1:160, loss: 4.310
2023-01-16 12:13:56.474 | INFO     | algorithms.scr:train:180 - 2:1:200, loss: 4.258
2023-01-16 12:14:06.666 | INFO     | algorithms.scr:train:180 - 2:1:240, loss: 4.277
2023-01-16 12:14:16.833 | INFO     | algorithms.scr:train:180 - 2:1:280, loss: 4.271
2023-01-16 12:14:27.020 | INFO     | algorithms.scr:train:180 - 2:1:320, loss: 4.213
2023-01-16 12:14:37.236 | INFO     | algorithms.scr:train:180 - 2:1:360, loss: 4.221
2023-01-16 12:14:47.441 | INFO     | algorithms.scr:train:180 - 2:1:400, loss: 4.219
2023-01-16 12:14:57.623 | INFO     | algorithms.scr:train:180 - 2:1:440, loss: 4.201
2023-01-16 12:15:07.795 | INFO     | algorithms.scr:train:180 - 2:1:480, loss: 4.215
2023-01-16 12:15:17.978 | INFO     | algorithms.scr:train:180 - 2:1:520, loss: 4.168
2023-01-16 12:15:28.185 | INFO     | algorithms.scr:train:180 - 2:1:560, loss: 4.163
2023-01-16 12:15:38.377 | INFO     | algorithms.scr:train:180 - 2:1:600, loss: 4.143
2023-01-16 12:15:48.565 | INFO     | algorithms.scr:train:180 - 2:1:640, loss: 4.139
2023-01-16 12:15:58.749 | INFO     | algorithms.scr:train:180 - 2:1:680, loss: 4.142
2023-01-16 12:16:08.944 | INFO     | algorithms.scr:train:180 - 2:1:720, loss: 4.138
2023-01-16 12:16:19.154 | INFO     | algorithms.scr:train:180 - 2:1:760, loss: 4.116
2023-01-16 12:16:29.344 | INFO     | algorithms.scr:train:180 - 2:1:800, loss: 4.108
2023-01-16 12:16:39.543 | INFO     | algorithms.scr:train:180 - 2:1:840, loss: 4.108
2023-01-16 12:16:49.739 | INFO     | algorithms.scr:train:180 - 2:1:880, loss: 4.113
2023-01-16 12:16:59.934 | INFO     | algorithms.scr:train:180 - 2:1:920, loss: 4.058
2023-01-16 12:17:10.170 | INFO     | algorithms.scr:train:180 - 2:1:960, loss: 4.067
2023-01-16 12:17:20.092 | DEBUG    | algorithms.scr:train:183 - Current sample stats:
2023-01-16 12:17:20.093 | DEBUG    | algorithms.scr:train:186 - 23 has 83 samples
2023-01-16 12:17:20.094 | DEBUG    | algorithms.scr:train:186 - 74 has 83 samples
2023-01-16 12:17:20.095 | DEBUG    | algorithms.scr:train:186 - 34 has 83 samples
2023-01-16 12:17:20.095 | DEBUG    | algorithms.scr:train:186 - 62 has 83 samples
2023-01-16 12:17:20.096 | DEBUG    | algorithms.scr:train:186 - 19 has 83 samples
2023-01-16 12:17:20.097 | DEBUG    | algorithms.scr:train:186 - 0 has 83 samples
2023-01-16 12:17:20.098 | DEBUG    | algorithms.scr:train:186 - 64 has 83 samples
2023-01-16 12:17:20.098 | DEBUG    | algorithms.scr:train:186 - 26 has 83 samples
2023-01-16 12:17:20.099 | DEBUG    | algorithms.scr:train:186 - 22 has 83 samples
2023-01-16 12:17:20.100 | DEBUG    | algorithms.scr:train:186 - 70 has 83 samples
2023-01-16 12:17:20.100 | DEBUG    | algorithms.scr:train:186 - 87 has 83 samples
2023-01-16 12:17:20.101 | DEBUG    | algorithms.scr:train:186 - 18 has 83 samples
2023-01-16 12:17:20.102 | DEBUG    | algorithms.scr:train:186 - 53 has 83 samples
2023-01-16 12:17:20.103 | DEBUG    | algorithms.scr:train:186 - 28 has 83 samples
2023-01-16 12:17:20.103 | DEBUG    | algorithms.scr:train:186 - 36 has 83 samples
2023-01-16 12:17:20.104 | DEBUG    | algorithms.scr:train:186 - 96 has 83 samples
2023-01-16 12:17:20.105 | DEBUG    | algorithms.scr:train:186 - 16 has 83 samples
2023-01-16 12:17:20.105 | DEBUG    | algorithms.scr:train:186 - 35 has 83 samples
2023-01-16 12:17:20.106 | DEBUG    | algorithms.scr:train:186 - 86 has 83 samples
2023-01-16 12:17:20.107 | DEBUG    | algorithms.scr:train:186 - 47 has 83 samples
2023-01-16 12:17:20.108 | DEBUG    | algorithms.scr:train:186 - 91 has 83 samples
2023-01-16 12:17:20.108 | DEBUG    | algorithms.scr:train:186 - 65 has 83 samples
2023-01-16 12:17:20.109 | DEBUG    | algorithms.scr:train:186 - 80 has 83 samples
2023-01-16 12:17:20.110 | DEBUG    | algorithms.scr:train:186 - 66 has 83 samples
2023-01-16 12:17:20.110 | DEBUG    | algorithms.scr:train:186 - 41 has 83 samples
2023-01-16 12:17:20.111 | DEBUG    | algorithms.scr:train:186 - 49 has 83 samples
2023-01-16 12:17:20.112 | DEBUG    | algorithms.scr:train:186 - 11 has 83 samples
2023-01-16 12:17:20.113 | DEBUG    | algorithms.scr:train:186 - 73 has 83 samples
2023-01-16 12:17:20.113 | DEBUG    | algorithms.scr:train:186 - 63 has 83 samples
2023-01-16 12:17:20.114 | DEBUG    | algorithms.scr:train:186 - 6 has 83 samples
2023-01-16 12:17:20.115 | DEBUG    | algorithms.scr:train:186 - 43 has 83 samples
2023-01-16 12:17:20.116 | DEBUG    | algorithms.scr:train:186 - 83 has 83 samples
2023-01-16 12:17:20.116 | DEBUG    | algorithms.scr:train:186 - 58 has 83 samples
2023-01-16 12:17:20.117 | DEBUG    | algorithms.scr:train:186 - 93 has 83 samples
2023-01-16 12:17:20.118 | DEBUG    | algorithms.scr:train:186 - 13 has 83 samples
2023-01-16 12:17:20.119 | DEBUG    | algorithms.scr:train:186 - 20 has 83 samples
2023-01-16 12:17:20.120 | DEBUG    | algorithms.scr:train:186 - 77 has 83 samples
2023-01-16 12:17:20.120 | DEBUG    | algorithms.scr:train:186 - 10 has 83 samples
2023-01-16 12:17:20.121 | DEBUG    | algorithms.scr:train:186 - 40 has 83 samples
2023-01-16 12:17:20.122 | DEBUG    | algorithms.scr:train:186 - 27 has 83 samples
2023-01-16 12:17:20.123 | DEBUG    | algorithms.scr:train:186 - 14 has 84 samples
2023-01-16 12:17:20.123 | DEBUG    | algorithms.scr:train:186 - 84 has 84 samples
2023-01-16 12:17:20.124 | DEBUG    | algorithms.scr:train:186 - 59 has 84 samples
2023-01-16 12:17:20.125 | DEBUG    | algorithms.scr:train:186 - 48 has 84 samples
2023-01-16 12:17:20.126 | DEBUG    | algorithms.scr:train:186 - 67 has 84 samples
2023-01-16 12:17:20.126 | DEBUG    | algorithms.scr:train:186 - 50 has 84 samples
2023-01-16 12:17:20.127 | DEBUG    | algorithms.scr:train:186 - 94 has 84 samples
2023-01-16 12:17:20.128 | DEBUG    | algorithms.scr:train:186 - 81 has 84 samples
2023-01-16 12:17:20.129 | DEBUG    | algorithms.scr:train:186 - 68 has 84 samples
2023-01-16 12:17:20.129 | DEBUG    | algorithms.scr:train:186 - 56 has 84 samples
2023-01-16 12:17:20.130 | DEBUG    | algorithms.scr:train:186 - 9 has 84 samples
2023-01-16 12:17:20.131 | DEBUG    | algorithms.scr:train:186 - 51 has 84 samples
2023-01-16 12:17:20.132 | DEBUG    | algorithms.scr:train:186 - 57 has 84 samples
2023-01-16 12:17:20.133 | DEBUG    | algorithms.scr:train:186 - 61 has 84 samples
2023-01-16 12:17:20.134 | DEBUG    | algorithms.scr:train:186 - 95 has 84 samples
2023-01-16 12:17:20.134 | DEBUG    | algorithms.scr:train:186 - 46 has 84 samples
2023-01-16 12:17:20.135 | DEBUG    | algorithms.scr:train:186 - 54 has 84 samples
2023-01-16 12:17:20.136 | DEBUG    | algorithms.scr:train:186 - 30 has 84 samples
2023-01-16 12:17:20.137 | DEBUG    | algorithms.scr:train:186 - 99 has 84 samples
2023-01-16 12:17:20.137 | DEBUG    | algorithms.scr:train:186 - 3 has 84 samples
2023-01-16 12:17:20.138 | INFO     | algorithms.scr:train:192 - 1, loss: 4.191
2023-01-16 12:17:20.139 | INFO     | algorithms.algorithm_base:run_base_task_metrics:146 - Running metrics: Task 2
2023-01-16 12:17:20.146 | INFO     | algorithms.scr:classify:209 - Generating fresh mean embedding vectors
2023-01-16 12:17:33.817 | DEBUG    | algorithms.scr:classify:231 - Generated mean embedding vectors for: dict_keys([23, 74, 34, 62, 19, 0, 64, 26, 22, 70, 87, 18, 53, 28, 36, 96, 16, 35, 86, 47, 91, 65, 80, 66, 41, 49, 11, 73, 63, 6, 43, 83, 58, 93, 13, 20, 77, 10, 40, 27, 14, 84, 59, 48, 67, 50, 94, 81, 68, 56, 9, 51, 57, 61, 95, 46, 54, 30, 99, 3])
2023-01-16 12:19:03.177 | DEBUG    | algorithms.algorithm_base:run_base_task_metrics:202 - Raw classification accuracy results saved to ./output/scr/1673870532.9363484_CIFAR100_OFFICIAL_RUN/task_2_accuracy_results.json
2023-01-16 12:19:03.179 | INFO     | algorithms.algorithm_base:run_base_task_metrics:203 - Correctly classified 2126 / 10000 samples (21.26% correct)
2023-01-16 12:19:03.555 | INFO     | algorithms.scr:train:126 - Task 4 / 5
2023-01-16 12:19:03.562 | INFO     | algorithms.scr:train:127 - Classes in task: ['house', 'couch', 'bridge', 'snake', 'plain', 'keyboard', 'rocket', 'chimpanzee', 'sea', 'oak_tree', 'otter', 'skunk', 'tank', 'bed', 'wolf', 'skyscraper', 'beetle', 'kangaroo', 'camel', 'woman']
2023-01-16 12:19:03.563 | INFO     | algorithms.scr:train:134 - Starting epoch 1 / 1
2023-01-16 12:19:13.994 | INFO     | algorithms.scr:train:180 - 3:1:40, loss: 3.980
2023-01-16 12:19:24.185 | INFO     | algorithms.scr:train:180 - 3:1:80, loss: 3.821
2023-01-16 12:19:34.402 | INFO     | algorithms.scr:train:180 - 3:1:120, loss: 3.837
2023-01-16 12:19:44.646 | INFO     | algorithms.scr:train:180 - 3:1:160, loss: 3.871
2023-01-16 12:19:54.805 | INFO     | algorithms.scr:train:180 - 3:1:200, loss: 3.840
2023-01-16 12:20:04.956 | INFO     | algorithms.scr:train:180 - 3:1:240, loss: 3.835
2023-01-16 12:20:15.091 | INFO     | algorithms.scr:train:180 - 3:1:280, loss: 3.826
2023-01-16 12:20:25.221 | INFO     | algorithms.scr:train:180 - 3:1:320, loss: 3.830
2023-01-16 12:20:35.414 | INFO     | algorithms.scr:train:180 - 3:1:360, loss: 3.780
2023-01-16 12:20:45.559 | INFO     | algorithms.scr:train:180 - 3:1:400, loss: 3.817
2023-01-16 12:20:55.721 | INFO     | algorithms.scr:train:180 - 3:1:440, loss: 3.815
2023-01-16 12:21:05.881 | INFO     | algorithms.scr:train:180 - 3:1:480, loss: 3.754
2023-01-16 12:21:16.013 | INFO     | algorithms.scr:train:180 - 3:1:520, loss: 3.750
2023-01-16 12:21:26.155 | INFO     | algorithms.scr:train:180 - 3:1:560, loss: 3.752
2023-01-16 12:21:36.312 | INFO     | algorithms.scr:train:180 - 3:1:600, loss: 3.775
2023-01-16 12:21:46.474 | INFO     | algorithms.scr:train:180 - 3:1:640, loss: 3.703
2023-01-16 12:21:56.644 | INFO     | algorithms.scr:train:180 - 3:1:680, loss: 3.724
2023-01-16 12:22:06.808 | INFO     | algorithms.scr:train:180 - 3:1:720, loss: 3.715
2023-01-16 12:22:16.996 | INFO     | algorithms.scr:train:180 - 3:1:760, loss: 3.705
2023-01-16 12:22:27.159 | INFO     | algorithms.scr:train:180 - 3:1:800, loss: 3.729
2023-01-16 12:22:37.331 | INFO     | algorithms.scr:train:180 - 3:1:840, loss: 3.685
2023-01-16 12:22:47.478 | INFO     | algorithms.scr:train:180 - 3:1:880, loss: 3.734
2023-01-16 12:22:57.637 | INFO     | algorithms.scr:train:180 - 3:1:920, loss: 3.722
2023-01-16 12:23:07.839 | INFO     | algorithms.scr:train:180 - 3:1:960, loss: 3.660
2023-01-16 12:23:17.760 | DEBUG    | algorithms.scr:train:183 - Current sample stats:
2023-01-16 12:23:17.761 | DEBUG    | algorithms.scr:train:186 - 23 has 62 samples
2023-01-16 12:23:17.762 | DEBUG    | algorithms.scr:train:186 - 74 has 62 samples
2023-01-16 12:23:17.763 | DEBUG    | algorithms.scr:train:186 - 34 has 62 samples
2023-01-16 12:23:17.764 | DEBUG    | algorithms.scr:train:186 - 62 has 62 samples
2023-01-16 12:23:17.764 | DEBUG    | algorithms.scr:train:186 - 19 has 62 samples
2023-01-16 12:23:17.765 | DEBUG    | algorithms.scr:train:186 - 0 has 62 samples
2023-01-16 12:23:17.766 | DEBUG    | algorithms.scr:train:186 - 64 has 62 samples
2023-01-16 12:23:17.767 | DEBUG    | algorithms.scr:train:186 - 26 has 62 samples
2023-01-16 12:23:17.767 | DEBUG    | algorithms.scr:train:186 - 22 has 62 samples
2023-01-16 12:23:17.768 | DEBUG    | algorithms.scr:train:186 - 70 has 62 samples
2023-01-16 12:23:17.769 | DEBUG    | algorithms.scr:train:186 - 87 has 62 samples
2023-01-16 12:23:17.769 | DEBUG    | algorithms.scr:train:186 - 18 has 62 samples
2023-01-16 12:23:17.770 | DEBUG    | algorithms.scr:train:186 - 53 has 62 samples
2023-01-16 12:23:17.771 | DEBUG    | algorithms.scr:train:186 - 28 has 62 samples
2023-01-16 12:23:17.772 | DEBUG    | algorithms.scr:train:186 - 36 has 62 samples
2023-01-16 12:23:17.772 | DEBUG    | algorithms.scr:train:186 - 96 has 62 samples
2023-01-16 12:23:17.773 | DEBUG    | algorithms.scr:train:186 - 16 has 62 samples
2023-01-16 12:23:17.774 | DEBUG    | algorithms.scr:train:186 - 35 has 62 samples
2023-01-16 12:23:17.775 | DEBUG    | algorithms.scr:train:186 - 86 has 62 samples
2023-01-16 12:23:17.775 | DEBUG    | algorithms.scr:train:186 - 47 has 62 samples
2023-01-16 12:23:17.776 | DEBUG    | algorithms.scr:train:186 - 91 has 62 samples
2023-01-16 12:23:17.777 | DEBUG    | algorithms.scr:train:186 - 65 has 62 samples
2023-01-16 12:23:17.777 | DEBUG    | algorithms.scr:train:186 - 80 has 62 samples
2023-01-16 12:23:17.778 | DEBUG    | algorithms.scr:train:186 - 66 has 62 samples
2023-01-16 12:23:17.779 | DEBUG    | algorithms.scr:train:186 - 41 has 62 samples
2023-01-16 12:23:17.780 | DEBUG    | algorithms.scr:train:186 - 49 has 62 samples
2023-01-16 12:23:17.780 | DEBUG    | algorithms.scr:train:186 - 11 has 62 samples
2023-01-16 12:23:17.781 | DEBUG    | algorithms.scr:train:186 - 73 has 62 samples
2023-01-16 12:23:17.782 | DEBUG    | algorithms.scr:train:186 - 63 has 62 samples
2023-01-16 12:23:17.783 | DEBUG    | algorithms.scr:train:186 - 6 has 62 samples
2023-01-16 12:23:17.783 | DEBUG    | algorithms.scr:train:186 - 43 has 62 samples
2023-01-16 12:23:17.784 | DEBUG    | algorithms.scr:train:186 - 83 has 62 samples
2023-01-16 12:23:17.785 | DEBUG    | algorithms.scr:train:186 - 58 has 62 samples
2023-01-16 12:23:17.786 | DEBUG    | algorithms.scr:train:186 - 93 has 62 samples
2023-01-16 12:23:17.786 | DEBUG    | algorithms.scr:train:186 - 13 has 62 samples
2023-01-16 12:23:17.788 | DEBUG    | algorithms.scr:train:186 - 20 has 62 samples
2023-01-16 12:23:17.788 | DEBUG    | algorithms.scr:train:186 - 77 has 62 samples
2023-01-16 12:23:17.789 | DEBUG    | algorithms.scr:train:186 - 10 has 62 samples
2023-01-16 12:23:17.790 | DEBUG    | algorithms.scr:train:186 - 40 has 62 samples
2023-01-16 12:23:17.791 | DEBUG    | algorithms.scr:train:186 - 27 has 62 samples
2023-01-16 12:23:17.791 | DEBUG    | algorithms.scr:train:186 - 14 has 63 samples
2023-01-16 12:23:17.792 | DEBUG    | algorithms.scr:train:186 - 84 has 63 samples
2023-01-16 12:23:17.793 | DEBUG    | algorithms.scr:train:186 - 59 has 63 samples
2023-01-16 12:23:17.793 | DEBUG    | algorithms.scr:train:186 - 48 has 63 samples
2023-01-16 12:23:17.794 | DEBUG    | algorithms.scr:train:186 - 67 has 63 samples
2023-01-16 12:23:17.795 | DEBUG    | algorithms.scr:train:186 - 50 has 63 samples
2023-01-16 12:23:17.796 | DEBUG    | algorithms.scr:train:186 - 94 has 63 samples
2023-01-16 12:23:17.797 | DEBUG    | algorithms.scr:train:186 - 81 has 63 samples
2023-01-16 12:23:17.797 | DEBUG    | algorithms.scr:train:186 - 68 has 63 samples
2023-01-16 12:23:17.798 | DEBUG    | algorithms.scr:train:186 - 56 has 63 samples
2023-01-16 12:23:17.799 | DEBUG    | algorithms.scr:train:186 - 9 has 63 samples
2023-01-16 12:23:17.800 | DEBUG    | algorithms.scr:train:186 - 51 has 63 samples
2023-01-16 12:23:17.800 | DEBUG    | algorithms.scr:train:186 - 57 has 63 samples
2023-01-16 12:23:17.801 | DEBUG    | algorithms.scr:train:186 - 61 has 63 samples
2023-01-16 12:23:17.802 | DEBUG    | algorithms.scr:train:186 - 95 has 63 samples
2023-01-16 12:23:17.803 | DEBUG    | algorithms.scr:train:186 - 46 has 63 samples
2023-01-16 12:23:17.804 | DEBUG    | algorithms.scr:train:186 - 54 has 63 samples
2023-01-16 12:23:17.805 | DEBUG    | algorithms.scr:train:186 - 30 has 63 samples
2023-01-16 12:23:17.806 | DEBUG    | algorithms.scr:train:186 - 99 has 63 samples
2023-01-16 12:23:17.806 | DEBUG    | algorithms.scr:train:186 - 3 has 63 samples
2023-01-16 12:23:17.807 | DEBUG    | algorithms.scr:train:186 - 85 has 63 samples
2023-01-16 12:23:17.808 | DEBUG    | algorithms.scr:train:186 - 52 has 63 samples
2023-01-16 12:23:17.809 | DEBUG    | algorithms.scr:train:186 - 55 has 63 samples
2023-01-16 12:23:17.809 | DEBUG    | algorithms.scr:train:186 - 97 has 63 samples
2023-01-16 12:23:17.810 | DEBUG    | algorithms.scr:train:186 - 71 has 63 samples
2023-01-16 12:23:17.811 | DEBUG    | algorithms.scr:train:186 - 25 has 63 samples
2023-01-16 12:23:17.811 | DEBUG    | algorithms.scr:train:186 - 98 has 63 samples
2023-01-16 12:23:17.812 | DEBUG    | algorithms.scr:train:186 - 76 has 63 samples
2023-01-16 12:23:17.813 | DEBUG    | algorithms.scr:train:186 - 60 has 63 samples
2023-01-16 12:23:17.814 | DEBUG    | algorithms.scr:train:186 - 38 has 63 samples
2023-01-16 12:23:17.814 | DEBUG    | algorithms.scr:train:186 - 7 has 63 samples
2023-01-16 12:23:17.815 | DEBUG    | algorithms.scr:train:186 - 69 has 63 samples
2023-01-16 12:23:17.816 | DEBUG    | algorithms.scr:train:186 - 12 has 63 samples
2023-01-16 12:23:17.817 | DEBUG    | algorithms.scr:train:186 - 75 has 63 samples
2023-01-16 12:23:17.817 | DEBUG    | algorithms.scr:train:186 - 15 has 63 samples
2023-01-16 12:23:17.819 | DEBUG    | algorithms.scr:train:186 - 21 has 63 samples
2023-01-16 12:23:17.819 | DEBUG    | algorithms.scr:train:186 - 5 has 63 samples
2023-01-16 12:23:17.820 | DEBUG    | algorithms.scr:train:186 - 78 has 63 samples
2023-01-16 12:23:17.821 | DEBUG    | algorithms.scr:train:186 - 37 has 63 samples
2023-01-16 12:23:17.822 | DEBUG    | algorithms.scr:train:186 - 39 has 63 samples
2023-01-16 12:23:17.822 | INFO     | algorithms.scr:train:192 - 1, loss: 3.772
2023-01-16 12:23:17.823 | INFO     | algorithms.algorithm_base:run_base_task_metrics:146 - Running metrics: Task 3
2023-01-16 12:23:17.831 | INFO     | algorithms.scr:classify:209 - Generating fresh mean embedding vectors
2023-01-16 12:23:31.010 | DEBUG    | algorithms.scr:classify:231 - Generated mean embedding vectors for: dict_keys([23, 74, 34, 62, 19, 0, 64, 26, 22, 70, 87, 18, 53, 28, 36, 96, 16, 35, 86, 47, 91, 65, 80, 66, 41, 49, 11, 73, 63, 6, 43, 83, 58, 93, 13, 20, 77, 10, 40, 27, 14, 84, 59, 48, 67, 50, 94, 81, 68, 56, 9, 51, 57, 61, 95, 46, 54, 30, 99, 3, 85, 52, 55, 97, 71, 25, 98, 76, 60, 38, 7, 69, 12, 75, 15, 21, 5, 78, 37, 39])
2023-01-16 12:25:20.962 | DEBUG    | algorithms.algorithm_base:run_base_task_metrics:202 - Raw classification accuracy results saved to ./output/scr/1673870532.9363484_CIFAR100_OFFICIAL_RUN/task_3_accuracy_results.json
2023-01-16 12:25:20.964 | INFO     | algorithms.algorithm_base:run_base_task_metrics:203 - Correctly classified 2664 / 10000 samples (26.64% correct)
2023-01-16 12:25:21.337 | INFO     | algorithms.scr:train:126 - Task 5 / 5
2023-01-16 12:25:21.344 | INFO     | algorithms.scr:train:127 - Classes in task: ['lizard', 'tulip', 'spider', 'forest', 'dinosaur', 'castle', 'bicycle', 'flatfish', 'lobster', 'train', 'baby', 'tiger', 'cockroach', 'leopard', 'elephant', 'tractor', 'sunflower', 'aquarium_fish', 'beaver', 'seal']
2023-01-16 12:25:21.345 | INFO     | algorithms.scr:train:134 - Starting epoch 1 / 1
2023-01-16 12:25:31.797 | INFO     | algorithms.scr:train:180 - 4:1:40, loss: 3.592
2023-01-16 12:25:41.986 | INFO     | algorithms.scr:train:180 - 4:1:80, loss: 3.499
2023-01-16 12:25:52.198 | INFO     | algorithms.scr:train:180 - 4:1:120, loss: 3.506
2023-01-16 12:26:02.414 | INFO     | algorithms.scr:train:180 - 4:1:160, loss: 3.573
2023-01-16 12:26:12.594 | INFO     | algorithms.scr:train:180 - 4:1:200, loss: 3.545
2023-01-16 12:26:22.790 | INFO     | algorithms.scr:train:180 - 4:1:240, loss: 3.512
2023-01-16 12:26:32.998 | INFO     | algorithms.scr:train:180 - 4:1:280, loss: 3.555
2023-01-16 12:26:43.174 | INFO     | algorithms.scr:train:180 - 4:1:320, loss: 3.492
2023-01-16 12:26:53.387 | INFO     | algorithms.scr:train:180 - 4:1:360, loss: 3.532
2023-01-16 12:27:03.608 | INFO     | algorithms.scr:train:180 - 4:1:400, loss: 3.541
2023-01-16 12:27:13.822 | INFO     | algorithms.scr:train:180 - 4:1:440, loss: 3.566
2023-01-16 12:27:15.355 | WARNING  | algorithms.buffers:add_sample:52 - Duplicate hash: -712686588005176951
2023-01-16 12:27:24.014 | INFO     | algorithms.scr:train:180 - 4:1:480, loss: 3.488
2023-01-16 12:27:25.032 | WARNING  | algorithms.buffers:add_sample:52 - Duplicate hash: 4535118762234699859
2023-01-16 12:27:34.195 | INFO     | algorithms.scr:train:180 - 4:1:520, loss: 3.436
2023-01-16 12:27:44.374 | INFO     | algorithms.scr:train:180 - 4:1:560, loss: 3.411
2023-01-16 12:27:54.575 | INFO     | algorithms.scr:train:180 - 4:1:600, loss: 3.465
2023-01-16 12:28:04.745 | INFO     | algorithms.scr:train:180 - 4:1:640, loss: 3.431
2023-01-16 12:28:14.946 | INFO     | algorithms.scr:train:180 - 4:1:680, loss: 3.437
2023-01-16 12:28:25.128 | INFO     | algorithms.scr:train:180 - 4:1:720, loss: 3.460
2023-01-16 12:28:35.350 | INFO     | algorithms.scr:train:180 - 4:1:760, loss: 3.400
2023-01-16 12:28:45.546 | INFO     | algorithms.scr:train:180 - 4:1:800, loss: 3.445
2023-01-16 12:28:55.716 | INFO     | algorithms.scr:train:180 - 4:1:840, loss: 3.432
2023-01-16 12:29:05.913 | INFO     | algorithms.scr:train:180 - 4:1:880, loss: 3.474
2023-01-16 12:29:16.117 | INFO     | algorithms.scr:train:180 - 4:1:920, loss: 3.379
2023-01-16 12:29:26.322 | INFO     | algorithms.scr:train:180 - 4:1:960, loss: 3.414
2023-01-16 12:29:36.259 | DEBUG    | algorithms.scr:train:183 - Current sample stats:
2023-01-16 12:29:36.260 | DEBUG    | algorithms.scr:train:186 - 23 has 50 samples
2023-01-16 12:29:36.260 | DEBUG    | algorithms.scr:train:186 - 74 has 50 samples
2023-01-16 12:29:36.261 | DEBUG    | algorithms.scr:train:186 - 34 has 50 samples
2023-01-16 12:29:36.262 | DEBUG    | algorithms.scr:train:186 - 62 has 50 samples
2023-01-16 12:29:36.263 | DEBUG    | algorithms.scr:train:186 - 19 has 50 samples
2023-01-16 12:29:36.263 | DEBUG    | algorithms.scr:train:186 - 0 has 50 samples
2023-01-16 12:29:36.264 | DEBUG    | algorithms.scr:train:186 - 64 has 50 samples
2023-01-16 12:29:36.265 | DEBUG    | algorithms.scr:train:186 - 26 has 50 samples
2023-01-16 12:29:36.266 | DEBUG    | algorithms.scr:train:186 - 22 has 50 samples
2023-01-16 12:29:36.266 | DEBUG    | algorithms.scr:train:186 - 70 has 50 samples
2023-01-16 12:29:36.267 | DEBUG    | algorithms.scr:train:186 - 87 has 50 samples
2023-01-16 12:29:36.268 | DEBUG    | algorithms.scr:train:186 - 18 has 50 samples
2023-01-16 12:29:36.268 | DEBUG    | algorithms.scr:train:186 - 53 has 50 samples
2023-01-16 12:29:36.269 | DEBUG    | algorithms.scr:train:186 - 28 has 50 samples
2023-01-16 12:29:36.270 | DEBUG    | algorithms.scr:train:186 - 36 has 50 samples
2023-01-16 12:29:36.271 | DEBUG    | algorithms.scr:train:186 - 96 has 50 samples
2023-01-16 12:29:36.271 | DEBUG    | algorithms.scr:train:186 - 16 has 50 samples
2023-01-16 12:29:36.272 | DEBUG    | algorithms.scr:train:186 - 35 has 50 samples
2023-01-16 12:29:36.273 | DEBUG    | algorithms.scr:train:186 - 86 has 50 samples
2023-01-16 12:29:36.274 | DEBUG    | algorithms.scr:train:186 - 47 has 50 samples
2023-01-16 12:29:36.274 | DEBUG    | algorithms.scr:train:186 - 91 has 50 samples
2023-01-16 12:29:36.275 | DEBUG    | algorithms.scr:train:186 - 65 has 50 samples
2023-01-16 12:29:36.276 | DEBUG    | algorithms.scr:train:186 - 80 has 50 samples
2023-01-16 12:29:36.277 | DEBUG    | algorithms.scr:train:186 - 66 has 50 samples
2023-01-16 12:29:36.277 | DEBUG    | algorithms.scr:train:186 - 41 has 50 samples
2023-01-16 12:29:36.278 | DEBUG    | algorithms.scr:train:186 - 49 has 50 samples
2023-01-16 12:29:36.279 | DEBUG    | algorithms.scr:train:186 - 11 has 50 samples
2023-01-16 12:29:36.279 | DEBUG    | algorithms.scr:train:186 - 73 has 50 samples
2023-01-16 12:29:36.280 | DEBUG    | algorithms.scr:train:186 - 63 has 50 samples
2023-01-16 12:29:36.281 | DEBUG    | algorithms.scr:train:186 - 6 has 50 samples
2023-01-16 12:29:36.282 | DEBUG    | algorithms.scr:train:186 - 43 has 50 samples
2023-01-16 12:29:36.282 | DEBUG    | algorithms.scr:train:186 - 83 has 50 samples
2023-01-16 12:29:36.283 | DEBUG    | algorithms.scr:train:186 - 58 has 50 samples
2023-01-16 12:29:36.284 | DEBUG    | algorithms.scr:train:186 - 93 has 50 samples
2023-01-16 12:29:36.284 | DEBUG    | algorithms.scr:train:186 - 13 has 50 samples
2023-01-16 12:29:36.285 | DEBUG    | algorithms.scr:train:186 - 20 has 50 samples
2023-01-16 12:29:36.286 | DEBUG    | algorithms.scr:train:186 - 77 has 50 samples
2023-01-16 12:29:36.287 | DEBUG    | algorithms.scr:train:186 - 10 has 50 samples
2023-01-16 12:29:36.289 | DEBUG    | algorithms.scr:train:186 - 40 has 50 samples
2023-01-16 12:29:36.289 | DEBUG    | algorithms.scr:train:186 - 27 has 50 samples
2023-01-16 12:29:36.290 | DEBUG    | algorithms.scr:train:186 - 14 has 50 samples
2023-01-16 12:29:36.291 | DEBUG    | algorithms.scr:train:186 - 84 has 50 samples
2023-01-16 12:29:36.292 | DEBUG    | algorithms.scr:train:186 - 59 has 50 samples
2023-01-16 12:29:36.293 | DEBUG    | algorithms.scr:train:186 - 48 has 50 samples
2023-01-16 12:29:36.294 | DEBUG    | algorithms.scr:train:186 - 67 has 50 samples
2023-01-16 12:29:36.294 | DEBUG    | algorithms.scr:train:186 - 50 has 50 samples
2023-01-16 12:29:36.295 | DEBUG    | algorithms.scr:train:186 - 94 has 50 samples
2023-01-16 12:29:36.296 | DEBUG    | algorithms.scr:train:186 - 81 has 50 samples
2023-01-16 12:29:36.297 | DEBUG    | algorithms.scr:train:186 - 68 has 50 samples
2023-01-16 12:29:36.298 | DEBUG    | algorithms.scr:train:186 - 56 has 50 samples
2023-01-16 12:29:36.299 | DEBUG    | algorithms.scr:train:186 - 9 has 50 samples
2023-01-16 12:29:36.300 | DEBUG    | algorithms.scr:train:186 - 51 has 50 samples
2023-01-16 12:29:36.301 | DEBUG    | algorithms.scr:train:186 - 57 has 50 samples
2023-01-16 12:29:36.301 | DEBUG    | algorithms.scr:train:186 - 61 has 50 samples
2023-01-16 12:29:36.302 | DEBUG    | algorithms.scr:train:186 - 95 has 50 samples
2023-01-16 12:29:36.303 | DEBUG    | algorithms.scr:train:186 - 46 has 50 samples
2023-01-16 12:29:36.304 | DEBUG    | algorithms.scr:train:186 - 54 has 50 samples
2023-01-16 12:29:36.305 | DEBUG    | algorithms.scr:train:186 - 30 has 50 samples
2023-01-16 12:29:36.306 | DEBUG    | algorithms.scr:train:186 - 99 has 50 samples
2023-01-16 12:29:36.306 | DEBUG    | algorithms.scr:train:186 - 3 has 50 samples
2023-01-16 12:29:36.307 | DEBUG    | algorithms.scr:train:186 - 85 has 50 samples
2023-01-16 12:29:36.308 | DEBUG    | algorithms.scr:train:186 - 52 has 50 samples
2023-01-16 12:29:36.309 | DEBUG    | algorithms.scr:train:186 - 55 has 50 samples
2023-01-16 12:29:36.309 | DEBUG    | algorithms.scr:train:186 - 97 has 50 samples
2023-01-16 12:29:36.310 | DEBUG    | algorithms.scr:train:186 - 71 has 50 samples
2023-01-16 12:29:36.311 | DEBUG    | algorithms.scr:train:186 - 25 has 50 samples
2023-01-16 12:29:36.311 | DEBUG    | algorithms.scr:train:186 - 98 has 50 samples
2023-01-16 12:29:36.312 | DEBUG    | algorithms.scr:train:186 - 76 has 50 samples
2023-01-16 12:29:36.313 | DEBUG    | algorithms.scr:train:186 - 60 has 50 samples
2023-01-16 12:29:36.314 | DEBUG    | algorithms.scr:train:186 - 38 has 50 samples
2023-01-16 12:29:36.314 | DEBUG    | algorithms.scr:train:186 - 7 has 50 samples
2023-01-16 12:29:36.315 | DEBUG    | algorithms.scr:train:186 - 69 has 50 samples
2023-01-16 12:29:36.316 | DEBUG    | algorithms.scr:train:186 - 12 has 50 samples
2023-01-16 12:29:36.316 | DEBUG    | algorithms.scr:train:186 - 75 has 50 samples
2023-01-16 12:29:36.317 | DEBUG    | algorithms.scr:train:186 - 15 has 50 samples
2023-01-16 12:29:36.318 | DEBUG    | algorithms.scr:train:186 - 21 has 50 samples
2023-01-16 12:29:36.318 | DEBUG    | algorithms.scr:train:186 - 5 has 50 samples
2023-01-16 12:29:36.320 | DEBUG    | algorithms.scr:train:186 - 78 has 50 samples
2023-01-16 12:29:36.321 | DEBUG    | algorithms.scr:train:186 - 37 has 50 samples
2023-01-16 12:29:36.321 | DEBUG    | algorithms.scr:train:186 - 39 has 50 samples
2023-01-16 12:29:36.322 | DEBUG    | algorithms.scr:train:186 - 32 has 50 samples
2023-01-16 12:29:36.323 | DEBUG    | algorithms.scr:train:186 - 89 has 50 samples
2023-01-16 12:29:36.324 | DEBUG    | algorithms.scr:train:186 - 92 has 50 samples
2023-01-16 12:29:36.325 | DEBUG    | algorithms.scr:train:186 - 72 has 50 samples
2023-01-16 12:29:36.325 | DEBUG    | algorithms.scr:train:186 - 29 has 50 samples
2023-01-16 12:29:36.326 | DEBUG    | algorithms.scr:train:186 - 8 has 50 samples
2023-01-16 12:29:36.327 | DEBUG    | algorithms.scr:train:186 - 31 has 50 samples
2023-01-16 12:29:36.327 | DEBUG    | algorithms.scr:train:186 - 24 has 50 samples
2023-01-16 12:29:36.328 | DEBUG    | algorithms.scr:train:186 - 1 has 50 samples
2023-01-16 12:29:36.329 | DEBUG    | algorithms.scr:train:186 - 88 has 50 samples
2023-01-16 12:29:36.329 | DEBUG    | algorithms.scr:train:186 - 4 has 50 samples
2023-01-16 12:29:36.330 | DEBUG    | algorithms.scr:train:186 - 90 has 50 samples
2023-01-16 12:29:36.331 | DEBUG    | algorithms.scr:train:186 - 42 has 50 samples
2023-01-16 12:29:36.332 | DEBUG    | algorithms.scr:train:186 - 2 has 50 samples
2023-01-16 12:29:36.332 | DEBUG    | algorithms.scr:train:186 - 33 has 50 samples
2023-01-16 12:29:36.333 | DEBUG    | algorithms.scr:train:186 - 82 has 50 samples
2023-01-16 12:29:36.334 | DEBUG    | algorithms.scr:train:186 - 79 has 50 samples
2023-01-16 12:29:36.334 | DEBUG    | algorithms.scr:train:186 - 17 has 50 samples
2023-01-16 12:29:36.336 | DEBUG    | algorithms.scr:train:186 - 44 has 50 samples
2023-01-16 12:29:36.336 | DEBUG    | algorithms.scr:train:186 - 45 has 50 samples
2023-01-16 12:29:36.337 | INFO     | algorithms.scr:train:192 - 1, loss: 3.480
2023-01-16 12:29:36.338 | INFO     | algorithms.algorithm_base:run_base_task_metrics:146 - Running metrics: Task 4
2023-01-16 12:29:36.346 | INFO     | algorithms.scr:classify:209 - Generating fresh mean embedding vectors
2023-01-16 12:29:49.496 | DEBUG    | algorithms.scr:classify:231 - Generated mean embedding vectors for: dict_keys([23, 74, 34, 62, 19, 0, 64, 26, 22, 70, 87, 18, 53, 28, 36, 96, 16, 35, 86, 47, 91, 65, 80, 66, 41, 49, 11, 73, 63, 6, 43, 83, 58, 93, 13, 20, 77, 10, 40, 27, 14, 84, 59, 48, 67, 50, 94, 81, 68, 56, 9, 51, 57, 61, 95, 46, 54, 30, 99, 3, 85, 52, 55, 97, 71, 25, 98, 76, 60, 38, 7, 69, 12, 75, 15, 21, 5, 78, 37, 39, 32, 89, 92, 72, 29, 8, 31, 24, 1, 88, 4, 90, 42, 2, 33, 82, 79, 17, 44, 45])
2023-01-16 12:32:00.501 | DEBUG    | algorithms.algorithm_base:run_base_task_metrics:202 - Raw classification accuracy results saved to ./output/scr/1673870532.9363484_CIFAR100_OFFICIAL_RUN/task_4_accuracy_results.json
2023-01-16 12:32:00.503 | INFO     | algorithms.algorithm_base:run_base_task_metrics:203 - Correctly classified 2948 / 10000 samples (29.48% correct)
2023-01-16 12:32:00.875 | INFO     | algorithms.scr:train:201 - Training complete
2023-01-16 12:32:00.882 | INFO     | __main__:run_experiment:253 - Training and evaluation completed!
2023-01-16 12:32:00.884 | INFO     | __main__:run_experiment:267 - Wrote usage stats to file
2023-01-16 12:32:00.884 | INFO     | __main__:main:307 - Complete
2023-01-16 12:32:00.886 | INFO     | __main__:close_tensorboard_writer:215 - Shut down TensorBoard
