2023-04-18 08:13:13.078 | INFO     | __main__:setup_files:218 - Experiment Name: OFFICIAL_RUN
2023-04-18 08:13:13.079 | INFO     | __main__:main:334 - Command line arguments: Configuration(algorithm='scr', dataset='cifar10', classes_per_task=2, seed=2843, samples=1000)
2023-04-18 08:13:13.082 | INFO     | __main__:main:338 - Seeded random to 2843
2023-04-18 08:13:13.082 | INFO     | __main__:main:342 - Got CUDA device
2023-04-18 08:13:13.083 | INFO     | __main__:force_cuda_load:268 - Forcing CUDA initialisation...
2023-04-18 08:13:13.141 | INFO     | __main__:main:346 - CUDA initialised
2023-04-18 08:13:13.142 | INFO     | __main__:setup_shutdown_hook:264 - To access TensorBoard, run the command: tensorboard --logdir=./output_cifar10_varied_sampling/scr/1681801993.0738578_CIFAR10_OFFICIAL_RUN
2023-04-18 08:13:13.144 | INFO     | __main__:main:350 - Setup shutdown hooks
2023-04-18 08:13:13.167 | INFO     | __main__:main:355 - Model is setup
2023-04-18 08:13:13.168 | INFO     | __main__:main:357 - Complete pre-setup, starting experiment
2023-04-18 08:13:14.342 | INFO     | datasets.dataset_base:__init__:80 - Using disjoint tasks with 2 (5 tasks) with a randomised split
2023-04-18 08:13:14.344 | DEBUG    | datasets.dataset_base:_setup_task_datasets:95 - Splitting dataset into 5 disjoint tasks
2023-04-18 08:13:14.362 | INFO     | datasets.dataset_base:__init__:85 - {
  "name": "datasets.cifar10.CIFAR10",
  "dataset_class": "torchvision.datasets.cifar.CIFAR10",
  "training_dataset_parameters": "{'train': True, 'download': True}",
  "testing_dataset_parameters": "{'train': False, 'download': True}",
  "training_transform": "Compose(\n    Resize(size=(32, 32), interpolation=bilinear, max_size=None, antialias=None)\n    ToTensor()\n    Normalize(mean=(0.4914, 0.4822, 0.4465), std=(0.247, 0.2435, 0.2616))\n    RandomCrop(size=(32, 32), padding=4)\n    RandomHorizontalFlip(p=0.5)\n)",
  "testing_transform": "Compose(\n    Resize(size=(32, 32), interpolation=bilinear, max_size=None, antialias=None)\n    ToTensor()\n    Normalize(mean=(0.4914, 0.4822, 0.4465), std=(0.247, 0.2435, 0.2616))\n)",
  "classes": "plane, car, bird, cat, deer, dog, frog, horse, ship, truck",
  "disjoint": true,
  "task_count": 5,
  "classes_per_task": [
    2
  ],
  "task_split_indices": [
    [
      4,
      3
    ],
    [
      7,
      2
    ],
    [
      1,
      6
    ],
    [
      5,
      8
    ],
    [
      0,
      9
    ]
  ],
  "task_split_classes": [
    [
      "deer",
      "cat"
    ],
    [
      "horse",
      "bird"
    ],
    [
      "car",
      "frog"
    ],
    [
      "dog",
      "ship"
    ],
    [
      "plane",
      "truck"
    ]
  ]
}
2023-04-18 08:13:14.384 | DEBUG    | __main__:run_experiment:292 - PID: 5284
2023-04-18 08:13:14.386 | INFO     | __main__:run_experiment:294 - Starting...
2023-04-18 08:13:14.387 | INFO     | algorithms.algorithm_base:train:116 - {
  "name": "algorithms.scr.SupervisedContrastiveReplay",
  "model_class": "models.scr.scr_resnet.SupConResNet",
  "device": "cuda:0",
  "dataset_class": "datasets.cifar10.CIFAR10",
  "optimiser_class": "torch.optim.sgd.SGD",
  "loss_criterion_class": "torch.nn.modules.loss.CrossEntropyLoss",
  "epochs_per_task": 1,
  "batch_size": 10,
  "max_memory_samples": 1000,
  "memory_batch_size": 100,
  "tau (temperature)": 0.07,
  "lr": 0.1
}
2023-04-18 08:13:14.388 | DEBUG    | algorithms.algorithm_base:_setup_training:109 - Model moved to cuda:0 and set to train mode
2023-04-18 08:13:14.389 | INFO     | algorithms.algorithm_base:train:118 - Starting training
2023-04-18 08:13:14.390 | INFO     | algorithms.scr:train:126 - Task 1 / 5
2023-04-18 08:13:14.390 | INFO     | algorithms.scr:train:127 - Classes in task: ['deer', 'cat']
2023-04-18 08:13:14.391 | INFO     | algorithms.scr:train:134 - Starting epoch 1 / 1
2023-04-18 08:13:24.211 | INFO     | algorithms.scr:train:180 - 0:1:40, loss: 4.187
2023-04-18 08:13:34.056 | INFO     | algorithms.scr:train:180 - 0:1:80, loss: 5.381
2023-04-18 08:13:43.919 | INFO     | algorithms.scr:train:180 - 0:1:120, loss: 5.372
2023-04-18 08:13:53.803 | INFO     | algorithms.scr:train:180 - 0:1:160, loss: 5.365
2023-04-18 08:14:03.950 | INFO     | algorithms.scr:train:180 - 0:1:200, loss: 5.357
2023-04-18 08:14:14.227 | INFO     | algorithms.scr:train:180 - 0:1:240, loss: 5.350
2023-04-18 08:14:24.481 | INFO     | algorithms.scr:train:180 - 0:1:280, loss: 5.338
2023-04-18 08:14:34.755 | INFO     | algorithms.scr:train:180 - 0:1:320, loss: 5.336
2023-04-18 08:14:45.018 | INFO     | algorithms.scr:train:180 - 0:1:360, loss: 5.328
2023-04-18 08:14:55.333 | INFO     | algorithms.scr:train:180 - 0:1:400, loss: 5.318
2023-04-18 08:15:05.626 | INFO     | algorithms.scr:train:180 - 0:1:440, loss: 5.312
2023-04-18 08:15:15.915 | INFO     | algorithms.scr:train:180 - 0:1:480, loss: 5.307
2023-04-18 08:15:26.167 | INFO     | algorithms.scr:train:180 - 0:1:520, loss: 5.312
2023-04-18 08:15:36.457 | INFO     | algorithms.scr:train:180 - 0:1:560, loss: 5.302
2023-04-18 08:15:46.757 | INFO     | algorithms.scr:train:180 - 0:1:600, loss: 5.304
2023-04-18 08:15:57.019 | INFO     | algorithms.scr:train:180 - 0:1:640, loss: 5.307
2023-04-18 08:16:07.292 | INFO     | algorithms.scr:train:180 - 0:1:680, loss: 5.297
2023-04-18 08:16:17.570 | INFO     | algorithms.scr:train:180 - 0:1:720, loss: 5.286
2023-04-18 08:16:27.808 | INFO     | algorithms.scr:train:180 - 0:1:760, loss: 5.274
2023-04-18 08:16:38.070 | INFO     | algorithms.scr:train:180 - 0:1:800, loss: 5.269
2023-04-18 08:16:48.353 | INFO     | algorithms.scr:train:180 - 0:1:840, loss: 5.257
2023-04-18 08:16:58.645 | INFO     | algorithms.scr:train:180 - 0:1:880, loss: 5.260
2023-04-18 08:17:08.912 | INFO     | algorithms.scr:train:180 - 0:1:920, loss: 5.270
2023-04-18 08:17:19.219 | INFO     | algorithms.scr:train:180 - 0:1:960, loss: 5.270
2023-04-18 08:17:29.237 | DEBUG    | algorithms.scr:train:183 - Current sample stats:
2023-04-18 08:17:29.237 | DEBUG    | algorithms.scr:train:186 - 3 has 500 samples
2023-04-18 08:17:29.238 | DEBUG    | algorithms.scr:train:186 - 4 has 500 samples
2023-04-18 08:17:29.239 | INFO     | algorithms.scr:train:192 - 1, loss: 5.265
2023-04-18 08:17:29.240 | INFO     | algorithms.algorithm_base:run_base_task_metrics:144 - Running metrics: Task 0
2023-04-18 08:17:29.248 | INFO     | algorithms.scr:classify:209 - Generating fresh mean embedding vectors
2023-04-18 08:17:31.772 | DEBUG    | algorithms.scr:classify:231 - Generated mean embedding vectors for: dict_keys([3, 4])
2023-04-18 08:17:58.532 | DEBUG    | algorithms.algorithm_base:run_base_task_metrics:200 - Raw classification accuracy results saved to ./output_cifar10_varied_sampling/scr/1681801993.0738578_CIFAR10_OFFICIAL_RUN/task_0_accuracy_results.json
2023-04-18 08:17:58.533 | INFO     | algorithms.algorithm_base:run_base_task_metrics:201 - Correctly classified 1705 / 10000 samples (17.05% correct)
2023-04-18 08:17:58.726 | INFO     | algorithms.scr:train:126 - Task 2 / 5
2023-04-18 08:17:58.730 | INFO     | algorithms.scr:train:127 - Classes in task: ['horse', 'bird']
2023-04-18 08:17:58.731 | INFO     | algorithms.scr:train:134 - Starting epoch 1 / 1
2023-04-18 08:18:09.243 | INFO     | algorithms.scr:train:180 - 1:1:40, loss: 5.431
2023-04-18 08:18:19.498 | INFO     | algorithms.scr:train:180 - 1:1:80, loss: 5.320
2023-04-18 08:18:29.738 | INFO     | algorithms.scr:train:180 - 1:1:120, loss: 5.302
2023-04-18 08:18:40.051 | INFO     | algorithms.scr:train:180 - 1:1:160, loss: 5.297
2023-04-18 08:18:50.322 | INFO     | algorithms.scr:train:180 - 1:1:200, loss: 5.278
2023-04-18 08:19:00.581 | INFO     | algorithms.scr:train:180 - 1:1:240, loss: 5.267
2023-04-18 08:19:10.835 | INFO     | algorithms.scr:train:180 - 1:1:280, loss: 5.253
2023-04-18 08:19:21.108 | INFO     | algorithms.scr:train:180 - 1:1:320, loss: 5.249
2023-04-18 08:19:31.364 | INFO     | algorithms.scr:train:180 - 1:1:360, loss: 5.223
2023-04-18 08:19:41.631 | INFO     | algorithms.scr:train:180 - 1:1:400, loss: 5.222
2023-04-18 08:19:51.906 | INFO     | algorithms.scr:train:180 - 1:1:440, loss: 5.218
2023-04-18 08:20:02.175 | INFO     | algorithms.scr:train:180 - 1:1:480, loss: 5.207
2023-04-18 08:20:12.471 | INFO     | algorithms.scr:train:180 - 1:1:520, loss: 5.188
2023-04-18 08:20:22.729 | INFO     | algorithms.scr:train:180 - 1:1:560, loss: 5.155
2023-04-18 08:20:33.005 | INFO     | algorithms.scr:train:180 - 1:1:600, loss: 5.158
2023-04-18 08:20:43.291 | INFO     | algorithms.scr:train:180 - 1:1:640, loss: 5.141
2023-04-18 08:20:53.504 | INFO     | algorithms.scr:train:180 - 1:1:680, loss: 5.135
2023-04-18 08:21:03.791 | INFO     | algorithms.scr:train:180 - 1:1:720, loss: 5.130
2023-04-18 08:21:14.046 | INFO     | algorithms.scr:train:180 - 1:1:760, loss: 5.119
2023-04-18 08:21:24.259 | INFO     | algorithms.scr:train:180 - 1:1:800, loss: 5.106
2023-04-18 08:21:34.513 | INFO     | algorithms.scr:train:180 - 1:1:840, loss: 5.095
2023-04-18 08:21:44.775 | INFO     | algorithms.scr:train:180 - 1:1:880, loss: 5.076
2023-04-18 08:21:55.039 | INFO     | algorithms.scr:train:180 - 1:1:920, loss: 5.054
2023-04-18 08:22:05.282 | INFO     | algorithms.scr:train:180 - 1:1:960, loss: 5.051
2023-04-18 08:22:15.296 | DEBUG    | algorithms.scr:train:183 - Current sample stats:
2023-04-18 08:22:15.297 | DEBUG    | algorithms.scr:train:186 - 3 has 250 samples
2023-04-18 08:22:15.297 | DEBUG    | algorithms.scr:train:186 - 4 has 250 samples
2023-04-18 08:22:15.298 | DEBUG    | algorithms.scr:train:186 - 2 has 250 samples
2023-04-18 08:22:15.299 | DEBUG    | algorithms.scr:train:186 - 7 has 250 samples
2023-04-18 08:22:15.299 | INFO     | algorithms.scr:train:192 - 1, loss: 5.188
2023-04-18 08:22:15.300 | INFO     | algorithms.algorithm_base:run_base_task_metrics:144 - Running metrics: Task 1
2023-04-18 08:22:15.308 | INFO     | algorithms.scr:classify:209 - Generating fresh mean embedding vectors
2023-04-18 08:22:17.793 | DEBUG    | algorithms.scr:classify:231 - Generated mean embedding vectors for: dict_keys([3, 4, 2, 7])
2023-04-18 08:22:46.722 | DEBUG    | algorithms.algorithm_base:run_base_task_metrics:200 - Raw classification accuracy results saved to ./output_cifar10_varied_sampling/scr/1681801993.0738578_CIFAR10_OFFICIAL_RUN/task_1_accuracy_results.json
2023-04-18 08:22:46.723 | INFO     | algorithms.algorithm_base:run_base_task_metrics:201 - Correctly classified 2628 / 10000 samples (26.28% correct)
2023-04-18 08:22:46.856 | INFO     | algorithms.scr:train:126 - Task 3 / 5
2023-04-18 08:22:46.861 | INFO     | algorithms.scr:train:127 - Classes in task: ['car', 'frog']
2023-04-18 08:22:46.862 | INFO     | algorithms.scr:train:134 - Starting epoch 1 / 1
2023-04-18 08:22:57.406 | INFO     | algorithms.scr:train:180 - 2:1:40, loss: 5.201
2023-04-18 08:23:07.713 | INFO     | algorithms.scr:train:180 - 2:1:80, loss: 4.992
2023-04-18 08:23:17.985 | INFO     | algorithms.scr:train:180 - 2:1:120, loss: 4.932
2023-04-18 08:23:28.238 | INFO     | algorithms.scr:train:180 - 2:1:160, loss: 4.894
2023-04-18 08:23:38.522 | INFO     | algorithms.scr:train:180 - 2:1:200, loss: 4.871
2023-04-18 08:23:48.759 | INFO     | algorithms.scr:train:180 - 2:1:240, loss: 4.859
2023-04-18 08:23:59.060 | INFO     | algorithms.scr:train:180 - 2:1:280, loss: 4.804
2023-04-18 08:24:09.312 | INFO     | algorithms.scr:train:180 - 2:1:320, loss: 4.767
2023-04-18 08:24:19.585 | INFO     | algorithms.scr:train:180 - 2:1:360, loss: 4.751
2023-04-18 08:24:29.871 | INFO     | algorithms.scr:train:180 - 2:1:400, loss: 4.729
2023-04-18 08:24:40.158 | INFO     | algorithms.scr:train:180 - 2:1:440, loss: 4.696
2023-04-18 08:24:50.413 | INFO     | algorithms.scr:train:180 - 2:1:480, loss: 4.700
2023-04-18 08:25:00.688 | INFO     | algorithms.scr:train:180 - 2:1:520, loss: 4.703
2023-04-18 08:25:10.972 | INFO     | algorithms.scr:train:180 - 2:1:560, loss: 4.669
2023-04-18 08:25:21.239 | INFO     | algorithms.scr:train:180 - 2:1:600, loss: 4.652
2023-04-18 08:25:31.561 | INFO     | algorithms.scr:train:180 - 2:1:640, loss: 4.631
2023-04-18 08:25:41.811 | INFO     | algorithms.scr:train:180 - 2:1:680, loss: 4.599
2023-04-18 08:25:52.085 | INFO     | algorithms.scr:train:180 - 2:1:720, loss: 4.602
2023-04-18 08:26:02.350 | INFO     | algorithms.scr:train:180 - 2:1:760, loss: 4.598
2023-04-18 08:26:12.615 | INFO     | algorithms.scr:train:180 - 2:1:800, loss: 4.575
2023-04-18 08:26:22.912 | INFO     | algorithms.scr:train:180 - 2:1:840, loss: 4.566
2023-04-18 08:26:33.178 | INFO     | algorithms.scr:train:180 - 2:1:880, loss: 4.562
2023-04-18 08:26:43.459 | INFO     | algorithms.scr:train:180 - 2:1:920, loss: 4.519
2023-04-18 08:26:53.723 | INFO     | algorithms.scr:train:180 - 2:1:960, loss: 4.524
2023-04-18 08:27:03.766 | DEBUG    | algorithms.scr:train:183 - Current sample stats:
2023-04-18 08:27:03.767 | DEBUG    | algorithms.scr:train:186 - 3 has 166 samples
2023-04-18 08:27:03.767 | DEBUG    | algorithms.scr:train:186 - 4 has 166 samples
2023-04-18 08:27:03.768 | DEBUG    | algorithms.scr:train:186 - 2 has 167 samples
2023-04-18 08:27:03.769 | DEBUG    | algorithms.scr:train:186 - 7 has 167 samples
2023-04-18 08:27:03.770 | DEBUG    | algorithms.scr:train:186 - 1 has 167 samples
2023-04-18 08:27:03.770 | DEBUG    | algorithms.scr:train:186 - 6 has 167 samples
2023-04-18 08:27:03.771 | INFO     | algorithms.scr:train:192 - 1, loss: 4.716
2023-04-18 08:27:03.772 | INFO     | algorithms.algorithm_base:run_base_task_metrics:144 - Running metrics: Task 2
2023-04-18 08:27:03.779 | INFO     | algorithms.scr:classify:209 - Generating fresh mean embedding vectors
2023-04-18 08:27:06.263 | DEBUG    | algorithms.scr:classify:231 - Generated mean embedding vectors for: dict_keys([3, 4, 2, 7, 1, 6])
2023-04-18 08:27:37.588 | DEBUG    | algorithms.algorithm_base:run_base_task_metrics:200 - Raw classification accuracy results saved to ./output_cifar10_varied_sampling/scr/1681801993.0738578_CIFAR10_OFFICIAL_RUN/task_2_accuracy_results.json
2023-04-18 08:27:37.589 | INFO     | algorithms.algorithm_base:run_base_task_metrics:201 - Correctly classified 4070 / 10000 samples (40.70% correct)
2023-04-18 08:27:37.722 | INFO     | algorithms.scr:train:126 - Task 4 / 5
2023-04-18 08:27:37.727 | INFO     | algorithms.scr:train:127 - Classes in task: ['dog', 'ship']
2023-04-18 08:27:37.728 | INFO     | algorithms.scr:train:134 - Starting epoch 1 / 1
2023-04-18 08:27:48.300 | INFO     | algorithms.scr:train:180 - 3:1:40, loss: 4.699
2023-04-18 08:27:58.560 | INFO     | algorithms.scr:train:180 - 3:1:80, loss: 4.618
2023-04-18 08:28:08.835 | INFO     | algorithms.scr:train:180 - 3:1:120, loss: 4.568
2023-04-18 08:28:19.097 | INFO     | algorithms.scr:train:180 - 3:1:160, loss: 4.547
2023-04-18 08:28:29.387 | INFO     | algorithms.scr:train:180 - 3:1:200, loss: 4.546
2023-04-18 08:28:39.644 | INFO     | algorithms.scr:train:180 - 3:1:240, loss: 4.501
2023-04-18 08:28:49.932 | INFO     | algorithms.scr:train:180 - 3:1:280, loss: 4.477
2023-04-18 08:29:00.225 | INFO     | algorithms.scr:train:180 - 3:1:320, loss: 4.427
2023-04-18 08:29:10.523 | INFO     | algorithms.scr:train:180 - 3:1:360, loss: 4.445
2023-04-18 08:29:20.818 | INFO     | algorithms.scr:train:180 - 3:1:400, loss: 4.414
2023-04-18 08:29:31.092 | INFO     | algorithms.scr:train:180 - 3:1:440, loss: 4.402
2023-04-18 08:29:41.358 | INFO     | algorithms.scr:train:180 - 3:1:480, loss: 4.377
2023-04-18 08:29:51.652 | INFO     | algorithms.scr:train:180 - 3:1:520, loss: 4.371
2023-04-18 08:30:01.923 | INFO     | algorithms.scr:train:180 - 3:1:560, loss: 4.333
2023-04-18 08:30:12.183 | INFO     | algorithms.scr:train:180 - 3:1:600, loss: 4.322
2023-04-18 08:30:22.449 | INFO     | algorithms.scr:train:180 - 3:1:640, loss: 4.343
2023-04-18 08:30:32.697 | INFO     | algorithms.scr:train:180 - 3:1:680, loss: 4.336
2023-04-18 08:30:42.978 | INFO     | algorithms.scr:train:180 - 3:1:720, loss: 4.294
2023-04-18 08:30:53.303 | INFO     | algorithms.scr:train:180 - 3:1:760, loss: 4.325
2023-04-18 08:31:03.551 | INFO     | algorithms.scr:train:180 - 3:1:800, loss: 4.275
2023-04-18 08:31:13.816 | INFO     | algorithms.scr:train:180 - 3:1:840, loss: 4.279
2023-04-18 08:31:24.056 | INFO     | algorithms.scr:train:180 - 3:1:880, loss: 4.265
2023-04-18 08:31:34.343 | INFO     | algorithms.scr:train:180 - 3:1:920, loss: 4.234
2023-04-18 08:31:44.590 | INFO     | algorithms.scr:train:180 - 3:1:960, loss: 4.277
2023-04-18 08:31:54.623 | DEBUG    | algorithms.scr:train:183 - Current sample stats:
2023-04-18 08:31:54.624 | DEBUG    | algorithms.scr:train:186 - 3 has 125 samples
2023-04-18 08:31:54.625 | DEBUG    | algorithms.scr:train:186 - 4 has 125 samples
2023-04-18 08:31:54.626 | DEBUG    | algorithms.scr:train:186 - 2 has 125 samples
2023-04-18 08:31:54.626 | DEBUG    | algorithms.scr:train:186 - 7 has 125 samples
2023-04-18 08:31:54.627 | DEBUG    | algorithms.scr:train:186 - 1 has 125 samples
2023-04-18 08:31:54.628 | DEBUG    | algorithms.scr:train:186 - 6 has 125 samples
2023-04-18 08:31:54.629 | DEBUG    | algorithms.scr:train:186 - 8 has 125 samples
2023-04-18 08:31:54.629 | DEBUG    | algorithms.scr:train:186 - 5 has 125 samples
2023-04-18 08:31:54.630 | INFO     | algorithms.scr:train:192 - 1, loss: 4.397
2023-04-18 08:31:54.631 | INFO     | algorithms.algorithm_base:run_base_task_metrics:144 - Running metrics: Task 3
2023-04-18 08:31:54.638 | INFO     | algorithms.scr:classify:209 - Generating fresh mean embedding vectors
2023-04-18 08:31:57.148 | DEBUG    | algorithms.scr:classify:231 - Generated mean embedding vectors for: dict_keys([3, 4, 2, 7, 1, 6, 8, 5])
2023-04-18 08:32:30.005 | DEBUG    | algorithms.algorithm_base:run_base_task_metrics:200 - Raw classification accuracy results saved to ./output_cifar10_varied_sampling/scr/1681801993.0738578_CIFAR10_OFFICIAL_RUN/task_3_accuracy_results.json
2023-04-18 08:32:30.007 | INFO     | algorithms.algorithm_base:run_base_task_metrics:201 - Correctly classified 5281 / 10000 samples (52.81% correct)
2023-04-18 08:32:30.139 | INFO     | algorithms.scr:train:126 - Task 5 / 5
2023-04-18 08:32:30.144 | INFO     | algorithms.scr:train:127 - Classes in task: ['plane', 'truck']
2023-04-18 08:32:30.144 | INFO     | algorithms.scr:train:134 - Starting epoch 1 / 1
2023-04-18 08:32:40.640 | INFO     | algorithms.scr:train:180 - 4:1:40, loss: 4.507
2023-04-18 08:32:50.911 | INFO     | algorithms.scr:train:180 - 4:1:80, loss: 4.368
2023-04-18 08:33:01.167 | INFO     | algorithms.scr:train:180 - 4:1:120, loss: 4.350
2023-04-18 08:33:11.396 | INFO     | algorithms.scr:train:180 - 4:1:160, loss: 4.298
2023-04-18 08:33:21.646 | INFO     | algorithms.scr:train:180 - 4:1:200, loss: 4.284
2023-04-18 08:33:31.891 | INFO     | algorithms.scr:train:180 - 4:1:240, loss: 4.229
2023-04-18 08:33:42.139 | INFO     | algorithms.scr:train:180 - 4:1:280, loss: 4.230
2023-04-18 08:33:52.405 | INFO     | algorithms.scr:train:180 - 4:1:320, loss: 4.234
2023-04-18 08:34:02.657 | INFO     | algorithms.scr:train:180 - 4:1:360, loss: 4.210
2023-04-18 08:34:12.922 | INFO     | algorithms.scr:train:180 - 4:1:400, loss: 4.183
2023-04-18 08:34:23.182 | INFO     | algorithms.scr:train:180 - 4:1:440, loss: 4.143
2023-04-18 08:34:33.450 | INFO     | algorithms.scr:train:180 - 4:1:480, loss: 4.124
2023-04-18 08:34:43.742 | INFO     | algorithms.scr:train:180 - 4:1:520, loss: 4.108
2023-04-18 08:34:53.996 | INFO     | algorithms.scr:train:180 - 4:1:560, loss: 4.104
2023-04-18 08:35:04.245 | INFO     | algorithms.scr:train:180 - 4:1:600, loss: 4.123
2023-04-18 08:35:14.497 | INFO     | algorithms.scr:train:180 - 4:1:640, loss: 4.058
2023-04-18 08:35:24.767 | INFO     | algorithms.scr:train:180 - 4:1:680, loss: 4.063
2023-04-18 08:35:34.995 | INFO     | algorithms.scr:train:180 - 4:1:720, loss: 4.034
2023-04-18 08:35:45.271 | INFO     | algorithms.scr:train:180 - 4:1:760, loss: 4.065
2023-04-18 08:35:55.527 | INFO     | algorithms.scr:train:180 - 4:1:800, loss: 4.019
2023-04-18 08:36:05.787 | INFO     | algorithms.scr:train:180 - 4:1:840, loss: 4.025
2023-04-18 08:36:16.046 | INFO     | algorithms.scr:train:180 - 4:1:880, loss: 4.026
2023-04-18 08:36:26.321 | INFO     | algorithms.scr:train:180 - 4:1:920, loss: 4.007
2023-04-18 08:36:36.584 | INFO     | algorithms.scr:train:180 - 4:1:960, loss: 4.014
2023-04-18 08:36:46.569 | DEBUG    | algorithms.scr:train:183 - Current sample stats:
2023-04-18 08:36:46.570 | DEBUG    | algorithms.scr:train:186 - 3 has 100 samples
2023-04-18 08:36:46.571 | DEBUG    | algorithms.scr:train:186 - 4 has 100 samples
2023-04-18 08:36:46.572 | DEBUG    | algorithms.scr:train:186 - 2 has 100 samples
2023-04-18 08:36:46.572 | DEBUG    | algorithms.scr:train:186 - 7 has 100 samples
2023-04-18 08:36:46.573 | DEBUG    | algorithms.scr:train:186 - 1 has 100 samples
2023-04-18 08:36:46.574 | DEBUG    | algorithms.scr:train:186 - 6 has 100 samples
2023-04-18 08:36:46.574 | DEBUG    | algorithms.scr:train:186 - 8 has 100 samples
2023-04-18 08:36:46.575 | DEBUG    | algorithms.scr:train:186 - 5 has 100 samples
2023-04-18 08:36:46.576 | DEBUG    | algorithms.scr:train:186 - 0 has 100 samples
2023-04-18 08:36:46.577 | DEBUG    | algorithms.scr:train:186 - 9 has 100 samples
2023-04-18 08:36:46.577 | INFO     | algorithms.scr:train:192 - 1, loss: 4.152
2023-04-18 08:36:46.578 | INFO     | algorithms.algorithm_base:run_base_task_metrics:144 - Running metrics: Task 4
2023-04-18 08:36:46.585 | INFO     | algorithms.scr:classify:209 - Generating fresh mean embedding vectors
2023-04-18 08:36:49.084 | DEBUG    | algorithms.scr:classify:231 - Generated mean embedding vectors for: dict_keys([3, 4, 2, 7, 1, 6, 8, 5, 0, 9])
2023-04-18 08:37:23.981 | DEBUG    | algorithms.algorithm_base:run_base_task_metrics:200 - Raw classification accuracy results saved to ./output_cifar10_varied_sampling/scr/1681801993.0738578_CIFAR10_OFFICIAL_RUN/task_4_accuracy_results.json
2023-04-18 08:37:23.982 | INFO     | algorithms.algorithm_base:run_base_task_metrics:201 - Correctly classified 6287 / 10000 samples (62.87% correct)
2023-04-18 08:37:24.114 | INFO     | algorithms.scr:train:201 - Training complete
2023-04-18 08:37:24.120 | INFO     | __main__:run_experiment:300 - Training and evaluation completed!
2023-04-18 08:37:24.121 | INFO     | __main__:run_experiment:314 - Wrote usage stats to file
2023-04-18 08:37:24.122 | INFO     | __main__:main:363 - Complete
2023-04-18 08:37:24.123 | INFO     | __main__:close_tensorboard_writer:262 - Shut down TensorBoard
