2023-04-13 17:30:22.446 | INFO     | __main__:setup_files:218 - Experiment Name: OFFICIAL_RUN
2023-04-13 17:30:22.448 | INFO     | __main__:main:334 - Command line arguments: Configuration(algorithm='scr', dataset='cifar100', classes_per_task=20, seed=2843, samples=2000)
2023-04-13 17:30:22.450 | INFO     | __main__:main:338 - Seeded random to 2843
2023-04-13 17:30:22.450 | INFO     | __main__:main:342 - Got CUDA device
2023-04-13 17:30:22.451 | INFO     | __main__:force_cuda_load:268 - Forcing CUDA initialisation...
2023-04-13 17:30:22.511 | INFO     | __main__:main:346 - CUDA initialised
2023-04-13 17:30:22.513 | INFO     | __main__:setup_shutdown_hook:264 - To access TensorBoard, run the command: tensorboard --logdir=./output_cifar100_varied_sampling/scr/1681403422.4421775_CIFAR100_OFFICIAL_RUN
2023-04-13 17:30:22.515 | INFO     | __main__:main:350 - Setup shutdown hooks
2023-04-13 17:30:22.542 | INFO     | __main__:main:355 - Model is setup
2023-04-13 17:30:22.544 | INFO     | __main__:main:357 - Complete pre-setup, starting experiment
2023-04-13 17:30:23.734 | INFO     | datasets.dataset_base:__init__:80 - Using disjoint tasks with 20 (5 tasks) with a randomised split
2023-04-13 17:30:23.737 | DEBUG    | datasets.dataset_base:_setup_task_datasets:95 - Splitting dataset into 5 disjoint tasks
2023-04-13 17:30:23.756 | INFO     | datasets.dataset_base:__init__:85 - {
  "name": "datasets.cifar100.CIFAR100",
  "dataset_class": "torchvision.datasets.cifar.CIFAR100",
  "training_dataset_parameters": "{'train': True, 'download': True}",
  "testing_dataset_parameters": "{'train': False, 'download': True}",
  "training_transform": "Compose(\n    Resize(size=(32, 32), interpolation=bilinear, max_size=None, antialias=None)\n    ToTensor()\n    Normalize(mean=(0.5071, 0.4867, 0.4408), std=(0.2675, 0.2565, 0.2761))\n    RandomCrop(size=(32, 32), padding=4)\n    RandomHorizontalFlip(p=0.5)\n)",
  "testing_transform": "Compose(\n    Resize(size=(32, 32), interpolation=bilinear, max_size=None, antialias=None)\n    ToTensor()\n    Normalize(mean=(0.5071, 0.4867, 0.4408), std=(0.2675, 0.2565, 0.2761))\n)",
  "classes": "apple, aquarium_fish, baby, bear, beaver, bed, bee, beetle, bicycle, bottle, bowl, boy, bridge, bus, butterfly, camel, can, castle, caterpillar, cattle, chair, chimpanzee, clock, cloud, cockroach, couch, crab, crocodile, cup, dinosaur, dolphin, elephant, flatfish, forest, fox, girl, hamster, house, kangaroo, keyboard, lamp, lawn_mower, leopard, lion, lizard, lobster, man, maple_tree, motorcycle, mountain, mouse, mushroom, oak_tree, orange, orchid, otter, palm_tree, pear, pickup_truck, pine_tree, plain, plate, poppy, porcupine, possum, rabbit, raccoon, ray, road, rocket, rose, sea, seal, shark, shrew, skunk, skyscraper, snail, snake, spider, squirrel, streetcar, sunflower, sweet_pepper, table, tank, telephone, television, tiger, tractor, train, trout, tulip, turtle, wardrobe, whale, willow_tree, wolf, woman, worm",
  "disjoint": true,
  "task_count": 5,
  "classes_per_task": [
    20
  ],
  "task_split_indices": [
    [
      87,
      53,
      70,
      96,
      26,
      34,
      0,
      28,
      22,
      64,
      74,
      23,
      86,
      36,
      62,
      16,
      35,
      18,
      19,
      47
    ],
    [
      66,
      65,
      6,
      40,
      41,
      49,
      73,
      11,
      83,
      13,
      27,
      77,
      93,
      43,
      20,
      80,
      63,
      58,
      10,
      91
    ],
    [
      99,
      61,
      48,
      67,
      84,
      3,
      81,
      56,
      54,
      68,
      14,
      94,
      50,
      46,
      95,
      9,
      51,
      59,
      57,
      30
    ],
    [
      37,
      25,
      12,
      78,
      60,
      39,
      69,
      21,
      71,
      52,
      55,
      75,
      85,
      5,
      97,
      76,
      7,
      38,
      15,
      98
    ],
    [
      44,
      92,
      79,
      33,
      29,
      17,
      8,
      32,
      45,
      90,
      2,
      88,
      24,
      42,
      31,
      89,
      82,
      1,
      4,
      72
    ]
  ],
  "task_split_classes": [
    [
      "television",
      "orange",
      "rose",
      "willow_tree",
      "crab",
      "fox",
      "apple",
      "cup",
      "clock",
      "possum",
      "shrew",
      "cloud",
      "telephone",
      "hamster",
      "poppy",
      "can",
      "girl",
      "caterpillar",
      "cattle",
      "maple_tree"
    ],
    [
      "raccoon",
      "rabbit",
      "bee",
      "lamp",
      "lawn_mower",
      "mountain",
      "shark",
      "boy",
      "sweet_pepper",
      "bus",
      "crocodile",
      "snail",
      "turtle",
      "lion",
      "chair",
      "squirrel",
      "porcupine",
      "pickup_truck",
      "bowl",
      "trout"
    ],
    [
      "worm",
      "plate",
      "motorcycle",
      "ray",
      "table",
      "bear",
      "streetcar",
      "palm_tree",
      "orchid",
      "road",
      "butterfly",
      "wardrobe",
      "mouse",
      "man",
      "whale",
      "bottle",
      "mushroom",
      "pine_tree",
      "pear",
      "dolphin"
    ],
    [
      "house",
      "couch",
      "bridge",
      "snake",
      "plain",
      "keyboard",
      "rocket",
      "chimpanzee",
      "sea",
      "oak_tree",
      "otter",
      "skunk",
      "tank",
      "bed",
      "wolf",
      "skyscraper",
      "beetle",
      "kangaroo",
      "camel",
      "woman"
    ],
    [
      "lizard",
      "tulip",
      "spider",
      "forest",
      "dinosaur",
      "castle",
      "bicycle",
      "flatfish",
      "lobster",
      "train",
      "baby",
      "tiger",
      "cockroach",
      "leopard",
      "elephant",
      "tractor",
      "sunflower",
      "aquarium_fish",
      "beaver",
      "seal"
    ]
  ]
}
2023-04-13 17:30:23.783 | DEBUG    | __main__:run_experiment:292 - PID: 9636
2023-04-13 17:30:23.785 | INFO     | __main__:run_experiment:294 - Starting...
2023-04-13 17:30:23.785 | INFO     | algorithms.algorithm_base:train:116 - {
  "name": "algorithms.scr.SupervisedContrastiveReplay",
  "model_class": "models.scr.scr_resnet.SupConResNet",
  "device": "cuda:0",
  "dataset_class": "datasets.cifar100.CIFAR100",
  "optimiser_class": "torch.optim.sgd.SGD",
  "loss_criterion_class": "torch.nn.modules.loss.CrossEntropyLoss",
  "epochs_per_task": 1,
  "batch_size": 10,
  "max_memory_samples": 2000,
  "memory_batch_size": 100,
  "tau (temperature)": 0.07,
  "lr": 0.1
}
2023-04-13 17:30:23.786 | DEBUG    | algorithms.algorithm_base:_setup_training:109 - Model moved to cuda:0 and set to train mode
2023-04-13 17:30:23.787 | INFO     | algorithms.algorithm_base:train:118 - Starting training
2023-04-13 17:30:23.788 | INFO     | algorithms.scr:train:126 - Task 1 / 5
2023-04-13 17:30:23.789 | INFO     | algorithms.scr:train:127 - Classes in task: ['television', 'orange', 'rose', 'willow_tree', 'crab', 'fox', 'apple', 'cup', 'clock', 'possum', 'shrew', 'cloud', 'telephone', 'hamster', 'poppy', 'can', 'girl', 'caterpillar', 'cattle', 'maple_tree']
2023-04-13 17:30:23.789 | INFO     | algorithms.scr:train:134 - Starting epoch 1 / 1
2023-04-13 17:30:33.484 | INFO     | algorithms.scr:train:180 - 0:1:40, loss: 4.109
2023-04-13 17:30:42.917 | INFO     | algorithms.scr:train:180 - 0:1:80, loss: 5.221
2023-04-13 17:30:52.348 | INFO     | algorithms.scr:train:180 - 0:1:120, loss: 5.190
2023-04-13 17:31:01.772 | INFO     | algorithms.scr:train:180 - 0:1:160, loss: 5.161
2023-04-13 17:31:11.491 | INFO     | algorithms.scr:train:180 - 0:1:200, loss: 5.133
2023-04-13 17:31:21.410 | INFO     | algorithms.scr:train:180 - 0:1:240, loss: 5.098
2023-04-13 17:31:31.250 | INFO     | algorithms.scr:train:180 - 0:1:280, loss: 5.082
2023-04-13 17:31:41.087 | INFO     | algorithms.scr:train:180 - 0:1:320, loss: 5.071
2023-04-13 17:31:50.911 | INFO     | algorithms.scr:train:180 - 0:1:360, loss: 5.054
2023-04-13 17:32:00.741 | INFO     | algorithms.scr:train:180 - 0:1:400, loss: 5.062
2023-04-13 17:32:10.599 | INFO     | algorithms.scr:train:180 - 0:1:440, loss: 5.020
2023-04-13 17:32:20.443 | INFO     | algorithms.scr:train:180 - 0:1:480, loss: 5.025
2023-04-13 17:32:30.289 | INFO     | algorithms.scr:train:180 - 0:1:520, loss: 5.026
2023-04-13 17:32:40.126 | INFO     | algorithms.scr:train:180 - 0:1:560, loss: 5.000
2023-04-13 17:32:50.011 | INFO     | algorithms.scr:train:180 - 0:1:600, loss: 4.980
2023-04-13 17:32:59.851 | INFO     | algorithms.scr:train:180 - 0:1:640, loss: 4.972
2023-04-13 17:33:09.698 | INFO     | algorithms.scr:train:180 - 0:1:680, loss: 4.959
2023-04-13 17:33:19.524 | INFO     | algorithms.scr:train:180 - 0:1:720, loss: 4.932
2023-04-13 17:33:29.350 | INFO     | algorithms.scr:train:180 - 0:1:760, loss: 4.927
2023-04-13 17:33:39.225 | INFO     | algorithms.scr:train:180 - 0:1:800, loss: 4.913
2023-04-13 17:33:49.083 | INFO     | algorithms.scr:train:180 - 0:1:840, loss: 4.921
2023-04-13 17:33:58.914 | INFO     | algorithms.scr:train:180 - 0:1:880, loss: 4.895
2023-04-13 17:34:08.762 | INFO     | algorithms.scr:train:180 - 0:1:920, loss: 4.864
2023-04-13 17:34:18.658 | INFO     | algorithms.scr:train:180 - 0:1:960, loss: 4.857
2023-04-13 17:34:28.250 | DEBUG    | algorithms.scr:train:183 - Current sample stats:
2023-04-13 17:34:28.251 | DEBUG    | algorithms.scr:train:186 - 23 has 100 samples
2023-04-13 17:34:28.252 | DEBUG    | algorithms.scr:train:186 - 74 has 100 samples
2023-04-13 17:34:28.253 | DEBUG    | algorithms.scr:train:186 - 34 has 100 samples
2023-04-13 17:34:28.253 | DEBUG    | algorithms.scr:train:186 - 62 has 100 samples
2023-04-13 17:34:28.254 | DEBUG    | algorithms.scr:train:186 - 19 has 100 samples
2023-04-13 17:34:28.255 | DEBUG    | algorithms.scr:train:186 - 0 has 100 samples
2023-04-13 17:34:28.256 | DEBUG    | algorithms.scr:train:186 - 64 has 100 samples
2023-04-13 17:34:28.256 | DEBUG    | algorithms.scr:train:186 - 26 has 100 samples
2023-04-13 17:34:28.257 | DEBUG    | algorithms.scr:train:186 - 22 has 100 samples
2023-04-13 17:34:28.258 | DEBUG    | algorithms.scr:train:186 - 70 has 100 samples
2023-04-13 17:34:28.258 | DEBUG    | algorithms.scr:train:186 - 87 has 100 samples
2023-04-13 17:34:28.259 | DEBUG    | algorithms.scr:train:186 - 18 has 100 samples
2023-04-13 17:34:28.260 | DEBUG    | algorithms.scr:train:186 - 53 has 100 samples
2023-04-13 17:34:28.261 | DEBUG    | algorithms.scr:train:186 - 28 has 100 samples
2023-04-13 17:34:28.261 | DEBUG    | algorithms.scr:train:186 - 36 has 100 samples
2023-04-13 17:34:28.262 | DEBUG    | algorithms.scr:train:186 - 96 has 100 samples
2023-04-13 17:34:28.263 | DEBUG    | algorithms.scr:train:186 - 16 has 100 samples
2023-04-13 17:34:28.263 | DEBUG    | algorithms.scr:train:186 - 35 has 100 samples
2023-04-13 17:34:28.264 | DEBUG    | algorithms.scr:train:186 - 86 has 100 samples
2023-04-13 17:34:28.265 | DEBUG    | algorithms.scr:train:186 - 47 has 100 samples
2023-04-13 17:34:28.266 | INFO     | algorithms.scr:train:192 - 1, loss: 4.973
2023-04-13 17:34:28.266 | INFO     | algorithms.algorithm_base:run_base_task_metrics:144 - Running metrics: Task 0
2023-04-13 17:34:28.273 | INFO     | algorithms.scr:classify:209 - Generating fresh mean embedding vectors
2023-04-13 17:34:33.123 | DEBUG    | algorithms.scr:classify:231 - Generated mean embedding vectors for: dict_keys([23, 74, 34, 62, 19, 0, 64, 26, 22, 70, 87, 18, 53, 28, 36, 96, 16, 35, 86, 47])
2023-04-13 17:35:15.703 | DEBUG    | algorithms.algorithm_base:run_base_task_metrics:200 - Raw classification accuracy results saved to ./output_cifar100_varied_sampling/scr/1681403422.4421775_CIFAR100_OFFICIAL_RUN/task_0_accuracy_results.json
2023-04-13 17:35:15.706 | INFO     | algorithms.algorithm_base:run_base_task_metrics:201 - Correctly classified 871 / 10000 samples (8.71% correct)
2023-04-13 17:35:16.177 | INFO     | algorithms.scr:train:126 - Task 2 / 5
2023-04-13 17:35:16.181 | INFO     | algorithms.scr:train:127 - Classes in task: ['raccoon', 'rabbit', 'bee', 'lamp', 'lawn_mower', 'mountain', 'shark', 'boy', 'sweet_pepper', 'bus', 'crocodile', 'snail', 'turtle', 'lion', 'chair', 'squirrel', 'porcupine', 'pickup_truck', 'bowl', 'trout']
2023-04-13 17:35:16.183 | INFO     | algorithms.scr:train:134 - Starting epoch 1 / 1
2023-04-13 17:35:26.285 | INFO     | algorithms.scr:train:180 - 1:1:40, loss: 4.903
2023-04-13 17:35:36.115 | INFO     | algorithms.scr:train:180 - 1:1:80, loss: 4.797
2023-04-13 17:35:45.959 | INFO     | algorithms.scr:train:180 - 1:1:120, loss: 4.775
2023-04-13 17:35:55.788 | INFO     | algorithms.scr:train:180 - 1:1:160, loss: 4.763
2023-04-13 17:36:05.614 | INFO     | algorithms.scr:train:180 - 1:1:200, loss: 4.762
2023-04-13 17:36:15.481 | INFO     | algorithms.scr:train:180 - 1:1:240, loss: 4.738
2023-04-13 17:36:25.287 | INFO     | algorithms.scr:train:180 - 1:1:280, loss: 4.721
2023-04-13 17:36:35.099 | INFO     | algorithms.scr:train:180 - 1:1:320, loss: 4.686
2023-04-13 17:36:44.932 | INFO     | algorithms.scr:train:180 - 1:1:360, loss: 4.691
2023-04-13 17:36:54.766 | INFO     | algorithms.scr:train:180 - 1:1:400, loss: 4.670
2023-04-13 17:37:04.598 | INFO     | algorithms.scr:train:180 - 1:1:440, loss: 4.609
2023-04-13 17:37:14.427 | INFO     | algorithms.scr:train:180 - 1:1:480, loss: 4.653
2023-04-13 17:37:24.303 | INFO     | algorithms.scr:train:180 - 1:1:520, loss: 4.596
2023-04-13 17:37:34.122 | INFO     | algorithms.scr:train:180 - 1:1:560, loss: 4.563
2023-04-13 17:37:43.978 | INFO     | algorithms.scr:train:180 - 1:1:600, loss: 4.567
2023-04-13 17:37:53.790 | INFO     | algorithms.scr:train:180 - 1:1:640, loss: 4.535
2023-04-13 17:38:03.637 | INFO     | algorithms.scr:train:180 - 1:1:680, loss: 4.542
2023-04-13 17:38:13.485 | INFO     | algorithms.scr:train:180 - 1:1:720, loss: 4.520
2023-04-13 17:38:23.340 | INFO     | algorithms.scr:train:180 - 1:1:760, loss: 4.552
2023-04-13 17:38:33.154 | INFO     | algorithms.scr:train:180 - 1:1:800, loss: 4.475
2023-04-13 17:38:43.034 | INFO     | algorithms.scr:train:180 - 1:1:840, loss: 4.472
2023-04-13 17:38:52.871 | INFO     | algorithms.scr:train:180 - 1:1:880, loss: 4.461
2023-04-13 17:39:02.705 | INFO     | algorithms.scr:train:180 - 1:1:920, loss: 4.467
2023-04-13 17:39:12.583 | INFO     | algorithms.scr:train:180 - 1:1:960, loss: 4.422
2023-04-13 17:39:22.181 | DEBUG    | algorithms.scr:train:183 - Current sample stats:
2023-04-13 17:39:22.182 | DEBUG    | algorithms.scr:train:186 - 23 has 50 samples
2023-04-13 17:39:22.183 | DEBUG    | algorithms.scr:train:186 - 74 has 50 samples
2023-04-13 17:39:22.183 | DEBUG    | algorithms.scr:train:186 - 34 has 50 samples
2023-04-13 17:39:22.184 | DEBUG    | algorithms.scr:train:186 - 62 has 50 samples
2023-04-13 17:39:22.185 | DEBUG    | algorithms.scr:train:186 - 19 has 50 samples
2023-04-13 17:39:22.186 | DEBUG    | algorithms.scr:train:186 - 0 has 50 samples
2023-04-13 17:39:22.186 | DEBUG    | algorithms.scr:train:186 - 64 has 50 samples
2023-04-13 17:39:22.187 | DEBUG    | algorithms.scr:train:186 - 26 has 50 samples
2023-04-13 17:39:22.188 | DEBUG    | algorithms.scr:train:186 - 22 has 50 samples
2023-04-13 17:39:22.188 | DEBUG    | algorithms.scr:train:186 - 70 has 50 samples
2023-04-13 17:39:22.189 | DEBUG    | algorithms.scr:train:186 - 87 has 50 samples
2023-04-13 17:39:22.190 | DEBUG    | algorithms.scr:train:186 - 18 has 50 samples
2023-04-13 17:39:22.191 | DEBUG    | algorithms.scr:train:186 - 53 has 50 samples
2023-04-13 17:39:22.191 | DEBUG    | algorithms.scr:train:186 - 28 has 50 samples
2023-04-13 17:39:22.192 | DEBUG    | algorithms.scr:train:186 - 36 has 50 samples
2023-04-13 17:39:22.193 | DEBUG    | algorithms.scr:train:186 - 96 has 50 samples
2023-04-13 17:39:22.193 | DEBUG    | algorithms.scr:train:186 - 16 has 50 samples
2023-04-13 17:39:22.194 | DEBUG    | algorithms.scr:train:186 - 35 has 50 samples
2023-04-13 17:39:22.195 | DEBUG    | algorithms.scr:train:186 - 86 has 50 samples
2023-04-13 17:39:22.196 | DEBUG    | algorithms.scr:train:186 - 47 has 50 samples
2023-04-13 17:39:22.196 | DEBUG    | algorithms.scr:train:186 - 91 has 50 samples
2023-04-13 17:39:22.197 | DEBUG    | algorithms.scr:train:186 - 65 has 50 samples
2023-04-13 17:39:22.198 | DEBUG    | algorithms.scr:train:186 - 80 has 50 samples
2023-04-13 17:39:22.199 | DEBUG    | algorithms.scr:train:186 - 66 has 50 samples
2023-04-13 17:39:22.199 | DEBUG    | algorithms.scr:train:186 - 41 has 50 samples
2023-04-13 17:39:22.200 | DEBUG    | algorithms.scr:train:186 - 49 has 50 samples
2023-04-13 17:39:22.201 | DEBUG    | algorithms.scr:train:186 - 11 has 50 samples
2023-04-13 17:39:22.202 | DEBUG    | algorithms.scr:train:186 - 73 has 50 samples
2023-04-13 17:39:22.202 | DEBUG    | algorithms.scr:train:186 - 63 has 50 samples
2023-04-13 17:39:22.203 | DEBUG    | algorithms.scr:train:186 - 6 has 50 samples
2023-04-13 17:39:22.204 | DEBUG    | algorithms.scr:train:186 - 43 has 50 samples
2023-04-13 17:39:22.205 | DEBUG    | algorithms.scr:train:186 - 83 has 50 samples
2023-04-13 17:39:22.205 | DEBUG    | algorithms.scr:train:186 - 58 has 50 samples
2023-04-13 17:39:22.206 | DEBUG    | algorithms.scr:train:186 - 93 has 50 samples
2023-04-13 17:39:22.207 | DEBUG    | algorithms.scr:train:186 - 13 has 50 samples
2023-04-13 17:39:22.207 | DEBUG    | algorithms.scr:train:186 - 20 has 50 samples
2023-04-13 17:39:22.208 | DEBUG    | algorithms.scr:train:186 - 77 has 50 samples
2023-04-13 17:39:22.209 | DEBUG    | algorithms.scr:train:186 - 10 has 50 samples
2023-04-13 17:39:22.210 | DEBUG    | algorithms.scr:train:186 - 40 has 50 samples
2023-04-13 17:39:22.211 | DEBUG    | algorithms.scr:train:186 - 27 has 50 samples
2023-04-13 17:39:22.211 | INFO     | algorithms.scr:train:192 - 1, loss: 4.614
2023-04-13 17:39:22.212 | INFO     | algorithms.algorithm_base:run_base_task_metrics:144 - Running metrics: Task 1
2023-04-13 17:39:22.219 | INFO     | algorithms.scr:classify:209 - Generating fresh mean embedding vectors
2023-04-13 17:39:27.102 | DEBUG    | algorithms.scr:classify:231 - Generated mean embedding vectors for: dict_keys([23, 74, 34, 62, 19, 0, 64, 26, 22, 70, 87, 18, 53, 28, 36, 96, 16, 35, 86, 47, 91, 65, 80, 66, 41, 49, 11, 73, 63, 6, 43, 83, 58, 93, 13, 20, 77, 10, 40, 27])
2023-04-13 17:40:28.821 | DEBUG    | algorithms.algorithm_base:run_base_task_metrics:200 - Raw classification accuracy results saved to ./output_cifar100_varied_sampling/scr/1681403422.4421775_CIFAR100_OFFICIAL_RUN/task_1_accuracy_results.json
2023-04-13 17:40:28.822 | INFO     | algorithms.algorithm_base:run_base_task_metrics:201 - Correctly classified 1483 / 10000 samples (14.83% correct)
2023-04-13 17:40:29.194 | INFO     | algorithms.scr:train:126 - Task 3 / 5
2023-04-13 17:40:29.199 | INFO     | algorithms.scr:train:127 - Classes in task: ['worm', 'plate', 'motorcycle', 'ray', 'table', 'bear', 'streetcar', 'palm_tree', 'orchid', 'road', 'butterfly', 'wardrobe', 'mouse', 'man', 'whale', 'bottle', 'mushroom', 'pine_tree', 'pear', 'dolphin']
2023-04-13 17:40:29.200 | INFO     | algorithms.scr:train:134 - Starting epoch 1 / 1
2023-04-13 17:40:39.337 | INFO     | algorithms.scr:train:180 - 2:1:40, loss: 4.364
2023-04-13 17:40:49.182 | INFO     | algorithms.scr:train:180 - 2:1:80, loss: 4.256
2023-04-13 17:40:59.022 | INFO     | algorithms.scr:train:180 - 2:1:120, loss: 4.290
2023-04-13 17:41:08.869 | INFO     | algorithms.scr:train:180 - 2:1:160, loss: 4.246
2023-04-13 17:41:18.705 | INFO     | algorithms.scr:train:180 - 2:1:200, loss: 4.217
2023-04-13 17:41:28.561 | INFO     | algorithms.scr:train:180 - 2:1:240, loss: 4.174
2023-04-13 17:41:38.408 | INFO     | algorithms.scr:train:180 - 2:1:280, loss: 4.183
2023-04-13 17:41:48.243 | INFO     | algorithms.scr:train:180 - 2:1:320, loss: 4.153
2023-04-13 17:41:58.089 | INFO     | algorithms.scr:train:180 - 2:1:360, loss: 4.121
2023-04-13 17:42:07.938 | INFO     | algorithms.scr:train:180 - 2:1:400, loss: 4.141
2023-04-13 17:42:17.797 | INFO     | algorithms.scr:train:180 - 2:1:440, loss: 4.097
2023-04-13 17:42:27.636 | INFO     | algorithms.scr:train:180 - 2:1:480, loss: 4.086
2023-04-13 17:42:37.477 | INFO     | algorithms.scr:train:180 - 2:1:520, loss: 4.057
2023-04-13 17:42:47.319 | INFO     | algorithms.scr:train:180 - 2:1:560, loss: 4.055
2023-04-13 17:42:57.193 | INFO     | algorithms.scr:train:180 - 2:1:600, loss: 4.064
2023-04-13 17:43:07.052 | INFO     | algorithms.scr:train:180 - 2:1:640, loss: 4.020
2023-04-13 17:43:16.887 | INFO     | algorithms.scr:train:180 - 2:1:680, loss: 4.058
2023-04-13 17:43:26.793 | INFO     | algorithms.scr:train:180 - 2:1:720, loss: 4.012
2023-04-13 17:43:36.638 | INFO     | algorithms.scr:train:180 - 2:1:760, loss: 3.991
2023-04-13 17:43:46.512 | INFO     | algorithms.scr:train:180 - 2:1:800, loss: 3.986
2023-04-13 17:43:56.354 | INFO     | algorithms.scr:train:180 - 2:1:840, loss: 3.981
2023-04-13 17:44:06.241 | INFO     | algorithms.scr:train:180 - 2:1:880, loss: 3.951
2023-04-13 17:44:16.094 | INFO     | algorithms.scr:train:180 - 2:1:920, loss: 3.916
2023-04-13 17:44:25.936 | INFO     | algorithms.scr:train:180 - 2:1:960, loss: 3.880
2023-04-13 17:44:35.546 | DEBUG    | algorithms.scr:train:183 - Current sample stats:
2023-04-13 17:44:35.547 | DEBUG    | algorithms.scr:train:186 - 23 has 33 samples
2023-04-13 17:44:35.547 | DEBUG    | algorithms.scr:train:186 - 74 has 33 samples
2023-04-13 17:44:35.548 | DEBUG    | algorithms.scr:train:186 - 34 has 33 samples
2023-04-13 17:44:35.549 | DEBUG    | algorithms.scr:train:186 - 62 has 33 samples
2023-04-13 17:44:35.550 | DEBUG    | algorithms.scr:train:186 - 19 has 33 samples
2023-04-13 17:44:35.550 | DEBUG    | algorithms.scr:train:186 - 0 has 33 samples
2023-04-13 17:44:35.551 | DEBUG    | algorithms.scr:train:186 - 64 has 33 samples
2023-04-13 17:44:35.552 | DEBUG    | algorithms.scr:train:186 - 26 has 33 samples
2023-04-13 17:44:35.552 | DEBUG    | algorithms.scr:train:186 - 22 has 33 samples
2023-04-13 17:44:35.553 | DEBUG    | algorithms.scr:train:186 - 70 has 33 samples
2023-04-13 17:44:35.554 | DEBUG    | algorithms.scr:train:186 - 87 has 33 samples
2023-04-13 17:44:35.555 | DEBUG    | algorithms.scr:train:186 - 18 has 33 samples
2023-04-13 17:44:35.555 | DEBUG    | algorithms.scr:train:186 - 53 has 33 samples
2023-04-13 17:44:35.556 | DEBUG    | algorithms.scr:train:186 - 28 has 33 samples
2023-04-13 17:44:35.557 | DEBUG    | algorithms.scr:train:186 - 36 has 33 samples
2023-04-13 17:44:35.557 | DEBUG    | algorithms.scr:train:186 - 96 has 33 samples
2023-04-13 17:44:35.558 | DEBUG    | algorithms.scr:train:186 - 16 has 33 samples
2023-04-13 17:44:35.559 | DEBUG    | algorithms.scr:train:186 - 35 has 33 samples
2023-04-13 17:44:35.560 | DEBUG    | algorithms.scr:train:186 - 86 has 33 samples
2023-04-13 17:44:35.560 | DEBUG    | algorithms.scr:train:186 - 47 has 33 samples
2023-04-13 17:44:35.561 | DEBUG    | algorithms.scr:train:186 - 91 has 33 samples
2023-04-13 17:44:35.562 | DEBUG    | algorithms.scr:train:186 - 65 has 33 samples
2023-04-13 17:44:35.562 | DEBUG    | algorithms.scr:train:186 - 80 has 33 samples
2023-04-13 17:44:35.563 | DEBUG    | algorithms.scr:train:186 - 66 has 33 samples
2023-04-13 17:44:35.564 | DEBUG    | algorithms.scr:train:186 - 41 has 33 samples
2023-04-13 17:44:35.565 | DEBUG    | algorithms.scr:train:186 - 49 has 33 samples
2023-04-13 17:44:35.565 | DEBUG    | algorithms.scr:train:186 - 11 has 33 samples
2023-04-13 17:44:35.566 | DEBUG    | algorithms.scr:train:186 - 73 has 33 samples
2023-04-13 17:44:35.567 | DEBUG    | algorithms.scr:train:186 - 63 has 33 samples
2023-04-13 17:44:35.568 | DEBUG    | algorithms.scr:train:186 - 6 has 33 samples
2023-04-13 17:44:35.568 | DEBUG    | algorithms.scr:train:186 - 43 has 33 samples
2023-04-13 17:44:35.569 | DEBUG    | algorithms.scr:train:186 - 83 has 33 samples
2023-04-13 17:44:35.570 | DEBUG    | algorithms.scr:train:186 - 58 has 33 samples
2023-04-13 17:44:35.571 | DEBUG    | algorithms.scr:train:186 - 93 has 33 samples
2023-04-13 17:44:35.571 | DEBUG    | algorithms.scr:train:186 - 13 has 33 samples
2023-04-13 17:44:35.572 | DEBUG    | algorithms.scr:train:186 - 20 has 33 samples
2023-04-13 17:44:35.573 | DEBUG    | algorithms.scr:train:186 - 77 has 33 samples
2023-04-13 17:44:35.573 | DEBUG    | algorithms.scr:train:186 - 10 has 33 samples
2023-04-13 17:44:35.574 | DEBUG    | algorithms.scr:train:186 - 40 has 33 samples
2023-04-13 17:44:35.575 | DEBUG    | algorithms.scr:train:186 - 27 has 33 samples
2023-04-13 17:44:35.576 | DEBUG    | algorithms.scr:train:186 - 14 has 34 samples
2023-04-13 17:44:35.577 | DEBUG    | algorithms.scr:train:186 - 84 has 34 samples
2023-04-13 17:44:35.577 | DEBUG    | algorithms.scr:train:186 - 59 has 34 samples
2023-04-13 17:44:35.578 | DEBUG    | algorithms.scr:train:186 - 48 has 34 samples
2023-04-13 17:44:35.579 | DEBUG    | algorithms.scr:train:186 - 67 has 34 samples
2023-04-13 17:44:35.580 | DEBUG    | algorithms.scr:train:186 - 50 has 34 samples
2023-04-13 17:44:35.580 | DEBUG    | algorithms.scr:train:186 - 94 has 34 samples
2023-04-13 17:44:35.581 | DEBUG    | algorithms.scr:train:186 - 81 has 34 samples
2023-04-13 17:44:35.582 | DEBUG    | algorithms.scr:train:186 - 68 has 34 samples
2023-04-13 17:44:35.583 | DEBUG    | algorithms.scr:train:186 - 56 has 34 samples
2023-04-13 17:44:35.584 | DEBUG    | algorithms.scr:train:186 - 9 has 34 samples
2023-04-13 17:44:35.584 | DEBUG    | algorithms.scr:train:186 - 51 has 34 samples
2023-04-13 17:44:35.586 | DEBUG    | algorithms.scr:train:186 - 57 has 34 samples
2023-04-13 17:44:35.587 | DEBUG    | algorithms.scr:train:186 - 61 has 34 samples
2023-04-13 17:44:35.588 | DEBUG    | algorithms.scr:train:186 - 95 has 34 samples
2023-04-13 17:44:35.589 | DEBUG    | algorithms.scr:train:186 - 46 has 34 samples
2023-04-13 17:44:35.589 | DEBUG    | algorithms.scr:train:186 - 54 has 34 samples
2023-04-13 17:44:35.590 | DEBUG    | algorithms.scr:train:186 - 30 has 34 samples
2023-04-13 17:44:35.591 | DEBUG    | algorithms.scr:train:186 - 99 has 34 samples
2023-04-13 17:44:35.592 | DEBUG    | algorithms.scr:train:186 - 3 has 34 samples
2023-04-13 17:44:35.593 | INFO     | algorithms.scr:train:192 - 1, loss: 4.089
2023-04-13 17:44:35.593 | INFO     | algorithms.algorithm_base:run_base_task_metrics:144 - Running metrics: Task 2
2023-04-13 17:44:35.601 | INFO     | algorithms.scr:classify:209 - Generating fresh mean embedding vectors
2023-04-13 17:44:40.365 | DEBUG    | algorithms.scr:classify:231 - Generated mean embedding vectors for: dict_keys([23, 74, 34, 62, 19, 0, 64, 26, 22, 70, 87, 18, 53, 28, 36, 96, 16, 35, 86, 47, 91, 65, 80, 66, 41, 49, 11, 73, 63, 6, 43, 83, 58, 93, 13, 20, 77, 10, 40, 27, 14, 84, 59, 48, 67, 50, 94, 81, 68, 56, 9, 51, 57, 61, 95, 46, 54, 30, 99, 3])
2023-04-13 17:46:00.576 | DEBUG    | algorithms.algorithm_base:run_base_task_metrics:200 - Raw classification accuracy results saved to ./output_cifar100_varied_sampling/scr/1681403422.4421775_CIFAR100_OFFICIAL_RUN/task_2_accuracy_results.json
2023-04-13 17:46:00.578 | INFO     | algorithms.algorithm_base:run_base_task_metrics:201 - Correctly classified 2109 / 10000 samples (21.09% correct)
2023-04-13 17:46:00.986 | INFO     | algorithms.scr:train:126 - Task 4 / 5
2023-04-13 17:46:00.992 | INFO     | algorithms.scr:train:127 - Classes in task: ['house', 'couch', 'bridge', 'snake', 'plain', 'keyboard', 'rocket', 'chimpanzee', 'sea', 'oak_tree', 'otter', 'skunk', 'tank', 'bed', 'wolf', 'skyscraper', 'beetle', 'kangaroo', 'camel', 'woman']
2023-04-13 17:46:00.992 | INFO     | algorithms.scr:train:134 - Starting epoch 1 / 1
2023-04-13 17:46:11.124 | INFO     | algorithms.scr:train:180 - 3:1:40, loss: 3.804
2023-04-13 17:46:21.011 | INFO     | algorithms.scr:train:180 - 3:1:80, loss: 3.768
2023-04-13 17:46:30.941 | INFO     | algorithms.scr:train:180 - 3:1:120, loss: 3.761
2023-04-13 17:46:40.787 | INFO     | algorithms.scr:train:180 - 3:1:160, loss: 3.711
2023-04-13 17:46:50.636 | INFO     | algorithms.scr:train:180 - 3:1:200, loss: 3.687
2023-04-13 17:47:00.496 | INFO     | algorithms.scr:train:180 - 3:1:240, loss: 3.684
2023-04-13 17:47:10.326 | INFO     | algorithms.scr:train:180 - 3:1:280, loss: 3.664
2023-04-13 17:47:20.174 | INFO     | algorithms.scr:train:180 - 3:1:320, loss: 3.679
2023-04-13 17:47:30.022 | INFO     | algorithms.scr:train:180 - 3:1:360, loss: 3.702
2023-04-13 17:47:39.878 | INFO     | algorithms.scr:train:180 - 3:1:400, loss: 3.665
2023-04-13 17:47:49.748 | INFO     | algorithms.scr:train:180 - 3:1:440, loss: 3.641
2023-04-13 17:47:59.564 | INFO     | algorithms.scr:train:180 - 3:1:480, loss: 3.648
2023-04-13 17:48:09.396 | INFO     | algorithms.scr:train:180 - 3:1:520, loss: 3.667
2023-04-13 17:48:19.229 | INFO     | algorithms.scr:train:180 - 3:1:560, loss: 3.625
2023-04-13 17:48:29.070 | INFO     | algorithms.scr:train:180 - 3:1:600, loss: 3.614
2023-04-13 17:48:38.935 | INFO     | algorithms.scr:train:180 - 3:1:640, loss: 3.620
2023-04-13 17:48:48.774 | INFO     | algorithms.scr:train:180 - 3:1:680, loss: 3.574
2023-04-13 17:48:58.604 | INFO     | algorithms.scr:train:180 - 3:1:720, loss: 3.551
2023-04-13 17:49:08.462 | INFO     | algorithms.scr:train:180 - 3:1:760, loss: 3.579
2023-04-13 17:49:18.303 | INFO     | algorithms.scr:train:180 - 3:1:800, loss: 3.550
2023-04-13 17:49:28.141 | INFO     | algorithms.scr:train:180 - 3:1:840, loss: 3.527
2023-04-13 17:49:38.031 | INFO     | algorithms.scr:train:180 - 3:1:880, loss: 3.492
2023-04-13 17:49:47.852 | INFO     | algorithms.scr:train:180 - 3:1:920, loss: 3.544
2023-04-13 17:49:57.690 | INFO     | algorithms.scr:train:180 - 3:1:960, loss: 3.469
2023-04-13 17:50:07.283 | DEBUG    | algorithms.scr:train:183 - Current sample stats:
2023-04-13 17:50:07.284 | DEBUG    | algorithms.scr:train:186 - 23 has 25 samples
2023-04-13 17:50:07.284 | DEBUG    | algorithms.scr:train:186 - 74 has 25 samples
2023-04-13 17:50:07.285 | DEBUG    | algorithms.scr:train:186 - 34 has 25 samples
2023-04-13 17:50:07.286 | DEBUG    | algorithms.scr:train:186 - 62 has 25 samples
2023-04-13 17:50:07.286 | DEBUG    | algorithms.scr:train:186 - 19 has 25 samples
2023-04-13 17:50:07.287 | DEBUG    | algorithms.scr:train:186 - 0 has 25 samples
2023-04-13 17:50:07.288 | DEBUG    | algorithms.scr:train:186 - 64 has 25 samples
2023-04-13 17:50:07.289 | DEBUG    | algorithms.scr:train:186 - 26 has 25 samples
2023-04-13 17:50:07.289 | DEBUG    | algorithms.scr:train:186 - 22 has 25 samples
2023-04-13 17:50:07.290 | DEBUG    | algorithms.scr:train:186 - 70 has 25 samples
2023-04-13 17:50:07.291 | DEBUG    | algorithms.scr:train:186 - 87 has 25 samples
2023-04-13 17:50:07.292 | DEBUG    | algorithms.scr:train:186 - 18 has 25 samples
2023-04-13 17:50:07.292 | DEBUG    | algorithms.scr:train:186 - 53 has 25 samples
2023-04-13 17:50:07.293 | DEBUG    | algorithms.scr:train:186 - 28 has 25 samples
2023-04-13 17:50:07.294 | DEBUG    | algorithms.scr:train:186 - 36 has 25 samples
2023-04-13 17:50:07.294 | DEBUG    | algorithms.scr:train:186 - 96 has 25 samples
2023-04-13 17:50:07.295 | DEBUG    | algorithms.scr:train:186 - 16 has 25 samples
2023-04-13 17:50:07.296 | DEBUG    | algorithms.scr:train:186 - 35 has 25 samples
2023-04-13 17:50:07.297 | DEBUG    | algorithms.scr:train:186 - 86 has 25 samples
2023-04-13 17:50:07.297 | DEBUG    | algorithms.scr:train:186 - 47 has 25 samples
2023-04-13 17:50:07.298 | DEBUG    | algorithms.scr:train:186 - 91 has 25 samples
2023-04-13 17:50:07.299 | DEBUG    | algorithms.scr:train:186 - 65 has 25 samples
2023-04-13 17:50:07.299 | DEBUG    | algorithms.scr:train:186 - 80 has 25 samples
2023-04-13 17:50:07.300 | DEBUG    | algorithms.scr:train:186 - 66 has 25 samples
2023-04-13 17:50:07.301 | DEBUG    | algorithms.scr:train:186 - 41 has 25 samples
2023-04-13 17:50:07.302 | DEBUG    | algorithms.scr:train:186 - 49 has 25 samples
2023-04-13 17:50:07.302 | DEBUG    | algorithms.scr:train:186 - 11 has 25 samples
2023-04-13 17:50:07.303 | DEBUG    | algorithms.scr:train:186 - 73 has 25 samples
2023-04-13 17:50:07.304 | DEBUG    | algorithms.scr:train:186 - 63 has 25 samples
2023-04-13 17:50:07.304 | DEBUG    | algorithms.scr:train:186 - 6 has 25 samples
2023-04-13 17:50:07.305 | DEBUG    | algorithms.scr:train:186 - 43 has 25 samples
2023-04-13 17:50:07.306 | DEBUG    | algorithms.scr:train:186 - 83 has 25 samples
2023-04-13 17:50:07.307 | DEBUG    | algorithms.scr:train:186 - 58 has 25 samples
2023-04-13 17:50:07.307 | DEBUG    | algorithms.scr:train:186 - 93 has 25 samples
2023-04-13 17:50:07.308 | DEBUG    | algorithms.scr:train:186 - 13 has 25 samples
2023-04-13 17:50:07.309 | DEBUG    | algorithms.scr:train:186 - 20 has 25 samples
2023-04-13 17:50:07.310 | DEBUG    | algorithms.scr:train:186 - 77 has 25 samples
2023-04-13 17:50:07.310 | DEBUG    | algorithms.scr:train:186 - 10 has 25 samples
2023-04-13 17:50:07.311 | DEBUG    | algorithms.scr:train:186 - 40 has 25 samples
2023-04-13 17:50:07.312 | DEBUG    | algorithms.scr:train:186 - 27 has 25 samples
2023-04-13 17:50:07.313 | DEBUG    | algorithms.scr:train:186 - 14 has 25 samples
2023-04-13 17:50:07.313 | DEBUG    | algorithms.scr:train:186 - 84 has 25 samples
2023-04-13 17:50:07.314 | DEBUG    | algorithms.scr:train:186 - 59 has 25 samples
2023-04-13 17:50:07.315 | DEBUG    | algorithms.scr:train:186 - 48 has 25 samples
2023-04-13 17:50:07.316 | DEBUG    | algorithms.scr:train:186 - 67 has 25 samples
2023-04-13 17:50:07.316 | DEBUG    | algorithms.scr:train:186 - 50 has 25 samples
2023-04-13 17:50:07.317 | DEBUG    | algorithms.scr:train:186 - 94 has 25 samples
2023-04-13 17:50:07.318 | DEBUG    | algorithms.scr:train:186 - 81 has 25 samples
2023-04-13 17:50:07.319 | DEBUG    | algorithms.scr:train:186 - 68 has 25 samples
2023-04-13 17:50:07.320 | DEBUG    | algorithms.scr:train:186 - 56 has 25 samples
2023-04-13 17:50:07.321 | DEBUG    | algorithms.scr:train:186 - 9 has 25 samples
2023-04-13 17:50:07.321 | DEBUG    | algorithms.scr:train:186 - 51 has 25 samples
2023-04-13 17:50:07.322 | DEBUG    | algorithms.scr:train:186 - 57 has 25 samples
2023-04-13 17:50:07.323 | DEBUG    | algorithms.scr:train:186 - 61 has 25 samples
2023-04-13 17:50:07.324 | DEBUG    | algorithms.scr:train:186 - 95 has 25 samples
2023-04-13 17:50:07.325 | DEBUG    | algorithms.scr:train:186 - 46 has 25 samples
2023-04-13 17:50:07.325 | DEBUG    | algorithms.scr:train:186 - 54 has 25 samples
2023-04-13 17:50:07.326 | DEBUG    | algorithms.scr:train:186 - 30 has 25 samples
2023-04-13 17:50:07.327 | DEBUG    | algorithms.scr:train:186 - 99 has 25 samples
2023-04-13 17:50:07.328 | DEBUG    | algorithms.scr:train:186 - 3 has 25 samples
2023-04-13 17:50:07.329 | DEBUG    | algorithms.scr:train:186 - 85 has 25 samples
2023-04-13 17:50:07.329 | DEBUG    | algorithms.scr:train:186 - 52 has 25 samples
2023-04-13 17:50:07.330 | DEBUG    | algorithms.scr:train:186 - 55 has 25 samples
2023-04-13 17:50:07.331 | DEBUG    | algorithms.scr:train:186 - 97 has 25 samples
2023-04-13 17:50:07.332 | DEBUG    | algorithms.scr:train:186 - 71 has 25 samples
2023-04-13 17:50:07.332 | DEBUG    | algorithms.scr:train:186 - 25 has 25 samples
2023-04-13 17:50:07.333 | DEBUG    | algorithms.scr:train:186 - 98 has 25 samples
2023-04-13 17:50:07.334 | DEBUG    | algorithms.scr:train:186 - 76 has 25 samples
2023-04-13 17:50:07.335 | DEBUG    | algorithms.scr:train:186 - 60 has 25 samples
2023-04-13 17:50:07.336 | DEBUG    | algorithms.scr:train:186 - 38 has 25 samples
2023-04-13 17:50:07.337 | DEBUG    | algorithms.scr:train:186 - 7 has 25 samples
2023-04-13 17:50:07.338 | DEBUG    | algorithms.scr:train:186 - 69 has 25 samples
2023-04-13 17:50:07.338 | DEBUG    | algorithms.scr:train:186 - 12 has 25 samples
2023-04-13 17:50:07.339 | DEBUG    | algorithms.scr:train:186 - 75 has 25 samples
2023-04-13 17:50:07.340 | DEBUG    | algorithms.scr:train:186 - 15 has 25 samples
2023-04-13 17:50:07.341 | DEBUG    | algorithms.scr:train:186 - 21 has 25 samples
2023-04-13 17:50:07.341 | DEBUG    | algorithms.scr:train:186 - 5 has 25 samples
2023-04-13 17:50:07.342 | DEBUG    | algorithms.scr:train:186 - 78 has 25 samples
2023-04-13 17:50:07.343 | DEBUG    | algorithms.scr:train:186 - 37 has 25 samples
2023-04-13 17:50:07.344 | DEBUG    | algorithms.scr:train:186 - 39 has 25 samples
2023-04-13 17:50:07.345 | INFO     | algorithms.scr:train:192 - 1, loss: 3.630
2023-04-13 17:50:07.345 | INFO     | algorithms.algorithm_base:run_base_task_metrics:144 - Running metrics: Task 3
2023-04-13 17:50:07.353 | INFO     | algorithms.scr:classify:209 - Generating fresh mean embedding vectors
2023-04-13 17:50:12.079 | DEBUG    | algorithms.scr:classify:231 - Generated mean embedding vectors for: dict_keys([23, 74, 34, 62, 19, 0, 64, 26, 22, 70, 87, 18, 53, 28, 36, 96, 16, 35, 86, 47, 91, 65, 80, 66, 41, 49, 11, 73, 63, 6, 43, 83, 58, 93, 13, 20, 77, 10, 40, 27, 14, 84, 59, 48, 67, 50, 94, 81, 68, 56, 9, 51, 57, 61, 95, 46, 54, 30, 99, 3, 85, 52, 55, 97, 71, 25, 98, 76, 60, 38, 7, 69, 12, 75, 15, 21, 5, 78, 37, 39])
2023-04-13 17:51:49.078 | DEBUG    | algorithms.algorithm_base:run_base_task_metrics:200 - Raw classification accuracy results saved to ./output_cifar100_varied_sampling/scr/1681403422.4421775_CIFAR100_OFFICIAL_RUN/task_3_accuracy_results.json
2023-04-13 17:51:49.081 | INFO     | algorithms.algorithm_base:run_base_task_metrics:201 - Correctly classified 2674 / 10000 samples (26.74% correct)
2023-04-13 17:51:49.484 | INFO     | algorithms.scr:train:126 - Task 5 / 5
2023-04-13 17:51:49.492 | INFO     | algorithms.scr:train:127 - Classes in task: ['lizard', 'tulip', 'spider', 'forest', 'dinosaur', 'castle', 'bicycle', 'flatfish', 'lobster', 'train', 'baby', 'tiger', 'cockroach', 'leopard', 'elephant', 'tractor', 'sunflower', 'aquarium_fish', 'beaver', 'seal']
2023-04-13 17:51:49.493 | INFO     | algorithms.scr:train:134 - Starting epoch 1 / 1
2023-04-13 17:51:59.579 | INFO     | algorithms.scr:train:180 - 4:1:40, loss: 3.481
2023-04-13 17:52:09.422 | INFO     | algorithms.scr:train:180 - 4:1:80, loss: 3.428
2023-04-13 17:52:19.265 | INFO     | algorithms.scr:train:180 - 4:1:120, loss: 3.408
2023-04-13 17:52:29.095 | INFO     | algorithms.scr:train:180 - 4:1:160, loss: 3.419
2023-04-13 17:52:38.981 | INFO     | algorithms.scr:train:180 - 4:1:200, loss: 3.353
2023-04-13 17:52:48.822 | INFO     | algorithms.scr:train:180 - 4:1:240, loss: 3.349
2023-04-13 17:52:58.678 | INFO     | algorithms.scr:train:180 - 4:1:280, loss: 3.363
2023-04-13 17:53:08.519 | INFO     | algorithms.scr:train:180 - 4:1:320, loss: 3.387
2023-04-13 17:53:18.347 | INFO     | algorithms.scr:train:180 - 4:1:360, loss: 3.362
2023-04-13 17:53:28.176 | INFO     | algorithms.scr:train:180 - 4:1:400, loss: 3.341
2023-04-13 17:53:38.000 | INFO     | algorithms.scr:train:180 - 4:1:440, loss: 3.358
2023-04-13 17:53:47.843 | INFO     | algorithms.scr:train:180 - 4:1:480, loss: 3.292
2023-04-13 17:53:57.679 | INFO     | algorithms.scr:train:180 - 4:1:520, loss: 3.329
2023-04-13 17:54:07.516 | INFO     | algorithms.scr:train:180 - 4:1:560, loss: 3.287
2023-04-13 17:54:17.336 | INFO     | algorithms.scr:train:180 - 4:1:600, loss: 3.257
2023-04-13 17:54:27.166 | INFO     | algorithms.scr:train:180 - 4:1:640, loss: 3.261
2023-04-13 17:54:36.991 | INFO     | algorithms.scr:train:180 - 4:1:680, loss: 3.251
2023-04-13 17:54:46.822 | INFO     | algorithms.scr:train:180 - 4:1:720, loss: 3.256
2023-04-13 17:54:56.637 | INFO     | algorithms.scr:train:180 - 4:1:760, loss: 3.305
2023-04-13 17:55:06.467 | INFO     | algorithms.scr:train:180 - 4:1:800, loss: 3.251
2023-04-13 17:55:16.291 | INFO     | algorithms.scr:train:180 - 4:1:840, loss: 3.273
2023-04-13 17:55:26.160 | INFO     | algorithms.scr:train:180 - 4:1:880, loss: 3.215
2023-04-13 17:55:36.042 | INFO     | algorithms.scr:train:180 - 4:1:920, loss: 3.210
2023-04-13 17:55:45.862 | INFO     | algorithms.scr:train:180 - 4:1:960, loss: 3.247
2023-04-13 17:55:55.445 | DEBUG    | algorithms.scr:train:183 - Current sample stats:
2023-04-13 17:55:55.446 | DEBUG    | algorithms.scr:train:186 - 23 has 20 samples
2023-04-13 17:55:55.446 | DEBUG    | algorithms.scr:train:186 - 74 has 20 samples
2023-04-13 17:55:55.447 | DEBUG    | algorithms.scr:train:186 - 34 has 20 samples
2023-04-13 17:55:55.448 | DEBUG    | algorithms.scr:train:186 - 62 has 20 samples
2023-04-13 17:55:55.449 | DEBUG    | algorithms.scr:train:186 - 19 has 20 samples
2023-04-13 17:55:55.449 | DEBUG    | algorithms.scr:train:186 - 0 has 20 samples
2023-04-13 17:55:55.450 | DEBUG    | algorithms.scr:train:186 - 64 has 20 samples
2023-04-13 17:55:55.451 | DEBUG    | algorithms.scr:train:186 - 26 has 20 samples
2023-04-13 17:55:55.452 | DEBUG    | algorithms.scr:train:186 - 22 has 20 samples
2023-04-13 17:55:55.452 | DEBUG    | algorithms.scr:train:186 - 70 has 20 samples
2023-04-13 17:55:55.453 | DEBUG    | algorithms.scr:train:186 - 87 has 20 samples
2023-04-13 17:55:55.454 | DEBUG    | algorithms.scr:train:186 - 18 has 20 samples
2023-04-13 17:55:55.454 | DEBUG    | algorithms.scr:train:186 - 53 has 20 samples
2023-04-13 17:55:55.455 | DEBUG    | algorithms.scr:train:186 - 28 has 20 samples
2023-04-13 17:55:55.456 | DEBUG    | algorithms.scr:train:186 - 36 has 20 samples
2023-04-13 17:55:55.457 | DEBUG    | algorithms.scr:train:186 - 96 has 20 samples
2023-04-13 17:55:55.457 | DEBUG    | algorithms.scr:train:186 - 16 has 20 samples
2023-04-13 17:55:55.458 | DEBUG    | algorithms.scr:train:186 - 35 has 20 samples
2023-04-13 17:55:55.459 | DEBUG    | algorithms.scr:train:186 - 86 has 20 samples
2023-04-13 17:55:55.459 | DEBUG    | algorithms.scr:train:186 - 47 has 20 samples
2023-04-13 17:55:55.460 | DEBUG    | algorithms.scr:train:186 - 91 has 20 samples
2023-04-13 17:55:55.461 | DEBUG    | algorithms.scr:train:186 - 65 has 20 samples
2023-04-13 17:55:55.462 | DEBUG    | algorithms.scr:train:186 - 80 has 20 samples
2023-04-13 17:55:55.462 | DEBUG    | algorithms.scr:train:186 - 66 has 20 samples
2023-04-13 17:55:55.463 | DEBUG    | algorithms.scr:train:186 - 41 has 20 samples
2023-04-13 17:55:55.464 | DEBUG    | algorithms.scr:train:186 - 49 has 20 samples
2023-04-13 17:55:55.465 | DEBUG    | algorithms.scr:train:186 - 11 has 20 samples
2023-04-13 17:55:55.465 | DEBUG    | algorithms.scr:train:186 - 73 has 20 samples
2023-04-13 17:55:55.466 | DEBUG    | algorithms.scr:train:186 - 63 has 20 samples
2023-04-13 17:55:55.467 | DEBUG    | algorithms.scr:train:186 - 6 has 20 samples
2023-04-13 17:55:55.467 | DEBUG    | algorithms.scr:train:186 - 43 has 20 samples
2023-04-13 17:55:55.467 | DEBUG    | algorithms.scr:train:186 - 83 has 20 samples
2023-04-13 17:55:55.468 | DEBUG    | algorithms.scr:train:186 - 58 has 20 samples
2023-04-13 17:55:55.469 | DEBUG    | algorithms.scr:train:186 - 93 has 20 samples
2023-04-13 17:55:55.469 | DEBUG    | algorithms.scr:train:186 - 13 has 20 samples
2023-04-13 17:55:55.470 | DEBUG    | algorithms.scr:train:186 - 20 has 20 samples
2023-04-13 17:55:55.471 | DEBUG    | algorithms.scr:train:186 - 77 has 20 samples
2023-04-13 17:55:55.472 | DEBUG    | algorithms.scr:train:186 - 10 has 20 samples
2023-04-13 17:55:55.472 | DEBUG    | algorithms.scr:train:186 - 40 has 20 samples
2023-04-13 17:55:55.473 | DEBUG    | algorithms.scr:train:186 - 27 has 20 samples
2023-04-13 17:55:55.474 | DEBUG    | algorithms.scr:train:186 - 14 has 20 samples
2023-04-13 17:55:55.475 | DEBUG    | algorithms.scr:train:186 - 84 has 20 samples
2023-04-13 17:55:55.475 | DEBUG    | algorithms.scr:train:186 - 59 has 20 samples
2023-04-13 17:55:55.476 | DEBUG    | algorithms.scr:train:186 - 48 has 20 samples
2023-04-13 17:55:55.477 | DEBUG    | algorithms.scr:train:186 - 67 has 20 samples
2023-04-13 17:55:55.478 | DEBUG    | algorithms.scr:train:186 - 50 has 20 samples
2023-04-13 17:55:55.478 | DEBUG    | algorithms.scr:train:186 - 94 has 20 samples
2023-04-13 17:55:55.479 | DEBUG    | algorithms.scr:train:186 - 81 has 20 samples
2023-04-13 17:55:55.480 | DEBUG    | algorithms.scr:train:186 - 68 has 20 samples
2023-04-13 17:55:55.481 | DEBUG    | algorithms.scr:train:186 - 56 has 20 samples
2023-04-13 17:55:55.482 | DEBUG    | algorithms.scr:train:186 - 9 has 20 samples
2023-04-13 17:55:55.483 | DEBUG    | algorithms.scr:train:186 - 51 has 20 samples
2023-04-13 17:55:55.483 | DEBUG    | algorithms.scr:train:186 - 57 has 20 samples
2023-04-13 17:55:55.484 | DEBUG    | algorithms.scr:train:186 - 61 has 20 samples
2023-04-13 17:55:55.485 | DEBUG    | algorithms.scr:train:186 - 95 has 20 samples
2023-04-13 17:55:55.486 | DEBUG    | algorithms.scr:train:186 - 46 has 20 samples
2023-04-13 17:55:55.486 | DEBUG    | algorithms.scr:train:186 - 54 has 20 samples
2023-04-13 17:55:55.487 | DEBUG    | algorithms.scr:train:186 - 30 has 20 samples
2023-04-13 17:55:55.488 | DEBUG    | algorithms.scr:train:186 - 99 has 20 samples
2023-04-13 17:55:55.489 | DEBUG    | algorithms.scr:train:186 - 3 has 20 samples
2023-04-13 17:55:55.490 | DEBUG    | algorithms.scr:train:186 - 85 has 20 samples
2023-04-13 17:55:55.490 | DEBUG    | algorithms.scr:train:186 - 52 has 20 samples
2023-04-13 17:55:55.491 | DEBUG    | algorithms.scr:train:186 - 55 has 20 samples
2023-04-13 17:55:55.492 | DEBUG    | algorithms.scr:train:186 - 97 has 20 samples
2023-04-13 17:55:55.493 | DEBUG    | algorithms.scr:train:186 - 71 has 20 samples
2023-04-13 17:55:55.494 | DEBUG    | algorithms.scr:train:186 - 25 has 20 samples
2023-04-13 17:55:55.495 | DEBUG    | algorithms.scr:train:186 - 98 has 20 samples
2023-04-13 17:55:55.496 | DEBUG    | algorithms.scr:train:186 - 76 has 20 samples
2023-04-13 17:55:55.496 | DEBUG    | algorithms.scr:train:186 - 60 has 20 samples
2023-04-13 17:55:55.497 | DEBUG    | algorithms.scr:train:186 - 38 has 20 samples
2023-04-13 17:55:55.498 | DEBUG    | algorithms.scr:train:186 - 7 has 20 samples
2023-04-13 17:55:55.499 | DEBUG    | algorithms.scr:train:186 - 69 has 20 samples
2023-04-13 17:55:55.499 | DEBUG    | algorithms.scr:train:186 - 12 has 20 samples
2023-04-13 17:55:55.500 | DEBUG    | algorithms.scr:train:186 - 75 has 20 samples
2023-04-13 17:55:55.501 | DEBUG    | algorithms.scr:train:186 - 15 has 20 samples
2023-04-13 17:55:55.502 | DEBUG    | algorithms.scr:train:186 - 21 has 20 samples
2023-04-13 17:55:55.502 | DEBUG    | algorithms.scr:train:186 - 5 has 20 samples
2023-04-13 17:55:55.503 | DEBUG    | algorithms.scr:train:186 - 78 has 20 samples
2023-04-13 17:55:55.504 | DEBUG    | algorithms.scr:train:186 - 37 has 20 samples
2023-04-13 17:55:55.505 | DEBUG    | algorithms.scr:train:186 - 39 has 20 samples
2023-04-13 17:55:55.506 | DEBUG    | algorithms.scr:train:186 - 32 has 20 samples
2023-04-13 17:55:55.506 | DEBUG    | algorithms.scr:train:186 - 89 has 20 samples
2023-04-13 17:55:55.507 | DEBUG    | algorithms.scr:train:186 - 92 has 20 samples
2023-04-13 17:55:55.508 | DEBUG    | algorithms.scr:train:186 - 72 has 20 samples
2023-04-13 17:55:55.509 | DEBUG    | algorithms.scr:train:186 - 29 has 20 samples
2023-04-13 17:55:55.510 | DEBUG    | algorithms.scr:train:186 - 8 has 20 samples
2023-04-13 17:55:55.510 | DEBUG    | algorithms.scr:train:186 - 31 has 20 samples
2023-04-13 17:55:55.511 | DEBUG    | algorithms.scr:train:186 - 24 has 20 samples
2023-04-13 17:55:55.512 | DEBUG    | algorithms.scr:train:186 - 1 has 20 samples
2023-04-13 17:55:55.513 | DEBUG    | algorithms.scr:train:186 - 88 has 20 samples
2023-04-13 17:55:55.513 | DEBUG    | algorithms.scr:train:186 - 4 has 20 samples
2023-04-13 17:55:55.514 | DEBUG    | algorithms.scr:train:186 - 90 has 20 samples
2023-04-13 17:55:55.515 | DEBUG    | algorithms.scr:train:186 - 42 has 20 samples
2023-04-13 17:55:55.516 | DEBUG    | algorithms.scr:train:186 - 2 has 20 samples
2023-04-13 17:55:55.517 | DEBUG    | algorithms.scr:train:186 - 33 has 20 samples
2023-04-13 17:55:55.517 | DEBUG    | algorithms.scr:train:186 - 82 has 20 samples
2023-04-13 17:55:55.518 | DEBUG    | algorithms.scr:train:186 - 79 has 20 samples
2023-04-13 17:55:55.519 | DEBUG    | algorithms.scr:train:186 - 17 has 20 samples
2023-04-13 17:55:55.520 | DEBUG    | algorithms.scr:train:186 - 44 has 20 samples
2023-04-13 17:55:55.520 | DEBUG    | algorithms.scr:train:186 - 45 has 20 samples
2023-04-13 17:55:55.521 | INFO     | algorithms.scr:train:192 - 1, loss: 3.316
2023-04-13 17:55:55.522 | INFO     | algorithms.algorithm_base:run_base_task_metrics:144 - Running metrics: Task 4
2023-04-13 17:55:55.529 | INFO     | algorithms.scr:classify:209 - Generating fresh mean embedding vectors
2023-04-13 17:56:00.398 | DEBUG    | algorithms.scr:classify:231 - Generated mean embedding vectors for: dict_keys([23, 74, 34, 62, 19, 0, 64, 26, 22, 70, 87, 18, 53, 28, 36, 96, 16, 35, 86, 47, 91, 65, 80, 66, 41, 49, 11, 73, 63, 6, 43, 83, 58, 93, 13, 20, 77, 10, 40, 27, 14, 84, 59, 48, 67, 50, 94, 81, 68, 56, 9, 51, 57, 61, 95, 46, 54, 30, 99, 3, 85, 52, 55, 97, 71, 25, 98, 76, 60, 38, 7, 69, 12, 75, 15, 21, 5, 78, 37, 39, 32, 89, 92, 72, 29, 8, 31, 24, 1, 88, 4, 90, 42, 2, 33, 82, 79, 17, 44, 45])
2023-04-13 17:57:57.390 | DEBUG    | algorithms.algorithm_base:run_base_task_metrics:200 - Raw classification accuracy results saved to ./output_cifar100_varied_sampling/scr/1681403422.4421775_CIFAR100_OFFICIAL_RUN/task_4_accuracy_results.json
2023-04-13 17:57:57.391 | INFO     | algorithms.algorithm_base:run_base_task_metrics:201 - Correctly classified 2738 / 10000 samples (27.38% correct)
2023-04-13 17:57:57.796 | INFO     | algorithms.scr:train:201 - Training complete
2023-04-13 17:57:57.803 | INFO     | __main__:run_experiment:300 - Training and evaluation completed!
2023-04-13 17:57:58.030 | INFO     | __main__:run_experiment:314 - Wrote usage stats to file
2023-04-13 17:57:58.031 | INFO     | __main__:main:363 - Complete
2023-04-13 17:57:58.032 | INFO     | __main__:close_tensorboard_writer:262 - Shut down TensorBoard
