2023-02-11 21:41:50.414 | INFO     | __main__:setup_files:208 - Experiment Name: OFFICIAL_RUN
2023-02-11 21:41:50.416 | INFO     | __main__:main:322 - Command line arguments: Configuration(algorithm='der', dataset='cifar100', classes_per_task=20, seed=9767, samples=2000)
2023-02-11 21:41:50.418 | INFO     | __main__:main:326 - Seeded random to 9767
2023-02-11 21:41:50.418 | INFO     | __main__:main:330 - Got CUDA device
2023-02-11 21:41:50.419 | INFO     | __main__:force_cuda_load:258 - Forcing CUDA initialisation...
2023-02-11 21:41:50.476 | INFO     | __main__:main:334 - CUDA initialised
2023-02-11 21:41:50.478 | INFO     | __main__:setup_shutdown_hook:254 - To access TensorBoard, run the command: tensorboard --logdir=./output_cifar100_varied_sampling/der_pp/1676151710.4100304_CIFAR100_OFFICIAL_RUN
2023-02-11 21:41:50.480 | INFO     | __main__:main:338 - Setup shutdown hooks
2023-02-11 21:41:50.504 | INFO     | __main__:main:343 - Model is setup
2023-02-11 21:41:50.506 | INFO     | __main__:main:345 - Complete pre-setup, starting experiment
2023-02-11 21:41:51.704 | INFO     | datasets.dataset_base:__init__:80 - Using disjoint tasks with 20 (5 tasks) with a randomised split
2023-02-11 21:41:51.705 | DEBUG    | datasets.dataset_base:_setup_task_datasets:95 - Splitting dataset into 5 disjoint tasks
2023-02-11 21:41:51.725 | INFO     | datasets.dataset_base:__init__:85 - {
  "name": "datasets.cifar100.CIFAR100",
  "dataset_class": "torchvision.datasets.cifar.CIFAR100",
  "training_dataset_parameters": "{'train': True, 'download': True}",
  "testing_dataset_parameters": "{'train': False, 'download': True}",
  "training_transform": "Compose(\n    Resize(size=(32, 32), interpolation=bilinear, max_size=None, antialias=None)\n    ToTensor()\n    Normalize(mean=(0.5071, 0.4867, 0.4408), std=(0.2675, 0.2565, 0.2761))\n    RandomCrop(size=(32, 32), padding=4)\n    RandomHorizontalFlip(p=0.5)\n)",
  "testing_transform": "Compose(\n    Resize(size=(32, 32), interpolation=bilinear, max_size=None, antialias=None)\n    ToTensor()\n    Normalize(mean=(0.5071, 0.4867, 0.4408), std=(0.2675, 0.2565, 0.2761))\n)",
  "classes": "apple, aquarium_fish, baby, bear, beaver, bed, bee, beetle, bicycle, bottle, bowl, boy, bridge, bus, butterfly, camel, can, castle, caterpillar, cattle, chair, chimpanzee, clock, cloud, cockroach, couch, crab, crocodile, cup, dinosaur, dolphin, elephant, flatfish, forest, fox, girl, hamster, house, kangaroo, keyboard, lamp, lawn_mower, leopard, lion, lizard, lobster, man, maple_tree, motorcycle, mountain, mouse, mushroom, oak_tree, orange, orchid, otter, palm_tree, pear, pickup_truck, pine_tree, plain, plate, poppy, porcupine, possum, rabbit, raccoon, ray, road, rocket, rose, sea, seal, shark, shrew, skunk, skyscraper, snail, snake, spider, squirrel, streetcar, sunflower, sweet_pepper, table, tank, telephone, television, tiger, tractor, train, trout, tulip, turtle, wardrobe, whale, willow_tree, wolf, woman, worm",
  "disjoint": true,
  "task_count": 5,
  "classes_per_task": [
    20
  ],
  "task_split_indices": [
    [
      19,
      40,
      58,
      57,
      95,
      53,
      77,
      30,
      89,
      71,
      12,
      67,
      41,
      4,
      2,
      3,
      17,
      28,
      51,
      55
    ],
    [
      65,
      76,
      84,
      98,
      45,
      25,
      7,
      47,
      70,
      99,
      21,
      72,
      85,
      60,
      6,
      74,
      96,
      50,
      49,
      80
    ],
    [
      38,
      93,
      29,
      36,
      8,
      48,
      5,
      73,
      37,
      20,
      94,
      15,
      23,
      75,
      16,
      90,
      54,
      10,
      39,
      78
    ],
    [
      61,
      9,
      11,
      44,
      87,
      0,
      97,
      18,
      14,
      59,
      69,
      62,
      92,
      26,
      64,
      63,
      81,
      22,
      82,
      43
    ],
    [
      1,
      27,
      13,
      86,
      34,
      88,
      42,
      35,
      52,
      32,
      79,
      33,
      56,
      46,
      24,
      31,
      91,
      66,
      68,
      83
    ]
  ],
  "task_split_classes": [
    [
      "cattle",
      "lamp",
      "pickup_truck",
      "pear",
      "whale",
      "orange",
      "snail",
      "dolphin",
      "tractor",
      "sea",
      "bridge",
      "ray",
      "lawn_mower",
      "beaver",
      "baby",
      "bear",
      "castle",
      "cup",
      "mushroom",
      "otter"
    ],
    [
      "rabbit",
      "skyscraper",
      "table",
      "woman",
      "lobster",
      "couch",
      "beetle",
      "maple_tree",
      "rose",
      "worm",
      "chimpanzee",
      "seal",
      "tank",
      "plain",
      "bee",
      "shrew",
      "willow_tree",
      "mouse",
      "mountain",
      "squirrel"
    ],
    [
      "kangaroo",
      "turtle",
      "dinosaur",
      "hamster",
      "bicycle",
      "motorcycle",
      "bed",
      "shark",
      "house",
      "chair",
      "wardrobe",
      "camel",
      "cloud",
      "skunk",
      "can",
      "train",
      "orchid",
      "bowl",
      "keyboard",
      "snake"
    ],
    [
      "plate",
      "bottle",
      "boy",
      "lizard",
      "television",
      "apple",
      "wolf",
      "caterpillar",
      "butterfly",
      "pine_tree",
      "rocket",
      "poppy",
      "tulip",
      "crab",
      "possum",
      "porcupine",
      "streetcar",
      "clock",
      "sunflower",
      "lion"
    ],
    [
      "aquarium_fish",
      "crocodile",
      "bus",
      "telephone",
      "fox",
      "tiger",
      "leopard",
      "girl",
      "oak_tree",
      "flatfish",
      "spider",
      "forest",
      "palm_tree",
      "man",
      "cockroach",
      "elephant",
      "trout",
      "raccoon",
      "road",
      "sweet_pepper"
    ]
  ]
}
2023-02-11 21:41:51.731 | DEBUG    | __main__:run_experiment:282 - PID: 25124
2023-02-11 21:41:51.733 | INFO     | __main__:run_experiment:284 - Starting...
2023-02-11 21:41:51.734 | INFO     | algorithms.algorithm_base:train:116 - {
  "name": "algorithms.der_pp.DarkExperiencePlusPlus",
  "model_class": "models.cifar.resnet.ResNet",
  "device": "cuda:0",
  "dataset_class": "datasets.cifar100.CIFAR100",
  "optimiser_class": "torch.optim.sgd.SGD",
  "loss_criterion_class": "torch.nn.modules.loss.CrossEntropyLoss",
  "epochs_per_task": 1,
  "batch_size": 16,
  "max_memory_samples": 2000,
  "alpha": 0.5,
  "beta": 0
}
2023-02-11 21:41:51.736 | DEBUG    | algorithms.algorithm_base:_setup_training:109 - Model moved to cuda:0 and set to train mode
2023-02-11 21:41:51.737 | INFO     | algorithms.algorithm_base:train:118 - Starting training
2023-02-11 21:41:51.738 | INFO     | algorithms.der_pp:train:86 - Task 1 / 5
2023-02-11 21:41:51.739 | INFO     | algorithms.der_pp:train:87 - Classes in task: ['cattle', 'lamp', 'pickup_truck', 'pear', 'whale', 'orange', 'snail', 'dolphin', 'tractor', 'sea', 'bridge', 'ray', 'lawn_mower', 'beaver', 'baby', 'bear', 'castle', 'cup', 'mushroom', 'otter']
2023-02-11 21:41:51.740 | INFO     | algorithms.der_pp:train:95 - Starting epoch 1 / 1
2023-02-11 21:41:55.736 | INFO     | algorithms.der_pp:train:159 - 0:1:40, loss: 5.133
2023-02-11 21:41:57.793 | INFO     | algorithms.der_pp:train:159 - 0:1:80, loss: 4.797
2023-02-11 21:41:59.879 | INFO     | algorithms.der_pp:train:159 - 0:1:120, loss: 4.632
2023-02-11 21:42:01.967 | INFO     | algorithms.der_pp:train:159 - 0:1:160, loss: 4.418
2023-02-11 21:42:04.074 | INFO     | algorithms.der_pp:train:159 - 0:1:200, loss: 4.350
2023-02-11 21:42:06.219 | INFO     | algorithms.der_pp:train:159 - 0:1:240, loss: 4.252
2023-02-11 21:42:08.361 | INFO     | algorithms.der_pp:train:159 - 0:1:280, loss: 4.147
2023-02-11 21:42:10.500 | INFO     | algorithms.der_pp:train:159 - 0:1:320, loss: 4.070
2023-02-11 21:42:12.620 | INFO     | algorithms.der_pp:train:159 - 0:1:360, loss: 4.129
2023-02-11 21:42:14.736 | INFO     | algorithms.der_pp:train:159 - 0:1:400, loss: 3.921
2023-02-11 21:42:16.855 | INFO     | algorithms.der_pp:train:159 - 0:1:440, loss: 3.764
2023-02-11 21:42:18.981 | INFO     | algorithms.der_pp:train:159 - 0:1:480, loss: 3.887
2023-02-11 21:42:21.083 | INFO     | algorithms.der_pp:train:159 - 0:1:520, loss: 3.775
2023-02-11 21:42:23.179 | INFO     | algorithms.der_pp:train:159 - 0:1:560, loss: 3.752
2023-02-11 21:42:25.287 | INFO     | algorithms.der_pp:train:159 - 0:1:600, loss: 3.696
2023-02-11 21:42:26.553 | DEBUG    | algorithms.der_pp:train:162 - Current sample stats:
2023-02-11 21:42:26.554 | DEBUG    | algorithms.der_pp:train:165 - 67 has 100 samples
2023-02-11 21:42:26.554 | DEBUG    | algorithms.der_pp:train:165 - 28 has 100 samples
2023-02-11 21:42:26.555 | DEBUG    | algorithms.der_pp:train:165 - 55 has 100 samples
2023-02-11 21:42:26.556 | DEBUG    | algorithms.der_pp:train:165 - 57 has 100 samples
2023-02-11 21:42:26.556 | DEBUG    | algorithms.der_pp:train:165 - 17 has 100 samples
2023-02-11 21:42:26.557 | DEBUG    | algorithms.der_pp:train:165 - 58 has 100 samples
2023-02-11 21:42:26.558 | DEBUG    | algorithms.der_pp:train:165 - 41 has 100 samples
2023-02-11 21:42:26.558 | DEBUG    | algorithms.der_pp:train:165 - 40 has 100 samples
2023-02-11 21:42:26.559 | DEBUG    | algorithms.der_pp:train:165 - 4 has 100 samples
2023-02-11 21:42:26.560 | DEBUG    | algorithms.der_pp:train:165 - 71 has 100 samples
2023-02-11 21:42:26.561 | DEBUG    | algorithms.der_pp:train:165 - 19 has 100 samples
2023-02-11 21:42:26.561 | DEBUG    | algorithms.der_pp:train:165 - 53 has 100 samples
2023-02-11 21:42:26.562 | DEBUG    | algorithms.der_pp:train:165 - 95 has 100 samples
2023-02-11 21:42:26.563 | DEBUG    | algorithms.der_pp:train:165 - 2 has 100 samples
2023-02-11 21:42:26.564 | DEBUG    | algorithms.der_pp:train:165 - 30 has 100 samples
2023-02-11 21:42:26.564 | DEBUG    | algorithms.der_pp:train:165 - 51 has 100 samples
2023-02-11 21:42:26.565 | DEBUG    | algorithms.der_pp:train:165 - 12 has 100 samples
2023-02-11 21:42:26.566 | DEBUG    | algorithms.der_pp:train:165 - 77 has 100 samples
2023-02-11 21:42:26.566 | DEBUG    | algorithms.der_pp:train:165 - 89 has 100 samples
2023-02-11 21:42:26.567 | DEBUG    | algorithms.der_pp:train:165 - 3 has 100 samples
2023-02-11 21:42:26.568 | INFO     | algorithms.der_pp:train:170 - 1, loss: 4.165
2023-02-11 21:42:26.569 | INFO     | algorithms.algorithm_base:run_base_task_metrics:144 - Running metrics: Task 0
2023-02-11 21:42:30.625 | DEBUG    | algorithms.algorithm_base:run_base_task_metrics:200 - Raw classification accuracy results saved to ./output_cifar100_varied_sampling/der_pp/1676151710.4100304_CIFAR100_OFFICIAL_RUN/task_0_accuracy_results.json
2023-02-11 21:42:30.627 | INFO     | algorithms.algorithm_base:run_base_task_metrics:201 - Correctly classified 602 / 10000 samples (6.02% correct)
2023-02-11 21:42:31.111 | INFO     | algorithms.der_pp:train:86 - Task 2 / 5
2023-02-11 21:42:31.116 | INFO     | algorithms.der_pp:train:87 - Classes in task: ['rabbit', 'skyscraper', 'table', 'woman', 'lobster', 'couch', 'beetle', 'maple_tree', 'rose', 'worm', 'chimpanzee', 'seal', 'tank', 'plain', 'bee', 'shrew', 'willow_tree', 'mouse', 'mountain', 'squirrel']
2023-02-11 21:42:31.117 | INFO     | algorithms.der_pp:train:95 - Starting epoch 1 / 1
2023-02-11 21:42:33.311 | INFO     | algorithms.der_pp:train:159 - 1:1:40, loss: 5.374
2023-02-11 21:42:35.473 | INFO     | algorithms.der_pp:train:159 - 1:1:80, loss: 4.988
2023-02-11 21:42:37.597 | WARNING  | algorithms.buffers:add_sample:173 - Duplicate hash: 1969908795070705075
2023-02-11 21:42:37.611 | INFO     | algorithms.der_pp:train:159 - 1:1:120, loss: 4.720
2023-02-11 21:42:39.732 | INFO     | algorithms.der_pp:train:159 - 1:1:160, loss: 4.592
2023-02-11 21:42:41.848 | INFO     | algorithms.der_pp:train:159 - 1:1:200, loss: 4.415
2023-02-11 21:42:43.984 | INFO     | algorithms.der_pp:train:159 - 1:1:240, loss: 4.347
2023-02-11 21:42:46.131 | INFO     | algorithms.der_pp:train:159 - 1:1:280, loss: 4.292
2023-02-11 21:42:48.296 | INFO     | algorithms.der_pp:train:159 - 1:1:320, loss: 4.148
2023-02-11 21:42:50.452 | INFO     | algorithms.der_pp:train:159 - 1:1:360, loss: 4.171
2023-02-11 21:42:52.595 | INFO     | algorithms.der_pp:train:159 - 1:1:400, loss: 4.038
2023-02-11 21:42:54.713 | INFO     | algorithms.der_pp:train:159 - 1:1:440, loss: 4.101
2023-02-11 21:42:56.830 | INFO     | algorithms.der_pp:train:159 - 1:1:480, loss: 3.919
2023-02-11 21:42:58.958 | INFO     | algorithms.der_pp:train:159 - 1:1:520, loss: 4.011
2023-02-11 21:43:01.071 | INFO     | algorithms.der_pp:train:159 - 1:1:560, loss: 3.935
2023-02-11 21:43:03.180 | INFO     | algorithms.der_pp:train:159 - 1:1:600, loss: 3.863
2023-02-11 21:43:04.450 | DEBUG    | algorithms.der_pp:train:162 - Current sample stats:
2023-02-11 21:43:04.451 | DEBUG    | algorithms.der_pp:train:165 - 67 has 50 samples
2023-02-11 21:43:04.452 | DEBUG    | algorithms.der_pp:train:165 - 28 has 50 samples
2023-02-11 21:43:04.452 | DEBUG    | algorithms.der_pp:train:165 - 55 has 50 samples
2023-02-11 21:43:04.453 | DEBUG    | algorithms.der_pp:train:165 - 57 has 50 samples
2023-02-11 21:43:04.454 | DEBUG    | algorithms.der_pp:train:165 - 17 has 50 samples
2023-02-11 21:43:04.454 | DEBUG    | algorithms.der_pp:train:165 - 58 has 50 samples
2023-02-11 21:43:04.455 | DEBUG    | algorithms.der_pp:train:165 - 41 has 50 samples
2023-02-11 21:43:04.456 | DEBUG    | algorithms.der_pp:train:165 - 40 has 50 samples
2023-02-11 21:43:04.456 | DEBUG    | algorithms.der_pp:train:165 - 4 has 50 samples
2023-02-11 21:43:04.457 | DEBUG    | algorithms.der_pp:train:165 - 71 has 50 samples
2023-02-11 21:43:04.458 | DEBUG    | algorithms.der_pp:train:165 - 19 has 50 samples
2023-02-11 21:43:04.458 | DEBUG    | algorithms.der_pp:train:165 - 53 has 50 samples
2023-02-11 21:43:04.459 | DEBUG    | algorithms.der_pp:train:165 - 95 has 50 samples
2023-02-11 21:43:04.460 | DEBUG    | algorithms.der_pp:train:165 - 2 has 50 samples
2023-02-11 21:43:04.460 | DEBUG    | algorithms.der_pp:train:165 - 30 has 50 samples
2023-02-11 21:43:04.461 | DEBUG    | algorithms.der_pp:train:165 - 51 has 50 samples
2023-02-11 21:43:04.462 | DEBUG    | algorithms.der_pp:train:165 - 12 has 50 samples
2023-02-11 21:43:04.463 | DEBUG    | algorithms.der_pp:train:165 - 77 has 50 samples
2023-02-11 21:43:04.463 | DEBUG    | algorithms.der_pp:train:165 - 89 has 50 samples
2023-02-11 21:43:04.464 | DEBUG    | algorithms.der_pp:train:165 - 3 has 50 samples
2023-02-11 21:43:04.465 | DEBUG    | algorithms.der_pp:train:165 - 21 has 50 samples
2023-02-11 21:43:04.466 | DEBUG    | algorithms.der_pp:train:165 - 50 has 50 samples
2023-02-11 21:43:04.466 | DEBUG    | algorithms.der_pp:train:165 - 72 has 50 samples
2023-02-11 21:43:04.467 | DEBUG    | algorithms.der_pp:train:165 - 47 has 50 samples
2023-02-11 21:43:04.468 | DEBUG    | algorithms.der_pp:train:165 - 74 has 50 samples
2023-02-11 21:43:04.469 | DEBUG    | algorithms.der_pp:train:165 - 45 has 50 samples
2023-02-11 21:43:04.469 | DEBUG    | algorithms.der_pp:train:165 - 49 has 50 samples
2023-02-11 21:43:04.470 | DEBUG    | algorithms.der_pp:train:165 - 70 has 50 samples
2023-02-11 21:43:04.471 | DEBUG    | algorithms.der_pp:train:165 - 7 has 50 samples
2023-02-11 21:43:04.471 | DEBUG    | algorithms.der_pp:train:165 - 80 has 50 samples
2023-02-11 21:43:04.472 | DEBUG    | algorithms.der_pp:train:165 - 76 has 50 samples
2023-02-11 21:43:04.473 | DEBUG    | algorithms.der_pp:train:165 - 65 has 50 samples
2023-02-11 21:43:04.474 | DEBUG    | algorithms.der_pp:train:165 - 85 has 50 samples
2023-02-11 21:43:04.474 | DEBUG    | algorithms.der_pp:train:165 - 96 has 50 samples
2023-02-11 21:43:04.475 | DEBUG    | algorithms.der_pp:train:165 - 6 has 50 samples
2023-02-11 21:43:04.476 | DEBUG    | algorithms.der_pp:train:165 - 25 has 50 samples
2023-02-11 21:43:04.477 | DEBUG    | algorithms.der_pp:train:165 - 84 has 50 samples
2023-02-11 21:43:04.477 | DEBUG    | algorithms.der_pp:train:165 - 99 has 50 samples
2023-02-11 21:43:04.478 | DEBUG    | algorithms.der_pp:train:165 - 98 has 50 samples
2023-02-11 21:43:04.479 | DEBUG    | algorithms.der_pp:train:165 - 60 has 50 samples
2023-02-11 21:43:04.480 | INFO     | algorithms.der_pp:train:170 - 1, loss: 4.308
2023-02-11 21:43:04.480 | INFO     | algorithms.algorithm_base:run_base_task_metrics:144 - Running metrics: Task 1
2023-02-11 21:43:08.549 | DEBUG    | algorithms.algorithm_base:run_base_task_metrics:200 - Raw classification accuracy results saved to ./output_cifar100_varied_sampling/der_pp/1676151710.4100304_CIFAR100_OFFICIAL_RUN/task_1_accuracy_results.json
2023-02-11 21:43:08.551 | INFO     | algorithms.algorithm_base:run_base_task_metrics:201 - Correctly classified 628 / 10000 samples (6.28% correct)
2023-02-11 21:43:08.932 | INFO     | algorithms.der_pp:train:86 - Task 3 / 5
2023-02-11 21:43:08.937 | INFO     | algorithms.der_pp:train:87 - Classes in task: ['kangaroo', 'turtle', 'dinosaur', 'hamster', 'bicycle', 'motorcycle', 'bed', 'shark', 'house', 'chair', 'wardrobe', 'camel', 'cloud', 'skunk', 'can', 'train', 'orchid', 'bowl', 'keyboard', 'snake']
2023-02-11 21:43:08.938 | INFO     | algorithms.der_pp:train:95 - Starting epoch 1 / 1
2023-02-11 21:43:11.105 | INFO     | algorithms.der_pp:train:159 - 2:1:40, loss: 5.328
2023-02-11 21:43:13.222 | INFO     | algorithms.der_pp:train:159 - 2:1:80, loss: 5.023
2023-02-11 21:43:15.322 | INFO     | algorithms.der_pp:train:159 - 2:1:120, loss: 4.907
2023-02-11 21:43:17.434 | INFO     | algorithms.der_pp:train:159 - 2:1:160, loss: 4.633
2023-02-11 21:43:19.542 | INFO     | algorithms.der_pp:train:159 - 2:1:200, loss: 4.567
2023-02-11 21:43:21.653 | INFO     | algorithms.der_pp:train:159 - 2:1:240, loss: 4.470
2023-02-11 21:43:23.754 | INFO     | algorithms.der_pp:train:159 - 2:1:280, loss: 4.367
2023-02-11 21:43:25.863 | INFO     | algorithms.der_pp:train:159 - 2:1:320, loss: 4.438
2023-02-11 21:43:27.969 | INFO     | algorithms.der_pp:train:159 - 2:1:360, loss: 4.306
2023-02-11 21:43:30.081 | INFO     | algorithms.der_pp:train:159 - 2:1:400, loss: 4.185
2023-02-11 21:43:32.191 | INFO     | algorithms.der_pp:train:159 - 2:1:440, loss: 4.067
2023-02-11 21:43:34.302 | INFO     | algorithms.der_pp:train:159 - 2:1:480, loss: 4.155
2023-02-11 21:43:36.409 | INFO     | algorithms.der_pp:train:159 - 2:1:520, loss: 4.089
2023-02-11 21:43:38.518 | INFO     | algorithms.der_pp:train:159 - 2:1:560, loss: 4.147
2023-02-11 21:43:40.649 | INFO     | algorithms.der_pp:train:159 - 2:1:600, loss: 4.083
2023-02-11 21:43:41.918 | DEBUG    | algorithms.der_pp:train:162 - Current sample stats:
2023-02-11 21:43:41.919 | DEBUG    | algorithms.der_pp:train:165 - 67 has 33 samples
2023-02-11 21:43:41.920 | DEBUG    | algorithms.der_pp:train:165 - 28 has 33 samples
2023-02-11 21:43:41.920 | DEBUG    | algorithms.der_pp:train:165 - 55 has 33 samples
2023-02-11 21:43:41.921 | DEBUG    | algorithms.der_pp:train:165 - 57 has 33 samples
2023-02-11 21:43:41.922 | DEBUG    | algorithms.der_pp:train:165 - 17 has 33 samples
2023-02-11 21:43:41.922 | DEBUG    | algorithms.der_pp:train:165 - 58 has 33 samples
2023-02-11 21:43:41.923 | DEBUG    | algorithms.der_pp:train:165 - 41 has 33 samples
2023-02-11 21:43:41.924 | DEBUG    | algorithms.der_pp:train:165 - 40 has 33 samples
2023-02-11 21:43:41.924 | DEBUG    | algorithms.der_pp:train:165 - 4 has 33 samples
2023-02-11 21:43:41.925 | DEBUG    | algorithms.der_pp:train:165 - 71 has 33 samples
2023-02-11 21:43:41.926 | DEBUG    | algorithms.der_pp:train:165 - 19 has 33 samples
2023-02-11 21:43:41.926 | DEBUG    | algorithms.der_pp:train:165 - 53 has 33 samples
2023-02-11 21:43:41.927 | DEBUG    | algorithms.der_pp:train:165 - 95 has 33 samples
2023-02-11 21:43:41.928 | DEBUG    | algorithms.der_pp:train:165 - 2 has 33 samples
2023-02-11 21:43:41.928 | DEBUG    | algorithms.der_pp:train:165 - 30 has 33 samples
2023-02-11 21:43:41.929 | DEBUG    | algorithms.der_pp:train:165 - 51 has 33 samples
2023-02-11 21:43:41.930 | DEBUG    | algorithms.der_pp:train:165 - 12 has 33 samples
2023-02-11 21:43:41.930 | DEBUG    | algorithms.der_pp:train:165 - 77 has 33 samples
2023-02-11 21:43:41.931 | DEBUG    | algorithms.der_pp:train:165 - 89 has 33 samples
2023-02-11 21:43:41.932 | DEBUG    | algorithms.der_pp:train:165 - 3 has 33 samples
2023-02-11 21:43:41.932 | DEBUG    | algorithms.der_pp:train:165 - 21 has 33 samples
2023-02-11 21:43:41.933 | DEBUG    | algorithms.der_pp:train:165 - 50 has 33 samples
2023-02-11 21:43:41.934 | DEBUG    | algorithms.der_pp:train:165 - 72 has 33 samples
2023-02-11 21:43:41.934 | DEBUG    | algorithms.der_pp:train:165 - 47 has 33 samples
2023-02-11 21:43:41.935 | DEBUG    | algorithms.der_pp:train:165 - 74 has 33 samples
2023-02-11 21:43:41.936 | DEBUG    | algorithms.der_pp:train:165 - 45 has 33 samples
2023-02-11 21:43:41.937 | DEBUG    | algorithms.der_pp:train:165 - 49 has 33 samples
2023-02-11 21:43:41.937 | DEBUG    | algorithms.der_pp:train:165 - 70 has 33 samples
2023-02-11 21:43:41.938 | DEBUG    | algorithms.der_pp:train:165 - 7 has 33 samples
2023-02-11 21:43:41.939 | DEBUG    | algorithms.der_pp:train:165 - 80 has 33 samples
2023-02-11 21:43:41.939 | DEBUG    | algorithms.der_pp:train:165 - 76 has 33 samples
2023-02-11 21:43:41.940 | DEBUG    | algorithms.der_pp:train:165 - 65 has 33 samples
2023-02-11 21:43:41.941 | DEBUG    | algorithms.der_pp:train:165 - 85 has 33 samples
2023-02-11 21:43:41.942 | DEBUG    | algorithms.der_pp:train:165 - 96 has 33 samples
2023-02-11 21:43:41.942 | DEBUG    | algorithms.der_pp:train:165 - 6 has 33 samples
2023-02-11 21:43:41.943 | DEBUG    | algorithms.der_pp:train:165 - 25 has 33 samples
2023-02-11 21:43:41.944 | DEBUG    | algorithms.der_pp:train:165 - 84 has 33 samples
2023-02-11 21:43:41.945 | DEBUG    | algorithms.der_pp:train:165 - 99 has 33 samples
2023-02-11 21:43:41.945 | DEBUG    | algorithms.der_pp:train:165 - 98 has 33 samples
2023-02-11 21:43:41.946 | DEBUG    | algorithms.der_pp:train:165 - 60 has 33 samples
2023-02-11 21:43:41.947 | DEBUG    | algorithms.der_pp:train:165 - 5 has 34 samples
2023-02-11 21:43:41.947 | DEBUG    | algorithms.der_pp:train:165 - 75 has 34 samples
2023-02-11 21:43:41.948 | DEBUG    | algorithms.der_pp:train:165 - 73 has 34 samples
2023-02-11 21:43:41.949 | DEBUG    | algorithms.der_pp:train:165 - 90 has 34 samples
2023-02-11 21:43:41.950 | DEBUG    | algorithms.der_pp:train:165 - 29 has 34 samples
2023-02-11 21:43:41.950 | DEBUG    | algorithms.der_pp:train:165 - 39 has 34 samples
2023-02-11 21:43:41.951 | DEBUG    | algorithms.der_pp:train:165 - 37 has 34 samples
2023-02-11 21:43:41.952 | DEBUG    | algorithms.der_pp:train:165 - 38 has 34 samples
2023-02-11 21:43:41.952 | DEBUG    | algorithms.der_pp:train:165 - 16 has 34 samples
2023-02-11 21:43:41.953 | DEBUG    | algorithms.der_pp:train:165 - 15 has 34 samples
2023-02-11 21:43:41.954 | DEBUG    | algorithms.der_pp:train:165 - 94 has 34 samples
2023-02-11 21:43:41.955 | DEBUG    | algorithms.der_pp:train:165 - 93 has 34 samples
2023-02-11 21:43:41.955 | DEBUG    | algorithms.der_pp:train:165 - 23 has 34 samples
2023-02-11 21:43:41.956 | DEBUG    | algorithms.der_pp:train:165 - 36 has 34 samples
2023-02-11 21:43:41.957 | DEBUG    | algorithms.der_pp:train:165 - 8 has 34 samples
2023-02-11 21:43:41.957 | DEBUG    | algorithms.der_pp:train:165 - 54 has 34 samples
2023-02-11 21:43:41.958 | DEBUG    | algorithms.der_pp:train:165 - 78 has 34 samples
2023-02-11 21:43:41.959 | DEBUG    | algorithms.der_pp:train:165 - 48 has 34 samples
2023-02-11 21:43:41.960 | DEBUG    | algorithms.der_pp:train:165 - 10 has 34 samples
2023-02-11 21:43:41.960 | DEBUG    | algorithms.der_pp:train:165 - 20 has 34 samples
2023-02-11 21:43:41.961 | INFO     | algorithms.der_pp:train:170 - 1, loss: 4.438
2023-02-11 21:43:41.962 | INFO     | algorithms.algorithm_base:run_base_task_metrics:144 - Running metrics: Task 2
2023-02-11 21:43:45.996 | DEBUG    | algorithms.algorithm_base:run_base_task_metrics:200 - Raw classification accuracy results saved to ./output_cifar100_varied_sampling/der_pp/1676151710.4100304_CIFAR100_OFFICIAL_RUN/task_2_accuracy_results.json
2023-02-11 21:43:45.998 | INFO     | algorithms.algorithm_base:run_base_task_metrics:201 - Correctly classified 627 / 10000 samples (6.27% correct)
2023-02-11 21:43:46.429 | INFO     | algorithms.der_pp:train:86 - Task 4 / 5
2023-02-11 21:43:46.434 | INFO     | algorithms.der_pp:train:87 - Classes in task: ['plate', 'bottle', 'boy', 'lizard', 'television', 'apple', 'wolf', 'caterpillar', 'butterfly', 'pine_tree', 'rocket', 'poppy', 'tulip', 'crab', 'possum', 'porcupine', 'streetcar', 'clock', 'sunflower', 'lion']
2023-02-11 21:43:46.434 | INFO     | algorithms.der_pp:train:95 - Starting epoch 1 / 1
2023-02-11 21:43:48.604 | INFO     | algorithms.der_pp:train:159 - 3:1:40, loss: 5.598
2023-02-11 21:43:50.719 | INFO     | algorithms.der_pp:train:159 - 3:1:80, loss: 5.070
2023-02-11 21:43:52.829 | INFO     | algorithms.der_pp:train:159 - 3:1:120, loss: 4.760
2023-02-11 21:43:54.941 | INFO     | algorithms.der_pp:train:159 - 3:1:160, loss: 4.691
2023-02-11 21:43:57.057 | INFO     | algorithms.der_pp:train:159 - 3:1:200, loss: 4.550
2023-02-11 21:43:59.170 | INFO     | algorithms.der_pp:train:159 - 3:1:240, loss: 4.346
2023-02-11 21:44:01.282 | INFO     | algorithms.der_pp:train:159 - 3:1:280, loss: 4.433
2023-02-11 21:44:03.400 | INFO     | algorithms.der_pp:train:159 - 3:1:320, loss: 4.181
2023-02-11 21:44:05.522 | INFO     | algorithms.der_pp:train:159 - 3:1:360, loss: 4.213
2023-02-11 21:44:07.635 | INFO     | algorithms.der_pp:train:159 - 3:1:400, loss: 4.142
2023-02-11 21:44:09.749 | INFO     | algorithms.der_pp:train:159 - 3:1:440, loss: 4.157
2023-02-11 21:44:11.862 | INFO     | algorithms.der_pp:train:159 - 3:1:480, loss: 4.152
2023-02-11 21:44:13.976 | INFO     | algorithms.der_pp:train:159 - 3:1:520, loss: 4.008
2023-02-11 21:44:16.090 | INFO     | algorithms.der_pp:train:159 - 3:1:560, loss: 3.809
2023-02-11 21:44:18.200 | INFO     | algorithms.der_pp:train:159 - 3:1:600, loss: 3.863
2023-02-11 21:44:19.474 | DEBUG    | algorithms.der_pp:train:162 - Current sample stats:
2023-02-11 21:44:19.475 | DEBUG    | algorithms.der_pp:train:165 - 67 has 25 samples
2023-02-11 21:44:19.476 | DEBUG    | algorithms.der_pp:train:165 - 28 has 25 samples
2023-02-11 21:44:19.476 | DEBUG    | algorithms.der_pp:train:165 - 55 has 25 samples
2023-02-11 21:44:19.477 | DEBUG    | algorithms.der_pp:train:165 - 57 has 25 samples
2023-02-11 21:44:19.477 | DEBUG    | algorithms.der_pp:train:165 - 17 has 25 samples
2023-02-11 21:44:19.478 | DEBUG    | algorithms.der_pp:train:165 - 58 has 25 samples
2023-02-11 21:44:19.478 | DEBUG    | algorithms.der_pp:train:165 - 41 has 25 samples
2023-02-11 21:44:19.479 | DEBUG    | algorithms.der_pp:train:165 - 40 has 25 samples
2023-02-11 21:44:19.479 | DEBUG    | algorithms.der_pp:train:165 - 4 has 25 samples
2023-02-11 21:44:19.480 | DEBUG    | algorithms.der_pp:train:165 - 71 has 25 samples
2023-02-11 21:44:19.481 | DEBUG    | algorithms.der_pp:train:165 - 19 has 25 samples
2023-02-11 21:44:19.481 | DEBUG    | algorithms.der_pp:train:165 - 53 has 25 samples
2023-02-11 21:44:19.482 | DEBUG    | algorithms.der_pp:train:165 - 95 has 25 samples
2023-02-11 21:44:19.483 | DEBUG    | algorithms.der_pp:train:165 - 2 has 25 samples
2023-02-11 21:44:19.483 | DEBUG    | algorithms.der_pp:train:165 - 30 has 25 samples
2023-02-11 21:44:19.484 | DEBUG    | algorithms.der_pp:train:165 - 51 has 25 samples
2023-02-11 21:44:19.484 | DEBUG    | algorithms.der_pp:train:165 - 12 has 25 samples
2023-02-11 21:44:19.485 | DEBUG    | algorithms.der_pp:train:165 - 77 has 25 samples
2023-02-11 21:44:19.486 | DEBUG    | algorithms.der_pp:train:165 - 89 has 25 samples
2023-02-11 21:44:19.486 | DEBUG    | algorithms.der_pp:train:165 - 3 has 25 samples
2023-02-11 21:44:19.487 | DEBUG    | algorithms.der_pp:train:165 - 21 has 25 samples
2023-02-11 21:44:19.488 | DEBUG    | algorithms.der_pp:train:165 - 50 has 25 samples
2023-02-11 21:44:19.488 | DEBUG    | algorithms.der_pp:train:165 - 72 has 25 samples
2023-02-11 21:44:19.489 | DEBUG    | algorithms.der_pp:train:165 - 47 has 25 samples
2023-02-11 21:44:19.490 | DEBUG    | algorithms.der_pp:train:165 - 74 has 25 samples
2023-02-11 21:44:19.490 | DEBUG    | algorithms.der_pp:train:165 - 45 has 25 samples
2023-02-11 21:44:19.491 | DEBUG    | algorithms.der_pp:train:165 - 49 has 25 samples
2023-02-11 21:44:19.491 | DEBUG    | algorithms.der_pp:train:165 - 70 has 25 samples
2023-02-11 21:44:19.492 | DEBUG    | algorithms.der_pp:train:165 - 7 has 25 samples
2023-02-11 21:44:19.493 | DEBUG    | algorithms.der_pp:train:165 - 80 has 25 samples
2023-02-11 21:44:19.493 | DEBUG    | algorithms.der_pp:train:165 - 76 has 25 samples
2023-02-11 21:44:19.494 | DEBUG    | algorithms.der_pp:train:165 - 65 has 25 samples
2023-02-11 21:44:19.495 | DEBUG    | algorithms.der_pp:train:165 - 85 has 25 samples
2023-02-11 21:44:19.495 | DEBUG    | algorithms.der_pp:train:165 - 96 has 25 samples
2023-02-11 21:44:19.496 | DEBUG    | algorithms.der_pp:train:165 - 6 has 25 samples
2023-02-11 21:44:19.497 | DEBUG    | algorithms.der_pp:train:165 - 25 has 25 samples
2023-02-11 21:44:19.498 | DEBUG    | algorithms.der_pp:train:165 - 84 has 25 samples
2023-02-11 21:44:19.498 | DEBUG    | algorithms.der_pp:train:165 - 99 has 25 samples
2023-02-11 21:44:19.499 | DEBUG    | algorithms.der_pp:train:165 - 98 has 25 samples
2023-02-11 21:44:19.499 | DEBUG    | algorithms.der_pp:train:165 - 60 has 25 samples
2023-02-11 21:44:19.500 | DEBUG    | algorithms.der_pp:train:165 - 5 has 25 samples
2023-02-11 21:44:19.501 | DEBUG    | algorithms.der_pp:train:165 - 75 has 25 samples
2023-02-11 21:44:19.501 | DEBUG    | algorithms.der_pp:train:165 - 73 has 25 samples
2023-02-11 21:44:19.502 | DEBUG    | algorithms.der_pp:train:165 - 90 has 25 samples
2023-02-11 21:44:19.503 | DEBUG    | algorithms.der_pp:train:165 - 29 has 25 samples
2023-02-11 21:44:19.504 | DEBUG    | algorithms.der_pp:train:165 - 39 has 25 samples
2023-02-11 21:44:19.504 | DEBUG    | algorithms.der_pp:train:165 - 37 has 25 samples
2023-02-11 21:44:19.505 | DEBUG    | algorithms.der_pp:train:165 - 38 has 25 samples
2023-02-11 21:44:19.505 | DEBUG    | algorithms.der_pp:train:165 - 16 has 25 samples
2023-02-11 21:44:19.506 | DEBUG    | algorithms.der_pp:train:165 - 15 has 25 samples
2023-02-11 21:44:19.507 | DEBUG    | algorithms.der_pp:train:165 - 94 has 25 samples
2023-02-11 21:44:19.508 | DEBUG    | algorithms.der_pp:train:165 - 93 has 25 samples
2023-02-11 21:44:19.508 | DEBUG    | algorithms.der_pp:train:165 - 23 has 25 samples
2023-02-11 21:44:19.509 | DEBUG    | algorithms.der_pp:train:165 - 36 has 25 samples
2023-02-11 21:44:19.510 | DEBUG    | algorithms.der_pp:train:165 - 8 has 25 samples
2023-02-11 21:44:19.510 | DEBUG    | algorithms.der_pp:train:165 - 54 has 25 samples
2023-02-11 21:44:19.511 | DEBUG    | algorithms.der_pp:train:165 - 78 has 25 samples
2023-02-11 21:44:19.512 | DEBUG    | algorithms.der_pp:train:165 - 48 has 25 samples
2023-02-11 21:44:19.513 | DEBUG    | algorithms.der_pp:train:165 - 10 has 25 samples
2023-02-11 21:44:19.513 | DEBUG    | algorithms.der_pp:train:165 - 20 has 25 samples
2023-02-11 21:44:19.514 | DEBUG    | algorithms.der_pp:train:165 - 82 has 25 samples
2023-02-11 21:44:19.515 | DEBUG    | algorithms.der_pp:train:165 - 44 has 25 samples
2023-02-11 21:44:19.515 | DEBUG    | algorithms.der_pp:train:165 - 26 has 25 samples
2023-02-11 21:44:19.516 | DEBUG    | algorithms.der_pp:train:165 - 43 has 25 samples
2023-02-11 21:44:19.517 | DEBUG    | algorithms.der_pp:train:165 - 69 has 25 samples
2023-02-11 21:44:19.518 | DEBUG    | algorithms.der_pp:train:165 - 59 has 25 samples
2023-02-11 21:44:19.518 | DEBUG    | algorithms.der_pp:train:165 - 97 has 25 samples
2023-02-11 21:44:19.519 | DEBUG    | algorithms.der_pp:train:165 - 22 has 25 samples
2023-02-11 21:44:19.520 | DEBUG    | algorithms.der_pp:train:165 - 0 has 25 samples
2023-02-11 21:44:19.520 | DEBUG    | algorithms.der_pp:train:165 - 18 has 25 samples
2023-02-11 21:44:19.521 | DEBUG    | algorithms.der_pp:train:165 - 11 has 25 samples
2023-02-11 21:44:19.522 | DEBUG    | algorithms.der_pp:train:165 - 64 has 25 samples
2023-02-11 21:44:19.523 | DEBUG    | algorithms.der_pp:train:165 - 81 has 25 samples
2023-02-11 21:44:19.523 | DEBUG    | algorithms.der_pp:train:165 - 87 has 25 samples
2023-02-11 21:44:19.524 | DEBUG    | algorithms.der_pp:train:165 - 92 has 25 samples
2023-02-11 21:44:19.525 | DEBUG    | algorithms.der_pp:train:165 - 14 has 25 samples
2023-02-11 21:44:19.526 | DEBUG    | algorithms.der_pp:train:165 - 62 has 25 samples
2023-02-11 21:44:19.526 | DEBUG    | algorithms.der_pp:train:165 - 63 has 25 samples
2023-02-11 21:44:19.527 | DEBUG    | algorithms.der_pp:train:165 - 61 has 25 samples
2023-02-11 21:44:19.528 | DEBUG    | algorithms.der_pp:train:165 - 9 has 25 samples
2023-02-11 21:44:19.528 | INFO     | algorithms.der_pp:train:170 - 1, loss: 4.381
2023-02-11 21:44:19.529 | INFO     | algorithms.algorithm_base:run_base_task_metrics:144 - Running metrics: Task 3
2023-02-11 21:44:23.597 | DEBUG    | algorithms.algorithm_base:run_base_task_metrics:200 - Raw classification accuracy results saved to ./output_cifar100_varied_sampling/der_pp/1676151710.4100304_CIFAR100_OFFICIAL_RUN/task_3_accuracy_results.json
2023-02-11 21:44:23.599 | INFO     | algorithms.algorithm_base:run_base_task_metrics:201 - Correctly classified 635 / 10000 samples (6.35% correct)
2023-02-11 21:44:23.972 | INFO     | algorithms.der_pp:train:86 - Task 5 / 5
2023-02-11 21:44:23.978 | INFO     | algorithms.der_pp:train:87 - Classes in task: ['aquarium_fish', 'crocodile', 'bus', 'telephone', 'fox', 'tiger', 'leopard', 'girl', 'oak_tree', 'flatfish', 'spider', 'forest', 'palm_tree', 'man', 'cockroach', 'elephant', 'trout', 'raccoon', 'road', 'sweet_pepper']
2023-02-11 21:44:23.979 | INFO     | algorithms.der_pp:train:95 - Starting epoch 1 / 1
2023-02-11 21:44:26.150 | INFO     | algorithms.der_pp:train:159 - 4:1:40, loss: 5.824
2023-02-11 21:44:28.256 | INFO     | algorithms.der_pp:train:159 - 4:1:80, loss: 5.365
2023-02-11 21:44:30.384 | INFO     | algorithms.der_pp:train:159 - 4:1:120, loss: 5.169
2023-02-11 21:44:32.494 | INFO     | algorithms.der_pp:train:159 - 4:1:160, loss: 4.923
2023-02-11 21:44:34.607 | INFO     | algorithms.der_pp:train:159 - 4:1:200, loss: 4.778
2023-02-11 21:44:36.726 | INFO     | algorithms.der_pp:train:159 - 4:1:240, loss: 4.656
2023-02-11 21:44:38.837 | INFO     | algorithms.der_pp:train:159 - 4:1:280, loss: 4.504
2023-02-11 21:44:40.957 | INFO     | algorithms.der_pp:train:159 - 4:1:320, loss: 4.429
2023-02-11 21:44:43.071 | INFO     | algorithms.der_pp:train:159 - 4:1:360, loss: 4.517
2023-02-11 21:44:45.190 | INFO     | algorithms.der_pp:train:159 - 4:1:400, loss: 4.319
2023-02-11 21:44:47.302 | INFO     | algorithms.der_pp:train:159 - 4:1:440, loss: 4.367
2023-02-11 21:44:49.422 | INFO     | algorithms.der_pp:train:159 - 4:1:480, loss: 4.339
2023-02-11 21:44:51.538 | INFO     | algorithms.der_pp:train:159 - 4:1:520, loss: 4.272
2023-02-11 21:44:53.661 | INFO     | algorithms.der_pp:train:159 - 4:1:560, loss: 4.188
2023-02-11 21:44:55.775 | INFO     | algorithms.der_pp:train:159 - 4:1:600, loss: 4.199
2023-02-11 21:44:57.044 | DEBUG    | algorithms.der_pp:train:162 - Current sample stats:
2023-02-11 21:44:57.045 | DEBUG    | algorithms.der_pp:train:165 - 67 has 20 samples
2023-02-11 21:44:57.046 | DEBUG    | algorithms.der_pp:train:165 - 28 has 20 samples
2023-02-11 21:44:57.047 | DEBUG    | algorithms.der_pp:train:165 - 55 has 20 samples
2023-02-11 21:44:57.047 | DEBUG    | algorithms.der_pp:train:165 - 57 has 20 samples
2023-02-11 21:44:57.048 | DEBUG    | algorithms.der_pp:train:165 - 17 has 20 samples
2023-02-11 21:44:57.049 | DEBUG    | algorithms.der_pp:train:165 - 58 has 20 samples
2023-02-11 21:44:57.050 | DEBUG    | algorithms.der_pp:train:165 - 41 has 20 samples
2023-02-11 21:44:57.050 | DEBUG    | algorithms.der_pp:train:165 - 40 has 20 samples
2023-02-11 21:44:57.051 | DEBUG    | algorithms.der_pp:train:165 - 4 has 20 samples
2023-02-11 21:44:57.052 | DEBUG    | algorithms.der_pp:train:165 - 71 has 20 samples
2023-02-11 21:44:57.052 | DEBUG    | algorithms.der_pp:train:165 - 19 has 20 samples
2023-02-11 21:44:57.053 | DEBUG    | algorithms.der_pp:train:165 - 53 has 20 samples
2023-02-11 21:44:57.054 | DEBUG    | algorithms.der_pp:train:165 - 95 has 20 samples
2023-02-11 21:44:57.055 | DEBUG    | algorithms.der_pp:train:165 - 2 has 20 samples
2023-02-11 21:44:57.055 | DEBUG    | algorithms.der_pp:train:165 - 30 has 20 samples
2023-02-11 21:44:57.056 | DEBUG    | algorithms.der_pp:train:165 - 51 has 20 samples
2023-02-11 21:44:57.057 | DEBUG    | algorithms.der_pp:train:165 - 12 has 20 samples
2023-02-11 21:44:57.057 | DEBUG    | algorithms.der_pp:train:165 - 77 has 20 samples
2023-02-11 21:44:57.058 | DEBUG    | algorithms.der_pp:train:165 - 89 has 20 samples
2023-02-11 21:44:57.059 | DEBUG    | algorithms.der_pp:train:165 - 3 has 20 samples
2023-02-11 21:44:57.060 | DEBUG    | algorithms.der_pp:train:165 - 21 has 20 samples
2023-02-11 21:44:57.060 | DEBUG    | algorithms.der_pp:train:165 - 50 has 20 samples
2023-02-11 21:44:57.061 | DEBUG    | algorithms.der_pp:train:165 - 72 has 20 samples
2023-02-11 21:44:57.062 | DEBUG    | algorithms.der_pp:train:165 - 47 has 20 samples
2023-02-11 21:44:57.063 | DEBUG    | algorithms.der_pp:train:165 - 74 has 20 samples
2023-02-11 21:44:57.063 | DEBUG    | algorithms.der_pp:train:165 - 45 has 20 samples
2023-02-11 21:44:57.064 | DEBUG    | algorithms.der_pp:train:165 - 49 has 20 samples
2023-02-11 21:44:57.065 | DEBUG    | algorithms.der_pp:train:165 - 70 has 20 samples
2023-02-11 21:44:57.065 | DEBUG    | algorithms.der_pp:train:165 - 7 has 20 samples
2023-02-11 21:44:57.066 | DEBUG    | algorithms.der_pp:train:165 - 80 has 20 samples
2023-02-11 21:44:57.067 | DEBUG    | algorithms.der_pp:train:165 - 76 has 20 samples
2023-02-11 21:44:57.068 | DEBUG    | algorithms.der_pp:train:165 - 65 has 20 samples
2023-02-11 21:44:57.068 | DEBUG    | algorithms.der_pp:train:165 - 85 has 20 samples
2023-02-11 21:44:57.069 | DEBUG    | algorithms.der_pp:train:165 - 96 has 20 samples
2023-02-11 21:44:57.070 | DEBUG    | algorithms.der_pp:train:165 - 6 has 20 samples
2023-02-11 21:44:57.070 | DEBUG    | algorithms.der_pp:train:165 - 25 has 20 samples
2023-02-11 21:44:57.071 | DEBUG    | algorithms.der_pp:train:165 - 84 has 20 samples
2023-02-11 21:44:57.072 | DEBUG    | algorithms.der_pp:train:165 - 99 has 20 samples
2023-02-11 21:44:57.073 | DEBUG    | algorithms.der_pp:train:165 - 98 has 20 samples
2023-02-11 21:44:57.073 | DEBUG    | algorithms.der_pp:train:165 - 60 has 20 samples
2023-02-11 21:44:57.074 | DEBUG    | algorithms.der_pp:train:165 - 5 has 20 samples
2023-02-11 21:44:57.075 | DEBUG    | algorithms.der_pp:train:165 - 75 has 20 samples
2023-02-11 21:44:57.075 | DEBUG    | algorithms.der_pp:train:165 - 73 has 20 samples
2023-02-11 21:44:57.076 | DEBUG    | algorithms.der_pp:train:165 - 90 has 20 samples
2023-02-11 21:44:57.077 | DEBUG    | algorithms.der_pp:train:165 - 29 has 20 samples
2023-02-11 21:44:57.078 | DEBUG    | algorithms.der_pp:train:165 - 39 has 20 samples
2023-02-11 21:44:57.078 | DEBUG    | algorithms.der_pp:train:165 - 37 has 20 samples
2023-02-11 21:44:57.079 | DEBUG    | algorithms.der_pp:train:165 - 38 has 20 samples
2023-02-11 21:44:57.080 | DEBUG    | algorithms.der_pp:train:165 - 16 has 20 samples
2023-02-11 21:44:57.081 | DEBUG    | algorithms.der_pp:train:165 - 15 has 20 samples
2023-02-11 21:44:57.081 | DEBUG    | algorithms.der_pp:train:165 - 94 has 20 samples
2023-02-11 21:44:57.082 | DEBUG    | algorithms.der_pp:train:165 - 93 has 20 samples
2023-02-11 21:44:57.083 | DEBUG    | algorithms.der_pp:train:165 - 23 has 20 samples
2023-02-11 21:44:57.083 | DEBUG    | algorithms.der_pp:train:165 - 36 has 20 samples
2023-02-11 21:44:57.084 | DEBUG    | algorithms.der_pp:train:165 - 8 has 20 samples
2023-02-11 21:44:57.085 | DEBUG    | algorithms.der_pp:train:165 - 54 has 20 samples
2023-02-11 21:44:57.086 | DEBUG    | algorithms.der_pp:train:165 - 78 has 20 samples
2023-02-11 21:44:57.086 | DEBUG    | algorithms.der_pp:train:165 - 48 has 20 samples
2023-02-11 21:44:57.087 | DEBUG    | algorithms.der_pp:train:165 - 10 has 20 samples
2023-02-11 21:44:57.088 | DEBUG    | algorithms.der_pp:train:165 - 20 has 20 samples
2023-02-11 21:44:57.088 | DEBUG    | algorithms.der_pp:train:165 - 82 has 20 samples
2023-02-11 21:44:57.089 | DEBUG    | algorithms.der_pp:train:165 - 44 has 20 samples
2023-02-11 21:44:57.090 | DEBUG    | algorithms.der_pp:train:165 - 26 has 20 samples
2023-02-11 21:44:57.091 | DEBUG    | algorithms.der_pp:train:165 - 43 has 20 samples
2023-02-11 21:44:57.091 | DEBUG    | algorithms.der_pp:train:165 - 69 has 20 samples
2023-02-11 21:44:57.092 | DEBUG    | algorithms.der_pp:train:165 - 59 has 20 samples
2023-02-11 21:44:57.093 | DEBUG    | algorithms.der_pp:train:165 - 97 has 20 samples
2023-02-11 21:44:57.093 | DEBUG    | algorithms.der_pp:train:165 - 22 has 20 samples
2023-02-11 21:44:57.094 | DEBUG    | algorithms.der_pp:train:165 - 0 has 20 samples
2023-02-11 21:44:57.095 | DEBUG    | algorithms.der_pp:train:165 - 18 has 20 samples
2023-02-11 21:44:57.096 | DEBUG    | algorithms.der_pp:train:165 - 11 has 20 samples
2023-02-11 21:44:57.096 | DEBUG    | algorithms.der_pp:train:165 - 64 has 20 samples
2023-02-11 21:44:57.097 | DEBUG    | algorithms.der_pp:train:165 - 81 has 20 samples
2023-02-11 21:44:57.098 | DEBUG    | algorithms.der_pp:train:165 - 87 has 20 samples
2023-02-11 21:44:57.098 | DEBUG    | algorithms.der_pp:train:165 - 92 has 20 samples
2023-02-11 21:44:57.099 | DEBUG    | algorithms.der_pp:train:165 - 14 has 20 samples
2023-02-11 21:44:57.100 | DEBUG    | algorithms.der_pp:train:165 - 62 has 20 samples
2023-02-11 21:44:57.101 | DEBUG    | algorithms.der_pp:train:165 - 63 has 20 samples
2023-02-11 21:44:57.101 | DEBUG    | algorithms.der_pp:train:165 - 61 has 20 samples
2023-02-11 21:44:57.102 | DEBUG    | algorithms.der_pp:train:165 - 9 has 20 samples
2023-02-11 21:44:57.103 | DEBUG    | algorithms.der_pp:train:165 - 32 has 20 samples
2023-02-11 21:44:57.103 | DEBUG    | algorithms.der_pp:train:165 - 56 has 20 samples
2023-02-11 21:44:57.104 | DEBUG    | algorithms.der_pp:train:165 - 27 has 20 samples
2023-02-11 21:44:57.105 | DEBUG    | algorithms.der_pp:train:165 - 46 has 20 samples
2023-02-11 21:44:57.106 | DEBUG    | algorithms.der_pp:train:165 - 91 has 20 samples
2023-02-11 21:44:57.106 | DEBUG    | algorithms.der_pp:train:165 - 24 has 20 samples
2023-02-11 21:44:57.107 | DEBUG    | algorithms.der_pp:train:165 - 1 has 20 samples
2023-02-11 21:44:57.108 | DEBUG    | algorithms.der_pp:train:165 - 66 has 20 samples
2023-02-11 21:44:57.108 | DEBUG    | algorithms.der_pp:train:165 - 79 has 20 samples
2023-02-11 21:44:57.109 | DEBUG    | algorithms.der_pp:train:165 - 35 has 20 samples
2023-02-11 21:44:57.110 | DEBUG    | algorithms.der_pp:train:165 - 83 has 20 samples
2023-02-11 21:44:57.111 | DEBUG    | algorithms.der_pp:train:165 - 13 has 20 samples
2023-02-11 21:44:57.111 | DEBUG    | algorithms.der_pp:train:165 - 88 has 20 samples
2023-02-11 21:44:57.112 | DEBUG    | algorithms.der_pp:train:165 - 33 has 20 samples
2023-02-11 21:44:57.113 | DEBUG    | algorithms.der_pp:train:165 - 86 has 20 samples
2023-02-11 21:44:57.113 | DEBUG    | algorithms.der_pp:train:165 - 52 has 20 samples
2023-02-11 21:44:57.114 | DEBUG    | algorithms.der_pp:train:165 - 68 has 20 samples
2023-02-11 21:44:57.115 | DEBUG    | algorithms.der_pp:train:165 - 31 has 20 samples
2023-02-11 21:44:57.116 | DEBUG    | algorithms.der_pp:train:165 - 34 has 20 samples
2023-02-11 21:44:57.116 | DEBUG    | algorithms.der_pp:train:165 - 42 has 20 samples
2023-02-11 21:44:57.117 | INFO     | algorithms.der_pp:train:170 - 1, loss: 4.637
2023-02-11 21:44:57.118 | INFO     | algorithms.algorithm_base:run_base_task_metrics:144 - Running metrics: Task 4
2023-02-11 21:45:01.202 | DEBUG    | algorithms.algorithm_base:run_base_task_metrics:200 - Raw classification accuracy results saved to ./output_cifar100_varied_sampling/der_pp/1676151710.4100304_CIFAR100_OFFICIAL_RUN/task_4_accuracy_results.json
2023-02-11 21:45:01.204 | INFO     | algorithms.algorithm_base:run_base_task_metrics:201 - Correctly classified 707 / 10000 samples (7.07% correct)
2023-02-11 21:45:01.580 | INFO     | algorithms.der_pp:train:178 - Training complete
2023-02-11 21:45:01.585 | INFO     | __main__:run_experiment:290 - Training and evaluation completed!
2023-02-11 21:45:01.586 | INFO     | __main__:run_experiment:304 - Wrote usage stats to file
2023-02-11 21:45:01.587 | INFO     | __main__:main:351 - Complete
2023-02-11 21:45:01.589 | INFO     | __main__:close_tensorboard_writer:252 - Shut down TensorBoard
