2023-01-10 17:27:17.800 | INFO     | __main__:setup_files:173 - Experiment Name: OFFICIAL_RUN
2023-01-10 17:27:17.801 | INFO     | __main__:main:278 - Command line arguments: Configuration(algorithm='finetuning', dataset='cifar100', classes_per_task=20, seed=2461)
2023-01-10 17:27:17.804 | INFO     | __main__:main:282 - Seeded random to 2461
2023-01-10 17:27:17.804 | INFO     | __main__:main:286 - Got CUDA device
2023-01-10 17:27:17.805 | INFO     | __main__:force_cuda_load:221 - Forcing CUDA initialisation...
2023-01-10 17:27:17.861 | INFO     | __main__:main:290 - CUDA initialised
2023-01-10 17:27:17.862 | INFO     | __main__:setup_shutdown_hook:217 - To access TensorBoard, run the command: tensorboard --logdir=./output/finetuning/1673371637.7965593_CIFAR100_OFFICIAL_RUN
2023-01-10 17:27:17.864 | INFO     | __main__:main:294 - Setup shutdown hooks
2023-01-10 17:27:17.887 | INFO     | __main__:main:299 - Model is setup
2023-01-10 17:27:17.888 | INFO     | __main__:main:301 - Complete pre-setup, starting experiment
2023-01-10 17:27:19.070 | INFO     | datasets.dataset_base:__init__:80 - Using disjoint tasks with 20 (5 tasks) with a randomised split
2023-01-10 17:27:19.072 | DEBUG    | datasets.dataset_base:_setup_task_datasets:95 - Splitting dataset into 5 disjoint tasks
2023-01-10 17:27:19.092 | INFO     | datasets.dataset_base:__init__:85 - {
  "name": "datasets.cifar100.CIFAR100",
  "dataset_class": "torchvision.datasets.cifar.CIFAR100",
  "training_dataset_parameters": "{'train': True, 'download': True}",
  "testing_dataset_parameters": "{'train': False, 'download': True}",
  "training_transform": "Compose(\n    RandomCrop(size=(32, 32), padding=4)\n    RandomHorizontalFlip(p=0.5)\n    Resize(size=(32, 32), interpolation=bilinear, max_size=None, antialias=None)\n    ToTensor()\n    Normalize(mean=(0.5071, 0.4867, 0.4408), std=(0.2675, 0.2565, 0.2761))\n)",
  "testing_transform": "Compose(\n    Resize(size=(32, 32), interpolation=bilinear, max_size=None, antialias=None)\n    ToTensor()\n    Normalize(mean=(0.5071, 0.4867, 0.4408), std=(0.2675, 0.2565, 0.2761))\n)",
  "classes": "apple, aquarium_fish, baby, bear, beaver, bed, bee, beetle, bicycle, bottle, bowl, boy, bridge, bus, butterfly, camel, can, castle, caterpillar, cattle, chair, chimpanzee, clock, cloud, cockroach, couch, crab, crocodile, cup, dinosaur, dolphin, elephant, flatfish, forest, fox, girl, hamster, house, kangaroo, keyboard, lamp, lawn_mower, leopard, lion, lizard, lobster, man, maple_tree, motorcycle, mountain, mouse, mushroom, oak_tree, orange, orchid, otter, palm_tree, pear, pickup_truck, pine_tree, plain, plate, poppy, porcupine, possum, rabbit, raccoon, ray, road, rocket, rose, sea, seal, shark, shrew, skunk, skyscraper, snail, snake, spider, squirrel, streetcar, sunflower, sweet_pepper, table, tank, telephone, television, tiger, tractor, train, trout, tulip, turtle, wardrobe, whale, willow_tree, wolf, woman, worm",
  "disjoint": true,
  "task_count": 5,
  "classes_per_task": [
    20
  ],
  "task_split_indices": [
    [
      64,
      83,
      15,
      30,
      89,
      43,
      87,
      53,
      26,
      27,
      49,
      54,
      13,
      73,
      65,
      55,
      81,
      7,
      35,
      8
    ],
    [
      68,
      74,
      50,
      63,
      66,
      75,
      18,
      12,
      69,
      51,
      28,
      42,
      59,
      76,
      3,
      32,
      70,
      22,
      46,
      58
    ],
    [
      67,
      72,
      1,
      93,
      90,
      48,
      56,
      57,
      91,
      44,
      24,
      34,
      97,
      95,
      71,
      62,
      98,
      25,
      47,
      77
    ],
    [
      60,
      0,
      6,
      2,
      78,
      61,
      29,
      37,
      94,
      4,
      86,
      84,
      33,
      52,
      38,
      16,
      19,
      82,
      99,
      39
    ],
    [
      45,
      79,
      96,
      9,
      92,
      41,
      11,
      36,
      31,
      23,
      85,
      21,
      10,
      17,
      14,
      80,
      20,
      88,
      40,
      5
    ]
  ],
  "task_split_classes": [
    [
      "possum",
      "sweet_pepper",
      "camel",
      "dolphin",
      "tractor",
      "lion",
      "television",
      "orange",
      "crab",
      "crocodile",
      "mountain",
      "orchid",
      "bus",
      "shark",
      "rabbit",
      "otter",
      "streetcar",
      "beetle",
      "girl",
      "bicycle"
    ],
    [
      "road",
      "shrew",
      "mouse",
      "porcupine",
      "raccoon",
      "skunk",
      "caterpillar",
      "bridge",
      "rocket",
      "mushroom",
      "cup",
      "leopard",
      "pine_tree",
      "skyscraper",
      "bear",
      "flatfish",
      "rose",
      "clock",
      "man",
      "pickup_truck"
    ],
    [
      "ray",
      "seal",
      "aquarium_fish",
      "turtle",
      "train",
      "motorcycle",
      "palm_tree",
      "pear",
      "trout",
      "lizard",
      "cockroach",
      "fox",
      "wolf",
      "whale",
      "sea",
      "poppy",
      "woman",
      "couch",
      "maple_tree",
      "snail"
    ],
    [
      "plain",
      "apple",
      "bee",
      "baby",
      "snake",
      "plate",
      "dinosaur",
      "house",
      "wardrobe",
      "beaver",
      "telephone",
      "table",
      "forest",
      "oak_tree",
      "kangaroo",
      "can",
      "cattle",
      "sunflower",
      "worm",
      "keyboard"
    ],
    [
      "lobster",
      "spider",
      "willow_tree",
      "bottle",
      "tulip",
      "lawn_mower",
      "boy",
      "hamster",
      "elephant",
      "cloud",
      "tank",
      "chimpanzee",
      "bowl",
      "castle",
      "butterfly",
      "squirrel",
      "chair",
      "tiger",
      "lamp",
      "bed"
    ]
  ]
}
2023-01-10 17:27:19.096 | DEBUG    | __main__:run_experiment:245 - PID: 2800
2023-01-10 17:27:19.098 | INFO     | __main__:run_experiment:247 - Starting...
2023-01-10 17:27:19.098 | INFO     | algorithms.algorithm_base:train:116 - {
  "name": "algorithms.finetuning.Finetuning",
  "model_class": "models.cifar.resnet.ResNet",
  "device": "cuda:0",
  "dataset_class": "datasets.cifar100.CIFAR100",
  "optimiser_class": "torch.optim.sgd.SGD",
  "loss_criterion_class": "torch.nn.modules.loss.CrossEntropyLoss",
  "max_epochs_per_task": 1,
  "batch_size": 64
}
2023-01-10 17:27:19.100 | DEBUG    | algorithms.algorithm_base:_setup_training:109 - Model moved to cuda:0 and set to train mode
2023-01-10 17:27:19.101 | INFO     | algorithms.algorithm_base:train:118 - Starting training
2023-01-10 17:27:19.102 | INFO     | algorithms.finetuning:train:53 - Task 1 / 5
2023-01-10 17:27:19.103 | INFO     | algorithms.finetuning:train:54 - Classes in task: ['possum', 'sweet_pepper', 'camel', 'dolphin', 'tractor', 'lion', 'television', 'orange', 'crab', 'crocodile', 'mountain', 'orchid', 'bus', 'shark', 'rabbit', 'otter', 'streetcar', 'beetle', 'girl', 'bicycle']
2023-01-10 17:27:19.104 | INFO     | algorithms.finetuning:train:58 - Starting epoch 1 / 1
2023-01-10 17:27:26.505 | INFO     | algorithms.finetuning:train:83 - 1, loss: 4.310
2023-01-10 17:27:26.507 | INFO     | algorithms.algorithm_base:run_base_task_metrics:146 - Running metrics: Task 0
2023-01-10 17:27:30.386 | DEBUG    | algorithms.algorithm_base:run_base_task_metrics:202 - Raw classification accuracy results saved to ./output/finetuning/1673371637.7965593_CIFAR100_OFFICIAL_RUN/task_0_accuracy_results.json
2023-01-10 17:27:30.388 | INFO     | algorithms.algorithm_base:run_base_task_metrics:203 - Correctly classified 448 / 10000 samples (4.48% correct)
2023-01-10 17:27:30.862 | INFO     | algorithms.finetuning:train:53 - Task 2 / 5
2023-01-10 17:27:30.867 | INFO     | algorithms.finetuning:train:54 - Classes in task: ['road', 'shrew', 'mouse', 'porcupine', 'raccoon', 'skunk', 'caterpillar', 'bridge', 'rocket', 'mushroom', 'cup', 'leopard', 'pine_tree', 'skyscraper', 'bear', 'flatfish', 'rose', 'clock', 'man', 'pickup_truck']
2023-01-10 17:27:30.868 | INFO     | algorithms.finetuning:train:58 - Starting epoch 1 / 1
2023-01-10 17:27:36.402 | INFO     | algorithms.finetuning:train:83 - 1, loss: 2.990
2023-01-10 17:27:36.403 | INFO     | algorithms.algorithm_base:run_base_task_metrics:146 - Running metrics: Task 1
2023-01-10 17:27:40.279 | DEBUG    | algorithms.algorithm_base:run_base_task_metrics:202 - Raw classification accuracy results saved to ./output/finetuning/1673371637.7965593_CIFAR100_OFFICIAL_RUN/task_1_accuracy_results.json
2023-01-10 17:27:40.280 | INFO     | algorithms.algorithm_base:run_base_task_metrics:203 - Correctly classified 392 / 10000 samples (3.92% correct)
2023-01-10 17:27:40.651 | INFO     | algorithms.finetuning:train:53 - Task 3 / 5
2023-01-10 17:27:40.655 | INFO     | algorithms.finetuning:train:54 - Classes in task: ['ray', 'seal', 'aquarium_fish', 'turtle', 'train', 'motorcycle', 'palm_tree', 'pear', 'trout', 'lizard', 'cockroach', 'fox', 'wolf', 'whale', 'sea', 'poppy', 'woman', 'couch', 'maple_tree', 'snail']
2023-01-10 17:27:40.656 | INFO     | algorithms.finetuning:train:58 - Starting epoch 1 / 1
2023-01-10 17:27:46.159 | INFO     | algorithms.finetuning:train:83 - 1, loss: 3.269
2023-01-10 17:27:46.159 | INFO     | algorithms.algorithm_base:run_base_task_metrics:146 - Running metrics: Task 2
2023-01-10 17:27:50.047 | DEBUG    | algorithms.algorithm_base:run_base_task_metrics:202 - Raw classification accuracy results saved to ./output/finetuning/1673371637.7965593_CIFAR100_OFFICIAL_RUN/task_2_accuracy_results.json
2023-01-10 17:27:50.049 | INFO     | algorithms.algorithm_base:run_base_task_metrics:203 - Correctly classified 339 / 10000 samples (3.39% correct)
2023-01-10 17:27:50.472 | INFO     | algorithms.finetuning:train:53 - Task 4 / 5
2023-01-10 17:27:50.477 | INFO     | algorithms.finetuning:train:54 - Classes in task: ['plain', 'apple', 'bee', 'baby', 'snake', 'plate', 'dinosaur', 'house', 'wardrobe', 'beaver', 'telephone', 'table', 'forest', 'oak_tree', 'kangaroo', 'can', 'cattle', 'sunflower', 'worm', 'keyboard']
2023-01-10 17:27:50.478 | INFO     | algorithms.finetuning:train:58 - Starting epoch 1 / 1
2023-01-10 17:27:55.967 | INFO     | algorithms.finetuning:train:83 - 1, loss: 3.437
2023-01-10 17:27:55.968 | INFO     | algorithms.algorithm_base:run_base_task_metrics:146 - Running metrics: Task 3
2023-01-10 17:27:59.802 | DEBUG    | algorithms.algorithm_base:run_base_task_metrics:202 - Raw classification accuracy results saved to ./output/finetuning/1673371637.7965593_CIFAR100_OFFICIAL_RUN/task_3_accuracy_results.json
2023-01-10 17:27:59.804 | INFO     | algorithms.algorithm_base:run_base_task_metrics:203 - Correctly classified 372 / 10000 samples (3.72% correct)
2023-01-10 17:28:00.172 | INFO     | algorithms.finetuning:train:53 - Task 5 / 5
2023-01-10 17:28:00.176 | INFO     | algorithms.finetuning:train:54 - Classes in task: ['lobster', 'spider', 'willow_tree', 'bottle', 'tulip', 'lawn_mower', 'boy', 'hamster', 'elephant', 'cloud', 'tank', 'chimpanzee', 'bowl', 'castle', 'butterfly', 'squirrel', 'chair', 'tiger', 'lamp', 'bed']
2023-01-10 17:28:00.177 | INFO     | algorithms.finetuning:train:58 - Starting epoch 1 / 1
2023-01-10 17:28:05.673 | INFO     | algorithms.finetuning:train:83 - 1, loss: 3.440
2023-01-10 17:28:05.675 | INFO     | algorithms.algorithm_base:run_base_task_metrics:146 - Running metrics: Task 4
2023-01-10 17:28:09.523 | DEBUG    | algorithms.algorithm_base:run_base_task_metrics:202 - Raw classification accuracy results saved to ./output/finetuning/1673371637.7965593_CIFAR100_OFFICIAL_RUN/task_4_accuracy_results.json
2023-01-10 17:28:09.524 | INFO     | algorithms.algorithm_base:run_base_task_metrics:203 - Correctly classified 384 / 10000 samples (3.84% correct)
2023-01-10 17:28:09.891 | INFO     | algorithms.finetuning:train:92 - Training complete
2023-01-10 17:28:09.896 | INFO     | __main__:run_experiment:253 - Training and evaluation completed!
2023-01-10 17:28:09.897 | INFO     | __main__:run_experiment:267 - Wrote usage stats to file
2023-01-10 17:28:09.898 | INFO     | __main__:main:307 - Complete
2023-01-10 17:28:09.899 | INFO     | __main__:close_tensorboard_writer:215 - Shut down TensorBoard
