2023-04-18 01:32:19.313 | INFO     | __main__:setup_files:218 - Experiment Name: OFFICIAL_RUN
2023-04-18 01:32:19.314 | INFO     | __main__:main:334 - Command line arguments: Configuration(algorithm='der', dataset='cifar10', classes_per_task=2, seed=2843, samples=1000)
2023-04-18 01:32:19.316 | INFO     | __main__:main:338 - Seeded random to 2843
2023-04-18 01:32:19.317 | INFO     | __main__:main:342 - Got CUDA device
2023-04-18 01:32:19.318 | INFO     | __main__:force_cuda_load:268 - Forcing CUDA initialisation...
2023-04-18 01:32:19.377 | INFO     | __main__:main:346 - CUDA initialised
2023-04-18 01:32:19.378 | INFO     | __main__:setup_shutdown_hook:264 - To access TensorBoard, run the command: tensorboard --logdir=./output_cifar10_varied_sampling/der_pp/1681777939.3094609_CIFAR10_OFFICIAL_RUN
2023-04-18 01:32:19.392 | INFO     | __main__:main:350 - Setup shutdown hooks
2023-04-18 01:32:19.518 | INFO     | __main__:main:355 - Model is setup
2023-04-18 01:32:19.520 | INFO     | __main__:main:357 - Complete pre-setup, starting experiment
2023-04-18 01:32:20.701 | INFO     | datasets.dataset_base:__init__:80 - Using disjoint tasks with 2 (5 tasks) with a randomised split
2023-04-18 01:32:20.703 | DEBUG    | datasets.dataset_base:_setup_task_datasets:95 - Splitting dataset into 5 disjoint tasks
2023-04-18 01:32:20.722 | INFO     | datasets.dataset_base:__init__:85 - {
  "name": "datasets.cifar10.CIFAR10",
  "dataset_class": "torchvision.datasets.cifar.CIFAR10",
  "training_dataset_parameters": "{'train': True, 'download': True}",
  "testing_dataset_parameters": "{'train': False, 'download': True}",
  "training_transform": "Compose(\n    Resize(size=(32, 32), interpolation=bilinear, max_size=None, antialias=None)\n    ToTensor()\n    Normalize(mean=(0.4914, 0.4822, 0.4465), std=(0.247, 0.2435, 0.2616))\n    RandomCrop(size=(32, 32), padding=4)\n    RandomHorizontalFlip(p=0.5)\n)",
  "testing_transform": "Compose(\n    Resize(size=(32, 32), interpolation=bilinear, max_size=None, antialias=None)\n    ToTensor()\n    Normalize(mean=(0.4914, 0.4822, 0.4465), std=(0.247, 0.2435, 0.2616))\n)",
  "classes": "plane, car, bird, cat, deer, dog, frog, horse, ship, truck",
  "disjoint": true,
  "task_count": 5,
  "classes_per_task": [
    2
  ],
  "task_split_indices": [
    [
      4,
      3
    ],
    [
      7,
      2
    ],
    [
      1,
      6
    ],
    [
      5,
      8
    ],
    [
      0,
      9
    ]
  ],
  "task_split_classes": [
    [
      "deer",
      "cat"
    ],
    [
      "horse",
      "bird"
    ],
    [
      "car",
      "frog"
    ],
    [
      "dog",
      "ship"
    ],
    [
      "plane",
      "truck"
    ]
  ]
}
2023-04-18 01:32:20.727 | DEBUG    | __main__:run_experiment:292 - PID: 19760
2023-04-18 01:32:20.728 | INFO     | __main__:run_experiment:294 - Starting...
2023-04-18 01:32:20.729 | INFO     | algorithms.algorithm_base:train:116 - {
  "name": "algorithms.der_pp.DarkExperiencePlusPlus",
  "model_class": "models.cifar.resnet.ResNet",
  "device": "cuda:0",
  "dataset_class": "datasets.cifar10.CIFAR10",
  "optimiser_class": "torch.optim.sgd.SGD",
  "loss_criterion_class": "torch.nn.modules.loss.CrossEntropyLoss",
  "epochs_per_task": 1,
  "batch_size": 16,
  "max_memory_samples": 1000,
  "alpha": 0.5,
  "beta": 0
}
2023-04-18 01:32:20.731 | DEBUG    | algorithms.algorithm_base:_setup_training:109 - Model moved to cuda:0 and set to train mode
2023-04-18 01:32:20.731 | INFO     | algorithms.algorithm_base:train:118 - Starting training
2023-04-18 01:32:20.732 | INFO     | algorithms.der_pp:train:86 - Task 1 / 5
2023-04-18 01:32:20.733 | INFO     | algorithms.der_pp:train:87 - Classes in task: ['deer', 'cat']
2023-04-18 01:32:20.734 | INFO     | algorithms.der_pp:train:95 - Starting epoch 1 / 1
2023-04-18 01:32:26.256 | INFO     | algorithms.der_pp:train:159 - 0:1:40, loss: 2.660
2023-04-18 01:32:28.845 | INFO     | algorithms.der_pp:train:159 - 0:1:80, loss: 2.301
2023-04-18 01:32:31.433 | INFO     | algorithms.der_pp:train:159 - 0:1:120, loss: 2.095
2023-04-18 01:32:34.022 | INFO     | algorithms.der_pp:train:159 - 0:1:160, loss: 1.969
2023-04-18 01:32:36.614 | INFO     | algorithms.der_pp:train:159 - 0:1:200, loss: 1.859
2023-04-18 01:32:39.207 | INFO     | algorithms.der_pp:train:159 - 0:1:240, loss: 1.728
2023-04-18 01:32:41.799 | INFO     | algorithms.der_pp:train:159 - 0:1:280, loss: 1.688
2023-04-18 01:32:44.398 | INFO     | algorithms.der_pp:train:159 - 0:1:320, loss: 1.470
2023-04-18 01:32:46.995 | INFO     | algorithms.der_pp:train:159 - 0:1:360, loss: 1.419
2023-04-18 01:32:49.594 | INFO     | algorithms.der_pp:train:159 - 0:1:400, loss: 1.338
2023-04-18 01:32:52.192 | INFO     | algorithms.der_pp:train:159 - 0:1:440, loss: 1.350
2023-04-18 01:32:54.788 | INFO     | algorithms.der_pp:train:159 - 0:1:480, loss: 1.206
2023-04-18 01:32:57.388 | INFO     | algorithms.der_pp:train:159 - 0:1:520, loss: 1.254
2023-04-18 01:32:59.987 | INFO     | algorithms.der_pp:train:159 - 0:1:560, loss: 1.151
2023-04-18 01:33:02.606 | INFO     | algorithms.der_pp:train:159 - 0:1:600, loss: 1.096
2023-04-18 01:33:04.167 | DEBUG    | algorithms.der_pp:train:162 - Current sample stats:
2023-04-18 01:33:04.168 | DEBUG    | algorithms.der_pp:train:165 - 3 has 500 samples
2023-04-18 01:33:04.168 | DEBUG    | algorithms.der_pp:train:165 - 4 has 500 samples
2023-04-18 01:33:04.169 | INFO     | algorithms.der_pp:train:170 - 1, loss: 1.617
2023-04-18 01:33:04.170 | INFO     | algorithms.algorithm_base:run_base_task_metrics:144 - Running metrics: Task 0
2023-04-18 01:33:08.987 | DEBUG    | algorithms.algorithm_base:run_base_task_metrics:200 - Raw classification accuracy results saved to ./output_cifar10_varied_sampling/der_pp/1681777939.3094609_CIFAR10_OFFICIAL_RUN/task_0_accuracy_results.json
2023-04-18 01:33:08.989 | INFO     | algorithms.algorithm_base:run_base_task_metrics:201 - Correctly classified 1611 / 10000 samples (16.11% correct)
2023-04-18 01:33:09.217 | INFO     | algorithms.der_pp:train:86 - Task 2 / 5
2023-04-18 01:33:09.221 | INFO     | algorithms.der_pp:train:87 - Classes in task: ['horse', 'bird']
2023-04-18 01:33:09.221 | INFO     | algorithms.der_pp:train:95 - Starting epoch 1 / 1
2023-04-18 01:33:11.898 | INFO     | algorithms.der_pp:train:159 - 1:1:40, loss: 3.464
2023-04-18 01:33:14.489 | INFO     | algorithms.der_pp:train:159 - 1:1:80, loss: 2.990
2023-04-18 01:33:17.089 | INFO     | algorithms.der_pp:train:159 - 1:1:120, loss: 2.590
2023-04-18 01:33:19.692 | INFO     | algorithms.der_pp:train:159 - 1:1:160, loss: 2.374
2023-04-18 01:33:22.294 | INFO     | algorithms.der_pp:train:159 - 1:1:200, loss: 2.215
2023-04-18 01:33:24.893 | INFO     | algorithms.der_pp:train:159 - 1:1:240, loss: 2.092
2023-04-18 01:33:27.500 | INFO     | algorithms.der_pp:train:159 - 1:1:280, loss: 1.884
2023-04-18 01:33:30.103 | INFO     | algorithms.der_pp:train:159 - 1:1:320, loss: 1.793
2023-04-18 01:33:32.705 | INFO     | algorithms.der_pp:train:159 - 1:1:360, loss: 1.688
2023-04-18 01:33:35.309 | INFO     | algorithms.der_pp:train:159 - 1:1:400, loss: 1.645
2023-04-18 01:33:37.917 | INFO     | algorithms.der_pp:train:159 - 1:1:440, loss: 1.563
2023-04-18 01:33:40.519 | INFO     | algorithms.der_pp:train:159 - 1:1:480, loss: 1.598
2023-04-18 01:33:43.127 | INFO     | algorithms.der_pp:train:159 - 1:1:520, loss: 1.464
2023-04-18 01:33:45.733 | INFO     | algorithms.der_pp:train:159 - 1:1:560, loss: 1.364
2023-04-18 01:33:48.339 | INFO     | algorithms.der_pp:train:159 - 1:1:600, loss: 1.410
2023-04-18 01:33:49.901 | DEBUG    | algorithms.der_pp:train:162 - Current sample stats:
2023-04-18 01:33:49.902 | DEBUG    | algorithms.der_pp:train:165 - 3 has 250 samples
2023-04-18 01:33:49.902 | DEBUG    | algorithms.der_pp:train:165 - 4 has 250 samples
2023-04-18 01:33:49.903 | DEBUG    | algorithms.der_pp:train:165 - 7 has 250 samples
2023-04-18 01:33:49.904 | DEBUG    | algorithms.der_pp:train:165 - 2 has 250 samples
2023-04-18 01:33:49.905 | INFO     | algorithms.der_pp:train:170 - 1, loss: 1.985
2023-04-18 01:33:49.905 | INFO     | algorithms.algorithm_base:run_base_task_metrics:144 - Running metrics: Task 1
2023-04-18 01:33:54.595 | DEBUG    | algorithms.algorithm_base:run_base_task_metrics:200 - Raw classification accuracy results saved to ./output_cifar10_varied_sampling/der_pp/1681777939.3094609_CIFAR10_OFFICIAL_RUN/task_1_accuracy_results.json
2023-04-18 01:33:54.596 | INFO     | algorithms.algorithm_base:run_base_task_metrics:201 - Correctly classified 1850 / 10000 samples (18.50% correct)
2023-04-18 01:33:54.732 | INFO     | algorithms.der_pp:train:86 - Task 3 / 5
2023-04-18 01:33:54.736 | INFO     | algorithms.der_pp:train:87 - Classes in task: ['car', 'frog']
2023-04-18 01:33:54.737 | INFO     | algorithms.der_pp:train:95 - Starting epoch 1 / 1
2023-04-18 01:33:57.408 | INFO     | algorithms.der_pp:train:159 - 2:1:40, loss: 3.484
2023-04-18 01:34:00.006 | INFO     | algorithms.der_pp:train:159 - 2:1:80, loss: 2.832
2023-04-18 01:34:02.611 | INFO     | algorithms.der_pp:train:159 - 2:1:120, loss: 2.446
2023-04-18 01:34:05.214 | INFO     | algorithms.der_pp:train:159 - 2:1:160, loss: 2.156
2023-04-18 01:34:07.816 | INFO     | algorithms.der_pp:train:159 - 2:1:200, loss: 1.879
2023-04-18 01:34:10.418 | INFO     | algorithms.der_pp:train:159 - 2:1:240, loss: 1.694
2023-04-18 01:34:13.018 | INFO     | algorithms.der_pp:train:159 - 2:1:280, loss: 1.571
2023-04-18 01:34:15.623 | INFO     | algorithms.der_pp:train:159 - 2:1:320, loss: 1.464
2023-04-18 01:34:18.231 | INFO     | algorithms.der_pp:train:159 - 2:1:360, loss: 1.352
2023-04-18 01:34:20.831 | INFO     | algorithms.der_pp:train:159 - 2:1:400, loss: 1.326
2023-04-18 01:34:23.442 | INFO     | algorithms.der_pp:train:159 - 2:1:440, loss: 1.284
2023-04-18 01:34:26.046 | INFO     | algorithms.der_pp:train:159 - 2:1:480, loss: 1.257
2023-04-18 01:34:28.654 | INFO     | algorithms.der_pp:train:159 - 2:1:520, loss: 1.148
2023-04-18 01:34:31.260 | INFO     | algorithms.der_pp:train:159 - 2:1:560, loss: 1.075
2023-04-18 01:34:33.867 | INFO     | algorithms.der_pp:train:159 - 2:1:600, loss: 1.139
2023-04-18 01:34:35.432 | DEBUG    | algorithms.der_pp:train:162 - Current sample stats:
2023-04-18 01:34:35.433 | DEBUG    | algorithms.der_pp:train:165 - 3 has 166 samples
2023-04-18 01:34:35.434 | DEBUG    | algorithms.der_pp:train:165 - 4 has 166 samples
2023-04-18 01:34:35.434 | DEBUG    | algorithms.der_pp:train:165 - 7 has 167 samples
2023-04-18 01:34:35.435 | DEBUG    | algorithms.der_pp:train:165 - 2 has 167 samples
2023-04-18 01:34:35.436 | DEBUG    | algorithms.der_pp:train:165 - 1 has 167 samples
2023-04-18 01:34:35.436 | DEBUG    | algorithms.der_pp:train:165 - 6 has 167 samples
2023-04-18 01:34:35.437 | INFO     | algorithms.der_pp:train:170 - 1, loss: 1.715
2023-04-18 01:34:35.438 | INFO     | algorithms.algorithm_base:run_base_task_metrics:144 - Running metrics: Task 2
2023-04-18 01:34:40.127 | DEBUG    | algorithms.algorithm_base:run_base_task_metrics:200 - Raw classification accuracy results saved to ./output_cifar10_varied_sampling/der_pp/1681777939.3094609_CIFAR10_OFFICIAL_RUN/task_2_accuracy_results.json
2023-04-18 01:34:40.128 | INFO     | algorithms.algorithm_base:run_base_task_metrics:201 - Correctly classified 2687 / 10000 samples (26.87% correct)
2023-04-18 01:34:40.262 | INFO     | algorithms.der_pp:train:86 - Task 4 / 5
2023-04-18 01:34:40.266 | INFO     | algorithms.der_pp:train:87 - Classes in task: ['dog', 'ship']
2023-04-18 01:34:40.267 | INFO     | algorithms.der_pp:train:95 - Starting epoch 1 / 1
2023-04-18 01:34:42.931 | INFO     | algorithms.der_pp:train:159 - 3:1:40, loss: 3.895
2023-04-18 01:34:45.533 | INFO     | algorithms.der_pp:train:159 - 3:1:80, loss: 3.158
2023-04-18 01:34:48.139 | INFO     | algorithms.der_pp:train:159 - 3:1:120, loss: 2.675
2023-04-18 01:34:50.741 | INFO     | algorithms.der_pp:train:159 - 3:1:160, loss: 2.352
2023-04-18 01:34:53.342 | INFO     | algorithms.der_pp:train:159 - 3:1:200, loss: 2.183
2023-04-18 01:34:55.952 | INFO     | algorithms.der_pp:train:159 - 3:1:240, loss: 1.989
2023-04-18 01:34:58.558 | INFO     | algorithms.der_pp:train:159 - 3:1:280, loss: 1.847
2023-04-18 01:35:01.161 | INFO     | algorithms.der_pp:train:159 - 3:1:320, loss: 1.672
2023-04-18 01:35:03.762 | INFO     | algorithms.der_pp:train:159 - 3:1:360, loss: 1.619
2023-04-18 01:35:06.375 | INFO     | algorithms.der_pp:train:159 - 3:1:400, loss: 1.561
2023-04-18 01:35:08.975 | INFO     | algorithms.der_pp:train:159 - 3:1:440, loss: 1.521
2023-04-18 01:35:11.574 | INFO     | algorithms.der_pp:train:159 - 3:1:480, loss: 1.461
2023-04-18 01:35:14.176 | INFO     | algorithms.der_pp:train:159 - 3:1:520, loss: 1.408
2023-04-18 01:35:16.782 | INFO     | algorithms.der_pp:train:159 - 3:1:560, loss: 1.360
2023-04-18 01:35:19.382 | INFO     | algorithms.der_pp:train:159 - 3:1:600, loss: 1.393
2023-04-18 01:35:20.940 | DEBUG    | algorithms.der_pp:train:162 - Current sample stats:
2023-04-18 01:35:20.941 | DEBUG    | algorithms.der_pp:train:165 - 3 has 125 samples
2023-04-18 01:35:20.942 | DEBUG    | algorithms.der_pp:train:165 - 4 has 125 samples
2023-04-18 01:35:20.943 | DEBUG    | algorithms.der_pp:train:165 - 7 has 125 samples
2023-04-18 01:35:20.943 | DEBUG    | algorithms.der_pp:train:165 - 2 has 125 samples
2023-04-18 01:35:20.944 | DEBUG    | algorithms.der_pp:train:165 - 1 has 125 samples
2023-04-18 01:35:20.945 | DEBUG    | algorithms.der_pp:train:165 - 6 has 125 samples
2023-04-18 01:35:20.945 | DEBUG    | algorithms.der_pp:train:165 - 8 has 125 samples
2023-04-18 01:35:20.946 | DEBUG    | algorithms.der_pp:train:165 - 5 has 125 samples
2023-04-18 01:35:20.947 | INFO     | algorithms.der_pp:train:170 - 1, loss: 1.979
2023-04-18 01:35:20.948 | INFO     | algorithms.algorithm_base:run_base_task_metrics:144 - Running metrics: Task 3
2023-04-18 01:35:25.621 | DEBUG    | algorithms.algorithm_base:run_base_task_metrics:200 - Raw classification accuracy results saved to ./output_cifar10_varied_sampling/der_pp/1681777939.3094609_CIFAR10_OFFICIAL_RUN/task_3_accuracy_results.json
2023-04-18 01:35:25.623 | INFO     | algorithms.algorithm_base:run_base_task_metrics:201 - Correctly classified 2946 / 10000 samples (29.46% correct)
2023-04-18 01:35:25.758 | INFO     | algorithms.der_pp:train:86 - Task 5 / 5
2023-04-18 01:35:25.762 | INFO     | algorithms.der_pp:train:87 - Classes in task: ['plane', 'truck']
2023-04-18 01:35:25.763 | INFO     | algorithms.der_pp:train:95 - Starting epoch 1 / 1
2023-04-18 01:35:28.435 | INFO     | algorithms.der_pp:train:159 - 4:1:40, loss: 4.070
2023-04-18 01:35:31.036 | INFO     | algorithms.der_pp:train:159 - 4:1:80, loss: 3.291
2023-04-18 01:35:33.643 | INFO     | algorithms.der_pp:train:159 - 4:1:120, loss: 2.904
2023-04-18 01:35:36.244 | INFO     | algorithms.der_pp:train:159 - 4:1:160, loss: 2.632
2023-04-18 01:35:38.846 | INFO     | algorithms.der_pp:train:159 - 4:1:200, loss: 2.282
2023-04-18 01:35:41.453 | INFO     | algorithms.der_pp:train:159 - 4:1:240, loss: 2.119
2023-04-18 01:35:44.062 | INFO     | algorithms.der_pp:train:159 - 4:1:280, loss: 1.984
2023-04-18 01:35:46.673 | INFO     | algorithms.der_pp:train:159 - 4:1:320, loss: 1.976
2023-04-18 01:35:49.277 | INFO     | algorithms.der_pp:train:159 - 4:1:360, loss: 1.753
2023-04-18 01:35:51.882 | INFO     | algorithms.der_pp:train:159 - 4:1:400, loss: 1.727
2023-04-18 01:35:54.488 | INFO     | algorithms.der_pp:train:159 - 4:1:440, loss: 1.629
2023-04-18 01:35:57.094 | INFO     | algorithms.der_pp:train:159 - 4:1:480, loss: 1.590
2023-04-18 01:35:59.702 | INFO     | algorithms.der_pp:train:159 - 4:1:520, loss: 1.612
2023-04-18 01:36:02.309 | INFO     | algorithms.der_pp:train:159 - 4:1:560, loss: 1.568
2023-04-18 01:36:04.917 | INFO     | algorithms.der_pp:train:159 - 4:1:600, loss: 1.489
2023-04-18 01:36:06.484 | DEBUG    | algorithms.der_pp:train:162 - Current sample stats:
2023-04-18 01:36:06.485 | DEBUG    | algorithms.der_pp:train:165 - 3 has 100 samples
2023-04-18 01:36:06.485 | DEBUG    | algorithms.der_pp:train:165 - 4 has 100 samples
2023-04-18 01:36:06.486 | DEBUG    | algorithms.der_pp:train:165 - 7 has 100 samples
2023-04-18 01:36:06.487 | DEBUG    | algorithms.der_pp:train:165 - 2 has 100 samples
2023-04-18 01:36:06.488 | DEBUG    | algorithms.der_pp:train:165 - 1 has 100 samples
2023-04-18 01:36:06.488 | DEBUG    | algorithms.der_pp:train:165 - 6 has 100 samples
2023-04-18 01:36:06.489 | DEBUG    | algorithms.der_pp:train:165 - 8 has 100 samples
2023-04-18 01:36:06.490 | DEBUG    | algorithms.der_pp:train:165 - 5 has 100 samples
2023-04-18 01:36:06.490 | DEBUG    | algorithms.der_pp:train:165 - 9 has 100 samples
2023-04-18 01:36:06.491 | DEBUG    | algorithms.der_pp:train:165 - 0 has 100 samples
2023-04-18 01:36:06.492 | INFO     | algorithms.der_pp:train:170 - 1, loss: 2.146
2023-04-18 01:36:06.492 | INFO     | algorithms.algorithm_base:run_base_task_metrics:144 - Running metrics: Task 4
2023-04-18 01:36:11.119 | DEBUG    | algorithms.algorithm_base:run_base_task_metrics:200 - Raw classification accuracy results saved to ./output_cifar10_varied_sampling/der_pp/1681777939.3094609_CIFAR10_OFFICIAL_RUN/task_4_accuracy_results.json
2023-04-18 01:36:11.120 | INFO     | algorithms.algorithm_base:run_base_task_metrics:201 - Correctly classified 2878 / 10000 samples (28.78% correct)
2023-04-18 01:36:11.256 | INFO     | algorithms.der_pp:train:178 - Training complete
2023-04-18 01:36:11.261 | INFO     | __main__:run_experiment:300 - Training and evaluation completed!
2023-04-18 01:36:11.262 | INFO     | __main__:run_experiment:314 - Wrote usage stats to file
2023-04-18 01:36:11.263 | INFO     | __main__:main:363 - Complete
2023-04-18 01:36:11.264 | INFO     | __main__:close_tensorboard_writer:262 - Shut down TensorBoard
