2023-02-24 12:13:25.115 | INFO     | __main__:setup_files:218 - Experiment Name: OFFICIAL_RUN
2023-02-24 12:13:25.117 | INFO     | __main__:main:334 - Command line arguments: Configuration(algorithm='offline', dataset='cifar10', classes_per_task=0, seed=2214, samples=500)
2023-02-24 12:13:25.119 | INFO     | __main__:main:338 - Seeded random to 2214
2023-02-24 12:13:25.120 | INFO     | __main__:main:342 - Got CUDA device
2023-02-24 12:13:25.120 | INFO     | __main__:force_cuda_load:268 - Forcing CUDA initialisation...
2023-02-24 12:13:25.183 | INFO     | __main__:main:346 - CUDA initialised
2023-02-24 12:13:25.185 | INFO     | __main__:setup_shutdown_hook:264 - To access TensorBoard, run the command: tensorboard --logdir=./output_cifar10_0.5k/offline/1677240804.9446259_CIFAR10_OFFICIAL_RUN
2023-02-24 12:13:25.215 | INFO     | __main__:main:350 - Setup shutdown hooks
2023-02-24 12:13:25.340 | INFO     | __main__:main:355 - Model is setup
2023-02-24 12:13:25.342 | INFO     | __main__:main:357 - Complete pre-setup, starting experiment
2023-02-24 12:13:26.557 | INFO     | datasets.dataset_base:__init__:85 - {
  "name": "datasets.cifar10.CIFAR10",
  "dataset_class": "torchvision.datasets.cifar.CIFAR10",
  "training_dataset_parameters": "{'train': True, 'download': True}",
  "testing_dataset_parameters": "{'train': False, 'download': True}",
  "training_transform": "Compose(\n    Resize(size=(32, 32), interpolation=bilinear, max_size=None, antialias=None)\n    ToTensor()\n    Normalize(mean=(0.4914, 0.4822, 0.4465), std=(0.247, 0.2435, 0.2616))\n    RandomCrop(size=(32, 32), padding=4)\n    RandomHorizontalFlip(p=0.5)\n)",
  "testing_transform": "Compose(\n    Resize(size=(32, 32), interpolation=bilinear, max_size=None, antialias=None)\n    ToTensor()\n    Normalize(mean=(0.4914, 0.4822, 0.4465), std=(0.247, 0.2435, 0.2616))\n)",
  "classes": "plane, car, bird, cat, deer, dog, frog, horse, ship, truck",
  "disjoint": false
}
2023-02-24 12:13:26.559 | DEBUG    | __main__:run_experiment:292 - PID: 7388
2023-02-24 12:13:26.560 | INFO     | __main__:run_experiment:294 - Starting...
2023-02-24 12:13:26.561 | INFO     | algorithms.algorithm_base:train:116 - {
  "name": "algorithms.offline.OfflineTraining",
  "model_class": "models.cifar.resnet.ResNet",
  "device": "cuda:0",
  "dataset_class": "datasets.cifar10.CIFAR10",
  "optimiser_class": "torch.optim.sgd.SGD",
  "loss_criterion_class": "torch.nn.modules.loss.CrossEntropyLoss",
  "epochs_per_task": 250,
  "batch_size": 64,
  "apply_learning_rate_annealing": true,
  "gradient_clip": 10,
  "max_lr": "0.05",
  "min_lr": "0.0005"
}
2023-02-24 12:13:26.563 | DEBUG    | algorithms.algorithm_base:_setup_training:109 - Model moved to cuda:0 and set to train mode
2023-02-24 12:13:26.563 | INFO     | algorithms.algorithm_base:train:118 - Starting training
2023-02-24 12:13:26.564 | INFO     | algorithms.offline:train:68 - Task 1 / 1
2023-02-24 12:13:26.565 | INFO     | algorithms.offline:train:69 - Classes in task: ['plane', 'car', 'bird', 'cat', 'deer', 'dog', 'frog', 'horse', 'ship', 'truck']
2023-02-24 12:13:26.566 | INFO     | algorithms.offline:train:78 - Annealing Scheduler setup
2023-02-24 12:13:26.567 | INFO     | algorithms.offline:train:97 - Starting epoch 1 / 250
2023-02-24 12:14:14.158 | INFO     | algorithms.offline:train:123 - 1, loss: 1.429
2023-02-24 12:14:14.160 | INFO     | algorithms.offline:train:97 - Starting epoch 2 / 250
2023-02-24 12:14:59.367 | INFO     | algorithms.offline:train:123 - 2, loss: 0.968
2023-02-24 12:14:59.368 | INFO     | algorithms.offline:train:97 - Starting epoch 3 / 250
2023-02-24 12:15:44.544 | INFO     | algorithms.offline:train:123 - 3, loss: 0.904
2023-02-24 12:15:44.545 | INFO     | algorithms.offline:train:97 - Starting epoch 4 / 250
2023-02-24 12:16:29.729 | INFO     | algorithms.offline:train:123 - 4, loss: 0.872
2023-02-24 12:16:29.730 | INFO     | algorithms.offline:train:97 - Starting epoch 5 / 250
2023-02-24 12:17:14.910 | INFO     | algorithms.offline:train:123 - 5, loss: 0.844
2023-02-24 12:17:14.910 | INFO     | algorithms.offline:train:97 - Starting epoch 6 / 250
2023-02-24 12:18:00.140 | INFO     | algorithms.offline:train:123 - 6, loss: 0.819
2023-02-24 12:18:00.141 | INFO     | algorithms.offline:train:97 - Starting epoch 7 / 250
2023-02-24 12:18:45.336 | INFO     | algorithms.offline:train:123 - 7, loss: 0.802
2023-02-24 12:18:45.337 | INFO     | algorithms.offline:train:97 - Starting epoch 8 / 250
2023-02-24 12:19:30.518 | INFO     | algorithms.offline:train:123 - 8, loss: 0.788
2023-02-24 12:19:30.519 | INFO     | algorithms.offline:train:97 - Starting epoch 9 / 250
2023-02-24 12:20:15.703 | INFO     | algorithms.offline:train:123 - 9, loss: 0.761
2023-02-24 12:20:15.704 | INFO     | algorithms.offline:train:97 - Starting epoch 10 / 250
2023-02-24 12:21:00.960 | INFO     | algorithms.offline:train:123 - 10, loss: 0.739
2023-02-24 12:21:00.961 | INFO     | algorithms.algorithm_base:run_base_task_metrics:144 - Running metrics: Task 10
2023-02-24 12:21:05.716 | DEBUG    | algorithms.algorithm_base:run_base_task_metrics:200 - Raw classification accuracy results saved to ./output_cifar10_0.5k/offline/1677240804.9446259_CIFAR10_OFFICIAL_RUN/task_10_accuracy_results.json
2023-02-24 12:21:05.718 | INFO     | algorithms.algorithm_base:run_base_task_metrics:201 - Correctly classified 7632 / 10000 samples (76.32% correct)
2023-02-24 12:21:05.944 | INFO     | algorithms.offline:train:97 - Starting epoch 11 / 250
2023-02-24 12:21:51.208 | INFO     | algorithms.offline:train:123 - 11, loss: 0.718
2023-02-24 12:21:51.209 | INFO     | algorithms.offline:train:97 - Starting epoch 12 / 250
2023-02-24 12:22:36.473 | INFO     | algorithms.offline:train:123 - 12, loss: 0.699
2023-02-24 12:22:36.474 | INFO     | algorithms.offline:train:97 - Starting epoch 13 / 250
2023-02-24 12:23:21.722 | INFO     | algorithms.offline:train:123 - 13, loss: 0.685
2023-02-24 12:23:21.723 | INFO     | algorithms.offline:train:97 - Starting epoch 14 / 250
2023-02-24 12:24:07.059 | INFO     | algorithms.offline:train:123 - 14, loss: 0.669
2023-02-24 12:24:07.060 | INFO     | algorithms.offline:train:97 - Starting epoch 15 / 250
2023-02-24 12:24:52.328 | INFO     | algorithms.offline:train:123 - 15, loss: 0.656
2023-02-24 12:24:52.329 | INFO     | algorithms.offline:train:97 - Starting epoch 16 / 250
2023-02-24 12:25:37.588 | INFO     | algorithms.offline:train:123 - 16, loss: 0.650
2023-02-24 12:25:37.589 | INFO     | algorithms.offline:train:97 - Starting epoch 17 / 250
2023-02-24 12:26:22.820 | INFO     | algorithms.offline:train:123 - 17, loss: 0.635
2023-02-24 12:26:22.821 | INFO     | algorithms.offline:train:97 - Starting epoch 18 / 250
2023-02-24 12:27:08.195 | INFO     | algorithms.offline:train:123 - 18, loss: 0.616
2023-02-24 12:27:08.196 | INFO     | algorithms.offline:train:97 - Starting epoch 19 / 250
2023-02-24 12:27:53.439 | INFO     | algorithms.offline:train:123 - 19, loss: 0.602
2023-02-24 12:27:53.440 | INFO     | algorithms.offline:train:97 - Starting epoch 20 / 250
2023-02-24 12:28:38.709 | INFO     | algorithms.offline:train:123 - 20, loss: 0.585
2023-02-24 12:28:38.711 | INFO     | algorithms.algorithm_base:run_base_task_metrics:144 - Running metrics: Task 20
2023-02-24 12:28:43.349 | DEBUG    | algorithms.algorithm_base:run_base_task_metrics:200 - Raw classification accuracy results saved to ./output_cifar10_0.5k/offline/1677240804.9446259_CIFAR10_OFFICIAL_RUN/task_20_accuracy_results.json
2023-02-24 12:28:43.350 | INFO     | algorithms.algorithm_base:run_base_task_metrics:201 - Correctly classified 8092 / 10000 samples (80.92% correct)
2023-02-24 12:28:43.481 | INFO     | algorithms.offline:train:97 - Starting epoch 21 / 250
2023-02-24 12:29:28.753 | INFO     | algorithms.offline:train:123 - 21, loss: 0.575
2023-02-24 12:29:28.753 | INFO     | algorithms.offline:train:97 - Starting epoch 22 / 250
2023-02-24 12:30:14.085 | INFO     | algorithms.offline:train:123 - 22, loss: 0.562
2023-02-24 12:30:14.086 | INFO     | algorithms.offline:train:97 - Starting epoch 23 / 250
2023-02-24 12:30:59.409 | INFO     | algorithms.offline:train:123 - 23, loss: 0.548
2023-02-24 12:30:59.410 | INFO     | algorithms.offline:train:97 - Starting epoch 24 / 250
2023-02-24 12:31:44.871 | INFO     | algorithms.offline:train:123 - 24, loss: 0.536
2023-02-24 12:31:44.872 | INFO     | algorithms.offline:train:97 - Starting epoch 25 / 250
2023-02-24 12:32:30.156 | INFO     | algorithms.offline:train:123 - 25, loss: 0.527
2023-02-24 12:32:30.157 | INFO     | algorithms.offline:train:97 - Starting epoch 26 / 250
2023-02-24 12:33:15.513 | INFO     | algorithms.offline:train:123 - 26, loss: 0.517
2023-02-24 12:33:15.514 | INFO     | algorithms.offline:train:97 - Starting epoch 27 / 250
2023-02-24 12:34:00.746 | INFO     | algorithms.offline:train:123 - 27, loss: 0.506
2023-02-24 12:34:00.746 | INFO     | algorithms.offline:train:97 - Starting epoch 28 / 250
2023-02-24 12:34:46.000 | INFO     | algorithms.offline:train:123 - 28, loss: 0.497
2023-02-24 12:34:46.001 | INFO     | algorithms.offline:train:97 - Starting epoch 29 / 250
2023-02-24 12:35:31.290 | INFO     | algorithms.offline:train:123 - 29, loss: 0.486
2023-02-24 12:35:31.291 | INFO     | algorithms.offline:train:97 - Starting epoch 30 / 250
2023-02-24 12:36:16.616 | INFO     | algorithms.offline:train:123 - 30, loss: 0.481
2023-02-24 12:36:16.617 | INFO     | algorithms.algorithm_base:run_base_task_metrics:144 - Running metrics: Task 30
2023-02-24 12:36:21.244 | DEBUG    | algorithms.algorithm_base:run_base_task_metrics:200 - Raw classification accuracy results saved to ./output_cifar10_0.5k/offline/1677240804.9446259_CIFAR10_OFFICIAL_RUN/task_30_accuracy_results.json
2023-02-24 12:36:21.246 | INFO     | algorithms.algorithm_base:run_base_task_metrics:201 - Correctly classified 8327 / 10000 samples (83.27% correct)
2023-02-24 12:36:21.377 | INFO     | algorithms.offline:train:97 - Starting epoch 31 / 250
2023-02-24 12:37:06.636 | INFO     | algorithms.offline:train:123 - 31, loss: 0.480
2023-02-24 12:37:06.637 | INFO     | algorithms.offline:train:97 - Starting epoch 32 / 250
2023-02-24 12:37:51.868 | INFO     | algorithms.offline:train:123 - 32, loss: 0.482
2023-02-24 12:37:51.869 | INFO     | algorithms.offline:train:97 - Starting epoch 33 / 250
2023-02-24 12:38:37.167 | INFO     | algorithms.offline:train:123 - 33, loss: 0.476
2023-02-24 12:38:37.168 | INFO     | algorithms.offline:train:97 - Starting epoch 34 / 250
2023-02-24 12:39:22.503 | INFO     | algorithms.offline:train:123 - 34, loss: 0.463
2023-02-24 12:39:22.504 | INFO     | algorithms.offline:train:97 - Starting epoch 35 / 250
2023-02-24 12:40:07.746 | INFO     | algorithms.offline:train:123 - 35, loss: 0.454
2023-02-24 12:40:07.747 | INFO     | algorithms.offline:train:97 - Starting epoch 36 / 250
2023-02-24 12:40:53.003 | INFO     | algorithms.offline:train:123 - 36, loss: 0.443
2023-02-24 12:40:53.004 | INFO     | algorithms.offline:train:97 - Starting epoch 37 / 250
2023-02-24 12:41:38.277 | INFO     | algorithms.offline:train:123 - 37, loss: 0.434
2023-02-24 12:41:38.278 | INFO     | algorithms.offline:train:97 - Starting epoch 38 / 250
2023-02-24 12:42:23.585 | INFO     | algorithms.offline:train:123 - 38, loss: 0.423
2023-02-24 12:42:23.586 | INFO     | algorithms.offline:train:97 - Starting epoch 39 / 250
2023-02-24 12:43:08.821 | INFO     | algorithms.offline:train:123 - 39, loss: 0.416
2023-02-24 12:43:08.822 | INFO     | algorithms.offline:train:97 - Starting epoch 40 / 250
2023-02-24 12:43:54.077 | INFO     | algorithms.offline:train:123 - 40, loss: 0.406
2023-02-24 12:43:54.078 | INFO     | algorithms.algorithm_base:run_base_task_metrics:144 - Running metrics: Task 40
2023-02-24 12:43:58.725 | DEBUG    | algorithms.algorithm_base:run_base_task_metrics:200 - Raw classification accuracy results saved to ./output_cifar10_0.5k/offline/1677240804.9446259_CIFAR10_OFFICIAL_RUN/task_40_accuracy_results.json
2023-02-24 12:43:58.728 | INFO     | algorithms.algorithm_base:run_base_task_metrics:201 - Correctly classified 8374 / 10000 samples (83.74% correct)
2023-02-24 12:43:58.860 | INFO     | algorithms.offline:train:97 - Starting epoch 41 / 250
2023-02-24 12:44:44.144 | INFO     | algorithms.offline:train:123 - 41, loss: 0.399
2023-02-24 12:44:44.145 | INFO     | algorithms.offline:train:97 - Starting epoch 42 / 250
2023-02-24 12:45:29.522 | INFO     | algorithms.offline:train:123 - 42, loss: 0.390
2023-02-24 12:45:29.523 | INFO     | algorithms.offline:train:97 - Starting epoch 43 / 250
2023-02-24 12:46:14.822 | INFO     | algorithms.offline:train:123 - 43, loss: 0.381
2023-02-24 12:46:14.823 | INFO     | algorithms.offline:train:97 - Starting epoch 44 / 250
2023-02-24 12:47:00.104 | INFO     | algorithms.offline:train:123 - 44, loss: 0.372
2023-02-24 12:47:00.105 | INFO     | algorithms.offline:train:97 - Starting epoch 45 / 250
2023-02-24 12:47:45.382 | INFO     | algorithms.offline:train:123 - 45, loss: 0.366
2023-02-24 12:47:45.383 | INFO     | algorithms.offline:train:97 - Starting epoch 46 / 250
2023-02-24 12:48:30.747 | INFO     | algorithms.offline:train:123 - 46, loss: 0.357
2023-02-24 12:48:30.748 | INFO     | algorithms.offline:train:97 - Starting epoch 47 / 250
2023-02-24 12:49:16.047 | INFO     | algorithms.offline:train:123 - 47, loss: 0.350
2023-02-24 12:49:16.048 | INFO     | algorithms.offline:train:97 - Starting epoch 48 / 250
2023-02-24 12:50:01.311 | INFO     | algorithms.offline:train:123 - 48, loss: 0.340
2023-02-24 12:50:01.312 | INFO     | algorithms.offline:train:97 - Starting epoch 49 / 250
2023-02-24 12:50:46.559 | INFO     | algorithms.offline:train:123 - 49, loss: 0.331
2023-02-24 12:50:46.560 | INFO     | algorithms.offline:train:97 - Starting epoch 50 / 250
2023-02-24 12:51:31.888 | INFO     | algorithms.offline:train:123 - 50, loss: 0.325
2023-02-24 12:51:31.889 | INFO     | algorithms.algorithm_base:run_base_task_metrics:144 - Running metrics: Task 50
2023-02-24 12:51:36.545 | DEBUG    | algorithms.algorithm_base:run_base_task_metrics:200 - Raw classification accuracy results saved to ./output_cifar10_0.5k/offline/1677240804.9446259_CIFAR10_OFFICIAL_RUN/task_50_accuracy_results.json
2023-02-24 12:51:36.547 | INFO     | algorithms.algorithm_base:run_base_task_metrics:201 - Correctly classified 8503 / 10000 samples (85.03% correct)
2023-02-24 12:51:36.678 | INFO     | algorithms.offline:train:97 - Starting epoch 51 / 250
2023-02-24 12:52:21.974 | INFO     | algorithms.offline:train:123 - 51, loss: 0.318
2023-02-24 12:52:21.975 | INFO     | algorithms.offline:train:97 - Starting epoch 52 / 250
2023-02-24 12:53:07.233 | INFO     | algorithms.offline:train:123 - 52, loss: 0.314
2023-02-24 12:53:07.234 | INFO     | algorithms.offline:train:97 - Starting epoch 53 / 250
2023-02-24 12:53:52.523 | INFO     | algorithms.offline:train:123 - 53, loss: 0.306
2023-02-24 12:53:52.524 | INFO     | algorithms.offline:train:97 - Starting epoch 54 / 250
2023-02-24 12:54:37.888 | INFO     | algorithms.offline:train:123 - 54, loss: 0.295
2023-02-24 12:54:37.889 | INFO     | algorithms.offline:train:97 - Starting epoch 55 / 250
2023-02-24 12:55:23.151 | INFO     | algorithms.offline:train:123 - 55, loss: 0.295
2023-02-24 12:55:23.152 | INFO     | algorithms.offline:train:97 - Starting epoch 56 / 250
2023-02-24 12:56:08.409 | INFO     | algorithms.offline:train:123 - 56, loss: 0.290
2023-02-24 12:56:08.409 | INFO     | algorithms.offline:train:97 - Starting epoch 57 / 250
2023-02-24 12:56:53.665 | INFO     | algorithms.offline:train:123 - 57, loss: 0.285
2023-02-24 12:56:53.666 | INFO     | algorithms.offline:train:97 - Starting epoch 58 / 250
2023-02-24 12:57:38.981 | INFO     | algorithms.offline:train:123 - 58, loss: 0.283
2023-02-24 12:57:38.982 | INFO     | algorithms.offline:train:97 - Starting epoch 59 / 250
2023-02-24 12:58:24.247 | INFO     | algorithms.offline:train:123 - 59, loss: 0.275
2023-02-24 12:58:24.248 | INFO     | algorithms.offline:train:97 - Starting epoch 60 / 250
2023-02-24 12:59:09.510 | INFO     | algorithms.offline:train:123 - 60, loss: 0.273
2023-02-24 12:59:09.511 | INFO     | algorithms.algorithm_base:run_base_task_metrics:144 - Running metrics: Task 60
2023-02-24 12:59:14.187 | DEBUG    | algorithms.algorithm_base:run_base_task_metrics:200 - Raw classification accuracy results saved to ./output_cifar10_0.5k/offline/1677240804.9446259_CIFAR10_OFFICIAL_RUN/task_60_accuracy_results.json
2023-02-24 12:59:14.189 | INFO     | algorithms.algorithm_base:run_base_task_metrics:201 - Correctly classified 8602 / 10000 samples (86.02% correct)
2023-02-24 12:59:14.323 | INFO     | algorithms.offline:train:97 - Starting epoch 61 / 250
2023-02-24 12:59:59.618 | INFO     | algorithms.offline:train:123 - 61, loss: 0.264
2023-02-24 12:59:59.619 | INFO     | algorithms.offline:train:97 - Starting epoch 62 / 250
2023-02-24 13:00:45.021 | INFO     | algorithms.offline:train:123 - 62, loss: 0.263
2023-02-24 13:00:45.022 | INFO     | algorithms.offline:train:97 - Starting epoch 63 / 250
2023-02-24 13:01:30.352 | INFO     | algorithms.offline:train:123 - 63, loss: 0.254
2023-02-24 13:01:30.353 | INFO     | algorithms.offline:train:97 - Starting epoch 64 / 250
2023-02-24 13:02:15.681 | INFO     | algorithms.offline:train:123 - 64, loss: 0.274
2023-02-24 13:02:15.682 | INFO     | algorithms.offline:train:97 - Starting epoch 65 / 250
2023-02-24 13:03:01.002 | INFO     | algorithms.offline:train:123 - 65, loss: 0.272
2023-02-24 13:03:01.003 | INFO     | algorithms.offline:train:97 - Starting epoch 66 / 250
2023-02-24 13:03:46.403 | INFO     | algorithms.offline:train:123 - 66, loss: 0.265
2023-02-24 13:03:46.404 | INFO     | algorithms.offline:train:97 - Starting epoch 67 / 250
2023-02-24 13:04:31.745 | INFO     | algorithms.offline:train:123 - 67, loss: 0.264
2023-02-24 13:04:31.745 | INFO     | algorithms.offline:train:97 - Starting epoch 68 / 250
2023-02-24 13:05:17.049 | INFO     | algorithms.offline:train:123 - 68, loss: 0.256
2023-02-24 13:05:17.050 | INFO     | algorithms.offline:train:97 - Starting epoch 69 / 250
2023-02-24 13:06:02.345 | INFO     | algorithms.offline:train:123 - 69, loss: 0.250
2023-02-24 13:06:02.346 | INFO     | algorithms.offline:train:97 - Starting epoch 70 / 250
2023-02-24 13:06:47.745 | INFO     | algorithms.offline:train:123 - 70, loss: 0.244
2023-02-24 13:06:47.747 | INFO     | algorithms.algorithm_base:run_base_task_metrics:144 - Running metrics: Task 70
2023-02-24 13:06:52.416 | DEBUG    | algorithms.algorithm_base:run_base_task_metrics:200 - Raw classification accuracy results saved to ./output_cifar10_0.5k/offline/1677240804.9446259_CIFAR10_OFFICIAL_RUN/task_70_accuracy_results.json
2023-02-24 13:06:52.418 | INFO     | algorithms.algorithm_base:run_base_task_metrics:201 - Correctly classified 8609 / 10000 samples (86.09% correct)
2023-02-24 13:06:52.550 | INFO     | algorithms.offline:train:97 - Starting epoch 71 / 250
2023-02-24 13:07:37.897 | INFO     | algorithms.offline:train:123 - 71, loss: 0.239
2023-02-24 13:07:37.898 | INFO     | algorithms.offline:train:97 - Starting epoch 72 / 250
2023-02-24 13:08:23.237 | INFO     | algorithms.offline:train:123 - 72, loss: 0.234
2023-02-24 13:08:23.238 | INFO     | algorithms.offline:train:97 - Starting epoch 73 / 250
2023-02-24 13:09:08.573 | INFO     | algorithms.offline:train:123 - 73, loss: 0.224
2023-02-24 13:09:08.574 | INFO     | algorithms.offline:train:97 - Starting epoch 74 / 250
2023-02-24 13:09:53.986 | INFO     | algorithms.offline:train:123 - 74, loss: 0.222
2023-02-24 13:09:53.987 | INFO     | algorithms.offline:train:97 - Starting epoch 75 / 250
2023-02-24 13:10:39.329 | INFO     | algorithms.offline:train:123 - 75, loss: 0.214
2023-02-24 13:10:39.330 | INFO     | algorithms.offline:train:97 - Starting epoch 76 / 250
2023-02-24 13:11:24.670 | INFO     | algorithms.offline:train:123 - 76, loss: 0.210
2023-02-24 13:11:24.671 | INFO     | algorithms.offline:train:97 - Starting epoch 77 / 250
2023-02-24 13:12:09.999 | INFO     | algorithms.offline:train:123 - 77, loss: 0.204
2023-02-24 13:12:09.999 | INFO     | algorithms.offline:train:97 - Starting epoch 78 / 250
2023-02-24 13:12:55.596 | INFO     | algorithms.offline:train:123 - 78, loss: 0.201
2023-02-24 13:12:55.597 | INFO     | algorithms.offline:train:97 - Starting epoch 79 / 250
2023-02-24 13:13:41.063 | INFO     | algorithms.offline:train:123 - 79, loss: 0.197
2023-02-24 13:13:41.064 | INFO     | algorithms.offline:train:97 - Starting epoch 80 / 250
2023-02-24 13:14:26.411 | INFO     | algorithms.offline:train:123 - 80, loss: 0.190
2023-02-24 13:14:26.412 | INFO     | algorithms.algorithm_base:run_base_task_metrics:144 - Running metrics: Task 80
2023-02-24 13:14:31.093 | DEBUG    | algorithms.algorithm_base:run_base_task_metrics:200 - Raw classification accuracy results saved to ./output_cifar10_0.5k/offline/1677240804.9446259_CIFAR10_OFFICIAL_RUN/task_80_accuracy_results.json
2023-02-24 13:14:31.096 | INFO     | algorithms.algorithm_base:run_base_task_metrics:201 - Correctly classified 8609 / 10000 samples (86.09% correct)
2023-02-24 13:14:31.234 | INFO     | algorithms.offline:train:97 - Starting epoch 81 / 250
2023-02-24 13:15:16.577 | INFO     | algorithms.offline:train:123 - 81, loss: 0.187
2023-02-24 13:15:16.578 | INFO     | algorithms.offline:train:97 - Starting epoch 82 / 250
2023-02-24 13:16:01.997 | INFO     | algorithms.offline:train:123 - 82, loss: 0.183
2023-02-24 13:16:01.998 | INFO     | algorithms.offline:train:97 - Starting epoch 83 / 250
2023-02-24 13:16:47.317 | INFO     | algorithms.offline:train:123 - 83, loss: 0.176
2023-02-24 13:16:47.318 | INFO     | algorithms.offline:train:97 - Starting epoch 84 / 250
2023-02-24 13:17:32.641 | INFO     | algorithms.offline:train:123 - 84, loss: 0.175
2023-02-24 13:17:32.642 | INFO     | algorithms.offline:train:97 - Starting epoch 85 / 250
2023-02-24 13:18:17.980 | INFO     | algorithms.offline:train:123 - 85, loss: 0.164
2023-02-24 13:18:17.981 | INFO     | algorithms.offline:train:97 - Starting epoch 86 / 250
2023-02-24 13:19:03.381 | INFO     | algorithms.offline:train:123 - 86, loss: 0.163
2023-02-24 13:19:03.382 | INFO     | algorithms.offline:train:97 - Starting epoch 87 / 250
2023-02-24 13:19:48.701 | INFO     | algorithms.offline:train:123 - 87, loss: 0.166
2023-02-24 13:19:48.702 | INFO     | algorithms.offline:train:97 - Starting epoch 88 / 250
2023-02-24 13:20:34.025 | INFO     | algorithms.offline:train:123 - 88, loss: 0.157
2023-02-24 13:20:34.026 | INFO     | algorithms.offline:train:97 - Starting epoch 89 / 250
2023-02-24 13:21:19.397 | INFO     | algorithms.offline:train:123 - 89, loss: 0.150
2023-02-24 13:21:19.398 | INFO     | algorithms.offline:train:97 - Starting epoch 90 / 250
2023-02-24 13:22:04.808 | INFO     | algorithms.offline:train:123 - 90, loss: 0.149
2023-02-24 13:22:04.809 | INFO     | algorithms.algorithm_base:run_base_task_metrics:144 - Running metrics: Task 90
2023-02-24 13:22:09.489 | DEBUG    | algorithms.algorithm_base:run_base_task_metrics:200 - Raw classification accuracy results saved to ./output_cifar10_0.5k/offline/1677240804.9446259_CIFAR10_OFFICIAL_RUN/task_90_accuracy_results.json
2023-02-24 13:22:09.490 | INFO     | algorithms.algorithm_base:run_base_task_metrics:201 - Correctly classified 8746 / 10000 samples (87.46% correct)
2023-02-24 13:22:09.623 | INFO     | algorithms.offline:train:97 - Starting epoch 91 / 250
2023-02-24 13:22:54.958 | INFO     | algorithms.offline:train:123 - 91, loss: 0.146
2023-02-24 13:22:54.959 | INFO     | algorithms.offline:train:97 - Starting epoch 92 / 250
2023-02-24 13:23:40.288 | INFO     | algorithms.offline:train:123 - 92, loss: 0.138
2023-02-24 13:23:40.289 | INFO     | algorithms.offline:train:97 - Starting epoch 93 / 250
2023-02-24 13:24:25.657 | INFO     | algorithms.offline:train:123 - 93, loss: 0.136
2023-02-24 13:24:25.658 | INFO     | algorithms.offline:train:97 - Starting epoch 94 / 250
2023-02-24 13:25:11.071 | INFO     | algorithms.offline:train:123 - 94, loss: 0.133
2023-02-24 13:25:11.072 | INFO     | algorithms.offline:train:97 - Starting epoch 95 / 250
2023-02-24 13:25:56.399 | INFO     | algorithms.offline:train:123 - 95, loss: 0.126
2023-02-24 13:25:56.400 | INFO     | algorithms.offline:train:97 - Starting epoch 96 / 250
2023-02-24 13:26:41.716 | INFO     | algorithms.offline:train:123 - 96, loss: 0.126
2023-02-24 13:26:41.717 | INFO     | algorithms.offline:train:97 - Starting epoch 97 / 250
2023-02-24 13:27:27.048 | INFO     | algorithms.offline:train:123 - 97, loss: 0.124
2023-02-24 13:27:27.049 | INFO     | algorithms.offline:train:97 - Starting epoch 98 / 250
2023-02-24 13:28:12.444 | INFO     | algorithms.offline:train:123 - 98, loss: 0.125
2023-02-24 13:28:12.445 | INFO     | algorithms.offline:train:97 - Starting epoch 99 / 250
2023-02-24 13:28:57.789 | INFO     | algorithms.offline:train:123 - 99, loss: 0.117
2023-02-24 13:28:57.790 | INFO     | algorithms.offline:train:97 - Starting epoch 100 / 250
2023-02-24 13:29:43.138 | INFO     | algorithms.offline:train:123 - 100, loss: 0.116
2023-02-24 13:29:43.139 | INFO     | algorithms.algorithm_base:run_base_task_metrics:144 - Running metrics: Task 100
2023-02-24 13:29:47.797 | DEBUG    | algorithms.algorithm_base:run_base_task_metrics:200 - Raw classification accuracy results saved to ./output_cifar10_0.5k/offline/1677240804.9446259_CIFAR10_OFFICIAL_RUN/task_100_accuracy_results.json
2023-02-24 13:29:47.799 | INFO     | algorithms.algorithm_base:run_base_task_metrics:201 - Correctly classified 8775 / 10000 samples (87.75% correct)
2023-02-24 13:29:47.930 | INFO     | algorithms.offline:train:97 - Starting epoch 101 / 250
2023-02-24 13:30:33.309 | INFO     | algorithms.offline:train:123 - 101, loss: 0.113
2023-02-24 13:30:33.310 | INFO     | algorithms.offline:train:97 - Starting epoch 102 / 250
2023-02-24 13:31:18.650 | INFO     | algorithms.offline:train:123 - 102, loss: 0.105
2023-02-24 13:31:18.651 | INFO     | algorithms.offline:train:97 - Starting epoch 103 / 250
2023-02-24 13:32:03.981 | INFO     | algorithms.offline:train:123 - 103, loss: 0.109
2023-02-24 13:32:03.982 | INFO     | algorithms.offline:train:97 - Starting epoch 104 / 250
2023-02-24 13:32:49.326 | INFO     | algorithms.offline:train:123 - 104, loss: 0.101
2023-02-24 13:32:49.327 | INFO     | algorithms.offline:train:97 - Starting epoch 105 / 250
2023-02-24 13:33:34.704 | INFO     | algorithms.offline:train:123 - 105, loss: 0.100
2023-02-24 13:33:34.704 | INFO     | algorithms.offline:train:97 - Starting epoch 106 / 250
2023-02-24 13:34:20.258 | INFO     | algorithms.offline:train:123 - 106, loss: 0.097
2023-02-24 13:34:20.259 | INFO     | algorithms.offline:train:97 - Starting epoch 107 / 250
2023-02-24 13:35:05.582 | INFO     | algorithms.offline:train:123 - 107, loss: 0.096
2023-02-24 13:35:05.583 | INFO     | algorithms.offline:train:97 - Starting epoch 108 / 250
2023-02-24 13:35:50.874 | INFO     | algorithms.offline:train:123 - 108, loss: 0.093
2023-02-24 13:35:50.875 | INFO     | algorithms.offline:train:97 - Starting epoch 109 / 250
2023-02-24 13:36:36.232 | INFO     | algorithms.offline:train:123 - 109, loss: 0.091
2023-02-24 13:36:36.233 | INFO     | algorithms.offline:train:97 - Starting epoch 110 / 250
2023-02-24 13:37:21.824 | INFO     | algorithms.offline:train:123 - 110, loss: 0.090
2023-02-24 13:37:21.825 | INFO     | algorithms.algorithm_base:run_base_task_metrics:144 - Running metrics: Task 110
2023-02-24 13:37:26.485 | DEBUG    | algorithms.algorithm_base:run_base_task_metrics:200 - Raw classification accuracy results saved to ./output_cifar10_0.5k/offline/1677240804.9446259_CIFAR10_OFFICIAL_RUN/task_110_accuracy_results.json
2023-02-24 13:37:26.487 | INFO     | algorithms.algorithm_base:run_base_task_metrics:201 - Correctly classified 8808 / 10000 samples (88.08% correct)
2023-02-24 13:37:26.618 | INFO     | algorithms.offline:train:97 - Starting epoch 111 / 250
2023-02-24 13:38:11.960 | INFO     | algorithms.offline:train:123 - 111, loss: 0.092
2023-02-24 13:38:11.961 | INFO     | algorithms.offline:train:97 - Starting epoch 112 / 250
2023-02-24 13:38:57.288 | INFO     | algorithms.offline:train:123 - 112, loss: 0.084
2023-02-24 13:38:57.289 | INFO     | algorithms.offline:train:97 - Starting epoch 113 / 250
2023-02-24 13:39:42.689 | INFO     | algorithms.offline:train:123 - 113, loss: 0.084
2023-02-24 13:39:42.690 | INFO     | algorithms.offline:train:97 - Starting epoch 114 / 250
2023-02-24 13:40:28.070 | INFO     | algorithms.offline:train:123 - 114, loss: 0.084
2023-02-24 13:40:28.071 | INFO     | algorithms.offline:train:97 - Starting epoch 115 / 250
2023-02-24 13:41:13.422 | INFO     | algorithms.offline:train:123 - 115, loss: 0.079
2023-02-24 13:41:13.423 | INFO     | algorithms.offline:train:97 - Starting epoch 116 / 250
2023-02-24 13:41:58.745 | INFO     | algorithms.offline:train:123 - 116, loss: 0.080
2023-02-24 13:41:58.746 | INFO     | algorithms.offline:train:97 - Starting epoch 117 / 250
2023-02-24 13:42:44.146 | INFO     | algorithms.offline:train:123 - 117, loss: 0.077
2023-02-24 13:42:44.147 | INFO     | algorithms.offline:train:97 - Starting epoch 118 / 250
2023-02-24 13:43:29.496 | INFO     | algorithms.offline:train:123 - 118, loss: 0.074
2023-02-24 13:43:29.497 | INFO     | algorithms.offline:train:97 - Starting epoch 119 / 250
2023-02-24 13:44:14.857 | INFO     | algorithms.offline:train:123 - 119, loss: 0.075
2023-02-24 13:44:14.857 | INFO     | algorithms.offline:train:97 - Starting epoch 120 / 250
2023-02-24 13:45:00.168 | INFO     | algorithms.offline:train:123 - 120, loss: 0.072
2023-02-24 13:45:00.169 | INFO     | algorithms.algorithm_base:run_base_task_metrics:144 - Running metrics: Task 120
2023-02-24 13:45:04.845 | DEBUG    | algorithms.algorithm_base:run_base_task_metrics:200 - Raw classification accuracy results saved to ./output_cifar10_0.5k/offline/1677240804.9446259_CIFAR10_OFFICIAL_RUN/task_120_accuracy_results.json
2023-02-24 13:45:04.847 | INFO     | algorithms.algorithm_base:run_base_task_metrics:201 - Correctly classified 8819 / 10000 samples (88.19% correct)
2023-02-24 13:45:04.979 | INFO     | algorithms.offline:train:97 - Starting epoch 121 / 250
2023-02-24 13:45:50.395 | INFO     | algorithms.offline:train:123 - 121, loss: 0.072
2023-02-24 13:45:50.396 | INFO     | algorithms.offline:train:97 - Starting epoch 122 / 250
2023-02-24 13:46:35.749 | INFO     | algorithms.offline:train:123 - 122, loss: 0.071
2023-02-24 13:46:35.750 | INFO     | algorithms.offline:train:97 - Starting epoch 123 / 250
2023-02-24 13:47:21.082 | INFO     | algorithms.offline:train:123 - 123, loss: 0.069
2023-02-24 13:47:21.083 | INFO     | algorithms.offline:train:97 - Starting epoch 124 / 250
2023-02-24 13:48:06.419 | INFO     | algorithms.offline:train:123 - 124, loss: 0.067
2023-02-24 13:48:06.420 | INFO     | algorithms.offline:train:97 - Starting epoch 125 / 250
2023-02-24 13:48:51.848 | INFO     | algorithms.offline:train:123 - 125, loss: 0.068
2023-02-24 13:48:51.849 | INFO     | algorithms.offline:train:97 - Starting epoch 126 / 250
2023-02-24 13:49:37.177 | INFO     | algorithms.offline:train:123 - 126, loss: 0.067
2023-02-24 13:49:37.178 | INFO     | algorithms.offline:train:97 - Starting epoch 127 / 250
2023-02-24 13:50:22.488 | INFO     | algorithms.offline:train:123 - 127, loss: 0.065
2023-02-24 13:50:22.489 | INFO     | algorithms.offline:train:97 - Starting epoch 128 / 250
2023-02-24 13:51:07.805 | INFO     | algorithms.offline:train:123 - 128, loss: 0.088
2023-02-24 13:51:07.806 | INFO     | algorithms.offline:train:97 - Starting epoch 129 / 250
2023-02-24 13:51:53.213 | INFO     | algorithms.offline:train:123 - 129, loss: 0.088
2023-02-24 13:51:53.214 | INFO     | algorithms.offline:train:97 - Starting epoch 130 / 250
2023-02-24 13:52:38.540 | INFO     | algorithms.offline:train:123 - 130, loss: 0.089
2023-02-24 13:52:38.541 | INFO     | algorithms.algorithm_base:run_base_task_metrics:144 - Running metrics: Task 130
2023-02-24 13:52:43.174 | DEBUG    | algorithms.algorithm_base:run_base_task_metrics:200 - Raw classification accuracy results saved to ./output_cifar10_0.5k/offline/1677240804.9446259_CIFAR10_OFFICIAL_RUN/task_130_accuracy_results.json
2023-02-24 13:52:43.176 | INFO     | algorithms.algorithm_base:run_base_task_metrics:201 - Correctly classified 8773 / 10000 samples (87.73% correct)
2023-02-24 13:52:43.309 | INFO     | algorithms.offline:train:97 - Starting epoch 131 / 250
2023-02-24 13:53:28.660 | INFO     | algorithms.offline:train:123 - 131, loss: 0.086
2023-02-24 13:53:28.661 | INFO     | algorithms.offline:train:97 - Starting epoch 132 / 250
2023-02-24 13:54:13.976 | INFO     | algorithms.offline:train:123 - 132, loss: 0.081
2023-02-24 13:54:13.976 | INFO     | algorithms.offline:train:97 - Starting epoch 133 / 250
2023-02-24 13:54:59.376 | INFO     | algorithms.offline:train:123 - 133, loss: 0.084
2023-02-24 13:54:59.377 | INFO     | algorithms.offline:train:97 - Starting epoch 134 / 250
2023-02-24 13:55:44.726 | INFO     | algorithms.offline:train:123 - 134, loss: 0.080
2023-02-24 13:55:44.727 | INFO     | algorithms.offline:train:97 - Starting epoch 135 / 250
2023-02-24 13:56:30.075 | INFO     | algorithms.offline:train:123 - 135, loss: 0.078
2023-02-24 13:56:30.076 | INFO     | algorithms.offline:train:97 - Starting epoch 136 / 250
2023-02-24 13:57:15.386 | INFO     | algorithms.offline:train:123 - 136, loss: 0.080
2023-02-24 13:57:15.387 | INFO     | algorithms.offline:train:97 - Starting epoch 137 / 250
2023-02-24 13:58:00.790 | INFO     | algorithms.offline:train:123 - 137, loss: 0.074
2023-02-24 13:58:00.791 | INFO     | algorithms.offline:train:97 - Starting epoch 138 / 250
2023-02-24 13:58:46.117 | INFO     | algorithms.offline:train:123 - 138, loss: 0.076
2023-02-24 13:58:46.118 | INFO     | algorithms.offline:train:97 - Starting epoch 139 / 250
2023-02-24 13:59:31.449 | INFO     | algorithms.offline:train:123 - 139, loss: 0.073
2023-02-24 13:59:31.450 | INFO     | algorithms.offline:train:97 - Starting epoch 140 / 250
2023-02-24 14:00:16.782 | INFO     | algorithms.offline:train:123 - 140, loss: 0.070
2023-02-24 14:00:16.783 | INFO     | algorithms.algorithm_base:run_base_task_metrics:144 - Running metrics: Task 140
2023-02-24 14:00:21.482 | DEBUG    | algorithms.algorithm_base:run_base_task_metrics:200 - Raw classification accuracy results saved to ./output_cifar10_0.5k/offline/1677240804.9446259_CIFAR10_OFFICIAL_RUN/task_140_accuracy_results.json
2023-02-24 14:00:21.483 | INFO     | algorithms.algorithm_base:run_base_task_metrics:201 - Correctly classified 8840 / 10000 samples (88.40% correct)
2023-02-24 14:00:21.615 | INFO     | algorithms.offline:train:97 - Starting epoch 141 / 250
2023-02-24 14:01:07.072 | INFO     | algorithms.offline:train:123 - 141, loss: 0.071
2023-02-24 14:01:07.073 | INFO     | algorithms.offline:train:97 - Starting epoch 142 / 250
2023-02-24 14:01:52.451 | INFO     | algorithms.offline:train:123 - 142, loss: 0.064
2023-02-24 14:01:52.452 | INFO     | algorithms.offline:train:97 - Starting epoch 143 / 250
2023-02-24 14:02:37.796 | INFO     | algorithms.offline:train:123 - 143, loss: 0.063
2023-02-24 14:02:37.797 | INFO     | algorithms.offline:train:97 - Starting epoch 144 / 250
2023-02-24 14:03:23.192 | INFO     | algorithms.offline:train:123 - 144, loss: 0.065
2023-02-24 14:03:23.193 | INFO     | algorithms.offline:train:97 - Starting epoch 145 / 250
2023-02-24 14:04:08.613 | INFO     | algorithms.offline:train:123 - 145, loss: 0.067
2023-02-24 14:04:08.614 | INFO     | algorithms.offline:train:97 - Starting epoch 146 / 250
2023-02-24 14:04:53.973 | INFO     | algorithms.offline:train:123 - 146, loss: 0.063
2023-02-24 14:04:53.973 | INFO     | algorithms.offline:train:97 - Starting epoch 147 / 250
2023-02-24 14:05:39.333 | INFO     | algorithms.offline:train:123 - 147, loss: 0.056
2023-02-24 14:05:39.334 | INFO     | algorithms.offline:train:97 - Starting epoch 148 / 250
2023-02-24 14:06:24.704 | INFO     | algorithms.offline:train:123 - 148, loss: 0.056
2023-02-24 14:06:24.704 | INFO     | algorithms.offline:train:97 - Starting epoch 149 / 250
2023-02-24 14:07:10.155 | INFO     | algorithms.offline:train:123 - 149, loss: 0.056
2023-02-24 14:07:10.156 | INFO     | algorithms.offline:train:97 - Starting epoch 150 / 250
2023-02-24 14:07:55.547 | INFO     | algorithms.offline:train:123 - 150, loss: 0.053
2023-02-24 14:07:55.548 | INFO     | algorithms.algorithm_base:run_base_task_metrics:144 - Running metrics: Task 150
2023-02-24 14:08:00.245 | DEBUG    | algorithms.algorithm_base:run_base_task_metrics:200 - Raw classification accuracy results saved to ./output_cifar10_0.5k/offline/1677240804.9446259_CIFAR10_OFFICIAL_RUN/task_150_accuracy_results.json
2023-02-24 14:08:00.247 | INFO     | algorithms.algorithm_base:run_base_task_metrics:201 - Correctly classified 8803 / 10000 samples (88.03% correct)
2023-02-24 14:08:00.381 | INFO     | algorithms.offline:train:97 - Starting epoch 151 / 250
2023-02-24 14:08:45.755 | INFO     | algorithms.offline:train:123 - 151, loss: 0.053
2023-02-24 14:08:45.756 | INFO     | algorithms.offline:train:97 - Starting epoch 152 / 250
2023-02-24 14:09:31.108 | INFO     | algorithms.offline:train:123 - 152, loss: 0.052
2023-02-24 14:09:31.109 | INFO     | algorithms.offline:train:97 - Starting epoch 153 / 250
2023-02-24 14:10:16.527 | INFO     | algorithms.offline:train:123 - 153, loss: 0.052
2023-02-24 14:10:16.528 | INFO     | algorithms.offline:train:97 - Starting epoch 154 / 250
2023-02-24 14:11:01.853 | INFO     | algorithms.offline:train:123 - 154, loss: 0.052
2023-02-24 14:11:01.853 | INFO     | algorithms.offline:train:97 - Starting epoch 155 / 250
2023-02-24 14:11:47.182 | INFO     | algorithms.offline:train:123 - 155, loss: 0.052
2023-02-24 14:11:47.183 | INFO     | algorithms.offline:train:97 - Starting epoch 156 / 250
2023-02-24 14:12:32.514 | INFO     | algorithms.offline:train:123 - 156, loss: 0.047
2023-02-24 14:12:32.515 | INFO     | algorithms.offline:train:97 - Starting epoch 157 / 250
2023-02-24 14:13:18.099 | INFO     | algorithms.offline:train:123 - 157, loss: 0.047
2023-02-24 14:13:18.099 | INFO     | algorithms.offline:train:97 - Starting epoch 158 / 250
2023-02-24 14:14:03.690 | INFO     | algorithms.offline:train:123 - 158, loss: 0.048
2023-02-24 14:14:03.691 | INFO     | algorithms.offline:train:97 - Starting epoch 159 / 250
2023-02-24 14:14:49.040 | INFO     | algorithms.offline:train:123 - 159, loss: 0.044
2023-02-24 14:14:49.041 | INFO     | algorithms.offline:train:97 - Starting epoch 160 / 250
2023-02-24 14:15:34.371 | INFO     | algorithms.offline:train:123 - 160, loss: 0.043
2023-02-24 14:15:34.372 | INFO     | algorithms.algorithm_base:run_base_task_metrics:144 - Running metrics: Task 160
2023-02-24 14:15:39.032 | DEBUG    | algorithms.algorithm_base:run_base_task_metrics:200 - Raw classification accuracy results saved to ./output_cifar10_0.5k/offline/1677240804.9446259_CIFAR10_OFFICIAL_RUN/task_160_accuracy_results.json
2023-02-24 14:15:39.034 | INFO     | algorithms.algorithm_base:run_base_task_metrics:201 - Correctly classified 8850 / 10000 samples (88.50% correct)
2023-02-24 14:15:39.224 | INFO     | algorithms.offline:train:97 - Starting epoch 161 / 250
2023-02-24 14:16:24.624 | INFO     | algorithms.offline:train:123 - 161, loss: 0.044
2023-02-24 14:16:24.625 | INFO     | algorithms.offline:train:97 - Starting epoch 162 / 250
2023-02-24 14:17:09.937 | INFO     | algorithms.offline:train:123 - 162, loss: 0.045
2023-02-24 14:17:09.937 | INFO     | algorithms.offline:train:97 - Starting epoch 163 / 250
2023-02-24 14:17:55.245 | INFO     | algorithms.offline:train:123 - 163, loss: 0.040
2023-02-24 14:17:55.246 | INFO     | algorithms.offline:train:97 - Starting epoch 164 / 250
2023-02-24 14:18:40.557 | INFO     | algorithms.offline:train:123 - 164, loss: 0.041
2023-02-24 14:18:40.558 | INFO     | algorithms.offline:train:97 - Starting epoch 165 / 250
2023-02-24 14:19:25.970 | INFO     | algorithms.offline:train:123 - 165, loss: 0.040
2023-02-24 14:19:25.971 | INFO     | algorithms.offline:train:97 - Starting epoch 166 / 250
2023-02-24 14:20:11.285 | INFO     | algorithms.offline:train:123 - 166, loss: 0.039
2023-02-24 14:20:11.286 | INFO     | algorithms.offline:train:97 - Starting epoch 167 / 250
2023-02-24 14:20:56.629 | INFO     | algorithms.offline:train:123 - 167, loss: 0.039
2023-02-24 14:20:56.630 | INFO     | algorithms.offline:train:97 - Starting epoch 168 / 250
2023-02-24 14:21:41.976 | INFO     | algorithms.offline:train:123 - 168, loss: 0.036
2023-02-24 14:21:41.977 | INFO     | algorithms.offline:train:97 - Starting epoch 169 / 250
2023-02-24 14:22:27.378 | INFO     | algorithms.offline:train:123 - 169, loss: 0.035
2023-02-24 14:22:27.379 | INFO     | algorithms.offline:train:97 - Starting epoch 170 / 250
2023-02-24 14:23:12.728 | INFO     | algorithms.offline:train:123 - 170, loss: 0.035
2023-02-24 14:23:12.730 | INFO     | algorithms.algorithm_base:run_base_task_metrics:144 - Running metrics: Task 170
2023-02-24 14:23:17.418 | DEBUG    | algorithms.algorithm_base:run_base_task_metrics:200 - Raw classification accuracy results saved to ./output_cifar10_0.5k/offline/1677240804.9446259_CIFAR10_OFFICIAL_RUN/task_170_accuracy_results.json
2023-02-24 14:23:17.421 | INFO     | algorithms.algorithm_base:run_base_task_metrics:201 - Correctly classified 8891 / 10000 samples (88.91% correct)
2023-02-24 14:23:17.554 | INFO     | algorithms.offline:train:97 - Starting epoch 171 / 250
2023-02-24 14:24:02.924 | INFO     | algorithms.offline:train:123 - 171, loss: 0.034
2023-02-24 14:24:02.925 | INFO     | algorithms.offline:train:97 - Starting epoch 172 / 250
2023-02-24 14:24:48.300 | INFO     | algorithms.offline:train:123 - 172, loss: 0.036
2023-02-24 14:24:48.301 | INFO     | algorithms.offline:train:97 - Starting epoch 173 / 250
2023-02-24 14:25:33.783 | INFO     | algorithms.offline:train:123 - 173, loss: 0.034
2023-02-24 14:25:33.784 | INFO     | algorithms.offline:train:97 - Starting epoch 174 / 250
2023-02-24 14:26:19.160 | INFO     | algorithms.offline:train:123 - 174, loss: 0.033
2023-02-24 14:26:19.161 | INFO     | algorithms.offline:train:97 - Starting epoch 175 / 250
2023-02-24 14:27:04.528 | INFO     | algorithms.offline:train:123 - 175, loss: 0.034
2023-02-24 14:27:04.528 | INFO     | algorithms.offline:train:97 - Starting epoch 176 / 250
2023-02-24 14:27:49.877 | INFO     | algorithms.offline:train:123 - 176, loss: 0.032
2023-02-24 14:27:49.878 | INFO     | algorithms.offline:train:97 - Starting epoch 177 / 250
2023-02-24 14:28:35.318 | INFO     | algorithms.offline:train:123 - 177, loss: 0.029
2023-02-24 14:28:35.319 | INFO     | algorithms.offline:train:97 - Starting epoch 178 / 250
2023-02-24 14:29:20.675 | INFO     | algorithms.offline:train:123 - 178, loss: 0.030
2023-02-24 14:29:20.676 | INFO     | algorithms.offline:train:97 - Starting epoch 179 / 250
2023-02-24 14:30:06.033 | INFO     | algorithms.offline:train:123 - 179, loss: 0.030
2023-02-24 14:30:06.034 | INFO     | algorithms.offline:train:97 - Starting epoch 180 / 250
2023-02-24 14:30:51.399 | INFO     | algorithms.offline:train:123 - 180, loss: 0.028
2023-02-24 14:30:51.401 | INFO     | algorithms.algorithm_base:run_base_task_metrics:144 - Running metrics: Task 180
2023-02-24 14:30:56.094 | DEBUG    | algorithms.algorithm_base:run_base_task_metrics:200 - Raw classification accuracy results saved to ./output_cifar10_0.5k/offline/1677240804.9446259_CIFAR10_OFFICIAL_RUN/task_180_accuracy_results.json
2023-02-24 14:30:56.096 | INFO     | algorithms.algorithm_base:run_base_task_metrics:201 - Correctly classified 8895 / 10000 samples (88.95% correct)
2023-02-24 14:30:56.228 | INFO     | algorithms.offline:train:97 - Starting epoch 181 / 250
2023-02-24 14:31:41.659 | INFO     | algorithms.offline:train:123 - 181, loss: 0.027
2023-02-24 14:31:41.660 | INFO     | algorithms.offline:train:97 - Starting epoch 182 / 250
2023-02-24 14:32:26.998 | INFO     | algorithms.offline:train:123 - 182, loss: 0.029
2023-02-24 14:32:26.999 | INFO     | algorithms.offline:train:97 - Starting epoch 183 / 250
2023-02-24 14:33:12.342 | INFO     | algorithms.offline:train:123 - 183, loss: 0.025
2023-02-24 14:33:12.343 | INFO     | algorithms.offline:train:97 - Starting epoch 184 / 250
2023-02-24 14:33:57.682 | INFO     | algorithms.offline:train:123 - 184, loss: 0.026
2023-02-24 14:33:57.683 | INFO     | algorithms.offline:train:97 - Starting epoch 185 / 250
2023-02-24 14:34:43.058 | INFO     | algorithms.offline:train:123 - 185, loss: 0.025
2023-02-24 14:34:43.059 | INFO     | algorithms.offline:train:97 - Starting epoch 186 / 250
2023-02-24 14:35:28.359 | INFO     | algorithms.offline:train:123 - 186, loss: 0.025
2023-02-24 14:35:28.360 | INFO     | algorithms.offline:train:97 - Starting epoch 187 / 250
2023-02-24 14:36:13.669 | INFO     | algorithms.offline:train:123 - 187, loss: 0.025
2023-02-24 14:36:13.670 | INFO     | algorithms.offline:train:97 - Starting epoch 188 / 250
2023-02-24 14:36:59.000 | INFO     | algorithms.offline:train:123 - 188, loss: 0.024
2023-02-24 14:36:59.000 | INFO     | algorithms.offline:train:97 - Starting epoch 189 / 250
2023-02-24 14:37:44.353 | INFO     | algorithms.offline:train:123 - 189, loss: 0.023
2023-02-24 14:37:44.354 | INFO     | algorithms.offline:train:97 - Starting epoch 190 / 250
2023-02-24 14:38:29.647 | INFO     | algorithms.offline:train:123 - 190, loss: 0.023
2023-02-24 14:38:29.648 | INFO     | algorithms.algorithm_base:run_base_task_metrics:144 - Running metrics: Task 190
2023-02-24 14:38:34.325 | DEBUG    | algorithms.algorithm_base:run_base_task_metrics:200 - Raw classification accuracy results saved to ./output_cifar10_0.5k/offline/1677240804.9446259_CIFAR10_OFFICIAL_RUN/task_190_accuracy_results.json
2023-02-24 14:38:34.327 | INFO     | algorithms.algorithm_base:run_base_task_metrics:201 - Correctly classified 8905 / 10000 samples (89.05% correct)
2023-02-24 14:38:34.458 | INFO     | algorithms.offline:train:97 - Starting epoch 191 / 250
2023-02-24 14:39:19.854 | INFO     | algorithms.offline:train:123 - 191, loss: 0.022
2023-02-24 14:39:19.855 | INFO     | algorithms.offline:train:97 - Starting epoch 192 / 250
2023-02-24 14:40:05.207 | INFO     | algorithms.offline:train:123 - 192, loss: 0.022
2023-02-24 14:40:05.208 | INFO     | algorithms.offline:train:97 - Starting epoch 193 / 250
2023-02-24 14:40:50.668 | INFO     | algorithms.offline:train:123 - 193, loss: 0.023
2023-02-24 14:40:50.669 | INFO     | algorithms.offline:train:97 - Starting epoch 194 / 250
2023-02-24 14:41:36.293 | INFO     | algorithms.offline:train:123 - 194, loss: 0.020
2023-02-24 14:41:36.294 | INFO     | algorithms.offline:train:97 - Starting epoch 195 / 250
2023-02-24 14:42:21.711 | INFO     | algorithms.offline:train:123 - 195, loss: 0.020
2023-02-24 14:42:21.712 | INFO     | algorithms.offline:train:97 - Starting epoch 196 / 250
2023-02-24 14:43:07.117 | INFO     | algorithms.offline:train:123 - 196, loss: 0.021
2023-02-24 14:43:07.118 | INFO     | algorithms.offline:train:97 - Starting epoch 197 / 250
2023-02-24 14:43:52.493 | INFO     | algorithms.offline:train:123 - 197, loss: 0.020
2023-02-24 14:43:52.494 | INFO     | algorithms.offline:train:97 - Starting epoch 198 / 250
2023-02-24 14:44:37.873 | INFO     | algorithms.offline:train:123 - 198, loss: 0.020
2023-02-24 14:44:37.874 | INFO     | algorithms.offline:train:97 - Starting epoch 199 / 250
2023-02-24 14:45:23.260 | INFO     | algorithms.offline:train:123 - 199, loss: 0.021
2023-02-24 14:45:23.261 | INFO     | algorithms.offline:train:97 - Starting epoch 200 / 250
2023-02-24 14:46:08.673 | INFO     | algorithms.offline:train:123 - 200, loss: 0.019
2023-02-24 14:46:08.674 | INFO     | algorithms.algorithm_base:run_base_task_metrics:144 - Running metrics: Task 200
2023-02-24 14:46:13.331 | DEBUG    | algorithms.algorithm_base:run_base_task_metrics:200 - Raw classification accuracy results saved to ./output_cifar10_0.5k/offline/1677240804.9446259_CIFAR10_OFFICIAL_RUN/task_200_accuracy_results.json
2023-02-24 14:46:13.333 | INFO     | algorithms.algorithm_base:run_base_task_metrics:201 - Correctly classified 8917 / 10000 samples (89.17% correct)
2023-02-24 14:46:13.467 | INFO     | algorithms.offline:train:97 - Starting epoch 201 / 250
2023-02-24 14:46:58.863 | INFO     | algorithms.offline:train:123 - 201, loss: 0.019
2023-02-24 14:46:58.864 | INFO     | algorithms.offline:train:97 - Starting epoch 202 / 250
2023-02-24 14:47:44.233 | INFO     | algorithms.offline:train:123 - 202, loss: 0.019
2023-02-24 14:47:44.234 | INFO     | algorithms.offline:train:97 - Starting epoch 203 / 250
2023-02-24 14:48:29.673 | INFO     | algorithms.offline:train:123 - 203, loss: 0.018
2023-02-24 14:48:29.674 | INFO     | algorithms.offline:train:97 - Starting epoch 204 / 250
2023-02-24 14:49:15.028 | INFO     | algorithms.offline:train:123 - 204, loss: 0.018
2023-02-24 14:49:15.029 | INFO     | algorithms.offline:train:97 - Starting epoch 205 / 250
2023-02-24 14:50:00.347 | INFO     | algorithms.offline:train:123 - 205, loss: 0.017
2023-02-24 14:50:00.348 | INFO     | algorithms.offline:train:97 - Starting epoch 206 / 250
2023-02-24 14:50:45.663 | INFO     | algorithms.offline:train:123 - 206, loss: 0.016
2023-02-24 14:50:45.664 | INFO     | algorithms.offline:train:97 - Starting epoch 207 / 250
2023-02-24 14:51:30.997 | INFO     | algorithms.offline:train:123 - 207, loss: 0.017
2023-02-24 14:51:30.998 | INFO     | algorithms.offline:train:97 - Starting epoch 208 / 250
2023-02-24 14:52:16.326 | INFO     | algorithms.offline:train:123 - 208, loss: 0.017
2023-02-24 14:52:16.327 | INFO     | algorithms.offline:train:97 - Starting epoch 209 / 250
2023-02-24 14:53:01.649 | INFO     | algorithms.offline:train:123 - 209, loss: 0.016
2023-02-24 14:53:01.650 | INFO     | algorithms.offline:train:97 - Starting epoch 210 / 250
2023-02-24 14:53:46.971 | INFO     | algorithms.offline:train:123 - 210, loss: 0.017
2023-02-24 14:53:46.972 | INFO     | algorithms.algorithm_base:run_base_task_metrics:144 - Running metrics: Task 210
2023-02-24 14:53:51.624 | DEBUG    | algorithms.algorithm_base:run_base_task_metrics:200 - Raw classification accuracy results saved to ./output_cifar10_0.5k/offline/1677240804.9446259_CIFAR10_OFFICIAL_RUN/task_210_accuracy_results.json
2023-02-24 14:53:51.625 | INFO     | algorithms.algorithm_base:run_base_task_metrics:201 - Correctly classified 8921 / 10000 samples (89.21% correct)
2023-02-24 14:53:51.759 | INFO     | algorithms.offline:train:97 - Starting epoch 211 / 250
2023-02-24 14:54:37.091 | INFO     | algorithms.offline:train:123 - 211, loss: 0.015
2023-02-24 14:54:37.091 | INFO     | algorithms.offline:train:97 - Starting epoch 212 / 250
2023-02-24 14:55:22.423 | INFO     | algorithms.offline:train:123 - 212, loss: 0.014
2023-02-24 14:55:22.424 | INFO     | algorithms.offline:train:97 - Starting epoch 213 / 250
2023-02-24 14:56:07.755 | INFO     | algorithms.offline:train:123 - 213, loss: 0.014
2023-02-24 14:56:07.756 | INFO     | algorithms.offline:train:97 - Starting epoch 214 / 250
2023-02-24 14:56:53.088 | INFO     | algorithms.offline:train:123 - 214, loss: 0.015
2023-02-24 14:56:53.089 | INFO     | algorithms.offline:train:97 - Starting epoch 215 / 250
2023-02-24 14:57:38.430 | INFO     | algorithms.offline:train:123 - 215, loss: 0.014
2023-02-24 14:57:38.431 | INFO     | algorithms.offline:train:97 - Starting epoch 216 / 250
2023-02-24 14:58:24.328 | INFO     | algorithms.offline:train:123 - 216, loss: 0.014
2023-02-24 14:58:24.329 | INFO     | algorithms.offline:train:97 - Starting epoch 217 / 250
2023-02-24 14:59:09.675 | INFO     | algorithms.offline:train:123 - 217, loss: 0.013
2023-02-24 14:59:09.676 | INFO     | algorithms.offline:train:97 - Starting epoch 218 / 250
2023-02-24 14:59:54.982 | INFO     | algorithms.offline:train:123 - 218, loss: 0.013
2023-02-24 14:59:54.982 | INFO     | algorithms.offline:train:97 - Starting epoch 219 / 250
2023-02-24 15:00:40.299 | INFO     | algorithms.offline:train:123 - 219, loss: 0.013
2023-02-24 15:00:40.300 | INFO     | algorithms.offline:train:97 - Starting epoch 220 / 250
2023-02-24 15:01:25.690 | INFO     | algorithms.offline:train:123 - 220, loss: 0.014
2023-02-24 15:01:25.691 | INFO     | algorithms.algorithm_base:run_base_task_metrics:144 - Running metrics: Task 220
2023-02-24 15:01:30.331 | DEBUG    | algorithms.algorithm_base:run_base_task_metrics:200 - Raw classification accuracy results saved to ./output_cifar10_0.5k/offline/1677240804.9446259_CIFAR10_OFFICIAL_RUN/task_220_accuracy_results.json
2023-02-24 15:01:30.332 | INFO     | algorithms.algorithm_base:run_base_task_metrics:201 - Correctly classified 8955 / 10000 samples (89.55% correct)
2023-02-24 15:01:30.465 | INFO     | algorithms.offline:train:97 - Starting epoch 221 / 250
2023-02-24 15:02:15.829 | INFO     | algorithms.offline:train:123 - 221, loss: 0.013
2023-02-24 15:02:15.830 | INFO     | algorithms.offline:train:97 - Starting epoch 222 / 250
2023-02-24 15:03:01.163 | INFO     | algorithms.offline:train:123 - 222, loss: 0.012
2023-02-24 15:03:01.164 | INFO     | algorithms.offline:train:97 - Starting epoch 223 / 250
2023-02-24 15:03:46.479 | INFO     | algorithms.offline:train:123 - 223, loss: 0.013
2023-02-24 15:03:46.479 | INFO     | algorithms.offline:train:97 - Starting epoch 224 / 250
2023-02-24 15:04:36.278 | INFO     | algorithms.offline:train:123 - 224, loss: 0.012
2023-02-24 15:04:36.279 | INFO     | algorithms.offline:train:97 - Starting epoch 225 / 250
2023-02-24 15:05:26.628 | INFO     | algorithms.offline:train:123 - 225, loss: 0.013
2023-02-24 15:05:26.629 | INFO     | algorithms.offline:train:97 - Starting epoch 226 / 250
2023-02-24 15:06:11.977 | INFO     | algorithms.offline:train:123 - 226, loss: 0.012
2023-02-24 15:06:11.978 | INFO     | algorithms.offline:train:97 - Starting epoch 227 / 250
2023-02-24 15:06:57.325 | INFO     | algorithms.offline:train:123 - 227, loss: 0.011
2023-02-24 15:06:57.325 | INFO     | algorithms.offline:train:97 - Starting epoch 228 / 250
2023-02-24 15:07:42.637 | INFO     | algorithms.offline:train:123 - 228, loss: 0.012
2023-02-24 15:07:42.638 | INFO     | algorithms.offline:train:97 - Starting epoch 229 / 250
2023-02-24 15:08:30.519 | INFO     | algorithms.offline:train:123 - 229, loss: 0.012
2023-02-24 15:08:30.520 | INFO     | algorithms.offline:train:97 - Starting epoch 230 / 250
2023-02-24 15:09:20.955 | INFO     | algorithms.offline:train:123 - 230, loss: 0.012
2023-02-24 15:09:20.956 | INFO     | algorithms.algorithm_base:run_base_task_metrics:144 - Running metrics: Task 230
2023-02-24 15:09:25.999 | DEBUG    | algorithms.algorithm_base:run_base_task_metrics:200 - Raw classification accuracy results saved to ./output_cifar10_0.5k/offline/1677240804.9446259_CIFAR10_OFFICIAL_RUN/task_230_accuracy_results.json
2023-02-24 15:09:26.002 | INFO     | algorithms.algorithm_base:run_base_task_metrics:201 - Correctly classified 8954 / 10000 samples (89.54% correct)
2023-02-24 15:09:26.142 | INFO     | algorithms.offline:train:97 - Starting epoch 231 / 250
2023-02-24 15:10:15.665 | INFO     | algorithms.offline:train:123 - 231, loss: 0.011
2023-02-24 15:10:15.666 | INFO     | algorithms.offline:train:97 - Starting epoch 232 / 250
2023-02-24 15:11:05.172 | INFO     | algorithms.offline:train:123 - 232, loss: 0.012
2023-02-24 15:11:05.173 | INFO     | algorithms.offline:train:97 - Starting epoch 233 / 250
2023-02-24 15:11:54.680 | INFO     | algorithms.offline:train:123 - 233, loss: 0.012
2023-02-24 15:11:54.681 | INFO     | algorithms.offline:train:97 - Starting epoch 234 / 250
2023-02-24 15:12:44.257 | INFO     | algorithms.offline:train:123 - 234, loss: 0.011
2023-02-24 15:12:44.258 | INFO     | algorithms.offline:train:97 - Starting epoch 235 / 250
2023-02-24 15:13:33.998 | INFO     | algorithms.offline:train:123 - 235, loss: 0.011
2023-02-24 15:13:33.999 | INFO     | algorithms.offline:train:97 - Starting epoch 236 / 250
2023-02-24 15:14:23.180 | INFO     | algorithms.offline:train:123 - 236, loss: 0.011
2023-02-24 15:14:23.181 | INFO     | algorithms.offline:train:97 - Starting epoch 237 / 250
2023-02-24 15:15:12.694 | INFO     | algorithms.offline:train:123 - 237, loss: 0.011
2023-02-24 15:15:12.695 | INFO     | algorithms.offline:train:97 - Starting epoch 238 / 250
2023-02-24 15:16:02.218 | INFO     | algorithms.offline:train:123 - 238, loss: 0.010
2023-02-24 15:16:02.219 | INFO     | algorithms.offline:train:97 - Starting epoch 239 / 250
2023-02-24 15:16:51.709 | INFO     | algorithms.offline:train:123 - 239, loss: 0.010
2023-02-24 15:16:51.711 | INFO     | algorithms.offline:train:97 - Starting epoch 240 / 250
2023-02-24 15:17:41.173 | INFO     | algorithms.offline:train:123 - 240, loss: 0.010
2023-02-24 15:17:41.175 | INFO     | algorithms.algorithm_base:run_base_task_metrics:144 - Running metrics: Task 240
2023-02-24 15:17:46.170 | DEBUG    | algorithms.algorithm_base:run_base_task_metrics:200 - Raw classification accuracy results saved to ./output_cifar10_0.5k/offline/1677240804.9446259_CIFAR10_OFFICIAL_RUN/task_240_accuracy_results.json
2023-02-24 15:17:46.172 | INFO     | algorithms.algorithm_base:run_base_task_metrics:201 - Correctly classified 8942 / 10000 samples (89.42% correct)
2023-02-24 15:17:46.310 | INFO     | algorithms.offline:train:97 - Starting epoch 241 / 250
2023-02-24 15:18:35.851 | INFO     | algorithms.offline:train:123 - 241, loss: 0.011
2023-02-24 15:18:35.852 | INFO     | algorithms.offline:train:97 - Starting epoch 242 / 250
2023-02-24 15:19:25.482 | INFO     | algorithms.offline:train:123 - 242, loss: 0.011
2023-02-24 15:19:25.483 | INFO     | algorithms.offline:train:97 - Starting epoch 243 / 250
2023-02-24 15:20:15.018 | INFO     | algorithms.offline:train:123 - 243, loss: 0.011
2023-02-24 15:20:15.019 | INFO     | algorithms.offline:train:97 - Starting epoch 244 / 250
2023-02-24 15:21:02.102 | INFO     | algorithms.offline:train:123 - 244, loss: 0.009
2023-02-24 15:21:02.103 | INFO     | algorithms.offline:train:97 - Starting epoch 245 / 250
2023-02-24 15:21:47.393 | INFO     | algorithms.offline:train:123 - 245, loss: 0.010
2023-02-24 15:21:47.394 | INFO     | algorithms.offline:train:97 - Starting epoch 246 / 250
2023-02-24 15:22:32.683 | INFO     | algorithms.offline:train:123 - 246, loss: 0.010
2023-02-24 15:22:32.684 | INFO     | algorithms.offline:train:97 - Starting epoch 247 / 250
2023-02-24 15:23:22.297 | INFO     | algorithms.offline:train:123 - 247, loss: 0.011
2023-02-24 15:23:22.297 | INFO     | algorithms.offline:train:97 - Starting epoch 248 / 250
2023-02-24 15:24:12.018 | INFO     | algorithms.offline:train:123 - 248, loss: 0.011
2023-02-24 15:24:12.019 | INFO     | algorithms.offline:train:97 - Starting epoch 249 / 250
2023-02-24 15:25:01.495 | INFO     | algorithms.offline:train:123 - 249, loss: 0.010
2023-02-24 15:25:01.496 | INFO     | algorithms.offline:train:97 - Starting epoch 250 / 250
2023-02-24 15:25:50.920 | INFO     | algorithms.offline:train:123 - 250, loss: 0.009
2023-02-24 15:25:50.921 | INFO     | algorithms.algorithm_base:run_base_task_metrics:144 - Running metrics: Task 250
2023-02-24 15:25:55.903 | DEBUG    | algorithms.algorithm_base:run_base_task_metrics:200 - Raw classification accuracy results saved to ./output_cifar10_0.5k/offline/1677240804.9446259_CIFAR10_OFFICIAL_RUN/task_250_accuracy_results.json
2023-02-24 15:25:55.905 | INFO     | algorithms.algorithm_base:run_base_task_metrics:201 - Correctly classified 8965 / 10000 samples (89.65% correct)
2023-02-24 15:25:56.044 | INFO     | algorithms.algorithm_base:run_base_task_metrics:144 - Running metrics: Task 250
2023-02-24 15:26:01.143 | DEBUG    | algorithms.algorithm_base:run_base_task_metrics:200 - Raw classification accuracy results saved to ./output_cifar10_0.5k/offline/1677240804.9446259_CIFAR10_OFFICIAL_RUN/task_250_accuracy_results.json
2023-02-24 15:26:01.145 | INFO     | algorithms.algorithm_base:run_base_task_metrics:201 - Correctly classified 8965 / 10000 samples (89.65% correct)
2023-02-24 15:26:01.283 | INFO     | algorithms.offline:train:140 - Training complete
2023-02-24 15:26:01.288 | INFO     | __main__:run_experiment:300 - Training and evaluation completed!
2023-02-24 15:26:01.289 | INFO     | __main__:run_experiment:314 - Wrote usage stats to file
2023-02-24 15:26:01.291 | INFO     | __main__:main:363 - Complete
2023-02-24 15:26:01.292 | INFO     | __main__:close_tensorboard_writer:262 - Shut down TensorBoard
