2023-02-07 09:27:44.334 | INFO     | __main__:setup_files:209 - Experiment Name: OFFICIAL_RUN
2023-02-07 09:27:44.335 | INFO     | __main__:main:323 - Command line arguments: Configuration(algorithm='rainbow', dataset='cifar10', classes_per_task=2, seed=9767, samples=200)
2023-02-07 09:27:44.351 | INFO     | __main__:main:327 - Seeded random to 9767
2023-02-07 09:27:44.352 | INFO     | __main__:main:331 - Got CUDA device
2023-02-07 09:27:44.353 | INFO     | __main__:force_cuda_load:259 - Forcing CUDA initialisation...
2023-02-07 09:27:44.405 | INFO     | __main__:main:335 - CUDA initialised
2023-02-07 09:27:44.405 | INFO     | __main__:setup_shutdown_hook:255 - To access TensorBoard, run the command: tensorboard --logdir=./output_cifar10_varying/rainbow_online/1675762064.3287196_CIFAR10_OFFICIAL_RUN
2023-02-07 09:27:44.407 | INFO     | __main__:main:339 - Setup shutdown hooks
2023-02-07 09:27:44.529 | INFO     | __main__:main:344 - Model is setup
2023-02-07 09:27:44.530 | INFO     | __main__:main:346 - Complete pre-setup, starting experiment
2023-02-07 09:27:45.763 | INFO     | datasets.dataset_base:__init__:80 - Using disjoint tasks with 2 (5 tasks) with a randomised split
2023-02-07 09:27:45.765 | DEBUG    | datasets.dataset_base:_setup_task_datasets:95 - Splitting dataset into 5 disjoint tasks
2023-02-07 09:27:45.784 | INFO     | datasets.dataset_base:__init__:85 - {
  "name": "datasets.cifar10.CIFAR10",
  "dataset_class": "torchvision.datasets.cifar.CIFAR10",
  "training_dataset_parameters": "{'train': True, 'download': True}",
  "testing_dataset_parameters": "{'train': False, 'download': True}",
  "training_transform": "Compose(\n    Resize(size=(32, 32), interpolation=bilinear, max_size=None, antialias=None)\n    ToTensor()\n    Normalize(mean=(0.4914, 0.4822, 0.4465), std=(0.247, 0.2435, 0.2616))\n    RandomCrop(size=(32, 32), padding=4)\n    RandomHorizontalFlip(p=0.5)\n)",
  "testing_transform": "Compose(\n    Resize(size=(32, 32), interpolation=bilinear, max_size=None, antialias=None)\n    ToTensor()\n    Normalize(mean=(0.4914, 0.4822, 0.4465), std=(0.247, 0.2435, 0.2616))\n)",
  "classes": "plane, car, bird, cat, deer, dog, frog, horse, ship, truck",
  "disjoint": true,
  "task_count": 5,
  "classes_per_task": [
    2
  ],
  "task_split_indices": [
    [
      0,
      6
    ],
    [
      4,
      5
    ],
    [
      7,
      2
    ],
    [
      1,
      3
    ],
    [
      9,
      8
    ]
  ],
  "task_split_classes": [
    [
      "plane",
      "frog"
    ],
    [
      "deer",
      "dog"
    ],
    [
      "horse",
      "bird"
    ],
    [
      "car",
      "cat"
    ],
    [
      "truck",
      "ship"
    ]
  ]
}
2023-02-07 09:27:45.792 | DEBUG    | __main__:run_experiment:283 - PID: 25780
2023-02-07 09:27:45.794 | INFO     | __main__:run_experiment:285 - Starting...
2023-02-07 09:27:45.794 | INFO     | algorithms.algorithm_base:train:116 - {
  "name": "algorithms.rainbow_online.RainbowOnline",
  "model_class": "models.cifar.resnet.ResNet",
  "device": "cuda:0",
  "dataset_class": "datasets.cifar10.CIFAR10",
  "optimiser_class": "torch.optim.sgd.SGD",
  "loss_criterion_class": "torch.nn.modules.loss.CrossEntropyLoss",
  "batch_size": 32,
  "max_memory_samples": 200,
  "epochs_per_task": "50 (On Exemplar Buffer Only)",
  "gradient_clip": 10,
  "max_lr": 0.05,
  "min_lr": 0.0005,
  "cutmix_probability": 0.5,
  "sampling_technique": "diverse"
}
2023-02-07 09:27:45.796 | DEBUG    | algorithms.algorithm_base:_setup_training:109 - Model moved to cuda:0 and set to train mode
2023-02-07 09:27:45.797 | INFO     | algorithms.algorithm_base:train:118 - Starting training
2023-02-07 09:27:45.798 | INFO     | algorithms.rainbow_online:train:334 - Starting Task 1 / 5
2023-02-07 09:27:45.798 | INFO     | algorithms.rainbow_online:train:338 - Updating memory...
2023-02-07 09:27:45.799 | DEBUG    | algorithms.rainbow_online:train:341 - T_b: None
2023-02-07 09:27:45.810 | INFO     | algorithms.rainbow_online:perform_diversity_aware_memory_update:189 - Segmenting classes
2023-02-07 09:27:45.836 | DEBUG    | algorithms.rainbow_online:perform_diversity_aware_memory_update:215 - Seen classes: 2
2023-02-07 09:27:45.838 | INFO     | algorithms.rainbow_online:perform_diversity_aware_memory_update:218 - Sorting class samples by uncertainty and generating next buffer: memory size per class 100
2023-02-07 09:27:45.838 | DEBUG    | algorithms.rainbow_online:perform_diversity_aware_memory_update:298 - Class 0 under sampling strategy diverse
2023-02-07 09:31:05.575 | DEBUG    | algorithms.rainbow_online:perform_diversity_aware_memory_update:321 - Indexes: [0, 50, 100, 150, 200, 250, 300, 350, 400, 450, 500, 550, 600, 650, 700, 750, 800, 850, 900, 950, 1000, 1050, 1100, 1150, 1200, 1250, 1300, 1350, 1400, 1450, 1500, 1550, 1600, 1650, 1700, 1750, 1800, 1850, 1900, 1950, 2000, 2050, 2100, 2150, 2200, 2250, 2300, 2350, 2400, 2450, 2500, 2550, 2600, 2650, 2700, 2750, 2800, 2850, 2900, 2950, 3000, 3050, 3100, 3150, 3200, 3250, 3300, 3350, 3400, 3450, 3500, 3550, 3600, 3650, 3700, 3750, 3800, 3850, 3900, 3950, 4000, 4050, 4100, 4150, 4200, 4250, 4300, 4350, 4400, 4450, 4500, 4550, 4600, 4650, 4700, 4750, 4800, 4850, 4900, 4950]
2023-02-07 09:31:05.605 | INFO     | algorithms.rainbow_online:perform_diversity_aware_memory_update:322 - Saved sample images to Tensorboard
2023-02-07 09:31:05.606 | INFO     | algorithms.rainbow_online:perform_diversity_aware_memory_update:323 - There are 100 samples from class 0
2023-02-07 09:31:05.606 | DEBUG    | algorithms.rainbow_online:perform_diversity_aware_memory_update:298 - Class 6 under sampling strategy diverse
2023-02-07 09:34:22.450 | DEBUG    | algorithms.rainbow_online:perform_diversity_aware_memory_update:321 - Indexes: [0, 50, 100, 150, 200, 250, 300, 350, 400, 450, 500, 550, 600, 650, 700, 750, 800, 850, 900, 950, 1000, 1050, 1100, 1150, 1200, 1250, 1300, 1350, 1400, 1450, 1500, 1550, 1600, 1650, 1700, 1750, 1800, 1850, 1900, 1950, 2000, 2050, 2100, 2150, 2200, 2250, 2300, 2350, 2400, 2450, 2500, 2550, 2600, 2650, 2700, 2750, 2800, 2850, 2900, 2950, 3000, 3050, 3100, 3150, 3200, 3250, 3300, 3350, 3400, 3450, 3500, 3550, 3600, 3650, 3700, 3750, 3800, 3850, 3900, 3950, 4000, 4050, 4100, 4150, 4200, 4250, 4300, 4350, 4400, 4450, 4500, 4550, 4600, 4650, 4700, 4750, 4800, 4850, 4900, 4950]
2023-02-07 09:34:22.486 | INFO     | algorithms.rainbow_online:perform_diversity_aware_memory_update:322 - Saved sample images to Tensorboard
2023-02-07 09:34:22.487 | INFO     | algorithms.rainbow_online:perform_diversity_aware_memory_update:323 - There are 100 samples from class 6
2023-02-07 09:34:22.487 | INFO     | algorithms.rainbow_online:perform_diversity_aware_memory_update:325 - Generated next exemplar buffer
2023-02-07 09:34:22.488 | DEBUG    | algorithms.rainbow_online:train:345 - T_a: <class 'numpy.ndarray'>
2023-02-07 09:34:22.489 | INFO     | algorithms.rainbow_online:train:350 - Using memory buffer exclusively
2023-02-07 09:34:22.490 | INFO     | algorithms.rainbow_online:train:358 - Starting epoch 1 / 50
2023-02-07 09:34:24.128 | INFO     | algorithms.rainbow_online:train:412 - 1, loss: 2.501
2023-02-07 09:34:24.130 | INFO     | algorithms.rainbow_online:train:358 - Starting epoch 2 / 50
2023-02-07 09:34:24.357 | INFO     | algorithms.rainbow_online:train:412 - 2, loss: 1.884
2023-02-07 09:34:24.359 | INFO     | algorithms.rainbow_online:train:358 - Starting epoch 3 / 50
2023-02-07 09:34:24.587 | INFO     | algorithms.rainbow_online:train:412 - 3, loss: 1.823
2023-02-07 09:34:24.588 | INFO     | algorithms.rainbow_online:train:358 - Starting epoch 4 / 50
2023-02-07 09:34:24.817 | INFO     | algorithms.rainbow_online:train:412 - 4, loss: 1.722
2023-02-07 09:34:24.818 | INFO     | algorithms.rainbow_online:train:358 - Starting epoch 5 / 50
2023-02-07 09:34:25.046 | INFO     | algorithms.rainbow_online:train:412 - 5, loss: 1.665
2023-02-07 09:34:25.047 | INFO     | algorithms.rainbow_online:train:358 - Starting epoch 6 / 50
2023-02-07 09:34:25.273 | INFO     | algorithms.rainbow_online:train:412 - 6, loss: 1.523
2023-02-07 09:34:25.300 | INFO     | algorithms.rainbow_online:train:358 - Starting epoch 7 / 50
2023-02-07 09:34:25.530 | INFO     | algorithms.rainbow_online:train:412 - 7, loss: 1.618
2023-02-07 09:34:25.532 | INFO     | algorithms.rainbow_online:train:358 - Starting epoch 8 / 50
2023-02-07 09:34:25.761 | INFO     | algorithms.rainbow_online:train:412 - 8, loss: 1.539
2023-02-07 09:34:25.762 | INFO     | algorithms.rainbow_online:train:358 - Starting epoch 9 / 50
2023-02-07 09:34:25.990 | INFO     | algorithms.rainbow_online:train:412 - 9, loss: 1.586
2023-02-07 09:34:25.991 | INFO     | algorithms.rainbow_online:train:358 - Starting epoch 10 / 50
2023-02-07 09:34:26.220 | INFO     | algorithms.rainbow_online:train:412 - 10, loss: 1.438
2023-02-07 09:34:26.222 | INFO     | algorithms.algorithm_base:run_base_task_metrics:144 - Running metrics: Task 10
2023-02-07 09:34:30.943 | DEBUG    | algorithms.algorithm_base:run_base_task_metrics:200 - Raw classification accuracy results saved to ./output_cifar10_varying/rainbow_online/1675762064.3287196_CIFAR10_OFFICIAL_RUN/task_10_accuracy_results.json
2023-02-07 09:34:30.945 | INFO     | algorithms.algorithm_base:run_base_task_metrics:201 - Correctly classified 1746 / 10000 samples (17.46% correct)
2023-02-07 09:34:31.166 | INFO     | algorithms.rainbow_online:train:358 - Starting epoch 11 / 50
2023-02-07 09:34:31.398 | INFO     | algorithms.rainbow_online:train:412 - 11, loss: 1.507
2023-02-07 09:34:31.400 | INFO     | algorithms.rainbow_online:train:358 - Starting epoch 12 / 50
2023-02-07 09:34:31.625 | INFO     | algorithms.rainbow_online:train:412 - 12, loss: 1.421
2023-02-07 09:34:31.628 | INFO     | algorithms.rainbow_online:train:358 - Starting epoch 13 / 50
2023-02-07 09:34:31.856 | INFO     | algorithms.rainbow_online:train:412 - 13, loss: 1.453
2023-02-07 09:34:31.857 | INFO     | algorithms.rainbow_online:train:358 - Starting epoch 14 / 50
2023-02-07 09:34:32.085 | INFO     | algorithms.rainbow_online:train:412 - 14, loss: 1.416
2023-02-07 09:34:32.087 | INFO     | algorithms.rainbow_online:train:358 - Starting epoch 15 / 50
2023-02-07 09:34:32.338 | INFO     | algorithms.rainbow_online:train:412 - 15, loss: 1.315
2023-02-07 09:34:32.339 | INFO     | algorithms.rainbow_online:train:358 - Starting epoch 16 / 50
2023-02-07 09:34:32.570 | INFO     | algorithms.rainbow_online:train:412 - 16, loss: 1.464
2023-02-07 09:34:32.572 | INFO     | algorithms.rainbow_online:train:358 - Starting epoch 17 / 50
2023-02-07 09:34:32.800 | INFO     | algorithms.rainbow_online:train:412 - 17, loss: 1.436
2023-02-07 09:34:32.801 | INFO     | algorithms.rainbow_online:train:358 - Starting epoch 18 / 50
2023-02-07 09:34:33.031 | INFO     | algorithms.rainbow_online:train:412 - 18, loss: 1.290
2023-02-07 09:34:33.032 | INFO     | algorithms.rainbow_online:train:358 - Starting epoch 19 / 50
2023-02-07 09:34:33.260 | INFO     | algorithms.rainbow_online:train:412 - 19, loss: 1.407
2023-02-07 09:34:33.261 | INFO     | algorithms.rainbow_online:train:358 - Starting epoch 20 / 50
2023-02-07 09:34:33.493 | INFO     | algorithms.rainbow_online:train:412 - 20, loss: 1.237
2023-02-07 09:34:33.495 | INFO     | algorithms.algorithm_base:run_base_task_metrics:144 - Running metrics: Task 20
2023-02-07 09:34:38.104 | DEBUG    | algorithms.algorithm_base:run_base_task_metrics:200 - Raw classification accuracy results saved to ./output_cifar10_varying/rainbow_online/1675762064.3287196_CIFAR10_OFFICIAL_RUN/task_20_accuracy_results.json
2023-02-07 09:34:38.106 | INFO     | algorithms.algorithm_base:run_base_task_metrics:201 - Correctly classified 1734 / 10000 samples (17.34% correct)
2023-02-07 09:34:38.236 | INFO     | algorithms.rainbow_online:train:358 - Starting epoch 21 / 50
2023-02-07 09:34:38.466 | INFO     | algorithms.rainbow_online:train:412 - 21, loss: 1.292
2023-02-07 09:34:38.468 | INFO     | algorithms.rainbow_online:train:358 - Starting epoch 22 / 50
2023-02-07 09:34:38.697 | INFO     | algorithms.rainbow_online:train:412 - 22, loss: 1.137
2023-02-07 09:34:38.699 | INFO     | algorithms.rainbow_online:train:358 - Starting epoch 23 / 50
2023-02-07 09:34:38.926 | INFO     | algorithms.rainbow_online:train:412 - 23, loss: 1.200
2023-02-07 09:34:38.928 | INFO     | algorithms.rainbow_online:train:358 - Starting epoch 24 / 50
2023-02-07 09:34:39.155 | INFO     | algorithms.rainbow_online:train:412 - 24, loss: 1.172
2023-02-07 09:34:39.157 | INFO     | algorithms.rainbow_online:train:358 - Starting epoch 25 / 50
2023-02-07 09:34:39.384 | INFO     | algorithms.rainbow_online:train:412 - 25, loss: 1.162
2023-02-07 09:34:39.386 | INFO     | algorithms.rainbow_online:train:358 - Starting epoch 26 / 50
2023-02-07 09:34:39.613 | INFO     | algorithms.rainbow_online:train:412 - 26, loss: 1.147
2023-02-07 09:34:39.615 | INFO     | algorithms.rainbow_online:train:358 - Starting epoch 27 / 50
2023-02-07 09:34:39.843 | INFO     | algorithms.rainbow_online:train:412 - 27, loss: 1.122
2023-02-07 09:34:39.844 | INFO     | algorithms.rainbow_online:train:358 - Starting epoch 28 / 50
2023-02-07 09:34:40.073 | INFO     | algorithms.rainbow_online:train:412 - 28, loss: 1.167
2023-02-07 09:34:40.075 | INFO     | algorithms.rainbow_online:train:358 - Starting epoch 29 / 50
2023-02-07 09:34:40.302 | INFO     | algorithms.rainbow_online:train:412 - 29, loss: 1.171
2023-02-07 09:34:40.304 | INFO     | algorithms.rainbow_online:train:358 - Starting epoch 30 / 50
2023-02-07 09:34:40.530 | INFO     | algorithms.rainbow_online:train:412 - 30, loss: 1.263
2023-02-07 09:34:40.533 | INFO     | algorithms.algorithm_base:run_base_task_metrics:144 - Running metrics: Task 30
2023-02-07 09:34:45.138 | DEBUG    | algorithms.algorithm_base:run_base_task_metrics:200 - Raw classification accuracy results saved to ./output_cifar10_varying/rainbow_online/1675762064.3287196_CIFAR10_OFFICIAL_RUN/task_30_accuracy_results.json
2023-02-07 09:34:45.140 | INFO     | algorithms.algorithm_base:run_base_task_metrics:201 - Correctly classified 1759 / 10000 samples (17.59% correct)
2023-02-07 09:34:45.270 | INFO     | algorithms.rainbow_online:train:358 - Starting epoch 31 / 50
2023-02-07 09:34:45.502 | INFO     | algorithms.rainbow_online:train:412 - 31, loss: 1.149
2023-02-07 09:34:45.504 | INFO     | algorithms.rainbow_online:train:358 - Starting epoch 32 / 50
2023-02-07 09:34:45.732 | INFO     | algorithms.rainbow_online:train:412 - 32, loss: 1.088
2023-02-07 09:34:45.733 | INFO     | algorithms.rainbow_online:train:358 - Starting epoch 33 / 50
2023-02-07 09:34:45.961 | INFO     | algorithms.rainbow_online:train:412 - 33, loss: 1.114
2023-02-07 09:34:45.963 | INFO     | algorithms.rainbow_online:train:358 - Starting epoch 34 / 50
2023-02-07 09:34:46.190 | INFO     | algorithms.rainbow_online:train:412 - 34, loss: 1.030
2023-02-07 09:34:46.192 | INFO     | algorithms.rainbow_online:train:358 - Starting epoch 35 / 50
2023-02-07 09:34:46.420 | INFO     | algorithms.rainbow_online:train:412 - 35, loss: 1.083
2023-02-07 09:34:46.421 | INFO     | algorithms.rainbow_online:train:358 - Starting epoch 36 / 50
2023-02-07 09:34:46.650 | INFO     | algorithms.rainbow_online:train:412 - 36, loss: 1.182
2023-02-07 09:34:46.651 | INFO     | algorithms.rainbow_online:train:358 - Starting epoch 37 / 50
2023-02-07 09:34:46.878 | INFO     | algorithms.rainbow_online:train:412 - 37, loss: 1.019
2023-02-07 09:34:46.880 | INFO     | algorithms.rainbow_online:train:358 - Starting epoch 38 / 50
2023-02-07 09:34:47.109 | INFO     | algorithms.rainbow_online:train:412 - 38, loss: 1.041
2023-02-07 09:34:47.111 | INFO     | algorithms.rainbow_online:train:358 - Starting epoch 39 / 50
2023-02-07 09:34:47.340 | INFO     | algorithms.rainbow_online:train:412 - 39, loss: 1.151
2023-02-07 09:34:47.341 | INFO     | algorithms.rainbow_online:train:358 - Starting epoch 40 / 50
2023-02-07 09:34:47.567 | INFO     | algorithms.rainbow_online:train:412 - 40, loss: 0.923
2023-02-07 09:34:47.569 | INFO     | algorithms.algorithm_base:run_base_task_metrics:144 - Running metrics: Task 40
2023-02-07 09:34:52.140 | DEBUG    | algorithms.algorithm_base:run_base_task_metrics:200 - Raw classification accuracy results saved to ./output_cifar10_varying/rainbow_online/1675762064.3287196_CIFAR10_OFFICIAL_RUN/task_40_accuracy_results.json
2023-02-07 09:34:52.142 | INFO     | algorithms.algorithm_base:run_base_task_metrics:201 - Correctly classified 1776 / 10000 samples (17.76% correct)
2023-02-07 09:34:52.272 | INFO     | algorithms.rainbow_online:train:358 - Starting epoch 41 / 50
2023-02-07 09:34:52.505 | INFO     | algorithms.rainbow_online:train:412 - 41, loss: 1.097
2023-02-07 09:34:52.507 | INFO     | algorithms.rainbow_online:train:358 - Starting epoch 42 / 50
2023-02-07 09:34:52.734 | INFO     | algorithms.rainbow_online:train:412 - 42, loss: 0.948
2023-02-07 09:34:52.736 | INFO     | algorithms.rainbow_online:train:358 - Starting epoch 43 / 50
2023-02-07 09:34:52.962 | INFO     | algorithms.rainbow_online:train:412 - 43, loss: 0.937
2023-02-07 09:34:52.964 | INFO     | algorithms.rainbow_online:train:358 - Starting epoch 44 / 50
2023-02-07 09:34:53.191 | INFO     | algorithms.rainbow_online:train:412 - 44, loss: 0.855
2023-02-07 09:34:53.193 | INFO     | algorithms.rainbow_online:train:358 - Starting epoch 45 / 50
2023-02-07 09:34:53.421 | INFO     | algorithms.rainbow_online:train:412 - 45, loss: 1.000
2023-02-07 09:34:53.422 | INFO     | algorithms.rainbow_online:train:358 - Starting epoch 46 / 50
2023-02-07 09:34:53.650 | INFO     | algorithms.rainbow_online:train:412 - 46, loss: 0.932
2023-02-07 09:34:53.652 | INFO     | algorithms.rainbow_online:train:358 - Starting epoch 47 / 50
2023-02-07 09:34:53.879 | INFO     | algorithms.rainbow_online:train:412 - 47, loss: 1.020
2023-02-07 09:34:53.881 | INFO     | algorithms.rainbow_online:train:358 - Starting epoch 48 / 50
2023-02-07 09:34:54.110 | INFO     | algorithms.rainbow_online:train:412 - 48, loss: 1.001
2023-02-07 09:34:54.112 | INFO     | algorithms.rainbow_online:train:358 - Starting epoch 49 / 50
2023-02-07 09:34:54.338 | INFO     | algorithms.rainbow_online:train:412 - 49, loss: 0.912
2023-02-07 09:34:54.339 | INFO     | algorithms.rainbow_online:train:358 - Starting epoch 50 / 50
2023-02-07 09:34:54.567 | INFO     | algorithms.rainbow_online:train:412 - 50, loss: 0.796
2023-02-07 09:34:54.569 | INFO     | algorithms.algorithm_base:run_base_task_metrics:144 - Running metrics: Task 50
2023-02-07 09:34:59.196 | DEBUG    | algorithms.algorithm_base:run_base_task_metrics:200 - Raw classification accuracy results saved to ./output_cifar10_varying/rainbow_online/1675762064.3287196_CIFAR10_OFFICIAL_RUN/task_50_accuracy_results.json
2023-02-07 09:34:59.198 | INFO     | algorithms.algorithm_base:run_base_task_metrics:201 - Correctly classified 1797 / 10000 samples (17.97% correct)
2023-02-07 09:34:59.329 | INFO     | algorithms.rainbow_online:train:334 - Starting Task 2 / 5
2023-02-07 09:34:59.333 | INFO     | algorithms.rainbow_online:train:338 - Updating memory...
2023-02-07 09:34:59.334 | DEBUG    | algorithms.rainbow_online:train:341 - T_b: <class 'numpy.ndarray'>
2023-02-07 09:34:59.346 | INFO     | algorithms.rainbow_online:perform_diversity_aware_memory_update:189 - Segmenting classes
2023-02-07 09:34:59.347 | DEBUG    | algorithms.rainbow_online:perform_diversity_aware_memory_update:200 - Keys dict_keys([0])
2023-02-07 09:34:59.348 | DEBUG    | algorithms.rainbow_online:perform_diversity_aware_memory_update:200 - Keys dict_keys([0, 6])
2023-02-07 09:34:59.372 | DEBUG    | algorithms.rainbow_online:perform_diversity_aware_memory_update:215 - Seen classes: 4
2023-02-07 09:34:59.374 | INFO     | algorithms.rainbow_online:perform_diversity_aware_memory_update:218 - Sorting class samples by uncertainty and generating next buffer: memory size per class 50
2023-02-07 09:34:59.375 | DEBUG    | algorithms.rainbow_online:perform_diversity_aware_memory_update:298 - Class 0 under sampling strategy diverse
2023-02-07 09:35:03.400 | DEBUG    | algorithms.rainbow_online:perform_diversity_aware_memory_update:321 - Indexes: [0, 2, 4, 6, 8, 10, 12, 14, 16, 18, 20, 22, 24, 26, 28, 30, 32, 34, 36, 38, 40, 42, 44, 46, 48, 50, 52, 54, 56, 58, 60, 62, 64, 66, 68, 70, 72, 74, 76, 78, 80, 82, 84, 86, 88, 90, 92, 94, 96, 98]
2023-02-07 09:35:03.414 | INFO     | algorithms.rainbow_online:perform_diversity_aware_memory_update:322 - Saved sample images to Tensorboard
2023-02-07 09:35:03.415 | INFO     | algorithms.rainbow_online:perform_diversity_aware_memory_update:323 - There are 50 samples from class 0
2023-02-07 09:35:03.416 | DEBUG    | algorithms.rainbow_online:perform_diversity_aware_memory_update:298 - Class 6 under sampling strategy diverse
2023-02-07 09:35:07.448 | DEBUG    | algorithms.rainbow_online:perform_diversity_aware_memory_update:321 - Indexes: [0, 2, 4, 6, 8, 10, 12, 14, 16, 18, 20, 22, 24, 26, 28, 30, 32, 34, 36, 38, 40, 42, 44, 46, 48, 50, 52, 54, 56, 58, 60, 62, 64, 66, 68, 70, 72, 74, 76, 78, 80, 82, 84, 86, 88, 90, 92, 94, 96, 98]
2023-02-07 09:35:07.466 | INFO     | algorithms.rainbow_online:perform_diversity_aware_memory_update:322 - Saved sample images to Tensorboard
2023-02-07 09:35:07.467 | INFO     | algorithms.rainbow_online:perform_diversity_aware_memory_update:323 - There are 50 samples from class 6
2023-02-07 09:35:07.467 | DEBUG    | algorithms.rainbow_online:perform_diversity_aware_memory_update:298 - Class 4 under sampling strategy diverse
2023-02-07 09:38:28.346 | DEBUG    | algorithms.rainbow_online:perform_diversity_aware_memory_update:321 - Indexes: [0, 100, 200, 300, 400, 500, 600, 700, 800, 900, 1000, 1100, 1200, 1300, 1400, 1500, 1600, 1700, 1800, 1900, 2000, 2100, 2200, 2300, 2400, 2500, 2600, 2700, 2800, 2900, 3000, 3100, 3200, 3300, 3400, 3500, 3600, 3700, 3800, 3900, 4000, 4100, 4200, 4300, 4400, 4500, 4600, 4700, 4800, 4900]
2023-02-07 09:38:28.363 | INFO     | algorithms.rainbow_online:perform_diversity_aware_memory_update:322 - Saved sample images to Tensorboard
2023-02-07 09:38:28.364 | INFO     | algorithms.rainbow_online:perform_diversity_aware_memory_update:323 - There are 50 samples from class 4
2023-02-07 09:38:28.365 | DEBUG    | algorithms.rainbow_online:perform_diversity_aware_memory_update:298 - Class 5 under sampling strategy diverse
2023-02-07 09:41:48.550 | DEBUG    | algorithms.rainbow_online:perform_diversity_aware_memory_update:321 - Indexes: [0, 100, 200, 300, 400, 500, 600, 700, 800, 900, 1000, 1100, 1200, 1300, 1400, 1500, 1600, 1700, 1800, 1900, 2000, 2100, 2200, 2300, 2400, 2500, 2600, 2700, 2800, 2900, 3000, 3100, 3200, 3300, 3400, 3500, 3600, 3700, 3800, 3900, 4000, 4100, 4200, 4300, 4400, 4500, 4600, 4700, 4800, 4900]
2023-02-07 09:41:48.566 | INFO     | algorithms.rainbow_online:perform_diversity_aware_memory_update:322 - Saved sample images to Tensorboard
2023-02-07 09:41:48.566 | INFO     | algorithms.rainbow_online:perform_diversity_aware_memory_update:323 - There are 50 samples from class 5
2023-02-07 09:41:48.567 | INFO     | algorithms.rainbow_online:perform_diversity_aware_memory_update:325 - Generated next exemplar buffer
2023-02-07 09:41:48.568 | DEBUG    | algorithms.rainbow_online:train:345 - T_a: <class 'numpy.ndarray'>
2023-02-07 09:41:48.569 | INFO     | algorithms.rainbow_online:train:350 - Using memory buffer exclusively
2023-02-07 09:41:48.569 | INFO     | algorithms.rainbow_online:train:358 - Starting epoch 1 / 50
2023-02-07 09:41:48.801 | INFO     | algorithms.rainbow_online:train:412 - 1, loss: 2.290
2023-02-07 09:41:48.803 | INFO     | algorithms.rainbow_online:train:358 - Starting epoch 2 / 50
2023-02-07 09:41:49.031 | INFO     | algorithms.rainbow_online:train:412 - 2, loss: 2.070
2023-02-07 09:41:49.032 | INFO     | algorithms.rainbow_online:train:358 - Starting epoch 3 / 50
2023-02-07 09:41:49.261 | INFO     | algorithms.rainbow_online:train:412 - 3, loss: 2.234
2023-02-07 09:41:49.263 | INFO     | algorithms.rainbow_online:train:358 - Starting epoch 4 / 50
2023-02-07 09:41:49.490 | INFO     | algorithms.rainbow_online:train:412 - 4, loss: 2.091
2023-02-07 09:41:49.493 | INFO     | algorithms.rainbow_online:train:358 - Starting epoch 5 / 50
2023-02-07 09:41:49.721 | INFO     | algorithms.rainbow_online:train:412 - 5, loss: 1.927
2023-02-07 09:41:49.723 | INFO     | algorithms.rainbow_online:train:358 - Starting epoch 6 / 50
2023-02-07 09:41:49.950 | INFO     | algorithms.rainbow_online:train:412 - 6, loss: 1.960
2023-02-07 09:41:49.951 | INFO     | algorithms.rainbow_online:train:358 - Starting epoch 7 / 50
2023-02-07 09:41:50.181 | INFO     | algorithms.rainbow_online:train:412 - 7, loss: 2.163
2023-02-07 09:41:50.182 | INFO     | algorithms.rainbow_online:train:358 - Starting epoch 8 / 50
2023-02-07 09:41:50.411 | INFO     | algorithms.rainbow_online:train:412 - 8, loss: 2.042
2023-02-07 09:41:50.412 | INFO     | algorithms.rainbow_online:train:358 - Starting epoch 9 / 50
2023-02-07 09:41:50.640 | INFO     | algorithms.rainbow_online:train:412 - 9, loss: 2.022
2023-02-07 09:41:50.642 | INFO     | algorithms.rainbow_online:train:358 - Starting epoch 10 / 50
2023-02-07 09:41:50.871 | INFO     | algorithms.rainbow_online:train:412 - 10, loss: 1.911
2023-02-07 09:41:50.873 | INFO     | algorithms.algorithm_base:run_base_task_metrics:144 - Running metrics: Task 60
2023-02-07 09:41:55.517 | DEBUG    | algorithms.algorithm_base:run_base_task_metrics:200 - Raw classification accuracy results saved to ./output_cifar10_varying/rainbow_online/1675762064.3287196_CIFAR10_OFFICIAL_RUN/task_60_accuracy_results.json
2023-02-07 09:41:55.519 | INFO     | algorithms.algorithm_base:run_base_task_metrics:201 - Correctly classified 1737 / 10000 samples (17.37% correct)
2023-02-07 09:41:55.650 | INFO     | algorithms.rainbow_online:train:358 - Starting epoch 11 / 50
2023-02-07 09:41:55.882 | INFO     | algorithms.rainbow_online:train:412 - 11, loss: 1.918
2023-02-07 09:41:55.883 | INFO     | algorithms.rainbow_online:train:358 - Starting epoch 12 / 50
2023-02-07 09:41:56.112 | INFO     | algorithms.rainbow_online:train:412 - 12, loss: 2.077
2023-02-07 09:41:56.112 | INFO     | algorithms.rainbow_online:train:358 - Starting epoch 13 / 50
2023-02-07 09:41:56.343 | INFO     | algorithms.rainbow_online:train:412 - 13, loss: 2.054
2023-02-07 09:41:56.344 | INFO     | algorithms.rainbow_online:train:358 - Starting epoch 14 / 50
2023-02-07 09:41:56.571 | INFO     | algorithms.rainbow_online:train:412 - 14, loss: 1.801
2023-02-07 09:41:56.573 | INFO     | algorithms.rainbow_online:train:358 - Starting epoch 15 / 50
2023-02-07 09:41:56.801 | INFO     | algorithms.rainbow_online:train:412 - 15, loss: 1.993
2023-02-07 09:41:56.803 | INFO     | algorithms.rainbow_online:train:358 - Starting epoch 16 / 50
2023-02-07 09:41:57.030 | INFO     | algorithms.rainbow_online:train:412 - 16, loss: 2.000
2023-02-07 09:41:57.032 | INFO     | algorithms.rainbow_online:train:358 - Starting epoch 17 / 50
2023-02-07 09:41:57.259 | INFO     | algorithms.rainbow_online:train:412 - 17, loss: 1.864
2023-02-07 09:41:57.260 | INFO     | algorithms.rainbow_online:train:358 - Starting epoch 18 / 50
2023-02-07 09:41:57.488 | INFO     | algorithms.rainbow_online:train:412 - 18, loss: 2.011
2023-02-07 09:41:57.490 | INFO     | algorithms.rainbow_online:train:358 - Starting epoch 19 / 50
2023-02-07 09:41:57.718 | INFO     | algorithms.rainbow_online:train:412 - 19, loss: 1.936
2023-02-07 09:41:57.720 | INFO     | algorithms.rainbow_online:train:358 - Starting epoch 20 / 50
2023-02-07 09:41:57.950 | INFO     | algorithms.rainbow_online:train:412 - 20, loss: 1.950
2023-02-07 09:41:57.952 | INFO     | algorithms.algorithm_base:run_base_task_metrics:144 - Running metrics: Task 70
2023-02-07 09:42:02.529 | DEBUG    | algorithms.algorithm_base:run_base_task_metrics:200 - Raw classification accuracy results saved to ./output_cifar10_varying/rainbow_online/1675762064.3287196_CIFAR10_OFFICIAL_RUN/task_70_accuracy_results.json
2023-02-07 09:42:02.530 | INFO     | algorithms.algorithm_base:run_base_task_metrics:201 - Correctly classified 1800 / 10000 samples (18.00% correct)
2023-02-07 09:42:02.661 | INFO     | algorithms.rainbow_online:train:358 - Starting epoch 21 / 50
2023-02-07 09:42:02.894 | INFO     | algorithms.rainbow_online:train:412 - 21, loss: 1.883
2023-02-07 09:42:02.896 | INFO     | algorithms.rainbow_online:train:358 - Starting epoch 22 / 50
2023-02-07 09:42:03.121 | INFO     | algorithms.rainbow_online:train:412 - 22, loss: 1.918
2023-02-07 09:42:03.123 | INFO     | algorithms.rainbow_online:train:358 - Starting epoch 23 / 50
2023-02-07 09:42:03.353 | INFO     | algorithms.rainbow_online:train:412 - 23, loss: 2.013
2023-02-07 09:42:03.355 | INFO     | algorithms.rainbow_online:train:358 - Starting epoch 24 / 50
2023-02-07 09:42:03.582 | INFO     | algorithms.rainbow_online:train:412 - 24, loss: 1.982
2023-02-07 09:42:03.584 | INFO     | algorithms.rainbow_online:train:358 - Starting epoch 25 / 50
2023-02-07 09:42:03.812 | INFO     | algorithms.rainbow_online:train:412 - 25, loss: 1.840
2023-02-07 09:42:03.814 | INFO     | algorithms.rainbow_online:train:358 - Starting epoch 26 / 50
2023-02-07 09:42:04.044 | INFO     | algorithms.rainbow_online:train:412 - 26, loss: 1.940
2023-02-07 09:42:04.046 | INFO     | algorithms.rainbow_online:train:358 - Starting epoch 27 / 50
2023-02-07 09:42:04.272 | INFO     | algorithms.rainbow_online:train:412 - 27, loss: 1.751
2023-02-07 09:42:04.273 | INFO     | algorithms.rainbow_online:train:358 - Starting epoch 28 / 50
2023-02-07 09:42:04.502 | INFO     | algorithms.rainbow_online:train:412 - 28, loss: 1.770
2023-02-07 09:42:04.504 | INFO     | algorithms.rainbow_online:train:358 - Starting epoch 29 / 50
2023-02-07 09:42:04.733 | INFO     | algorithms.rainbow_online:train:412 - 29, loss: 1.836
2023-02-07 09:42:04.734 | INFO     | algorithms.rainbow_online:train:358 - Starting epoch 30 / 50
2023-02-07 09:42:04.963 | INFO     | algorithms.rainbow_online:train:412 - 30, loss: 1.890
2023-02-07 09:42:04.964 | INFO     | algorithms.algorithm_base:run_base_task_metrics:144 - Running metrics: Task 80
2023-02-07 09:42:09.605 | DEBUG    | algorithms.algorithm_base:run_base_task_metrics:200 - Raw classification accuracy results saved to ./output_cifar10_varying/rainbow_online/1675762064.3287196_CIFAR10_OFFICIAL_RUN/task_80_accuracy_results.json
2023-02-07 09:42:09.606 | INFO     | algorithms.algorithm_base:run_base_task_metrics:201 - Correctly classified 1831 / 10000 samples (18.31% correct)
2023-02-07 09:42:09.737 | INFO     | algorithms.rainbow_online:train:358 - Starting epoch 31 / 50
2023-02-07 09:42:09.969 | INFO     | algorithms.rainbow_online:train:412 - 31, loss: 1.811
2023-02-07 09:42:09.970 | INFO     | algorithms.rainbow_online:train:358 - Starting epoch 32 / 50
2023-02-07 09:42:10.198 | INFO     | algorithms.rainbow_online:train:412 - 32, loss: 1.696
2023-02-07 09:42:10.200 | INFO     | algorithms.rainbow_online:train:358 - Starting epoch 33 / 50
2023-02-07 09:42:10.427 | INFO     | algorithms.rainbow_online:train:412 - 33, loss: 1.670
2023-02-07 09:42:10.429 | INFO     | algorithms.rainbow_online:train:358 - Starting epoch 34 / 50
2023-02-07 09:42:10.656 | INFO     | algorithms.rainbow_online:train:412 - 34, loss: 1.906
2023-02-07 09:42:10.658 | INFO     | algorithms.rainbow_online:train:358 - Starting epoch 35 / 50
2023-02-07 09:42:10.886 | INFO     | algorithms.rainbow_online:train:412 - 35, loss: 1.717
2023-02-07 09:42:10.888 | INFO     | algorithms.rainbow_online:train:358 - Starting epoch 36 / 50
2023-02-07 09:42:11.118 | INFO     | algorithms.rainbow_online:train:412 - 36, loss: 1.874
2023-02-07 09:42:11.119 | INFO     | algorithms.rainbow_online:train:358 - Starting epoch 37 / 50
2023-02-07 09:42:11.346 | INFO     | algorithms.rainbow_online:train:412 - 37, loss: 1.737
2023-02-07 09:42:11.348 | INFO     | algorithms.rainbow_online:train:358 - Starting epoch 38 / 50
2023-02-07 09:42:11.577 | INFO     | algorithms.rainbow_online:train:412 - 38, loss: 1.686
2023-02-07 09:42:11.578 | INFO     | algorithms.rainbow_online:train:358 - Starting epoch 39 / 50
2023-02-07 09:42:11.806 | INFO     | algorithms.rainbow_online:train:412 - 39, loss: 1.814
2023-02-07 09:42:11.808 | INFO     | algorithms.rainbow_online:train:358 - Starting epoch 40 / 50
2023-02-07 09:42:12.058 | INFO     | algorithms.rainbow_online:train:412 - 40, loss: 1.878
2023-02-07 09:42:12.060 | INFO     | algorithms.algorithm_base:run_base_task_metrics:144 - Running metrics: Task 90
2023-02-07 09:42:16.669 | DEBUG    | algorithms.algorithm_base:run_base_task_metrics:200 - Raw classification accuracy results saved to ./output_cifar10_varying/rainbow_online/1675762064.3287196_CIFAR10_OFFICIAL_RUN/task_90_accuracy_results.json
2023-02-07 09:42:16.671 | INFO     | algorithms.algorithm_base:run_base_task_metrics:201 - Correctly classified 1838 / 10000 samples (18.38% correct)
2023-02-07 09:42:16.801 | INFO     | algorithms.rainbow_online:train:358 - Starting epoch 41 / 50
2023-02-07 09:42:17.033 | INFO     | algorithms.rainbow_online:train:412 - 41, loss: 1.789
2023-02-07 09:42:17.035 | INFO     | algorithms.rainbow_online:train:358 - Starting epoch 42 / 50
2023-02-07 09:42:17.263 | INFO     | algorithms.rainbow_online:train:412 - 42, loss: 1.761
2023-02-07 09:42:17.265 | INFO     | algorithms.rainbow_online:train:358 - Starting epoch 43 / 50
2023-02-07 09:42:17.493 | INFO     | algorithms.rainbow_online:train:412 - 43, loss: 1.771
2023-02-07 09:42:17.495 | INFO     | algorithms.rainbow_online:train:358 - Starting epoch 44 / 50
2023-02-07 09:42:17.721 | INFO     | algorithms.rainbow_online:train:412 - 44, loss: 1.744
2023-02-07 09:42:17.723 | INFO     | algorithms.rainbow_online:train:358 - Starting epoch 45 / 50
2023-02-07 09:42:17.951 | INFO     | algorithms.rainbow_online:train:412 - 45, loss: 1.814
2023-02-07 09:42:17.953 | INFO     | algorithms.rainbow_online:train:358 - Starting epoch 46 / 50
2023-02-07 09:42:18.181 | INFO     | algorithms.rainbow_online:train:412 - 46, loss: 1.713
2023-02-07 09:42:18.182 | INFO     | algorithms.rainbow_online:train:358 - Starting epoch 47 / 50
2023-02-07 09:42:18.411 | INFO     | algorithms.rainbow_online:train:412 - 47, loss: 1.722
2023-02-07 09:42:18.412 | INFO     | algorithms.rainbow_online:train:358 - Starting epoch 48 / 50
2023-02-07 09:42:18.642 | INFO     | algorithms.rainbow_online:train:412 - 48, loss: 1.555
2023-02-07 09:42:18.643 | INFO     | algorithms.rainbow_online:train:358 - Starting epoch 49 / 50
2023-02-07 09:42:18.871 | INFO     | algorithms.rainbow_online:train:412 - 49, loss: 1.659
2023-02-07 09:42:18.872 | INFO     | algorithms.rainbow_online:train:358 - Starting epoch 50 / 50
2023-02-07 09:42:19.101 | INFO     | algorithms.rainbow_online:train:412 - 50, loss: 1.674
2023-02-07 09:42:19.103 | INFO     | algorithms.algorithm_base:run_base_task_metrics:144 - Running metrics: Task 100
2023-02-07 09:42:23.727 | DEBUG    | algorithms.algorithm_base:run_base_task_metrics:200 - Raw classification accuracy results saved to ./output_cifar10_varying/rainbow_online/1675762064.3287196_CIFAR10_OFFICIAL_RUN/task_100_accuracy_results.json
2023-02-07 09:42:23.728 | INFO     | algorithms.algorithm_base:run_base_task_metrics:201 - Correctly classified 1840 / 10000 samples (18.40% correct)
2023-02-07 09:42:23.860 | INFO     | algorithms.rainbow_online:train:334 - Starting Task 3 / 5
2023-02-07 09:42:23.864 | INFO     | algorithms.rainbow_online:train:338 - Updating memory...
2023-02-07 09:42:23.865 | DEBUG    | algorithms.rainbow_online:train:341 - T_b: <class 'numpy.ndarray'>
2023-02-07 09:42:23.873 | INFO     | algorithms.rainbow_online:perform_diversity_aware_memory_update:189 - Segmenting classes
2023-02-07 09:42:23.875 | DEBUG    | algorithms.rainbow_online:perform_diversity_aware_memory_update:200 - Keys dict_keys([0])
2023-02-07 09:42:23.876 | DEBUG    | algorithms.rainbow_online:perform_diversity_aware_memory_update:200 - Keys dict_keys([0, 6])
2023-02-07 09:42:23.877 | DEBUG    | algorithms.rainbow_online:perform_diversity_aware_memory_update:200 - Keys dict_keys([0, 6, 4])
2023-02-07 09:42:23.877 | DEBUG    | algorithms.rainbow_online:perform_diversity_aware_memory_update:200 - Keys dict_keys([0, 6, 4, 5])
2023-02-07 09:42:23.903 | DEBUG    | algorithms.rainbow_online:perform_diversity_aware_memory_update:215 - Seen classes: 6
2023-02-07 09:42:23.905 | INFO     | algorithms.rainbow_online:perform_diversity_aware_memory_update:218 - Sorting class samples by uncertainty and generating next buffer: memory size per class 33
2023-02-07 09:42:23.906 | DEBUG    | algorithms.rainbow_online:perform_diversity_aware_memory_update:298 - Class 0 under sampling strategy diverse
2023-02-07 09:42:25.911 | DEBUG    | algorithms.rainbow_online:perform_diversity_aware_memory_update:321 - Indexes: [0, 1, 3, 4, 6, 7, 9, 10, 12, 13, 15, 16, 18, 19, 21, 22, 24, 25, 27, 28, 30, 31, 33, 34, 36, 37, 39, 40, 42, 43, 45, 46, 48]
2023-02-07 09:42:25.921 | INFO     | algorithms.rainbow_online:perform_diversity_aware_memory_update:322 - Saved sample images to Tensorboard
2023-02-07 09:42:25.922 | INFO     | algorithms.rainbow_online:perform_diversity_aware_memory_update:323 - There are 33 samples from class 0
2023-02-07 09:42:25.922 | DEBUG    | algorithms.rainbow_online:perform_diversity_aware_memory_update:298 - Class 6 under sampling strategy diverse
2023-02-07 09:42:27.923 | DEBUG    | algorithms.rainbow_online:perform_diversity_aware_memory_update:321 - Indexes: [0, 1, 3, 4, 6, 7, 9, 10, 12, 13, 15, 16, 18, 19, 21, 22, 24, 25, 27, 28, 30, 31, 33, 34, 36, 37, 39, 40, 42, 43, 45, 46, 48]
2023-02-07 09:42:27.936 | INFO     | algorithms.rainbow_online:perform_diversity_aware_memory_update:322 - Saved sample images to Tensorboard
2023-02-07 09:42:27.937 | INFO     | algorithms.rainbow_online:perform_diversity_aware_memory_update:323 - There are 33 samples from class 6
2023-02-07 09:42:27.937 | DEBUG    | algorithms.rainbow_online:perform_diversity_aware_memory_update:298 - Class 4 under sampling strategy diverse
2023-02-07 09:42:29.944 | DEBUG    | algorithms.rainbow_online:perform_diversity_aware_memory_update:321 - Indexes: [0, 1, 3, 4, 6, 7, 9, 10, 12, 13, 15, 16, 18, 19, 21, 22, 24, 25, 27, 28, 30, 31, 33, 34, 36, 37, 39, 40, 42, 43, 45, 46, 48]
2023-02-07 09:42:29.956 | INFO     | algorithms.rainbow_online:perform_diversity_aware_memory_update:322 - Saved sample images to Tensorboard
2023-02-07 09:42:29.956 | INFO     | algorithms.rainbow_online:perform_diversity_aware_memory_update:323 - There are 33 samples from class 4
2023-02-07 09:42:29.957 | DEBUG    | algorithms.rainbow_online:perform_diversity_aware_memory_update:298 - Class 5 under sampling strategy diverse
2023-02-07 09:42:31.965 | DEBUG    | algorithms.rainbow_online:perform_diversity_aware_memory_update:321 - Indexes: [0, 1, 3, 4, 6, 7, 9, 10, 12, 13, 15, 16, 18, 19, 21, 22, 24, 25, 27, 28, 30, 31, 33, 34, 36, 37, 39, 40, 42, 43, 45, 46, 48]
2023-02-07 09:42:31.977 | INFO     | algorithms.rainbow_online:perform_diversity_aware_memory_update:322 - Saved sample images to Tensorboard
2023-02-07 09:42:31.978 | INFO     | algorithms.rainbow_online:perform_diversity_aware_memory_update:323 - There are 33 samples from class 5
2023-02-07 09:42:31.979 | DEBUG    | algorithms.rainbow_online:perform_diversity_aware_memory_update:298 - Class 7 under sampling strategy diverse
2023-02-07 09:45:50.613 | DEBUG    | algorithms.rainbow_online:perform_diversity_aware_memory_update:321 - Indexes: [0, 151, 303, 454, 606, 757, 909, 1060, 1212, 1363, 1515, 1666, 1818, 1969, 2121, 2272, 2424, 2575, 2727, 2878, 3030, 3181, 3333, 3484, 3636, 3787, 3939, 4090, 4242, 4393, 4545, 4696, 4848]
2023-02-07 09:45:50.626 | INFO     | algorithms.rainbow_online:perform_diversity_aware_memory_update:322 - Saved sample images to Tensorboard
2023-02-07 09:45:50.627 | INFO     | algorithms.rainbow_online:perform_diversity_aware_memory_update:323 - There are 33 samples from class 7
2023-02-07 09:45:50.627 | DEBUG    | algorithms.rainbow_online:perform_diversity_aware_memory_update:298 - Class 2 under sampling strategy diverse
2023-02-07 09:49:09.468 | DEBUG    | algorithms.rainbow_online:perform_diversity_aware_memory_update:321 - Indexes: [0, 151, 303, 454, 606, 757, 909, 1060, 1212, 1363, 1515, 1666, 1818, 1969, 2121, 2272, 2424, 2575, 2727, 2878, 3030, 3181, 3333, 3484, 3636, 3787, 3939, 4090, 4242, 4393, 4545, 4696, 4848]
2023-02-07 09:49:09.480 | INFO     | algorithms.rainbow_online:perform_diversity_aware_memory_update:322 - Saved sample images to Tensorboard
2023-02-07 09:49:09.481 | INFO     | algorithms.rainbow_online:perform_diversity_aware_memory_update:323 - There are 33 samples from class 2
2023-02-07 09:49:09.481 | INFO     | algorithms.rainbow_online:perform_diversity_aware_memory_update:325 - Generated next exemplar buffer
2023-02-07 09:49:09.482 | DEBUG    | algorithms.rainbow_online:train:345 - T_a: <class 'numpy.ndarray'>
2023-02-07 09:49:09.483 | INFO     | algorithms.rainbow_online:train:350 - Using memory buffer exclusively
2023-02-07 09:49:09.484 | INFO     | algorithms.rainbow_online:train:358 - Starting epoch 1 / 50
2023-02-07 09:49:10.007 | INFO     | algorithms.rainbow_online:train:412 - 1, loss: 2.629
2023-02-07 09:49:10.009 | INFO     | algorithms.rainbow_online:train:358 - Starting epoch 2 / 50
2023-02-07 09:49:10.236 | INFO     | algorithms.rainbow_online:train:412 - 2, loss: 2.346
2023-02-07 09:49:10.238 | INFO     | algorithms.rainbow_online:train:358 - Starting epoch 3 / 50
2023-02-07 09:49:10.469 | INFO     | algorithms.rainbow_online:train:412 - 3, loss: 2.187
2023-02-07 09:49:10.471 | INFO     | algorithms.rainbow_online:train:358 - Starting epoch 4 / 50
2023-02-07 09:49:10.699 | INFO     | algorithms.rainbow_online:train:412 - 4, loss: 2.324
2023-02-07 09:49:10.700 | INFO     | algorithms.rainbow_online:train:358 - Starting epoch 5 / 50
2023-02-07 09:49:10.926 | INFO     | algorithms.rainbow_online:train:412 - 5, loss: 2.263
2023-02-07 09:49:10.927 | INFO     | algorithms.rainbow_online:train:358 - Starting epoch 6 / 50
2023-02-07 09:49:11.153 | INFO     | algorithms.rainbow_online:train:412 - 6, loss: 2.205
2023-02-07 09:49:11.155 | INFO     | algorithms.rainbow_online:train:358 - Starting epoch 7 / 50
2023-02-07 09:49:11.381 | INFO     | algorithms.rainbow_online:train:412 - 7, loss: 2.276
2023-02-07 09:49:11.383 | INFO     | algorithms.rainbow_online:train:358 - Starting epoch 8 / 50
2023-02-07 09:49:11.610 | INFO     | algorithms.rainbow_online:train:412 - 8, loss: 2.368
2023-02-07 09:49:11.612 | INFO     | algorithms.rainbow_online:train:358 - Starting epoch 9 / 50
2023-02-07 09:49:11.838 | INFO     | algorithms.rainbow_online:train:412 - 9, loss: 2.093
2023-02-07 09:49:11.839 | INFO     | algorithms.rainbow_online:train:358 - Starting epoch 10 / 50
2023-02-07 09:49:12.065 | INFO     | algorithms.rainbow_online:train:412 - 10, loss: 1.961
2023-02-07 09:49:12.067 | INFO     | algorithms.algorithm_base:run_base_task_metrics:144 - Running metrics: Task 110
2023-02-07 09:49:16.683 | DEBUG    | algorithms.algorithm_base:run_base_task_metrics:200 - Raw classification accuracy results saved to ./output_cifar10_varying/rainbow_online/1675762064.3287196_CIFAR10_OFFICIAL_RUN/task_110_accuracy_results.json
2023-02-07 09:49:16.685 | INFO     | algorithms.algorithm_base:run_base_task_metrics:201 - Correctly classified 1958 / 10000 samples (19.58% correct)
2023-02-07 09:49:16.872 | INFO     | algorithms.rainbow_online:train:358 - Starting epoch 11 / 50
2023-02-07 09:49:17.102 | INFO     | algorithms.rainbow_online:train:412 - 11, loss: 2.063
2023-02-07 09:49:17.104 | INFO     | algorithms.rainbow_online:train:358 - Starting epoch 12 / 50
2023-02-07 09:49:17.330 | INFO     | algorithms.rainbow_online:train:412 - 12, loss: 2.146
2023-02-07 09:49:17.332 | INFO     | algorithms.rainbow_online:train:358 - Starting epoch 13 / 50
2023-02-07 09:49:17.558 | INFO     | algorithms.rainbow_online:train:412 - 13, loss: 2.094
2023-02-07 09:49:17.560 | INFO     | algorithms.rainbow_online:train:358 - Starting epoch 14 / 50
2023-02-07 09:49:17.788 | INFO     | algorithms.rainbow_online:train:412 - 14, loss: 2.148
2023-02-07 09:49:17.789 | INFO     | algorithms.rainbow_online:train:358 - Starting epoch 15 / 50
2023-02-07 09:49:18.016 | INFO     | algorithms.rainbow_online:train:412 - 15, loss: 2.088
2023-02-07 09:49:18.018 | INFO     | algorithms.rainbow_online:train:358 - Starting epoch 16 / 50
2023-02-07 09:49:18.244 | INFO     | algorithms.rainbow_online:train:412 - 16, loss: 2.135
2023-02-07 09:49:18.246 | INFO     | algorithms.rainbow_online:train:358 - Starting epoch 17 / 50
2023-02-07 09:49:18.471 | INFO     | algorithms.rainbow_online:train:412 - 17, loss: 2.085
2023-02-07 09:49:18.473 | INFO     | algorithms.rainbow_online:train:358 - Starting epoch 18 / 50
2023-02-07 09:49:18.703 | INFO     | algorithms.rainbow_online:train:412 - 18, loss: 2.008
2023-02-07 09:49:18.703 | INFO     | algorithms.rainbow_online:train:358 - Starting epoch 19 / 50
2023-02-07 09:49:18.930 | INFO     | algorithms.rainbow_online:train:412 - 19, loss: 2.058
2023-02-07 09:49:18.931 | INFO     | algorithms.rainbow_online:train:358 - Starting epoch 20 / 50
2023-02-07 09:49:19.156 | INFO     | algorithms.rainbow_online:train:412 - 20, loss: 2.011
2023-02-07 09:49:19.159 | INFO     | algorithms.algorithm_base:run_base_task_metrics:144 - Running metrics: Task 120
2023-02-07 09:49:23.794 | DEBUG    | algorithms.algorithm_base:run_base_task_metrics:200 - Raw classification accuracy results saved to ./output_cifar10_varying/rainbow_online/1675762064.3287196_CIFAR10_OFFICIAL_RUN/task_120_accuracy_results.json
2023-02-07 09:49:23.796 | INFO     | algorithms.algorithm_base:run_base_task_metrics:201 - Correctly classified 2075 / 10000 samples (20.75% correct)
2023-02-07 09:49:23.928 | INFO     | algorithms.rainbow_online:train:358 - Starting epoch 21 / 50
2023-02-07 09:49:24.159 | INFO     | algorithms.rainbow_online:train:412 - 21, loss: 1.876
2023-02-07 09:49:24.161 | INFO     | algorithms.rainbow_online:train:358 - Starting epoch 22 / 50
2023-02-07 09:49:24.388 | INFO     | algorithms.rainbow_online:train:412 - 22, loss: 1.890
2023-02-07 09:49:24.389 | INFO     | algorithms.rainbow_online:train:358 - Starting epoch 23 / 50
2023-02-07 09:49:24.616 | INFO     | algorithms.rainbow_online:train:412 - 23, loss: 2.012
2023-02-07 09:49:24.618 | INFO     | algorithms.rainbow_online:train:358 - Starting epoch 24 / 50
2023-02-07 09:49:24.845 | INFO     | algorithms.rainbow_online:train:412 - 24, loss: 1.892
2023-02-07 09:49:24.846 | INFO     | algorithms.rainbow_online:train:358 - Starting epoch 25 / 50
2023-02-07 09:49:25.076 | INFO     | algorithms.rainbow_online:train:412 - 25, loss: 1.921
2023-02-07 09:49:25.077 | INFO     | algorithms.rainbow_online:train:358 - Starting epoch 26 / 50
2023-02-07 09:49:25.305 | INFO     | algorithms.rainbow_online:train:412 - 26, loss: 1.967
2023-02-07 09:49:25.306 | INFO     | algorithms.rainbow_online:train:358 - Starting epoch 27 / 50
2023-02-07 09:49:25.532 | INFO     | algorithms.rainbow_online:train:412 - 27, loss: 1.905
2023-02-07 09:49:25.533 | INFO     | algorithms.rainbow_online:train:358 - Starting epoch 28 / 50
2023-02-07 09:49:25.761 | INFO     | algorithms.rainbow_online:train:412 - 28, loss: 1.784
2023-02-07 09:49:25.762 | INFO     | algorithms.rainbow_online:train:358 - Starting epoch 29 / 50
2023-02-07 09:49:25.987 | INFO     | algorithms.rainbow_online:train:412 - 29, loss: 1.982
2023-02-07 09:49:25.989 | INFO     | algorithms.rainbow_online:train:358 - Starting epoch 30 / 50
2023-02-07 09:49:26.216 | INFO     | algorithms.rainbow_online:train:412 - 30, loss: 1.735
2023-02-07 09:49:26.219 | INFO     | algorithms.algorithm_base:run_base_task_metrics:144 - Running metrics: Task 130
2023-02-07 09:49:30.992 | DEBUG    | algorithms.algorithm_base:run_base_task_metrics:200 - Raw classification accuracy results saved to ./output_cifar10_varying/rainbow_online/1675762064.3287196_CIFAR10_OFFICIAL_RUN/task_130_accuracy_results.json
2023-02-07 09:49:30.994 | INFO     | algorithms.algorithm_base:run_base_task_metrics:201 - Correctly classified 2321 / 10000 samples (23.21% correct)
2023-02-07 09:49:31.128 | INFO     | algorithms.rainbow_online:train:358 - Starting epoch 31 / 50
2023-02-07 09:49:31.356 | INFO     | algorithms.rainbow_online:train:412 - 31, loss: 1.893
2023-02-07 09:49:31.357 | INFO     | algorithms.rainbow_online:train:358 - Starting epoch 32 / 50
2023-02-07 09:49:31.585 | INFO     | algorithms.rainbow_online:train:412 - 32, loss: 1.725
2023-02-07 09:49:31.586 | INFO     | algorithms.rainbow_online:train:358 - Starting epoch 33 / 50
2023-02-07 09:49:31.812 | INFO     | algorithms.rainbow_online:train:412 - 33, loss: 1.802
2023-02-07 09:49:31.813 | INFO     | algorithms.rainbow_online:train:358 - Starting epoch 34 / 50
2023-02-07 09:49:32.042 | INFO     | algorithms.rainbow_online:train:412 - 34, loss: 1.843
2023-02-07 09:49:32.044 | INFO     | algorithms.rainbow_online:train:358 - Starting epoch 35 / 50
2023-02-07 09:49:32.271 | INFO     | algorithms.rainbow_online:train:412 - 35, loss: 1.853
2023-02-07 09:49:32.273 | INFO     | algorithms.rainbow_online:train:358 - Starting epoch 36 / 50
2023-02-07 09:49:32.501 | INFO     | algorithms.rainbow_online:train:412 - 36, loss: 1.915
2023-02-07 09:49:32.502 | INFO     | algorithms.rainbow_online:train:358 - Starting epoch 37 / 50
2023-02-07 09:49:32.729 | INFO     | algorithms.rainbow_online:train:412 - 37, loss: 1.563
2023-02-07 09:49:32.730 | INFO     | algorithms.rainbow_online:train:358 - Starting epoch 38 / 50
2023-02-07 09:49:32.959 | INFO     | algorithms.rainbow_online:train:412 - 38, loss: 1.860
2023-02-07 09:49:32.961 | INFO     | algorithms.rainbow_online:train:358 - Starting epoch 39 / 50
2023-02-07 09:49:33.191 | INFO     | algorithms.rainbow_online:train:412 - 39, loss: 1.595
2023-02-07 09:49:33.192 | INFO     | algorithms.rainbow_online:train:358 - Starting epoch 40 / 50
2023-02-07 09:49:33.419 | INFO     | algorithms.rainbow_online:train:412 - 40, loss: 1.585
2023-02-07 09:49:33.421 | INFO     | algorithms.algorithm_base:run_base_task_metrics:144 - Running metrics: Task 140
2023-02-07 09:49:38.061 | DEBUG    | algorithms.algorithm_base:run_base_task_metrics:200 - Raw classification accuracy results saved to ./output_cifar10_varying/rainbow_online/1675762064.3287196_CIFAR10_OFFICIAL_RUN/task_140_accuracy_results.json
2023-02-07 09:49:38.063 | INFO     | algorithms.algorithm_base:run_base_task_metrics:201 - Correctly classified 2333 / 10000 samples (23.33% correct)
2023-02-07 09:49:38.196 | INFO     | algorithms.rainbow_online:train:358 - Starting epoch 41 / 50
2023-02-07 09:49:38.428 | INFO     | algorithms.rainbow_online:train:412 - 41, loss: 1.552
2023-02-07 09:49:38.429 | INFO     | algorithms.rainbow_online:train:358 - Starting epoch 42 / 50
2023-02-07 09:49:38.655 | INFO     | algorithms.rainbow_online:train:412 - 42, loss: 1.779
2023-02-07 09:49:38.656 | INFO     | algorithms.rainbow_online:train:358 - Starting epoch 43 / 50
2023-02-07 09:49:38.884 | INFO     | algorithms.rainbow_online:train:412 - 43, loss: 1.866
2023-02-07 09:49:38.886 | INFO     | algorithms.rainbow_online:train:358 - Starting epoch 44 / 50
2023-02-07 09:49:39.113 | INFO     | algorithms.rainbow_online:train:412 - 44, loss: 1.695
2023-02-07 09:49:39.114 | INFO     | algorithms.rainbow_online:train:358 - Starting epoch 45 / 50
2023-02-07 09:49:39.341 | INFO     | algorithms.rainbow_online:train:412 - 45, loss: 1.623
2023-02-07 09:49:39.343 | INFO     | algorithms.rainbow_online:train:358 - Starting epoch 46 / 50
2023-02-07 09:49:39.568 | INFO     | algorithms.rainbow_online:train:412 - 46, loss: 1.678
2023-02-07 09:49:39.570 | INFO     | algorithms.rainbow_online:train:358 - Starting epoch 47 / 50
2023-02-07 09:49:39.795 | INFO     | algorithms.rainbow_online:train:412 - 47, loss: 1.439
2023-02-07 09:49:39.797 | INFO     | algorithms.rainbow_online:train:358 - Starting epoch 48 / 50
2023-02-07 09:49:40.023 | INFO     | algorithms.rainbow_online:train:412 - 48, loss: 1.590
2023-02-07 09:49:40.025 | INFO     | algorithms.rainbow_online:train:358 - Starting epoch 49 / 50
2023-02-07 09:49:40.253 | INFO     | algorithms.rainbow_online:train:412 - 49, loss: 1.756
2023-02-07 09:49:40.255 | INFO     | algorithms.rainbow_online:train:358 - Starting epoch 50 / 50
2023-02-07 09:49:40.482 | INFO     | algorithms.rainbow_online:train:412 - 50, loss: 1.618
2023-02-07 09:49:40.483 | INFO     | algorithms.algorithm_base:run_base_task_metrics:144 - Running metrics: Task 150
2023-02-07 09:49:45.088 | DEBUG    | algorithms.algorithm_base:run_base_task_metrics:200 - Raw classification accuracy results saved to ./output_cifar10_varying/rainbow_online/1675762064.3287196_CIFAR10_OFFICIAL_RUN/task_150_accuracy_results.json
2023-02-07 09:49:45.090 | INFO     | algorithms.algorithm_base:run_base_task_metrics:201 - Correctly classified 2428 / 10000 samples (24.28% correct)
2023-02-07 09:49:45.224 | INFO     | algorithms.rainbow_online:train:334 - Starting Task 4 / 5
2023-02-07 09:49:45.229 | INFO     | algorithms.rainbow_online:train:338 - Updating memory...
2023-02-07 09:49:45.231 | DEBUG    | algorithms.rainbow_online:train:341 - T_b: <class 'numpy.ndarray'>
2023-02-07 09:49:45.242 | INFO     | algorithms.rainbow_online:perform_diversity_aware_memory_update:189 - Segmenting classes
2023-02-07 09:49:45.243 | DEBUG    | algorithms.rainbow_online:perform_diversity_aware_memory_update:200 - Keys dict_keys([0])
2023-02-07 09:49:45.244 | DEBUG    | algorithms.rainbow_online:perform_diversity_aware_memory_update:200 - Keys dict_keys([0, 6])
2023-02-07 09:49:45.245 | DEBUG    | algorithms.rainbow_online:perform_diversity_aware_memory_update:200 - Keys dict_keys([0, 6, 4])
2023-02-07 09:49:45.246 | DEBUG    | algorithms.rainbow_online:perform_diversity_aware_memory_update:200 - Keys dict_keys([0, 6, 4, 5])
2023-02-07 09:49:45.246 | DEBUG    | algorithms.rainbow_online:perform_diversity_aware_memory_update:200 - Keys dict_keys([0, 6, 4, 5, 7])
2023-02-07 09:49:45.247 | DEBUG    | algorithms.rainbow_online:perform_diversity_aware_memory_update:200 - Keys dict_keys([0, 6, 4, 5, 7, 2])
2023-02-07 09:49:45.272 | DEBUG    | algorithms.rainbow_online:perform_diversity_aware_memory_update:215 - Seen classes: 8
2023-02-07 09:49:45.273 | INFO     | algorithms.rainbow_online:perform_diversity_aware_memory_update:218 - Sorting class samples by uncertainty and generating next buffer: memory size per class 25
2023-02-07 09:49:45.274 | DEBUG    | algorithms.rainbow_online:perform_diversity_aware_memory_update:298 - Class 0 under sampling strategy diverse
2023-02-07 09:49:46.636 | DEBUG    | algorithms.rainbow_online:perform_diversity_aware_memory_update:321 - Indexes: [0, 1, 2, 3, 5, 6, 7, 9, 10, 11, 13, 14, 15, 17, 18, 19, 21, 22, 23, 25, 26, 27, 29, 30, 31]
2023-02-07 09:49:46.644 | INFO     | algorithms.rainbow_online:perform_diversity_aware_memory_update:322 - Saved sample images to Tensorboard
2023-02-07 09:49:46.645 | INFO     | algorithms.rainbow_online:perform_diversity_aware_memory_update:323 - There are 25 samples from class 0
2023-02-07 09:49:46.645 | DEBUG    | algorithms.rainbow_online:perform_diversity_aware_memory_update:298 - Class 6 under sampling strategy diverse
2023-02-07 09:49:48.013 | DEBUG    | algorithms.rainbow_online:perform_diversity_aware_memory_update:321 - Indexes: [0, 1, 2, 3, 5, 6, 7, 9, 10, 11, 13, 14, 15, 17, 18, 19, 21, 22, 23, 25, 26, 27, 29, 30, 31]
2023-02-07 09:49:48.023 | INFO     | algorithms.rainbow_online:perform_diversity_aware_memory_update:322 - Saved sample images to Tensorboard
2023-02-07 09:49:48.023 | INFO     | algorithms.rainbow_online:perform_diversity_aware_memory_update:323 - There are 25 samples from class 6
2023-02-07 09:49:48.024 | DEBUG    | algorithms.rainbow_online:perform_diversity_aware_memory_update:298 - Class 4 under sampling strategy diverse
2023-02-07 09:49:49.400 | DEBUG    | algorithms.rainbow_online:perform_diversity_aware_memory_update:321 - Indexes: [0, 1, 2, 3, 5, 6, 7, 9, 10, 11, 13, 14, 15, 17, 18, 19, 21, 22, 23, 25, 26, 27, 29, 30, 31]
2023-02-07 09:49:49.410 | INFO     | algorithms.rainbow_online:perform_diversity_aware_memory_update:322 - Saved sample images to Tensorboard
2023-02-07 09:49:49.410 | INFO     | algorithms.rainbow_online:perform_diversity_aware_memory_update:323 - There are 25 samples from class 4
2023-02-07 09:49:49.411 | DEBUG    | algorithms.rainbow_online:perform_diversity_aware_memory_update:298 - Class 5 under sampling strategy diverse
2023-02-07 09:49:50.781 | DEBUG    | algorithms.rainbow_online:perform_diversity_aware_memory_update:321 - Indexes: [0, 1, 2, 3, 5, 6, 7, 9, 10, 11, 13, 14, 15, 17, 18, 19, 21, 22, 23, 25, 26, 27, 29, 30, 31]
2023-02-07 09:49:50.790 | INFO     | algorithms.rainbow_online:perform_diversity_aware_memory_update:322 - Saved sample images to Tensorboard
2023-02-07 09:49:50.791 | INFO     | algorithms.rainbow_online:perform_diversity_aware_memory_update:323 - There are 25 samples from class 5
2023-02-07 09:49:50.791 | DEBUG    | algorithms.rainbow_online:perform_diversity_aware_memory_update:298 - Class 7 under sampling strategy diverse
2023-02-07 09:49:52.147 | DEBUG    | algorithms.rainbow_online:perform_diversity_aware_memory_update:321 - Indexes: [0, 1, 2, 3, 5, 6, 7, 9, 10, 11, 13, 14, 15, 17, 18, 19, 21, 22, 23, 25, 26, 27, 29, 30, 31]
2023-02-07 09:49:52.156 | INFO     | algorithms.rainbow_online:perform_diversity_aware_memory_update:322 - Saved sample images to Tensorboard
2023-02-07 09:49:52.157 | INFO     | algorithms.rainbow_online:perform_diversity_aware_memory_update:323 - There are 25 samples from class 7
2023-02-07 09:49:52.157 | DEBUG    | algorithms.rainbow_online:perform_diversity_aware_memory_update:298 - Class 2 under sampling strategy diverse
2023-02-07 09:49:53.504 | DEBUG    | algorithms.rainbow_online:perform_diversity_aware_memory_update:321 - Indexes: [0, 1, 2, 3, 5, 6, 7, 9, 10, 11, 13, 14, 15, 17, 18, 19, 21, 22, 23, 25, 26, 27, 29, 30, 31]
2023-02-07 09:49:53.513 | INFO     | algorithms.rainbow_online:perform_diversity_aware_memory_update:322 - Saved sample images to Tensorboard
2023-02-07 09:49:53.514 | INFO     | algorithms.rainbow_online:perform_diversity_aware_memory_update:323 - There are 25 samples from class 2
2023-02-07 09:49:53.515 | DEBUG    | algorithms.rainbow_online:perform_diversity_aware_memory_update:298 - Class 1 under sampling strategy diverse
2023-02-07 09:53:14.058 | DEBUG    | algorithms.rainbow_online:perform_diversity_aware_memory_update:321 - Indexes: [0, 200, 400, 600, 800, 1000, 1200, 1400, 1600, 1800, 2000, 2200, 2400, 2600, 2800, 3000, 3200, 3400, 3600, 3800, 4000, 4200, 4400, 4600, 4800]
2023-02-07 09:53:14.068 | INFO     | algorithms.rainbow_online:perform_diversity_aware_memory_update:322 - Saved sample images to Tensorboard
2023-02-07 09:53:14.069 | INFO     | algorithms.rainbow_online:perform_diversity_aware_memory_update:323 - There are 25 samples from class 1
2023-02-07 09:53:14.069 | DEBUG    | algorithms.rainbow_online:perform_diversity_aware_memory_update:298 - Class 3 under sampling strategy diverse
2023-02-07 09:56:34.123 | DEBUG    | algorithms.rainbow_online:perform_diversity_aware_memory_update:321 - Indexes: [0, 200, 400, 600, 800, 1000, 1200, 1400, 1600, 1800, 2000, 2200, 2400, 2600, 2800, 3000, 3200, 3400, 3600, 3800, 4000, 4200, 4400, 4600, 4800]
2023-02-07 09:56:34.132 | INFO     | algorithms.rainbow_online:perform_diversity_aware_memory_update:322 - Saved sample images to Tensorboard
2023-02-07 09:56:34.132 | INFO     | algorithms.rainbow_online:perform_diversity_aware_memory_update:323 - There are 25 samples from class 3
2023-02-07 09:56:34.133 | INFO     | algorithms.rainbow_online:perform_diversity_aware_memory_update:325 - Generated next exemplar buffer
2023-02-07 09:56:34.134 | DEBUG    | algorithms.rainbow_online:train:345 - T_a: <class 'numpy.ndarray'>
2023-02-07 09:56:34.135 | INFO     | algorithms.rainbow_online:train:350 - Using memory buffer exclusively
2023-02-07 09:56:34.135 | INFO     | algorithms.rainbow_online:train:358 - Starting epoch 1 / 50
2023-02-07 09:56:34.366 | INFO     | algorithms.rainbow_online:train:412 - 1, loss: 2.515
2023-02-07 09:56:34.367 | INFO     | algorithms.rainbow_online:train:358 - Starting epoch 2 / 50
2023-02-07 09:56:34.596 | INFO     | algorithms.rainbow_online:train:412 - 2, loss: 2.660
2023-02-07 09:56:34.597 | INFO     | algorithms.rainbow_online:train:358 - Starting epoch 3 / 50
2023-02-07 09:56:34.827 | INFO     | algorithms.rainbow_online:train:412 - 3, loss: 2.434
2023-02-07 09:56:34.828 | INFO     | algorithms.rainbow_online:train:358 - Starting epoch 4 / 50
2023-02-07 09:56:35.056 | INFO     | algorithms.rainbow_online:train:412 - 4, loss: 2.511
2023-02-07 09:56:35.058 | INFO     | algorithms.rainbow_online:train:358 - Starting epoch 5 / 50
2023-02-07 09:56:35.285 | INFO     | algorithms.rainbow_online:train:412 - 5, loss: 2.403
2023-02-07 09:56:35.286 | INFO     | algorithms.rainbow_online:train:358 - Starting epoch 6 / 50
2023-02-07 09:56:35.516 | INFO     | algorithms.rainbow_online:train:412 - 6, loss: 2.433
2023-02-07 09:56:35.517 | INFO     | algorithms.rainbow_online:train:358 - Starting epoch 7 / 50
2023-02-07 09:56:35.744 | INFO     | algorithms.rainbow_online:train:412 - 7, loss: 2.205
2023-02-07 09:56:35.746 | INFO     | algorithms.rainbow_online:train:358 - Starting epoch 8 / 50
2023-02-07 09:56:35.975 | INFO     | algorithms.rainbow_online:train:412 - 8, loss: 2.430
2023-02-07 09:56:35.976 | INFO     | algorithms.rainbow_online:train:358 - Starting epoch 9 / 50
2023-02-07 09:56:36.204 | INFO     | algorithms.rainbow_online:train:412 - 9, loss: 2.493
2023-02-07 09:56:36.205 | INFO     | algorithms.rainbow_online:train:358 - Starting epoch 10 / 50
2023-02-07 09:56:36.435 | INFO     | algorithms.rainbow_online:train:412 - 10, loss: 2.345
2023-02-07 09:56:36.437 | INFO     | algorithms.algorithm_base:run_base_task_metrics:144 - Running metrics: Task 160
2023-02-07 09:56:41.049 | DEBUG    | algorithms.algorithm_base:run_base_task_metrics:200 - Raw classification accuracy results saved to ./output_cifar10_varying/rainbow_online/1675762064.3287196_CIFAR10_OFFICIAL_RUN/task_160_accuracy_results.json
2023-02-07 09:56:41.051 | INFO     | algorithms.algorithm_base:run_base_task_metrics:201 - Correctly classified 2128 / 10000 samples (21.28% correct)
2023-02-07 09:56:41.184 | INFO     | algorithms.rainbow_online:train:358 - Starting epoch 11 / 50
2023-02-07 09:56:41.418 | INFO     | algorithms.rainbow_online:train:412 - 11, loss: 2.357
2023-02-07 09:56:41.419 | INFO     | algorithms.rainbow_online:train:358 - Starting epoch 12 / 50
2023-02-07 09:56:41.646 | INFO     | algorithms.rainbow_online:train:412 - 12, loss: 2.247
2023-02-07 09:56:41.648 | INFO     | algorithms.rainbow_online:train:358 - Starting epoch 13 / 50
2023-02-07 09:56:41.876 | INFO     | algorithms.rainbow_online:train:412 - 13, loss: 2.263
2023-02-07 09:56:41.877 | INFO     | algorithms.rainbow_online:train:358 - Starting epoch 14 / 50
2023-02-07 09:56:42.105 | INFO     | algorithms.rainbow_online:train:412 - 14, loss: 2.293
2023-02-07 09:56:42.106 | INFO     | algorithms.rainbow_online:train:358 - Starting epoch 15 / 50
2023-02-07 09:56:42.334 | INFO     | algorithms.rainbow_online:train:412 - 15, loss: 2.357
2023-02-07 09:56:42.336 | INFO     | algorithms.rainbow_online:train:358 - Starting epoch 16 / 50
2023-02-07 09:56:42.564 | INFO     | algorithms.rainbow_online:train:412 - 16, loss: 2.192
2023-02-07 09:56:42.565 | INFO     | algorithms.rainbow_online:train:358 - Starting epoch 17 / 50
2023-02-07 09:56:42.795 | INFO     | algorithms.rainbow_online:train:412 - 17, loss: 2.102
2023-02-07 09:56:42.796 | INFO     | algorithms.rainbow_online:train:358 - Starting epoch 18 / 50
2023-02-07 09:56:43.025 | INFO     | algorithms.rainbow_online:train:412 - 18, loss: 2.214
2023-02-07 09:56:43.026 | INFO     | algorithms.rainbow_online:train:358 - Starting epoch 19 / 50
2023-02-07 09:56:43.255 | INFO     | algorithms.rainbow_online:train:412 - 19, loss: 2.145
2023-02-07 09:56:43.257 | INFO     | algorithms.rainbow_online:train:358 - Starting epoch 20 / 50
2023-02-07 09:56:43.485 | INFO     | algorithms.rainbow_online:train:412 - 20, loss: 2.249
2023-02-07 09:56:43.487 | INFO     | algorithms.algorithm_base:run_base_task_metrics:144 - Running metrics: Task 170
2023-02-07 09:56:48.095 | DEBUG    | algorithms.algorithm_base:run_base_task_metrics:200 - Raw classification accuracy results saved to ./output_cifar10_varying/rainbow_online/1675762064.3287196_CIFAR10_OFFICIAL_RUN/task_170_accuracy_results.json
2023-02-07 09:56:48.097 | INFO     | algorithms.algorithm_base:run_base_task_metrics:201 - Correctly classified 2250 / 10000 samples (22.50% correct)
2023-02-07 09:56:48.228 | INFO     | algorithms.rainbow_online:train:358 - Starting epoch 21 / 50
2023-02-07 09:56:48.461 | INFO     | algorithms.rainbow_online:train:412 - 21, loss: 2.190
2023-02-07 09:56:48.462 | INFO     | algorithms.rainbow_online:train:358 - Starting epoch 22 / 50
2023-02-07 09:56:48.690 | INFO     | algorithms.rainbow_online:train:412 - 22, loss: 2.163
2023-02-07 09:56:48.692 | INFO     | algorithms.rainbow_online:train:358 - Starting epoch 23 / 50
2023-02-07 09:56:48.920 | INFO     | algorithms.rainbow_online:train:412 - 23, loss: 2.075
2023-02-07 09:56:48.921 | INFO     | algorithms.rainbow_online:train:358 - Starting epoch 24 / 50
2023-02-07 09:56:49.147 | INFO     | algorithms.rainbow_online:train:412 - 24, loss: 2.151
2023-02-07 09:56:49.149 | INFO     | algorithms.rainbow_online:train:358 - Starting epoch 25 / 50
2023-02-07 09:56:49.378 | INFO     | algorithms.rainbow_online:train:412 - 25, loss: 2.147
2023-02-07 09:56:49.380 | INFO     | algorithms.rainbow_online:train:358 - Starting epoch 26 / 50
2023-02-07 09:56:49.607 | INFO     | algorithms.rainbow_online:train:412 - 26, loss: 1.998
2023-02-07 09:56:49.609 | INFO     | algorithms.rainbow_online:train:358 - Starting epoch 27 / 50
2023-02-07 09:56:49.838 | INFO     | algorithms.rainbow_online:train:412 - 27, loss: 2.160
2023-02-07 09:56:49.839 | INFO     | algorithms.rainbow_online:train:358 - Starting epoch 28 / 50
2023-02-07 09:56:50.067 | INFO     | algorithms.rainbow_online:train:412 - 28, loss: 2.089
2023-02-07 09:56:50.069 | INFO     | algorithms.rainbow_online:train:358 - Starting epoch 29 / 50
2023-02-07 09:56:50.295 | INFO     | algorithms.rainbow_online:train:412 - 29, loss: 2.065
2023-02-07 09:56:50.297 | INFO     | algorithms.rainbow_online:train:358 - Starting epoch 30 / 50
2023-02-07 09:56:50.525 | INFO     | algorithms.rainbow_online:train:412 - 30, loss: 2.055
2023-02-07 09:56:50.527 | INFO     | algorithms.algorithm_base:run_base_task_metrics:144 - Running metrics: Task 180
2023-02-07 09:56:55.165 | DEBUG    | algorithms.algorithm_base:run_base_task_metrics:200 - Raw classification accuracy results saved to ./output_cifar10_varying/rainbow_online/1675762064.3287196_CIFAR10_OFFICIAL_RUN/task_180_accuracy_results.json
2023-02-07 09:56:55.167 | INFO     | algorithms.algorithm_base:run_base_task_metrics:201 - Correctly classified 2353 / 10000 samples (23.53% correct)
2023-02-07 09:56:55.301 | INFO     | algorithms.rainbow_online:train:358 - Starting epoch 31 / 50
2023-02-07 09:56:55.532 | INFO     | algorithms.rainbow_online:train:412 - 31, loss: 2.046
2023-02-07 09:56:55.533 | INFO     | algorithms.rainbow_online:train:358 - Starting epoch 32 / 50
2023-02-07 09:56:55.762 | INFO     | algorithms.rainbow_online:train:412 - 32, loss: 1.994
2023-02-07 09:56:55.763 | INFO     | algorithms.rainbow_online:train:358 - Starting epoch 33 / 50
2023-02-07 09:56:55.992 | INFO     | algorithms.rainbow_online:train:412 - 33, loss: 2.175
2023-02-07 09:56:55.994 | INFO     | algorithms.rainbow_online:train:358 - Starting epoch 34 / 50
2023-02-07 09:56:56.222 | INFO     | algorithms.rainbow_online:train:412 - 34, loss: 2.048
2023-02-07 09:56:56.224 | INFO     | algorithms.rainbow_online:train:358 - Starting epoch 35 / 50
2023-02-07 09:56:56.454 | INFO     | algorithms.rainbow_online:train:412 - 35, loss: 1.843
2023-02-07 09:56:56.455 | INFO     | algorithms.rainbow_online:train:358 - Starting epoch 36 / 50
2023-02-07 09:56:56.685 | INFO     | algorithms.rainbow_online:train:412 - 36, loss: 2.065
2023-02-07 09:56:56.686 | INFO     | algorithms.rainbow_online:train:358 - Starting epoch 37 / 50
2023-02-07 09:56:56.914 | INFO     | algorithms.rainbow_online:train:412 - 37, loss: 2.005
2023-02-07 09:56:56.916 | INFO     | algorithms.rainbow_online:train:358 - Starting epoch 38 / 50
2023-02-07 09:56:57.144 | INFO     | algorithms.rainbow_online:train:412 - 38, loss: 2.134
2023-02-07 09:56:57.147 | INFO     | algorithms.rainbow_online:train:358 - Starting epoch 39 / 50
2023-02-07 09:56:57.375 | INFO     | algorithms.rainbow_online:train:412 - 39, loss: 1.987
2023-02-07 09:56:57.377 | INFO     | algorithms.rainbow_online:train:358 - Starting epoch 40 / 50
2023-02-07 09:56:57.606 | INFO     | algorithms.rainbow_online:train:412 - 40, loss: 1.854
2023-02-07 09:56:57.608 | INFO     | algorithms.algorithm_base:run_base_task_metrics:144 - Running metrics: Task 190
2023-02-07 09:57:02.241 | DEBUG    | algorithms.algorithm_base:run_base_task_metrics:200 - Raw classification accuracy results saved to ./output_cifar10_varying/rainbow_online/1675762064.3287196_CIFAR10_OFFICIAL_RUN/task_190_accuracy_results.json
2023-02-07 09:57:02.243 | INFO     | algorithms.algorithm_base:run_base_task_metrics:201 - Correctly classified 2448 / 10000 samples (24.48% correct)
2023-02-07 09:57:02.375 | INFO     | algorithms.rainbow_online:train:358 - Starting epoch 41 / 50
2023-02-07 09:57:02.606 | INFO     | algorithms.rainbow_online:train:412 - 41, loss: 2.060
2023-02-07 09:57:02.608 | INFO     | algorithms.rainbow_online:train:358 - Starting epoch 42 / 50
2023-02-07 09:57:02.836 | INFO     | algorithms.rainbow_online:train:412 - 42, loss: 2.152
2023-02-07 09:57:02.838 | INFO     | algorithms.rainbow_online:train:358 - Starting epoch 43 / 50
2023-02-07 09:57:03.066 | INFO     | algorithms.rainbow_online:train:412 - 43, loss: 1.891
2023-02-07 09:57:03.068 | INFO     | algorithms.rainbow_online:train:358 - Starting epoch 44 / 50
2023-02-07 09:57:03.294 | INFO     | algorithms.rainbow_online:train:412 - 44, loss: 1.765
2023-02-07 09:57:03.296 | INFO     | algorithms.rainbow_online:train:358 - Starting epoch 45 / 50
2023-02-07 09:57:03.524 | INFO     | algorithms.rainbow_online:train:412 - 45, loss: 1.585
2023-02-07 09:57:03.525 | INFO     | algorithms.rainbow_online:train:358 - Starting epoch 46 / 50
2023-02-07 09:57:03.753 | INFO     | algorithms.rainbow_online:train:412 - 46, loss: 1.665
2023-02-07 09:57:03.754 | INFO     | algorithms.rainbow_online:train:358 - Starting epoch 47 / 50
2023-02-07 09:57:03.982 | INFO     | algorithms.rainbow_online:train:412 - 47, loss: 1.973
2023-02-07 09:57:03.984 | INFO     | algorithms.rainbow_online:train:358 - Starting epoch 48 / 50
2023-02-07 09:57:04.213 | INFO     | algorithms.rainbow_online:train:412 - 48, loss: 1.693
2023-02-07 09:57:04.215 | INFO     | algorithms.rainbow_online:train:358 - Starting epoch 49 / 50
2023-02-07 09:57:04.443 | INFO     | algorithms.rainbow_online:train:412 - 49, loss: 1.862
2023-02-07 09:57:04.444 | INFO     | algorithms.rainbow_online:train:358 - Starting epoch 50 / 50
2023-02-07 09:57:04.671 | INFO     | algorithms.rainbow_online:train:412 - 50, loss: 1.744
2023-02-07 09:57:04.673 | INFO     | algorithms.algorithm_base:run_base_task_metrics:144 - Running metrics: Task 200
2023-02-07 09:57:09.348 | DEBUG    | algorithms.algorithm_base:run_base_task_metrics:200 - Raw classification accuracy results saved to ./output_cifar10_varying/rainbow_online/1675762064.3287196_CIFAR10_OFFICIAL_RUN/task_200_accuracy_results.json
2023-02-07 09:57:09.350 | INFO     | algorithms.algorithm_base:run_base_task_metrics:201 - Correctly classified 2572 / 10000 samples (25.72% correct)
2023-02-07 09:57:09.483 | INFO     | algorithms.rainbow_online:train:334 - Starting Task 5 / 5
2023-02-07 09:57:09.487 | INFO     | algorithms.rainbow_online:train:338 - Updating memory...
2023-02-07 09:57:09.488 | DEBUG    | algorithms.rainbow_online:train:341 - T_b: <class 'numpy.ndarray'>
2023-02-07 09:57:09.499 | INFO     | algorithms.rainbow_online:perform_diversity_aware_memory_update:189 - Segmenting classes
2023-02-07 09:57:09.501 | DEBUG    | algorithms.rainbow_online:perform_diversity_aware_memory_update:200 - Keys dict_keys([0])
2023-02-07 09:57:09.501 | DEBUG    | algorithms.rainbow_online:perform_diversity_aware_memory_update:200 - Keys dict_keys([0, 6])
2023-02-07 09:57:09.502 | DEBUG    | algorithms.rainbow_online:perform_diversity_aware_memory_update:200 - Keys dict_keys([0, 6, 4])
2023-02-07 09:57:09.503 | DEBUG    | algorithms.rainbow_online:perform_diversity_aware_memory_update:200 - Keys dict_keys([0, 6, 4, 5])
2023-02-07 09:57:09.504 | DEBUG    | algorithms.rainbow_online:perform_diversity_aware_memory_update:200 - Keys dict_keys([0, 6, 4, 5, 7])
2023-02-07 09:57:09.504 | DEBUG    | algorithms.rainbow_online:perform_diversity_aware_memory_update:200 - Keys dict_keys([0, 6, 4, 5, 7, 2])
2023-02-07 09:57:09.505 | DEBUG    | algorithms.rainbow_online:perform_diversity_aware_memory_update:200 - Keys dict_keys([0, 6, 4, 5, 7, 2, 1])
2023-02-07 09:57:09.506 | DEBUG    | algorithms.rainbow_online:perform_diversity_aware_memory_update:200 - Keys dict_keys([0, 6, 4, 5, 7, 2, 1, 3])
2023-02-07 09:57:09.531 | DEBUG    | algorithms.rainbow_online:perform_diversity_aware_memory_update:215 - Seen classes: 10
2023-02-07 09:57:09.532 | INFO     | algorithms.rainbow_online:perform_diversity_aware_memory_update:218 - Sorting class samples by uncertainty and generating next buffer: memory size per class 20
2023-02-07 09:57:09.533 | DEBUG    | algorithms.rainbow_online:perform_diversity_aware_memory_update:298 - Class 0 under sampling strategy diverse
2023-02-07 09:57:10.557 | DEBUG    | algorithms.rainbow_online:perform_diversity_aware_memory_update:321 - Indexes: [0, 1, 2, 3, 5, 6, 7, 8, 10, 11, 12, 13, 15, 16, 17, 18, 20, 21, 22, 23]
2023-02-07 09:57:10.563 | INFO     | algorithms.rainbow_online:perform_diversity_aware_memory_update:322 - Saved sample images to Tensorboard
2023-02-07 09:57:10.564 | INFO     | algorithms.rainbow_online:perform_diversity_aware_memory_update:323 - There are 20 samples from class 0
2023-02-07 09:57:10.564 | DEBUG    | algorithms.rainbow_online:perform_diversity_aware_memory_update:298 - Class 6 under sampling strategy diverse
2023-02-07 09:57:11.576 | DEBUG    | algorithms.rainbow_online:perform_diversity_aware_memory_update:321 - Indexes: [0, 1, 2, 3, 5, 6, 7, 8, 10, 11, 12, 13, 15, 16, 17, 18, 20, 21, 22, 23]
2023-02-07 09:57:11.584 | INFO     | algorithms.rainbow_online:perform_diversity_aware_memory_update:322 - Saved sample images to Tensorboard
2023-02-07 09:57:11.584 | INFO     | algorithms.rainbow_online:perform_diversity_aware_memory_update:323 - There are 20 samples from class 6
2023-02-07 09:57:11.585 | DEBUG    | algorithms.rainbow_online:perform_diversity_aware_memory_update:298 - Class 4 under sampling strategy diverse
2023-02-07 09:57:12.611 | DEBUG    | algorithms.rainbow_online:perform_diversity_aware_memory_update:321 - Indexes: [0, 1, 2, 3, 5, 6, 7, 8, 10, 11, 12, 13, 15, 16, 17, 18, 20, 21, 22, 23]
2023-02-07 09:57:12.618 | INFO     | algorithms.rainbow_online:perform_diversity_aware_memory_update:322 - Saved sample images to Tensorboard
2023-02-07 09:57:12.619 | INFO     | algorithms.rainbow_online:perform_diversity_aware_memory_update:323 - There are 20 samples from class 4
2023-02-07 09:57:12.619 | DEBUG    | algorithms.rainbow_online:perform_diversity_aware_memory_update:298 - Class 5 under sampling strategy diverse
2023-02-07 09:57:13.639 | DEBUG    | algorithms.rainbow_online:perform_diversity_aware_memory_update:321 - Indexes: [0, 1, 2, 3, 5, 6, 7, 8, 10, 11, 12, 13, 15, 16, 17, 18, 20, 21, 22, 23]
2023-02-07 09:57:13.646 | INFO     | algorithms.rainbow_online:perform_diversity_aware_memory_update:322 - Saved sample images to Tensorboard
2023-02-07 09:57:13.647 | INFO     | algorithms.rainbow_online:perform_diversity_aware_memory_update:323 - There are 20 samples from class 5
2023-02-07 09:57:13.647 | DEBUG    | algorithms.rainbow_online:perform_diversity_aware_memory_update:298 - Class 7 under sampling strategy diverse
2023-02-07 09:57:14.662 | DEBUG    | algorithms.rainbow_online:perform_diversity_aware_memory_update:321 - Indexes: [0, 1, 2, 3, 5, 6, 7, 8, 10, 11, 12, 13, 15, 16, 17, 18, 20, 21, 22, 23]
2023-02-07 09:57:14.670 | INFO     | algorithms.rainbow_online:perform_diversity_aware_memory_update:322 - Saved sample images to Tensorboard
2023-02-07 09:57:14.670 | INFO     | algorithms.rainbow_online:perform_diversity_aware_memory_update:323 - There are 20 samples from class 7
2023-02-07 09:57:14.670 | DEBUG    | algorithms.rainbow_online:perform_diversity_aware_memory_update:298 - Class 2 under sampling strategy diverse
2023-02-07 09:57:15.686 | DEBUG    | algorithms.rainbow_online:perform_diversity_aware_memory_update:321 - Indexes: [0, 1, 2, 3, 5, 6, 7, 8, 10, 11, 12, 13, 15, 16, 17, 18, 20, 21, 22, 23]
2023-02-07 09:57:15.694 | INFO     | algorithms.rainbow_online:perform_diversity_aware_memory_update:322 - Saved sample images to Tensorboard
2023-02-07 09:57:15.694 | INFO     | algorithms.rainbow_online:perform_diversity_aware_memory_update:323 - There are 20 samples from class 2
2023-02-07 09:57:15.695 | DEBUG    | algorithms.rainbow_online:perform_diversity_aware_memory_update:298 - Class 1 under sampling strategy diverse
2023-02-07 09:57:16.714 | DEBUG    | algorithms.rainbow_online:perform_diversity_aware_memory_update:321 - Indexes: [0, 1, 2, 3, 5, 6, 7, 8, 10, 11, 12, 13, 15, 16, 17, 18, 20, 21, 22, 23]
2023-02-07 09:57:16.722 | INFO     | algorithms.rainbow_online:perform_diversity_aware_memory_update:322 - Saved sample images to Tensorboard
2023-02-07 09:57:16.722 | INFO     | algorithms.rainbow_online:perform_diversity_aware_memory_update:323 - There are 20 samples from class 1
2023-02-07 09:57:16.723 | DEBUG    | algorithms.rainbow_online:perform_diversity_aware_memory_update:298 - Class 3 under sampling strategy diverse
2023-02-07 09:57:17.738 | DEBUG    | algorithms.rainbow_online:perform_diversity_aware_memory_update:321 - Indexes: [0, 1, 2, 3, 5, 6, 7, 8, 10, 11, 12, 13, 15, 16, 17, 18, 20, 21, 22, 23]
2023-02-07 09:57:17.745 | INFO     | algorithms.rainbow_online:perform_diversity_aware_memory_update:322 - Saved sample images to Tensorboard
2023-02-07 09:57:17.746 | INFO     | algorithms.rainbow_online:perform_diversity_aware_memory_update:323 - There are 20 samples from class 3
2023-02-07 09:57:17.747 | DEBUG    | algorithms.rainbow_online:perform_diversity_aware_memory_update:298 - Class 9 under sampling strategy diverse
2023-02-07 10:00:37.445 | DEBUG    | algorithms.rainbow_online:perform_diversity_aware_memory_update:321 - Indexes: [0, 250, 500, 750, 1000, 1250, 1500, 1750, 2000, 2250, 2500, 2750, 3000, 3250, 3500, 3750, 4000, 4250, 4500, 4750]
2023-02-07 10:00:37.452 | INFO     | algorithms.rainbow_online:perform_diversity_aware_memory_update:322 - Saved sample images to Tensorboard
2023-02-07 10:00:37.453 | INFO     | algorithms.rainbow_online:perform_diversity_aware_memory_update:323 - There are 20 samples from class 9
2023-02-07 10:00:37.453 | DEBUG    | algorithms.rainbow_online:perform_diversity_aware_memory_update:298 - Class 8 under sampling strategy diverse
2023-02-07 10:03:57.505 | DEBUG    | algorithms.rainbow_online:perform_diversity_aware_memory_update:321 - Indexes: [0, 250, 500, 750, 1000, 1250, 1500, 1750, 2000, 2250, 2500, 2750, 3000, 3250, 3500, 3750, 4000, 4250, 4500, 4750]
2023-02-07 10:03:57.512 | INFO     | algorithms.rainbow_online:perform_diversity_aware_memory_update:322 - Saved sample images to Tensorboard
2023-02-07 10:03:57.512 | INFO     | algorithms.rainbow_online:perform_diversity_aware_memory_update:323 - There are 20 samples from class 8
2023-02-07 10:03:57.513 | INFO     | algorithms.rainbow_online:perform_diversity_aware_memory_update:325 - Generated next exemplar buffer
2023-02-07 10:03:57.513 | DEBUG    | algorithms.rainbow_online:train:345 - T_a: <class 'numpy.ndarray'>
2023-02-07 10:03:57.514 | INFO     | algorithms.rainbow_online:train:350 - Using memory buffer exclusively
2023-02-07 10:03:57.515 | INFO     | algorithms.rainbow_online:train:358 - Starting epoch 1 / 50
2023-02-07 10:03:57.743 | INFO     | algorithms.rainbow_online:train:412 - 1, loss: 2.779
2023-02-07 10:03:57.744 | INFO     | algorithms.rainbow_online:train:358 - Starting epoch 2 / 50
2023-02-07 10:03:57.972 | INFO     | algorithms.rainbow_online:train:412 - 2, loss: 2.757
2023-02-07 10:03:57.974 | INFO     | algorithms.rainbow_online:train:358 - Starting epoch 3 / 50
2023-02-07 10:03:58.203 | INFO     | algorithms.rainbow_online:train:412 - 3, loss: 2.619
2023-02-07 10:03:58.204 | INFO     | algorithms.rainbow_online:train:358 - Starting epoch 4 / 50
2023-02-07 10:03:58.432 | INFO     | algorithms.rainbow_online:train:412 - 4, loss: 2.600
2023-02-07 10:03:58.433 | INFO     | algorithms.rainbow_online:train:358 - Starting epoch 5 / 50
2023-02-07 10:03:58.660 | INFO     | algorithms.rainbow_online:train:412 - 5, loss: 2.589
2023-02-07 10:03:58.662 | INFO     | algorithms.rainbow_online:train:358 - Starting epoch 6 / 50
2023-02-07 10:03:58.889 | INFO     | algorithms.rainbow_online:train:412 - 6, loss: 2.785
2023-02-07 10:03:58.891 | INFO     | algorithms.rainbow_online:train:358 - Starting epoch 7 / 50
2023-02-07 10:03:59.120 | INFO     | algorithms.rainbow_online:train:412 - 7, loss: 2.606
2023-02-07 10:03:59.123 | INFO     | algorithms.rainbow_online:train:358 - Starting epoch 8 / 50
2023-02-07 10:03:59.349 | INFO     | algorithms.rainbow_online:train:412 - 8, loss: 2.668
2023-02-07 10:03:59.350 | INFO     | algorithms.rainbow_online:train:358 - Starting epoch 9 / 50
2023-02-07 10:03:59.578 | INFO     | algorithms.rainbow_online:train:412 - 9, loss: 2.522
2023-02-07 10:03:59.579 | INFO     | algorithms.rainbow_online:train:358 - Starting epoch 10 / 50
2023-02-07 10:03:59.808 | INFO     | algorithms.rainbow_online:train:412 - 10, loss: 2.392
2023-02-07 10:03:59.809 | INFO     | algorithms.algorithm_base:run_base_task_metrics:144 - Running metrics: Task 210
2023-02-07 10:04:04.422 | DEBUG    | algorithms.algorithm_base:run_base_task_metrics:200 - Raw classification accuracy results saved to ./output_cifar10_varying/rainbow_online/1675762064.3287196_CIFAR10_OFFICIAL_RUN/task_210_accuracy_results.json
2023-02-07 10:04:04.424 | INFO     | algorithms.algorithm_base:run_base_task_metrics:201 - Correctly classified 1928 / 10000 samples (19.28% correct)
2023-02-07 10:04:04.558 | INFO     | algorithms.rainbow_online:train:358 - Starting epoch 11 / 50
2023-02-07 10:04:04.789 | INFO     | algorithms.rainbow_online:train:412 - 11, loss: 2.542
2023-02-07 10:04:04.791 | INFO     | algorithms.rainbow_online:train:358 - Starting epoch 12 / 50
2023-02-07 10:04:05.019 | INFO     | algorithms.rainbow_online:train:412 - 12, loss: 2.556
2023-02-07 10:04:05.020 | INFO     | algorithms.rainbow_online:train:358 - Starting epoch 13 / 50
2023-02-07 10:04:05.248 | INFO     | algorithms.rainbow_online:train:412 - 13, loss: 2.373
2023-02-07 10:04:05.250 | INFO     | algorithms.rainbow_online:train:358 - Starting epoch 14 / 50
2023-02-07 10:04:05.478 | INFO     | algorithms.rainbow_online:train:412 - 14, loss: 2.460
2023-02-07 10:04:05.480 | INFO     | algorithms.rainbow_online:train:358 - Starting epoch 15 / 50
2023-02-07 10:04:05.706 | INFO     | algorithms.rainbow_online:train:412 - 15, loss: 2.454
2023-02-07 10:04:05.708 | INFO     | algorithms.rainbow_online:train:358 - Starting epoch 16 / 50
2023-02-07 10:04:05.935 | INFO     | algorithms.rainbow_online:train:412 - 16, loss: 2.319
2023-02-07 10:04:05.936 | INFO     | algorithms.rainbow_online:train:358 - Starting epoch 17 / 50
2023-02-07 10:04:06.165 | INFO     | algorithms.rainbow_online:train:412 - 17, loss: 2.416
2023-02-07 10:04:06.167 | INFO     | algorithms.rainbow_online:train:358 - Starting epoch 18 / 50
2023-02-07 10:04:06.394 | INFO     | algorithms.rainbow_online:train:412 - 18, loss: 2.448
2023-02-07 10:04:06.396 | INFO     | algorithms.rainbow_online:train:358 - Starting epoch 19 / 50
2023-02-07 10:04:06.626 | INFO     | algorithms.rainbow_online:train:412 - 19, loss: 2.371
2023-02-07 10:04:06.627 | INFO     | algorithms.rainbow_online:train:358 - Starting epoch 20 / 50
2023-02-07 10:04:06.857 | INFO     | algorithms.rainbow_online:train:412 - 20, loss: 2.401
2023-02-07 10:04:06.859 | INFO     | algorithms.algorithm_base:run_base_task_metrics:144 - Running metrics: Task 220
2023-02-07 10:04:11.483 | DEBUG    | algorithms.algorithm_base:run_base_task_metrics:200 - Raw classification accuracy results saved to ./output_cifar10_varying/rainbow_online/1675762064.3287196_CIFAR10_OFFICIAL_RUN/task_220_accuracy_results.json
2023-02-07 10:04:11.485 | INFO     | algorithms.algorithm_base:run_base_task_metrics:201 - Correctly classified 2037 / 10000 samples (20.37% correct)
2023-02-07 10:04:11.665 | INFO     | algorithms.rainbow_online:train:358 - Starting epoch 21 / 50
2023-02-07 10:04:11.898 | INFO     | algorithms.rainbow_online:train:412 - 21, loss: 2.457
2023-02-07 10:04:11.900 | INFO     | algorithms.rainbow_online:train:358 - Starting epoch 22 / 50
2023-02-07 10:04:12.126 | INFO     | algorithms.rainbow_online:train:412 - 22, loss: 2.294
2023-02-07 10:04:12.128 | INFO     | algorithms.rainbow_online:train:358 - Starting epoch 23 / 50
2023-02-07 10:04:12.355 | INFO     | algorithms.rainbow_online:train:412 - 23, loss: 2.551
2023-02-07 10:04:12.357 | INFO     | algorithms.rainbow_online:train:358 - Starting epoch 24 / 50
2023-02-07 10:04:12.584 | INFO     | algorithms.rainbow_online:train:412 - 24, loss: 2.481
2023-02-07 10:04:12.586 | INFO     | algorithms.rainbow_online:train:358 - Starting epoch 25 / 50
2023-02-07 10:04:12.815 | INFO     | algorithms.rainbow_online:train:412 - 25, loss: 2.218
2023-02-07 10:04:12.817 | INFO     | algorithms.rainbow_online:train:358 - Starting epoch 26 / 50
2023-02-07 10:04:13.045 | INFO     | algorithms.rainbow_online:train:412 - 26, loss: 2.359
2023-02-07 10:04:13.047 | INFO     | algorithms.rainbow_online:train:358 - Starting epoch 27 / 50
2023-02-07 10:04:13.275 | INFO     | algorithms.rainbow_online:train:412 - 27, loss: 2.306
2023-02-07 10:04:13.276 | INFO     | algorithms.rainbow_online:train:358 - Starting epoch 28 / 50
2023-02-07 10:04:13.503 | INFO     | algorithms.rainbow_online:train:412 - 28, loss: 2.417
2023-02-07 10:04:13.506 | INFO     | algorithms.rainbow_online:train:358 - Starting epoch 29 / 50
2023-02-07 10:04:13.733 | INFO     | algorithms.rainbow_online:train:412 - 29, loss: 2.258
2023-02-07 10:04:13.734 | INFO     | algorithms.rainbow_online:train:358 - Starting epoch 30 / 50
2023-02-07 10:04:13.962 | INFO     | algorithms.rainbow_online:train:412 - 30, loss: 2.163
2023-02-07 10:04:13.964 | INFO     | algorithms.algorithm_base:run_base_task_metrics:144 - Running metrics: Task 230
2023-02-07 10:04:18.573 | DEBUG    | algorithms.algorithm_base:run_base_task_metrics:200 - Raw classification accuracy results saved to ./output_cifar10_varying/rainbow_online/1675762064.3287196_CIFAR10_OFFICIAL_RUN/task_230_accuracy_results.json
2023-02-07 10:04:18.575 | INFO     | algorithms.algorithm_base:run_base_task_metrics:201 - Correctly classified 2285 / 10000 samples (22.85% correct)
2023-02-07 10:04:18.707 | INFO     | algorithms.rainbow_online:train:358 - Starting epoch 31 / 50
2023-02-07 10:04:18.939 | INFO     | algorithms.rainbow_online:train:412 - 31, loss: 2.460
2023-02-07 10:04:18.940 | INFO     | algorithms.rainbow_online:train:358 - Starting epoch 32 / 50
2023-02-07 10:04:19.166 | INFO     | algorithms.rainbow_online:train:412 - 32, loss: 2.165
2023-02-07 10:04:19.168 | INFO     | algorithms.rainbow_online:train:358 - Starting epoch 33 / 50
2023-02-07 10:04:19.396 | INFO     | algorithms.rainbow_online:train:412 - 33, loss: 2.324
2023-02-07 10:04:19.399 | INFO     | algorithms.rainbow_online:train:358 - Starting epoch 34 / 50
2023-02-07 10:04:19.625 | INFO     | algorithms.rainbow_online:train:412 - 34, loss: 2.150
2023-02-07 10:04:19.627 | INFO     | algorithms.rainbow_online:train:358 - Starting epoch 35 / 50
2023-02-07 10:04:19.855 | INFO     | algorithms.rainbow_online:train:412 - 35, loss: 2.077
2023-02-07 10:04:19.857 | INFO     | algorithms.rainbow_online:train:358 - Starting epoch 36 / 50
2023-02-07 10:04:20.085 | INFO     | algorithms.rainbow_online:train:412 - 36, loss: 2.245
2023-02-07 10:04:20.087 | INFO     | algorithms.rainbow_online:train:358 - Starting epoch 37 / 50
2023-02-07 10:04:20.315 | INFO     | algorithms.rainbow_online:train:412 - 37, loss: 2.294
2023-02-07 10:04:20.316 | INFO     | algorithms.rainbow_online:train:358 - Starting epoch 38 / 50
2023-02-07 10:04:20.544 | INFO     | algorithms.rainbow_online:train:412 - 38, loss: 2.245
2023-02-07 10:04:20.545 | INFO     | algorithms.rainbow_online:train:358 - Starting epoch 39 / 50
2023-02-07 10:04:20.774 | INFO     | algorithms.rainbow_online:train:412 - 39, loss: 2.134
2023-02-07 10:04:20.775 | INFO     | algorithms.rainbow_online:train:358 - Starting epoch 40 / 50
2023-02-07 10:04:21.002 | INFO     | algorithms.rainbow_online:train:412 - 40, loss: 2.083
2023-02-07 10:04:21.004 | INFO     | algorithms.algorithm_base:run_base_task_metrics:144 - Running metrics: Task 240
2023-02-07 10:04:25.615 | DEBUG    | algorithms.algorithm_base:run_base_task_metrics:200 - Raw classification accuracy results saved to ./output_cifar10_varying/rainbow_online/1675762064.3287196_CIFAR10_OFFICIAL_RUN/task_240_accuracy_results.json
2023-02-07 10:04:25.616 | INFO     | algorithms.algorithm_base:run_base_task_metrics:201 - Correctly classified 2633 / 10000 samples (26.33% correct)
2023-02-07 10:04:25.750 | INFO     | algorithms.rainbow_online:train:358 - Starting epoch 41 / 50
2023-02-07 10:04:25.982 | INFO     | algorithms.rainbow_online:train:412 - 41, loss: 2.007
2023-02-07 10:04:25.983 | INFO     | algorithms.rainbow_online:train:358 - Starting epoch 42 / 50
2023-02-07 10:04:26.212 | INFO     | algorithms.rainbow_online:train:412 - 42, loss: 2.061
2023-02-07 10:04:26.214 | INFO     | algorithms.rainbow_online:train:358 - Starting epoch 43 / 50
2023-02-07 10:04:26.441 | INFO     | algorithms.rainbow_online:train:412 - 43, loss: 1.865
2023-02-07 10:04:26.443 | INFO     | algorithms.rainbow_online:train:358 - Starting epoch 44 / 50
2023-02-07 10:04:26.671 | INFO     | algorithms.rainbow_online:train:412 - 44, loss: 2.016
2023-02-07 10:04:26.673 | INFO     | algorithms.rainbow_online:train:358 - Starting epoch 45 / 50
2023-02-07 10:04:26.902 | INFO     | algorithms.rainbow_online:train:412 - 45, loss: 1.943
2023-02-07 10:04:26.904 | INFO     | algorithms.rainbow_online:train:358 - Starting epoch 46 / 50
2023-02-07 10:04:27.132 | INFO     | algorithms.rainbow_online:train:412 - 46, loss: 1.948
2023-02-07 10:04:27.134 | INFO     | algorithms.rainbow_online:train:358 - Starting epoch 47 / 50
2023-02-07 10:04:27.359 | INFO     | algorithms.rainbow_online:train:412 - 47, loss: 1.844
2023-02-07 10:04:27.361 | INFO     | algorithms.rainbow_online:train:358 - Starting epoch 48 / 50
2023-02-07 10:04:27.589 | INFO     | algorithms.rainbow_online:train:412 - 48, loss: 1.870
2023-02-07 10:04:27.590 | INFO     | algorithms.rainbow_online:train:358 - Starting epoch 49 / 50
2023-02-07 10:04:27.817 | INFO     | algorithms.rainbow_online:train:412 - 49, loss: 2.008
2023-02-07 10:04:27.819 | INFO     | algorithms.rainbow_online:train:358 - Starting epoch 50 / 50
2023-02-07 10:04:28.049 | INFO     | algorithms.rainbow_online:train:412 - 50, loss: 1.987
2023-02-07 10:04:28.051 | INFO     | algorithms.algorithm_base:run_base_task_metrics:144 - Running metrics: Task 250
2023-02-07 10:04:32.672 | DEBUG    | algorithms.algorithm_base:run_base_task_metrics:200 - Raw classification accuracy results saved to ./output_cifar10_varying/rainbow_online/1675762064.3287196_CIFAR10_OFFICIAL_RUN/task_250_accuracy_results.json
2023-02-07 10:04:32.673 | INFO     | algorithms.algorithm_base:run_base_task_metrics:201 - Correctly classified 2807 / 10000 samples (28.07% correct)
2023-02-07 10:04:32.802 | INFO     | algorithms.rainbow_online:train:421 - Training complete
2023-02-07 10:04:32.806 | INFO     | __main__:run_experiment:291 - Training and evaluation completed!
2023-02-07 10:04:32.808 | INFO     | __main__:run_experiment:305 - Wrote usage stats to file
2023-02-07 10:04:32.808 | INFO     | __main__:main:352 - Complete
2023-02-07 10:04:32.809 | INFO     | __main__:close_tensorboard_writer:253 - Shut down TensorBoard
