2023-02-09 19:46:08.296 | INFO     | __main__:setup_files:208 - Experiment Name: OFFICIAL_RUN
2023-02-09 19:46:08.298 | INFO     | __main__:main:322 - Command line arguments: Configuration(algorithm='der', dataset='cifar100', classes_per_task=20, seed=9767, samples=200)
2023-02-09 19:46:08.300 | INFO     | __main__:main:326 - Seeded random to 9767
2023-02-09 19:46:08.301 | INFO     | __main__:main:330 - Got CUDA device
2023-02-09 19:46:08.301 | INFO     | __main__:force_cuda_load:258 - Forcing CUDA initialisation...
2023-02-09 19:46:08.365 | INFO     | __main__:main:334 - CUDA initialised
2023-02-09 19:46:08.366 | INFO     | __main__:setup_shutdown_hook:254 - To access TensorBoard, run the command: tensorboard --logdir=./output_cifar100_varied_sampling/der_pp/1675971968.2916667_CIFAR100_OFFICIAL_RUN
2023-02-09 19:46:08.368 | INFO     | __main__:main:338 - Setup shutdown hooks
2023-02-09 19:46:08.392 | INFO     | __main__:main:343 - Model is setup
2023-02-09 19:46:08.393 | INFO     | __main__:main:345 - Complete pre-setup, starting experiment
2023-02-09 19:46:09.604 | INFO     | datasets.dataset_base:__init__:80 - Using disjoint tasks with 20 (5 tasks) with a randomised split
2023-02-09 19:46:09.606 | DEBUG    | datasets.dataset_base:_setup_task_datasets:95 - Splitting dataset into 5 disjoint tasks
2023-02-09 19:46:09.625 | INFO     | datasets.dataset_base:__init__:85 - {
  "name": "datasets.cifar100.CIFAR100",
  "dataset_class": "torchvision.datasets.cifar.CIFAR100",
  "training_dataset_parameters": "{'train': True, 'download': True}",
  "testing_dataset_parameters": "{'train': False, 'download': True}",
  "training_transform": "Compose(\n    Resize(size=(32, 32), interpolation=bilinear, max_size=None, antialias=None)\n    ToTensor()\n    Normalize(mean=(0.5071, 0.4867, 0.4408), std=(0.2675, 0.2565, 0.2761))\n    RandomCrop(size=(32, 32), padding=4)\n    RandomHorizontalFlip(p=0.5)\n)",
  "testing_transform": "Compose(\n    Resize(size=(32, 32), interpolation=bilinear, max_size=None, antialias=None)\n    ToTensor()\n    Normalize(mean=(0.5071, 0.4867, 0.4408), std=(0.2675, 0.2565, 0.2761))\n)",
  "classes": "apple, aquarium_fish, baby, bear, beaver, bed, bee, beetle, bicycle, bottle, bowl, boy, bridge, bus, butterfly, camel, can, castle, caterpillar, cattle, chair, chimpanzee, clock, cloud, cockroach, couch, crab, crocodile, cup, dinosaur, dolphin, elephant, flatfish, forest, fox, girl, hamster, house, kangaroo, keyboard, lamp, lawn_mower, leopard, lion, lizard, lobster, man, maple_tree, motorcycle, mountain, mouse, mushroom, oak_tree, orange, orchid, otter, palm_tree, pear, pickup_truck, pine_tree, plain, plate, poppy, porcupine, possum, rabbit, raccoon, ray, road, rocket, rose, sea, seal, shark, shrew, skunk, skyscraper, snail, snake, spider, squirrel, streetcar, sunflower, sweet_pepper, table, tank, telephone, television, tiger, tractor, train, trout, tulip, turtle, wardrobe, whale, willow_tree, wolf, woman, worm",
  "disjoint": true,
  "task_count": 5,
  "classes_per_task": [
    20
  ],
  "task_split_indices": [
    [
      19,
      40,
      58,
      57,
      95,
      53,
      77,
      30,
      89,
      71,
      12,
      67,
      41,
      4,
      2,
      3,
      17,
      28,
      51,
      55
    ],
    [
      65,
      76,
      84,
      98,
      45,
      25,
      7,
      47,
      70,
      99,
      21,
      72,
      85,
      60,
      6,
      74,
      96,
      50,
      49,
      80
    ],
    [
      38,
      93,
      29,
      36,
      8,
      48,
      5,
      73,
      37,
      20,
      94,
      15,
      23,
      75,
      16,
      90,
      54,
      10,
      39,
      78
    ],
    [
      61,
      9,
      11,
      44,
      87,
      0,
      97,
      18,
      14,
      59,
      69,
      62,
      92,
      26,
      64,
      63,
      81,
      22,
      82,
      43
    ],
    [
      1,
      27,
      13,
      86,
      34,
      88,
      42,
      35,
      52,
      32,
      79,
      33,
      56,
      46,
      24,
      31,
      91,
      66,
      68,
      83
    ]
  ],
  "task_split_classes": [
    [
      "cattle",
      "lamp",
      "pickup_truck",
      "pear",
      "whale",
      "orange",
      "snail",
      "dolphin",
      "tractor",
      "sea",
      "bridge",
      "ray",
      "lawn_mower",
      "beaver",
      "baby",
      "bear",
      "castle",
      "cup",
      "mushroom",
      "otter"
    ],
    [
      "rabbit",
      "skyscraper",
      "table",
      "woman",
      "lobster",
      "couch",
      "beetle",
      "maple_tree",
      "rose",
      "worm",
      "chimpanzee",
      "seal",
      "tank",
      "plain",
      "bee",
      "shrew",
      "willow_tree",
      "mouse",
      "mountain",
      "squirrel"
    ],
    [
      "kangaroo",
      "turtle",
      "dinosaur",
      "hamster",
      "bicycle",
      "motorcycle",
      "bed",
      "shark",
      "house",
      "chair",
      "wardrobe",
      "camel",
      "cloud",
      "skunk",
      "can",
      "train",
      "orchid",
      "bowl",
      "keyboard",
      "snake"
    ],
    [
      "plate",
      "bottle",
      "boy",
      "lizard",
      "television",
      "apple",
      "wolf",
      "caterpillar",
      "butterfly",
      "pine_tree",
      "rocket",
      "poppy",
      "tulip",
      "crab",
      "possum",
      "porcupine",
      "streetcar",
      "clock",
      "sunflower",
      "lion"
    ],
    [
      "aquarium_fish",
      "crocodile",
      "bus",
      "telephone",
      "fox",
      "tiger",
      "leopard",
      "girl",
      "oak_tree",
      "flatfish",
      "spider",
      "forest",
      "palm_tree",
      "man",
      "cockroach",
      "elephant",
      "trout",
      "raccoon",
      "road",
      "sweet_pepper"
    ]
  ]
}
2023-02-09 19:46:09.631 | DEBUG    | __main__:run_experiment:282 - PID: 23364
2023-02-09 19:46:09.633 | INFO     | __main__:run_experiment:284 - Starting...
2023-02-09 19:46:09.633 | INFO     | algorithms.algorithm_base:train:116 - {
  "name": "algorithms.der_pp.DarkExperiencePlusPlus",
  "model_class": "models.cifar.resnet.ResNet",
  "device": "cuda:0",
  "dataset_class": "datasets.cifar100.CIFAR100",
  "optimiser_class": "torch.optim.sgd.SGD",
  "loss_criterion_class": "torch.nn.modules.loss.CrossEntropyLoss",
  "epochs_per_task": 1,
  "batch_size": 16,
  "max_memory_samples": 200,
  "alpha": 0.5,
  "beta": 0
}
2023-02-09 19:46:09.636 | DEBUG    | algorithms.algorithm_base:_setup_training:109 - Model moved to cuda:0 and set to train mode
2023-02-09 19:46:09.637 | INFO     | algorithms.algorithm_base:train:118 - Starting training
2023-02-09 19:46:09.638 | INFO     | algorithms.der_pp:train:86 - Task 1 / 5
2023-02-09 19:46:09.638 | INFO     | algorithms.der_pp:train:87 - Classes in task: ['cattle', 'lamp', 'pickup_truck', 'pear', 'whale', 'orange', 'snail', 'dolphin', 'tractor', 'sea', 'bridge', 'ray', 'lawn_mower', 'beaver', 'baby', 'bear', 'castle', 'cup', 'mushroom', 'otter']
2023-02-09 19:46:09.640 | INFO     | algorithms.der_pp:train:95 - Starting epoch 1 / 1
2023-02-09 19:46:13.893 | INFO     | algorithms.der_pp:train:159 - 0:1:40, loss: 5.108
2023-02-09 19:46:15.941 | INFO     | algorithms.der_pp:train:159 - 0:1:80, loss: 4.661
2023-02-09 19:46:18.014 | INFO     | algorithms.der_pp:train:159 - 0:1:120, loss: 4.472
2023-02-09 19:46:20.097 | INFO     | algorithms.der_pp:train:159 - 0:1:160, loss: 4.317
2023-02-09 19:46:22.181 | INFO     | algorithms.der_pp:train:159 - 0:1:200, loss: 4.246
2023-02-09 19:46:24.262 | INFO     | algorithms.der_pp:train:159 - 0:1:240, loss: 4.166
2023-02-09 19:46:26.339 | INFO     | algorithms.der_pp:train:159 - 0:1:280, loss: 4.009
2023-02-09 19:46:28.419 | INFO     | algorithms.der_pp:train:159 - 0:1:320, loss: 4.006
2023-02-09 19:46:30.495 | INFO     | algorithms.der_pp:train:159 - 0:1:360, loss: 3.973
2023-02-09 19:46:32.579 | INFO     | algorithms.der_pp:train:159 - 0:1:400, loss: 3.858
2023-02-09 19:46:34.660 | INFO     | algorithms.der_pp:train:159 - 0:1:440, loss: 3.776
2023-02-09 19:46:36.740 | INFO     | algorithms.der_pp:train:159 - 0:1:480, loss: 3.773
2023-02-09 19:46:38.815 | INFO     | algorithms.der_pp:train:159 - 0:1:520, loss: 3.644
2023-02-09 19:46:40.892 | INFO     | algorithms.der_pp:train:159 - 0:1:560, loss: 3.736
2023-02-09 19:46:42.973 | INFO     | algorithms.der_pp:train:159 - 0:1:600, loss: 3.656
2023-02-09 19:46:44.220 | DEBUG    | algorithms.der_pp:train:162 - Current sample stats:
2023-02-09 19:46:44.221 | DEBUG    | algorithms.der_pp:train:165 - 67 has 10 samples
2023-02-09 19:46:44.221 | DEBUG    | algorithms.der_pp:train:165 - 28 has 10 samples
2023-02-09 19:46:44.222 | DEBUG    | algorithms.der_pp:train:165 - 55 has 10 samples
2023-02-09 19:46:44.223 | DEBUG    | algorithms.der_pp:train:165 - 57 has 10 samples
2023-02-09 19:46:44.223 | DEBUG    | algorithms.der_pp:train:165 - 17 has 10 samples
2023-02-09 19:46:44.224 | DEBUG    | algorithms.der_pp:train:165 - 58 has 10 samples
2023-02-09 19:46:44.225 | DEBUG    | algorithms.der_pp:train:165 - 41 has 10 samples
2023-02-09 19:46:44.225 | DEBUG    | algorithms.der_pp:train:165 - 40 has 10 samples
2023-02-09 19:46:44.226 | DEBUG    | algorithms.der_pp:train:165 - 4 has 10 samples
2023-02-09 19:46:44.227 | DEBUG    | algorithms.der_pp:train:165 - 71 has 10 samples
2023-02-09 19:46:44.228 | DEBUG    | algorithms.der_pp:train:165 - 19 has 10 samples
2023-02-09 19:46:44.228 | DEBUG    | algorithms.der_pp:train:165 - 53 has 10 samples
2023-02-09 19:46:44.229 | DEBUG    | algorithms.der_pp:train:165 - 95 has 10 samples
2023-02-09 19:46:44.230 | DEBUG    | algorithms.der_pp:train:165 - 2 has 10 samples
2023-02-09 19:46:44.230 | DEBUG    | algorithms.der_pp:train:165 - 30 has 10 samples
2023-02-09 19:46:44.231 | DEBUG    | algorithms.der_pp:train:165 - 51 has 10 samples
2023-02-09 19:46:44.232 | DEBUG    | algorithms.der_pp:train:165 - 12 has 10 samples
2023-02-09 19:46:44.233 | DEBUG    | algorithms.der_pp:train:165 - 77 has 10 samples
2023-02-09 19:46:44.233 | DEBUG    | algorithms.der_pp:train:165 - 89 has 10 samples
2023-02-09 19:46:44.234 | DEBUG    | algorithms.der_pp:train:165 - 3 has 10 samples
2023-02-09 19:46:44.235 | INFO     | algorithms.der_pp:train:170 - 1, loss: 4.076
2023-02-09 19:46:44.236 | INFO     | algorithms.algorithm_base:run_base_task_metrics:144 - Running metrics: Task 0
2023-02-09 19:46:48.230 | DEBUG    | algorithms.algorithm_base:run_base_task_metrics:200 - Raw classification accuracy results saved to ./output_cifar100_varied_sampling/der_pp/1675971968.2916667_CIFAR100_OFFICIAL_RUN/task_0_accuracy_results.json
2023-02-09 19:46:48.232 | INFO     | algorithms.algorithm_base:run_base_task_metrics:201 - Correctly classified 598 / 10000 samples (5.98% correct)
2023-02-09 19:46:48.705 | INFO     | algorithms.der_pp:train:86 - Task 2 / 5
2023-02-09 19:46:48.709 | INFO     | algorithms.der_pp:train:87 - Classes in task: ['rabbit', 'skyscraper', 'table', 'woman', 'lobster', 'couch', 'beetle', 'maple_tree', 'rose', 'worm', 'chimpanzee', 'seal', 'tank', 'plain', 'bee', 'shrew', 'willow_tree', 'mouse', 'mountain', 'squirrel']
2023-02-09 19:46:48.710 | INFO     | algorithms.der_pp:train:95 - Starting epoch 1 / 1
2023-02-09 19:46:50.845 | INFO     | algorithms.der_pp:train:159 - 1:1:40, loss: 5.303
2023-02-09 19:46:52.930 | INFO     | algorithms.der_pp:train:159 - 1:1:80, loss: 4.945
2023-02-09 19:46:55.019 | INFO     | algorithms.der_pp:train:159 - 1:1:120, loss: 4.568
2023-02-09 19:46:57.101 | INFO     | algorithms.der_pp:train:159 - 1:1:160, loss: 4.455
2023-02-09 19:46:59.195 | INFO     | algorithms.der_pp:train:159 - 1:1:200, loss: 4.378
2023-02-09 19:47:01.285 | INFO     | algorithms.der_pp:train:159 - 1:1:240, loss: 4.352
2023-02-09 19:47:03.374 | INFO     | algorithms.der_pp:train:159 - 1:1:280, loss: 4.356
2023-02-09 19:47:05.464 | INFO     | algorithms.der_pp:train:159 - 1:1:320, loss: 4.173
2023-02-09 19:47:07.566 | INFO     | algorithms.der_pp:train:159 - 1:1:360, loss: 4.156
2023-02-09 19:47:09.660 | INFO     | algorithms.der_pp:train:159 - 1:1:400, loss: 4.084
2023-02-09 19:47:11.751 | INFO     | algorithms.der_pp:train:159 - 1:1:440, loss: 4.010
2023-02-09 19:47:13.841 | INFO     | algorithms.der_pp:train:159 - 1:1:480, loss: 3.946
2023-02-09 19:47:15.928 | INFO     | algorithms.der_pp:train:159 - 1:1:520, loss: 4.012
2023-02-09 19:47:18.023 | INFO     | algorithms.der_pp:train:159 - 1:1:560, loss: 3.995
2023-02-09 19:47:20.113 | INFO     | algorithms.der_pp:train:159 - 1:1:600, loss: 3.845
2023-02-09 19:47:21.364 | DEBUG    | algorithms.der_pp:train:162 - Current sample stats:
2023-02-09 19:47:21.365 | DEBUG    | algorithms.der_pp:train:165 - 67 has 5 samples
2023-02-09 19:47:21.365 | DEBUG    | algorithms.der_pp:train:165 - 28 has 5 samples
2023-02-09 19:47:21.366 | DEBUG    | algorithms.der_pp:train:165 - 55 has 5 samples
2023-02-09 19:47:21.367 | DEBUG    | algorithms.der_pp:train:165 - 57 has 5 samples
2023-02-09 19:47:21.367 | DEBUG    | algorithms.der_pp:train:165 - 17 has 5 samples
2023-02-09 19:47:21.368 | DEBUG    | algorithms.der_pp:train:165 - 58 has 5 samples
2023-02-09 19:47:21.369 | DEBUG    | algorithms.der_pp:train:165 - 41 has 5 samples
2023-02-09 19:47:21.369 | DEBUG    | algorithms.der_pp:train:165 - 40 has 5 samples
2023-02-09 19:47:21.370 | DEBUG    | algorithms.der_pp:train:165 - 4 has 5 samples
2023-02-09 19:47:21.371 | DEBUG    | algorithms.der_pp:train:165 - 71 has 5 samples
2023-02-09 19:47:21.371 | DEBUG    | algorithms.der_pp:train:165 - 19 has 5 samples
2023-02-09 19:47:21.372 | DEBUG    | algorithms.der_pp:train:165 - 53 has 5 samples
2023-02-09 19:47:21.373 | DEBUG    | algorithms.der_pp:train:165 - 95 has 5 samples
2023-02-09 19:47:21.373 | DEBUG    | algorithms.der_pp:train:165 - 2 has 5 samples
2023-02-09 19:47:21.374 | DEBUG    | algorithms.der_pp:train:165 - 30 has 5 samples
2023-02-09 19:47:21.375 | DEBUG    | algorithms.der_pp:train:165 - 51 has 5 samples
2023-02-09 19:47:21.375 | DEBUG    | algorithms.der_pp:train:165 - 12 has 5 samples
2023-02-09 19:47:21.376 | DEBUG    | algorithms.der_pp:train:165 - 77 has 5 samples
2023-02-09 19:47:21.377 | DEBUG    | algorithms.der_pp:train:165 - 89 has 5 samples
2023-02-09 19:47:21.378 | DEBUG    | algorithms.der_pp:train:165 - 3 has 5 samples
2023-02-09 19:47:21.378 | DEBUG    | algorithms.der_pp:train:165 - 21 has 5 samples
2023-02-09 19:47:21.379 | DEBUG    | algorithms.der_pp:train:165 - 50 has 5 samples
2023-02-09 19:47:21.380 | DEBUG    | algorithms.der_pp:train:165 - 72 has 5 samples
2023-02-09 19:47:21.380 | DEBUG    | algorithms.der_pp:train:165 - 47 has 5 samples
2023-02-09 19:47:21.381 | DEBUG    | algorithms.der_pp:train:165 - 74 has 5 samples
2023-02-09 19:47:21.382 | DEBUG    | algorithms.der_pp:train:165 - 45 has 5 samples
2023-02-09 19:47:21.382 | DEBUG    | algorithms.der_pp:train:165 - 49 has 5 samples
2023-02-09 19:47:21.383 | DEBUG    | algorithms.der_pp:train:165 - 70 has 5 samples
2023-02-09 19:47:21.384 | DEBUG    | algorithms.der_pp:train:165 - 7 has 5 samples
2023-02-09 19:47:21.384 | DEBUG    | algorithms.der_pp:train:165 - 80 has 5 samples
2023-02-09 19:47:21.385 | DEBUG    | algorithms.der_pp:train:165 - 76 has 5 samples
2023-02-09 19:47:21.386 | DEBUG    | algorithms.der_pp:train:165 - 65 has 5 samples
2023-02-09 19:47:21.386 | DEBUG    | algorithms.der_pp:train:165 - 85 has 5 samples
2023-02-09 19:47:21.387 | DEBUG    | algorithms.der_pp:train:165 - 96 has 5 samples
2023-02-09 19:47:21.388 | DEBUG    | algorithms.der_pp:train:165 - 6 has 5 samples
2023-02-09 19:47:21.388 | DEBUG    | algorithms.der_pp:train:165 - 25 has 5 samples
2023-02-09 19:47:21.389 | DEBUG    | algorithms.der_pp:train:165 - 84 has 5 samples
2023-02-09 19:47:21.390 | DEBUG    | algorithms.der_pp:train:165 - 99 has 5 samples
2023-02-09 19:47:21.390 | DEBUG    | algorithms.der_pp:train:165 - 98 has 5 samples
2023-02-09 19:47:21.391 | DEBUG    | algorithms.der_pp:train:165 - 60 has 5 samples
2023-02-09 19:47:21.392 | INFO     | algorithms.der_pp:train:170 - 1, loss: 4.288
2023-02-09 19:47:21.393 | INFO     | algorithms.algorithm_base:run_base_task_metrics:144 - Running metrics: Task 1
2023-02-09 19:47:25.339 | DEBUG    | algorithms.algorithm_base:run_base_task_metrics:200 - Raw classification accuracy results saved to ./output_cifar100_varied_sampling/der_pp/1675971968.2916667_CIFAR100_OFFICIAL_RUN/task_1_accuracy_results.json
2023-02-09 19:47:25.341 | INFO     | algorithms.algorithm_base:run_base_task_metrics:201 - Correctly classified 634 / 10000 samples (6.34% correct)
2023-02-09 19:47:25.718 | INFO     | algorithms.der_pp:train:86 - Task 3 / 5
2023-02-09 19:47:25.723 | INFO     | algorithms.der_pp:train:87 - Classes in task: ['kangaroo', 'turtle', 'dinosaur', 'hamster', 'bicycle', 'motorcycle', 'bed', 'shark', 'house', 'chair', 'wardrobe', 'camel', 'cloud', 'skunk', 'can', 'train', 'orchid', 'bowl', 'keyboard', 'snake']
2023-02-09 19:47:25.724 | INFO     | algorithms.der_pp:train:95 - Starting epoch 1 / 1
2023-02-09 19:47:27.862 | INFO     | algorithms.der_pp:train:159 - 2:1:40, loss: 5.402
2023-02-09 19:47:29.953 | INFO     | algorithms.der_pp:train:159 - 2:1:80, loss: 5.063
2023-02-09 19:47:32.041 | INFO     | algorithms.der_pp:train:159 - 2:1:120, loss: 4.874
2023-02-09 19:47:34.133 | INFO     | algorithms.der_pp:train:159 - 2:1:160, loss: 4.737
2023-02-09 19:47:36.219 | INFO     | algorithms.der_pp:train:159 - 2:1:200, loss: 4.553
2023-02-09 19:47:38.310 | INFO     | algorithms.der_pp:train:159 - 2:1:240, loss: 4.466
2023-02-09 19:47:40.406 | INFO     | algorithms.der_pp:train:159 - 2:1:280, loss: 4.357
2023-02-09 19:47:42.492 | INFO     | algorithms.der_pp:train:159 - 2:1:320, loss: 4.398
2023-02-09 19:47:44.582 | INFO     | algorithms.der_pp:train:159 - 2:1:360, loss: 4.321
2023-02-09 19:47:46.678 | INFO     | algorithms.der_pp:train:159 - 2:1:400, loss: 4.211
2023-02-09 19:47:48.769 | INFO     | algorithms.der_pp:train:159 - 2:1:440, loss: 4.247
2023-02-09 19:47:50.864 | INFO     | algorithms.der_pp:train:159 - 2:1:480, loss: 4.086
2023-02-09 19:47:52.978 | INFO     | algorithms.der_pp:train:159 - 2:1:520, loss: 4.043
2023-02-09 19:47:55.070 | INFO     | algorithms.der_pp:train:159 - 2:1:560, loss: 4.119
2023-02-09 19:47:57.160 | INFO     | algorithms.der_pp:train:159 - 2:1:600, loss: 3.976
2023-02-09 19:47:58.420 | DEBUG    | algorithms.der_pp:train:162 - Current sample stats:
2023-02-09 19:47:58.421 | DEBUG    | algorithms.der_pp:train:165 - 67 has 3 samples
2023-02-09 19:47:58.421 | DEBUG    | algorithms.der_pp:train:165 - 28 has 3 samples
2023-02-09 19:47:58.422 | DEBUG    | algorithms.der_pp:train:165 - 55 has 3 samples
2023-02-09 19:47:58.423 | DEBUG    | algorithms.der_pp:train:165 - 57 has 3 samples
2023-02-09 19:47:58.423 | DEBUG    | algorithms.der_pp:train:165 - 17 has 3 samples
2023-02-09 19:47:58.424 | DEBUG    | algorithms.der_pp:train:165 - 58 has 3 samples
2023-02-09 19:47:58.425 | DEBUG    | algorithms.der_pp:train:165 - 41 has 3 samples
2023-02-09 19:47:58.425 | DEBUG    | algorithms.der_pp:train:165 - 40 has 3 samples
2023-02-09 19:47:58.426 | DEBUG    | algorithms.der_pp:train:165 - 4 has 3 samples
2023-02-09 19:47:58.427 | DEBUG    | algorithms.der_pp:train:165 - 71 has 3 samples
2023-02-09 19:47:58.427 | DEBUG    | algorithms.der_pp:train:165 - 19 has 3 samples
2023-02-09 19:47:58.428 | DEBUG    | algorithms.der_pp:train:165 - 53 has 3 samples
2023-02-09 19:47:58.429 | DEBUG    | algorithms.der_pp:train:165 - 95 has 3 samples
2023-02-09 19:47:58.430 | DEBUG    | algorithms.der_pp:train:165 - 2 has 3 samples
2023-02-09 19:47:58.430 | DEBUG    | algorithms.der_pp:train:165 - 30 has 3 samples
2023-02-09 19:47:58.431 | DEBUG    | algorithms.der_pp:train:165 - 51 has 3 samples
2023-02-09 19:47:58.432 | DEBUG    | algorithms.der_pp:train:165 - 12 has 3 samples
2023-02-09 19:47:58.432 | DEBUG    | algorithms.der_pp:train:165 - 77 has 3 samples
2023-02-09 19:47:58.433 | DEBUG    | algorithms.der_pp:train:165 - 89 has 3 samples
2023-02-09 19:47:58.434 | DEBUG    | algorithms.der_pp:train:165 - 3 has 3 samples
2023-02-09 19:47:58.434 | DEBUG    | algorithms.der_pp:train:165 - 21 has 3 samples
2023-02-09 19:47:58.435 | DEBUG    | algorithms.der_pp:train:165 - 50 has 3 samples
2023-02-09 19:47:58.436 | DEBUG    | algorithms.der_pp:train:165 - 72 has 3 samples
2023-02-09 19:47:58.436 | DEBUG    | algorithms.der_pp:train:165 - 47 has 3 samples
2023-02-09 19:47:58.437 | DEBUG    | algorithms.der_pp:train:165 - 74 has 3 samples
2023-02-09 19:47:58.438 | DEBUG    | algorithms.der_pp:train:165 - 45 has 3 samples
2023-02-09 19:47:58.439 | DEBUG    | algorithms.der_pp:train:165 - 49 has 3 samples
2023-02-09 19:47:58.439 | DEBUG    | algorithms.der_pp:train:165 - 70 has 3 samples
2023-02-09 19:47:58.440 | DEBUG    | algorithms.der_pp:train:165 - 7 has 3 samples
2023-02-09 19:47:58.441 | DEBUG    | algorithms.der_pp:train:165 - 80 has 3 samples
2023-02-09 19:47:58.441 | DEBUG    | algorithms.der_pp:train:165 - 76 has 3 samples
2023-02-09 19:47:58.442 | DEBUG    | algorithms.der_pp:train:165 - 65 has 3 samples
2023-02-09 19:47:58.443 | DEBUG    | algorithms.der_pp:train:165 - 85 has 3 samples
2023-02-09 19:47:58.444 | DEBUG    | algorithms.der_pp:train:165 - 96 has 3 samples
2023-02-09 19:47:58.444 | DEBUG    | algorithms.der_pp:train:165 - 6 has 3 samples
2023-02-09 19:47:58.445 | DEBUG    | algorithms.der_pp:train:165 - 25 has 3 samples
2023-02-09 19:47:58.446 | DEBUG    | algorithms.der_pp:train:165 - 84 has 3 samples
2023-02-09 19:47:58.447 | DEBUG    | algorithms.der_pp:train:165 - 99 has 3 samples
2023-02-09 19:47:58.447 | DEBUG    | algorithms.der_pp:train:165 - 98 has 3 samples
2023-02-09 19:47:58.448 | DEBUG    | algorithms.der_pp:train:165 - 60 has 3 samples
2023-02-09 19:47:58.449 | DEBUG    | algorithms.der_pp:train:165 - 5 has 4 samples
2023-02-09 19:47:58.449 | DEBUG    | algorithms.der_pp:train:165 - 75 has 4 samples
2023-02-09 19:47:58.450 | DEBUG    | algorithms.der_pp:train:165 - 73 has 4 samples
2023-02-09 19:47:58.451 | DEBUG    | algorithms.der_pp:train:165 - 90 has 4 samples
2023-02-09 19:47:58.452 | DEBUG    | algorithms.der_pp:train:165 - 29 has 4 samples
2023-02-09 19:47:58.452 | DEBUG    | algorithms.der_pp:train:165 - 39 has 4 samples
2023-02-09 19:47:58.453 | DEBUG    | algorithms.der_pp:train:165 - 37 has 4 samples
2023-02-09 19:47:58.454 | DEBUG    | algorithms.der_pp:train:165 - 38 has 4 samples
2023-02-09 19:47:58.454 | DEBUG    | algorithms.der_pp:train:165 - 16 has 4 samples
2023-02-09 19:47:58.455 | DEBUG    | algorithms.der_pp:train:165 - 15 has 4 samples
2023-02-09 19:47:58.456 | DEBUG    | algorithms.der_pp:train:165 - 94 has 4 samples
2023-02-09 19:47:58.457 | DEBUG    | algorithms.der_pp:train:165 - 93 has 4 samples
2023-02-09 19:47:58.457 | DEBUG    | algorithms.der_pp:train:165 - 23 has 4 samples
2023-02-09 19:47:58.458 | DEBUG    | algorithms.der_pp:train:165 - 36 has 4 samples
2023-02-09 19:47:58.459 | DEBUG    | algorithms.der_pp:train:165 - 8 has 4 samples
2023-02-09 19:47:58.460 | DEBUG    | algorithms.der_pp:train:165 - 54 has 4 samples
2023-02-09 19:47:58.460 | DEBUG    | algorithms.der_pp:train:165 - 78 has 4 samples
2023-02-09 19:47:58.461 | DEBUG    | algorithms.der_pp:train:165 - 48 has 4 samples
2023-02-09 19:47:58.462 | DEBUG    | algorithms.der_pp:train:165 - 10 has 4 samples
2023-02-09 19:47:58.462 | DEBUG    | algorithms.der_pp:train:165 - 20 has 4 samples
2023-02-09 19:47:58.463 | INFO     | algorithms.der_pp:train:170 - 1, loss: 4.440
2023-02-09 19:47:58.464 | INFO     | algorithms.algorithm_base:run_base_task_metrics:144 - Running metrics: Task 2
2023-02-09 19:48:02.494 | DEBUG    | algorithms.algorithm_base:run_base_task_metrics:200 - Raw classification accuracy results saved to ./output_cifar100_varied_sampling/der_pp/1675971968.2916667_CIFAR100_OFFICIAL_RUN/task_2_accuracy_results.json
2023-02-09 19:48:02.496 | INFO     | algorithms.algorithm_base:run_base_task_metrics:201 - Correctly classified 556 / 10000 samples (5.56% correct)
2023-02-09 19:48:02.923 | INFO     | algorithms.der_pp:train:86 - Task 4 / 5
2023-02-09 19:48:02.928 | INFO     | algorithms.der_pp:train:87 - Classes in task: ['plate', 'bottle', 'boy', 'lizard', 'television', 'apple', 'wolf', 'caterpillar', 'butterfly', 'pine_tree', 'rocket', 'poppy', 'tulip', 'crab', 'possum', 'porcupine', 'streetcar', 'clock', 'sunflower', 'lion']
2023-02-09 19:48:02.929 | INFO     | algorithms.der_pp:train:95 - Starting epoch 1 / 1
2023-02-09 19:48:05.073 | INFO     | algorithms.der_pp:train:159 - 3:1:40, loss: 5.502
2023-02-09 19:48:07.157 | INFO     | algorithms.der_pp:train:159 - 3:1:80, loss: 4.997
2023-02-09 19:48:09.251 | INFO     | algorithms.der_pp:train:159 - 3:1:120, loss: 4.746
2023-02-09 19:48:11.343 | INFO     | algorithms.der_pp:train:159 - 3:1:160, loss: 4.644
2023-02-09 19:48:13.431 | INFO     | algorithms.der_pp:train:159 - 3:1:200, loss: 4.491
2023-02-09 19:48:15.523 | INFO     | algorithms.der_pp:train:159 - 3:1:240, loss: 4.291
2023-02-09 19:48:17.613 | INFO     | algorithms.der_pp:train:159 - 3:1:280, loss: 4.320
2023-02-09 19:48:19.713 | INFO     | algorithms.der_pp:train:159 - 3:1:320, loss: 4.152
2023-02-09 19:48:21.806 | INFO     | algorithms.der_pp:train:159 - 3:1:360, loss: 4.199
2023-02-09 19:48:23.903 | INFO     | algorithms.der_pp:train:159 - 3:1:400, loss: 4.106
2023-02-09 19:48:25.994 | INFO     | algorithms.der_pp:train:159 - 3:1:440, loss: 4.018
2023-02-09 19:48:28.079 | INFO     | algorithms.der_pp:train:159 - 3:1:480, loss: 4.078
2023-02-09 19:48:30.176 | INFO     | algorithms.der_pp:train:159 - 3:1:520, loss: 3.971
2023-02-09 19:48:32.266 | INFO     | algorithms.der_pp:train:159 - 3:1:560, loss: 3.802
2023-02-09 19:48:34.362 | INFO     | algorithms.der_pp:train:159 - 3:1:600, loss: 3.823
2023-02-09 19:48:35.623 | DEBUG    | algorithms.der_pp:train:162 - Current sample stats:
2023-02-09 19:48:35.623 | DEBUG    | algorithms.der_pp:train:165 - 67 has 2 samples
2023-02-09 19:48:35.624 | DEBUG    | algorithms.der_pp:train:165 - 28 has 2 samples
2023-02-09 19:48:35.625 | DEBUG    | algorithms.der_pp:train:165 - 55 has 2 samples
2023-02-09 19:48:35.626 | DEBUG    | algorithms.der_pp:train:165 - 57 has 2 samples
2023-02-09 19:48:35.626 | DEBUG    | algorithms.der_pp:train:165 - 17 has 2 samples
2023-02-09 19:48:35.627 | DEBUG    | algorithms.der_pp:train:165 - 58 has 2 samples
2023-02-09 19:48:35.628 | DEBUG    | algorithms.der_pp:train:165 - 41 has 2 samples
2023-02-09 19:48:35.628 | DEBUG    | algorithms.der_pp:train:165 - 40 has 2 samples
2023-02-09 19:48:35.629 | DEBUG    | algorithms.der_pp:train:165 - 4 has 2 samples
2023-02-09 19:48:35.630 | DEBUG    | algorithms.der_pp:train:165 - 71 has 2 samples
2023-02-09 19:48:35.631 | DEBUG    | algorithms.der_pp:train:165 - 19 has 2 samples
2023-02-09 19:48:35.631 | DEBUG    | algorithms.der_pp:train:165 - 53 has 2 samples
2023-02-09 19:48:35.632 | DEBUG    | algorithms.der_pp:train:165 - 95 has 2 samples
2023-02-09 19:48:35.633 | DEBUG    | algorithms.der_pp:train:165 - 2 has 2 samples
2023-02-09 19:48:35.634 | DEBUG    | algorithms.der_pp:train:165 - 30 has 2 samples
2023-02-09 19:48:35.634 | DEBUG    | algorithms.der_pp:train:165 - 51 has 2 samples
2023-02-09 19:48:35.635 | DEBUG    | algorithms.der_pp:train:165 - 12 has 2 samples
2023-02-09 19:48:35.636 | DEBUG    | algorithms.der_pp:train:165 - 77 has 2 samples
2023-02-09 19:48:35.636 | DEBUG    | algorithms.der_pp:train:165 - 89 has 2 samples
2023-02-09 19:48:35.637 | DEBUG    | algorithms.der_pp:train:165 - 3 has 2 samples
2023-02-09 19:48:35.638 | DEBUG    | algorithms.der_pp:train:165 - 21 has 2 samples
2023-02-09 19:48:35.639 | DEBUG    | algorithms.der_pp:train:165 - 50 has 2 samples
2023-02-09 19:48:35.639 | DEBUG    | algorithms.der_pp:train:165 - 72 has 2 samples
2023-02-09 19:48:35.640 | DEBUG    | algorithms.der_pp:train:165 - 47 has 2 samples
2023-02-09 19:48:35.641 | DEBUG    | algorithms.der_pp:train:165 - 74 has 2 samples
2023-02-09 19:48:35.642 | DEBUG    | algorithms.der_pp:train:165 - 45 has 2 samples
2023-02-09 19:48:35.642 | DEBUG    | algorithms.der_pp:train:165 - 49 has 2 samples
2023-02-09 19:48:35.643 | DEBUG    | algorithms.der_pp:train:165 - 70 has 2 samples
2023-02-09 19:48:35.644 | DEBUG    | algorithms.der_pp:train:165 - 7 has 2 samples
2023-02-09 19:48:35.644 | DEBUG    | algorithms.der_pp:train:165 - 80 has 2 samples
2023-02-09 19:48:35.645 | DEBUG    | algorithms.der_pp:train:165 - 76 has 2 samples
2023-02-09 19:48:35.646 | DEBUG    | algorithms.der_pp:train:165 - 65 has 2 samples
2023-02-09 19:48:35.647 | DEBUG    | algorithms.der_pp:train:165 - 85 has 2 samples
2023-02-09 19:48:35.647 | DEBUG    | algorithms.der_pp:train:165 - 96 has 2 samples
2023-02-09 19:48:35.648 | DEBUG    | algorithms.der_pp:train:165 - 6 has 2 samples
2023-02-09 19:48:35.649 | DEBUG    | algorithms.der_pp:train:165 - 25 has 2 samples
2023-02-09 19:48:35.649 | DEBUG    | algorithms.der_pp:train:165 - 84 has 2 samples
2023-02-09 19:48:35.650 | DEBUG    | algorithms.der_pp:train:165 - 99 has 2 samples
2023-02-09 19:48:35.651 | DEBUG    | algorithms.der_pp:train:165 - 98 has 2 samples
2023-02-09 19:48:35.652 | DEBUG    | algorithms.der_pp:train:165 - 60 has 2 samples
2023-02-09 19:48:35.652 | DEBUG    | algorithms.der_pp:train:165 - 5 has 3 samples
2023-02-09 19:48:35.653 | DEBUG    | algorithms.der_pp:train:165 - 75 has 3 samples
2023-02-09 19:48:35.654 | DEBUG    | algorithms.der_pp:train:165 - 73 has 3 samples
2023-02-09 19:48:35.654 | DEBUG    | algorithms.der_pp:train:165 - 90 has 3 samples
2023-02-09 19:48:35.655 | DEBUG    | algorithms.der_pp:train:165 - 29 has 3 samples
2023-02-09 19:48:35.656 | DEBUG    | algorithms.der_pp:train:165 - 39 has 3 samples
2023-02-09 19:48:35.657 | DEBUG    | algorithms.der_pp:train:165 - 37 has 3 samples
2023-02-09 19:48:35.657 | DEBUG    | algorithms.der_pp:train:165 - 38 has 3 samples
2023-02-09 19:48:35.658 | DEBUG    | algorithms.der_pp:train:165 - 16 has 3 samples
2023-02-09 19:48:35.659 | DEBUG    | algorithms.der_pp:train:165 - 15 has 3 samples
2023-02-09 19:48:35.660 | DEBUG    | algorithms.der_pp:train:165 - 94 has 3 samples
2023-02-09 19:48:35.660 | DEBUG    | algorithms.der_pp:train:165 - 93 has 3 samples
2023-02-09 19:48:35.661 | DEBUG    | algorithms.der_pp:train:165 - 23 has 3 samples
2023-02-09 19:48:35.662 | DEBUG    | algorithms.der_pp:train:165 - 36 has 3 samples
2023-02-09 19:48:35.662 | DEBUG    | algorithms.der_pp:train:165 - 8 has 3 samples
2023-02-09 19:48:35.663 | DEBUG    | algorithms.der_pp:train:165 - 54 has 3 samples
2023-02-09 19:48:35.664 | DEBUG    | algorithms.der_pp:train:165 - 78 has 3 samples
2023-02-09 19:48:35.665 | DEBUG    | algorithms.der_pp:train:165 - 48 has 3 samples
2023-02-09 19:48:35.665 | DEBUG    | algorithms.der_pp:train:165 - 10 has 3 samples
2023-02-09 19:48:35.666 | DEBUG    | algorithms.der_pp:train:165 - 20 has 3 samples
2023-02-09 19:48:35.667 | DEBUG    | algorithms.der_pp:train:165 - 82 has 3 samples
2023-02-09 19:48:35.667 | DEBUG    | algorithms.der_pp:train:165 - 44 has 3 samples
2023-02-09 19:48:35.668 | DEBUG    | algorithms.der_pp:train:165 - 26 has 3 samples
2023-02-09 19:48:35.669 | DEBUG    | algorithms.der_pp:train:165 - 43 has 3 samples
2023-02-09 19:48:35.670 | DEBUG    | algorithms.der_pp:train:165 - 69 has 3 samples
2023-02-09 19:48:35.670 | DEBUG    | algorithms.der_pp:train:165 - 59 has 3 samples
2023-02-09 19:48:35.671 | DEBUG    | algorithms.der_pp:train:165 - 97 has 3 samples
2023-02-09 19:48:35.672 | DEBUG    | algorithms.der_pp:train:165 - 22 has 3 samples
2023-02-09 19:48:35.673 | DEBUG    | algorithms.der_pp:train:165 - 0 has 3 samples
2023-02-09 19:48:35.673 | DEBUG    | algorithms.der_pp:train:165 - 18 has 3 samples
2023-02-09 19:48:35.674 | DEBUG    | algorithms.der_pp:train:165 - 11 has 3 samples
2023-02-09 19:48:35.675 | DEBUG    | algorithms.der_pp:train:165 - 64 has 3 samples
2023-02-09 19:48:35.675 | DEBUG    | algorithms.der_pp:train:165 - 81 has 3 samples
2023-02-09 19:48:35.676 | DEBUG    | algorithms.der_pp:train:165 - 87 has 3 samples
2023-02-09 19:48:35.677 | DEBUG    | algorithms.der_pp:train:165 - 92 has 3 samples
2023-02-09 19:48:35.678 | DEBUG    | algorithms.der_pp:train:165 - 14 has 3 samples
2023-02-09 19:48:35.678 | DEBUG    | algorithms.der_pp:train:165 - 62 has 3 samples
2023-02-09 19:48:35.679 | DEBUG    | algorithms.der_pp:train:165 - 63 has 3 samples
2023-02-09 19:48:35.680 | DEBUG    | algorithms.der_pp:train:165 - 61 has 3 samples
2023-02-09 19:48:35.680 | DEBUG    | algorithms.der_pp:train:165 - 9 has 3 samples
2023-02-09 19:48:35.681 | INFO     | algorithms.der_pp:train:170 - 1, loss: 4.326
2023-02-09 19:48:35.682 | INFO     | algorithms.algorithm_base:run_base_task_metrics:144 - Running metrics: Task 3
2023-02-09 19:48:39.671 | DEBUG    | algorithms.algorithm_base:run_base_task_metrics:200 - Raw classification accuracy results saved to ./output_cifar100_varied_sampling/der_pp/1675971968.2916667_CIFAR100_OFFICIAL_RUN/task_3_accuracy_results.json
2023-02-09 19:48:39.672 | INFO     | algorithms.algorithm_base:run_base_task_metrics:201 - Correctly classified 612 / 10000 samples (6.12% correct)
2023-02-09 19:48:40.056 | INFO     | algorithms.der_pp:train:86 - Task 5 / 5
2023-02-09 19:48:40.062 | INFO     | algorithms.der_pp:train:87 - Classes in task: ['aquarium_fish', 'crocodile', 'bus', 'telephone', 'fox', 'tiger', 'leopard', 'girl', 'oak_tree', 'flatfish', 'spider', 'forest', 'palm_tree', 'man', 'cockroach', 'elephant', 'trout', 'raccoon', 'road', 'sweet_pepper']
2023-02-09 19:48:40.062 | INFO     | algorithms.der_pp:train:95 - Starting epoch 1 / 1
2023-02-09 19:48:42.211 | INFO     | algorithms.der_pp:train:159 - 4:1:40, loss: 5.786
2023-02-09 19:48:44.308 | INFO     | algorithms.der_pp:train:159 - 4:1:80, loss: 5.249
2023-02-09 19:48:46.398 | INFO     | algorithms.der_pp:train:159 - 4:1:120, loss: 5.074
2023-02-09 19:48:48.489 | INFO     | algorithms.der_pp:train:159 - 4:1:160, loss: 4.812
2023-02-09 19:48:50.588 | INFO     | algorithms.der_pp:train:159 - 4:1:200, loss: 4.671
2023-02-09 19:48:52.684 | INFO     | algorithms.der_pp:train:159 - 4:1:240, loss: 4.571
2023-02-09 19:48:54.777 | INFO     | algorithms.der_pp:train:159 - 4:1:280, loss: 4.472
2023-02-09 19:48:56.868 | INFO     | algorithms.der_pp:train:159 - 4:1:320, loss: 4.370
2023-02-09 19:48:58.964 | INFO     | algorithms.der_pp:train:159 - 4:1:360, loss: 4.433
2023-02-09 19:49:01.059 | INFO     | algorithms.der_pp:train:159 - 4:1:400, loss: 4.240
2023-02-09 19:49:03.155 | INFO     | algorithms.der_pp:train:159 - 4:1:440, loss: 4.262
2023-02-09 19:49:05.246 | INFO     | algorithms.der_pp:train:159 - 4:1:480, loss: 4.238
2023-02-09 19:49:07.340 | INFO     | algorithms.der_pp:train:159 - 4:1:520, loss: 4.218
2023-02-09 19:49:09.431 | INFO     | algorithms.der_pp:train:159 - 4:1:560, loss: 4.155
2023-02-09 19:49:11.532 | INFO     | algorithms.der_pp:train:159 - 4:1:600, loss: 4.176
2023-02-09 19:49:12.785 | DEBUG    | algorithms.der_pp:train:162 - Current sample stats:
2023-02-09 19:49:12.785 | DEBUG    | algorithms.der_pp:train:165 - 67 has 2 samples
2023-02-09 19:49:12.786 | DEBUG    | algorithms.der_pp:train:165 - 28 has 2 samples
2023-02-09 19:49:12.787 | DEBUG    | algorithms.der_pp:train:165 - 55 has 2 samples
2023-02-09 19:49:12.787 | DEBUG    | algorithms.der_pp:train:165 - 57 has 2 samples
2023-02-09 19:49:12.788 | DEBUG    | algorithms.der_pp:train:165 - 17 has 2 samples
2023-02-09 19:49:12.789 | DEBUG    | algorithms.der_pp:train:165 - 58 has 2 samples
2023-02-09 19:49:12.789 | DEBUG    | algorithms.der_pp:train:165 - 41 has 2 samples
2023-02-09 19:49:12.790 | DEBUG    | algorithms.der_pp:train:165 - 40 has 2 samples
2023-02-09 19:49:12.791 | DEBUG    | algorithms.der_pp:train:165 - 4 has 2 samples
2023-02-09 19:49:12.792 | DEBUG    | algorithms.der_pp:train:165 - 71 has 2 samples
2023-02-09 19:49:12.792 | DEBUG    | algorithms.der_pp:train:165 - 19 has 2 samples
2023-02-09 19:49:12.793 | DEBUG    | algorithms.der_pp:train:165 - 53 has 2 samples
2023-02-09 19:49:12.794 | DEBUG    | algorithms.der_pp:train:165 - 95 has 2 samples
2023-02-09 19:49:12.794 | DEBUG    | algorithms.der_pp:train:165 - 2 has 2 samples
2023-02-09 19:49:12.795 | DEBUG    | algorithms.der_pp:train:165 - 30 has 2 samples
2023-02-09 19:49:12.796 | DEBUG    | algorithms.der_pp:train:165 - 51 has 2 samples
2023-02-09 19:49:12.796 | DEBUG    | algorithms.der_pp:train:165 - 12 has 2 samples
2023-02-09 19:49:12.797 | DEBUG    | algorithms.der_pp:train:165 - 77 has 2 samples
2023-02-09 19:49:12.798 | DEBUG    | algorithms.der_pp:train:165 - 89 has 2 samples
2023-02-09 19:49:12.798 | DEBUG    | algorithms.der_pp:train:165 - 3 has 2 samples
2023-02-09 19:49:12.799 | DEBUG    | algorithms.der_pp:train:165 - 21 has 2 samples
2023-02-09 19:49:12.800 | DEBUG    | algorithms.der_pp:train:165 - 50 has 2 samples
2023-02-09 19:49:12.800 | DEBUG    | algorithms.der_pp:train:165 - 72 has 2 samples
2023-02-09 19:49:12.801 | DEBUG    | algorithms.der_pp:train:165 - 47 has 2 samples
2023-02-09 19:49:12.802 | DEBUG    | algorithms.der_pp:train:165 - 74 has 2 samples
2023-02-09 19:49:12.802 | DEBUG    | algorithms.der_pp:train:165 - 45 has 2 samples
2023-02-09 19:49:12.803 | DEBUG    | algorithms.der_pp:train:165 - 49 has 2 samples
2023-02-09 19:49:12.804 | DEBUG    | algorithms.der_pp:train:165 - 70 has 2 samples
2023-02-09 19:49:12.804 | DEBUG    | algorithms.der_pp:train:165 - 7 has 2 samples
2023-02-09 19:49:12.805 | DEBUG    | algorithms.der_pp:train:165 - 80 has 2 samples
2023-02-09 19:49:12.806 | DEBUG    | algorithms.der_pp:train:165 - 76 has 2 samples
2023-02-09 19:49:12.807 | DEBUG    | algorithms.der_pp:train:165 - 65 has 2 samples
2023-02-09 19:49:12.807 | DEBUG    | algorithms.der_pp:train:165 - 85 has 2 samples
2023-02-09 19:49:12.808 | DEBUG    | algorithms.der_pp:train:165 - 96 has 2 samples
2023-02-09 19:49:12.809 | DEBUG    | algorithms.der_pp:train:165 - 6 has 2 samples
2023-02-09 19:49:12.810 | DEBUG    | algorithms.der_pp:train:165 - 25 has 2 samples
2023-02-09 19:49:12.810 | DEBUG    | algorithms.der_pp:train:165 - 84 has 2 samples
2023-02-09 19:49:12.811 | DEBUG    | algorithms.der_pp:train:165 - 99 has 2 samples
2023-02-09 19:49:12.812 | DEBUG    | algorithms.der_pp:train:165 - 98 has 2 samples
2023-02-09 19:49:12.812 | DEBUG    | algorithms.der_pp:train:165 - 60 has 2 samples
2023-02-09 19:49:12.813 | DEBUG    | algorithms.der_pp:train:165 - 5 has 2 samples
2023-02-09 19:49:12.814 | DEBUG    | algorithms.der_pp:train:165 - 75 has 2 samples
2023-02-09 19:49:12.815 | DEBUG    | algorithms.der_pp:train:165 - 73 has 2 samples
2023-02-09 19:49:12.815 | DEBUG    | algorithms.der_pp:train:165 - 90 has 2 samples
2023-02-09 19:49:12.816 | DEBUG    | algorithms.der_pp:train:165 - 29 has 2 samples
2023-02-09 19:49:12.817 | DEBUG    | algorithms.der_pp:train:165 - 39 has 2 samples
2023-02-09 19:49:12.817 | DEBUG    | algorithms.der_pp:train:165 - 37 has 2 samples
2023-02-09 19:49:12.818 | DEBUG    | algorithms.der_pp:train:165 - 38 has 2 samples
2023-02-09 19:49:12.819 | DEBUG    | algorithms.der_pp:train:165 - 16 has 2 samples
2023-02-09 19:49:12.820 | DEBUG    | algorithms.der_pp:train:165 - 15 has 2 samples
2023-02-09 19:49:12.820 | DEBUG    | algorithms.der_pp:train:165 - 94 has 2 samples
2023-02-09 19:49:12.821 | DEBUG    | algorithms.der_pp:train:165 - 93 has 2 samples
2023-02-09 19:49:12.822 | DEBUG    | algorithms.der_pp:train:165 - 23 has 2 samples
2023-02-09 19:49:12.823 | DEBUG    | algorithms.der_pp:train:165 - 36 has 2 samples
2023-02-09 19:49:12.823 | DEBUG    | algorithms.der_pp:train:165 - 8 has 2 samples
2023-02-09 19:49:12.824 | DEBUG    | algorithms.der_pp:train:165 - 54 has 2 samples
2023-02-09 19:49:12.825 | DEBUG    | algorithms.der_pp:train:165 - 78 has 2 samples
2023-02-09 19:49:12.825 | DEBUG    | algorithms.der_pp:train:165 - 48 has 2 samples
2023-02-09 19:49:12.826 | DEBUG    | algorithms.der_pp:train:165 - 10 has 2 samples
2023-02-09 19:49:12.827 | DEBUG    | algorithms.der_pp:train:165 - 20 has 2 samples
2023-02-09 19:49:12.828 | DEBUG    | algorithms.der_pp:train:165 - 82 has 2 samples
2023-02-09 19:49:12.828 | DEBUG    | algorithms.der_pp:train:165 - 44 has 2 samples
2023-02-09 19:49:12.829 | DEBUG    | algorithms.der_pp:train:165 - 26 has 2 samples
2023-02-09 19:49:12.830 | DEBUG    | algorithms.der_pp:train:165 - 43 has 2 samples
2023-02-09 19:49:12.831 | DEBUG    | algorithms.der_pp:train:165 - 69 has 2 samples
2023-02-09 19:49:12.831 | DEBUG    | algorithms.der_pp:train:165 - 59 has 2 samples
2023-02-09 19:49:12.832 | DEBUG    | algorithms.der_pp:train:165 - 97 has 2 samples
2023-02-09 19:49:12.833 | DEBUG    | algorithms.der_pp:train:165 - 22 has 2 samples
2023-02-09 19:49:12.833 | DEBUG    | algorithms.der_pp:train:165 - 0 has 2 samples
2023-02-09 19:49:12.834 | DEBUG    | algorithms.der_pp:train:165 - 18 has 2 samples
2023-02-09 19:49:12.835 | DEBUG    | algorithms.der_pp:train:165 - 11 has 2 samples
2023-02-09 19:49:12.836 | DEBUG    | algorithms.der_pp:train:165 - 64 has 2 samples
2023-02-09 19:49:12.836 | DEBUG    | algorithms.der_pp:train:165 - 81 has 2 samples
2023-02-09 19:49:12.837 | DEBUG    | algorithms.der_pp:train:165 - 87 has 2 samples
2023-02-09 19:49:12.838 | DEBUG    | algorithms.der_pp:train:165 - 92 has 2 samples
2023-02-09 19:49:12.838 | DEBUG    | algorithms.der_pp:train:165 - 14 has 2 samples
2023-02-09 19:49:12.839 | DEBUG    | algorithms.der_pp:train:165 - 62 has 2 samples
2023-02-09 19:49:12.840 | DEBUG    | algorithms.der_pp:train:165 - 63 has 2 samples
2023-02-09 19:49:12.841 | DEBUG    | algorithms.der_pp:train:165 - 61 has 2 samples
2023-02-09 19:49:12.841 | DEBUG    | algorithms.der_pp:train:165 - 9 has 2 samples
2023-02-09 19:49:12.842 | DEBUG    | algorithms.der_pp:train:165 - 32 has 2 samples
2023-02-09 19:49:12.843 | DEBUG    | algorithms.der_pp:train:165 - 56 has 2 samples
2023-02-09 19:49:12.844 | DEBUG    | algorithms.der_pp:train:165 - 27 has 2 samples
2023-02-09 19:49:12.844 | DEBUG    | algorithms.der_pp:train:165 - 46 has 2 samples
2023-02-09 19:49:12.845 | DEBUG    | algorithms.der_pp:train:165 - 91 has 2 samples
2023-02-09 19:49:12.846 | DEBUG    | algorithms.der_pp:train:165 - 24 has 2 samples
2023-02-09 19:49:12.846 | DEBUG    | algorithms.der_pp:train:165 - 1 has 2 samples
2023-02-09 19:49:12.847 | DEBUG    | algorithms.der_pp:train:165 - 66 has 2 samples
2023-02-09 19:49:12.848 | DEBUG    | algorithms.der_pp:train:165 - 79 has 2 samples
2023-02-09 19:49:12.849 | DEBUG    | algorithms.der_pp:train:165 - 35 has 2 samples
2023-02-09 19:49:12.849 | DEBUG    | algorithms.der_pp:train:165 - 83 has 2 samples
2023-02-09 19:49:12.850 | DEBUG    | algorithms.der_pp:train:165 - 13 has 2 samples
2023-02-09 19:49:12.851 | DEBUG    | algorithms.der_pp:train:165 - 88 has 2 samples
2023-02-09 19:49:12.852 | DEBUG    | algorithms.der_pp:train:165 - 33 has 2 samples
2023-02-09 19:49:12.852 | DEBUG    | algorithms.der_pp:train:165 - 86 has 2 samples
2023-02-09 19:49:12.853 | DEBUG    | algorithms.der_pp:train:165 - 52 has 2 samples
2023-02-09 19:49:12.854 | DEBUG    | algorithms.der_pp:train:165 - 68 has 2 samples
2023-02-09 19:49:12.854 | DEBUG    | algorithms.der_pp:train:165 - 31 has 2 samples
2023-02-09 19:49:12.855 | DEBUG    | algorithms.der_pp:train:165 - 34 has 2 samples
2023-02-09 19:49:12.856 | DEBUG    | algorithms.der_pp:train:165 - 42 has 2 samples
2023-02-09 19:49:12.857 | INFO     | algorithms.der_pp:train:170 - 1, loss: 4.560
2023-02-09 19:49:12.857 | INFO     | algorithms.algorithm_base:run_base_task_metrics:144 - Running metrics: Task 4
2023-02-09 19:49:16.930 | DEBUG    | algorithms.algorithm_base:run_base_task_metrics:200 - Raw classification accuracy results saved to ./output_cifar100_varied_sampling/der_pp/1675971968.2916667_CIFAR100_OFFICIAL_RUN/task_4_accuracy_results.json
2023-02-09 19:49:16.932 | INFO     | algorithms.algorithm_base:run_base_task_metrics:201 - Correctly classified 642 / 10000 samples (6.42% correct)
2023-02-09 19:49:17.310 | INFO     | algorithms.der_pp:train:178 - Training complete
2023-02-09 19:49:17.315 | INFO     | __main__:run_experiment:290 - Training and evaluation completed!
2023-02-09 19:49:17.316 | INFO     | __main__:run_experiment:304 - Wrote usage stats to file
2023-02-09 19:49:17.317 | INFO     | __main__:main:351 - Complete
2023-02-09 19:49:17.318 | INFO     | __main__:close_tensorboard_writer:252 - Shut down TensorBoard
