2023-01-12 09:34:21.615 | INFO     | __main__:setup_files:173 - Experiment Name: OFFICIAL_RUN
2023-01-12 09:34:21.617 | INFO     | __main__:main:278 - Command line arguments: Configuration(algorithm='der', dataset='cifar100', classes_per_task=20, seed=5953)
2023-01-12 09:34:21.618 | INFO     | __main__:main:282 - Seeded random to 5953
2023-01-12 09:34:21.619 | INFO     | __main__:main:286 - Got CUDA device
2023-01-12 09:34:21.620 | INFO     | __main__:force_cuda_load:221 - Forcing CUDA initialisation...
2023-01-12 09:34:21.679 | INFO     | __main__:main:290 - CUDA initialised
2023-01-12 09:34:21.680 | INFO     | __main__:setup_shutdown_hook:217 - To access TensorBoard, run the command: tensorboard --logdir=./output/der_pp/1673516061.6115024_CIFAR100_OFFICIAL_RUN
2023-01-12 09:34:21.682 | INFO     | __main__:main:294 - Setup shutdown hooks
2023-01-12 09:34:21.705 | INFO     | __main__:main:299 - Model is setup
2023-01-12 09:34:21.705 | INFO     | __main__:main:301 - Complete pre-setup, starting experiment
2023-01-12 09:34:22.926 | INFO     | datasets.dataset_base:__init__:80 - Using disjoint tasks with 20 (5 tasks) with a randomised split
2023-01-12 09:34:22.928 | DEBUG    | datasets.dataset_base:_setup_task_datasets:95 - Splitting dataset into 5 disjoint tasks
2023-01-12 09:34:22.947 | INFO     | datasets.dataset_base:__init__:85 - {
  "name": "datasets.cifar100.CIFAR100",
  "dataset_class": "torchvision.datasets.cifar.CIFAR100",
  "training_dataset_parameters": "{'train': True, 'download': True}",
  "testing_dataset_parameters": "{'train': False, 'download': True}",
  "training_transform": "Compose(\n    RandomCrop(size=(32, 32), padding=4)\n    RandomHorizontalFlip(p=0.5)\n    Resize(size=(32, 32), interpolation=bilinear, max_size=None, antialias=None)\n    ToTensor()\n    Normalize(mean=(0.5071, 0.4867, 0.4408), std=(0.2675, 0.2565, 0.2761))\n)",
  "testing_transform": "Compose(\n    Resize(size=(32, 32), interpolation=bilinear, max_size=None, antialias=None)\n    ToTensor()\n    Normalize(mean=(0.5071, 0.4867, 0.4408), std=(0.2675, 0.2565, 0.2761))\n)",
  "classes": "apple, aquarium_fish, baby, bear, beaver, bed, bee, beetle, bicycle, bottle, bowl, boy, bridge, bus, butterfly, camel, can, castle, caterpillar, cattle, chair, chimpanzee, clock, cloud, cockroach, couch, crab, crocodile, cup, dinosaur, dolphin, elephant, flatfish, forest, fox, girl, hamster, house, kangaroo, keyboard, lamp, lawn_mower, leopard, lion, lizard, lobster, man, maple_tree, motorcycle, mountain, mouse, mushroom, oak_tree, orange, orchid, otter, palm_tree, pear, pickup_truck, pine_tree, plain, plate, poppy, porcupine, possum, rabbit, raccoon, ray, road, rocket, rose, sea, seal, shark, shrew, skunk, skyscraper, snail, snake, spider, squirrel, streetcar, sunflower, sweet_pepper, table, tank, telephone, television, tiger, tractor, train, trout, tulip, turtle, wardrobe, whale, willow_tree, wolf, woman, worm",
  "disjoint": true,
  "task_count": 5,
  "classes_per_task": [
    20
  ],
  "task_split_indices": [
    [
      41,
      0,
      5,
      78,
      1,
      86,
      21,
      45,
      31,
      83,
      36,
      56,
      24,
      94,
      29,
      50,
      16,
      71,
      58,
      80
    ],
    [
      44,
      40,
      22,
      82,
      7,
      39,
      93,
      85,
      43,
      70,
      75,
      42,
      23,
      98,
      13,
      8,
      61,
      20,
      77,
      69
    ],
    [
      14,
      54,
      19,
      66,
      49,
      27,
      15,
      87,
      91,
      90,
      35,
      88,
      60,
      34,
      26,
      17,
      68,
      96,
      33,
      53
    ],
    [
      72,
      59,
      9,
      10,
      3,
      37,
      89,
      30,
      81,
      99,
      47,
      2,
      46,
      51,
      48,
      4,
      32,
      73,
      28,
      55
    ],
    [
      67,
      25,
      38,
      63,
      6,
      18,
      12,
      57,
      97,
      11,
      84,
      62,
      79,
      95,
      76,
      74,
      65,
      92,
      52,
      64
    ]
  ],
  "task_split_classes": [
    [
      "lawn_mower",
      "apple",
      "bed",
      "snake",
      "aquarium_fish",
      "telephone",
      "chimpanzee",
      "lobster",
      "elephant",
      "sweet_pepper",
      "hamster",
      "palm_tree",
      "cockroach",
      "wardrobe",
      "dinosaur",
      "mouse",
      "can",
      "sea",
      "pickup_truck",
      "squirrel"
    ],
    [
      "lizard",
      "lamp",
      "clock",
      "sunflower",
      "beetle",
      "keyboard",
      "turtle",
      "tank",
      "lion",
      "rose",
      "skunk",
      "leopard",
      "cloud",
      "woman",
      "bus",
      "bicycle",
      "plate",
      "chair",
      "snail",
      "rocket"
    ],
    [
      "butterfly",
      "orchid",
      "cattle",
      "raccoon",
      "mountain",
      "crocodile",
      "camel",
      "television",
      "trout",
      "train",
      "girl",
      "tiger",
      "plain",
      "fox",
      "crab",
      "castle",
      "road",
      "willow_tree",
      "forest",
      "orange"
    ],
    [
      "seal",
      "pine_tree",
      "bottle",
      "bowl",
      "bear",
      "house",
      "tractor",
      "dolphin",
      "streetcar",
      "worm",
      "maple_tree",
      "baby",
      "man",
      "mushroom",
      "motorcycle",
      "beaver",
      "flatfish",
      "shark",
      "cup",
      "otter"
    ],
    [
      "ray",
      "couch",
      "kangaroo",
      "porcupine",
      "bee",
      "caterpillar",
      "bridge",
      "pear",
      "wolf",
      "boy",
      "table",
      "poppy",
      "spider",
      "whale",
      "skyscraper",
      "shrew",
      "rabbit",
      "tulip",
      "oak_tree",
      "possum"
    ]
  ]
}
2023-01-12 09:34:22.954 | DEBUG    | __main__:run_experiment:245 - PID: 1996
2023-01-12 09:34:22.955 | INFO     | __main__:run_experiment:247 - Starting...
2023-01-12 09:34:22.956 | INFO     | algorithms.algorithm_base:train:116 - {
  "name": "algorithms.der_pp.DarkExperiencePlusPlus",
  "model_class": "models.cifar.resnet.ResNet",
  "device": "cuda:0",
  "dataset_class": "datasets.cifar100.CIFAR100",
  "optimiser_class": "torch.optim.sgd.SGD",
  "loss_criterion_class": "torch.nn.modules.loss.CrossEntropyLoss",
  "epochs_per_task": 1,
  "batch_size": 16,
  "max_memory_samples": 5000,
  "alpha": 0.5,
  "beta": 0
}
2023-01-12 09:34:22.958 | DEBUG    | algorithms.algorithm_base:_setup_training:109 - Model moved to cuda:0 and set to train mode
2023-01-12 09:34:22.959 | INFO     | algorithms.algorithm_base:train:118 - Starting training
2023-01-12 09:34:22.960 | INFO     | algorithms.der_pp:train:88 - Task 1 / 5
2023-01-12 09:34:22.961 | INFO     | algorithms.der_pp:train:89 - Classes in task: ['lawn_mower', 'apple', 'bed', 'snake', 'aquarium_fish', 'telephone', 'chimpanzee', 'lobster', 'elephant', 'sweet_pepper', 'hamster', 'palm_tree', 'cockroach', 'wardrobe', 'dinosaur', 'mouse', 'can', 'sea', 'pickup_truck', 'squirrel']
2023-01-12 09:34:22.962 | INFO     | algorithms.der_pp:train:96 - Starting epoch 1 / 1
2023-01-12 09:34:26.940 | INFO     | algorithms.der_pp:train:160 - 0:1:40, loss: 5.436
2023-01-12 09:34:28.954 | INFO     | algorithms.der_pp:train:160 - 0:1:80, loss: 4.963
2023-01-12 09:34:31.001 | INFO     | algorithms.der_pp:train:160 - 0:1:120, loss: 4.915
2023-01-12 09:34:33.044 | INFO     | algorithms.der_pp:train:160 - 0:1:160, loss: 4.680
2023-01-12 09:34:35.119 | INFO     | algorithms.der_pp:train:160 - 0:1:200, loss: 4.511
2023-01-12 09:34:37.166 | INFO     | algorithms.der_pp:train:160 - 0:1:240, loss: 4.353
2023-01-12 09:34:39.212 | INFO     | algorithms.der_pp:train:160 - 0:1:280, loss: 4.203
2023-01-12 09:34:41.261 | INFO     | algorithms.der_pp:train:160 - 0:1:320, loss: 4.295
2023-01-12 09:34:42.746 | WARNING  | algorithms.buffers:add_sample:156 - Duplicate hash: -4644046291976009954
2023-01-12 09:34:43.162 | WARNING  | algorithms.buffers:add_sample:156 - Duplicate hash: -1442541061617125161
2023-01-12 09:34:43.331 | INFO     | algorithms.der_pp:train:160 - 0:1:360, loss: 4.342
2023-01-12 09:34:43.423 | WARNING  | algorithms.buffers:add_sample:156 - Duplicate hash: -877404391023830462
2023-01-12 09:34:45.394 | INFO     | algorithms.der_pp:train:160 - 0:1:400, loss: 4.136
2023-01-12 09:34:47.463 | INFO     | algorithms.der_pp:train:160 - 0:1:440, loss: 4.156
2023-01-12 09:34:49.561 | INFO     | algorithms.der_pp:train:160 - 0:1:480, loss: 4.055
2023-01-12 09:34:51.640 | INFO     | algorithms.der_pp:train:160 - 0:1:520, loss: 3.957
2023-01-12 09:34:53.712 | INFO     | algorithms.der_pp:train:160 - 0:1:560, loss: 3.956
2023-01-12 09:34:55.791 | INFO     | algorithms.der_pp:train:160 - 0:1:600, loss: 3.922
2023-01-12 09:34:57.038 | DEBUG    | algorithms.der_pp:train:163 - Current sample stats:
2023-01-12 09:34:57.039 | DEBUG    | algorithms.der_pp:train:166 - 21 has 250 samples
2023-01-12 09:34:57.039 | DEBUG    | algorithms.der_pp:train:166 - 86 has 250 samples
2023-01-12 09:34:57.040 | DEBUG    | algorithms.der_pp:train:166 - 58 has 250 samples
2023-01-12 09:34:57.041 | DEBUG    | algorithms.der_pp:train:166 - 94 has 250 samples
2023-01-12 09:34:57.041 | DEBUG    | algorithms.der_pp:train:166 - 1 has 250 samples
2023-01-12 09:34:57.042 | DEBUG    | algorithms.der_pp:train:166 - 50 has 250 samples
2023-01-12 09:34:57.043 | DEBUG    | algorithms.der_pp:train:166 - 0 has 250 samples
2023-01-12 09:34:57.044 | DEBUG    | algorithms.der_pp:train:166 - 41 has 250 samples
2023-01-12 09:34:57.044 | DEBUG    | algorithms.der_pp:train:166 - 71 has 250 samples
2023-01-12 09:34:57.045 | DEBUG    | algorithms.der_pp:train:166 - 29 has 250 samples
2023-01-12 09:34:57.047 | DEBUG    | algorithms.der_pp:train:166 - 31 has 250 samples
2023-01-12 09:34:57.048 | DEBUG    | algorithms.der_pp:train:166 - 5 has 250 samples
2023-01-12 09:34:57.049 | DEBUG    | algorithms.der_pp:train:166 - 56 has 250 samples
2023-01-12 09:34:57.050 | DEBUG    | algorithms.der_pp:train:166 - 45 has 250 samples
2023-01-12 09:34:57.050 | DEBUG    | algorithms.der_pp:train:166 - 83 has 250 samples
2023-01-12 09:34:57.051 | DEBUG    | algorithms.der_pp:train:166 - 16 has 250 samples
2023-01-12 09:34:57.052 | DEBUG    | algorithms.der_pp:train:166 - 24 has 250 samples
2023-01-12 09:34:57.052 | DEBUG    | algorithms.der_pp:train:166 - 80 has 250 samples
2023-01-12 09:34:57.053 | DEBUG    | algorithms.der_pp:train:166 - 78 has 250 samples
2023-01-12 09:34:57.054 | DEBUG    | algorithms.der_pp:train:166 - 36 has 250 samples
2023-01-12 09:34:57.055 | INFO     | algorithms.der_pp:train:171 - 1, loss: 4.371
2023-01-12 09:34:57.055 | INFO     | algorithms.algorithm_base:run_base_task_metrics:146 - Running metrics: Task 0
2023-01-12 09:35:01.132 | DEBUG    | algorithms.algorithm_base:run_base_task_metrics:202 - Raw classification accuracy results saved to ./output/der_pp/1673516061.6115024_CIFAR100_OFFICIAL_RUN/task_0_accuracy_results.json
2023-01-12 09:35:01.134 | INFO     | algorithms.algorithm_base:run_base_task_metrics:203 - Correctly classified 552 / 10000 samples (5.52% correct)
2023-01-12 09:35:01.569 | INFO     | algorithms.der_pp:train:88 - Task 2 / 5
2023-01-12 09:35:01.574 | INFO     | algorithms.der_pp:train:89 - Classes in task: ['lizard', 'lamp', 'clock', 'sunflower', 'beetle', 'keyboard', 'turtle', 'tank', 'lion', 'rose', 'skunk', 'leopard', 'cloud', 'woman', 'bus', 'bicycle', 'plate', 'chair', 'snail', 'rocket']
2023-01-12 09:35:01.575 | INFO     | algorithms.der_pp:train:96 - Starting epoch 1 / 1
2023-01-12 09:35:03.713 | INFO     | algorithms.der_pp:train:160 - 1:1:40, loss: 5.471
2023-01-12 09:35:05.797 | INFO     | algorithms.der_pp:train:160 - 1:1:80, loss: 4.857
2023-01-12 09:35:07.873 | INFO     | algorithms.der_pp:train:160 - 1:1:120, loss: 4.652
2023-01-12 09:35:09.956 | INFO     | algorithms.der_pp:train:160 - 1:1:160, loss: 4.561
2023-01-12 09:35:12.037 | INFO     | algorithms.der_pp:train:160 - 1:1:200, loss: 4.463
2023-01-12 09:35:14.112 | INFO     | algorithms.der_pp:train:160 - 1:1:240, loss: 4.332
2023-01-12 09:35:16.198 | INFO     | algorithms.der_pp:train:160 - 1:1:280, loss: 4.298
2023-01-12 09:35:18.314 | INFO     | algorithms.der_pp:train:160 - 1:1:320, loss: 4.237
2023-01-12 09:35:20.389 | INFO     | algorithms.der_pp:train:160 - 1:1:360, loss: 4.207
2023-01-12 09:35:22.466 | INFO     | algorithms.der_pp:train:160 - 1:1:400, loss: 4.152
2023-01-12 09:35:24.545 | INFO     | algorithms.der_pp:train:160 - 1:1:440, loss: 4.022
2023-01-12 09:35:26.631 | INFO     | algorithms.der_pp:train:160 - 1:1:480, loss: 4.103
2023-01-12 09:35:28.713 | INFO     | algorithms.der_pp:train:160 - 1:1:520, loss: 3.994
2023-01-12 09:35:30.796 | INFO     | algorithms.der_pp:train:160 - 1:1:560, loss: 3.927
2023-01-12 09:35:32.879 | INFO     | algorithms.der_pp:train:160 - 1:1:600, loss: 3.874
2023-01-12 09:35:34.132 | DEBUG    | algorithms.der_pp:train:163 - Current sample stats:
2023-01-12 09:35:34.133 | DEBUG    | algorithms.der_pp:train:166 - 21 has 125 samples
2023-01-12 09:35:34.134 | DEBUG    | algorithms.der_pp:train:166 - 86 has 125 samples
2023-01-12 09:35:34.135 | DEBUG    | algorithms.der_pp:train:166 - 58 has 125 samples
2023-01-12 09:35:34.135 | DEBUG    | algorithms.der_pp:train:166 - 94 has 125 samples
2023-01-12 09:35:34.136 | DEBUG    | algorithms.der_pp:train:166 - 1 has 125 samples
2023-01-12 09:35:34.137 | DEBUG    | algorithms.der_pp:train:166 - 50 has 125 samples
2023-01-12 09:35:34.137 | DEBUG    | algorithms.der_pp:train:166 - 0 has 125 samples
2023-01-12 09:35:34.138 | DEBUG    | algorithms.der_pp:train:166 - 41 has 125 samples
2023-01-12 09:35:34.139 | DEBUG    | algorithms.der_pp:train:166 - 71 has 125 samples
2023-01-12 09:35:34.140 | DEBUG    | algorithms.der_pp:train:166 - 29 has 125 samples
2023-01-12 09:35:34.140 | DEBUG    | algorithms.der_pp:train:166 - 31 has 125 samples
2023-01-12 09:35:34.141 | DEBUG    | algorithms.der_pp:train:166 - 5 has 125 samples
2023-01-12 09:35:34.142 | DEBUG    | algorithms.der_pp:train:166 - 56 has 125 samples
2023-01-12 09:35:34.142 | DEBUG    | algorithms.der_pp:train:166 - 45 has 125 samples
2023-01-12 09:35:34.143 | DEBUG    | algorithms.der_pp:train:166 - 83 has 125 samples
2023-01-12 09:35:34.144 | DEBUG    | algorithms.der_pp:train:166 - 16 has 125 samples
2023-01-12 09:35:34.145 | DEBUG    | algorithms.der_pp:train:166 - 24 has 125 samples
2023-01-12 09:35:34.145 | DEBUG    | algorithms.der_pp:train:166 - 80 has 125 samples
2023-01-12 09:35:34.146 | DEBUG    | algorithms.der_pp:train:166 - 78 has 125 samples
2023-01-12 09:35:34.147 | DEBUG    | algorithms.der_pp:train:166 - 36 has 125 samples
2023-01-12 09:35:34.147 | DEBUG    | algorithms.der_pp:train:166 - 22 has 125 samples
2023-01-12 09:35:34.148 | DEBUG    | algorithms.der_pp:train:166 - 43 has 125 samples
2023-01-12 09:35:34.149 | DEBUG    | algorithms.der_pp:train:166 - 20 has 125 samples
2023-01-12 09:35:34.150 | DEBUG    | algorithms.der_pp:train:166 - 39 has 125 samples
2023-01-12 09:35:34.150 | DEBUG    | algorithms.der_pp:train:166 - 69 has 125 samples
2023-01-12 09:35:34.151 | DEBUG    | algorithms.der_pp:train:166 - 23 has 125 samples
2023-01-12 09:35:34.152 | DEBUG    | algorithms.der_pp:train:166 - 93 has 125 samples
2023-01-12 09:35:34.152 | DEBUG    | algorithms.der_pp:train:166 - 7 has 125 samples
2023-01-12 09:35:34.153 | DEBUG    | algorithms.der_pp:train:166 - 70 has 125 samples
2023-01-12 09:35:34.154 | DEBUG    | algorithms.der_pp:train:166 - 85 has 125 samples
2023-01-12 09:35:34.155 | DEBUG    | algorithms.der_pp:train:166 - 44 has 125 samples
2023-01-12 09:35:34.155 | DEBUG    | algorithms.der_pp:train:166 - 13 has 125 samples
2023-01-12 09:35:34.156 | DEBUG    | algorithms.der_pp:train:166 - 61 has 125 samples
2023-01-12 09:35:34.157 | DEBUG    | algorithms.der_pp:train:166 - 40 has 125 samples
2023-01-12 09:35:34.157 | DEBUG    | algorithms.der_pp:train:166 - 98 has 125 samples
2023-01-12 09:35:34.158 | DEBUG    | algorithms.der_pp:train:166 - 42 has 125 samples
2023-01-12 09:35:34.159 | DEBUG    | algorithms.der_pp:train:166 - 82 has 125 samples
2023-01-12 09:35:34.160 | DEBUG    | algorithms.der_pp:train:166 - 75 has 125 samples
2023-01-12 09:35:34.160 | DEBUG    | algorithms.der_pp:train:166 - 77 has 125 samples
2023-01-12 09:35:34.161 | DEBUG    | algorithms.der_pp:train:166 - 8 has 125 samples
2023-01-12 09:35:34.162 | INFO     | algorithms.der_pp:train:171 - 1, loss: 4.322
2023-01-12 09:35:34.163 | INFO     | algorithms.algorithm_base:run_base_task_metrics:146 - Running metrics: Task 1
2023-01-12 09:35:38.217 | DEBUG    | algorithms.algorithm_base:run_base_task_metrics:202 - Raw classification accuracy results saved to ./output/der_pp/1673516061.6115024_CIFAR100_OFFICIAL_RUN/task_1_accuracy_results.json
2023-01-12 09:35:38.219 | INFO     | algorithms.algorithm_base:run_base_task_metrics:203 - Correctly classified 619 / 10000 samples (6.19% correct)
2023-01-12 09:35:38.596 | INFO     | algorithms.der_pp:train:88 - Task 3 / 5
2023-01-12 09:35:38.601 | INFO     | algorithms.der_pp:train:89 - Classes in task: ['butterfly', 'orchid', 'cattle', 'raccoon', 'mountain', 'crocodile', 'camel', 'television', 'trout', 'train', 'girl', 'tiger', 'plain', 'fox', 'crab', 'castle', 'road', 'willow_tree', 'forest', 'orange']
2023-01-12 09:35:38.602 | INFO     | algorithms.der_pp:train:96 - Starting epoch 1 / 1
2023-01-12 09:35:40.739 | INFO     | algorithms.der_pp:train:160 - 2:1:40, loss: 5.557
2023-01-12 09:35:42.828 | INFO     | algorithms.der_pp:train:160 - 2:1:80, loss: 5.129
2023-01-12 09:35:44.909 | INFO     | algorithms.der_pp:train:160 - 2:1:120, loss: 4.789
2023-01-12 09:35:46.994 | INFO     | algorithms.der_pp:train:160 - 2:1:160, loss: 4.646
2023-01-12 09:35:49.074 | INFO     | algorithms.der_pp:train:160 - 2:1:200, loss: 4.530
2023-01-12 09:35:51.167 | INFO     | algorithms.der_pp:train:160 - 2:1:240, loss: 4.470
2023-01-12 09:35:53.248 | INFO     | algorithms.der_pp:train:160 - 2:1:280, loss: 4.357
2023-01-12 09:35:55.332 | INFO     | algorithms.der_pp:train:160 - 2:1:320, loss: 4.284
2023-01-12 09:35:57.416 | INFO     | algorithms.der_pp:train:160 - 2:1:360, loss: 4.225
2023-01-12 09:35:59.504 | INFO     | algorithms.der_pp:train:160 - 2:1:400, loss: 4.066
2023-01-12 09:36:01.591 | INFO     | algorithms.der_pp:train:160 - 2:1:440, loss: 4.077
2023-01-12 09:36:03.680 | INFO     | algorithms.der_pp:train:160 - 2:1:480, loss: 4.114
2023-01-12 09:36:05.771 | INFO     | algorithms.der_pp:train:160 - 2:1:520, loss: 4.046
2023-01-12 09:36:07.856 | INFO     | algorithms.der_pp:train:160 - 2:1:560, loss: 3.897
2023-01-12 09:36:09.946 | INFO     | algorithms.der_pp:train:160 - 2:1:600, loss: 3.895
2023-01-12 09:36:11.202 | DEBUG    | algorithms.der_pp:train:163 - Current sample stats:
2023-01-12 09:36:11.203 | DEBUG    | algorithms.der_pp:train:166 - 21 has 83 samples
2023-01-12 09:36:11.204 | DEBUG    | algorithms.der_pp:train:166 - 86 has 83 samples
2023-01-12 09:36:11.205 | DEBUG    | algorithms.der_pp:train:166 - 58 has 83 samples
2023-01-12 09:36:11.206 | DEBUG    | algorithms.der_pp:train:166 - 94 has 83 samples
2023-01-12 09:36:11.206 | DEBUG    | algorithms.der_pp:train:166 - 1 has 83 samples
2023-01-12 09:36:11.207 | DEBUG    | algorithms.der_pp:train:166 - 50 has 83 samples
2023-01-12 09:36:11.208 | DEBUG    | algorithms.der_pp:train:166 - 0 has 83 samples
2023-01-12 09:36:11.208 | DEBUG    | algorithms.der_pp:train:166 - 41 has 83 samples
2023-01-12 09:36:11.209 | DEBUG    | algorithms.der_pp:train:166 - 71 has 83 samples
2023-01-12 09:36:11.210 | DEBUG    | algorithms.der_pp:train:166 - 29 has 83 samples
2023-01-12 09:36:11.210 | DEBUG    | algorithms.der_pp:train:166 - 31 has 83 samples
2023-01-12 09:36:11.211 | DEBUG    | algorithms.der_pp:train:166 - 5 has 83 samples
2023-01-12 09:36:11.212 | DEBUG    | algorithms.der_pp:train:166 - 56 has 83 samples
2023-01-12 09:36:11.213 | DEBUG    | algorithms.der_pp:train:166 - 45 has 83 samples
2023-01-12 09:36:11.213 | DEBUG    | algorithms.der_pp:train:166 - 83 has 83 samples
2023-01-12 09:36:11.214 | DEBUG    | algorithms.der_pp:train:166 - 16 has 83 samples
2023-01-12 09:36:11.215 | DEBUG    | algorithms.der_pp:train:166 - 24 has 83 samples
2023-01-12 09:36:11.216 | DEBUG    | algorithms.der_pp:train:166 - 80 has 83 samples
2023-01-12 09:36:11.216 | DEBUG    | algorithms.der_pp:train:166 - 78 has 83 samples
2023-01-12 09:36:11.217 | DEBUG    | algorithms.der_pp:train:166 - 36 has 83 samples
2023-01-12 09:36:11.218 | DEBUG    | algorithms.der_pp:train:166 - 22 has 83 samples
2023-01-12 09:36:11.218 | DEBUG    | algorithms.der_pp:train:166 - 43 has 83 samples
2023-01-12 09:36:11.219 | DEBUG    | algorithms.der_pp:train:166 - 20 has 83 samples
2023-01-12 09:36:11.220 | DEBUG    | algorithms.der_pp:train:166 - 39 has 83 samples
2023-01-12 09:36:11.220 | DEBUG    | algorithms.der_pp:train:166 - 69 has 83 samples
2023-01-12 09:36:11.221 | DEBUG    | algorithms.der_pp:train:166 - 23 has 83 samples
2023-01-12 09:36:11.222 | DEBUG    | algorithms.der_pp:train:166 - 93 has 83 samples
2023-01-12 09:36:11.223 | DEBUG    | algorithms.der_pp:train:166 - 7 has 83 samples
2023-01-12 09:36:11.223 | DEBUG    | algorithms.der_pp:train:166 - 70 has 83 samples
2023-01-12 09:36:11.224 | DEBUG    | algorithms.der_pp:train:166 - 85 has 83 samples
2023-01-12 09:36:11.225 | DEBUG    | algorithms.der_pp:train:166 - 44 has 83 samples
2023-01-12 09:36:11.226 | DEBUG    | algorithms.der_pp:train:166 - 13 has 83 samples
2023-01-12 09:36:11.226 | DEBUG    | algorithms.der_pp:train:166 - 61 has 83 samples
2023-01-12 09:36:11.227 | DEBUG    | algorithms.der_pp:train:166 - 40 has 83 samples
2023-01-12 09:36:11.228 | DEBUG    | algorithms.der_pp:train:166 - 98 has 83 samples
2023-01-12 09:36:11.228 | DEBUG    | algorithms.der_pp:train:166 - 42 has 83 samples
2023-01-12 09:36:11.229 | DEBUG    | algorithms.der_pp:train:166 - 82 has 83 samples
2023-01-12 09:36:11.230 | DEBUG    | algorithms.der_pp:train:166 - 75 has 83 samples
2023-01-12 09:36:11.230 | DEBUG    | algorithms.der_pp:train:166 - 77 has 83 samples
2023-01-12 09:36:11.231 | DEBUG    | algorithms.der_pp:train:166 - 8 has 83 samples
2023-01-12 09:36:11.232 | DEBUG    | algorithms.der_pp:train:166 - 33 has 84 samples
2023-01-12 09:36:11.233 | DEBUG    | algorithms.der_pp:train:166 - 96 has 84 samples
2023-01-12 09:36:11.233 | DEBUG    | algorithms.der_pp:train:166 - 19 has 84 samples
2023-01-12 09:36:11.234 | DEBUG    | algorithms.der_pp:train:166 - 60 has 84 samples
2023-01-12 09:36:11.235 | DEBUG    | algorithms.der_pp:train:166 - 49 has 84 samples
2023-01-12 09:36:11.236 | DEBUG    | algorithms.der_pp:train:166 - 68 has 84 samples
2023-01-12 09:36:11.236 | DEBUG    | algorithms.der_pp:train:166 - 54 has 84 samples
2023-01-12 09:36:11.237 | DEBUG    | algorithms.der_pp:train:166 - 88 has 84 samples
2023-01-12 09:36:11.238 | DEBUG    | algorithms.der_pp:train:166 - 17 has 84 samples
2023-01-12 09:36:11.238 | DEBUG    | algorithms.der_pp:train:166 - 15 has 84 samples
2023-01-12 09:36:11.239 | DEBUG    | algorithms.der_pp:train:166 - 91 has 84 samples
2023-01-12 09:36:11.240 | DEBUG    | algorithms.der_pp:train:166 - 35 has 84 samples
2023-01-12 09:36:11.241 | DEBUG    | algorithms.der_pp:train:166 - 87 has 84 samples
2023-01-12 09:36:11.241 | DEBUG    | algorithms.der_pp:train:166 - 34 has 84 samples
2023-01-12 09:36:11.242 | DEBUG    | algorithms.der_pp:train:166 - 90 has 84 samples
2023-01-12 09:36:11.243 | DEBUG    | algorithms.der_pp:train:166 - 14 has 84 samples
2023-01-12 09:36:11.243 | DEBUG    | algorithms.der_pp:train:166 - 53 has 84 samples
2023-01-12 09:36:11.244 | DEBUG    | algorithms.der_pp:train:166 - 66 has 84 samples
2023-01-12 09:36:11.245 | DEBUG    | algorithms.der_pp:train:166 - 26 has 84 samples
2023-01-12 09:36:11.246 | DEBUG    | algorithms.der_pp:train:166 - 27 has 84 samples
2023-01-12 09:36:11.246 | INFO     | algorithms.der_pp:train:171 - 1, loss: 4.387
2023-01-12 09:36:11.247 | INFO     | algorithms.algorithm_base:run_base_task_metrics:146 - Running metrics: Task 2
2023-01-12 09:36:15.347 | DEBUG    | algorithms.algorithm_base:run_base_task_metrics:202 - Raw classification accuracy results saved to ./output/der_pp/1673516061.6115024_CIFAR100_OFFICIAL_RUN/task_2_accuracy_results.json
2023-01-12 09:36:15.348 | INFO     | algorithms.algorithm_base:run_base_task_metrics:203 - Correctly classified 648 / 10000 samples (6.48% correct)
2023-01-12 09:36:15.779 | INFO     | algorithms.der_pp:train:88 - Task 4 / 5
2023-01-12 09:36:15.784 | INFO     | algorithms.der_pp:train:89 - Classes in task: ['seal', 'pine_tree', 'bottle', 'bowl', 'bear', 'house', 'tractor', 'dolphin', 'streetcar', 'worm', 'maple_tree', 'baby', 'man', 'mushroom', 'motorcycle', 'beaver', 'flatfish', 'shark', 'cup', 'otter']
2023-01-12 09:36:15.785 | INFO     | algorithms.der_pp:train:96 - Starting epoch 1 / 1
2023-01-12 09:36:17.935 | INFO     | algorithms.der_pp:train:160 - 3:1:40, loss: 5.431
2023-01-12 09:36:20.034 | INFO     | algorithms.der_pp:train:160 - 3:1:80, loss: 5.300
2023-01-12 09:36:22.133 | INFO     | algorithms.der_pp:train:160 - 3:1:120, loss: 4.926
2023-01-12 09:36:24.223 | INFO     | algorithms.der_pp:train:160 - 3:1:160, loss: 4.829
2023-01-12 09:36:26.305 | INFO     | algorithms.der_pp:train:160 - 3:1:200, loss: 4.709
2023-01-12 09:36:28.385 | INFO     | algorithms.der_pp:train:160 - 3:1:240, loss: 4.616
2023-01-12 09:36:30.632 | INFO     | algorithms.der_pp:train:160 - 3:1:280, loss: 4.633
2023-01-12 09:36:32.723 | INFO     | algorithms.der_pp:train:160 - 3:1:320, loss: 4.530
2023-01-12 09:36:34.804 | INFO     | algorithms.der_pp:train:160 - 3:1:360, loss: 4.397
2023-01-12 09:36:36.901 | INFO     | algorithms.der_pp:train:160 - 3:1:400, loss: 4.387
2023-01-12 09:36:38.996 | INFO     | algorithms.der_pp:train:160 - 3:1:440, loss: 4.383
2023-01-12 09:36:41.085 | INFO     | algorithms.der_pp:train:160 - 3:1:480, loss: 4.327
2023-01-12 09:36:43.178 | INFO     | algorithms.der_pp:train:160 - 3:1:520, loss: 4.350
2023-01-12 09:36:44.474 | WARNING  | algorithms.buffers:add_sample:156 - Duplicate hash: 2007153685405295813
2023-01-12 09:36:45.277 | INFO     | algorithms.der_pp:train:160 - 3:1:560, loss: 4.260
2023-01-12 09:36:47.389 | INFO     | algorithms.der_pp:train:160 - 3:1:600, loss: 4.290
2023-01-12 09:36:48.649 | DEBUG    | algorithms.der_pp:train:163 - Current sample stats:
2023-01-12 09:36:48.650 | DEBUG    | algorithms.der_pp:train:166 - 21 has 62 samples
2023-01-12 09:36:48.650 | DEBUG    | algorithms.der_pp:train:166 - 86 has 62 samples
2023-01-12 09:36:48.651 | DEBUG    | algorithms.der_pp:train:166 - 58 has 62 samples
2023-01-12 09:36:48.652 | DEBUG    | algorithms.der_pp:train:166 - 94 has 62 samples
2023-01-12 09:36:48.652 | DEBUG    | algorithms.der_pp:train:166 - 1 has 62 samples
2023-01-12 09:36:48.653 | DEBUG    | algorithms.der_pp:train:166 - 50 has 62 samples
2023-01-12 09:36:48.654 | DEBUG    | algorithms.der_pp:train:166 - 0 has 62 samples
2023-01-12 09:36:48.655 | DEBUG    | algorithms.der_pp:train:166 - 41 has 62 samples
2023-01-12 09:36:48.655 | DEBUG    | algorithms.der_pp:train:166 - 71 has 62 samples
2023-01-12 09:36:48.656 | DEBUG    | algorithms.der_pp:train:166 - 29 has 62 samples
2023-01-12 09:36:48.657 | DEBUG    | algorithms.der_pp:train:166 - 31 has 62 samples
2023-01-12 09:36:48.658 | DEBUG    | algorithms.der_pp:train:166 - 5 has 62 samples
2023-01-12 09:36:48.658 | DEBUG    | algorithms.der_pp:train:166 - 56 has 62 samples
2023-01-12 09:36:48.659 | DEBUG    | algorithms.der_pp:train:166 - 45 has 62 samples
2023-01-12 09:36:48.660 | DEBUG    | algorithms.der_pp:train:166 - 83 has 62 samples
2023-01-12 09:36:48.660 | DEBUG    | algorithms.der_pp:train:166 - 16 has 62 samples
2023-01-12 09:36:48.661 | DEBUG    | algorithms.der_pp:train:166 - 24 has 62 samples
2023-01-12 09:36:48.662 | DEBUG    | algorithms.der_pp:train:166 - 80 has 62 samples
2023-01-12 09:36:48.663 | DEBUG    | algorithms.der_pp:train:166 - 78 has 62 samples
2023-01-12 09:36:48.663 | DEBUG    | algorithms.der_pp:train:166 - 36 has 62 samples
2023-01-12 09:36:48.664 | DEBUG    | algorithms.der_pp:train:166 - 22 has 62 samples
2023-01-12 09:36:48.665 | DEBUG    | algorithms.der_pp:train:166 - 43 has 62 samples
2023-01-12 09:36:48.666 | DEBUG    | algorithms.der_pp:train:166 - 20 has 62 samples
2023-01-12 09:36:48.666 | DEBUG    | algorithms.der_pp:train:166 - 39 has 62 samples
2023-01-12 09:36:48.667 | DEBUG    | algorithms.der_pp:train:166 - 69 has 62 samples
2023-01-12 09:36:48.668 | DEBUG    | algorithms.der_pp:train:166 - 23 has 62 samples
2023-01-12 09:36:48.668 | DEBUG    | algorithms.der_pp:train:166 - 93 has 62 samples
2023-01-12 09:36:48.669 | DEBUG    | algorithms.der_pp:train:166 - 7 has 62 samples
2023-01-12 09:36:48.670 | DEBUG    | algorithms.der_pp:train:166 - 70 has 62 samples
2023-01-12 09:36:48.671 | DEBUG    | algorithms.der_pp:train:166 - 85 has 62 samples
2023-01-12 09:36:48.671 | DEBUG    | algorithms.der_pp:train:166 - 44 has 62 samples
2023-01-12 09:36:48.672 | DEBUG    | algorithms.der_pp:train:166 - 13 has 62 samples
2023-01-12 09:36:48.673 | DEBUG    | algorithms.der_pp:train:166 - 61 has 62 samples
2023-01-12 09:36:48.673 | DEBUG    | algorithms.der_pp:train:166 - 40 has 62 samples
2023-01-12 09:36:48.674 | DEBUG    | algorithms.der_pp:train:166 - 98 has 62 samples
2023-01-12 09:36:48.675 | DEBUG    | algorithms.der_pp:train:166 - 42 has 62 samples
2023-01-12 09:36:48.676 | DEBUG    | algorithms.der_pp:train:166 - 82 has 62 samples
2023-01-12 09:36:48.676 | DEBUG    | algorithms.der_pp:train:166 - 75 has 62 samples
2023-01-12 09:36:48.677 | DEBUG    | algorithms.der_pp:train:166 - 77 has 62 samples
2023-01-12 09:36:48.678 | DEBUG    | algorithms.der_pp:train:166 - 8 has 62 samples
2023-01-12 09:36:48.678 | DEBUG    | algorithms.der_pp:train:166 - 33 has 63 samples
2023-01-12 09:36:48.679 | DEBUG    | algorithms.der_pp:train:166 - 96 has 63 samples
2023-01-12 09:36:48.680 | DEBUG    | algorithms.der_pp:train:166 - 19 has 63 samples
2023-01-12 09:36:48.681 | DEBUG    | algorithms.der_pp:train:166 - 60 has 63 samples
2023-01-12 09:36:48.681 | DEBUG    | algorithms.der_pp:train:166 - 49 has 63 samples
2023-01-12 09:36:48.682 | DEBUG    | algorithms.der_pp:train:166 - 68 has 63 samples
2023-01-12 09:36:48.683 | DEBUG    | algorithms.der_pp:train:166 - 54 has 63 samples
2023-01-12 09:36:48.683 | DEBUG    | algorithms.der_pp:train:166 - 88 has 63 samples
2023-01-12 09:36:48.684 | DEBUG    | algorithms.der_pp:train:166 - 17 has 63 samples
2023-01-12 09:36:48.685 | DEBUG    | algorithms.der_pp:train:166 - 15 has 63 samples
2023-01-12 09:36:48.686 | DEBUG    | algorithms.der_pp:train:166 - 91 has 63 samples
2023-01-12 09:36:48.686 | DEBUG    | algorithms.der_pp:train:166 - 35 has 63 samples
2023-01-12 09:36:48.687 | DEBUG    | algorithms.der_pp:train:166 - 87 has 63 samples
2023-01-12 09:36:48.688 | DEBUG    | algorithms.der_pp:train:166 - 34 has 63 samples
2023-01-12 09:36:48.688 | DEBUG    | algorithms.der_pp:train:166 - 90 has 63 samples
2023-01-12 09:36:48.689 | DEBUG    | algorithms.der_pp:train:166 - 14 has 63 samples
2023-01-12 09:36:48.690 | DEBUG    | algorithms.der_pp:train:166 - 53 has 63 samples
2023-01-12 09:36:48.691 | DEBUG    | algorithms.der_pp:train:166 - 66 has 63 samples
2023-01-12 09:36:48.691 | DEBUG    | algorithms.der_pp:train:166 - 26 has 63 samples
2023-01-12 09:36:48.692 | DEBUG    | algorithms.der_pp:train:166 - 27 has 63 samples
2023-01-12 09:36:48.693 | DEBUG    | algorithms.der_pp:train:166 - 89 has 63 samples
2023-01-12 09:36:48.693 | DEBUG    | algorithms.der_pp:train:166 - 32 has 63 samples
2023-01-12 09:36:48.694 | DEBUG    | algorithms.der_pp:train:166 - 30 has 63 samples
2023-01-12 09:36:48.695 | DEBUG    | algorithms.der_pp:train:166 - 99 has 63 samples
2023-01-12 09:36:48.696 | DEBUG    | algorithms.der_pp:train:166 - 9 has 63 samples
2023-01-12 09:36:48.696 | DEBUG    | algorithms.der_pp:train:166 - 81 has 63 samples
2023-01-12 09:36:48.697 | DEBUG    | algorithms.der_pp:train:166 - 72 has 63 samples
2023-01-12 09:36:48.698 | DEBUG    | algorithms.der_pp:train:166 - 47 has 63 samples
2023-01-12 09:36:48.699 | DEBUG    | algorithms.der_pp:train:166 - 51 has 63 samples
2023-01-12 09:36:48.699 | DEBUG    | algorithms.der_pp:train:166 - 28 has 63 samples
2023-01-12 09:36:48.700 | DEBUG    | algorithms.der_pp:train:166 - 48 has 63 samples
2023-01-12 09:36:48.701 | DEBUG    | algorithms.der_pp:train:166 - 73 has 63 samples
2023-01-12 09:36:48.701 | DEBUG    | algorithms.der_pp:train:166 - 46 has 63 samples
2023-01-12 09:36:48.702 | DEBUG    | algorithms.der_pp:train:166 - 3 has 63 samples
2023-01-12 09:36:48.703 | DEBUG    | algorithms.der_pp:train:166 - 55 has 63 samples
2023-01-12 09:36:48.704 | DEBUG    | algorithms.der_pp:train:166 - 10 has 63 samples
2023-01-12 09:36:48.704 | DEBUG    | algorithms.der_pp:train:166 - 4 has 63 samples
2023-01-12 09:36:48.705 | DEBUG    | algorithms.der_pp:train:166 - 2 has 63 samples
2023-01-12 09:36:48.706 | DEBUG    | algorithms.der_pp:train:166 - 37 has 63 samples
2023-01-12 09:36:48.706 | DEBUG    | algorithms.der_pp:train:166 - 59 has 63 samples
2023-01-12 09:36:48.707 | INFO     | algorithms.der_pp:train:171 - 1, loss: 4.612
2023-01-12 09:36:48.708 | INFO     | algorithms.algorithm_base:run_base_task_metrics:146 - Running metrics: Task 3
2023-01-12 09:36:52.784 | DEBUG    | algorithms.algorithm_base:run_base_task_metrics:202 - Raw classification accuracy results saved to ./output/der_pp/1673516061.6115024_CIFAR100_OFFICIAL_RUN/task_3_accuracy_results.json
2023-01-12 09:36:52.786 | INFO     | algorithms.algorithm_base:run_base_task_metrics:203 - Correctly classified 565 / 10000 samples (5.65% correct)
2023-01-12 09:36:53.152 | INFO     | algorithms.der_pp:train:88 - Task 5 / 5
2023-01-12 09:36:53.157 | INFO     | algorithms.der_pp:train:89 - Classes in task: ['ray', 'couch', 'kangaroo', 'porcupine', 'bee', 'caterpillar', 'bridge', 'pear', 'wolf', 'boy', 'table', 'poppy', 'spider', 'whale', 'skyscraper', 'shrew', 'rabbit', 'tulip', 'oak_tree', 'possum']
2023-01-12 09:36:53.158 | INFO     | algorithms.der_pp:train:96 - Starting epoch 1 / 1
2023-01-12 09:36:55.314 | INFO     | algorithms.der_pp:train:160 - 4:1:40, loss: 5.730
2023-01-12 09:36:57.420 | INFO     | algorithms.der_pp:train:160 - 4:1:80, loss: 5.180
2023-01-12 09:36:59.518 | INFO     | algorithms.der_pp:train:160 - 4:1:120, loss: 4.912
2023-01-12 09:37:01.616 | INFO     | algorithms.der_pp:train:160 - 4:1:160, loss: 4.659
2023-01-12 09:37:03.707 | INFO     | algorithms.der_pp:train:160 - 4:1:200, loss: 4.669
2023-01-12 09:37:05.801 | INFO     | algorithms.der_pp:train:160 - 4:1:240, loss: 4.369
2023-01-12 09:37:07.892 | INFO     | algorithms.der_pp:train:160 - 4:1:280, loss: 4.354
2023-01-12 09:37:09.993 | INFO     | algorithms.der_pp:train:160 - 4:1:320, loss: 4.408
2023-01-12 09:37:12.091 | INFO     | algorithms.der_pp:train:160 - 4:1:360, loss: 4.292
2023-01-12 09:37:14.181 | INFO     | algorithms.der_pp:train:160 - 4:1:400, loss: 4.310
2023-01-12 09:37:16.274 | INFO     | algorithms.der_pp:train:160 - 4:1:440, loss: 4.203
2023-01-12 09:37:18.369 | INFO     | algorithms.der_pp:train:160 - 4:1:480, loss: 4.060
2023-01-12 09:37:20.464 | INFO     | algorithms.der_pp:train:160 - 4:1:520, loss: 4.139
2023-01-12 09:37:22.562 | INFO     | algorithms.der_pp:train:160 - 4:1:560, loss: 4.006
2023-01-12 09:37:24.660 | INFO     | algorithms.der_pp:train:160 - 4:1:600, loss: 3.981
2023-01-12 09:37:25.922 | DEBUG    | algorithms.der_pp:train:163 - Current sample stats:
2023-01-12 09:37:25.922 | DEBUG    | algorithms.der_pp:train:166 - 21 has 50 samples
2023-01-12 09:37:25.923 | DEBUG    | algorithms.der_pp:train:166 - 86 has 50 samples
2023-01-12 09:37:25.924 | DEBUG    | algorithms.der_pp:train:166 - 58 has 50 samples
2023-01-12 09:37:25.924 | DEBUG    | algorithms.der_pp:train:166 - 94 has 50 samples
2023-01-12 09:37:25.925 | DEBUG    | algorithms.der_pp:train:166 - 1 has 50 samples
2023-01-12 09:37:25.926 | DEBUG    | algorithms.der_pp:train:166 - 50 has 50 samples
2023-01-12 09:37:25.927 | DEBUG    | algorithms.der_pp:train:166 - 0 has 50 samples
2023-01-12 09:37:25.927 | DEBUG    | algorithms.der_pp:train:166 - 41 has 50 samples
2023-01-12 09:37:25.928 | DEBUG    | algorithms.der_pp:train:166 - 71 has 50 samples
2023-01-12 09:37:25.929 | DEBUG    | algorithms.der_pp:train:166 - 29 has 50 samples
2023-01-12 09:37:25.929 | DEBUG    | algorithms.der_pp:train:166 - 31 has 50 samples
2023-01-12 09:37:25.930 | DEBUG    | algorithms.der_pp:train:166 - 5 has 50 samples
2023-01-12 09:37:25.931 | DEBUG    | algorithms.der_pp:train:166 - 56 has 50 samples
2023-01-12 09:37:25.932 | DEBUG    | algorithms.der_pp:train:166 - 45 has 50 samples
2023-01-12 09:37:25.932 | DEBUG    | algorithms.der_pp:train:166 - 83 has 50 samples
2023-01-12 09:37:25.933 | DEBUG    | algorithms.der_pp:train:166 - 16 has 50 samples
2023-01-12 09:37:25.934 | DEBUG    | algorithms.der_pp:train:166 - 24 has 50 samples
2023-01-12 09:37:25.935 | DEBUG    | algorithms.der_pp:train:166 - 80 has 50 samples
2023-01-12 09:37:25.935 | DEBUG    | algorithms.der_pp:train:166 - 78 has 50 samples
2023-01-12 09:37:25.936 | DEBUG    | algorithms.der_pp:train:166 - 36 has 50 samples
2023-01-12 09:37:25.937 | DEBUG    | algorithms.der_pp:train:166 - 22 has 50 samples
2023-01-12 09:37:25.937 | DEBUG    | algorithms.der_pp:train:166 - 43 has 50 samples
2023-01-12 09:37:25.938 | DEBUG    | algorithms.der_pp:train:166 - 20 has 50 samples
2023-01-12 09:37:25.939 | DEBUG    | algorithms.der_pp:train:166 - 39 has 50 samples
2023-01-12 09:37:25.940 | DEBUG    | algorithms.der_pp:train:166 - 69 has 50 samples
2023-01-12 09:37:25.940 | DEBUG    | algorithms.der_pp:train:166 - 23 has 50 samples
2023-01-12 09:37:25.941 | DEBUG    | algorithms.der_pp:train:166 - 93 has 50 samples
2023-01-12 09:37:25.942 | DEBUG    | algorithms.der_pp:train:166 - 7 has 50 samples
2023-01-12 09:37:25.942 | DEBUG    | algorithms.der_pp:train:166 - 70 has 50 samples
2023-01-12 09:37:25.943 | DEBUG    | algorithms.der_pp:train:166 - 85 has 50 samples
2023-01-12 09:37:25.944 | DEBUG    | algorithms.der_pp:train:166 - 44 has 50 samples
2023-01-12 09:37:25.945 | DEBUG    | algorithms.der_pp:train:166 - 13 has 50 samples
2023-01-12 09:37:25.945 | DEBUG    | algorithms.der_pp:train:166 - 61 has 50 samples
2023-01-12 09:37:25.946 | DEBUG    | algorithms.der_pp:train:166 - 40 has 50 samples
2023-01-12 09:37:25.947 | DEBUG    | algorithms.der_pp:train:166 - 98 has 50 samples
2023-01-12 09:37:25.947 | DEBUG    | algorithms.der_pp:train:166 - 42 has 50 samples
2023-01-12 09:37:25.948 | DEBUG    | algorithms.der_pp:train:166 - 82 has 50 samples
2023-01-12 09:37:25.949 | DEBUG    | algorithms.der_pp:train:166 - 75 has 50 samples
2023-01-12 09:37:25.950 | DEBUG    | algorithms.der_pp:train:166 - 77 has 50 samples
2023-01-12 09:37:25.950 | DEBUG    | algorithms.der_pp:train:166 - 8 has 50 samples
2023-01-12 09:37:25.951 | DEBUG    | algorithms.der_pp:train:166 - 33 has 50 samples
2023-01-12 09:37:25.952 | DEBUG    | algorithms.der_pp:train:166 - 96 has 50 samples
2023-01-12 09:37:25.952 | DEBUG    | algorithms.der_pp:train:166 - 19 has 50 samples
2023-01-12 09:37:25.953 | DEBUG    | algorithms.der_pp:train:166 - 60 has 50 samples
2023-01-12 09:37:25.954 | DEBUG    | algorithms.der_pp:train:166 - 49 has 50 samples
2023-01-12 09:37:25.955 | DEBUG    | algorithms.der_pp:train:166 - 68 has 50 samples
2023-01-12 09:37:25.955 | DEBUG    | algorithms.der_pp:train:166 - 54 has 50 samples
2023-01-12 09:37:25.956 | DEBUG    | algorithms.der_pp:train:166 - 88 has 50 samples
2023-01-12 09:37:25.957 | DEBUG    | algorithms.der_pp:train:166 - 17 has 50 samples
2023-01-12 09:37:25.957 | DEBUG    | algorithms.der_pp:train:166 - 15 has 50 samples
2023-01-12 09:37:25.958 | DEBUG    | algorithms.der_pp:train:166 - 91 has 50 samples
2023-01-12 09:37:25.959 | DEBUG    | algorithms.der_pp:train:166 - 35 has 50 samples
2023-01-12 09:37:25.960 | DEBUG    | algorithms.der_pp:train:166 - 87 has 50 samples
2023-01-12 09:37:25.960 | DEBUG    | algorithms.der_pp:train:166 - 34 has 50 samples
2023-01-12 09:37:25.961 | DEBUG    | algorithms.der_pp:train:166 - 90 has 50 samples
2023-01-12 09:37:25.962 | DEBUG    | algorithms.der_pp:train:166 - 14 has 50 samples
2023-01-12 09:37:25.962 | DEBUG    | algorithms.der_pp:train:166 - 53 has 50 samples
2023-01-12 09:37:25.963 | DEBUG    | algorithms.der_pp:train:166 - 66 has 50 samples
2023-01-12 09:37:25.964 | DEBUG    | algorithms.der_pp:train:166 - 26 has 50 samples
2023-01-12 09:37:25.965 | DEBUG    | algorithms.der_pp:train:166 - 27 has 50 samples
2023-01-12 09:37:25.965 | DEBUG    | algorithms.der_pp:train:166 - 89 has 50 samples
2023-01-12 09:37:25.966 | DEBUG    | algorithms.der_pp:train:166 - 32 has 50 samples
2023-01-12 09:37:25.967 | DEBUG    | algorithms.der_pp:train:166 - 30 has 50 samples
2023-01-12 09:37:25.967 | DEBUG    | algorithms.der_pp:train:166 - 99 has 50 samples
2023-01-12 09:37:25.968 | DEBUG    | algorithms.der_pp:train:166 - 9 has 50 samples
2023-01-12 09:37:25.969 | DEBUG    | algorithms.der_pp:train:166 - 81 has 50 samples
2023-01-12 09:37:25.970 | DEBUG    | algorithms.der_pp:train:166 - 72 has 50 samples
2023-01-12 09:37:25.970 | DEBUG    | algorithms.der_pp:train:166 - 47 has 50 samples
2023-01-12 09:37:25.971 | DEBUG    | algorithms.der_pp:train:166 - 51 has 50 samples
2023-01-12 09:37:25.972 | DEBUG    | algorithms.der_pp:train:166 - 28 has 50 samples
2023-01-12 09:37:25.973 | DEBUG    | algorithms.der_pp:train:166 - 48 has 50 samples
2023-01-12 09:37:25.973 | DEBUG    | algorithms.der_pp:train:166 - 73 has 50 samples
2023-01-12 09:37:25.974 | DEBUG    | algorithms.der_pp:train:166 - 46 has 50 samples
2023-01-12 09:37:25.975 | DEBUG    | algorithms.der_pp:train:166 - 3 has 50 samples
2023-01-12 09:37:25.975 | DEBUG    | algorithms.der_pp:train:166 - 55 has 50 samples
2023-01-12 09:37:25.976 | DEBUG    | algorithms.der_pp:train:166 - 10 has 50 samples
2023-01-12 09:37:25.977 | DEBUG    | algorithms.der_pp:train:166 - 4 has 50 samples
2023-01-12 09:37:25.978 | DEBUG    | algorithms.der_pp:train:166 - 2 has 50 samples
2023-01-12 09:37:25.978 | DEBUG    | algorithms.der_pp:train:166 - 37 has 50 samples
2023-01-12 09:37:25.979 | DEBUG    | algorithms.der_pp:train:166 - 59 has 50 samples
2023-01-12 09:37:25.980 | DEBUG    | algorithms.der_pp:train:166 - 74 has 50 samples
2023-01-12 09:37:25.980 | DEBUG    | algorithms.der_pp:train:166 - 64 has 50 samples
2023-01-12 09:37:25.981 | DEBUG    | algorithms.der_pp:train:166 - 11 has 50 samples
2023-01-12 09:37:25.982 | DEBUG    | algorithms.der_pp:train:166 - 97 has 50 samples
2023-01-12 09:37:25.983 | DEBUG    | algorithms.der_pp:train:166 - 65 has 50 samples
2023-01-12 09:37:25.983 | DEBUG    | algorithms.der_pp:train:166 - 18 has 50 samples
2023-01-12 09:37:25.984 | DEBUG    | algorithms.der_pp:train:166 - 52 has 50 samples
2023-01-12 09:37:25.985 | DEBUG    | algorithms.der_pp:train:166 - 95 has 50 samples
2023-01-12 09:37:25.985 | DEBUG    | algorithms.der_pp:train:166 - 79 has 50 samples
2023-01-12 09:37:25.986 | DEBUG    | algorithms.der_pp:train:166 - 63 has 50 samples
2023-01-12 09:37:25.987 | DEBUG    | algorithms.der_pp:train:166 - 57 has 50 samples
2023-01-12 09:37:25.988 | DEBUG    | algorithms.der_pp:train:166 - 6 has 50 samples
2023-01-12 09:37:25.988 | DEBUG    | algorithms.der_pp:train:166 - 67 has 50 samples
2023-01-12 09:37:25.989 | DEBUG    | algorithms.der_pp:train:166 - 12 has 50 samples
2023-01-12 09:37:25.990 | DEBUG    | algorithms.der_pp:train:166 - 84 has 50 samples
2023-01-12 09:37:25.990 | DEBUG    | algorithms.der_pp:train:166 - 92 has 50 samples
2023-01-12 09:37:25.991 | DEBUG    | algorithms.der_pp:train:166 - 76 has 50 samples
2023-01-12 09:37:25.992 | DEBUG    | algorithms.der_pp:train:166 - 38 has 50 samples
2023-01-12 09:37:25.993 | DEBUG    | algorithms.der_pp:train:166 - 62 has 50 samples
2023-01-12 09:37:25.993 | DEBUG    | algorithms.der_pp:train:166 - 25 has 50 samples
2023-01-12 09:37:25.994 | INFO     | algorithms.der_pp:train:171 - 1, loss: 4.465
2023-01-12 09:37:25.995 | INFO     | algorithms.algorithm_base:run_base_task_metrics:146 - Running metrics: Task 4
2023-01-12 09:37:30.082 | DEBUG    | algorithms.algorithm_base:run_base_task_metrics:202 - Raw classification accuracy results saved to ./output/der_pp/1673516061.6115024_CIFAR100_OFFICIAL_RUN/task_4_accuracy_results.json
2023-01-12 09:37:30.084 | INFO     | algorithms.algorithm_base:run_base_task_metrics:203 - Correctly classified 603 / 10000 samples (6.03% correct)
2023-01-12 09:37:30.468 | INFO     | algorithms.der_pp:train:179 - Training complete
2023-01-12 09:37:30.473 | INFO     | __main__:run_experiment:253 - Training and evaluation completed!
2023-01-12 09:37:30.474 | INFO     | __main__:run_experiment:267 - Wrote usage stats to file
2023-01-12 09:37:30.475 | INFO     | __main__:main:307 - Complete
2023-01-12 09:37:30.476 | INFO     | __main__:close_tensorboard_writer:215 - Shut down TensorBoard
