2023-04-15 02:42:36.580 | INFO     | __main__:setup_files:218 - Experiment Name: OFFICIAL_RUN
2023-04-15 02:42:36.581 | INFO     | __main__:main:334 - Command line arguments: Configuration(algorithm='scr', dataset='cifar100', classes_per_task=20, seed=2214, samples=2000)
2023-04-15 02:42:36.583 | INFO     | __main__:main:338 - Seeded random to 2214
2023-04-15 02:42:36.584 | INFO     | __main__:main:342 - Got CUDA device
2023-04-15 02:42:36.585 | INFO     | __main__:force_cuda_load:268 - Forcing CUDA initialisation...
2023-04-15 02:42:36.640 | INFO     | __main__:main:346 - CUDA initialised
2023-04-15 02:42:36.641 | INFO     | __main__:setup_shutdown_hook:264 - To access TensorBoard, run the command: tensorboard --logdir=./output_cifar100_varied_sampling/scr/1681522956.5765138_CIFAR100_OFFICIAL_RUN
2023-04-15 02:42:36.642 | INFO     | __main__:main:350 - Setup shutdown hooks
2023-04-15 02:42:36.666 | INFO     | __main__:main:355 - Model is setup
2023-04-15 02:42:36.667 | INFO     | __main__:main:357 - Complete pre-setup, starting experiment
2023-04-15 02:42:37.868 | INFO     | datasets.dataset_base:__init__:80 - Using disjoint tasks with 20 (5 tasks) with a randomised split
2023-04-15 02:42:37.870 | DEBUG    | datasets.dataset_base:_setup_task_datasets:95 - Splitting dataset into 5 disjoint tasks
2023-04-15 02:42:37.889 | INFO     | datasets.dataset_base:__init__:85 - {
  "name": "datasets.cifar100.CIFAR100",
  "dataset_class": "torchvision.datasets.cifar.CIFAR100",
  "training_dataset_parameters": "{'train': True, 'download': True}",
  "testing_dataset_parameters": "{'train': False, 'download': True}",
  "training_transform": "Compose(\n    Resize(size=(32, 32), interpolation=bilinear, max_size=None, antialias=None)\n    ToTensor()\n    Normalize(mean=(0.5071, 0.4867, 0.4408), std=(0.2675, 0.2565, 0.2761))\n    RandomCrop(size=(32, 32), padding=4)\n    RandomHorizontalFlip(p=0.5)\n)",
  "testing_transform": "Compose(\n    Resize(size=(32, 32), interpolation=bilinear, max_size=None, antialias=None)\n    ToTensor()\n    Normalize(mean=(0.5071, 0.4867, 0.4408), std=(0.2675, 0.2565, 0.2761))\n)",
  "classes": "apple, aquarium_fish, baby, bear, beaver, bed, bee, beetle, bicycle, bottle, bowl, boy, bridge, bus, butterfly, camel, can, castle, caterpillar, cattle, chair, chimpanzee, clock, cloud, cockroach, couch, crab, crocodile, cup, dinosaur, dolphin, elephant, flatfish, forest, fox, girl, hamster, house, kangaroo, keyboard, lamp, lawn_mower, leopard, lion, lizard, lobster, man, maple_tree, motorcycle, mountain, mouse, mushroom, oak_tree, orange, orchid, otter, palm_tree, pear, pickup_truck, pine_tree, plain, plate, poppy, porcupine, possum, rabbit, raccoon, ray, road, rocket, rose, sea, seal, shark, shrew, skunk, skyscraper, snail, snake, spider, squirrel, streetcar, sunflower, sweet_pepper, table, tank, telephone, television, tiger, tractor, train, trout, tulip, turtle, wardrobe, whale, willow_tree, wolf, woman, worm",
  "disjoint": true,
  "task_count": 5,
  "classes_per_task": [
    20
  ],
  "task_split_indices": [
    [
      83,
      48,
      78,
      11,
      67,
      62,
      66,
      85,
      2,
      53,
      76,
      96,
      17,
      92,
      3,
      63,
      97,
      45,
      61,
      6
    ],
    [
      77,
      13,
      90,
      75,
      44,
      18,
      98,
      8,
      91,
      64,
      4,
      57,
      24,
      80,
      25,
      1,
      99,
      21,
      46,
      95
    ],
    [
      86,
      42,
      22,
      65,
      58,
      20,
      9,
      87,
      79,
      27,
      29,
      7,
      51,
      37,
      50,
      38,
      40,
      60,
      68,
      15
    ],
    [
      84,
      32,
      49,
      41,
      30,
      69,
      33,
      82,
      55,
      93,
      28,
      26,
      0,
      52,
      36,
      39,
      94,
      70,
      43,
      72
    ],
    [
      81,
      5,
      74,
      10,
      73,
      71,
      23,
      34,
      47,
      14,
      88,
      54,
      31,
      19,
      16,
      56,
      12,
      59,
      89,
      35
    ]
  ],
  "task_split_classes": [
    [
      "sweet_pepper",
      "motorcycle",
      "snake",
      "boy",
      "ray",
      "poppy",
      "raccoon",
      "tank",
      "baby",
      "orange",
      "skyscraper",
      "willow_tree",
      "castle",
      "tulip",
      "bear",
      "porcupine",
      "wolf",
      "lobster",
      "plate",
      "bee"
    ],
    [
      "snail",
      "bus",
      "train",
      "skunk",
      "lizard",
      "caterpillar",
      "woman",
      "bicycle",
      "trout",
      "possum",
      "beaver",
      "pear",
      "cockroach",
      "squirrel",
      "couch",
      "aquarium_fish",
      "worm",
      "chimpanzee",
      "man",
      "whale"
    ],
    [
      "telephone",
      "leopard",
      "clock",
      "rabbit",
      "pickup_truck",
      "chair",
      "bottle",
      "television",
      "spider",
      "crocodile",
      "dinosaur",
      "beetle",
      "mushroom",
      "house",
      "mouse",
      "kangaroo",
      "lamp",
      "plain",
      "road",
      "camel"
    ],
    [
      "table",
      "flatfish",
      "mountain",
      "lawn_mower",
      "dolphin",
      "rocket",
      "forest",
      "sunflower",
      "otter",
      "turtle",
      "cup",
      "crab",
      "apple",
      "oak_tree",
      "hamster",
      "keyboard",
      "wardrobe",
      "rose",
      "lion",
      "seal"
    ],
    [
      "streetcar",
      "bed",
      "shrew",
      "bowl",
      "shark",
      "sea",
      "cloud",
      "fox",
      "maple_tree",
      "butterfly",
      "tiger",
      "orchid",
      "elephant",
      "cattle",
      "can",
      "palm_tree",
      "bridge",
      "pine_tree",
      "tractor",
      "girl"
    ]
  ]
}
2023-04-15 02:42:37.917 | DEBUG    | __main__:run_experiment:292 - PID: 11036
2023-04-15 02:42:37.919 | INFO     | __main__:run_experiment:294 - Starting...
2023-04-15 02:42:37.919 | INFO     | algorithms.algorithm_base:train:116 - {
  "name": "algorithms.scr.SupervisedContrastiveReplay",
  "model_class": "models.scr.scr_resnet.SupConResNet",
  "device": "cuda:0",
  "dataset_class": "datasets.cifar100.CIFAR100",
  "optimiser_class": "torch.optim.sgd.SGD",
  "loss_criterion_class": "torch.nn.modules.loss.CrossEntropyLoss",
  "epochs_per_task": 1,
  "batch_size": 10,
  "max_memory_samples": 2000,
  "memory_batch_size": 100,
  "tau (temperature)": 0.07,
  "lr": 0.1
}
2023-04-15 02:42:37.921 | DEBUG    | algorithms.algorithm_base:_setup_training:109 - Model moved to cuda:0 and set to train mode
2023-04-15 02:42:37.922 | INFO     | algorithms.algorithm_base:train:118 - Starting training
2023-04-15 02:42:37.923 | INFO     | algorithms.scr:train:126 - Task 1 / 5
2023-04-15 02:42:37.924 | INFO     | algorithms.scr:train:127 - Classes in task: ['sweet_pepper', 'motorcycle', 'snake', 'boy', 'ray', 'poppy', 'raccoon', 'tank', 'baby', 'orange', 'skyscraper', 'willow_tree', 'castle', 'tulip', 'bear', 'porcupine', 'wolf', 'lobster', 'plate', 'bee']
2023-04-15 02:42:37.924 | INFO     | algorithms.scr:train:134 - Starting epoch 1 / 1
2023-04-15 02:42:47.535 | INFO     | algorithms.scr:train:180 - 0:1:40, loss: 4.076
2023-04-15 02:42:57.088 | INFO     | algorithms.scr:train:180 - 0:1:80, loss: 5.169
2023-04-15 02:43:06.646 | INFO     | algorithms.scr:train:180 - 0:1:120, loss: 5.107
2023-04-15 02:43:16.210 | INFO     | algorithms.scr:train:180 - 0:1:160, loss: 5.102
2023-04-15 02:43:25.972 | INFO     | algorithms.scr:train:180 - 0:1:200, loss: 5.071
2023-04-15 02:43:36.040 | INFO     | algorithms.scr:train:180 - 0:1:240, loss: 5.062
2023-04-15 02:43:46.008 | INFO     | algorithms.scr:train:180 - 0:1:280, loss: 5.049
2023-04-15 02:43:55.975 | INFO     | algorithms.scr:train:180 - 0:1:320, loss: 5.025
2023-04-15 02:44:05.920 | INFO     | algorithms.scr:train:180 - 0:1:360, loss: 5.007
2023-04-15 02:44:15.900 | INFO     | algorithms.scr:train:180 - 0:1:400, loss: 5.000
2023-04-15 02:44:25.867 | INFO     | algorithms.scr:train:180 - 0:1:440, loss: 4.956
2023-04-15 02:44:35.832 | INFO     | algorithms.scr:train:180 - 0:1:480, loss: 4.952
2023-04-15 02:44:45.777 | INFO     | algorithms.scr:train:180 - 0:1:520, loss: 4.949
2023-04-15 02:44:55.731 | INFO     | algorithms.scr:train:180 - 0:1:560, loss: 4.955
2023-04-15 02:45:05.727 | INFO     | algorithms.scr:train:180 - 0:1:600, loss: 4.917
2023-04-15 02:45:15.715 | INFO     | algorithms.scr:train:180 - 0:1:640, loss: 4.888
2023-04-15 02:45:25.682 | INFO     | algorithms.scr:train:180 - 0:1:680, loss: 4.888
2023-04-15 02:45:35.648 | INFO     | algorithms.scr:train:180 - 0:1:720, loss: 4.883
2023-04-15 02:45:45.635 | INFO     | algorithms.scr:train:180 - 0:1:760, loss: 4.826
2023-04-15 02:45:55.639 | INFO     | algorithms.scr:train:180 - 0:1:800, loss: 4.832
2023-04-15 02:46:05.611 | INFO     | algorithms.scr:train:180 - 0:1:840, loss: 4.822
2023-04-15 02:46:15.591 | INFO     | algorithms.scr:train:180 - 0:1:880, loss: 4.795
2023-04-15 02:46:25.573 | INFO     | algorithms.scr:train:180 - 0:1:920, loss: 4.764
2023-04-15 02:46:35.546 | INFO     | algorithms.scr:train:180 - 0:1:960, loss: 4.773
2023-04-15 02:46:45.327 | DEBUG    | algorithms.scr:train:183 - Current sample stats:
2023-04-15 02:46:45.328 | DEBUG    | algorithms.scr:train:186 - 85 has 100 samples
2023-04-15 02:46:45.329 | DEBUG    | algorithms.scr:train:186 - 45 has 100 samples
2023-04-15 02:46:45.329 | DEBUG    | algorithms.scr:train:186 - 92 has 100 samples
2023-04-15 02:46:45.330 | DEBUG    | algorithms.scr:train:186 - 3 has 100 samples
2023-04-15 02:46:45.331 | DEBUG    | algorithms.scr:train:186 - 66 has 100 samples
2023-04-15 02:46:45.332 | DEBUG    | algorithms.scr:train:186 - 17 has 100 samples
2023-04-15 02:46:45.332 | DEBUG    | algorithms.scr:train:186 - 62 has 100 samples
2023-04-15 02:46:45.333 | DEBUG    | algorithms.scr:train:186 - 83 has 100 samples
2023-04-15 02:46:45.334 | DEBUG    | algorithms.scr:train:186 - 67 has 100 samples
2023-04-15 02:46:45.335 | DEBUG    | algorithms.scr:train:186 - 11 has 100 samples
2023-04-15 02:46:45.335 | DEBUG    | algorithms.scr:train:186 - 63 has 100 samples
2023-04-15 02:46:45.336 | DEBUG    | algorithms.scr:train:186 - 97 has 100 samples
2023-04-15 02:46:45.337 | DEBUG    | algorithms.scr:train:186 - 96 has 100 samples
2023-04-15 02:46:45.338 | DEBUG    | algorithms.scr:train:186 - 6 has 100 samples
2023-04-15 02:46:45.338 | DEBUG    | algorithms.scr:train:186 - 2 has 100 samples
2023-04-15 02:46:45.339 | DEBUG    | algorithms.scr:train:186 - 76 has 100 samples
2023-04-15 02:46:45.340 | DEBUG    | algorithms.scr:train:186 - 48 has 100 samples
2023-04-15 02:46:45.340 | DEBUG    | algorithms.scr:train:186 - 78 has 100 samples
2023-04-15 02:46:45.341 | DEBUG    | algorithms.scr:train:186 - 53 has 100 samples
2023-04-15 02:46:45.342 | DEBUG    | algorithms.scr:train:186 - 61 has 100 samples
2023-04-15 02:46:45.343 | INFO     | algorithms.scr:train:192 - 1, loss: 4.905
2023-04-15 02:46:45.343 | INFO     | algorithms.algorithm_base:run_base_task_metrics:144 - Running metrics: Task 0
2023-04-15 02:46:45.351 | INFO     | algorithms.scr:classify:209 - Generating fresh mean embedding vectors
2023-04-15 02:46:50.295 | DEBUG    | algorithms.scr:classify:231 - Generated mean embedding vectors for: dict_keys([85, 45, 92, 3, 66, 17, 62, 83, 67, 11, 63, 97, 96, 6, 2, 76, 48, 78, 53, 61])
2023-04-15 02:47:33.332 | DEBUG    | algorithms.algorithm_base:run_base_task_metrics:200 - Raw classification accuracy results saved to ./output_cifar100_varied_sampling/scr/1681522956.5765138_CIFAR100_OFFICIAL_RUN/task_0_accuracy_results.json
2023-04-15 02:47:33.334 | INFO     | algorithms.algorithm_base:run_base_task_metrics:201 - Correctly classified 982 / 10000 samples (9.82% correct)
2023-04-15 02:47:33.811 | INFO     | algorithms.scr:train:126 - Task 2 / 5
2023-04-15 02:47:33.816 | INFO     | algorithms.scr:train:127 - Classes in task: ['snail', 'bus', 'train', 'skunk', 'lizard', 'caterpillar', 'woman', 'bicycle', 'trout', 'possum', 'beaver', 'pear', 'cockroach', 'squirrel', 'couch', 'aquarium_fish', 'worm', 'chimpanzee', 'man', 'whale']
2023-04-15 02:47:33.817 | INFO     | algorithms.scr:train:134 - Starting epoch 1 / 1
2023-04-15 02:47:44.049 | INFO     | algorithms.scr:train:180 - 1:1:40, loss: 4.825
2023-04-15 02:47:54.015 | INFO     | algorithms.scr:train:180 - 1:1:80, loss: 4.751
2023-04-15 02:48:04.022 | INFO     | algorithms.scr:train:180 - 1:1:120, loss: 4.796
2023-04-15 02:48:14.015 | INFO     | algorithms.scr:train:180 - 1:1:160, loss: 4.771
2023-04-15 02:48:23.984 | INFO     | algorithms.scr:train:180 - 1:1:200, loss: 4.733
2023-04-15 02:48:33.991 | INFO     | algorithms.scr:train:180 - 1:1:240, loss: 4.703
2023-04-15 02:48:37.480 | WARNING  | algorithms.buffers:add_sample:62 - Duplicate hash: 6102149065183454052
2023-04-15 02:48:43.956 | INFO     | algorithms.scr:train:180 - 1:1:280, loss: 4.694
2023-04-15 02:48:53.924 | INFO     | algorithms.scr:train:180 - 1:1:320, loss: 4.676
2023-04-15 02:49:03.903 | INFO     | algorithms.scr:train:180 - 1:1:360, loss: 4.659
2023-04-15 02:49:13.890 | INFO     | algorithms.scr:train:180 - 1:1:400, loss: 4.645
2023-04-15 02:49:23.868 | INFO     | algorithms.scr:train:180 - 1:1:440, loss: 4.612
2023-04-15 02:49:33.847 | INFO     | algorithms.scr:train:180 - 1:1:480, loss: 4.630
2023-04-15 02:49:43.895 | INFO     | algorithms.scr:train:180 - 1:1:520, loss: 4.611
2023-04-15 02:49:53.859 | INFO     | algorithms.scr:train:180 - 1:1:560, loss: 4.563
2023-04-15 02:50:03.853 | INFO     | algorithms.scr:train:180 - 1:1:600, loss: 4.569
2023-04-15 02:50:13.809 | INFO     | algorithms.scr:train:180 - 1:1:640, loss: 4.568
2023-04-15 02:50:23.776 | INFO     | algorithms.scr:train:180 - 1:1:680, loss: 4.527
2023-04-15 02:50:33.758 | INFO     | algorithms.scr:train:180 - 1:1:720, loss: 4.519
2023-04-15 02:50:43.728 | INFO     | algorithms.scr:train:180 - 1:1:760, loss: 4.448
2023-04-15 02:50:53.709 | INFO     | algorithms.scr:train:180 - 1:1:800, loss: 4.460
2023-04-15 02:51:03.743 | INFO     | algorithms.scr:train:180 - 1:1:840, loss: 4.474
2023-04-15 02:51:13.712 | INFO     | algorithms.scr:train:180 - 1:1:880, loss: 4.402
2023-04-15 02:51:23.713 | INFO     | algorithms.scr:train:180 - 1:1:920, loss: 4.434
2023-04-15 02:51:33.674 | INFO     | algorithms.scr:train:180 - 1:1:960, loss: 4.412
2023-04-15 02:51:43.397 | DEBUG    | algorithms.scr:train:183 - Current sample stats:
2023-04-15 02:51:43.398 | DEBUG    | algorithms.scr:train:186 - 85 has 50 samples
2023-04-15 02:51:43.399 | DEBUG    | algorithms.scr:train:186 - 45 has 50 samples
2023-04-15 02:51:43.399 | DEBUG    | algorithms.scr:train:186 - 92 has 50 samples
2023-04-15 02:51:43.400 | DEBUG    | algorithms.scr:train:186 - 3 has 50 samples
2023-04-15 02:51:43.401 | DEBUG    | algorithms.scr:train:186 - 66 has 50 samples
2023-04-15 02:51:43.402 | DEBUG    | algorithms.scr:train:186 - 17 has 50 samples
2023-04-15 02:51:43.402 | DEBUG    | algorithms.scr:train:186 - 62 has 50 samples
2023-04-15 02:51:43.403 | DEBUG    | algorithms.scr:train:186 - 83 has 50 samples
2023-04-15 02:51:43.404 | DEBUG    | algorithms.scr:train:186 - 67 has 50 samples
2023-04-15 02:51:43.405 | DEBUG    | algorithms.scr:train:186 - 11 has 50 samples
2023-04-15 02:51:43.405 | DEBUG    | algorithms.scr:train:186 - 63 has 50 samples
2023-04-15 02:51:43.406 | DEBUG    | algorithms.scr:train:186 - 97 has 50 samples
2023-04-15 02:51:43.407 | DEBUG    | algorithms.scr:train:186 - 96 has 50 samples
2023-04-15 02:51:43.407 | DEBUG    | algorithms.scr:train:186 - 6 has 50 samples
2023-04-15 02:51:43.408 | DEBUG    | algorithms.scr:train:186 - 2 has 50 samples
2023-04-15 02:51:43.409 | DEBUG    | algorithms.scr:train:186 - 76 has 50 samples
2023-04-15 02:51:43.410 | DEBUG    | algorithms.scr:train:186 - 48 has 50 samples
2023-04-15 02:51:43.410 | DEBUG    | algorithms.scr:train:186 - 78 has 50 samples
2023-04-15 02:51:43.411 | DEBUG    | algorithms.scr:train:186 - 53 has 50 samples
2023-04-15 02:51:43.412 | DEBUG    | algorithms.scr:train:186 - 61 has 50 samples
2023-04-15 02:51:43.413 | DEBUG    | algorithms.scr:train:186 - 1 has 50 samples
2023-04-15 02:51:43.413 | DEBUG    | algorithms.scr:train:186 - 8 has 50 samples
2023-04-15 02:51:43.414 | DEBUG    | algorithms.scr:train:186 - 91 has 50 samples
2023-04-15 02:51:43.415 | DEBUG    | algorithms.scr:train:186 - 18 has 50 samples
2023-04-15 02:51:43.416 | DEBUG    | algorithms.scr:train:186 - 24 has 50 samples
2023-04-15 02:51:43.416 | DEBUG    | algorithms.scr:train:186 - 64 has 50 samples
2023-04-15 02:51:43.417 | DEBUG    | algorithms.scr:train:186 - 98 has 50 samples
2023-04-15 02:51:43.418 | DEBUG    | algorithms.scr:train:186 - 46 has 50 samples
2023-04-15 02:51:43.419 | DEBUG    | algorithms.scr:train:186 - 21 has 50 samples
2023-04-15 02:51:43.419 | DEBUG    | algorithms.scr:train:186 - 25 has 50 samples
2023-04-15 02:51:43.420 | DEBUG    | algorithms.scr:train:186 - 75 has 50 samples
2023-04-15 02:51:43.421 | DEBUG    | algorithms.scr:train:186 - 90 has 50 samples
2023-04-15 02:51:43.422 | DEBUG    | algorithms.scr:train:186 - 4 has 50 samples
2023-04-15 02:51:43.422 | DEBUG    | algorithms.scr:train:186 - 99 has 50 samples
2023-04-15 02:51:43.423 | DEBUG    | algorithms.scr:train:186 - 77 has 50 samples
2023-04-15 02:51:43.424 | DEBUG    | algorithms.scr:train:186 - 95 has 50 samples
2023-04-15 02:51:43.424 | DEBUG    | algorithms.scr:train:186 - 57 has 50 samples
2023-04-15 02:51:43.425 | DEBUG    | algorithms.scr:train:186 - 44 has 50 samples
2023-04-15 02:51:43.426 | DEBUG    | algorithms.scr:train:186 - 80 has 50 samples
2023-04-15 02:51:43.427 | DEBUG    | algorithms.scr:train:186 - 13 has 50 samples
2023-04-15 02:51:43.428 | INFO     | algorithms.scr:train:192 - 1, loss: 4.596
2023-04-15 02:51:43.429 | INFO     | algorithms.algorithm_base:run_base_task_metrics:144 - Running metrics: Task 1
2023-04-15 02:51:43.437 | INFO     | algorithms.scr:classify:209 - Generating fresh mean embedding vectors
2023-04-15 02:51:48.395 | DEBUG    | algorithms.scr:classify:231 - Generated mean embedding vectors for: dict_keys([85, 45, 92, 3, 66, 17, 62, 83, 67, 11, 63, 97, 96, 6, 2, 76, 48, 78, 53, 61, 1, 8, 91, 18, 24, 64, 98, 46, 21, 25, 75, 90, 4, 99, 77, 95, 57, 44, 80, 13])
2023-04-15 02:52:50.657 | DEBUG    | algorithms.algorithm_base:run_base_task_metrics:200 - Raw classification accuracy results saved to ./output_cifar100_varied_sampling/scr/1681522956.5765138_CIFAR100_OFFICIAL_RUN/task_1_accuracy_results.json
2023-04-15 02:52:50.658 | INFO     | algorithms.algorithm_base:run_base_task_metrics:201 - Correctly classified 1651 / 10000 samples (16.51% correct)
2023-04-15 02:52:51.036 | INFO     | algorithms.scr:train:126 - Task 3 / 5
2023-04-15 02:52:51.042 | INFO     | algorithms.scr:train:127 - Classes in task: ['telephone', 'leopard', 'clock', 'rabbit', 'pickup_truck', 'chair', 'bottle', 'television', 'spider', 'crocodile', 'dinosaur', 'beetle', 'mushroom', 'house', 'mouse', 'kangaroo', 'lamp', 'plain', 'road', 'camel']
2023-04-15 02:52:51.043 | INFO     | algorithms.scr:train:134 - Starting epoch 1 / 1
2023-04-15 02:53:01.308 | INFO     | algorithms.scr:train:180 - 2:1:40, loss: 4.424
2023-04-15 02:53:11.261 | INFO     | algorithms.scr:train:180 - 2:1:80, loss: 4.313
2023-04-15 02:53:21.228 | INFO     | algorithms.scr:train:180 - 2:1:120, loss: 4.270
2023-04-15 02:53:31.204 | INFO     | algorithms.scr:train:180 - 2:1:160, loss: 4.315
2023-04-15 02:53:41.159 | INFO     | algorithms.scr:train:180 - 2:1:200, loss: 4.230
2023-04-15 02:53:51.148 | INFO     | algorithms.scr:train:180 - 2:1:240, loss: 4.210
2023-04-15 02:54:01.106 | INFO     | algorithms.scr:train:180 - 2:1:280, loss: 4.202
2023-04-15 02:54:11.065 | INFO     | algorithms.scr:train:180 - 2:1:320, loss: 4.190
2023-04-15 02:54:21.016 | INFO     | algorithms.scr:train:180 - 2:1:360, loss: 4.158
2023-04-15 02:54:30.967 | INFO     | algorithms.scr:train:180 - 2:1:400, loss: 4.178
2023-04-15 02:54:40.920 | INFO     | algorithms.scr:train:180 - 2:1:440, loss: 4.130
2023-04-15 02:54:50.883 | INFO     | algorithms.scr:train:180 - 2:1:480, loss: 4.108
2023-04-15 02:55:00.854 | INFO     | algorithms.scr:train:180 - 2:1:520, loss: 4.109
2023-04-15 02:55:10.806 | INFO     | algorithms.scr:train:180 - 2:1:560, loss: 4.108
2023-04-15 02:55:20.782 | INFO     | algorithms.scr:train:180 - 2:1:600, loss: 4.082
2023-04-15 02:55:30.749 | INFO     | algorithms.scr:train:180 - 2:1:640, loss: 4.059
2023-04-15 02:55:40.706 | INFO     | algorithms.scr:train:180 - 2:1:680, loss: 4.001
2023-04-15 02:55:50.738 | INFO     | algorithms.scr:train:180 - 2:1:720, loss: 4.048
2023-04-15 02:56:00.682 | INFO     | algorithms.scr:train:180 - 2:1:760, loss: 4.056
2023-04-15 02:56:10.676 | INFO     | algorithms.scr:train:180 - 2:1:800, loss: 4.019
2023-04-15 02:56:20.651 | INFO     | algorithms.scr:train:180 - 2:1:840, loss: 4.017
2023-04-15 02:56:30.647 | INFO     | algorithms.scr:train:180 - 2:1:880, loss: 4.031
2023-04-15 02:56:40.603 | INFO     | algorithms.scr:train:180 - 2:1:920, loss: 4.041
2023-04-15 02:56:50.563 | INFO     | algorithms.scr:train:180 - 2:1:960, loss: 3.982
2023-04-15 02:57:00.265 | DEBUG    | algorithms.scr:train:183 - Current sample stats:
2023-04-15 02:57:00.265 | DEBUG    | algorithms.scr:train:186 - 85 has 33 samples
2023-04-15 02:57:00.266 | DEBUG    | algorithms.scr:train:186 - 45 has 33 samples
2023-04-15 02:57:00.267 | DEBUG    | algorithms.scr:train:186 - 92 has 33 samples
2023-04-15 02:57:00.268 | DEBUG    | algorithms.scr:train:186 - 3 has 33 samples
2023-04-15 02:57:00.268 | DEBUG    | algorithms.scr:train:186 - 66 has 33 samples
2023-04-15 02:57:00.269 | DEBUG    | algorithms.scr:train:186 - 17 has 33 samples
2023-04-15 02:57:00.270 | DEBUG    | algorithms.scr:train:186 - 62 has 33 samples
2023-04-15 02:57:00.271 | DEBUG    | algorithms.scr:train:186 - 83 has 33 samples
2023-04-15 02:57:00.271 | DEBUG    | algorithms.scr:train:186 - 67 has 33 samples
2023-04-15 02:57:00.272 | DEBUG    | algorithms.scr:train:186 - 11 has 33 samples
2023-04-15 02:57:00.273 | DEBUG    | algorithms.scr:train:186 - 63 has 33 samples
2023-04-15 02:57:00.274 | DEBUG    | algorithms.scr:train:186 - 97 has 33 samples
2023-04-15 02:57:00.274 | DEBUG    | algorithms.scr:train:186 - 96 has 33 samples
2023-04-15 02:57:00.275 | DEBUG    | algorithms.scr:train:186 - 6 has 33 samples
2023-04-15 02:57:00.276 | DEBUG    | algorithms.scr:train:186 - 2 has 33 samples
2023-04-15 02:57:00.276 | DEBUG    | algorithms.scr:train:186 - 76 has 33 samples
2023-04-15 02:57:00.277 | DEBUG    | algorithms.scr:train:186 - 48 has 33 samples
2023-04-15 02:57:00.278 | DEBUG    | algorithms.scr:train:186 - 78 has 33 samples
2023-04-15 02:57:00.279 | DEBUG    | algorithms.scr:train:186 - 53 has 33 samples
2023-04-15 02:57:00.279 | DEBUG    | algorithms.scr:train:186 - 61 has 33 samples
2023-04-15 02:57:00.280 | DEBUG    | algorithms.scr:train:186 - 1 has 33 samples
2023-04-15 02:57:00.281 | DEBUG    | algorithms.scr:train:186 - 8 has 33 samples
2023-04-15 02:57:00.282 | DEBUG    | algorithms.scr:train:186 - 91 has 33 samples
2023-04-15 02:57:00.282 | DEBUG    | algorithms.scr:train:186 - 18 has 33 samples
2023-04-15 02:57:00.283 | DEBUG    | algorithms.scr:train:186 - 24 has 33 samples
2023-04-15 02:57:00.284 | DEBUG    | algorithms.scr:train:186 - 64 has 33 samples
2023-04-15 02:57:00.284 | DEBUG    | algorithms.scr:train:186 - 98 has 33 samples
2023-04-15 02:57:00.285 | DEBUG    | algorithms.scr:train:186 - 46 has 33 samples
2023-04-15 02:57:00.286 | DEBUG    | algorithms.scr:train:186 - 21 has 33 samples
2023-04-15 02:57:00.287 | DEBUG    | algorithms.scr:train:186 - 25 has 33 samples
2023-04-15 02:57:00.287 | DEBUG    | algorithms.scr:train:186 - 75 has 33 samples
2023-04-15 02:57:00.288 | DEBUG    | algorithms.scr:train:186 - 90 has 33 samples
2023-04-15 02:57:00.289 | DEBUG    | algorithms.scr:train:186 - 4 has 33 samples
2023-04-15 02:57:00.290 | DEBUG    | algorithms.scr:train:186 - 99 has 33 samples
2023-04-15 02:57:00.290 | DEBUG    | algorithms.scr:train:186 - 77 has 33 samples
2023-04-15 02:57:00.291 | DEBUG    | algorithms.scr:train:186 - 95 has 33 samples
2023-04-15 02:57:00.292 | DEBUG    | algorithms.scr:train:186 - 57 has 33 samples
2023-04-15 02:57:00.293 | DEBUG    | algorithms.scr:train:186 - 44 has 33 samples
2023-04-15 02:57:00.293 | DEBUG    | algorithms.scr:train:186 - 80 has 33 samples
2023-04-15 02:57:00.294 | DEBUG    | algorithms.scr:train:186 - 13 has 33 samples
2023-04-15 02:57:00.295 | DEBUG    | algorithms.scr:train:186 - 37 has 34 samples
2023-04-15 02:57:00.296 | DEBUG    | algorithms.scr:train:186 - 29 has 34 samples
2023-04-15 02:57:00.296 | DEBUG    | algorithms.scr:train:186 - 51 has 34 samples
2023-04-15 02:57:00.297 | DEBUG    | algorithms.scr:train:186 - 20 has 34 samples
2023-04-15 02:57:00.298 | DEBUG    | algorithms.scr:train:186 - 60 has 34 samples
2023-04-15 02:57:00.298 | DEBUG    | algorithms.scr:train:186 - 22 has 34 samples
2023-04-15 02:57:00.299 | DEBUG    | algorithms.scr:train:186 - 27 has 34 samples
2023-04-15 02:57:00.300 | DEBUG    | algorithms.scr:train:186 - 50 has 34 samples
2023-04-15 02:57:00.301 | DEBUG    | algorithms.scr:train:186 - 7 has 34 samples
2023-04-15 02:57:00.301 | DEBUG    | algorithms.scr:train:186 - 15 has 34 samples
2023-04-15 02:57:00.302 | DEBUG    | algorithms.scr:train:186 - 87 has 34 samples
2023-04-15 02:57:00.303 | DEBUG    | algorithms.scr:train:186 - 68 has 34 samples
2023-04-15 02:57:00.304 | DEBUG    | algorithms.scr:train:186 - 42 has 34 samples
2023-04-15 02:57:00.304 | DEBUG    | algorithms.scr:train:186 - 40 has 34 samples
2023-04-15 02:57:00.305 | DEBUG    | algorithms.scr:train:186 - 79 has 34 samples
2023-04-15 02:57:00.306 | DEBUG    | algorithms.scr:train:186 - 58 has 34 samples
2023-04-15 02:57:00.307 | DEBUG    | algorithms.scr:train:186 - 65 has 34 samples
2023-04-15 02:57:00.308 | DEBUG    | algorithms.scr:train:186 - 86 has 34 samples
2023-04-15 02:57:00.309 | DEBUG    | algorithms.scr:train:186 - 9 has 34 samples
2023-04-15 02:57:00.310 | DEBUG    | algorithms.scr:train:186 - 38 has 34 samples
2023-04-15 02:57:00.310 | INFO     | algorithms.scr:train:192 - 1, loss: 4.129
2023-04-15 02:57:00.311 | INFO     | algorithms.algorithm_base:run_base_task_metrics:144 - Running metrics: Task 2
2023-04-15 02:57:00.318 | INFO     | algorithms.scr:classify:209 - Generating fresh mean embedding vectors
2023-04-15 02:57:05.273 | DEBUG    | algorithms.scr:classify:231 - Generated mean embedding vectors for: dict_keys([85, 45, 92, 3, 66, 17, 62, 83, 67, 11, 63, 97, 96, 6, 2, 76, 48, 78, 53, 61, 1, 8, 91, 18, 24, 64, 98, 46, 21, 25, 75, 90, 4, 99, 77, 95, 57, 44, 80, 13, 37, 29, 51, 20, 60, 22, 27, 50, 7, 15, 87, 68, 42, 40, 79, 58, 65, 86, 9, 38])
2023-04-15 02:58:26.356 | DEBUG    | algorithms.algorithm_base:run_base_task_metrics:200 - Raw classification accuracy results saved to ./output_cifar100_varied_sampling/scr/1681522956.5765138_CIFAR100_OFFICIAL_RUN/task_2_accuracy_results.json
2023-04-15 02:58:26.358 | INFO     | algorithms.algorithm_base:run_base_task_metrics:201 - Correctly classified 2070 / 10000 samples (20.70% correct)
2023-04-15 02:58:26.776 | INFO     | algorithms.scr:train:126 - Task 4 / 5
2023-04-15 02:58:26.782 | INFO     | algorithms.scr:train:127 - Classes in task: ['table', 'flatfish', 'mountain', 'lawn_mower', 'dolphin', 'rocket', 'forest', 'sunflower', 'otter', 'turtle', 'cup', 'crab', 'apple', 'oak_tree', 'hamster', 'keyboard', 'wardrobe', 'rose', 'lion', 'seal']
2023-04-15 02:58:26.783 | INFO     | algorithms.scr:train:134 - Starting epoch 1 / 1
2023-04-15 02:58:37.007 | INFO     | algorithms.scr:train:180 - 3:1:40, loss: 3.864
2023-04-15 02:58:46.967 | INFO     | algorithms.scr:train:180 - 3:1:80, loss: 3.824
2023-04-15 02:58:56.966 | INFO     | algorithms.scr:train:180 - 3:1:120, loss: 3.770
2023-04-15 02:59:06.902 | INFO     | algorithms.scr:train:180 - 3:1:160, loss: 3.778
2023-04-15 02:59:16.861 | INFO     | algorithms.scr:train:180 - 3:1:200, loss: 3.736
2023-04-15 02:59:26.814 | INFO     | algorithms.scr:train:180 - 3:1:240, loss: 3.716
2023-04-15 02:59:36.743 | INFO     | algorithms.scr:train:180 - 3:1:280, loss: 3.715
2023-04-15 02:59:46.704 | INFO     | algorithms.scr:train:180 - 3:1:320, loss: 3.727
2023-04-15 02:59:56.660 | INFO     | algorithms.scr:train:180 - 3:1:360, loss: 3.716
2023-04-15 03:00:06.613 | INFO     | algorithms.scr:train:180 - 3:1:400, loss: 3.652
2023-04-15 03:00:16.616 | INFO     | algorithms.scr:train:180 - 3:1:440, loss: 3.678
2023-04-15 03:00:26.527 | INFO     | algorithms.scr:train:180 - 3:1:480, loss: 3.678
2023-04-15 03:00:36.470 | INFO     | algorithms.scr:train:180 - 3:1:520, loss: 3.675
2023-04-15 03:00:46.404 | INFO     | algorithms.scr:train:180 - 3:1:560, loss: 3.673
2023-04-15 03:00:56.351 | INFO     | algorithms.scr:train:180 - 3:1:600, loss: 3.601
2023-04-15 03:01:06.300 | INFO     | algorithms.scr:train:180 - 3:1:640, loss: 3.616
2023-04-15 03:01:16.224 | INFO     | algorithms.scr:train:180 - 3:1:680, loss: 3.614
2023-04-15 03:01:26.156 | INFO     | algorithms.scr:train:180 - 3:1:720, loss: 3.617
2023-04-15 03:01:36.091 | INFO     | algorithms.scr:train:180 - 3:1:760, loss: 3.601
2023-04-15 03:01:46.025 | INFO     | algorithms.scr:train:180 - 3:1:800, loss: 3.598
2023-04-15 03:01:56.044 | INFO     | algorithms.scr:train:180 - 3:1:840, loss: 3.579
2023-04-15 03:02:05.984 | INFO     | algorithms.scr:train:180 - 3:1:880, loss: 3.531
2023-04-15 03:02:15.927 | INFO     | algorithms.scr:train:180 - 3:1:920, loss: 3.558
2023-04-15 03:02:25.853 | INFO     | algorithms.scr:train:180 - 3:1:960, loss: 3.562
2023-04-15 03:02:35.519 | DEBUG    | algorithms.scr:train:183 - Current sample stats:
2023-04-15 03:02:35.519 | DEBUG    | algorithms.scr:train:186 - 85 has 25 samples
2023-04-15 03:02:35.520 | DEBUG    | algorithms.scr:train:186 - 45 has 25 samples
2023-04-15 03:02:35.521 | DEBUG    | algorithms.scr:train:186 - 92 has 25 samples
2023-04-15 03:02:35.522 | DEBUG    | algorithms.scr:train:186 - 3 has 25 samples
2023-04-15 03:02:35.522 | DEBUG    | algorithms.scr:train:186 - 66 has 25 samples
2023-04-15 03:02:35.523 | DEBUG    | algorithms.scr:train:186 - 17 has 25 samples
2023-04-15 03:02:35.524 | DEBUG    | algorithms.scr:train:186 - 62 has 25 samples
2023-04-15 03:02:35.525 | DEBUG    | algorithms.scr:train:186 - 83 has 25 samples
2023-04-15 03:02:35.525 | DEBUG    | algorithms.scr:train:186 - 67 has 25 samples
2023-04-15 03:02:35.526 | DEBUG    | algorithms.scr:train:186 - 11 has 25 samples
2023-04-15 03:02:35.527 | DEBUG    | algorithms.scr:train:186 - 63 has 25 samples
2023-04-15 03:02:35.527 | DEBUG    | algorithms.scr:train:186 - 97 has 25 samples
2023-04-15 03:02:35.528 | DEBUG    | algorithms.scr:train:186 - 96 has 25 samples
2023-04-15 03:02:35.529 | DEBUG    | algorithms.scr:train:186 - 6 has 25 samples
2023-04-15 03:02:35.530 | DEBUG    | algorithms.scr:train:186 - 2 has 25 samples
2023-04-15 03:02:35.530 | DEBUG    | algorithms.scr:train:186 - 76 has 25 samples
2023-04-15 03:02:35.531 | DEBUG    | algorithms.scr:train:186 - 48 has 25 samples
2023-04-15 03:02:35.532 | DEBUG    | algorithms.scr:train:186 - 78 has 25 samples
2023-04-15 03:02:35.532 | DEBUG    | algorithms.scr:train:186 - 53 has 25 samples
2023-04-15 03:02:35.532 | DEBUG    | algorithms.scr:train:186 - 61 has 25 samples
2023-04-15 03:02:35.533 | DEBUG    | algorithms.scr:train:186 - 1 has 25 samples
2023-04-15 03:02:35.534 | DEBUG    | algorithms.scr:train:186 - 8 has 25 samples
2023-04-15 03:02:35.534 | DEBUG    | algorithms.scr:train:186 - 91 has 25 samples
2023-04-15 03:02:35.535 | DEBUG    | algorithms.scr:train:186 - 18 has 25 samples
2023-04-15 03:02:35.536 | DEBUG    | algorithms.scr:train:186 - 24 has 25 samples
2023-04-15 03:02:35.537 | DEBUG    | algorithms.scr:train:186 - 64 has 25 samples
2023-04-15 03:02:35.537 | DEBUG    | algorithms.scr:train:186 - 98 has 25 samples
2023-04-15 03:02:35.538 | DEBUG    | algorithms.scr:train:186 - 46 has 25 samples
2023-04-15 03:02:35.539 | DEBUG    | algorithms.scr:train:186 - 21 has 25 samples
2023-04-15 03:02:35.540 | DEBUG    | algorithms.scr:train:186 - 25 has 25 samples
2023-04-15 03:02:35.540 | DEBUG    | algorithms.scr:train:186 - 75 has 25 samples
2023-04-15 03:02:35.541 | DEBUG    | algorithms.scr:train:186 - 90 has 25 samples
2023-04-15 03:02:35.542 | DEBUG    | algorithms.scr:train:186 - 4 has 25 samples
2023-04-15 03:02:35.543 | DEBUG    | algorithms.scr:train:186 - 99 has 25 samples
2023-04-15 03:02:35.543 | DEBUG    | algorithms.scr:train:186 - 77 has 25 samples
2023-04-15 03:02:35.544 | DEBUG    | algorithms.scr:train:186 - 95 has 25 samples
2023-04-15 03:02:35.545 | DEBUG    | algorithms.scr:train:186 - 57 has 25 samples
2023-04-15 03:02:35.546 | DEBUG    | algorithms.scr:train:186 - 44 has 25 samples
2023-04-15 03:02:35.546 | DEBUG    | algorithms.scr:train:186 - 80 has 25 samples
2023-04-15 03:02:35.547 | DEBUG    | algorithms.scr:train:186 - 13 has 25 samples
2023-04-15 03:02:35.548 | DEBUG    | algorithms.scr:train:186 - 37 has 25 samples
2023-04-15 03:02:35.548 | DEBUG    | algorithms.scr:train:186 - 29 has 25 samples
2023-04-15 03:02:35.549 | DEBUG    | algorithms.scr:train:186 - 51 has 25 samples
2023-04-15 03:02:35.550 | DEBUG    | algorithms.scr:train:186 - 20 has 25 samples
2023-04-15 03:02:35.551 | DEBUG    | algorithms.scr:train:186 - 60 has 25 samples
2023-04-15 03:02:35.551 | DEBUG    | algorithms.scr:train:186 - 22 has 25 samples
2023-04-15 03:02:35.552 | DEBUG    | algorithms.scr:train:186 - 27 has 25 samples
2023-04-15 03:02:35.553 | DEBUG    | algorithms.scr:train:186 - 50 has 25 samples
2023-04-15 03:02:35.555 | DEBUG    | algorithms.scr:train:186 - 7 has 25 samples
2023-04-15 03:02:35.556 | DEBUG    | algorithms.scr:train:186 - 15 has 25 samples
2023-04-15 03:02:35.557 | DEBUG    | algorithms.scr:train:186 - 87 has 25 samples
2023-04-15 03:02:35.557 | DEBUG    | algorithms.scr:train:186 - 68 has 25 samples
2023-04-15 03:02:35.558 | DEBUG    | algorithms.scr:train:186 - 42 has 25 samples
2023-04-15 03:02:35.559 | DEBUG    | algorithms.scr:train:186 - 40 has 25 samples
2023-04-15 03:02:35.559 | DEBUG    | algorithms.scr:train:186 - 79 has 25 samples
2023-04-15 03:02:35.560 | DEBUG    | algorithms.scr:train:186 - 58 has 25 samples
2023-04-15 03:02:35.561 | DEBUG    | algorithms.scr:train:186 - 65 has 25 samples
2023-04-15 03:02:35.562 | DEBUG    | algorithms.scr:train:186 - 86 has 25 samples
2023-04-15 03:02:35.562 | DEBUG    | algorithms.scr:train:186 - 9 has 25 samples
2023-04-15 03:02:35.563 | DEBUG    | algorithms.scr:train:186 - 38 has 25 samples
2023-04-15 03:02:35.564 | DEBUG    | algorithms.scr:train:186 - 84 has 25 samples
2023-04-15 03:02:35.565 | DEBUG    | algorithms.scr:train:186 - 70 has 25 samples
2023-04-15 03:02:35.566 | DEBUG    | algorithms.scr:train:186 - 55 has 25 samples
2023-04-15 03:02:35.567 | DEBUG    | algorithms.scr:train:186 - 69 has 25 samples
2023-04-15 03:02:35.567 | DEBUG    | algorithms.scr:train:186 - 39 has 25 samples
2023-04-15 03:02:35.568 | DEBUG    | algorithms.scr:train:186 - 49 has 25 samples
2023-04-15 03:02:35.569 | DEBUG    | algorithms.scr:train:186 - 72 has 25 samples
2023-04-15 03:02:35.570 | DEBUG    | algorithms.scr:train:186 - 82 has 25 samples
2023-04-15 03:02:35.571 | DEBUG    | algorithms.scr:train:186 - 41 has 25 samples
2023-04-15 03:02:35.572 | DEBUG    | algorithms.scr:train:186 - 26 has 25 samples
2023-04-15 03:02:35.573 | DEBUG    | algorithms.scr:train:186 - 52 has 25 samples
2023-04-15 03:02:35.573 | DEBUG    | algorithms.scr:train:186 - 94 has 25 samples
2023-04-15 03:02:35.574 | DEBUG    | algorithms.scr:train:186 - 33 has 25 samples
2023-04-15 03:02:35.575 | DEBUG    | algorithms.scr:train:186 - 32 has 25 samples
2023-04-15 03:02:35.576 | DEBUG    | algorithms.scr:train:186 - 30 has 25 samples
2023-04-15 03:02:35.577 | DEBUG    | algorithms.scr:train:186 - 36 has 25 samples
2023-04-15 03:02:35.577 | DEBUG    | algorithms.scr:train:186 - 0 has 25 samples
2023-04-15 03:02:35.578 | DEBUG    | algorithms.scr:train:186 - 93 has 25 samples
2023-04-15 03:02:35.579 | DEBUG    | algorithms.scr:train:186 - 43 has 25 samples
2023-04-15 03:02:35.580 | DEBUG    | algorithms.scr:train:186 - 28 has 25 samples
2023-04-15 03:02:35.580 | INFO     | algorithms.scr:train:192 - 1, loss: 3.665
2023-04-15 03:02:35.581 | INFO     | algorithms.algorithm_base:run_base_task_metrics:144 - Running metrics: Task 3
2023-04-15 03:02:35.588 | INFO     | algorithms.scr:classify:209 - Generating fresh mean embedding vectors
2023-04-15 03:02:40.563 | DEBUG    | algorithms.scr:classify:231 - Generated mean embedding vectors for: dict_keys([85, 45, 92, 3, 66, 17, 62, 83, 67, 11, 63, 97, 96, 6, 2, 76, 48, 78, 53, 61, 1, 8, 91, 18, 24, 64, 98, 46, 21, 25, 75, 90, 4, 99, 77, 95, 57, 44, 80, 13, 37, 29, 51, 20, 60, 22, 27, 50, 7, 15, 87, 68, 42, 40, 79, 58, 65, 86, 9, 38, 84, 70, 55, 69, 39, 49, 72, 82, 41, 26, 52, 94, 33, 32, 30, 36, 0, 93, 43, 28])
2023-04-15 03:04:20.403 | DEBUG    | algorithms.algorithm_base:run_base_task_metrics:200 - Raw classification accuracy results saved to ./output_cifar100_varied_sampling/scr/1681522956.5765138_CIFAR100_OFFICIAL_RUN/task_3_accuracy_results.json
2023-04-15 03:04:20.404 | INFO     | algorithms.algorithm_base:run_base_task_metrics:201 - Correctly classified 2515 / 10000 samples (25.15% correct)
2023-04-15 03:04:20.823 | INFO     | algorithms.scr:train:126 - Task 5 / 5
2023-04-15 03:04:20.829 | INFO     | algorithms.scr:train:127 - Classes in task: ['streetcar', 'bed', 'shrew', 'bowl', 'shark', 'sea', 'cloud', 'fox', 'maple_tree', 'butterfly', 'tiger', 'orchid', 'elephant', 'cattle', 'can', 'palm_tree', 'bridge', 'pine_tree', 'tractor', 'girl']
2023-04-15 03:04:20.830 | INFO     | algorithms.scr:train:134 - Starting epoch 1 / 1
2023-04-15 03:04:31.034 | INFO     | algorithms.scr:train:180 - 4:1:40, loss: 3.448
2023-04-15 03:04:41.018 | INFO     | algorithms.scr:train:180 - 4:1:80, loss: 3.396
2023-04-15 03:04:50.983 | INFO     | algorithms.scr:train:180 - 4:1:120, loss: 3.322
2023-04-15 03:05:01.010 | INFO     | algorithms.scr:train:180 - 4:1:160, loss: 3.386
2023-04-15 03:05:10.980 | INFO     | algorithms.scr:train:180 - 4:1:200, loss: 3.335
2023-04-15 03:05:20.928 | INFO     | algorithms.scr:train:180 - 4:1:240, loss: 3.337
2023-04-15 03:05:30.914 | INFO     | algorithms.scr:train:180 - 4:1:280, loss: 3.377
2023-04-15 03:05:40.854 | INFO     | algorithms.scr:train:180 - 4:1:320, loss: 3.282
2023-04-15 03:05:50.796 | INFO     | algorithms.scr:train:180 - 4:1:360, loss: 3.294
2023-04-15 03:06:00.739 | INFO     | algorithms.scr:train:180 - 4:1:400, loss: 3.361
2023-04-15 03:06:10.681 | INFO     | algorithms.scr:train:180 - 4:1:440, loss: 3.269
2023-04-15 03:06:20.676 | INFO     | algorithms.scr:train:180 - 4:1:480, loss: 3.301
2023-04-15 03:06:30.628 | INFO     | algorithms.scr:train:180 - 4:1:520, loss: 3.300
2023-04-15 03:06:40.563 | INFO     | algorithms.scr:train:180 - 4:1:560, loss: 3.287
2023-04-15 03:06:50.506 | INFO     | algorithms.scr:train:180 - 4:1:600, loss: 3.218
2023-04-15 03:07:00.447 | INFO     | algorithms.scr:train:180 - 4:1:640, loss: 3.245
2023-04-15 03:07:10.413 | INFO     | algorithms.scr:train:180 - 4:1:680, loss: 3.220
2023-04-15 03:07:20.370 | INFO     | algorithms.scr:train:180 - 4:1:720, loss: 3.207
2023-04-15 03:07:30.320 | INFO     | algorithms.scr:train:180 - 4:1:760, loss: 3.246
2023-04-15 03:07:40.260 | INFO     | algorithms.scr:train:180 - 4:1:800, loss: 3.245
2023-04-15 03:07:50.199 | INFO     | algorithms.scr:train:180 - 4:1:840, loss: 3.224
2023-04-15 03:08:00.243 | INFO     | algorithms.scr:train:180 - 4:1:880, loss: 3.272
2023-04-15 03:08:10.195 | INFO     | algorithms.scr:train:180 - 4:1:920, loss: 3.144
2023-04-15 03:08:20.140 | INFO     | algorithms.scr:train:180 - 4:1:960, loss: 3.200
2023-04-15 03:08:29.903 | DEBUG    | algorithms.scr:train:183 - Current sample stats:
2023-04-15 03:08:29.904 | DEBUG    | algorithms.scr:train:186 - 85 has 20 samples
2023-04-15 03:08:29.904 | DEBUG    | algorithms.scr:train:186 - 45 has 20 samples
2023-04-15 03:08:29.905 | DEBUG    | algorithms.scr:train:186 - 92 has 20 samples
2023-04-15 03:08:29.906 | DEBUG    | algorithms.scr:train:186 - 3 has 20 samples
2023-04-15 03:08:29.907 | DEBUG    | algorithms.scr:train:186 - 66 has 20 samples
2023-04-15 03:08:29.907 | DEBUG    | algorithms.scr:train:186 - 17 has 20 samples
2023-04-15 03:08:29.908 | DEBUG    | algorithms.scr:train:186 - 62 has 20 samples
2023-04-15 03:08:29.909 | DEBUG    | algorithms.scr:train:186 - 83 has 20 samples
2023-04-15 03:08:29.910 | DEBUG    | algorithms.scr:train:186 - 67 has 20 samples
2023-04-15 03:08:29.910 | DEBUG    | algorithms.scr:train:186 - 11 has 20 samples
2023-04-15 03:08:29.911 | DEBUG    | algorithms.scr:train:186 - 63 has 20 samples
2023-04-15 03:08:29.912 | DEBUG    | algorithms.scr:train:186 - 97 has 20 samples
2023-04-15 03:08:29.912 | DEBUG    | algorithms.scr:train:186 - 96 has 20 samples
2023-04-15 03:08:29.913 | DEBUG    | algorithms.scr:train:186 - 6 has 20 samples
2023-04-15 03:08:29.914 | DEBUG    | algorithms.scr:train:186 - 2 has 20 samples
2023-04-15 03:08:29.915 | DEBUG    | algorithms.scr:train:186 - 76 has 20 samples
2023-04-15 03:08:29.915 | DEBUG    | algorithms.scr:train:186 - 48 has 20 samples
2023-04-15 03:08:29.916 | DEBUG    | algorithms.scr:train:186 - 78 has 20 samples
2023-04-15 03:08:29.917 | DEBUG    | algorithms.scr:train:186 - 53 has 20 samples
2023-04-15 03:08:29.918 | DEBUG    | algorithms.scr:train:186 - 61 has 20 samples
2023-04-15 03:08:29.918 | DEBUG    | algorithms.scr:train:186 - 1 has 20 samples
2023-04-15 03:08:29.919 | DEBUG    | algorithms.scr:train:186 - 8 has 20 samples
2023-04-15 03:08:29.920 | DEBUG    | algorithms.scr:train:186 - 91 has 20 samples
2023-04-15 03:08:29.920 | DEBUG    | algorithms.scr:train:186 - 18 has 20 samples
2023-04-15 03:08:29.921 | DEBUG    | algorithms.scr:train:186 - 24 has 20 samples
2023-04-15 03:08:29.922 | DEBUG    | algorithms.scr:train:186 - 64 has 20 samples
2023-04-15 03:08:29.923 | DEBUG    | algorithms.scr:train:186 - 98 has 20 samples
2023-04-15 03:08:29.923 | DEBUG    | algorithms.scr:train:186 - 46 has 20 samples
2023-04-15 03:08:29.924 | DEBUG    | algorithms.scr:train:186 - 21 has 20 samples
2023-04-15 03:08:29.925 | DEBUG    | algorithms.scr:train:186 - 25 has 20 samples
2023-04-15 03:08:29.925 | DEBUG    | algorithms.scr:train:186 - 75 has 20 samples
2023-04-15 03:08:29.926 | DEBUG    | algorithms.scr:train:186 - 90 has 20 samples
2023-04-15 03:08:29.927 | DEBUG    | algorithms.scr:train:186 - 4 has 20 samples
2023-04-15 03:08:29.928 | DEBUG    | algorithms.scr:train:186 - 99 has 20 samples
2023-04-15 03:08:29.929 | DEBUG    | algorithms.scr:train:186 - 77 has 20 samples
2023-04-15 03:08:29.929 | DEBUG    | algorithms.scr:train:186 - 95 has 20 samples
2023-04-15 03:08:29.930 | DEBUG    | algorithms.scr:train:186 - 57 has 20 samples
2023-04-15 03:08:29.931 | DEBUG    | algorithms.scr:train:186 - 44 has 20 samples
2023-04-15 03:08:29.931 | DEBUG    | algorithms.scr:train:186 - 80 has 20 samples
2023-04-15 03:08:29.932 | DEBUG    | algorithms.scr:train:186 - 13 has 20 samples
2023-04-15 03:08:29.933 | DEBUG    | algorithms.scr:train:186 - 37 has 20 samples
2023-04-15 03:08:29.934 | DEBUG    | algorithms.scr:train:186 - 29 has 20 samples
2023-04-15 03:08:29.935 | DEBUG    | algorithms.scr:train:186 - 51 has 20 samples
2023-04-15 03:08:29.935 | DEBUG    | algorithms.scr:train:186 - 20 has 20 samples
2023-04-15 03:08:29.937 | DEBUG    | algorithms.scr:train:186 - 60 has 20 samples
2023-04-15 03:08:29.937 | DEBUG    | algorithms.scr:train:186 - 22 has 20 samples
2023-04-15 03:08:29.938 | DEBUG    | algorithms.scr:train:186 - 27 has 20 samples
2023-04-15 03:08:29.939 | DEBUG    | algorithms.scr:train:186 - 50 has 20 samples
2023-04-15 03:08:29.940 | DEBUG    | algorithms.scr:train:186 - 7 has 20 samples
2023-04-15 03:08:29.941 | DEBUG    | algorithms.scr:train:186 - 15 has 20 samples
2023-04-15 03:08:29.941 | DEBUG    | algorithms.scr:train:186 - 87 has 20 samples
2023-04-15 03:08:29.942 | DEBUG    | algorithms.scr:train:186 - 68 has 20 samples
2023-04-15 03:08:29.944 | DEBUG    | algorithms.scr:train:186 - 42 has 20 samples
2023-04-15 03:08:29.945 | DEBUG    | algorithms.scr:train:186 - 40 has 20 samples
2023-04-15 03:08:29.945 | DEBUG    | algorithms.scr:train:186 - 79 has 20 samples
2023-04-15 03:08:29.946 | DEBUG    | algorithms.scr:train:186 - 58 has 20 samples
2023-04-15 03:08:29.947 | DEBUG    | algorithms.scr:train:186 - 65 has 20 samples
2023-04-15 03:08:29.948 | DEBUG    | algorithms.scr:train:186 - 86 has 20 samples
2023-04-15 03:08:29.948 | DEBUG    | algorithms.scr:train:186 - 9 has 20 samples
2023-04-15 03:08:29.949 | DEBUG    | algorithms.scr:train:186 - 38 has 20 samples
2023-04-15 03:08:29.950 | DEBUG    | algorithms.scr:train:186 - 84 has 20 samples
2023-04-15 03:08:29.951 | DEBUG    | algorithms.scr:train:186 - 70 has 20 samples
2023-04-15 03:08:29.952 | DEBUG    | algorithms.scr:train:186 - 55 has 20 samples
2023-04-15 03:08:29.952 | DEBUG    | algorithms.scr:train:186 - 69 has 20 samples
2023-04-15 03:08:29.953 | DEBUG    | algorithms.scr:train:186 - 39 has 20 samples
2023-04-15 03:08:29.954 | DEBUG    | algorithms.scr:train:186 - 49 has 20 samples
2023-04-15 03:08:29.955 | DEBUG    | algorithms.scr:train:186 - 72 has 20 samples
2023-04-15 03:08:29.955 | DEBUG    | algorithms.scr:train:186 - 82 has 20 samples
2023-04-15 03:08:29.956 | DEBUG    | algorithms.scr:train:186 - 41 has 20 samples
2023-04-15 03:08:29.957 | DEBUG    | algorithms.scr:train:186 - 26 has 20 samples
2023-04-15 03:08:29.958 | DEBUG    | algorithms.scr:train:186 - 52 has 20 samples
2023-04-15 03:08:29.958 | DEBUG    | algorithms.scr:train:186 - 94 has 20 samples
2023-04-15 03:08:29.960 | DEBUG    | algorithms.scr:train:186 - 33 has 20 samples
2023-04-15 03:08:29.961 | DEBUG    | algorithms.scr:train:186 - 32 has 20 samples
2023-04-15 03:08:29.962 | DEBUG    | algorithms.scr:train:186 - 30 has 20 samples
2023-04-15 03:08:29.962 | DEBUG    | algorithms.scr:train:186 - 36 has 20 samples
2023-04-15 03:08:29.963 | DEBUG    | algorithms.scr:train:186 - 0 has 20 samples
2023-04-15 03:08:29.964 | DEBUG    | algorithms.scr:train:186 - 93 has 20 samples
2023-04-15 03:08:29.965 | DEBUG    | algorithms.scr:train:186 - 43 has 20 samples
2023-04-15 03:08:29.965 | DEBUG    | algorithms.scr:train:186 - 28 has 20 samples
2023-04-15 03:08:29.966 | DEBUG    | algorithms.scr:train:186 - 14 has 20 samples
2023-04-15 03:08:29.967 | DEBUG    | algorithms.scr:train:186 - 31 has 20 samples
2023-04-15 03:08:29.968 | DEBUG    | algorithms.scr:train:186 - 71 has 20 samples
2023-04-15 03:08:29.969 | DEBUG    | algorithms.scr:train:186 - 59 has 20 samples
2023-04-15 03:08:29.969 | DEBUG    | algorithms.scr:train:186 - 34 has 20 samples
2023-04-15 03:08:29.970 | DEBUG    | algorithms.scr:train:186 - 19 has 20 samples
2023-04-15 03:08:29.971 | DEBUG    | algorithms.scr:train:186 - 73 has 20 samples
2023-04-15 03:08:29.972 | DEBUG    | algorithms.scr:train:186 - 10 has 20 samples
2023-04-15 03:08:29.972 | DEBUG    | algorithms.scr:train:186 - 47 has 20 samples
2023-04-15 03:08:29.973 | DEBUG    | algorithms.scr:train:186 - 5 has 20 samples
2023-04-15 03:08:29.974 | DEBUG    | algorithms.scr:train:186 - 16 has 20 samples
2023-04-15 03:08:29.975 | DEBUG    | algorithms.scr:train:186 - 12 has 20 samples
2023-04-15 03:08:29.976 | DEBUG    | algorithms.scr:train:186 - 88 has 20 samples
2023-04-15 03:08:29.977 | DEBUG    | algorithms.scr:train:186 - 23 has 20 samples
2023-04-15 03:08:29.978 | DEBUG    | algorithms.scr:train:186 - 89 has 20 samples
2023-04-15 03:08:29.978 | DEBUG    | algorithms.scr:train:186 - 74 has 20 samples
2023-04-15 03:08:29.979 | DEBUG    | algorithms.scr:train:186 - 56 has 20 samples
2023-04-15 03:08:29.980 | DEBUG    | algorithms.scr:train:186 - 81 has 20 samples
2023-04-15 03:08:29.981 | DEBUG    | algorithms.scr:train:186 - 35 has 20 samples
2023-04-15 03:08:29.982 | DEBUG    | algorithms.scr:train:186 - 54 has 20 samples
2023-04-15 03:08:29.982 | INFO     | algorithms.scr:train:192 - 1, loss: 3.284
2023-04-15 03:08:29.983 | INFO     | algorithms.algorithm_base:run_base_task_metrics:144 - Running metrics: Task 4
2023-04-15 03:08:29.990 | INFO     | algorithms.scr:classify:209 - Generating fresh mean embedding vectors
2023-04-15 03:08:35.046 | DEBUG    | algorithms.scr:classify:231 - Generated mean embedding vectors for: dict_keys([85, 45, 92, 3, 66, 17, 62, 83, 67, 11, 63, 97, 96, 6, 2, 76, 48, 78, 53, 61, 1, 8, 91, 18, 24, 64, 98, 46, 21, 25, 75, 90, 4, 99, 77, 95, 57, 44, 80, 13, 37, 29, 51, 20, 60, 22, 27, 50, 7, 15, 87, 68, 42, 40, 79, 58, 65, 86, 9, 38, 84, 70, 55, 69, 39, 49, 72, 82, 41, 26, 52, 94, 33, 32, 30, 36, 0, 93, 43, 28, 14, 31, 71, 59, 34, 19, 73, 10, 47, 5, 16, 12, 88, 23, 89, 74, 56, 81, 35, 54])
2023-04-15 03:10:33.415 | DEBUG    | algorithms.algorithm_base:run_base_task_metrics:200 - Raw classification accuracy results saved to ./output_cifar100_varied_sampling/scr/1681522956.5765138_CIFAR100_OFFICIAL_RUN/task_4_accuracy_results.json
2023-04-15 03:10:33.417 | INFO     | algorithms.algorithm_base:run_base_task_metrics:201 - Correctly classified 2861 / 10000 samples (28.61% correct)
2023-04-15 03:10:33.834 | INFO     | algorithms.scr:train:201 - Training complete
2023-04-15 03:10:33.841 | INFO     | __main__:run_experiment:300 - Training and evaluation completed!
2023-04-15 03:10:33.843 | INFO     | __main__:run_experiment:314 - Wrote usage stats to file
2023-04-15 03:10:33.844 | INFO     | __main__:main:363 - Complete
2023-04-15 03:10:33.844 | INFO     | __main__:close_tensorboard_writer:262 - Shut down TensorBoard
