2023-04-15 18:43:49.787 | INFO     | __main__:setup_files:218 - Experiment Name: OFFICIAL_RUN
2023-04-15 18:43:49.788 | INFO     | __main__:main:334 - Command line arguments: Configuration(algorithm='der', dataset='cifar100', classes_per_task=20, seed=2214, samples=200)
2023-04-15 18:43:49.791 | INFO     | __main__:main:338 - Seeded random to 2214
2023-04-15 18:43:49.791 | INFO     | __main__:main:342 - Got CUDA device
2023-04-15 18:43:49.792 | INFO     | __main__:force_cuda_load:268 - Forcing CUDA initialisation...
2023-04-15 18:43:49.848 | INFO     | __main__:main:346 - CUDA initialised
2023-04-15 18:43:49.850 | INFO     | __main__:setup_shutdown_hook:264 - To access TensorBoard, run the command: tensorboard --logdir=./output_cifar100_varied_sampling/der_pp/1681580629.7831857_CIFAR100_OFFICIAL_RUN
2023-04-15 18:43:49.851 | INFO     | __main__:main:350 - Setup shutdown hooks
2023-04-15 18:43:49.875 | INFO     | __main__:main:355 - Model is setup
2023-04-15 18:43:49.876 | INFO     | __main__:main:357 - Complete pre-setup, starting experiment
2023-04-15 18:43:51.073 | INFO     | datasets.dataset_base:__init__:80 - Using disjoint tasks with 20 (5 tasks) with a randomised split
2023-04-15 18:43:51.075 | DEBUG    | datasets.dataset_base:_setup_task_datasets:95 - Splitting dataset into 5 disjoint tasks
2023-04-15 18:43:51.094 | INFO     | datasets.dataset_base:__init__:85 - {
  "name": "datasets.cifar100.CIFAR100",
  "dataset_class": "torchvision.datasets.cifar.CIFAR100",
  "training_dataset_parameters": "{'train': True, 'download': True}",
  "testing_dataset_parameters": "{'train': False, 'download': True}",
  "training_transform": "Compose(\n    Resize(size=(32, 32), interpolation=bilinear, max_size=None, antialias=None)\n    ToTensor()\n    Normalize(mean=(0.5071, 0.4867, 0.4408), std=(0.2675, 0.2565, 0.2761))\n    RandomCrop(size=(32, 32), padding=4)\n    RandomHorizontalFlip(p=0.5)\n)",
  "testing_transform": "Compose(\n    Resize(size=(32, 32), interpolation=bilinear, max_size=None, antialias=None)\n    ToTensor()\n    Normalize(mean=(0.5071, 0.4867, 0.4408), std=(0.2675, 0.2565, 0.2761))\n)",
  "classes": "apple, aquarium_fish, baby, bear, beaver, bed, bee, beetle, bicycle, bottle, bowl, boy, bridge, bus, butterfly, camel, can, castle, caterpillar, cattle, chair, chimpanzee, clock, cloud, cockroach, couch, crab, crocodile, cup, dinosaur, dolphin, elephant, flatfish, forest, fox, girl, hamster, house, kangaroo, keyboard, lamp, lawn_mower, leopard, lion, lizard, lobster, man, maple_tree, motorcycle, mountain, mouse, mushroom, oak_tree, orange, orchid, otter, palm_tree, pear, pickup_truck, pine_tree, plain, plate, poppy, porcupine, possum, rabbit, raccoon, ray, road, rocket, rose, sea, seal, shark, shrew, skunk, skyscraper, snail, snake, spider, squirrel, streetcar, sunflower, sweet_pepper, table, tank, telephone, television, tiger, tractor, train, trout, tulip, turtle, wardrobe, whale, willow_tree, wolf, woman, worm",
  "disjoint": true,
  "task_count": 5,
  "classes_per_task": [
    20
  ],
  "task_split_indices": [
    [
      83,
      48,
      78,
      11,
      67,
      62,
      66,
      85,
      2,
      53,
      76,
      96,
      17,
      92,
      3,
      63,
      97,
      45,
      61,
      6
    ],
    [
      77,
      13,
      90,
      75,
      44,
      18,
      98,
      8,
      91,
      64,
      4,
      57,
      24,
      80,
      25,
      1,
      99,
      21,
      46,
      95
    ],
    [
      86,
      42,
      22,
      65,
      58,
      20,
      9,
      87,
      79,
      27,
      29,
      7,
      51,
      37,
      50,
      38,
      40,
      60,
      68,
      15
    ],
    [
      84,
      32,
      49,
      41,
      30,
      69,
      33,
      82,
      55,
      93,
      28,
      26,
      0,
      52,
      36,
      39,
      94,
      70,
      43,
      72
    ],
    [
      81,
      5,
      74,
      10,
      73,
      71,
      23,
      34,
      47,
      14,
      88,
      54,
      31,
      19,
      16,
      56,
      12,
      59,
      89,
      35
    ]
  ],
  "task_split_classes": [
    [
      "sweet_pepper",
      "motorcycle",
      "snake",
      "boy",
      "ray",
      "poppy",
      "raccoon",
      "tank",
      "baby",
      "orange",
      "skyscraper",
      "willow_tree",
      "castle",
      "tulip",
      "bear",
      "porcupine",
      "wolf",
      "lobster",
      "plate",
      "bee"
    ],
    [
      "snail",
      "bus",
      "train",
      "skunk",
      "lizard",
      "caterpillar",
      "woman",
      "bicycle",
      "trout",
      "possum",
      "beaver",
      "pear",
      "cockroach",
      "squirrel",
      "couch",
      "aquarium_fish",
      "worm",
      "chimpanzee",
      "man",
      "whale"
    ],
    [
      "telephone",
      "leopard",
      "clock",
      "rabbit",
      "pickup_truck",
      "chair",
      "bottle",
      "television",
      "spider",
      "crocodile",
      "dinosaur",
      "beetle",
      "mushroom",
      "house",
      "mouse",
      "kangaroo",
      "lamp",
      "plain",
      "road",
      "camel"
    ],
    [
      "table",
      "flatfish",
      "mountain",
      "lawn_mower",
      "dolphin",
      "rocket",
      "forest",
      "sunflower",
      "otter",
      "turtle",
      "cup",
      "crab",
      "apple",
      "oak_tree",
      "hamster",
      "keyboard",
      "wardrobe",
      "rose",
      "lion",
      "seal"
    ],
    [
      "streetcar",
      "bed",
      "shrew",
      "bowl",
      "shark",
      "sea",
      "cloud",
      "fox",
      "maple_tree",
      "butterfly",
      "tiger",
      "orchid",
      "elephant",
      "cattle",
      "can",
      "palm_tree",
      "bridge",
      "pine_tree",
      "tractor",
      "girl"
    ]
  ]
}
2023-04-15 18:43:51.099 | DEBUG    | __main__:run_experiment:292 - PID: 19936
2023-04-15 18:43:51.102 | INFO     | __main__:run_experiment:294 - Starting...
2023-04-15 18:43:51.102 | INFO     | algorithms.algorithm_base:train:116 - {
  "name": "algorithms.der_pp.DarkExperiencePlusPlus",
  "model_class": "models.cifar.resnet.ResNet",
  "device": "cuda:0",
  "dataset_class": "datasets.cifar100.CIFAR100",
  "optimiser_class": "torch.optim.sgd.SGD",
  "loss_criterion_class": "torch.nn.modules.loss.CrossEntropyLoss",
  "epochs_per_task": 1,
  "batch_size": 16,
  "max_memory_samples": 200,
  "alpha": 0.5,
  "beta": 0
}
2023-04-15 18:43:51.105 | DEBUG    | algorithms.algorithm_base:_setup_training:109 - Model moved to cuda:0 and set to train mode
2023-04-15 18:43:51.105 | INFO     | algorithms.algorithm_base:train:118 - Starting training
2023-04-15 18:43:51.107 | INFO     | algorithms.der_pp:train:86 - Task 1 / 5
2023-04-15 18:43:51.107 | INFO     | algorithms.der_pp:train:87 - Classes in task: ['sweet_pepper', 'motorcycle', 'snake', 'boy', 'ray', 'poppy', 'raccoon', 'tank', 'baby', 'orange', 'skyscraper', 'willow_tree', 'castle', 'tulip', 'bear', 'porcupine', 'wolf', 'lobster', 'plate', 'bee']
2023-04-15 18:43:51.108 | INFO     | algorithms.der_pp:train:95 - Starting epoch 1 / 1
2023-04-15 18:43:55.040 | INFO     | algorithms.der_pp:train:159 - 0:1:40, loss: 5.005
2023-04-15 18:43:56.993 | INFO     | algorithms.der_pp:train:159 - 0:1:80, loss: 4.754
2023-04-15 18:43:58.972 | INFO     | algorithms.der_pp:train:159 - 0:1:120, loss: 4.530
2023-04-15 18:44:00.945 | INFO     | algorithms.der_pp:train:159 - 0:1:160, loss: 4.530
2023-04-15 18:44:02.927 | INFO     | algorithms.der_pp:train:159 - 0:1:200, loss: 4.345
2023-04-15 18:44:04.909 | INFO     | algorithms.der_pp:train:159 - 0:1:240, loss: 4.237
2023-04-15 18:44:06.879 | INFO     | algorithms.der_pp:train:159 - 0:1:280, loss: 4.143
2023-04-15 18:44:08.850 | INFO     | algorithms.der_pp:train:159 - 0:1:320, loss: 4.058
2023-04-15 18:44:10.824 | INFO     | algorithms.der_pp:train:159 - 0:1:360, loss: 3.938
2023-04-15 18:44:12.798 | INFO     | algorithms.der_pp:train:159 - 0:1:400, loss: 3.939
2023-04-15 18:44:14.767 | INFO     | algorithms.der_pp:train:159 - 0:1:440, loss: 3.938
2023-04-15 18:44:16.743 | INFO     | algorithms.der_pp:train:159 - 0:1:480, loss: 3.808
2023-04-15 18:44:18.720 | INFO     | algorithms.der_pp:train:159 - 0:1:520, loss: 3.712
2023-04-15 18:44:20.696 | INFO     | algorithms.der_pp:train:159 - 0:1:560, loss: 3.591
2023-04-15 18:44:22.672 | INFO     | algorithms.der_pp:train:159 - 0:1:600, loss: 3.570
2023-04-15 18:44:23.854 | DEBUG    | algorithms.der_pp:train:162 - Current sample stats:
2023-04-15 18:44:23.855 | DEBUG    | algorithms.der_pp:train:165 - 85 has 10 samples
2023-04-15 18:44:23.856 | DEBUG    | algorithms.der_pp:train:165 - 53 has 10 samples
2023-04-15 18:44:23.857 | DEBUG    | algorithms.der_pp:train:165 - 11 has 10 samples
2023-04-15 18:44:23.857 | DEBUG    | algorithms.der_pp:train:165 - 96 has 10 samples
2023-04-15 18:44:23.858 | DEBUG    | algorithms.der_pp:train:165 - 2 has 10 samples
2023-04-15 18:44:23.859 | DEBUG    | algorithms.der_pp:train:165 - 78 has 10 samples
2023-04-15 18:44:23.859 | DEBUG    | algorithms.der_pp:train:165 - 61 has 10 samples
2023-04-15 18:44:23.860 | DEBUG    | algorithms.der_pp:train:165 - 97 has 10 samples
2023-04-15 18:44:23.861 | DEBUG    | algorithms.der_pp:train:165 - 67 has 10 samples
2023-04-15 18:44:23.861 | DEBUG    | algorithms.der_pp:train:165 - 83 has 10 samples
2023-04-15 18:44:23.862 | DEBUG    | algorithms.der_pp:train:165 - 48 has 10 samples
2023-04-15 18:44:23.863 | DEBUG    | algorithms.der_pp:train:165 - 6 has 10 samples
2023-04-15 18:44:23.863 | DEBUG    | algorithms.der_pp:train:165 - 92 has 10 samples
2023-04-15 18:44:23.864 | DEBUG    | algorithms.der_pp:train:165 - 62 has 10 samples
2023-04-15 18:44:23.865 | DEBUG    | algorithms.der_pp:train:165 - 17 has 10 samples
2023-04-15 18:44:23.865 | DEBUG    | algorithms.der_pp:train:165 - 45 has 10 samples
2023-04-15 18:44:23.866 | DEBUG    | algorithms.der_pp:train:165 - 76 has 10 samples
2023-04-15 18:44:23.867 | DEBUG    | algorithms.der_pp:train:165 - 66 has 10 samples
2023-04-15 18:44:23.867 | DEBUG    | algorithms.der_pp:train:165 - 3 has 10 samples
2023-04-15 18:44:23.868 | DEBUG    | algorithms.der_pp:train:165 - 63 has 10 samples
2023-04-15 18:44:23.869 | INFO     | algorithms.der_pp:train:170 - 1, loss: 4.115
2023-04-15 18:44:23.870 | INFO     | algorithms.algorithm_base:run_base_task_metrics:144 - Running metrics: Task 0
2023-04-15 18:44:27.754 | DEBUG    | algorithms.algorithm_base:run_base_task_metrics:200 - Raw classification accuracy results saved to ./output_cifar100_varied_sampling/der_pp/1681580629.7831857_CIFAR100_OFFICIAL_RUN/task_0_accuracy_results.json
2023-04-15 18:44:27.755 | INFO     | algorithms.algorithm_base:run_base_task_metrics:201 - Correctly classified 556 / 10000 samples (5.56% correct)
2023-04-15 18:44:28.227 | INFO     | algorithms.der_pp:train:86 - Task 2 / 5
2023-04-15 18:44:28.232 | INFO     | algorithms.der_pp:train:87 - Classes in task: ['snail', 'bus', 'train', 'skunk', 'lizard', 'caterpillar', 'woman', 'bicycle', 'trout', 'possum', 'beaver', 'pear', 'cockroach', 'squirrel', 'couch', 'aquarium_fish', 'worm', 'chimpanzee', 'man', 'whale']
2023-04-15 18:44:28.233 | INFO     | algorithms.der_pp:train:95 - Starting epoch 1 / 1
2023-04-15 18:44:30.292 | INFO     | algorithms.der_pp:train:159 - 1:1:40, loss: 5.131
2023-04-15 18:44:32.297 | INFO     | algorithms.der_pp:train:159 - 1:1:80, loss: 4.736
2023-04-15 18:44:34.304 | INFO     | algorithms.der_pp:train:159 - 1:1:120, loss: 4.509
2023-04-15 18:44:36.313 | INFO     | algorithms.der_pp:train:159 - 1:1:160, loss: 4.419
2023-04-15 18:44:38.323 | INFO     | algorithms.der_pp:train:159 - 1:1:200, loss: 4.423
2023-04-15 18:44:40.332 | INFO     | algorithms.der_pp:train:159 - 1:1:240, loss: 4.312
2023-04-15 18:44:42.341 | INFO     | algorithms.der_pp:train:159 - 1:1:280, loss: 4.337
2023-04-15 18:44:44.355 | INFO     | algorithms.der_pp:train:159 - 1:1:320, loss: 4.316
2023-04-15 18:44:46.366 | INFO     | algorithms.der_pp:train:159 - 1:1:360, loss: 4.231
2023-04-15 18:44:48.378 | INFO     | algorithms.der_pp:train:159 - 1:1:400, loss: 4.201
2023-04-15 18:44:50.388 | INFO     | algorithms.der_pp:train:159 - 1:1:440, loss: 4.126
2023-04-15 18:44:52.395 | INFO     | algorithms.der_pp:train:159 - 1:1:480, loss: 4.031
2023-04-15 18:44:54.405 | INFO     | algorithms.der_pp:train:159 - 1:1:520, loss: 4.025
2023-04-15 18:44:56.415 | INFO     | algorithms.der_pp:train:159 - 1:1:560, loss: 4.080
2023-04-15 18:44:58.425 | INFO     | algorithms.der_pp:train:159 - 1:1:600, loss: 3.953
2023-04-15 18:44:59.632 | DEBUG    | algorithms.der_pp:train:162 - Current sample stats:
2023-04-15 18:44:59.632 | DEBUG    | algorithms.der_pp:train:165 - 85 has 5 samples
2023-04-15 18:44:59.633 | DEBUG    | algorithms.der_pp:train:165 - 53 has 5 samples
2023-04-15 18:44:59.634 | DEBUG    | algorithms.der_pp:train:165 - 11 has 5 samples
2023-04-15 18:44:59.635 | DEBUG    | algorithms.der_pp:train:165 - 96 has 5 samples
2023-04-15 18:44:59.635 | DEBUG    | algorithms.der_pp:train:165 - 2 has 5 samples
2023-04-15 18:44:59.636 | DEBUG    | algorithms.der_pp:train:165 - 78 has 5 samples
2023-04-15 18:44:59.637 | DEBUG    | algorithms.der_pp:train:165 - 61 has 5 samples
2023-04-15 18:44:59.637 | DEBUG    | algorithms.der_pp:train:165 - 97 has 5 samples
2023-04-15 18:44:59.638 | DEBUG    | algorithms.der_pp:train:165 - 67 has 5 samples
2023-04-15 18:44:59.639 | DEBUG    | algorithms.der_pp:train:165 - 83 has 5 samples
2023-04-15 18:44:59.639 | DEBUG    | algorithms.der_pp:train:165 - 48 has 5 samples
2023-04-15 18:44:59.640 | DEBUG    | algorithms.der_pp:train:165 - 6 has 5 samples
2023-04-15 18:44:59.641 | DEBUG    | algorithms.der_pp:train:165 - 92 has 5 samples
2023-04-15 18:44:59.641 | DEBUG    | algorithms.der_pp:train:165 - 62 has 5 samples
2023-04-15 18:44:59.642 | DEBUG    | algorithms.der_pp:train:165 - 17 has 5 samples
2023-04-15 18:44:59.643 | DEBUG    | algorithms.der_pp:train:165 - 45 has 5 samples
2023-04-15 18:44:59.643 | DEBUG    | algorithms.der_pp:train:165 - 76 has 5 samples
2023-04-15 18:44:59.644 | DEBUG    | algorithms.der_pp:train:165 - 66 has 5 samples
2023-04-15 18:44:59.645 | DEBUG    | algorithms.der_pp:train:165 - 3 has 5 samples
2023-04-15 18:44:59.645 | DEBUG    | algorithms.der_pp:train:165 - 63 has 5 samples
2023-04-15 18:44:59.646 | DEBUG    | algorithms.der_pp:train:165 - 80 has 5 samples
2023-04-15 18:44:59.647 | DEBUG    | algorithms.der_pp:train:165 - 46 has 5 samples
2023-04-15 18:44:59.648 | DEBUG    | algorithms.der_pp:train:165 - 1 has 5 samples
2023-04-15 18:44:59.648 | DEBUG    | algorithms.der_pp:train:165 - 91 has 5 samples
2023-04-15 18:44:59.649 | DEBUG    | algorithms.der_pp:train:165 - 4 has 5 samples
2023-04-15 18:44:59.649 | DEBUG    | algorithms.der_pp:train:165 - 77 has 5 samples
2023-04-15 18:44:59.650 | DEBUG    | algorithms.der_pp:train:165 - 18 has 5 samples
2023-04-15 18:44:59.651 | DEBUG    | algorithms.der_pp:train:165 - 44 has 5 samples
2023-04-15 18:44:59.651 | DEBUG    | algorithms.der_pp:train:165 - 98 has 5 samples
2023-04-15 18:44:59.652 | DEBUG    | algorithms.der_pp:train:165 - 21 has 5 samples
2023-04-15 18:44:59.653 | DEBUG    | algorithms.der_pp:train:165 - 24 has 5 samples
2023-04-15 18:44:59.654 | DEBUG    | algorithms.der_pp:train:165 - 25 has 5 samples
2023-04-15 18:44:59.654 | DEBUG    | algorithms.der_pp:train:165 - 57 has 5 samples
2023-04-15 18:44:59.655 | DEBUG    | algorithms.der_pp:train:165 - 64 has 5 samples
2023-04-15 18:44:59.656 | DEBUG    | algorithms.der_pp:train:165 - 99 has 5 samples
2023-04-15 18:44:59.657 | DEBUG    | algorithms.der_pp:train:165 - 13 has 5 samples
2023-04-15 18:44:59.657 | DEBUG    | algorithms.der_pp:train:165 - 8 has 5 samples
2023-04-15 18:44:59.658 | DEBUG    | algorithms.der_pp:train:165 - 75 has 5 samples
2023-04-15 18:44:59.659 | DEBUG    | algorithms.der_pp:train:165 - 90 has 5 samples
2023-04-15 18:44:59.659 | DEBUG    | algorithms.der_pp:train:165 - 95 has 5 samples
2023-04-15 18:44:59.660 | INFO     | algorithms.der_pp:train:170 - 1, loss: 4.308
2023-04-15 18:44:59.661 | INFO     | algorithms.algorithm_base:run_base_task_metrics:144 - Running metrics: Task 1
2023-04-15 18:45:03.542 | DEBUG    | algorithms.algorithm_base:run_base_task_metrics:200 - Raw classification accuracy results saved to ./output_cifar100_varied_sampling/der_pp/1681580629.7831857_CIFAR100_OFFICIAL_RUN/task_1_accuracy_results.json
2023-04-15 18:45:03.544 | INFO     | algorithms.algorithm_base:run_base_task_metrics:201 - Correctly classified 641 / 10000 samples (6.41% correct)
2023-04-15 18:45:03.923 | INFO     | algorithms.der_pp:train:86 - Task 3 / 5
2023-04-15 18:45:03.928 | INFO     | algorithms.der_pp:train:87 - Classes in task: ['telephone', 'leopard', 'clock', 'rabbit', 'pickup_truck', 'chair', 'bottle', 'television', 'spider', 'crocodile', 'dinosaur', 'beetle', 'mushroom', 'house', 'mouse', 'kangaroo', 'lamp', 'plain', 'road', 'camel']
2023-04-15 18:45:03.929 | INFO     | algorithms.der_pp:train:95 - Starting epoch 1 / 1
2023-04-15 18:45:05.992 | INFO     | algorithms.der_pp:train:159 - 2:1:40, loss: 5.420
2023-04-15 18:45:08.004 | INFO     | algorithms.der_pp:train:159 - 2:1:80, loss: 4.936
2023-04-15 18:45:10.016 | INFO     | algorithms.der_pp:train:159 - 2:1:120, loss: 4.809
2023-04-15 18:45:12.028 | INFO     | algorithms.der_pp:train:159 - 2:1:160, loss: 4.796
2023-04-15 18:45:14.044 | INFO     | algorithms.der_pp:train:159 - 2:1:200, loss: 4.784
2023-04-15 18:45:16.061 | INFO     | algorithms.der_pp:train:159 - 2:1:240, loss: 4.586
2023-04-15 18:45:18.073 | INFO     | algorithms.der_pp:train:159 - 2:1:280, loss: 4.534
2023-04-15 18:45:20.088 | INFO     | algorithms.der_pp:train:159 - 2:1:320, loss: 4.450
2023-04-15 18:45:22.098 | INFO     | algorithms.der_pp:train:159 - 2:1:360, loss: 4.335
2023-04-15 18:45:24.108 | INFO     | algorithms.der_pp:train:159 - 2:1:400, loss: 4.286
2023-04-15 18:45:26.123 | INFO     | algorithms.der_pp:train:159 - 2:1:440, loss: 4.300
2023-04-15 18:45:28.135 | INFO     | algorithms.der_pp:train:159 - 2:1:480, loss: 4.264
2023-04-15 18:45:30.147 | INFO     | algorithms.der_pp:train:159 - 2:1:520, loss: 4.241
2023-04-15 18:45:32.158 | INFO     | algorithms.der_pp:train:159 - 2:1:560, loss: 4.200
2023-04-15 18:45:34.173 | INFO     | algorithms.der_pp:train:159 - 2:1:600, loss: 4.127
2023-04-15 18:45:35.380 | DEBUG    | algorithms.der_pp:train:162 - Current sample stats:
2023-04-15 18:45:35.381 | DEBUG    | algorithms.der_pp:train:165 - 85 has 3 samples
2023-04-15 18:45:35.382 | DEBUG    | algorithms.der_pp:train:165 - 53 has 3 samples
2023-04-15 18:45:35.383 | DEBUG    | algorithms.der_pp:train:165 - 11 has 3 samples
2023-04-15 18:45:35.383 | DEBUG    | algorithms.der_pp:train:165 - 96 has 3 samples
2023-04-15 18:45:35.384 | DEBUG    | algorithms.der_pp:train:165 - 2 has 3 samples
2023-04-15 18:45:35.385 | DEBUG    | algorithms.der_pp:train:165 - 78 has 3 samples
2023-04-15 18:45:35.385 | DEBUG    | algorithms.der_pp:train:165 - 61 has 3 samples
2023-04-15 18:45:35.386 | DEBUG    | algorithms.der_pp:train:165 - 97 has 3 samples
2023-04-15 18:45:35.387 | DEBUG    | algorithms.der_pp:train:165 - 67 has 3 samples
2023-04-15 18:45:35.388 | DEBUG    | algorithms.der_pp:train:165 - 83 has 3 samples
2023-04-15 18:45:35.388 | DEBUG    | algorithms.der_pp:train:165 - 48 has 3 samples
2023-04-15 18:45:35.389 | DEBUG    | algorithms.der_pp:train:165 - 6 has 3 samples
2023-04-15 18:45:35.390 | DEBUG    | algorithms.der_pp:train:165 - 92 has 3 samples
2023-04-15 18:45:35.390 | DEBUG    | algorithms.der_pp:train:165 - 62 has 3 samples
2023-04-15 18:45:35.391 | DEBUG    | algorithms.der_pp:train:165 - 17 has 3 samples
2023-04-15 18:45:35.392 | DEBUG    | algorithms.der_pp:train:165 - 45 has 3 samples
2023-04-15 18:45:35.392 | DEBUG    | algorithms.der_pp:train:165 - 76 has 3 samples
2023-04-15 18:45:35.393 | DEBUG    | algorithms.der_pp:train:165 - 66 has 3 samples
2023-04-15 18:45:35.394 | DEBUG    | algorithms.der_pp:train:165 - 3 has 3 samples
2023-04-15 18:45:35.394 | DEBUG    | algorithms.der_pp:train:165 - 63 has 3 samples
2023-04-15 18:45:35.395 | DEBUG    | algorithms.der_pp:train:165 - 80 has 3 samples
2023-04-15 18:45:35.396 | DEBUG    | algorithms.der_pp:train:165 - 46 has 3 samples
2023-04-15 18:45:35.396 | DEBUG    | algorithms.der_pp:train:165 - 1 has 3 samples
2023-04-15 18:45:35.397 | DEBUG    | algorithms.der_pp:train:165 - 91 has 3 samples
2023-04-15 18:45:35.398 | DEBUG    | algorithms.der_pp:train:165 - 4 has 3 samples
2023-04-15 18:45:35.398 | DEBUG    | algorithms.der_pp:train:165 - 77 has 3 samples
2023-04-15 18:45:35.399 | DEBUG    | algorithms.der_pp:train:165 - 18 has 3 samples
2023-04-15 18:45:35.400 | DEBUG    | algorithms.der_pp:train:165 - 44 has 3 samples
2023-04-15 18:45:35.400 | DEBUG    | algorithms.der_pp:train:165 - 98 has 3 samples
2023-04-15 18:45:35.401 | DEBUG    | algorithms.der_pp:train:165 - 21 has 3 samples
2023-04-15 18:45:35.402 | DEBUG    | algorithms.der_pp:train:165 - 24 has 3 samples
2023-04-15 18:45:35.402 | DEBUG    | algorithms.der_pp:train:165 - 25 has 3 samples
2023-04-15 18:45:35.403 | DEBUG    | algorithms.der_pp:train:165 - 57 has 3 samples
2023-04-15 18:45:35.404 | DEBUG    | algorithms.der_pp:train:165 - 64 has 3 samples
2023-04-15 18:45:35.404 | DEBUG    | algorithms.der_pp:train:165 - 99 has 3 samples
2023-04-15 18:45:35.405 | DEBUG    | algorithms.der_pp:train:165 - 13 has 3 samples
2023-04-15 18:45:35.406 | DEBUG    | algorithms.der_pp:train:165 - 8 has 3 samples
2023-04-15 18:45:35.407 | DEBUG    | algorithms.der_pp:train:165 - 75 has 3 samples
2023-04-15 18:45:35.407 | DEBUG    | algorithms.der_pp:train:165 - 90 has 3 samples
2023-04-15 18:45:35.408 | DEBUG    | algorithms.der_pp:train:165 - 95 has 3 samples
2023-04-15 18:45:35.409 | DEBUG    | algorithms.der_pp:train:165 - 86 has 4 samples
2023-04-15 18:45:35.409 | DEBUG    | algorithms.der_pp:train:165 - 79 has 4 samples
2023-04-15 18:45:35.410 | DEBUG    | algorithms.der_pp:train:165 - 15 has 4 samples
2023-04-15 18:45:35.411 | DEBUG    | algorithms.der_pp:train:165 - 9 has 4 samples
2023-04-15 18:45:35.411 | DEBUG    | algorithms.der_pp:train:165 - 40 has 4 samples
2023-04-15 18:45:35.412 | DEBUG    | algorithms.der_pp:train:165 - 50 has 4 samples
2023-04-15 18:45:35.413 | DEBUG    | algorithms.der_pp:train:165 - 29 has 4 samples
2023-04-15 18:45:35.414 | DEBUG    | algorithms.der_pp:train:165 - 37 has 4 samples
2023-04-15 18:45:35.414 | DEBUG    | algorithms.der_pp:train:165 - 22 has 4 samples
2023-04-15 18:45:35.415 | DEBUG    | algorithms.der_pp:train:165 - 27 has 4 samples
2023-04-15 18:45:35.416 | DEBUG    | algorithms.der_pp:train:165 - 20 has 4 samples
2023-04-15 18:45:35.417 | DEBUG    | algorithms.der_pp:train:165 - 60 has 4 samples
2023-04-15 18:45:35.417 | DEBUG    | algorithms.der_pp:train:165 - 38 has 4 samples
2023-04-15 18:45:35.418 | DEBUG    | algorithms.der_pp:train:165 - 7 has 4 samples
2023-04-15 18:45:35.419 | DEBUG    | algorithms.der_pp:train:165 - 65 has 4 samples
2023-04-15 18:45:35.419 | DEBUG    | algorithms.der_pp:train:165 - 42 has 4 samples
2023-04-15 18:45:35.420 | DEBUG    | algorithms.der_pp:train:165 - 51 has 4 samples
2023-04-15 18:45:35.421 | DEBUG    | algorithms.der_pp:train:165 - 87 has 4 samples
2023-04-15 18:45:35.422 | DEBUG    | algorithms.der_pp:train:165 - 58 has 4 samples
2023-04-15 18:45:35.422 | DEBUG    | algorithms.der_pp:train:165 - 68 has 4 samples
2023-04-15 18:45:35.423 | INFO     | algorithms.der_pp:train:170 - 1, loss: 4.523
2023-04-15 18:45:35.424 | INFO     | algorithms.algorithm_base:run_base_task_metrics:144 - Running metrics: Task 2
2023-04-15 18:45:39.295 | DEBUG    | algorithms.algorithm_base:run_base_task_metrics:200 - Raw classification accuracy results saved to ./output_cifar100_varied_sampling/der_pp/1681580629.7831857_CIFAR100_OFFICIAL_RUN/task_2_accuracy_results.json
2023-04-15 18:45:39.297 | INFO     | algorithms.algorithm_base:run_base_task_metrics:201 - Correctly classified 607 / 10000 samples (6.07% correct)
2023-04-15 18:45:39.723 | INFO     | algorithms.der_pp:train:86 - Task 4 / 5
2023-04-15 18:45:39.728 | INFO     | algorithms.der_pp:train:87 - Classes in task: ['table', 'flatfish', 'mountain', 'lawn_mower', 'dolphin', 'rocket', 'forest', 'sunflower', 'otter', 'turtle', 'cup', 'crab', 'apple', 'oak_tree', 'hamster', 'keyboard', 'wardrobe', 'rose', 'lion', 'seal']
2023-04-15 18:45:39.729 | INFO     | algorithms.der_pp:train:95 - Starting epoch 1 / 1
2023-04-15 18:45:41.794 | INFO     | algorithms.der_pp:train:159 - 3:1:40, loss: 5.452
2023-04-15 18:45:43.811 | INFO     | algorithms.der_pp:train:159 - 3:1:80, loss: 4.958
2023-04-15 18:45:45.829 | INFO     | algorithms.der_pp:train:159 - 3:1:120, loss: 4.508
2023-04-15 18:45:47.839 | INFO     | algorithms.der_pp:train:159 - 3:1:160, loss: 4.395
2023-04-15 18:45:49.851 | INFO     | algorithms.der_pp:train:159 - 3:1:200, loss: 4.312
2023-04-15 18:45:51.865 | INFO     | algorithms.der_pp:train:159 - 3:1:240, loss: 4.113
2023-04-15 18:45:53.885 | INFO     | algorithms.der_pp:train:159 - 3:1:280, loss: 4.190
2023-04-15 18:45:55.898 | INFO     | algorithms.der_pp:train:159 - 3:1:320, loss: 4.081
2023-04-15 18:45:57.912 | INFO     | algorithms.der_pp:train:159 - 3:1:360, loss: 4.000
2023-04-15 18:45:59.925 | INFO     | algorithms.der_pp:train:159 - 3:1:400, loss: 3.927
2023-04-15 18:46:01.943 | INFO     | algorithms.der_pp:train:159 - 3:1:440, loss: 3.932
2023-04-15 18:46:03.964 | INFO     | algorithms.der_pp:train:159 - 3:1:480, loss: 3.838
2023-04-15 18:46:05.982 | INFO     | algorithms.der_pp:train:159 - 3:1:520, loss: 3.770
2023-04-15 18:46:07.996 | INFO     | algorithms.der_pp:train:159 - 3:1:560, loss: 3.802
2023-04-15 18:46:10.012 | INFO     | algorithms.der_pp:train:159 - 3:1:600, loss: 3.727
2023-04-15 18:46:11.221 | DEBUG    | algorithms.der_pp:train:162 - Current sample stats:
2023-04-15 18:46:11.222 | DEBUG    | algorithms.der_pp:train:165 - 85 has 2 samples
2023-04-15 18:46:11.222 | DEBUG    | algorithms.der_pp:train:165 - 53 has 2 samples
2023-04-15 18:46:11.223 | DEBUG    | algorithms.der_pp:train:165 - 11 has 2 samples
2023-04-15 18:46:11.224 | DEBUG    | algorithms.der_pp:train:165 - 96 has 2 samples
2023-04-15 18:46:11.225 | DEBUG    | algorithms.der_pp:train:165 - 2 has 2 samples
2023-04-15 18:46:11.225 | DEBUG    | algorithms.der_pp:train:165 - 78 has 2 samples
2023-04-15 18:46:11.226 | DEBUG    | algorithms.der_pp:train:165 - 61 has 2 samples
2023-04-15 18:46:11.227 | DEBUG    | algorithms.der_pp:train:165 - 97 has 2 samples
2023-04-15 18:46:11.228 | DEBUG    | algorithms.der_pp:train:165 - 67 has 2 samples
2023-04-15 18:46:11.228 | DEBUG    | algorithms.der_pp:train:165 - 83 has 2 samples
2023-04-15 18:46:11.229 | DEBUG    | algorithms.der_pp:train:165 - 48 has 2 samples
2023-04-15 18:46:11.230 | DEBUG    | algorithms.der_pp:train:165 - 6 has 2 samples
2023-04-15 18:46:11.230 | DEBUG    | algorithms.der_pp:train:165 - 92 has 2 samples
2023-04-15 18:46:11.231 | DEBUG    | algorithms.der_pp:train:165 - 62 has 2 samples
2023-04-15 18:46:11.232 | DEBUG    | algorithms.der_pp:train:165 - 17 has 2 samples
2023-04-15 18:46:11.233 | DEBUG    | algorithms.der_pp:train:165 - 45 has 2 samples
2023-04-15 18:46:11.233 | DEBUG    | algorithms.der_pp:train:165 - 76 has 2 samples
2023-04-15 18:46:11.234 | DEBUG    | algorithms.der_pp:train:165 - 66 has 2 samples
2023-04-15 18:46:11.235 | DEBUG    | algorithms.der_pp:train:165 - 3 has 2 samples
2023-04-15 18:46:11.236 | DEBUG    | algorithms.der_pp:train:165 - 63 has 2 samples
2023-04-15 18:46:11.236 | DEBUG    | algorithms.der_pp:train:165 - 80 has 2 samples
2023-04-15 18:46:11.237 | DEBUG    | algorithms.der_pp:train:165 - 46 has 2 samples
2023-04-15 18:46:11.238 | DEBUG    | algorithms.der_pp:train:165 - 1 has 2 samples
2023-04-15 18:46:11.238 | DEBUG    | algorithms.der_pp:train:165 - 91 has 2 samples
2023-04-15 18:46:11.239 | DEBUG    | algorithms.der_pp:train:165 - 4 has 2 samples
2023-04-15 18:46:11.240 | DEBUG    | algorithms.der_pp:train:165 - 77 has 2 samples
2023-04-15 18:46:11.241 | DEBUG    | algorithms.der_pp:train:165 - 18 has 2 samples
2023-04-15 18:46:11.241 | DEBUG    | algorithms.der_pp:train:165 - 44 has 2 samples
2023-04-15 18:46:11.242 | DEBUG    | algorithms.der_pp:train:165 - 98 has 2 samples
2023-04-15 18:46:11.243 | DEBUG    | algorithms.der_pp:train:165 - 21 has 2 samples
2023-04-15 18:46:11.244 | DEBUG    | algorithms.der_pp:train:165 - 24 has 2 samples
2023-04-15 18:46:11.244 | DEBUG    | algorithms.der_pp:train:165 - 25 has 2 samples
2023-04-15 18:46:11.245 | DEBUG    | algorithms.der_pp:train:165 - 57 has 2 samples
2023-04-15 18:46:11.246 | DEBUG    | algorithms.der_pp:train:165 - 64 has 2 samples
2023-04-15 18:46:11.246 | DEBUG    | algorithms.der_pp:train:165 - 99 has 2 samples
2023-04-15 18:46:11.247 | DEBUG    | algorithms.der_pp:train:165 - 13 has 2 samples
2023-04-15 18:46:11.248 | DEBUG    | algorithms.der_pp:train:165 - 8 has 2 samples
2023-04-15 18:46:11.249 | DEBUG    | algorithms.der_pp:train:165 - 75 has 2 samples
2023-04-15 18:46:11.249 | DEBUG    | algorithms.der_pp:train:165 - 90 has 2 samples
2023-04-15 18:46:11.250 | DEBUG    | algorithms.der_pp:train:165 - 95 has 2 samples
2023-04-15 18:46:11.251 | DEBUG    | algorithms.der_pp:train:165 - 86 has 3 samples
2023-04-15 18:46:11.251 | DEBUG    | algorithms.der_pp:train:165 - 79 has 3 samples
2023-04-15 18:46:11.252 | DEBUG    | algorithms.der_pp:train:165 - 15 has 3 samples
2023-04-15 18:46:11.253 | DEBUG    | algorithms.der_pp:train:165 - 9 has 3 samples
2023-04-15 18:46:11.254 | DEBUG    | algorithms.der_pp:train:165 - 40 has 3 samples
2023-04-15 18:46:11.254 | DEBUG    | algorithms.der_pp:train:165 - 50 has 3 samples
2023-04-15 18:46:11.255 | DEBUG    | algorithms.der_pp:train:165 - 29 has 3 samples
2023-04-15 18:46:11.256 | DEBUG    | algorithms.der_pp:train:165 - 37 has 3 samples
2023-04-15 18:46:11.257 | DEBUG    | algorithms.der_pp:train:165 - 22 has 3 samples
2023-04-15 18:46:11.257 | DEBUG    | algorithms.der_pp:train:165 - 27 has 3 samples
2023-04-15 18:46:11.258 | DEBUG    | algorithms.der_pp:train:165 - 20 has 3 samples
2023-04-15 18:46:11.259 | DEBUG    | algorithms.der_pp:train:165 - 60 has 3 samples
2023-04-15 18:46:11.259 | DEBUG    | algorithms.der_pp:train:165 - 38 has 3 samples
2023-04-15 18:46:11.260 | DEBUG    | algorithms.der_pp:train:165 - 7 has 3 samples
2023-04-15 18:46:11.261 | DEBUG    | algorithms.der_pp:train:165 - 65 has 3 samples
2023-04-15 18:46:11.262 | DEBUG    | algorithms.der_pp:train:165 - 42 has 3 samples
2023-04-15 18:46:11.262 | DEBUG    | algorithms.der_pp:train:165 - 51 has 3 samples
2023-04-15 18:46:11.263 | DEBUG    | algorithms.der_pp:train:165 - 87 has 3 samples
2023-04-15 18:46:11.264 | DEBUG    | algorithms.der_pp:train:165 - 58 has 3 samples
2023-04-15 18:46:11.265 | DEBUG    | algorithms.der_pp:train:165 - 68 has 3 samples
2023-04-15 18:46:11.265 | DEBUG    | algorithms.der_pp:train:165 - 52 has 3 samples
2023-04-15 18:46:11.266 | DEBUG    | algorithms.der_pp:train:165 - 84 has 3 samples
2023-04-15 18:46:11.267 | DEBUG    | algorithms.der_pp:train:165 - 94 has 3 samples
2023-04-15 18:46:11.267 | DEBUG    | algorithms.der_pp:train:165 - 82 has 3 samples
2023-04-15 18:46:11.268 | DEBUG    | algorithms.der_pp:train:165 - 28 has 3 samples
2023-04-15 18:46:11.269 | DEBUG    | algorithms.der_pp:train:165 - 26 has 3 samples
2023-04-15 18:46:11.270 | DEBUG    | algorithms.der_pp:train:165 - 49 has 3 samples
2023-04-15 18:46:11.270 | DEBUG    | algorithms.der_pp:train:165 - 72 has 3 samples
2023-04-15 18:46:11.271 | DEBUG    | algorithms.der_pp:train:165 - 39 has 3 samples
2023-04-15 18:46:11.272 | DEBUG    | algorithms.der_pp:train:165 - 33 has 3 samples
2023-04-15 18:46:11.272 | DEBUG    | algorithms.der_pp:train:165 - 43 has 3 samples
2023-04-15 18:46:11.273 | DEBUG    | algorithms.der_pp:train:165 - 30 has 3 samples
2023-04-15 18:46:11.274 | DEBUG    | algorithms.der_pp:train:165 - 93 has 3 samples
2023-04-15 18:46:11.274 | DEBUG    | algorithms.der_pp:train:165 - 69 has 3 samples
2023-04-15 18:46:11.275 | DEBUG    | algorithms.der_pp:train:165 - 70 has 3 samples
2023-04-15 18:46:11.276 | DEBUG    | algorithms.der_pp:train:165 - 36 has 3 samples
2023-04-15 18:46:11.277 | DEBUG    | algorithms.der_pp:train:165 - 32 has 3 samples
2023-04-15 18:46:11.277 | DEBUG    | algorithms.der_pp:train:165 - 55 has 3 samples
2023-04-15 18:46:11.278 | DEBUG    | algorithms.der_pp:train:165 - 0 has 3 samples
2023-04-15 18:46:11.279 | DEBUG    | algorithms.der_pp:train:165 - 41 has 3 samples
2023-04-15 18:46:11.279 | INFO     | algorithms.der_pp:train:170 - 1, loss: 4.185
2023-04-15 18:46:11.280 | INFO     | algorithms.algorithm_base:run_base_task_metrics:144 - Running metrics: Task 3
2023-04-15 18:46:15.126 | DEBUG    | algorithms.algorithm_base:run_base_task_metrics:200 - Raw classification accuracy results saved to ./output_cifar100_varied_sampling/der_pp/1681580629.7831857_CIFAR100_OFFICIAL_RUN/task_3_accuracy_results.json
2023-04-15 18:46:15.128 | INFO     | algorithms.algorithm_base:run_base_task_metrics:201 - Correctly classified 705 / 10000 samples (7.05% correct)
2023-04-15 18:46:15.502 | INFO     | algorithms.der_pp:train:86 - Task 5 / 5
2023-04-15 18:46:15.507 | INFO     | algorithms.der_pp:train:87 - Classes in task: ['streetcar', 'bed', 'shrew', 'bowl', 'shark', 'sea', 'cloud', 'fox', 'maple_tree', 'butterfly', 'tiger', 'orchid', 'elephant', 'cattle', 'can', 'palm_tree', 'bridge', 'pine_tree', 'tractor', 'girl']
2023-04-15 18:46:15.507 | INFO     | algorithms.der_pp:train:95 - Starting epoch 1 / 1
2023-04-15 18:46:17.575 | INFO     | algorithms.der_pp:train:159 - 4:1:40, loss: 5.401
2023-04-15 18:46:19.591 | INFO     | algorithms.der_pp:train:159 - 4:1:80, loss: 5.031
2023-04-15 18:46:21.605 | INFO     | algorithms.der_pp:train:159 - 4:1:120, loss: 4.825
2023-04-15 18:46:23.627 | INFO     | algorithms.der_pp:train:159 - 4:1:160, loss: 4.689
2023-04-15 18:46:25.647 | INFO     | algorithms.der_pp:train:159 - 4:1:200, loss: 4.531
2023-04-15 18:46:27.665 | INFO     | algorithms.der_pp:train:159 - 4:1:240, loss: 4.417
2023-04-15 18:46:29.683 | INFO     | algorithms.der_pp:train:159 - 4:1:280, loss: 4.457
2023-04-15 18:46:31.697 | INFO     | algorithms.der_pp:train:159 - 4:1:320, loss: 4.293
2023-04-15 18:46:33.716 | INFO     | algorithms.der_pp:train:159 - 4:1:360, loss: 4.222
2023-04-15 18:46:35.732 | INFO     | algorithms.der_pp:train:159 - 4:1:400, loss: 4.204
2023-04-15 18:46:37.752 | INFO     | algorithms.der_pp:train:159 - 4:1:440, loss: 4.131
2023-04-15 18:46:39.768 | INFO     | algorithms.der_pp:train:159 - 4:1:480, loss: 4.096
2023-04-15 18:46:41.787 | INFO     | algorithms.der_pp:train:159 - 4:1:520, loss: 4.115
2023-04-15 18:46:43.811 | INFO     | algorithms.der_pp:train:159 - 4:1:560, loss: 3.952
2023-04-15 18:46:45.821 | INFO     | algorithms.der_pp:train:159 - 4:1:600, loss: 3.990
2023-04-15 18:46:47.034 | DEBUG    | algorithms.der_pp:train:162 - Current sample stats:
2023-04-15 18:46:47.035 | DEBUG    | algorithms.der_pp:train:165 - 85 has 2 samples
2023-04-15 18:46:47.035 | DEBUG    | algorithms.der_pp:train:165 - 53 has 2 samples
2023-04-15 18:46:47.036 | DEBUG    | algorithms.der_pp:train:165 - 11 has 2 samples
2023-04-15 18:46:47.037 | DEBUG    | algorithms.der_pp:train:165 - 96 has 2 samples
2023-04-15 18:46:47.038 | DEBUG    | algorithms.der_pp:train:165 - 2 has 2 samples
2023-04-15 18:46:47.038 | DEBUG    | algorithms.der_pp:train:165 - 78 has 2 samples
2023-04-15 18:46:47.039 | DEBUG    | algorithms.der_pp:train:165 - 61 has 2 samples
2023-04-15 18:46:47.040 | DEBUG    | algorithms.der_pp:train:165 - 97 has 2 samples
2023-04-15 18:46:47.041 | DEBUG    | algorithms.der_pp:train:165 - 67 has 2 samples
2023-04-15 18:46:47.041 | DEBUG    | algorithms.der_pp:train:165 - 83 has 2 samples
2023-04-15 18:46:47.042 | DEBUG    | algorithms.der_pp:train:165 - 48 has 2 samples
2023-04-15 18:46:47.043 | DEBUG    | algorithms.der_pp:train:165 - 6 has 2 samples
2023-04-15 18:46:47.044 | DEBUG    | algorithms.der_pp:train:165 - 92 has 2 samples
2023-04-15 18:46:47.044 | DEBUG    | algorithms.der_pp:train:165 - 62 has 2 samples
2023-04-15 18:46:47.045 | DEBUG    | algorithms.der_pp:train:165 - 17 has 2 samples
2023-04-15 18:46:47.046 | DEBUG    | algorithms.der_pp:train:165 - 45 has 2 samples
2023-04-15 18:46:47.046 | DEBUG    | algorithms.der_pp:train:165 - 76 has 2 samples
2023-04-15 18:46:47.047 | DEBUG    | algorithms.der_pp:train:165 - 66 has 2 samples
2023-04-15 18:46:47.048 | DEBUG    | algorithms.der_pp:train:165 - 3 has 2 samples
2023-04-15 18:46:47.049 | DEBUG    | algorithms.der_pp:train:165 - 63 has 2 samples
2023-04-15 18:46:47.049 | DEBUG    | algorithms.der_pp:train:165 - 80 has 2 samples
2023-04-15 18:46:47.050 | DEBUG    | algorithms.der_pp:train:165 - 46 has 2 samples
2023-04-15 18:46:47.051 | DEBUG    | algorithms.der_pp:train:165 - 1 has 2 samples
2023-04-15 18:46:47.051 | DEBUG    | algorithms.der_pp:train:165 - 91 has 2 samples
2023-04-15 18:46:47.052 | DEBUG    | algorithms.der_pp:train:165 - 4 has 2 samples
2023-04-15 18:46:47.053 | DEBUG    | algorithms.der_pp:train:165 - 77 has 2 samples
2023-04-15 18:46:47.054 | DEBUG    | algorithms.der_pp:train:165 - 18 has 2 samples
2023-04-15 18:46:47.054 | DEBUG    | algorithms.der_pp:train:165 - 44 has 2 samples
2023-04-15 18:46:47.055 | DEBUG    | algorithms.der_pp:train:165 - 98 has 2 samples
2023-04-15 18:46:47.056 | DEBUG    | algorithms.der_pp:train:165 - 21 has 2 samples
2023-04-15 18:46:47.057 | DEBUG    | algorithms.der_pp:train:165 - 24 has 2 samples
2023-04-15 18:46:47.057 | DEBUG    | algorithms.der_pp:train:165 - 25 has 2 samples
2023-04-15 18:46:47.058 | DEBUG    | algorithms.der_pp:train:165 - 57 has 2 samples
2023-04-15 18:46:47.059 | DEBUG    | algorithms.der_pp:train:165 - 64 has 2 samples
2023-04-15 18:46:47.059 | DEBUG    | algorithms.der_pp:train:165 - 99 has 2 samples
2023-04-15 18:46:47.060 | DEBUG    | algorithms.der_pp:train:165 - 13 has 2 samples
2023-04-15 18:46:47.061 | DEBUG    | algorithms.der_pp:train:165 - 8 has 2 samples
2023-04-15 18:46:47.062 | DEBUG    | algorithms.der_pp:train:165 - 75 has 2 samples
2023-04-15 18:46:47.062 | DEBUG    | algorithms.der_pp:train:165 - 90 has 2 samples
2023-04-15 18:46:47.063 | DEBUG    | algorithms.der_pp:train:165 - 95 has 2 samples
2023-04-15 18:46:47.064 | DEBUG    | algorithms.der_pp:train:165 - 86 has 2 samples
2023-04-15 18:46:47.064 | DEBUG    | algorithms.der_pp:train:165 - 79 has 2 samples
2023-04-15 18:46:47.065 | DEBUG    | algorithms.der_pp:train:165 - 15 has 2 samples
2023-04-15 18:46:47.066 | DEBUG    | algorithms.der_pp:train:165 - 9 has 2 samples
2023-04-15 18:46:47.067 | DEBUG    | algorithms.der_pp:train:165 - 40 has 2 samples
2023-04-15 18:46:47.067 | DEBUG    | algorithms.der_pp:train:165 - 50 has 2 samples
2023-04-15 18:46:47.068 | DEBUG    | algorithms.der_pp:train:165 - 29 has 2 samples
2023-04-15 18:46:47.069 | DEBUG    | algorithms.der_pp:train:165 - 37 has 2 samples
2023-04-15 18:46:47.069 | DEBUG    | algorithms.der_pp:train:165 - 22 has 2 samples
2023-04-15 18:46:47.070 | DEBUG    | algorithms.der_pp:train:165 - 27 has 2 samples
2023-04-15 18:46:47.071 | DEBUG    | algorithms.der_pp:train:165 - 20 has 2 samples
2023-04-15 18:46:47.072 | DEBUG    | algorithms.der_pp:train:165 - 60 has 2 samples
2023-04-15 18:46:47.072 | DEBUG    | algorithms.der_pp:train:165 - 38 has 2 samples
2023-04-15 18:46:47.073 | DEBUG    | algorithms.der_pp:train:165 - 7 has 2 samples
2023-04-15 18:46:47.074 | DEBUG    | algorithms.der_pp:train:165 - 65 has 2 samples
2023-04-15 18:46:47.075 | DEBUG    | algorithms.der_pp:train:165 - 42 has 2 samples
2023-04-15 18:46:47.075 | DEBUG    | algorithms.der_pp:train:165 - 51 has 2 samples
2023-04-15 18:46:47.076 | DEBUG    | algorithms.der_pp:train:165 - 87 has 2 samples
2023-04-15 18:46:47.077 | DEBUG    | algorithms.der_pp:train:165 - 58 has 2 samples
2023-04-15 18:46:47.077 | DEBUG    | algorithms.der_pp:train:165 - 68 has 2 samples
2023-04-15 18:46:47.078 | DEBUG    | algorithms.der_pp:train:165 - 52 has 2 samples
2023-04-15 18:46:47.079 | DEBUG    | algorithms.der_pp:train:165 - 84 has 2 samples
2023-04-15 18:46:47.080 | DEBUG    | algorithms.der_pp:train:165 - 94 has 2 samples
2023-04-15 18:46:47.080 | DEBUG    | algorithms.der_pp:train:165 - 82 has 2 samples
2023-04-15 18:46:47.081 | DEBUG    | algorithms.der_pp:train:165 - 28 has 2 samples
2023-04-15 18:46:47.082 | DEBUG    | algorithms.der_pp:train:165 - 26 has 2 samples
2023-04-15 18:46:47.082 | DEBUG    | algorithms.der_pp:train:165 - 49 has 2 samples
2023-04-15 18:46:47.083 | DEBUG    | algorithms.der_pp:train:165 - 72 has 2 samples
2023-04-15 18:46:47.084 | DEBUG    | algorithms.der_pp:train:165 - 39 has 2 samples
2023-04-15 18:46:47.085 | DEBUG    | algorithms.der_pp:train:165 - 33 has 2 samples
2023-04-15 18:46:47.085 | DEBUG    | algorithms.der_pp:train:165 - 43 has 2 samples
2023-04-15 18:46:47.086 | DEBUG    | algorithms.der_pp:train:165 - 30 has 2 samples
2023-04-15 18:46:47.087 | DEBUG    | algorithms.der_pp:train:165 - 93 has 2 samples
2023-04-15 18:46:47.088 | DEBUG    | algorithms.der_pp:train:165 - 69 has 2 samples
2023-04-15 18:46:47.088 | DEBUG    | algorithms.der_pp:train:165 - 70 has 2 samples
2023-04-15 18:46:47.089 | DEBUG    | algorithms.der_pp:train:165 - 36 has 2 samples
2023-04-15 18:46:47.090 | DEBUG    | algorithms.der_pp:train:165 - 32 has 2 samples
2023-04-15 18:46:47.091 | DEBUG    | algorithms.der_pp:train:165 - 55 has 2 samples
2023-04-15 18:46:47.091 | DEBUG    | algorithms.der_pp:train:165 - 0 has 2 samples
2023-04-15 18:46:47.092 | DEBUG    | algorithms.der_pp:train:165 - 41 has 2 samples
2023-04-15 18:46:47.093 | DEBUG    | algorithms.der_pp:train:165 - 59 has 2 samples
2023-04-15 18:46:47.093 | DEBUG    | algorithms.der_pp:train:165 - 81 has 2 samples
2023-04-15 18:46:47.094 | DEBUG    | algorithms.der_pp:train:165 - 34 has 2 samples
2023-04-15 18:46:47.095 | DEBUG    | algorithms.der_pp:train:165 - 12 has 2 samples
2023-04-15 18:46:47.096 | DEBUG    | algorithms.der_pp:train:165 - 71 has 2 samples
2023-04-15 18:46:47.096 | DEBUG    | algorithms.der_pp:train:165 - 74 has 2 samples
2023-04-15 18:46:47.097 | DEBUG    | algorithms.der_pp:train:165 - 47 has 2 samples
2023-04-15 18:46:47.098 | DEBUG    | algorithms.der_pp:train:165 - 88 has 2 samples
2023-04-15 18:46:47.098 | DEBUG    | algorithms.der_pp:train:165 - 89 has 2 samples
2023-04-15 18:46:47.099 | DEBUG    | algorithms.der_pp:train:165 - 35 has 2 samples
2023-04-15 18:46:47.100 | DEBUG    | algorithms.der_pp:train:165 - 16 has 2 samples
2023-04-15 18:46:47.101 | DEBUG    | algorithms.der_pp:train:165 - 14 has 2 samples
2023-04-15 18:46:47.101 | DEBUG    | algorithms.der_pp:train:165 - 73 has 2 samples
2023-04-15 18:46:47.102 | DEBUG    | algorithms.der_pp:train:165 - 54 has 2 samples
2023-04-15 18:46:47.103 | DEBUG    | algorithms.der_pp:train:165 - 10 has 2 samples
2023-04-15 18:46:47.104 | DEBUG    | algorithms.der_pp:train:165 - 5 has 2 samples
2023-04-15 18:46:47.104 | DEBUG    | algorithms.der_pp:train:165 - 19 has 2 samples
2023-04-15 18:46:47.105 | DEBUG    | algorithms.der_pp:train:165 - 31 has 2 samples
2023-04-15 18:46:47.106 | DEBUG    | algorithms.der_pp:train:165 - 23 has 2 samples
2023-04-15 18:46:47.106 | DEBUG    | algorithms.der_pp:train:165 - 56 has 2 samples
2023-04-15 18:46:47.107 | INFO     | algorithms.der_pp:train:170 - 1, loss: 4.404
2023-04-15 18:46:47.108 | INFO     | algorithms.algorithm_base:run_base_task_metrics:144 - Running metrics: Task 4
2023-04-15 18:46:51.026 | DEBUG    | algorithms.algorithm_base:run_base_task_metrics:200 - Raw classification accuracy results saved to ./output_cifar100_varied_sampling/der_pp/1681580629.7831857_CIFAR100_OFFICIAL_RUN/task_4_accuracy_results.json
2023-04-15 18:46:51.028 | INFO     | algorithms.algorithm_base:run_base_task_metrics:201 - Correctly classified 675 / 10000 samples (6.75% correct)
2023-04-15 18:46:51.405 | INFO     | algorithms.der_pp:train:178 - Training complete
2023-04-15 18:46:51.410 | INFO     | __main__:run_experiment:300 - Training and evaluation completed!
2023-04-15 18:46:51.411 | INFO     | __main__:run_experiment:314 - Wrote usage stats to file
2023-04-15 18:46:51.412 | INFO     | __main__:main:363 - Complete
2023-04-15 18:46:51.413 | INFO     | __main__:close_tensorboard_writer:262 - Shut down TensorBoard
