2023-04-14 09:16:02.368 | INFO     | __main__:setup_files:218 - Experiment Name: OFFICIAL_RUN
2023-04-14 09:16:02.370 | INFO     | __main__:main:334 - Command line arguments: Configuration(algorithm='derpp', dataset='cifar100', classes_per_task=20, seed=2843, samples=200)
2023-04-14 09:16:02.372 | INFO     | __main__:main:338 - Seeded random to 2843
2023-04-14 09:16:02.372 | INFO     | __main__:main:342 - Got CUDA device
2023-04-14 09:16:02.373 | INFO     | __main__:force_cuda_load:268 - Forcing CUDA initialisation...
2023-04-14 09:16:02.429 | INFO     | __main__:main:346 - CUDA initialised
2023-04-14 09:16:02.432 | INFO     | __main__:setup_shutdown_hook:264 - To access TensorBoard, run the command: tensorboard --logdir=./output_cifar100_varied_sampling/der_pp/1681460162.363824_CIFAR100_OFFICIAL_RUN
2023-04-14 09:16:02.433 | INFO     | __main__:main:350 - Setup shutdown hooks
2023-04-14 09:16:02.456 | INFO     | __main__:main:355 - Model is setup
2023-04-14 09:16:02.458 | INFO     | __main__:main:357 - Complete pre-setup, starting experiment
2023-04-14 09:16:03.637 | INFO     | datasets.dataset_base:__init__:80 - Using disjoint tasks with 20 (5 tasks) with a randomised split
2023-04-14 09:16:03.639 | DEBUG    | datasets.dataset_base:_setup_task_datasets:95 - Splitting dataset into 5 disjoint tasks
2023-04-14 09:16:03.659 | INFO     | datasets.dataset_base:__init__:85 - {
  "name": "datasets.cifar100.CIFAR100",
  "dataset_class": "torchvision.datasets.cifar.CIFAR100",
  "training_dataset_parameters": "{'train': True, 'download': True}",
  "testing_dataset_parameters": "{'train': False, 'download': True}",
  "training_transform": "Compose(\n    Resize(size=(32, 32), interpolation=bilinear, max_size=None, antialias=None)\n    ToTensor()\n    Normalize(mean=(0.5071, 0.4867, 0.4408), std=(0.2675, 0.2565, 0.2761))\n    RandomCrop(size=(32, 32), padding=4)\n    RandomHorizontalFlip(p=0.5)\n)",
  "testing_transform": "Compose(\n    Resize(size=(32, 32), interpolation=bilinear, max_size=None, antialias=None)\n    ToTensor()\n    Normalize(mean=(0.5071, 0.4867, 0.4408), std=(0.2675, 0.2565, 0.2761))\n)",
  "classes": "apple, aquarium_fish, baby, bear, beaver, bed, bee, beetle, bicycle, bottle, bowl, boy, bridge, bus, butterfly, camel, can, castle, caterpillar, cattle, chair, chimpanzee, clock, cloud, cockroach, couch, crab, crocodile, cup, dinosaur, dolphin, elephant, flatfish, forest, fox, girl, hamster, house, kangaroo, keyboard, lamp, lawn_mower, leopard, lion, lizard, lobster, man, maple_tree, motorcycle, mountain, mouse, mushroom, oak_tree, orange, orchid, otter, palm_tree, pear, pickup_truck, pine_tree, plain, plate, poppy, porcupine, possum, rabbit, raccoon, ray, road, rocket, rose, sea, seal, shark, shrew, skunk, skyscraper, snail, snake, spider, squirrel, streetcar, sunflower, sweet_pepper, table, tank, telephone, television, tiger, tractor, train, trout, tulip, turtle, wardrobe, whale, willow_tree, wolf, woman, worm",
  "disjoint": true,
  "task_count": 5,
  "classes_per_task": [
    20
  ],
  "task_split_indices": [
    [
      87,
      53,
      70,
      96,
      26,
      34,
      0,
      28,
      22,
      64,
      74,
      23,
      86,
      36,
      62,
      16,
      35,
      18,
      19,
      47
    ],
    [
      66,
      65,
      6,
      40,
      41,
      49,
      73,
      11,
      83,
      13,
      27,
      77,
      93,
      43,
      20,
      80,
      63,
      58,
      10,
      91
    ],
    [
      99,
      61,
      48,
      67,
      84,
      3,
      81,
      56,
      54,
      68,
      14,
      94,
      50,
      46,
      95,
      9,
      51,
      59,
      57,
      30
    ],
    [
      37,
      25,
      12,
      78,
      60,
      39,
      69,
      21,
      71,
      52,
      55,
      75,
      85,
      5,
      97,
      76,
      7,
      38,
      15,
      98
    ],
    [
      44,
      92,
      79,
      33,
      29,
      17,
      8,
      32,
      45,
      90,
      2,
      88,
      24,
      42,
      31,
      89,
      82,
      1,
      4,
      72
    ]
  ],
  "task_split_classes": [
    [
      "television",
      "orange",
      "rose",
      "willow_tree",
      "crab",
      "fox",
      "apple",
      "cup",
      "clock",
      "possum",
      "shrew",
      "cloud",
      "telephone",
      "hamster",
      "poppy",
      "can",
      "girl",
      "caterpillar",
      "cattle",
      "maple_tree"
    ],
    [
      "raccoon",
      "rabbit",
      "bee",
      "lamp",
      "lawn_mower",
      "mountain",
      "shark",
      "boy",
      "sweet_pepper",
      "bus",
      "crocodile",
      "snail",
      "turtle",
      "lion",
      "chair",
      "squirrel",
      "porcupine",
      "pickup_truck",
      "bowl",
      "trout"
    ],
    [
      "worm",
      "plate",
      "motorcycle",
      "ray",
      "table",
      "bear",
      "streetcar",
      "palm_tree",
      "orchid",
      "road",
      "butterfly",
      "wardrobe",
      "mouse",
      "man",
      "whale",
      "bottle",
      "mushroom",
      "pine_tree",
      "pear",
      "dolphin"
    ],
    [
      "house",
      "couch",
      "bridge",
      "snake",
      "plain",
      "keyboard",
      "rocket",
      "chimpanzee",
      "sea",
      "oak_tree",
      "otter",
      "skunk",
      "tank",
      "bed",
      "wolf",
      "skyscraper",
      "beetle",
      "kangaroo",
      "camel",
      "woman"
    ],
    [
      "lizard",
      "tulip",
      "spider",
      "forest",
      "dinosaur",
      "castle",
      "bicycle",
      "flatfish",
      "lobster",
      "train",
      "baby",
      "tiger",
      "cockroach",
      "leopard",
      "elephant",
      "tractor",
      "sunflower",
      "aquarium_fish",
      "beaver",
      "seal"
    ]
  ]
}
2023-04-14 09:16:03.665 | DEBUG    | __main__:run_experiment:292 - PID: 6692
2023-04-14 09:16:03.668 | INFO     | __main__:run_experiment:294 - Starting...
2023-04-14 09:16:03.668 | INFO     | algorithms.algorithm_base:train:116 - {
  "name": "algorithms.der_pp.DarkExperiencePlusPlus",
  "model_class": "models.cifar.resnet.ResNet",
  "device": "cuda:0",
  "dataset_class": "datasets.cifar100.CIFAR100",
  "optimiser_class": "torch.optim.sgd.SGD",
  "loss_criterion_class": "torch.nn.modules.loss.CrossEntropyLoss",
  "epochs_per_task": 1,
  "batch_size": 16,
  "max_memory_samples": 200,
  "alpha": 0.5,
  "beta": 0.5
}
2023-04-14 09:16:03.671 | DEBUG    | algorithms.algorithm_base:_setup_training:109 - Model moved to cuda:0 and set to train mode
2023-04-14 09:16:03.671 | INFO     | algorithms.algorithm_base:train:118 - Starting training
2023-04-14 09:16:03.673 | INFO     | algorithms.der_pp:train:86 - Task 1 / 5
2023-04-14 09:16:03.674 | INFO     | algorithms.der_pp:train:87 - Classes in task: ['television', 'orange', 'rose', 'willow_tree', 'crab', 'fox', 'apple', 'cup', 'clock', 'possum', 'shrew', 'cloud', 'telephone', 'hamster', 'poppy', 'can', 'girl', 'caterpillar', 'cattle', 'maple_tree']
2023-04-14 09:16:03.674 | INFO     | algorithms.der_pp:train:95 - Starting epoch 1 / 1
2023-04-14 09:16:07.576 | INFO     | algorithms.der_pp:train:159 - 0:1:40, loss: 7.778
2023-04-14 09:16:09.527 | INFO     | algorithms.der_pp:train:159 - 0:1:80, loss: 7.393
2023-04-14 09:16:11.516 | INFO     | algorithms.der_pp:train:159 - 0:1:120, loss: 7.188
2023-04-14 09:16:13.501 | INFO     | algorithms.der_pp:train:159 - 0:1:160, loss: 6.702
2023-04-14 09:16:15.487 | INFO     | algorithms.der_pp:train:159 - 0:1:200, loss: 6.417
2023-04-14 09:16:17.475 | INFO     | algorithms.der_pp:train:159 - 0:1:240, loss: 6.213
2023-04-14 09:16:19.463 | INFO     | algorithms.der_pp:train:159 - 0:1:280, loss: 6.034
2023-04-14 09:16:21.454 | INFO     | algorithms.der_pp:train:159 - 0:1:320, loss: 5.994
2023-04-14 09:16:23.438 | INFO     | algorithms.der_pp:train:159 - 0:1:360, loss: 5.689
2023-04-14 09:16:25.421 | INFO     | algorithms.der_pp:train:159 - 0:1:400, loss: 5.608
2023-04-14 09:16:27.407 | INFO     | algorithms.der_pp:train:159 - 0:1:440, loss: 5.400
2023-04-14 09:16:29.396 | INFO     | algorithms.der_pp:train:159 - 0:1:480, loss: 5.403
2023-04-14 09:16:31.390 | INFO     | algorithms.der_pp:train:159 - 0:1:520, loss: 5.198
2023-04-14 09:16:33.375 | INFO     | algorithms.der_pp:train:159 - 0:1:560, loss: 5.150
2023-04-14 09:16:35.362 | INFO     | algorithms.der_pp:train:159 - 0:1:600, loss: 5.093
2023-04-14 09:16:36.550 | DEBUG    | algorithms.der_pp:train:162 - Current sample stats:
2023-04-14 09:16:36.551 | DEBUG    | algorithms.der_pp:train:165 - 26 has 10 samples
2023-04-14 09:16:36.552 | DEBUG    | algorithms.der_pp:train:165 - 28 has 10 samples
2023-04-14 09:16:36.552 | DEBUG    | algorithms.der_pp:train:165 - 0 has 10 samples
2023-04-14 09:16:36.553 | DEBUG    | algorithms.der_pp:train:165 - 70 has 10 samples
2023-04-14 09:16:36.554 | DEBUG    | algorithms.der_pp:train:165 - 86 has 10 samples
2023-04-14 09:16:36.554 | DEBUG    | algorithms.der_pp:train:165 - 87 has 10 samples
2023-04-14 09:16:36.555 | DEBUG    | algorithms.der_pp:train:165 - 96 has 10 samples
2023-04-14 09:16:36.556 | DEBUG    | algorithms.der_pp:train:165 - 23 has 10 samples
2023-04-14 09:16:36.556 | DEBUG    | algorithms.der_pp:train:165 - 74 has 10 samples
2023-04-14 09:16:36.557 | DEBUG    | algorithms.der_pp:train:165 - 53 has 10 samples
2023-04-14 09:16:36.558 | DEBUG    | algorithms.der_pp:train:165 - 16 has 10 samples
2023-04-14 09:16:36.559 | DEBUG    | algorithms.der_pp:train:165 - 19 has 10 samples
2023-04-14 09:16:36.559 | DEBUG    | algorithms.der_pp:train:165 - 62 has 10 samples
2023-04-14 09:16:36.560 | DEBUG    | algorithms.der_pp:train:165 - 34 has 10 samples
2023-04-14 09:16:36.561 | DEBUG    | algorithms.der_pp:train:165 - 36 has 10 samples
2023-04-14 09:16:36.562 | DEBUG    | algorithms.der_pp:train:165 - 64 has 10 samples
2023-04-14 09:16:36.562 | DEBUG    | algorithms.der_pp:train:165 - 35 has 10 samples
2023-04-14 09:16:36.563 | DEBUG    | algorithms.der_pp:train:165 - 47 has 10 samples
2023-04-14 09:16:36.564 | DEBUG    | algorithms.der_pp:train:165 - 18 has 10 samples
2023-04-14 09:16:36.564 | DEBUG    | algorithms.der_pp:train:165 - 22 has 10 samples
2023-04-14 09:16:36.565 | INFO     | algorithms.der_pp:train:170 - 1, loss: 6.043
2023-04-14 09:16:36.566 | INFO     | algorithms.algorithm_base:run_base_task_metrics:144 - Running metrics: Task 0
2023-04-14 09:16:40.564 | DEBUG    | algorithms.algorithm_base:run_base_task_metrics:200 - Raw classification accuracy results saved to ./output_cifar100_varied_sampling/der_pp/1681460162.363824_CIFAR100_OFFICIAL_RUN/task_0_accuracy_results.json
2023-04-14 09:16:40.566 | INFO     | algorithms.algorithm_base:run_base_task_metrics:201 - Correctly classified 589 / 10000 samples (5.89% correct)
2023-04-14 09:16:41.032 | INFO     | algorithms.der_pp:train:86 - Task 2 / 5
2023-04-14 09:16:41.037 | INFO     | algorithms.der_pp:train:87 - Classes in task: ['raccoon', 'rabbit', 'bee', 'lamp', 'lawn_mower', 'mountain', 'shark', 'boy', 'sweet_pepper', 'bus', 'crocodile', 'snail', 'turtle', 'lion', 'chair', 'squirrel', 'porcupine', 'pickup_truck', 'bowl', 'trout']
2023-04-14 09:16:41.038 | INFO     | algorithms.der_pp:train:95 - Starting epoch 1 / 1
2023-04-14 09:16:43.108 | INFO     | algorithms.der_pp:train:159 - 1:1:40, loss: 7.535
2023-04-14 09:16:45.117 | INFO     | algorithms.der_pp:train:159 - 1:1:80, loss: 6.867
2023-04-14 09:16:47.129 | INFO     | algorithms.der_pp:train:159 - 1:1:120, loss: 6.512
2023-04-14 09:16:49.145 | INFO     | algorithms.der_pp:train:159 - 1:1:160, loss: 6.164
2023-04-14 09:16:51.158 | INFO     | algorithms.der_pp:train:159 - 1:1:200, loss: 6.113
2023-04-14 09:16:53.170 | INFO     | algorithms.der_pp:train:159 - 1:1:240, loss: 6.046
2023-04-14 09:16:55.183 | INFO     | algorithms.der_pp:train:159 - 1:1:280, loss: 5.963
2023-04-14 09:16:57.193 | INFO     | algorithms.der_pp:train:159 - 1:1:320, loss: 5.804
2023-04-14 09:16:59.207 | INFO     | algorithms.der_pp:train:159 - 1:1:360, loss: 5.770
2023-04-14 09:17:01.221 | INFO     | algorithms.der_pp:train:159 - 1:1:400, loss: 5.705
2023-04-14 09:17:03.234 | INFO     | algorithms.der_pp:train:159 - 1:1:440, loss: 5.613
2023-04-14 09:17:05.252 | INFO     | algorithms.der_pp:train:159 - 1:1:480, loss: 5.567
2023-04-14 09:17:07.262 | INFO     | algorithms.der_pp:train:159 - 1:1:520, loss: 5.518
2023-04-14 09:17:09.279 | INFO     | algorithms.der_pp:train:159 - 1:1:560, loss: 5.512
2023-04-14 09:17:11.293 | INFO     | algorithms.der_pp:train:159 - 1:1:600, loss: 5.477
2023-04-14 09:17:12.500 | DEBUG    | algorithms.der_pp:train:162 - Current sample stats:
2023-04-14 09:17:12.501 | DEBUG    | algorithms.der_pp:train:165 - 26 has 5 samples
2023-04-14 09:17:12.502 | DEBUG    | algorithms.der_pp:train:165 - 28 has 5 samples
2023-04-14 09:17:12.502 | DEBUG    | algorithms.der_pp:train:165 - 0 has 5 samples
2023-04-14 09:17:12.503 | DEBUG    | algorithms.der_pp:train:165 - 70 has 5 samples
2023-04-14 09:17:12.504 | DEBUG    | algorithms.der_pp:train:165 - 86 has 5 samples
2023-04-14 09:17:12.504 | DEBUG    | algorithms.der_pp:train:165 - 87 has 5 samples
2023-04-14 09:17:12.505 | DEBUG    | algorithms.der_pp:train:165 - 96 has 5 samples
2023-04-14 09:17:12.506 | DEBUG    | algorithms.der_pp:train:165 - 23 has 5 samples
2023-04-14 09:17:12.506 | DEBUG    | algorithms.der_pp:train:165 - 74 has 5 samples
2023-04-14 09:17:12.507 | DEBUG    | algorithms.der_pp:train:165 - 53 has 5 samples
2023-04-14 09:17:12.508 | DEBUG    | algorithms.der_pp:train:165 - 16 has 5 samples
2023-04-14 09:17:12.508 | DEBUG    | algorithms.der_pp:train:165 - 19 has 5 samples
2023-04-14 09:17:12.509 | DEBUG    | algorithms.der_pp:train:165 - 62 has 5 samples
2023-04-14 09:17:12.510 | DEBUG    | algorithms.der_pp:train:165 - 34 has 5 samples
2023-04-14 09:17:12.510 | DEBUG    | algorithms.der_pp:train:165 - 36 has 5 samples
2023-04-14 09:17:12.511 | DEBUG    | algorithms.der_pp:train:165 - 64 has 5 samples
2023-04-14 09:17:12.512 | DEBUG    | algorithms.der_pp:train:165 - 35 has 5 samples
2023-04-14 09:17:12.512 | DEBUG    | algorithms.der_pp:train:165 - 47 has 5 samples
2023-04-14 09:17:12.513 | DEBUG    | algorithms.der_pp:train:165 - 18 has 5 samples
2023-04-14 09:17:12.514 | DEBUG    | algorithms.der_pp:train:165 - 22 has 5 samples
2023-04-14 09:17:12.514 | DEBUG    | algorithms.der_pp:train:165 - 58 has 5 samples
2023-04-14 09:17:12.515 | DEBUG    | algorithms.der_pp:train:165 - 77 has 5 samples
2023-04-14 09:17:12.516 | DEBUG    | algorithms.der_pp:train:165 - 63 has 5 samples
2023-04-14 09:17:12.517 | DEBUG    | algorithms.der_pp:train:165 - 93 has 5 samples
2023-04-14 09:17:12.517 | DEBUG    | algorithms.der_pp:train:165 - 40 has 5 samples
2023-04-14 09:17:12.518 | DEBUG    | algorithms.der_pp:train:165 - 27 has 5 samples
2023-04-14 09:17:12.519 | DEBUG    | algorithms.der_pp:train:165 - 91 has 5 samples
2023-04-14 09:17:12.520 | DEBUG    | algorithms.der_pp:train:165 - 13 has 5 samples
2023-04-14 09:17:12.520 | DEBUG    | algorithms.der_pp:train:165 - 83 has 5 samples
2023-04-14 09:17:12.521 | DEBUG    | algorithms.der_pp:train:165 - 73 has 5 samples
2023-04-14 09:17:12.522 | DEBUG    | algorithms.der_pp:train:165 - 10 has 5 samples
2023-04-14 09:17:12.522 | DEBUG    | algorithms.der_pp:train:165 - 49 has 5 samples
2023-04-14 09:17:12.523 | DEBUG    | algorithms.der_pp:train:165 - 65 has 5 samples
2023-04-14 09:17:12.524 | DEBUG    | algorithms.der_pp:train:165 - 80 has 5 samples
2023-04-14 09:17:12.525 | DEBUG    | algorithms.der_pp:train:165 - 11 has 5 samples
2023-04-14 09:17:12.525 | DEBUG    | algorithms.der_pp:train:165 - 6 has 5 samples
2023-04-14 09:17:12.526 | DEBUG    | algorithms.der_pp:train:165 - 41 has 5 samples
2023-04-14 09:17:12.527 | DEBUG    | algorithms.der_pp:train:165 - 20 has 5 samples
2023-04-14 09:17:12.527 | DEBUG    | algorithms.der_pp:train:165 - 66 has 5 samples
2023-04-14 09:17:12.528 | DEBUG    | algorithms.der_pp:train:165 - 43 has 5 samples
2023-04-14 09:17:12.529 | INFO     | algorithms.der_pp:train:170 - 1, loss: 5.984
2023-04-14 09:17:12.530 | INFO     | algorithms.algorithm_base:run_base_task_metrics:144 - Running metrics: Task 1
2023-04-14 09:17:16.527 | DEBUG    | algorithms.algorithm_base:run_base_task_metrics:200 - Raw classification accuracy results saved to ./output_cifar100_varied_sampling/der_pp/1681460162.363824_CIFAR100_OFFICIAL_RUN/task_1_accuracy_results.json
2023-04-14 09:17:16.529 | INFO     | algorithms.algorithm_base:run_base_task_metrics:201 - Correctly classified 672 / 10000 samples (6.72% correct)
2023-04-14 09:17:16.904 | INFO     | algorithms.der_pp:train:86 - Task 3 / 5
2023-04-14 09:17:16.909 | INFO     | algorithms.der_pp:train:87 - Classes in task: ['worm', 'plate', 'motorcycle', 'ray', 'table', 'bear', 'streetcar', 'palm_tree', 'orchid', 'road', 'butterfly', 'wardrobe', 'mouse', 'man', 'whale', 'bottle', 'mushroom', 'pine_tree', 'pear', 'dolphin']
2023-04-14 09:17:16.910 | INFO     | algorithms.der_pp:train:95 - Starting epoch 1 / 1
2023-04-14 09:17:18.991 | INFO     | algorithms.der_pp:train:159 - 2:1:40, loss: 7.473
2023-04-14 09:17:21.009 | INFO     | algorithms.der_pp:train:159 - 2:1:80, loss: 6.868
2023-04-14 09:17:23.029 | INFO     | algorithms.der_pp:train:159 - 2:1:120, loss: 6.580
2023-04-14 09:17:25.050 | INFO     | algorithms.der_pp:train:159 - 2:1:160, loss: 6.293
2023-04-14 09:17:27.074 | INFO     | algorithms.der_pp:train:159 - 2:1:200, loss: 6.192
2023-04-14 09:17:29.099 | INFO     | algorithms.der_pp:train:159 - 2:1:240, loss: 6.127
2023-04-14 09:17:31.130 | INFO     | algorithms.der_pp:train:159 - 2:1:280, loss: 5.937
2023-04-14 09:17:33.148 | INFO     | algorithms.der_pp:train:159 - 2:1:320, loss: 5.894
2023-04-14 09:17:35.167 | INFO     | algorithms.der_pp:train:159 - 2:1:360, loss: 5.781
2023-04-14 09:17:37.189 | INFO     | algorithms.der_pp:train:159 - 2:1:400, loss: 5.762
2023-04-14 09:17:39.210 | INFO     | algorithms.der_pp:train:159 - 2:1:440, loss: 5.673
2023-04-14 09:17:41.230 | INFO     | algorithms.der_pp:train:159 - 2:1:480, loss: 5.638
2023-04-14 09:17:43.250 | INFO     | algorithms.der_pp:train:159 - 2:1:520, loss: 5.542
2023-04-14 09:17:45.269 | INFO     | algorithms.der_pp:train:159 - 2:1:560, loss: 5.442
2023-04-14 09:17:47.289 | INFO     | algorithms.der_pp:train:159 - 2:1:600, loss: 5.527
2023-04-14 09:17:48.502 | DEBUG    | algorithms.der_pp:train:162 - Current sample stats:
2023-04-14 09:17:48.503 | DEBUG    | algorithms.der_pp:train:165 - 26 has 3 samples
2023-04-14 09:17:48.504 | DEBUG    | algorithms.der_pp:train:165 - 28 has 3 samples
2023-04-14 09:17:48.505 | DEBUG    | algorithms.der_pp:train:165 - 0 has 3 samples
2023-04-14 09:17:48.505 | DEBUG    | algorithms.der_pp:train:165 - 70 has 3 samples
2023-04-14 09:17:48.506 | DEBUG    | algorithms.der_pp:train:165 - 86 has 3 samples
2023-04-14 09:17:48.507 | DEBUG    | algorithms.der_pp:train:165 - 87 has 3 samples
2023-04-14 09:17:48.508 | DEBUG    | algorithms.der_pp:train:165 - 96 has 3 samples
2023-04-14 09:17:48.508 | DEBUG    | algorithms.der_pp:train:165 - 23 has 3 samples
2023-04-14 09:17:48.509 | DEBUG    | algorithms.der_pp:train:165 - 74 has 3 samples
2023-04-14 09:17:48.510 | DEBUG    | algorithms.der_pp:train:165 - 53 has 3 samples
2023-04-14 09:17:48.510 | DEBUG    | algorithms.der_pp:train:165 - 16 has 3 samples
2023-04-14 09:17:48.511 | DEBUG    | algorithms.der_pp:train:165 - 19 has 3 samples
2023-04-14 09:17:48.512 | DEBUG    | algorithms.der_pp:train:165 - 62 has 3 samples
2023-04-14 09:17:48.512 | DEBUG    | algorithms.der_pp:train:165 - 34 has 3 samples
2023-04-14 09:17:48.513 | DEBUG    | algorithms.der_pp:train:165 - 36 has 3 samples
2023-04-14 09:17:48.514 | DEBUG    | algorithms.der_pp:train:165 - 64 has 3 samples
2023-04-14 09:17:48.514 | DEBUG    | algorithms.der_pp:train:165 - 35 has 3 samples
2023-04-14 09:17:48.515 | DEBUG    | algorithms.der_pp:train:165 - 47 has 3 samples
2023-04-14 09:17:48.516 | DEBUG    | algorithms.der_pp:train:165 - 18 has 3 samples
2023-04-14 09:17:48.516 | DEBUG    | algorithms.der_pp:train:165 - 22 has 3 samples
2023-04-14 09:17:48.517 | DEBUG    | algorithms.der_pp:train:165 - 58 has 3 samples
2023-04-14 09:17:48.518 | DEBUG    | algorithms.der_pp:train:165 - 77 has 3 samples
2023-04-14 09:17:48.519 | DEBUG    | algorithms.der_pp:train:165 - 63 has 3 samples
2023-04-14 09:17:48.519 | DEBUG    | algorithms.der_pp:train:165 - 93 has 3 samples
2023-04-14 09:17:48.520 | DEBUG    | algorithms.der_pp:train:165 - 40 has 3 samples
2023-04-14 09:17:48.521 | DEBUG    | algorithms.der_pp:train:165 - 27 has 3 samples
2023-04-14 09:17:48.521 | DEBUG    | algorithms.der_pp:train:165 - 91 has 3 samples
2023-04-14 09:17:48.522 | DEBUG    | algorithms.der_pp:train:165 - 13 has 3 samples
2023-04-14 09:17:48.523 | DEBUG    | algorithms.der_pp:train:165 - 83 has 3 samples
2023-04-14 09:17:48.524 | DEBUG    | algorithms.der_pp:train:165 - 73 has 3 samples
2023-04-14 09:17:48.524 | DEBUG    | algorithms.der_pp:train:165 - 10 has 3 samples
2023-04-14 09:17:48.525 | DEBUG    | algorithms.der_pp:train:165 - 49 has 3 samples
2023-04-14 09:17:48.526 | DEBUG    | algorithms.der_pp:train:165 - 65 has 3 samples
2023-04-14 09:17:48.526 | DEBUG    | algorithms.der_pp:train:165 - 80 has 3 samples
2023-04-14 09:17:48.527 | DEBUG    | algorithms.der_pp:train:165 - 11 has 3 samples
2023-04-14 09:17:48.528 | DEBUG    | algorithms.der_pp:train:165 - 6 has 3 samples
2023-04-14 09:17:48.529 | DEBUG    | algorithms.der_pp:train:165 - 41 has 3 samples
2023-04-14 09:17:48.529 | DEBUG    | algorithms.der_pp:train:165 - 20 has 3 samples
2023-04-14 09:17:48.530 | DEBUG    | algorithms.der_pp:train:165 - 66 has 3 samples
2023-04-14 09:17:48.531 | DEBUG    | algorithms.der_pp:train:165 - 43 has 3 samples
2023-04-14 09:17:48.531 | DEBUG    | algorithms.der_pp:train:165 - 54 has 4 samples
2023-04-14 09:17:48.532 | DEBUG    | algorithms.der_pp:train:165 - 95 has 4 samples
2023-04-14 09:17:48.533 | DEBUG    | algorithms.der_pp:train:165 - 50 has 4 samples
2023-04-14 09:17:48.534 | DEBUG    | algorithms.der_pp:train:165 - 46 has 4 samples
2023-04-14 09:17:48.534 | DEBUG    | algorithms.der_pp:train:165 - 68 has 4 samples
2023-04-14 09:17:48.535 | DEBUG    | algorithms.der_pp:train:165 - 99 has 4 samples
2023-04-14 09:17:48.536 | DEBUG    | algorithms.der_pp:train:165 - 94 has 4 samples
2023-04-14 09:17:48.536 | DEBUG    | algorithms.der_pp:train:165 - 57 has 4 samples
2023-04-14 09:17:48.537 | DEBUG    | algorithms.der_pp:train:165 - 81 has 4 samples
2023-04-14 09:17:48.538 | DEBUG    | algorithms.der_pp:train:165 - 59 has 4 samples
2023-04-14 09:17:48.539 | DEBUG    | algorithms.der_pp:train:165 - 3 has 4 samples
2023-04-14 09:17:48.539 | DEBUG    | algorithms.der_pp:train:165 - 14 has 4 samples
2023-04-14 09:17:48.540 | DEBUG    | algorithms.der_pp:train:165 - 84 has 4 samples
2023-04-14 09:17:48.541 | DEBUG    | algorithms.der_pp:train:165 - 67 has 4 samples
2023-04-14 09:17:48.542 | DEBUG    | algorithms.der_pp:train:165 - 9 has 4 samples
2023-04-14 09:17:48.542 | DEBUG    | algorithms.der_pp:train:165 - 61 has 4 samples
2023-04-14 09:17:48.543 | DEBUG    | algorithms.der_pp:train:165 - 30 has 4 samples
2023-04-14 09:17:48.544 | DEBUG    | algorithms.der_pp:train:165 - 56 has 4 samples
2023-04-14 09:17:48.544 | DEBUG    | algorithms.der_pp:train:165 - 51 has 4 samples
2023-04-14 09:17:48.545 | DEBUG    | algorithms.der_pp:train:165 - 48 has 4 samples
2023-04-14 09:17:48.546 | INFO     | algorithms.der_pp:train:170 - 1, loss: 6.021
2023-04-14 09:17:48.547 | INFO     | algorithms.algorithm_base:run_base_task_metrics:144 - Running metrics: Task 2
2023-04-14 09:17:52.458 | DEBUG    | algorithms.algorithm_base:run_base_task_metrics:200 - Raw classification accuracy results saved to ./output_cifar100_varied_sampling/der_pp/1681460162.363824_CIFAR100_OFFICIAL_RUN/task_2_accuracy_results.json
2023-04-14 09:17:52.459 | INFO     | algorithms.algorithm_base:run_base_task_metrics:201 - Correctly classified 886 / 10000 samples (8.86% correct)
2023-04-14 09:17:52.882 | INFO     | algorithms.der_pp:train:86 - Task 4 / 5
2023-04-14 09:17:52.889 | INFO     | algorithms.der_pp:train:87 - Classes in task: ['house', 'couch', 'bridge', 'snake', 'plain', 'keyboard', 'rocket', 'chimpanzee', 'sea', 'oak_tree', 'otter', 'skunk', 'tank', 'bed', 'wolf', 'skyscraper', 'beetle', 'kangaroo', 'camel', 'woman']
2023-04-14 09:17:52.889 | INFO     | algorithms.der_pp:train:95 - Starting epoch 1 / 1
2023-04-14 09:17:54.963 | INFO     | algorithms.der_pp:train:159 - 3:1:40, loss: 7.556
2023-04-14 09:17:56.985 | INFO     | algorithms.der_pp:train:159 - 3:1:80, loss: 7.212
2023-04-14 09:17:59.005 | INFO     | algorithms.der_pp:train:159 - 3:1:120, loss: 6.934
2023-04-14 09:18:01.024 | INFO     | algorithms.der_pp:train:159 - 3:1:160, loss: 6.551
2023-04-14 09:18:03.037 | INFO     | algorithms.der_pp:train:159 - 3:1:200, loss: 6.389
2023-04-14 09:18:05.047 | INFO     | algorithms.der_pp:train:159 - 3:1:240, loss: 6.232
2023-04-14 09:18:07.064 | INFO     | algorithms.der_pp:train:159 - 3:1:280, loss: 6.185
2023-04-14 09:18:09.083 | INFO     | algorithms.der_pp:train:159 - 3:1:320, loss: 6.160
2023-04-14 09:18:11.103 | INFO     | algorithms.der_pp:train:159 - 3:1:360, loss: 5.988
2023-04-14 09:18:13.116 | INFO     | algorithms.der_pp:train:159 - 3:1:400, loss: 5.953
2023-04-14 09:18:15.128 | INFO     | algorithms.der_pp:train:159 - 3:1:440, loss: 5.935
2023-04-14 09:18:17.141 | INFO     | algorithms.der_pp:train:159 - 3:1:480, loss: 5.785
2023-04-14 09:18:19.154 | INFO     | algorithms.der_pp:train:159 - 3:1:520, loss: 5.795
2023-04-14 09:18:21.173 | INFO     | algorithms.der_pp:train:159 - 3:1:560, loss: 5.743
2023-04-14 09:18:23.190 | INFO     | algorithms.der_pp:train:159 - 3:1:600, loss: 5.626
2023-04-14 09:18:24.404 | DEBUG    | algorithms.der_pp:train:162 - Current sample stats:
2023-04-14 09:18:24.405 | DEBUG    | algorithms.der_pp:train:165 - 26 has 2 samples
2023-04-14 09:18:24.406 | DEBUG    | algorithms.der_pp:train:165 - 28 has 2 samples
2023-04-14 09:18:24.407 | DEBUG    | algorithms.der_pp:train:165 - 0 has 2 samples
2023-04-14 09:18:24.407 | DEBUG    | algorithms.der_pp:train:165 - 70 has 2 samples
2023-04-14 09:18:24.408 | DEBUG    | algorithms.der_pp:train:165 - 86 has 2 samples
2023-04-14 09:18:24.409 | DEBUG    | algorithms.der_pp:train:165 - 87 has 2 samples
2023-04-14 09:18:24.410 | DEBUG    | algorithms.der_pp:train:165 - 96 has 2 samples
2023-04-14 09:18:24.410 | DEBUG    | algorithms.der_pp:train:165 - 23 has 2 samples
2023-04-14 09:18:24.411 | DEBUG    | algorithms.der_pp:train:165 - 74 has 2 samples
2023-04-14 09:18:24.412 | DEBUG    | algorithms.der_pp:train:165 - 53 has 2 samples
2023-04-14 09:18:24.412 | DEBUG    | algorithms.der_pp:train:165 - 16 has 2 samples
2023-04-14 09:18:24.413 | DEBUG    | algorithms.der_pp:train:165 - 19 has 2 samples
2023-04-14 09:18:24.414 | DEBUG    | algorithms.der_pp:train:165 - 62 has 2 samples
2023-04-14 09:18:24.415 | DEBUG    | algorithms.der_pp:train:165 - 34 has 2 samples
2023-04-14 09:18:24.415 | DEBUG    | algorithms.der_pp:train:165 - 36 has 2 samples
2023-04-14 09:18:24.416 | DEBUG    | algorithms.der_pp:train:165 - 64 has 2 samples
2023-04-14 09:18:24.417 | DEBUG    | algorithms.der_pp:train:165 - 35 has 2 samples
2023-04-14 09:18:24.417 | DEBUG    | algorithms.der_pp:train:165 - 47 has 2 samples
2023-04-14 09:18:24.418 | DEBUG    | algorithms.der_pp:train:165 - 18 has 2 samples
2023-04-14 09:18:24.419 | DEBUG    | algorithms.der_pp:train:165 - 22 has 2 samples
2023-04-14 09:18:24.420 | DEBUG    | algorithms.der_pp:train:165 - 58 has 2 samples
2023-04-14 09:18:24.420 | DEBUG    | algorithms.der_pp:train:165 - 77 has 2 samples
2023-04-14 09:18:24.421 | DEBUG    | algorithms.der_pp:train:165 - 63 has 2 samples
2023-04-14 09:18:24.422 | DEBUG    | algorithms.der_pp:train:165 - 93 has 2 samples
2023-04-14 09:18:24.423 | DEBUG    | algorithms.der_pp:train:165 - 40 has 2 samples
2023-04-14 09:18:24.423 | DEBUG    | algorithms.der_pp:train:165 - 27 has 2 samples
2023-04-14 09:18:24.424 | DEBUG    | algorithms.der_pp:train:165 - 91 has 2 samples
2023-04-14 09:18:24.425 | DEBUG    | algorithms.der_pp:train:165 - 13 has 2 samples
2023-04-14 09:18:24.425 | DEBUG    | algorithms.der_pp:train:165 - 83 has 2 samples
2023-04-14 09:18:24.426 | DEBUG    | algorithms.der_pp:train:165 - 73 has 2 samples
2023-04-14 09:18:24.427 | DEBUG    | algorithms.der_pp:train:165 - 10 has 2 samples
2023-04-14 09:18:24.428 | DEBUG    | algorithms.der_pp:train:165 - 49 has 2 samples
2023-04-14 09:18:24.428 | DEBUG    | algorithms.der_pp:train:165 - 65 has 2 samples
2023-04-14 09:18:24.429 | DEBUG    | algorithms.der_pp:train:165 - 80 has 2 samples
2023-04-14 09:18:24.429 | DEBUG    | algorithms.der_pp:train:165 - 11 has 2 samples
2023-04-14 09:18:24.429 | DEBUG    | algorithms.der_pp:train:165 - 6 has 2 samples
2023-04-14 09:18:24.430 | DEBUG    | algorithms.der_pp:train:165 - 41 has 2 samples
2023-04-14 09:18:24.431 | DEBUG    | algorithms.der_pp:train:165 - 20 has 2 samples
2023-04-14 09:18:24.432 | DEBUG    | algorithms.der_pp:train:165 - 66 has 2 samples
2023-04-14 09:18:24.432 | DEBUG    | algorithms.der_pp:train:165 - 43 has 2 samples
2023-04-14 09:18:24.433 | DEBUG    | algorithms.der_pp:train:165 - 54 has 3 samples
2023-04-14 09:18:24.434 | DEBUG    | algorithms.der_pp:train:165 - 95 has 3 samples
2023-04-14 09:18:24.434 | DEBUG    | algorithms.der_pp:train:165 - 50 has 3 samples
2023-04-14 09:18:24.435 | DEBUG    | algorithms.der_pp:train:165 - 46 has 3 samples
2023-04-14 09:18:24.436 | DEBUG    | algorithms.der_pp:train:165 - 68 has 3 samples
2023-04-14 09:18:24.437 | DEBUG    | algorithms.der_pp:train:165 - 99 has 3 samples
2023-04-14 09:18:24.437 | DEBUG    | algorithms.der_pp:train:165 - 94 has 3 samples
2023-04-14 09:18:24.438 | DEBUG    | algorithms.der_pp:train:165 - 57 has 3 samples
2023-04-14 09:18:24.439 | DEBUG    | algorithms.der_pp:train:165 - 81 has 3 samples
2023-04-14 09:18:24.439 | DEBUG    | algorithms.der_pp:train:165 - 59 has 3 samples
2023-04-14 09:18:24.440 | DEBUG    | algorithms.der_pp:train:165 - 3 has 3 samples
2023-04-14 09:18:24.441 | DEBUG    | algorithms.der_pp:train:165 - 14 has 3 samples
2023-04-14 09:18:24.442 | DEBUG    | algorithms.der_pp:train:165 - 84 has 3 samples
2023-04-14 09:18:24.442 | DEBUG    | algorithms.der_pp:train:165 - 67 has 3 samples
2023-04-14 09:18:24.443 | DEBUG    | algorithms.der_pp:train:165 - 9 has 3 samples
2023-04-14 09:18:24.444 | DEBUG    | algorithms.der_pp:train:165 - 61 has 3 samples
2023-04-14 09:18:24.444 | DEBUG    | algorithms.der_pp:train:165 - 30 has 3 samples
2023-04-14 09:18:24.445 | DEBUG    | algorithms.der_pp:train:165 - 56 has 3 samples
2023-04-14 09:18:24.446 | DEBUG    | algorithms.der_pp:train:165 - 51 has 3 samples
2023-04-14 09:18:24.447 | DEBUG    | algorithms.der_pp:train:165 - 48 has 3 samples
2023-04-14 09:18:24.447 | DEBUG    | algorithms.der_pp:train:165 - 12 has 3 samples
2023-04-14 09:18:24.448 | DEBUG    | algorithms.der_pp:train:165 - 25 has 3 samples
2023-04-14 09:18:24.449 | DEBUG    | algorithms.der_pp:train:165 - 76 has 3 samples
2023-04-14 09:18:24.449 | DEBUG    | algorithms.der_pp:train:165 - 97 has 3 samples
2023-04-14 09:18:24.450 | DEBUG    | algorithms.der_pp:train:165 - 71 has 3 samples
2023-04-14 09:18:24.451 | DEBUG    | algorithms.der_pp:train:165 - 69 has 3 samples
2023-04-14 09:18:24.452 | DEBUG    | algorithms.der_pp:train:165 - 75 has 3 samples
2023-04-14 09:18:24.452 | DEBUG    | algorithms.der_pp:train:165 - 21 has 3 samples
2023-04-14 09:18:24.453 | DEBUG    | algorithms.der_pp:train:165 - 78 has 3 samples
2023-04-14 09:18:24.454 | DEBUG    | algorithms.der_pp:train:165 - 55 has 3 samples
2023-04-14 09:18:24.455 | DEBUG    | algorithms.der_pp:train:165 - 38 has 3 samples
2023-04-14 09:18:24.455 | DEBUG    | algorithms.der_pp:train:165 - 52 has 3 samples
2023-04-14 09:18:24.456 | DEBUG    | algorithms.der_pp:train:165 - 60 has 3 samples
2023-04-14 09:18:24.457 | DEBUG    | algorithms.der_pp:train:165 - 39 has 3 samples
2023-04-14 09:18:24.457 | DEBUG    | algorithms.der_pp:train:165 - 85 has 3 samples
2023-04-14 09:18:24.458 | DEBUG    | algorithms.der_pp:train:165 - 98 has 3 samples
2023-04-14 09:18:24.459 | DEBUG    | algorithms.der_pp:train:165 - 7 has 3 samples
2023-04-14 09:18:24.460 | DEBUG    | algorithms.der_pp:train:165 - 37 has 3 samples
2023-04-14 09:18:24.460 | DEBUG    | algorithms.der_pp:train:165 - 15 has 3 samples
2023-04-14 09:18:24.461 | DEBUG    | algorithms.der_pp:train:165 - 5 has 3 samples
2023-04-14 09:18:24.462 | INFO     | algorithms.der_pp:train:170 - 1, loss: 6.244
2023-04-14 09:18:24.462 | INFO     | algorithms.algorithm_base:run_base_task_metrics:144 - Running metrics: Task 3
2023-04-14 09:18:28.486 | DEBUG    | algorithms.algorithm_base:run_base_task_metrics:200 - Raw classification accuracy results saved to ./output_cifar100_varied_sampling/der_pp/1681460162.363824_CIFAR100_OFFICIAL_RUN/task_3_accuracy_results.json
2023-04-14 09:18:28.488 | INFO     | algorithms.algorithm_base:run_base_task_metrics:201 - Correctly classified 1073 / 10000 samples (10.73% correct)
2023-04-14 09:18:28.864 | INFO     | algorithms.der_pp:train:86 - Task 5 / 5
2023-04-14 09:18:28.870 | INFO     | algorithms.der_pp:train:87 - Classes in task: ['lizard', 'tulip', 'spider', 'forest', 'dinosaur', 'castle', 'bicycle', 'flatfish', 'lobster', 'train', 'baby', 'tiger', 'cockroach', 'leopard', 'elephant', 'tractor', 'sunflower', 'aquarium_fish', 'beaver', 'seal']
2023-04-14 09:18:28.871 | INFO     | algorithms.der_pp:train:95 - Starting epoch 1 / 1
2023-04-14 09:18:30.947 | INFO     | algorithms.der_pp:train:159 - 4:1:40, loss: 7.578
2023-04-14 09:18:32.966 | INFO     | algorithms.der_pp:train:159 - 4:1:80, loss: 7.029
2023-04-14 09:18:34.984 | INFO     | algorithms.der_pp:train:159 - 4:1:120, loss: 6.780
2023-04-14 09:18:37.002 | INFO     | algorithms.der_pp:train:159 - 4:1:160, loss: 6.454
2023-04-14 09:18:39.023 | INFO     | algorithms.der_pp:train:159 - 4:1:200, loss: 6.398
2023-04-14 09:18:41.044 | INFO     | algorithms.der_pp:train:159 - 4:1:240, loss: 6.306
2023-04-14 09:18:43.064 | INFO     | algorithms.der_pp:train:159 - 4:1:280, loss: 6.168
2023-04-14 09:18:45.084 | INFO     | algorithms.der_pp:train:159 - 4:1:320, loss: 6.113
2023-04-14 09:18:47.099 | INFO     | algorithms.der_pp:train:159 - 4:1:360, loss: 6.124
2023-04-14 09:18:49.118 | INFO     | algorithms.der_pp:train:159 - 4:1:400, loss: 5.918
2023-04-14 09:18:51.136 | INFO     | algorithms.der_pp:train:159 - 4:1:440, loss: 5.958
2023-04-14 09:18:53.153 | INFO     | algorithms.der_pp:train:159 - 4:1:480, loss: 5.946
2023-04-14 09:18:55.171 | INFO     | algorithms.der_pp:train:159 - 4:1:520, loss: 5.835
2023-04-14 09:18:57.196 | INFO     | algorithms.der_pp:train:159 - 4:1:560, loss: 5.838
2023-04-14 09:18:59.215 | INFO     | algorithms.der_pp:train:159 - 4:1:600, loss: 5.692
2023-04-14 09:19:00.426 | DEBUG    | algorithms.der_pp:train:162 - Current sample stats:
2023-04-14 09:19:00.427 | DEBUG    | algorithms.der_pp:train:165 - 26 has 2 samples
2023-04-14 09:19:00.428 | DEBUG    | algorithms.der_pp:train:165 - 28 has 2 samples
2023-04-14 09:19:00.428 | DEBUG    | algorithms.der_pp:train:165 - 0 has 2 samples
2023-04-14 09:19:00.429 | DEBUG    | algorithms.der_pp:train:165 - 70 has 2 samples
2023-04-14 09:19:00.430 | DEBUG    | algorithms.der_pp:train:165 - 86 has 2 samples
2023-04-14 09:19:00.430 | DEBUG    | algorithms.der_pp:train:165 - 87 has 2 samples
2023-04-14 09:19:00.431 | DEBUG    | algorithms.der_pp:train:165 - 96 has 2 samples
2023-04-14 09:19:00.432 | DEBUG    | algorithms.der_pp:train:165 - 23 has 2 samples
2023-04-14 09:19:00.432 | DEBUG    | algorithms.der_pp:train:165 - 74 has 2 samples
2023-04-14 09:19:00.433 | DEBUG    | algorithms.der_pp:train:165 - 53 has 2 samples
2023-04-14 09:19:00.434 | DEBUG    | algorithms.der_pp:train:165 - 16 has 2 samples
2023-04-14 09:19:00.434 | DEBUG    | algorithms.der_pp:train:165 - 19 has 2 samples
2023-04-14 09:19:00.435 | DEBUG    | algorithms.der_pp:train:165 - 62 has 2 samples
2023-04-14 09:19:00.436 | DEBUG    | algorithms.der_pp:train:165 - 34 has 2 samples
2023-04-14 09:19:00.436 | DEBUG    | algorithms.der_pp:train:165 - 36 has 2 samples
2023-04-14 09:19:00.437 | DEBUG    | algorithms.der_pp:train:165 - 64 has 2 samples
2023-04-14 09:19:00.438 | DEBUG    | algorithms.der_pp:train:165 - 35 has 2 samples
2023-04-14 09:19:00.438 | DEBUG    | algorithms.der_pp:train:165 - 47 has 2 samples
2023-04-14 09:19:00.439 | DEBUG    | algorithms.der_pp:train:165 - 18 has 2 samples
2023-04-14 09:19:00.440 | DEBUG    | algorithms.der_pp:train:165 - 22 has 2 samples
2023-04-14 09:19:00.440 | DEBUG    | algorithms.der_pp:train:165 - 58 has 2 samples
2023-04-14 09:19:00.441 | DEBUG    | algorithms.der_pp:train:165 - 77 has 2 samples
2023-04-14 09:19:00.442 | DEBUG    | algorithms.der_pp:train:165 - 63 has 2 samples
2023-04-14 09:19:00.443 | DEBUG    | algorithms.der_pp:train:165 - 93 has 2 samples
2023-04-14 09:19:00.443 | DEBUG    | algorithms.der_pp:train:165 - 40 has 2 samples
2023-04-14 09:19:00.444 | DEBUG    | algorithms.der_pp:train:165 - 27 has 2 samples
2023-04-14 09:19:00.445 | DEBUG    | algorithms.der_pp:train:165 - 91 has 2 samples
2023-04-14 09:19:00.445 | DEBUG    | algorithms.der_pp:train:165 - 13 has 2 samples
2023-04-14 09:19:00.446 | DEBUG    | algorithms.der_pp:train:165 - 83 has 2 samples
2023-04-14 09:19:00.446 | DEBUG    | algorithms.der_pp:train:165 - 73 has 2 samples
2023-04-14 09:19:00.447 | DEBUG    | algorithms.der_pp:train:165 - 10 has 2 samples
2023-04-14 09:19:00.448 | DEBUG    | algorithms.der_pp:train:165 - 49 has 2 samples
2023-04-14 09:19:00.449 | DEBUG    | algorithms.der_pp:train:165 - 65 has 2 samples
2023-04-14 09:19:00.449 | DEBUG    | algorithms.der_pp:train:165 - 80 has 2 samples
2023-04-14 09:19:00.450 | DEBUG    | algorithms.der_pp:train:165 - 11 has 2 samples
2023-04-14 09:19:00.451 | DEBUG    | algorithms.der_pp:train:165 - 6 has 2 samples
2023-04-14 09:19:00.451 | DEBUG    | algorithms.der_pp:train:165 - 41 has 2 samples
2023-04-14 09:19:00.452 | DEBUG    | algorithms.der_pp:train:165 - 20 has 2 samples
2023-04-14 09:19:00.453 | DEBUG    | algorithms.der_pp:train:165 - 66 has 2 samples
2023-04-14 09:19:00.454 | DEBUG    | algorithms.der_pp:train:165 - 43 has 2 samples
2023-04-14 09:19:00.454 | DEBUG    | algorithms.der_pp:train:165 - 54 has 2 samples
2023-04-14 09:19:00.455 | DEBUG    | algorithms.der_pp:train:165 - 95 has 2 samples
2023-04-14 09:19:00.456 | DEBUG    | algorithms.der_pp:train:165 - 50 has 2 samples
2023-04-14 09:19:00.456 | DEBUG    | algorithms.der_pp:train:165 - 46 has 2 samples
2023-04-14 09:19:00.457 | DEBUG    | algorithms.der_pp:train:165 - 68 has 2 samples
2023-04-14 09:19:00.458 | DEBUG    | algorithms.der_pp:train:165 - 99 has 2 samples
2023-04-14 09:19:00.459 | DEBUG    | algorithms.der_pp:train:165 - 94 has 2 samples
2023-04-14 09:19:00.459 | DEBUG    | algorithms.der_pp:train:165 - 57 has 2 samples
2023-04-14 09:19:00.460 | DEBUG    | algorithms.der_pp:train:165 - 81 has 2 samples
2023-04-14 09:19:00.461 | DEBUG    | algorithms.der_pp:train:165 - 59 has 2 samples
2023-04-14 09:19:00.462 | DEBUG    | algorithms.der_pp:train:165 - 3 has 2 samples
2023-04-14 09:19:00.462 | DEBUG    | algorithms.der_pp:train:165 - 14 has 2 samples
2023-04-14 09:19:00.463 | DEBUG    | algorithms.der_pp:train:165 - 84 has 2 samples
2023-04-14 09:19:00.464 | DEBUG    | algorithms.der_pp:train:165 - 67 has 2 samples
2023-04-14 09:19:00.464 | DEBUG    | algorithms.der_pp:train:165 - 9 has 2 samples
2023-04-14 09:19:00.465 | DEBUG    | algorithms.der_pp:train:165 - 61 has 2 samples
2023-04-14 09:19:00.466 | DEBUG    | algorithms.der_pp:train:165 - 30 has 2 samples
2023-04-14 09:19:00.467 | DEBUG    | algorithms.der_pp:train:165 - 56 has 2 samples
2023-04-14 09:19:00.467 | DEBUG    | algorithms.der_pp:train:165 - 51 has 2 samples
2023-04-14 09:19:00.468 | DEBUG    | algorithms.der_pp:train:165 - 48 has 2 samples
2023-04-14 09:19:00.469 | DEBUG    | algorithms.der_pp:train:165 - 12 has 2 samples
2023-04-14 09:19:00.469 | DEBUG    | algorithms.der_pp:train:165 - 25 has 2 samples
2023-04-14 09:19:00.470 | DEBUG    | algorithms.der_pp:train:165 - 76 has 2 samples
2023-04-14 09:19:00.471 | DEBUG    | algorithms.der_pp:train:165 - 97 has 2 samples
2023-04-14 09:19:00.472 | DEBUG    | algorithms.der_pp:train:165 - 71 has 2 samples
2023-04-14 09:19:00.472 | DEBUG    | algorithms.der_pp:train:165 - 69 has 2 samples
2023-04-14 09:19:00.473 | DEBUG    | algorithms.der_pp:train:165 - 75 has 2 samples
2023-04-14 09:19:00.474 | DEBUG    | algorithms.der_pp:train:165 - 21 has 2 samples
2023-04-14 09:19:00.474 | DEBUG    | algorithms.der_pp:train:165 - 78 has 2 samples
2023-04-14 09:19:00.475 | DEBUG    | algorithms.der_pp:train:165 - 55 has 2 samples
2023-04-14 09:19:00.476 | DEBUG    | algorithms.der_pp:train:165 - 38 has 2 samples
2023-04-14 09:19:00.477 | DEBUG    | algorithms.der_pp:train:165 - 52 has 2 samples
2023-04-14 09:19:00.477 | DEBUG    | algorithms.der_pp:train:165 - 60 has 2 samples
2023-04-14 09:19:00.478 | DEBUG    | algorithms.der_pp:train:165 - 39 has 2 samples
2023-04-14 09:19:00.479 | DEBUG    | algorithms.der_pp:train:165 - 85 has 2 samples
2023-04-14 09:19:00.480 | DEBUG    | algorithms.der_pp:train:165 - 98 has 2 samples
2023-04-14 09:19:00.480 | DEBUG    | algorithms.der_pp:train:165 - 7 has 2 samples
2023-04-14 09:19:00.481 | DEBUG    | algorithms.der_pp:train:165 - 37 has 2 samples
2023-04-14 09:19:00.482 | DEBUG    | algorithms.der_pp:train:165 - 15 has 2 samples
2023-04-14 09:19:00.482 | DEBUG    | algorithms.der_pp:train:165 - 5 has 2 samples
2023-04-14 09:19:00.483 | DEBUG    | algorithms.der_pp:train:165 - 88 has 2 samples
2023-04-14 09:19:00.484 | DEBUG    | algorithms.der_pp:train:165 - 17 has 2 samples
2023-04-14 09:19:00.485 | DEBUG    | algorithms.der_pp:train:165 - 24 has 2 samples
2023-04-14 09:19:00.485 | DEBUG    | algorithms.der_pp:train:165 - 44 has 2 samples
2023-04-14 09:19:00.486 | DEBUG    | algorithms.der_pp:train:165 - 31 has 2 samples
2023-04-14 09:19:00.487 | DEBUG    | algorithms.der_pp:train:165 - 82 has 2 samples
2023-04-14 09:19:00.487 | DEBUG    | algorithms.der_pp:train:165 - 92 has 2 samples
2023-04-14 09:19:00.488 | DEBUG    | algorithms.der_pp:train:165 - 90 has 2 samples
2023-04-14 09:19:00.489 | DEBUG    | algorithms.der_pp:train:165 - 8 has 2 samples
2023-04-14 09:19:00.490 | DEBUG    | algorithms.der_pp:train:165 - 4 has 2 samples
2023-04-14 09:19:00.490 | DEBUG    | algorithms.der_pp:train:165 - 1 has 2 samples
2023-04-14 09:19:00.491 | DEBUG    | algorithms.der_pp:train:165 - 72 has 2 samples
2023-04-14 09:19:00.492 | DEBUG    | algorithms.der_pp:train:165 - 42 has 2 samples
2023-04-14 09:19:00.493 | DEBUG    | algorithms.der_pp:train:165 - 32 has 2 samples
2023-04-14 09:19:00.493 | DEBUG    | algorithms.der_pp:train:165 - 45 has 2 samples
2023-04-14 09:19:00.494 | DEBUG    | algorithms.der_pp:train:165 - 2 has 2 samples
2023-04-14 09:19:00.495 | DEBUG    | algorithms.der_pp:train:165 - 33 has 2 samples
2023-04-14 09:19:00.495 | DEBUG    | algorithms.der_pp:train:165 - 29 has 2 samples
2023-04-14 09:19:00.496 | DEBUG    | algorithms.der_pp:train:165 - 89 has 2 samples
2023-04-14 09:19:00.497 | DEBUG    | algorithms.der_pp:train:165 - 79 has 2 samples
2023-04-14 09:19:00.498 | INFO     | algorithms.der_pp:train:170 - 1, loss: 6.256
2023-04-14 09:19:00.498 | INFO     | algorithms.algorithm_base:run_base_task_metrics:144 - Running metrics: Task 4
2023-04-14 09:19:04.508 | DEBUG    | algorithms.algorithm_base:run_base_task_metrics:200 - Raw classification accuracy results saved to ./output_cifar100_varied_sampling/der_pp/1681460162.363824_CIFAR100_OFFICIAL_RUN/task_4_accuracy_results.json
2023-04-14 09:19:04.510 | INFO     | algorithms.algorithm_base:run_base_task_metrics:201 - Correctly classified 1052 / 10000 samples (10.52% correct)
2023-04-14 09:19:04.880 | INFO     | algorithms.der_pp:train:178 - Training complete
2023-04-14 09:19:04.887 | INFO     | __main__:run_experiment:300 - Training and evaluation completed!
2023-04-14 09:19:04.888 | INFO     | __main__:run_experiment:314 - Wrote usage stats to file
2023-04-14 09:19:04.889 | INFO     | __main__:main:363 - Complete
2023-04-14 09:19:04.890 | INFO     | __main__:close_tensorboard_writer:262 - Shut down TensorBoard
