2023-02-02 13:23:22.828 | INFO     | __main__:setup_files:208 - Experiment Name: OFFICIAL_RUN
2023-02-02 13:23:22.828 | INFO     | __main__:main:313 - Command line arguments: Configuration(algorithm='ewc', dataset='cifar10', classes_per_task=2, seed=9767)
2023-02-02 13:23:22.830 | INFO     | __main__:main:317 - Seeded random to 9767
2023-02-02 13:23:22.831 | INFO     | __main__:main:321 - Got CUDA device
2023-02-02 13:23:22.832 | INFO     | __main__:force_cuda_load:256 - Forcing CUDA initialisation...
2023-02-02 13:23:22.894 | INFO     | __main__:main:325 - CUDA initialised
2023-02-02 13:23:22.895 | INFO     | __main__:setup_shutdown_hook:252 - To access TensorBoard, run the command: tensorboard --logdir=./output_cifar10_0.5k/ewc/1675344202.8240123_CIFAR10_OFFICIAL_RUN
2023-02-02 13:23:22.896 | INFO     | __main__:main:329 - Setup shutdown hooks
2023-02-02 13:23:23.020 | INFO     | __main__:main:334 - Model is setup
2023-02-02 13:23:23.022 | INFO     | __main__:main:336 - Complete pre-setup, starting experiment
2023-02-02 13:23:24.257 | INFO     | datasets.dataset_base:__init__:80 - Using disjoint tasks with 2 (5 tasks) with a randomised split
2023-02-02 13:23:24.259 | DEBUG    | datasets.dataset_base:_setup_task_datasets:95 - Splitting dataset into 5 disjoint tasks
2023-02-02 13:23:24.280 | INFO     | datasets.dataset_base:__init__:85 - {
  "name": "datasets.cifar10.CIFAR10",
  "dataset_class": "torchvision.datasets.cifar.CIFAR10",
  "training_dataset_parameters": "{'train': True, 'download': True}",
  "testing_dataset_parameters": "{'train': False, 'download': True}",
  "training_transform": "Compose(\n    Resize(size=(32, 32), interpolation=bilinear, max_size=None, antialias=None)\n    ToTensor()\n    Normalize(mean=(0.4914, 0.4822, 0.4465), std=(0.247, 0.2435, 0.2616))\n    RandomCrop(size=(32, 32), padding=4)\n    RandomHorizontalFlip(p=0.5)\n)",
  "testing_transform": "Compose(\n    Resize(size=(32, 32), interpolation=bilinear, max_size=None, antialias=None)\n    ToTensor()\n    Normalize(mean=(0.4914, 0.4822, 0.4465), std=(0.247, 0.2435, 0.2616))\n)",
  "classes": "plane, car, bird, cat, deer, dog, frog, horse, ship, truck",
  "disjoint": true,
  "task_count": 5,
  "classes_per_task": [
    2
  ],
  "task_split_indices": [
    [
      0,
      6
    ],
    [
      4,
      5
    ],
    [
      7,
      2
    ],
    [
      1,
      3
    ],
    [
      9,
      8
    ]
  ],
  "task_split_classes": [
    [
      "plane",
      "frog"
    ],
    [
      "deer",
      "dog"
    ],
    [
      "horse",
      "bird"
    ],
    [
      "car",
      "cat"
    ],
    [
      "truck",
      "ship"
    ]
  ]
}
2023-02-02 13:23:24.283 | DEBUG    | __main__:run_experiment:280 - PID: 1456
2023-02-02 13:23:24.284 | INFO     | __main__:run_experiment:282 - Starting...
2023-02-02 13:23:24.285 | INFO     | algorithms.algorithm_base:train:116 - {
  "name": "algorithms.ewc.ElasticWeightConsolidation",
  "model_class": "models.cifar.resnet.ResNet",
  "device": "cuda:0",
  "dataset_class": "datasets.cifar10.CIFAR10",
  "optimiser_class": "torch.optim.sgd.SGD",
  "loss_criterion_class": "torch.nn.modules.loss.CrossEntropyLoss",
  "max_epochs_per_task": 50,
  "batch_size": 64,
  "task_importance": 250000
}
2023-02-02 13:23:24.286 | DEBUG    | algorithms.algorithm_base:_setup_training:109 - Model moved to cuda:0 and set to train mode
2023-02-02 13:23:24.287 | INFO     | algorithms.algorithm_base:train:118 - Starting training
2023-02-02 13:23:24.288 | INFO     | algorithms.ewc:train:69 - Task 1 / 5
2023-02-02 13:23:24.289 | INFO     | algorithms.ewc:train:70 - Classes in task: ['plane', 'frog']
2023-02-02 13:23:24.290 | INFO     | algorithms.ewc:train:73 - Starting epoch 1 / 50
2023-02-02 13:23:35.819 | INFO     | algorithms.ewc:train:114 - 1, loss: 1.472
2023-02-02 13:23:35.820 | INFO     | algorithms.ewc:train:119 - 1, EWC Loss: 0.000
2023-02-02 13:23:35.821 | INFO     | algorithms.ewc:train:73 - Starting epoch 2 / 50
2023-02-02 13:23:44.772 | INFO     | algorithms.ewc:train:114 - 2, loss: 0.860
2023-02-02 13:23:44.774 | INFO     | algorithms.ewc:train:119 - 2, EWC Loss: 0.000
2023-02-02 13:23:44.775 | INFO     | algorithms.ewc:train:73 - Starting epoch 3 / 50
2023-02-02 13:23:53.710 | INFO     | algorithms.ewc:train:114 - 3, loss: 0.596
2023-02-02 13:23:53.711 | INFO     | algorithms.ewc:train:119 - 3, EWC Loss: 0.000
2023-02-02 13:23:53.712 | INFO     | algorithms.ewc:train:73 - Starting epoch 4 / 50
2023-02-02 13:24:02.675 | INFO     | algorithms.ewc:train:114 - 4, loss: 0.454
2023-02-02 13:24:02.676 | INFO     | algorithms.ewc:train:119 - 4, EWC Loss: 0.000
2023-02-02 13:24:02.677 | INFO     | algorithms.ewc:train:73 - Starting epoch 5 / 50
2023-02-02 13:24:11.621 | INFO     | algorithms.ewc:train:114 - 5, loss: 0.372
2023-02-02 13:24:11.623 | INFO     | algorithms.ewc:train:119 - 5, EWC Loss: 0.000
2023-02-02 13:24:11.624 | INFO     | algorithms.ewc:train:73 - Starting epoch 6 / 50
2023-02-02 13:24:20.576 | INFO     | algorithms.ewc:train:114 - 6, loss: 0.324
2023-02-02 13:24:20.577 | INFO     | algorithms.ewc:train:119 - 6, EWC Loss: 0.000
2023-02-02 13:24:20.578 | INFO     | algorithms.ewc:train:73 - Starting epoch 7 / 50
2023-02-02 13:24:29.520 | INFO     | algorithms.ewc:train:114 - 7, loss: 0.286
2023-02-02 13:24:29.522 | INFO     | algorithms.ewc:train:119 - 7, EWC Loss: 0.000
2023-02-02 13:24:29.523 | INFO     | algorithms.ewc:train:73 - Starting epoch 8 / 50
2023-02-02 13:24:38.482 | INFO     | algorithms.ewc:train:114 - 8, loss: 0.252
2023-02-02 13:24:38.483 | INFO     | algorithms.ewc:train:119 - 8, EWC Loss: 0.000
2023-02-02 13:24:38.484 | INFO     | algorithms.ewc:train:73 - Starting epoch 9 / 50
2023-02-02 13:24:47.440 | INFO     | algorithms.ewc:train:114 - 9, loss: 0.231
2023-02-02 13:24:47.442 | INFO     | algorithms.ewc:train:119 - 9, EWC Loss: 0.000
2023-02-02 13:24:47.443 | INFO     | algorithms.ewc:train:73 - Starting epoch 10 / 50
2023-02-02 13:24:56.384 | INFO     | algorithms.ewc:train:114 - 10, loss: 0.215
2023-02-02 13:24:56.385 | INFO     | algorithms.ewc:train:119 - 10, EWC Loss: 0.000
2023-02-02 13:24:56.386 | INFO     | algorithms.ewc:train:73 - Starting epoch 11 / 50
2023-02-02 13:25:05.323 | INFO     | algorithms.ewc:train:114 - 11, loss: 0.194
2023-02-02 13:25:05.324 | INFO     | algorithms.ewc:train:119 - 11, EWC Loss: 0.000
2023-02-02 13:25:05.325 | INFO     | algorithms.ewc:train:73 - Starting epoch 12 / 50
2023-02-02 13:25:14.273 | INFO     | algorithms.ewc:train:114 - 12, loss: 0.190
2023-02-02 13:25:14.275 | INFO     | algorithms.ewc:train:119 - 12, EWC Loss: 0.000
2023-02-02 13:25:14.276 | INFO     | algorithms.ewc:train:73 - Starting epoch 13 / 50
2023-02-02 13:25:23.219 | INFO     | algorithms.ewc:train:114 - 13, loss: 0.187
2023-02-02 13:25:23.220 | INFO     | algorithms.ewc:train:119 - 13, EWC Loss: 0.000
2023-02-02 13:25:23.221 | INFO     | algorithms.ewc:train:73 - Starting epoch 14 / 50
2023-02-02 13:25:32.163 | INFO     | algorithms.ewc:train:114 - 14, loss: 0.170
2023-02-02 13:25:32.165 | INFO     | algorithms.ewc:train:119 - 14, EWC Loss: 0.000
2023-02-02 13:25:32.166 | INFO     | algorithms.ewc:train:73 - Starting epoch 15 / 50
2023-02-02 13:25:41.120 | INFO     | algorithms.ewc:train:114 - 15, loss: 0.169
2023-02-02 13:25:41.122 | INFO     | algorithms.ewc:train:119 - 15, EWC Loss: 0.000
2023-02-02 13:25:41.123 | INFO     | algorithms.ewc:train:73 - Starting epoch 16 / 50
2023-02-02 13:25:50.076 | INFO     | algorithms.ewc:train:114 - 16, loss: 0.162
2023-02-02 13:25:50.078 | INFO     | algorithms.ewc:train:119 - 16, EWC Loss: 0.000
2023-02-02 13:25:50.079 | INFO     | algorithms.ewc:train:73 - Starting epoch 17 / 50
2023-02-02 13:25:59.033 | INFO     | algorithms.ewc:train:114 - 17, loss: 0.156
2023-02-02 13:25:59.035 | INFO     | algorithms.ewc:train:119 - 17, EWC Loss: 0.000
2023-02-02 13:25:59.036 | INFO     | algorithms.ewc:train:73 - Starting epoch 18 / 50
2023-02-02 13:26:07.989 | INFO     | algorithms.ewc:train:114 - 18, loss: 0.143
2023-02-02 13:26:07.990 | INFO     | algorithms.ewc:train:119 - 18, EWC Loss: 0.000
2023-02-02 13:26:07.991 | INFO     | algorithms.ewc:train:73 - Starting epoch 19 / 50
2023-02-02 13:26:16.944 | INFO     | algorithms.ewc:train:114 - 19, loss: 0.145
2023-02-02 13:26:16.945 | INFO     | algorithms.ewc:train:119 - 19, EWC Loss: 0.000
2023-02-02 13:26:16.946 | INFO     | algorithms.ewc:train:73 - Starting epoch 20 / 50
2023-02-02 13:26:25.892 | INFO     | algorithms.ewc:train:114 - 20, loss: 0.141
2023-02-02 13:26:25.893 | INFO     | algorithms.ewc:train:119 - 20, EWC Loss: 0.000
2023-02-02 13:26:25.894 | INFO     | algorithms.ewc:train:73 - Starting epoch 21 / 50
2023-02-02 13:26:34.848 | INFO     | algorithms.ewc:train:114 - 21, loss: 0.142
2023-02-02 13:26:34.848 | INFO     | algorithms.ewc:train:119 - 21, EWC Loss: 0.000
2023-02-02 13:26:34.849 | INFO     | algorithms.ewc:train:73 - Starting epoch 22 / 50
2023-02-02 13:26:43.806 | INFO     | algorithms.ewc:train:114 - 22, loss: 0.123
2023-02-02 13:26:43.808 | INFO     | algorithms.ewc:train:119 - 22, EWC Loss: 0.000
2023-02-02 13:26:43.809 | INFO     | algorithms.ewc:train:73 - Starting epoch 23 / 50
2023-02-02 13:26:52.749 | INFO     | algorithms.ewc:train:114 - 23, loss: 0.122
2023-02-02 13:26:52.751 | INFO     | algorithms.ewc:train:119 - 23, EWC Loss: 0.000
2023-02-02 13:26:52.752 | INFO     | algorithms.ewc:train:73 - Starting epoch 24 / 50
2023-02-02 13:27:01.706 | INFO     | algorithms.ewc:train:114 - 24, loss: 0.120
2023-02-02 13:27:01.708 | INFO     | algorithms.ewc:train:119 - 24, EWC Loss: 0.000
2023-02-02 13:27:01.709 | INFO     | algorithms.ewc:train:73 - Starting epoch 25 / 50
2023-02-02 13:27:10.652 | INFO     | algorithms.ewc:train:114 - 25, loss: 0.119
2023-02-02 13:27:10.652 | INFO     | algorithms.ewc:train:119 - 25, EWC Loss: 0.000
2023-02-02 13:27:10.653 | INFO     | algorithms.ewc:train:73 - Starting epoch 26 / 50
2023-02-02 13:27:19.608 | INFO     | algorithms.ewc:train:114 - 26, loss: 0.116
2023-02-02 13:27:19.610 | INFO     | algorithms.ewc:train:119 - 26, EWC Loss: 0.000
2023-02-02 13:27:19.611 | INFO     | algorithms.ewc:train:73 - Starting epoch 27 / 50
2023-02-02 13:27:28.575 | INFO     | algorithms.ewc:train:114 - 27, loss: 0.108
2023-02-02 13:27:28.577 | INFO     | algorithms.ewc:train:119 - 27, EWC Loss: 0.000
2023-02-02 13:27:28.578 | INFO     | algorithms.ewc:train:73 - Starting epoch 28 / 50
2023-02-02 13:27:37.529 | INFO     | algorithms.ewc:train:114 - 28, loss: 0.110
2023-02-02 13:27:37.530 | INFO     | algorithms.ewc:train:119 - 28, EWC Loss: 0.000
2023-02-02 13:27:37.532 | INFO     | algorithms.ewc:train:73 - Starting epoch 29 / 50
2023-02-02 13:27:46.483 | INFO     | algorithms.ewc:train:114 - 29, loss: 0.109
2023-02-02 13:27:46.485 | INFO     | algorithms.ewc:train:119 - 29, EWC Loss: 0.000
2023-02-02 13:27:46.486 | INFO     | algorithms.ewc:train:73 - Starting epoch 30 / 50
2023-02-02 13:27:55.434 | INFO     | algorithms.ewc:train:114 - 30, loss: 0.105
2023-02-02 13:27:55.435 | INFO     | algorithms.ewc:train:119 - 30, EWC Loss: 0.000
2023-02-02 13:27:55.436 | INFO     | algorithms.ewc:train:73 - Starting epoch 31 / 50
2023-02-02 13:28:04.379 | INFO     | algorithms.ewc:train:114 - 31, loss: 0.096
2023-02-02 13:28:04.381 | INFO     | algorithms.ewc:train:119 - 31, EWC Loss: 0.000
2023-02-02 13:28:04.382 | INFO     | algorithms.ewc:train:73 - Starting epoch 32 / 50
2023-02-02 13:28:13.328 | INFO     | algorithms.ewc:train:114 - 32, loss: 0.099
2023-02-02 13:28:13.329 | INFO     | algorithms.ewc:train:119 - 32, EWC Loss: 0.000
2023-02-02 13:28:13.330 | INFO     | algorithms.ewc:train:73 - Starting epoch 33 / 50
2023-02-02 13:28:22.280 | INFO     | algorithms.ewc:train:114 - 33, loss: 0.098
2023-02-02 13:28:22.281 | INFO     | algorithms.ewc:train:119 - 33, EWC Loss: 0.000
2023-02-02 13:28:22.282 | INFO     | algorithms.ewc:train:73 - Starting epoch 34 / 50
2023-02-02 13:28:31.227 | INFO     | algorithms.ewc:train:114 - 34, loss: 0.094
2023-02-02 13:28:31.229 | INFO     | algorithms.ewc:train:119 - 34, EWC Loss: 0.000
2023-02-02 13:28:31.230 | INFO     | algorithms.ewc:train:73 - Starting epoch 35 / 50
2023-02-02 13:28:40.164 | INFO     | algorithms.ewc:train:114 - 35, loss: 0.093
2023-02-02 13:28:40.165 | INFO     | algorithms.ewc:train:119 - 35, EWC Loss: 0.000
2023-02-02 13:28:40.166 | INFO     | algorithms.ewc:train:73 - Starting epoch 36 / 50
2023-02-02 13:28:49.111 | INFO     | algorithms.ewc:train:114 - 36, loss: 0.086
2023-02-02 13:28:49.112 | INFO     | algorithms.ewc:train:119 - 36, EWC Loss: 0.000
2023-02-02 13:28:49.113 | INFO     | algorithms.ewc:train:73 - Starting epoch 37 / 50
2023-02-02 13:28:58.065 | INFO     | algorithms.ewc:train:114 - 37, loss: 0.088
2023-02-02 13:28:58.066 | INFO     | algorithms.ewc:train:119 - 37, EWC Loss: 0.000
2023-02-02 13:28:58.067 | INFO     | algorithms.ewc:train:73 - Starting epoch 38 / 50
2023-02-02 13:29:07.010 | INFO     | algorithms.ewc:train:114 - 38, loss: 0.086
2023-02-02 13:29:07.012 | INFO     | algorithms.ewc:train:119 - 38, EWC Loss: 0.000
2023-02-02 13:29:07.013 | INFO     | algorithms.ewc:train:73 - Starting epoch 39 / 50
2023-02-02 13:29:15.957 | INFO     | algorithms.ewc:train:114 - 39, loss: 0.079
2023-02-02 13:29:15.959 | INFO     | algorithms.ewc:train:119 - 39, EWC Loss: 0.000
2023-02-02 13:29:15.960 | INFO     | algorithms.ewc:train:73 - Starting epoch 40 / 50
2023-02-02 13:29:24.901 | INFO     | algorithms.ewc:train:114 - 40, loss: 0.077
2023-02-02 13:29:24.902 | INFO     | algorithms.ewc:train:119 - 40, EWC Loss: 0.000
2023-02-02 13:29:24.903 | INFO     | algorithms.ewc:train:73 - Starting epoch 41 / 50
2023-02-02 13:29:33.839 | INFO     | algorithms.ewc:train:114 - 41, loss: 0.087
2023-02-02 13:29:33.840 | INFO     | algorithms.ewc:train:119 - 41, EWC Loss: 0.000
2023-02-02 13:29:33.841 | INFO     | algorithms.ewc:train:73 - Starting epoch 42 / 50
2023-02-02 13:29:42.780 | INFO     | algorithms.ewc:train:114 - 42, loss: 0.079
2023-02-02 13:29:42.781 | INFO     | algorithms.ewc:train:119 - 42, EWC Loss: 0.000
2023-02-02 13:29:42.782 | INFO     | algorithms.ewc:train:73 - Starting epoch 43 / 50
2023-02-02 13:29:51.722 | INFO     | algorithms.ewc:train:114 - 43, loss: 0.079
2023-02-02 13:29:51.723 | INFO     | algorithms.ewc:train:119 - 43, EWC Loss: 0.000
2023-02-02 13:29:51.724 | INFO     | algorithms.ewc:train:73 - Starting epoch 44 / 50
2023-02-02 13:30:00.666 | INFO     | algorithms.ewc:train:114 - 44, loss: 0.076
2023-02-02 13:30:00.668 | INFO     | algorithms.ewc:train:119 - 44, EWC Loss: 0.000
2023-02-02 13:30:00.669 | INFO     | algorithms.ewc:train:73 - Starting epoch 45 / 50
2023-02-02 13:30:09.608 | INFO     | algorithms.ewc:train:114 - 45, loss: 0.070
2023-02-02 13:30:09.610 | INFO     | algorithms.ewc:train:119 - 45, EWC Loss: 0.000
2023-02-02 13:30:09.611 | INFO     | algorithms.ewc:train:73 - Starting epoch 46 / 50
2023-02-02 13:30:18.551 | INFO     | algorithms.ewc:train:114 - 46, loss: 0.074
2023-02-02 13:30:18.554 | INFO     | algorithms.ewc:train:119 - 46, EWC Loss: 0.000
2023-02-02 13:30:18.555 | INFO     | algorithms.ewc:train:73 - Starting epoch 47 / 50
2023-02-02 13:30:27.500 | INFO     | algorithms.ewc:train:114 - 47, loss: 0.074
2023-02-02 13:30:27.500 | INFO     | algorithms.ewc:train:119 - 47, EWC Loss: 0.000
2023-02-02 13:30:27.501 | INFO     | algorithms.ewc:train:73 - Starting epoch 48 / 50
2023-02-02 13:30:36.433 | INFO     | algorithms.ewc:train:114 - 48, loss: 0.067
2023-02-02 13:30:36.435 | INFO     | algorithms.ewc:train:119 - 48, EWC Loss: 0.000
2023-02-02 13:30:36.435 | INFO     | algorithms.ewc:train:73 - Starting epoch 49 / 50
2023-02-02 13:30:45.372 | INFO     | algorithms.ewc:train:114 - 49, loss: 0.075
2023-02-02 13:30:45.373 | INFO     | algorithms.ewc:train:119 - 49, EWC Loss: 0.000
2023-02-02 13:30:45.374 | INFO     | algorithms.ewc:train:73 - Starting epoch 50 / 50
2023-02-02 13:30:54.312 | INFO     | algorithms.ewc:train:114 - 50, loss: 0.069
2023-02-02 13:30:54.312 | INFO     | algorithms.ewc:train:119 - 50, EWC Loss: 0.000
2023-02-02 13:30:54.313 | INFO     | algorithms.algorithm_base:run_base_task_metrics:144 - Running metrics: Task 0
2023-02-02 13:30:59.085 | DEBUG    | algorithms.algorithm_base:run_base_task_metrics:200 - Raw classification accuracy results saved to ./output_cifar10_0.5k/ewc/1675344202.8240123_CIFAR10_OFFICIAL_RUN/task_0_accuracy_results.json
2023-02-02 13:30:59.086 | INFO     | algorithms.algorithm_base:run_base_task_metrics:201 - Correctly classified 1941 / 10000 samples (19.41% correct)
2023-02-02 13:30:59.320 | DEBUG    | algorithms.ewc:train:136 - Consolidating EWC parameters
2023-02-02 13:30:59.324 | DEBUG    | algorithms.ewc:consolidate:142 - Copying existing model parameters
2023-02-02 13:30:59.328 | DEBUG    | algorithms.ewc:consolidate:145 - Computing FIM
2023-02-02 13:31:01.062 | DEBUG    | algorithms.ewc:fim_diag:209 - Samples:   100. Fps: 57.7684 samples/s.
2023-02-02 13:31:02.621 | DEBUG    | algorithms.ewc:fim_diag:209 - Samples:   200. Fps: 64.1471 samples/s.
2023-02-02 13:31:04.180 | DEBUG    | algorithms.ewc:fim_diag:209 - Samples:   300. Fps: 64.1624 samples/s.
2023-02-02 13:31:05.742 | DEBUG    | algorithms.ewc:fim_diag:209 - Samples:   400. Fps: 64.0154 samples/s.
2023-02-02 13:31:07.334 | DEBUG    | algorithms.ewc:fim_diag:209 - Samples:   500. Fps: 62.8135 samples/s.
2023-02-02 13:31:08.940 | DEBUG    | algorithms.ewc:fim_diag:209 - Samples:   600. Fps: 62.2539 samples/s.
2023-02-02 13:31:10.548 | DEBUG    | algorithms.ewc:fim_diag:209 - Samples:   700. Fps: 62.2117 samples/s.
2023-02-02 13:31:12.145 | DEBUG    | algorithms.ewc:fim_diag:209 - Samples:   800. Fps: 62.6102 samples/s.
2023-02-02 13:31:13.859 | DEBUG    | algorithms.ewc:fim_diag:209 - Samples:   900. Fps: 58.3310 samples/s.
2023-02-02 13:31:15.421 | DEBUG    | algorithms.ewc:fim_diag:209 - Samples:  1000. Fps: 64.0304 samples/s.
2023-02-02 13:31:16.980 | DEBUG    | algorithms.ewc:fim_diag:209 - Samples:  1100. Fps: 64.1449 samples/s.
2023-02-02 13:31:18.543 | DEBUG    | algorithms.ewc:fim_diag:209 - Samples:  1200. Fps: 63.9964 samples/s.
2023-02-02 13:31:20.140 | DEBUG    | algorithms.ewc:fim_diag:209 - Samples:  1300. Fps: 62.5969 samples/s.
2023-02-02 13:31:21.748 | DEBUG    | algorithms.ewc:fim_diag:209 - Samples:  1400. Fps: 62.2027 samples/s.
2023-02-02 13:31:23.346 | DEBUG    | algorithms.ewc:fim_diag:209 - Samples:  1500. Fps: 62.5839 samples/s.
2023-02-02 13:31:24.944 | DEBUG    | algorithms.ewc:fim_diag:209 - Samples:  1600. Fps: 62.5578 samples/s.
2023-02-02 13:31:26.669 | DEBUG    | algorithms.ewc:fim_diag:209 - Samples:  1700. Fps: 57.9688 samples/s.
2023-02-02 13:31:28.235 | DEBUG    | algorithms.ewc:fim_diag:209 - Samples:  1800. Fps: 63.8817 samples/s.
2023-02-02 13:31:29.790 | DEBUG    | algorithms.ewc:fim_diag:209 - Samples:  1900. Fps: 64.2883 samples/s.
2023-02-02 13:31:31.348 | DEBUG    | algorithms.ewc:fim_diag:209 - Samples:  2000. Fps: 64.1853 samples/s.
2023-02-02 13:31:32.954 | DEBUG    | algorithms.ewc:fim_diag:209 - Samples:  2100. Fps: 62.2835 samples/s.
2023-02-02 13:31:34.549 | DEBUG    | algorithms.ewc:fim_diag:209 - Samples:  2200. Fps: 62.6642 samples/s.
2023-02-02 13:31:36.155 | DEBUG    | algorithms.ewc:fim_diag:209 - Samples:  2300. Fps: 62.2649 samples/s.
2023-02-02 13:31:37.751 | DEBUG    | algorithms.ewc:fim_diag:209 - Samples:  2400. Fps: 62.6670 samples/s.
2023-02-02 13:31:39.462 | DEBUG    | algorithms.ewc:fim_diag:209 - Samples:  2500. Fps: 58.4572 samples/s.
2023-02-02 13:31:41.025 | DEBUG    | algorithms.ewc:fim_diag:209 - Samples:  2600. Fps: 63.9940 samples/s.
2023-02-02 13:31:42.585 | DEBUG    | algorithms.ewc:fim_diag:209 - Samples:  2700. Fps: 64.0736 samples/s.
2023-02-02 13:31:44.144 | DEBUG    | algorithms.ewc:fim_diag:209 - Samples:  2800. Fps: 64.1625 samples/s.
2023-02-02 13:31:45.751 | DEBUG    | algorithms.ewc:fim_diag:209 - Samples:  2900. Fps: 62.2185 samples/s.
2023-02-02 13:31:47.354 | DEBUG    | algorithms.ewc:fim_diag:209 - Samples:  3000. Fps: 62.4329 samples/s.
2023-02-02 13:31:48.946 | DEBUG    | algorithms.ewc:fim_diag:209 - Samples:  3100. Fps: 62.7614 samples/s.
2023-02-02 13:31:50.546 | DEBUG    | algorithms.ewc:fim_diag:209 - Samples:  3200. Fps: 62.5178 samples/s.
2023-02-02 13:31:52.271 | DEBUG    | algorithms.ewc:fim_diag:209 - Samples:  3300. Fps: 57.9476 samples/s.
2023-02-02 13:31:53.838 | DEBUG    | algorithms.ewc:fim_diag:209 - Samples:  3400. Fps: 63.8193 samples/s.
2023-02-02 13:31:55.408 | DEBUG    | algorithms.ewc:fim_diag:209 - Samples:  3500. Fps: 63.7034 samples/s.
2023-02-02 13:31:56.978 | DEBUG    | algorithms.ewc:fim_diag:209 - Samples:  3600. Fps: 63.7044 samples/s.
2023-02-02 13:31:58.579 | DEBUG    | algorithms.ewc:fim_diag:209 - Samples:  3700. Fps: 62.4699 samples/s.
2023-02-02 13:32:00.176 | DEBUG    | algorithms.ewc:fim_diag:209 - Samples:  3800. Fps: 62.5844 samples/s.
2023-02-02 13:32:01.780 | DEBUG    | algorithms.ewc:fim_diag:209 - Samples:  3900. Fps: 62.4066 samples/s.
2023-02-02 13:32:03.387 | DEBUG    | algorithms.ewc:fim_diag:209 - Samples:  4000. Fps: 62.1952 samples/s.
2023-02-02 13:32:04.923 | INFO     | algorithms.ewc:train:69 - Task 2 / 5
2023-02-02 13:32:04.925 | INFO     | algorithms.ewc:train:70 - Classes in task: ['deer', 'dog']
2023-02-02 13:32:04.925 | INFO     | algorithms.ewc:train:73 - Starting epoch 1 / 50
2023-02-02 13:32:15.165 | INFO     | algorithms.ewc:train:114 - 1, loss: 17.149
2023-02-02 13:32:15.165 | INFO     | algorithms.ewc:train:119 - 1, EWC Loss: 11.476
2023-02-02 13:32:15.166 | INFO     | algorithms.ewc:train:73 - Starting epoch 2 / 50
2023-02-02 13:32:25.268 | INFO     | algorithms.ewc:train:114 - 2, loss: 5.683
2023-02-02 13:32:25.270 | INFO     | algorithms.ewc:train:119 - 2, EWC Loss: 1.060
2023-02-02 13:32:25.271 | INFO     | algorithms.ewc:train:73 - Starting epoch 3 / 50
2023-02-02 13:32:35.368 | INFO     | algorithms.ewc:train:114 - 3, loss: 5.179
2023-02-02 13:32:35.370 | INFO     | algorithms.ewc:train:119 - 3, EWC Loss: 1.081
2023-02-02 13:32:35.371 | INFO     | algorithms.ewc:train:73 - Starting epoch 4 / 50
2023-02-02 13:32:45.454 | INFO     | algorithms.ewc:train:114 - 4, loss: 4.904
2023-02-02 13:32:45.455 | INFO     | algorithms.ewc:train:119 - 4, EWC Loss: 1.186
2023-02-02 13:32:45.456 | INFO     | algorithms.ewc:train:73 - Starting epoch 5 / 50
2023-02-02 13:32:55.546 | INFO     | algorithms.ewc:train:114 - 5, loss: 4.711
2023-02-02 13:32:55.547 | INFO     | algorithms.ewc:train:119 - 5, EWC Loss: 1.290
2023-02-02 13:32:55.548 | INFO     | algorithms.ewc:train:73 - Starting epoch 6 / 50
2023-02-02 13:33:05.636 | INFO     | algorithms.ewc:train:114 - 6, loss: 4.573
2023-02-02 13:33:05.638 | INFO     | algorithms.ewc:train:119 - 6, EWC Loss: 1.377
2023-02-02 13:33:05.639 | INFO     | algorithms.ewc:train:73 - Starting epoch 7 / 50
2023-02-02 13:33:15.744 | INFO     | algorithms.ewc:train:114 - 7, loss: 4.467
2023-02-02 13:33:15.746 | INFO     | algorithms.ewc:train:119 - 7, EWC Loss: 1.449
2023-02-02 13:33:15.747 | INFO     | algorithms.ewc:train:73 - Starting epoch 8 / 50
2023-02-02 13:33:25.854 | INFO     | algorithms.ewc:train:114 - 8, loss: 4.382
2023-02-02 13:33:25.856 | INFO     | algorithms.ewc:train:119 - 8, EWC Loss: 1.510
2023-02-02 13:33:25.857 | INFO     | algorithms.ewc:train:73 - Starting epoch 9 / 50
2023-02-02 13:33:35.957 | INFO     | algorithms.ewc:train:114 - 9, loss: 4.308
2023-02-02 13:33:35.959 | INFO     | algorithms.ewc:train:119 - 9, EWC Loss: 1.560
2023-02-02 13:33:35.960 | INFO     | algorithms.ewc:train:73 - Starting epoch 10 / 50
2023-02-02 13:33:46.050 | INFO     | algorithms.ewc:train:114 - 10, loss: 4.254
2023-02-02 13:33:46.052 | INFO     | algorithms.ewc:train:119 - 10, EWC Loss: 1.599
2023-02-02 13:33:46.053 | INFO     | algorithms.ewc:train:73 - Starting epoch 11 / 50
2023-02-02 13:33:56.148 | INFO     | algorithms.ewc:train:114 - 11, loss: 4.206
2023-02-02 13:33:56.150 | INFO     | algorithms.ewc:train:119 - 11, EWC Loss: 1.636
2023-02-02 13:33:56.151 | INFO     | algorithms.ewc:train:73 - Starting epoch 12 / 50
2023-02-02 13:34:06.248 | INFO     | algorithms.ewc:train:114 - 12, loss: 4.159
2023-02-02 13:34:06.249 | INFO     | algorithms.ewc:train:119 - 12, EWC Loss: 1.664
2023-02-02 13:34:06.250 | INFO     | algorithms.ewc:train:73 - Starting epoch 13 / 50
2023-02-02 13:34:16.355 | INFO     | algorithms.ewc:train:114 - 13, loss: 4.123
2023-02-02 13:34:16.356 | INFO     | algorithms.ewc:train:119 - 13, EWC Loss: 1.691
2023-02-02 13:34:16.357 | INFO     | algorithms.ewc:train:73 - Starting epoch 14 / 50
2023-02-02 13:34:26.444 | INFO     | algorithms.ewc:train:114 - 14, loss: 4.091
2023-02-02 13:34:26.446 | INFO     | algorithms.ewc:train:119 - 14, EWC Loss: 1.712
2023-02-02 13:34:26.447 | INFO     | algorithms.ewc:train:73 - Starting epoch 15 / 50
2023-02-02 13:34:36.539 | INFO     | algorithms.ewc:train:114 - 15, loss: 4.058
2023-02-02 13:34:36.541 | INFO     | algorithms.ewc:train:119 - 15, EWC Loss: 1.731
2023-02-02 13:34:36.543 | INFO     | algorithms.ewc:train:73 - Starting epoch 16 / 50
2023-02-02 13:34:46.632 | INFO     | algorithms.ewc:train:114 - 16, loss: 4.029
2023-02-02 13:34:46.634 | INFO     | algorithms.ewc:train:119 - 16, EWC Loss: 1.747
2023-02-02 13:34:46.635 | INFO     | algorithms.ewc:train:73 - Starting epoch 17 / 50
2023-02-02 13:34:56.723 | INFO     | algorithms.ewc:train:114 - 17, loss: 4.010
2023-02-02 13:34:56.724 | INFO     | algorithms.ewc:train:119 - 17, EWC Loss: 1.761
2023-02-02 13:34:56.725 | INFO     | algorithms.ewc:train:73 - Starting epoch 18 / 50
2023-02-02 13:35:06.814 | INFO     | algorithms.ewc:train:114 - 18, loss: 3.989
2023-02-02 13:35:06.815 | INFO     | algorithms.ewc:train:119 - 18, EWC Loss: 1.775
2023-02-02 13:35:06.816 | INFO     | algorithms.ewc:train:73 - Starting epoch 19 / 50
2023-02-02 13:35:16.909 | INFO     | algorithms.ewc:train:114 - 19, loss: 3.967
2023-02-02 13:35:16.910 | INFO     | algorithms.ewc:train:119 - 19, EWC Loss: 1.785
2023-02-02 13:35:16.911 | INFO     | algorithms.ewc:train:73 - Starting epoch 20 / 50
2023-02-02 13:35:27.008 | INFO     | algorithms.ewc:train:114 - 20, loss: 3.943
2023-02-02 13:35:27.009 | INFO     | algorithms.ewc:train:119 - 20, EWC Loss: 1.794
2023-02-02 13:35:27.010 | INFO     | algorithms.ewc:train:73 - Starting epoch 21 / 50
2023-02-02 13:35:37.102 | INFO     | algorithms.ewc:train:114 - 21, loss: 3.934
2023-02-02 13:35:37.102 | INFO     | algorithms.ewc:train:119 - 21, EWC Loss: 1.805
2023-02-02 13:35:37.103 | INFO     | algorithms.ewc:train:73 - Starting epoch 22 / 50
2023-02-02 13:35:47.211 | INFO     | algorithms.ewc:train:114 - 22, loss: 3.913
2023-02-02 13:35:47.212 | INFO     | algorithms.ewc:train:119 - 22, EWC Loss: 1.813
2023-02-02 13:35:47.213 | INFO     | algorithms.ewc:train:73 - Starting epoch 23 / 50
2023-02-02 13:35:57.306 | INFO     | algorithms.ewc:train:114 - 23, loss: 3.897
2023-02-02 13:35:57.307 | INFO     | algorithms.ewc:train:119 - 23, EWC Loss: 1.820
2023-02-02 13:35:57.308 | INFO     | algorithms.ewc:train:73 - Starting epoch 24 / 50
2023-02-02 13:36:07.392 | INFO     | algorithms.ewc:train:114 - 24, loss: 3.893
2023-02-02 13:36:07.394 | INFO     | algorithms.ewc:train:119 - 24, EWC Loss: 1.828
2023-02-02 13:36:07.395 | INFO     | algorithms.ewc:train:73 - Starting epoch 25 / 50
2023-02-02 13:36:17.489 | INFO     | algorithms.ewc:train:114 - 25, loss: 3.876
2023-02-02 13:36:17.490 | INFO     | algorithms.ewc:train:119 - 25, EWC Loss: 1.835
2023-02-02 13:36:17.491 | INFO     | algorithms.ewc:train:73 - Starting epoch 26 / 50
2023-02-02 13:36:27.582 | INFO     | algorithms.ewc:train:114 - 26, loss: 3.860
2023-02-02 13:36:27.584 | INFO     | algorithms.ewc:train:119 - 26, EWC Loss: 1.841
2023-02-02 13:36:27.585 | INFO     | algorithms.ewc:train:73 - Starting epoch 27 / 50
2023-02-02 13:36:37.666 | INFO     | algorithms.ewc:train:114 - 27, loss: 3.851
2023-02-02 13:36:37.668 | INFO     | algorithms.ewc:train:119 - 27, EWC Loss: 1.847
2023-02-02 13:36:37.669 | INFO     | algorithms.ewc:train:73 - Starting epoch 28 / 50
2023-02-02 13:36:47.751 | INFO     | algorithms.ewc:train:114 - 28, loss: 3.840
2023-02-02 13:36:47.753 | INFO     | algorithms.ewc:train:119 - 28, EWC Loss: 1.852
2023-02-02 13:36:47.754 | INFO     | algorithms.ewc:train:73 - Starting epoch 29 / 50
2023-02-02 13:36:57.853 | INFO     | algorithms.ewc:train:114 - 29, loss: 3.831
2023-02-02 13:36:57.855 | INFO     | algorithms.ewc:train:119 - 29, EWC Loss: 1.856
2023-02-02 13:36:57.856 | INFO     | algorithms.ewc:train:73 - Starting epoch 30 / 50
2023-02-02 13:37:07.965 | INFO     | algorithms.ewc:train:114 - 30, loss: 3.825
2023-02-02 13:37:07.966 | INFO     | algorithms.ewc:train:119 - 30, EWC Loss: 1.862
2023-02-02 13:37:07.967 | INFO     | algorithms.ewc:train:73 - Starting epoch 31 / 50
2023-02-02 13:37:18.059 | INFO     | algorithms.ewc:train:114 - 31, loss: 3.810
2023-02-02 13:37:18.061 | INFO     | algorithms.ewc:train:119 - 31, EWC Loss: 1.866
2023-02-02 13:37:18.062 | INFO     | algorithms.ewc:train:73 - Starting epoch 32 / 50
2023-02-02 13:37:28.175 | INFO     | algorithms.ewc:train:114 - 32, loss: 3.807
2023-02-02 13:37:28.177 | INFO     | algorithms.ewc:train:119 - 32, EWC Loss: 1.870
2023-02-02 13:37:28.178 | INFO     | algorithms.ewc:train:73 - Starting epoch 33 / 50
2023-02-02 13:37:38.277 | INFO     | algorithms.ewc:train:114 - 33, loss: 3.801
2023-02-02 13:37:38.279 | INFO     | algorithms.ewc:train:119 - 33, EWC Loss: 1.873
2023-02-02 13:37:38.280 | INFO     | algorithms.ewc:train:73 - Starting epoch 34 / 50
2023-02-02 13:37:48.372 | INFO     | algorithms.ewc:train:114 - 34, loss: 3.789
2023-02-02 13:37:48.374 | INFO     | algorithms.ewc:train:119 - 34, EWC Loss: 1.877
2023-02-02 13:37:48.375 | INFO     | algorithms.ewc:train:73 - Starting epoch 35 / 50
2023-02-02 13:37:58.473 | INFO     | algorithms.ewc:train:114 - 35, loss: 3.783
2023-02-02 13:37:58.475 | INFO     | algorithms.ewc:train:119 - 35, EWC Loss: 1.880
2023-02-02 13:37:58.476 | INFO     | algorithms.ewc:train:73 - Starting epoch 36 / 50
2023-02-02 13:38:08.576 | INFO     | algorithms.ewc:train:114 - 36, loss: 3.775
2023-02-02 13:38:08.578 | INFO     | algorithms.ewc:train:119 - 36, EWC Loss: 1.884
2023-02-02 13:38:08.579 | INFO     | algorithms.ewc:train:73 - Starting epoch 37 / 50
2023-02-02 13:38:18.666 | INFO     | algorithms.ewc:train:114 - 37, loss: 3.770
2023-02-02 13:38:18.667 | INFO     | algorithms.ewc:train:119 - 37, EWC Loss: 1.886
2023-02-02 13:38:18.668 | INFO     | algorithms.ewc:train:73 - Starting epoch 38 / 50
2023-02-02 13:38:28.771 | INFO     | algorithms.ewc:train:114 - 38, loss: 3.757
2023-02-02 13:38:28.772 | INFO     | algorithms.ewc:train:119 - 38, EWC Loss: 1.888
2023-02-02 13:38:28.773 | INFO     | algorithms.ewc:train:73 - Starting epoch 39 / 50
2023-02-02 13:38:38.867 | INFO     | algorithms.ewc:train:114 - 39, loss: 3.756
2023-02-02 13:38:38.869 | INFO     | algorithms.ewc:train:119 - 39, EWC Loss: 1.889
2023-02-02 13:38:38.870 | INFO     | algorithms.ewc:train:73 - Starting epoch 40 / 50
2023-02-02 13:38:48.968 | INFO     | algorithms.ewc:train:114 - 40, loss: 3.746
2023-02-02 13:38:48.969 | INFO     | algorithms.ewc:train:119 - 40, EWC Loss: 1.892
2023-02-02 13:38:48.970 | INFO     | algorithms.ewc:train:73 - Starting epoch 41 / 50
2023-02-02 13:38:59.068 | INFO     | algorithms.ewc:train:114 - 41, loss: 3.740
2023-02-02 13:38:59.069 | INFO     | algorithms.ewc:train:119 - 41, EWC Loss: 1.894
2023-02-02 13:38:59.070 | INFO     | algorithms.ewc:train:73 - Starting epoch 42 / 50
2023-02-02 13:39:09.190 | INFO     | algorithms.ewc:train:114 - 42, loss: 3.736
2023-02-02 13:39:09.191 | INFO     | algorithms.ewc:train:119 - 42, EWC Loss: 1.896
2023-02-02 13:39:09.192 | INFO     | algorithms.ewc:train:73 - Starting epoch 43 / 50
2023-02-02 13:39:19.279 | INFO     | algorithms.ewc:train:114 - 43, loss: 3.731
2023-02-02 13:39:19.280 | INFO     | algorithms.ewc:train:119 - 43, EWC Loss: 1.897
2023-02-02 13:39:19.281 | INFO     | algorithms.ewc:train:73 - Starting epoch 44 / 50
2023-02-02 13:39:29.389 | INFO     | algorithms.ewc:train:114 - 44, loss: 3.721
2023-02-02 13:39:29.391 | INFO     | algorithms.ewc:train:119 - 44, EWC Loss: 1.900
2023-02-02 13:39:29.392 | INFO     | algorithms.ewc:train:73 - Starting epoch 45 / 50
2023-02-02 13:39:39.509 | INFO     | algorithms.ewc:train:114 - 45, loss: 3.725
2023-02-02 13:39:39.510 | INFO     | algorithms.ewc:train:119 - 45, EWC Loss: 1.902
2023-02-02 13:39:39.511 | INFO     | algorithms.ewc:train:73 - Starting epoch 46 / 50
2023-02-02 13:39:49.607 | INFO     | algorithms.ewc:train:114 - 46, loss: 3.717
2023-02-02 13:39:49.608 | INFO     | algorithms.ewc:train:119 - 46, EWC Loss: 1.904
2023-02-02 13:39:49.609 | INFO     | algorithms.ewc:train:73 - Starting epoch 47 / 50
2023-02-02 13:39:59.701 | INFO     | algorithms.ewc:train:114 - 47, loss: 3.720
2023-02-02 13:39:59.703 | INFO     | algorithms.ewc:train:119 - 47, EWC Loss: 1.906
2023-02-02 13:39:59.704 | INFO     | algorithms.ewc:train:73 - Starting epoch 48 / 50
2023-02-02 13:40:09.806 | INFO     | algorithms.ewc:train:114 - 48, loss: 3.704
2023-02-02 13:40:09.808 | INFO     | algorithms.ewc:train:119 - 48, EWC Loss: 1.907
2023-02-02 13:40:09.809 | INFO     | algorithms.ewc:train:73 - Starting epoch 49 / 50
2023-02-02 13:40:19.905 | INFO     | algorithms.ewc:train:114 - 49, loss: 3.698
2023-02-02 13:40:19.906 | INFO     | algorithms.ewc:train:119 - 49, EWC Loss: 1.908
2023-02-02 13:40:19.907 | INFO     | algorithms.ewc:train:73 - Starting epoch 50 / 50
2023-02-02 13:40:30.012 | INFO     | algorithms.ewc:train:114 - 50, loss: 3.703
2023-02-02 13:40:30.014 | INFO     | algorithms.ewc:train:119 - 50, EWC Loss: 1.909
2023-02-02 13:40:30.015 | INFO     | algorithms.algorithm_base:run_base_task_metrics:144 - Running metrics: Task 1
2023-02-02 13:40:34.632 | DEBUG    | algorithms.algorithm_base:run_base_task_metrics:200 - Raw classification accuracy results saved to ./output_cifar10_0.5k/ewc/1675344202.8240123_CIFAR10_OFFICIAL_RUN/task_1_accuracy_results.json
2023-02-02 13:40:34.634 | INFO     | algorithms.algorithm_base:run_base_task_metrics:201 - Correctly classified 2015 / 10000 samples (20.15% correct)
2023-02-02 13:40:34.770 | DEBUG    | algorithms.ewc:train:136 - Consolidating EWC parameters
2023-02-02 13:40:34.773 | DEBUG    | algorithms.ewc:consolidate:142 - Copying existing model parameters
2023-02-02 13:40:34.778 | DEBUG    | algorithms.ewc:consolidate:145 - Computing FIM
2023-02-02 13:40:36.359 | DEBUG    | algorithms.ewc:fim_diag:209 - Samples:   100. Fps: 63.3265 samples/s.
2023-02-02 13:40:37.921 | DEBUG    | algorithms.ewc:fim_diag:209 - Samples:   200. Fps: 64.0235 samples/s.
2023-02-02 13:40:39.481 | DEBUG    | algorithms.ewc:fim_diag:209 - Samples:   300. Fps: 64.1230 samples/s.
2023-02-02 13:40:41.041 | DEBUG    | algorithms.ewc:fim_diag:209 - Samples:   400. Fps: 64.0770 samples/s.
2023-02-02 13:40:42.646 | DEBUG    | algorithms.ewc:fim_diag:209 - Samples:   500. Fps: 62.3001 samples/s.
2023-02-02 13:40:44.252 | DEBUG    | algorithms.ewc:fim_diag:209 - Samples:   600. Fps: 62.2746 samples/s.
2023-02-02 13:40:45.861 | DEBUG    | algorithms.ewc:fim_diag:209 - Samples:   700. Fps: 62.1523 samples/s.
2023-02-02 13:40:47.454 | DEBUG    | algorithms.ewc:fim_diag:209 - Samples:   800. Fps: 62.7668 samples/s.
2023-02-02 13:40:49.172 | DEBUG    | algorithms.ewc:fim_diag:209 - Samples:   900. Fps: 58.2213 samples/s.
2023-02-02 13:40:50.731 | DEBUG    | algorithms.ewc:fim_diag:209 - Samples:  1000. Fps: 64.1581 samples/s.
2023-02-02 13:40:52.298 | DEBUG    | algorithms.ewc:fim_diag:209 - Samples:  1100. Fps: 63.8074 samples/s.
2023-02-02 13:40:53.865 | DEBUG    | algorithms.ewc:fim_diag:209 - Samples:  1200. Fps: 63.8146 samples/s.
2023-02-02 13:40:55.474 | DEBUG    | algorithms.ewc:fim_diag:209 - Samples:  1300. Fps: 62.1299 samples/s.
2023-02-02 13:40:57.065 | DEBUG    | algorithms.ewc:fim_diag:209 - Samples:  1400. Fps: 62.8539 samples/s.
2023-02-02 13:40:58.673 | DEBUG    | algorithms.ewc:fim_diag:209 - Samples:  1500. Fps: 62.2204 samples/s.
2023-02-02 13:41:00.267 | DEBUG    | algorithms.ewc:fim_diag:209 - Samples:  1600. Fps: 62.7357 samples/s.
2023-02-02 13:41:02.004 | DEBUG    | algorithms.ewc:fim_diag:209 - Samples:  1700. Fps: 57.5545 samples/s.
2023-02-02 13:41:03.566 | DEBUG    | algorithms.ewc:fim_diag:209 - Samples:  1800. Fps: 64.0212 samples/s.
2023-02-02 13:41:05.121 | DEBUG    | algorithms.ewc:fim_diag:209 - Samples:  1900. Fps: 64.2992 samples/s.
2023-02-02 13:41:06.682 | DEBUG    | algorithms.ewc:fim_diag:209 - Samples:  2000. Fps: 64.0616 samples/s.
2023-02-02 13:41:08.287 | DEBUG    | algorithms.ewc:fim_diag:209 - Samples:  2100. Fps: 62.3294 samples/s.
2023-02-02 13:41:09.892 | DEBUG    | algorithms.ewc:fim_diag:209 - Samples:  2200. Fps: 62.3061 samples/s.
2023-02-02 13:41:11.489 | DEBUG    | algorithms.ewc:fim_diag:209 - Samples:  2300. Fps: 62.6059 samples/s.
2023-02-02 13:41:13.098 | DEBUG    | algorithms.ewc:fim_diag:209 - Samples:  2400. Fps: 62.1462 samples/s.
2023-02-02 13:41:14.825 | DEBUG    | algorithms.ewc:fim_diag:209 - Samples:  2500. Fps: 57.8964 samples/s.
2023-02-02 13:41:16.394 | DEBUG    | algorithms.ewc:fim_diag:209 - Samples:  2600. Fps: 63.7519 samples/s.
2023-02-02 13:41:17.964 | DEBUG    | algorithms.ewc:fim_diag:209 - Samples:  2700. Fps: 63.7008 samples/s.
2023-02-02 13:41:19.531 | DEBUG    | algorithms.ewc:fim_diag:209 - Samples:  2800. Fps: 63.8027 samples/s.
2023-02-02 13:41:21.134 | DEBUG    | algorithms.ewc:fim_diag:209 - Samples:  2900. Fps: 62.3844 samples/s.
2023-02-02 13:41:22.755 | DEBUG    | algorithms.ewc:fim_diag:209 - Samples:  3000. Fps: 61.7036 samples/s.
2023-02-02 13:41:24.361 | DEBUG    | algorithms.ewc:fim_diag:209 - Samples:  3100. Fps: 62.2592 samples/s.
2023-02-02 13:41:25.970 | DEBUG    | algorithms.ewc:fim_diag:209 - Samples:  3200. Fps: 62.1499 samples/s.
2023-02-02 13:41:27.703 | DEBUG    | algorithms.ewc:fim_diag:209 - Samples:  3300. Fps: 57.6961 samples/s.
2023-02-02 13:41:29.270 | DEBUG    | algorithms.ewc:fim_diag:209 - Samples:  3400. Fps: 63.8257 samples/s.
2023-02-02 13:41:30.840 | DEBUG    | algorithms.ewc:fim_diag:209 - Samples:  3500. Fps: 63.7037 samples/s.
2023-02-02 13:41:32.413 | DEBUG    | algorithms.ewc:fim_diag:209 - Samples:  3600. Fps: 63.5472 samples/s.
2023-02-02 13:41:34.023 | DEBUG    | algorithms.ewc:fim_diag:209 - Samples:  3700. Fps: 62.1207 samples/s.
2023-02-02 13:41:35.635 | DEBUG    | algorithms.ewc:fim_diag:209 - Samples:  3800. Fps: 62.0306 samples/s.
2023-02-02 13:41:37.253 | DEBUG    | algorithms.ewc:fim_diag:209 - Samples:  3900. Fps: 61.8181 samples/s.
2023-02-02 13:41:38.859 | DEBUG    | algorithms.ewc:fim_diag:209 - Samples:  4000. Fps: 62.2492 samples/s.
2023-02-02 13:41:40.410 | INFO     | algorithms.ewc:train:69 - Task 3 / 5
2023-02-02 13:41:40.412 | INFO     | algorithms.ewc:train:70 - Classes in task: ['horse', 'bird']
2023-02-02 13:41:40.413 | INFO     | algorithms.ewc:train:73 - Starting epoch 1 / 50
2023-02-02 13:41:50.657 | INFO     | algorithms.ewc:train:114 - 1, loss: 4.887
2023-02-02 13:41:50.657 | INFO     | algorithms.ewc:train:119 - 1, EWC Loss: 0.980
2023-02-02 13:41:50.658 | INFO     | algorithms.ewc:train:73 - Starting epoch 2 / 50
2023-02-02 13:42:00.787 | INFO     | algorithms.ewc:train:114 - 2, loss: 4.675
2023-02-02 13:42:00.789 | INFO     | algorithms.ewc:train:119 - 2, EWC Loss: 0.998
2023-02-02 13:42:00.790 | INFO     | algorithms.ewc:train:73 - Starting epoch 3 / 50
2023-02-02 13:42:10.901 | INFO     | algorithms.ewc:train:114 - 3, loss: 4.556
2023-02-02 13:42:10.903 | INFO     | algorithms.ewc:train:119 - 3, EWC Loss: 1.050
2023-02-02 13:42:10.903 | INFO     | algorithms.ewc:train:73 - Starting epoch 4 / 50
2023-02-02 13:42:21.021 | INFO     | algorithms.ewc:train:114 - 4, loss: 4.464
2023-02-02 13:42:21.023 | INFO     | algorithms.ewc:train:119 - 4, EWC Loss: 1.097
2023-02-02 13:42:21.024 | INFO     | algorithms.ewc:train:73 - Starting epoch 5 / 50
2023-02-02 13:42:31.136 | INFO     | algorithms.ewc:train:114 - 5, loss: 4.383
2023-02-02 13:42:31.137 | INFO     | algorithms.ewc:train:119 - 5, EWC Loss: 1.144
2023-02-02 13:42:31.138 | INFO     | algorithms.ewc:train:73 - Starting epoch 6 / 50
2023-02-02 13:42:41.252 | INFO     | algorithms.ewc:train:114 - 6, loss: 4.324
2023-02-02 13:42:41.254 | INFO     | algorithms.ewc:train:119 - 6, EWC Loss: 1.184
2023-02-02 13:42:41.255 | INFO     | algorithms.ewc:train:73 - Starting epoch 7 / 50
2023-02-02 13:42:51.374 | INFO     | algorithms.ewc:train:114 - 7, loss: 4.269
2023-02-02 13:42:51.375 | INFO     | algorithms.ewc:train:119 - 7, EWC Loss: 1.223
2023-02-02 13:42:51.376 | INFO     | algorithms.ewc:train:73 - Starting epoch 8 / 50
2023-02-02 13:43:01.508 | INFO     | algorithms.ewc:train:114 - 8, loss: 4.225
2023-02-02 13:43:01.509 | INFO     | algorithms.ewc:train:119 - 8, EWC Loss: 1.256
2023-02-02 13:43:01.511 | INFO     | algorithms.ewc:train:73 - Starting epoch 9 / 50
2023-02-02 13:43:11.644 | INFO     | algorithms.ewc:train:114 - 9, loss: 4.185
2023-02-02 13:43:11.646 | INFO     | algorithms.ewc:train:119 - 9, EWC Loss: 1.289
2023-02-02 13:43:11.647 | INFO     | algorithms.ewc:train:73 - Starting epoch 10 / 50
2023-02-02 13:43:21.771 | INFO     | algorithms.ewc:train:114 - 10, loss: 4.154
2023-02-02 13:43:21.773 | INFO     | algorithms.ewc:train:119 - 10, EWC Loss: 1.317
2023-02-02 13:43:21.774 | INFO     | algorithms.ewc:train:73 - Starting epoch 11 / 50
2023-02-02 13:43:31.897 | INFO     | algorithms.ewc:train:114 - 11, loss: 4.130
2023-02-02 13:43:31.898 | INFO     | algorithms.ewc:train:119 - 11, EWC Loss: 1.345
2023-02-02 13:43:31.899 | INFO     | algorithms.ewc:train:73 - Starting epoch 12 / 50
2023-02-02 13:43:42.041 | INFO     | algorithms.ewc:train:114 - 12, loss: 4.094
2023-02-02 13:43:42.042 | INFO     | algorithms.ewc:train:119 - 12, EWC Loss: 1.369
2023-02-02 13:43:42.043 | INFO     | algorithms.ewc:train:73 - Starting epoch 13 / 50
2023-02-02 13:43:52.158 | INFO     | algorithms.ewc:train:114 - 13, loss: 4.078
2023-02-02 13:43:52.159 | INFO     | algorithms.ewc:train:119 - 13, EWC Loss: 1.393
2023-02-02 13:43:52.160 | INFO     | algorithms.ewc:train:73 - Starting epoch 14 / 50
2023-02-02 13:44:02.290 | INFO     | algorithms.ewc:train:114 - 14, loss: 4.052
2023-02-02 13:44:02.292 | INFO     | algorithms.ewc:train:119 - 14, EWC Loss: 1.413
2023-02-02 13:44:02.293 | INFO     | algorithms.ewc:train:73 - Starting epoch 15 / 50
2023-02-02 13:44:12.400 | INFO     | algorithms.ewc:train:114 - 15, loss: 4.037
2023-02-02 13:44:12.400 | INFO     | algorithms.ewc:train:119 - 15, EWC Loss: 1.434
2023-02-02 13:44:12.402 | INFO     | algorithms.ewc:train:73 - Starting epoch 16 / 50
2023-02-02 13:44:22.521 | INFO     | algorithms.ewc:train:114 - 16, loss: 4.011
2023-02-02 13:44:22.522 | INFO     | algorithms.ewc:train:119 - 16, EWC Loss: 1.451
2023-02-02 13:44:22.523 | INFO     | algorithms.ewc:train:73 - Starting epoch 17 / 50
2023-02-02 13:44:32.639 | INFO     | algorithms.ewc:train:114 - 17, loss: 4.002
2023-02-02 13:44:32.640 | INFO     | algorithms.ewc:train:119 - 17, EWC Loss: 1.470
2023-02-02 13:44:32.641 | INFO     | algorithms.ewc:train:73 - Starting epoch 18 / 50
2023-02-02 13:44:42.758 | INFO     | algorithms.ewc:train:114 - 18, loss: 3.980
2023-02-02 13:44:42.760 | INFO     | algorithms.ewc:train:119 - 18, EWC Loss: 1.485
2023-02-02 13:44:42.761 | INFO     | algorithms.ewc:train:73 - Starting epoch 19 / 50
2023-02-02 13:44:52.887 | INFO     | algorithms.ewc:train:114 - 19, loss: 3.971
2023-02-02 13:44:52.889 | INFO     | algorithms.ewc:train:119 - 19, EWC Loss: 1.501
2023-02-02 13:44:52.890 | INFO     | algorithms.ewc:train:73 - Starting epoch 20 / 50
2023-02-02 13:45:03.003 | INFO     | algorithms.ewc:train:114 - 20, loss: 3.955
2023-02-02 13:45:03.005 | INFO     | algorithms.ewc:train:119 - 20, EWC Loss: 1.515
2023-02-02 13:45:03.006 | INFO     | algorithms.ewc:train:73 - Starting epoch 21 / 50
2023-02-02 13:45:13.121 | INFO     | algorithms.ewc:train:114 - 21, loss: 3.942
2023-02-02 13:45:13.123 | INFO     | algorithms.ewc:train:119 - 21, EWC Loss: 1.529
2023-02-02 13:45:13.124 | INFO     | algorithms.ewc:train:73 - Starting epoch 22 / 50
2023-02-02 13:45:23.252 | INFO     | algorithms.ewc:train:114 - 22, loss: 3.934
2023-02-02 13:45:23.254 | INFO     | algorithms.ewc:train:119 - 22, EWC Loss: 1.540
2023-02-02 13:45:23.255 | INFO     | algorithms.ewc:train:73 - Starting epoch 23 / 50
2023-02-02 13:45:33.374 | INFO     | algorithms.ewc:train:114 - 23, loss: 3.922
2023-02-02 13:45:33.375 | INFO     | algorithms.ewc:train:119 - 23, EWC Loss: 1.553
2023-02-02 13:45:33.376 | INFO     | algorithms.ewc:train:73 - Starting epoch 24 / 50
2023-02-02 13:45:43.495 | INFO     | algorithms.ewc:train:114 - 24, loss: 3.911
2023-02-02 13:45:43.496 | INFO     | algorithms.ewc:train:119 - 24, EWC Loss: 1.564
2023-02-02 13:45:43.497 | INFO     | algorithms.ewc:train:73 - Starting epoch 25 / 50
2023-02-02 13:45:53.619 | INFO     | algorithms.ewc:train:114 - 25, loss: 3.903
2023-02-02 13:45:53.620 | INFO     | algorithms.ewc:train:119 - 25, EWC Loss: 1.575
2023-02-02 13:45:53.621 | INFO     | algorithms.ewc:train:73 - Starting epoch 26 / 50
2023-02-02 13:46:03.743 | INFO     | algorithms.ewc:train:114 - 26, loss: 3.896
2023-02-02 13:46:03.745 | INFO     | algorithms.ewc:train:119 - 26, EWC Loss: 1.584
2023-02-02 13:46:03.746 | INFO     | algorithms.ewc:train:73 - Starting epoch 27 / 50
2023-02-02 13:46:14.052 | INFO     | algorithms.ewc:train:114 - 27, loss: 3.887
2023-02-02 13:46:14.054 | INFO     | algorithms.ewc:train:119 - 27, EWC Loss: 1.596
2023-02-02 13:46:14.055 | INFO     | algorithms.ewc:train:73 - Starting epoch 28 / 50
2023-02-02 13:46:25.053 | INFO     | algorithms.ewc:train:114 - 28, loss: 3.877
2023-02-02 13:46:25.054 | INFO     | algorithms.ewc:train:119 - 28, EWC Loss: 1.604
2023-02-02 13:46:25.055 | INFO     | algorithms.ewc:train:73 - Starting epoch 29 / 50
2023-02-02 13:46:35.477 | INFO     | algorithms.ewc:train:114 - 29, loss: 3.872
2023-02-02 13:46:35.479 | INFO     | algorithms.ewc:train:119 - 29, EWC Loss: 1.614
2023-02-02 13:46:35.480 | INFO     | algorithms.ewc:train:73 - Starting epoch 30 / 50
2023-02-02 13:46:45.594 | INFO     | algorithms.ewc:train:114 - 30, loss: 3.861
2023-02-02 13:46:45.596 | INFO     | algorithms.ewc:train:119 - 30, EWC Loss: 1.620
2023-02-02 13:46:45.597 | INFO     | algorithms.ewc:train:73 - Starting epoch 31 / 50
2023-02-02 13:46:55.660 | INFO     | algorithms.ewc:train:114 - 31, loss: 3.856
2023-02-02 13:46:55.662 | INFO     | algorithms.ewc:train:119 - 31, EWC Loss: 1.630
2023-02-02 13:46:55.664 | INFO     | algorithms.ewc:train:73 - Starting epoch 32 / 50
2023-02-02 13:47:05.733 | INFO     | algorithms.ewc:train:114 - 32, loss: 3.847
2023-02-02 13:47:05.735 | INFO     | algorithms.ewc:train:119 - 32, EWC Loss: 1.636
2023-02-02 13:47:05.735 | INFO     | algorithms.ewc:train:73 - Starting epoch 33 / 50
2023-02-02 13:47:15.812 | INFO     | algorithms.ewc:train:114 - 33, loss: 3.845
2023-02-02 13:47:15.814 | INFO     | algorithms.ewc:train:119 - 33, EWC Loss: 1.644
2023-02-02 13:47:15.815 | INFO     | algorithms.ewc:train:73 - Starting epoch 34 / 50
2023-02-02 13:47:25.883 | INFO     | algorithms.ewc:train:114 - 34, loss: 3.838
2023-02-02 13:47:25.885 | INFO     | algorithms.ewc:train:119 - 34, EWC Loss: 1.650
2023-02-02 13:47:25.886 | INFO     | algorithms.ewc:train:73 - Starting epoch 35 / 50
2023-02-02 13:47:35.959 | INFO     | algorithms.ewc:train:114 - 35, loss: 3.832
2023-02-02 13:47:35.960 | INFO     | algorithms.ewc:train:119 - 35, EWC Loss: 1.658
2023-02-02 13:47:35.962 | INFO     | algorithms.ewc:train:73 - Starting epoch 36 / 50
2023-02-02 13:47:46.027 | INFO     | algorithms.ewc:train:114 - 36, loss: 3.826
2023-02-02 13:47:46.029 | INFO     | algorithms.ewc:train:119 - 36, EWC Loss: 1.663
2023-02-02 13:47:46.030 | INFO     | algorithms.ewc:train:73 - Starting epoch 37 / 50
2023-02-02 13:47:56.102 | INFO     | algorithms.ewc:train:114 - 37, loss: 3.823
2023-02-02 13:47:56.103 | INFO     | algorithms.ewc:train:119 - 37, EWC Loss: 1.670
2023-02-02 13:47:56.104 | INFO     | algorithms.ewc:train:73 - Starting epoch 38 / 50
2023-02-02 13:48:06.175 | INFO     | algorithms.ewc:train:114 - 38, loss: 3.813
2023-02-02 13:48:06.177 | INFO     | algorithms.ewc:train:119 - 38, EWC Loss: 1.675
2023-02-02 13:48:06.178 | INFO     | algorithms.ewc:train:73 - Starting epoch 39 / 50
2023-02-02 13:48:16.244 | INFO     | algorithms.ewc:train:114 - 39, loss: 3.815
2023-02-02 13:48:16.245 | INFO     | algorithms.ewc:train:119 - 39, EWC Loss: 1.682
2023-02-02 13:48:16.246 | INFO     | algorithms.ewc:train:73 - Starting epoch 40 / 50
2023-02-02 13:48:26.315 | INFO     | algorithms.ewc:train:114 - 40, loss: 3.810
2023-02-02 13:48:26.315 | INFO     | algorithms.ewc:train:119 - 40, EWC Loss: 1.686
2023-02-02 13:48:26.317 | INFO     | algorithms.ewc:train:73 - Starting epoch 41 / 50
2023-02-02 13:48:36.378 | INFO     | algorithms.ewc:train:114 - 41, loss: 3.804
2023-02-02 13:48:36.380 | INFO     | algorithms.ewc:train:119 - 41, EWC Loss: 1.693
2023-02-02 13:48:36.381 | INFO     | algorithms.ewc:train:73 - Starting epoch 42 / 50
2023-02-02 13:48:46.439 | INFO     | algorithms.ewc:train:114 - 42, loss: 3.805
2023-02-02 13:48:46.440 | INFO     | algorithms.ewc:train:119 - 42, EWC Loss: 1.696
2023-02-02 13:48:46.441 | INFO     | algorithms.ewc:train:73 - Starting epoch 43 / 50
2023-02-02 13:48:56.509 | INFO     | algorithms.ewc:train:114 - 43, loss: 3.795
2023-02-02 13:48:56.511 | INFO     | algorithms.ewc:train:119 - 43, EWC Loss: 1.703
2023-02-02 13:48:56.511 | INFO     | algorithms.ewc:train:73 - Starting epoch 44 / 50
2023-02-02 13:49:06.568 | INFO     | algorithms.ewc:train:114 - 44, loss: 3.791
2023-02-02 13:49:06.570 | INFO     | algorithms.ewc:train:119 - 44, EWC Loss: 1.706
2023-02-02 13:49:06.571 | INFO     | algorithms.ewc:train:73 - Starting epoch 45 / 50
2023-02-02 13:49:16.637 | INFO     | algorithms.ewc:train:114 - 45, loss: 3.792
2023-02-02 13:49:16.638 | INFO     | algorithms.ewc:train:119 - 45, EWC Loss: 1.712
2023-02-02 13:49:16.639 | INFO     | algorithms.ewc:train:73 - Starting epoch 46 / 50
2023-02-02 13:49:26.702 | INFO     | algorithms.ewc:train:114 - 46, loss: 3.783
2023-02-02 13:49:26.704 | INFO     | algorithms.ewc:train:119 - 46, EWC Loss: 1.715
2023-02-02 13:49:26.705 | INFO     | algorithms.ewc:train:73 - Starting epoch 47 / 50
2023-02-02 13:49:36.779 | INFO     | algorithms.ewc:train:114 - 47, loss: 3.785
2023-02-02 13:49:36.780 | INFO     | algorithms.ewc:train:119 - 47, EWC Loss: 1.720
2023-02-02 13:49:36.781 | INFO     | algorithms.ewc:train:73 - Starting epoch 48 / 50
2023-02-02 13:49:46.850 | INFO     | algorithms.ewc:train:114 - 48, loss: 3.781
2023-02-02 13:49:46.851 | INFO     | algorithms.ewc:train:119 - 48, EWC Loss: 1.724
2023-02-02 13:49:46.852 | INFO     | algorithms.ewc:train:73 - Starting epoch 49 / 50
2023-02-02 13:49:56.911 | INFO     | algorithms.ewc:train:114 - 49, loss: 3.775
2023-02-02 13:49:56.913 | INFO     | algorithms.ewc:train:119 - 49, EWC Loss: 1.728
2023-02-02 13:49:56.914 | INFO     | algorithms.ewc:train:73 - Starting epoch 50 / 50
2023-02-02 13:50:06.986 | INFO     | algorithms.ewc:train:114 - 50, loss: 3.772
2023-02-02 13:50:06.987 | INFO     | algorithms.ewc:train:119 - 50, EWC Loss: 1.731
2023-02-02 13:50:06.987 | INFO     | algorithms.algorithm_base:run_base_task_metrics:144 - Running metrics: Task 2
2023-02-02 13:50:11.609 | DEBUG    | algorithms.algorithm_base:run_base_task_metrics:200 - Raw classification accuracy results saved to ./output_cifar10_0.5k/ewc/1675344202.8240123_CIFAR10_OFFICIAL_RUN/task_2_accuracy_results.json
2023-02-02 13:50:11.610 | INFO     | algorithms.algorithm_base:run_base_task_metrics:201 - Correctly classified 2016 / 10000 samples (20.16% correct)
2023-02-02 13:50:11.748 | DEBUG    | algorithms.ewc:train:136 - Consolidating EWC parameters
2023-02-02 13:50:11.752 | DEBUG    | algorithms.ewc:consolidate:142 - Copying existing model parameters
2023-02-02 13:50:11.757 | DEBUG    | algorithms.ewc:consolidate:145 - Computing FIM
2023-02-02 13:50:13.503 | DEBUG    | algorithms.ewc:fim_diag:209 - Samples:   100. Fps: 57.3565 samples/s.
2023-02-02 13:50:15.071 | DEBUG    | algorithms.ewc:fim_diag:209 - Samples:   200. Fps: 63.7716 samples/s.
2023-02-02 13:50:16.615 | DEBUG    | algorithms.ewc:fim_diag:209 - Samples:   300. Fps: 64.7791 samples/s.
2023-02-02 13:50:18.163 | DEBUG    | algorithms.ewc:fim_diag:209 - Samples:   400. Fps: 64.6073 samples/s.
2023-02-02 13:50:19.748 | DEBUG    | algorithms.ewc:fim_diag:209 - Samples:   500. Fps: 63.0710 samples/s.
2023-02-02 13:50:21.330 | DEBUG    | algorithms.ewc:fim_diag:209 - Samples:   600. Fps: 63.2125 samples/s.
2023-02-02 13:50:22.915 | DEBUG    | algorithms.ewc:fim_diag:209 - Samples:   700. Fps: 63.0819 samples/s.
2023-02-02 13:50:24.507 | DEBUG    | algorithms.ewc:fim_diag:209 - Samples:   800. Fps: 62.8657 samples/s.
2023-02-02 13:50:26.216 | DEBUG    | algorithms.ewc:fim_diag:209 - Samples:   900. Fps: 58.4705 samples/s.
2023-02-02 13:50:27.763 | DEBUG    | algorithms.ewc:fim_diag:209 - Samples:  1000. Fps: 64.6356 samples/s.
2023-02-02 13:50:29.316 | DEBUG    | algorithms.ewc:fim_diag:209 - Samples:  1100. Fps: 64.4144 samples/s.
2023-02-02 13:50:30.853 | DEBUG    | algorithms.ewc:fim_diag:209 - Samples:  1200. Fps: 65.0360 samples/s.
2023-02-02 13:50:32.442 | DEBUG    | algorithms.ewc:fim_diag:209 - Samples:  1300. Fps: 62.9660 samples/s.
2023-02-02 13:50:34.026 | DEBUG    | algorithms.ewc:fim_diag:209 - Samples:  1400. Fps: 63.1315 samples/s.
2023-02-02 13:50:35.620 | DEBUG    | algorithms.ewc:fim_diag:209 - Samples:  1500. Fps: 62.7339 samples/s.
2023-02-02 13:50:37.210 | DEBUG    | algorithms.ewc:fim_diag:209 - Samples:  1600. Fps: 62.8928 samples/s.
2023-02-02 13:50:38.930 | DEBUG    | algorithms.ewc:fim_diag:209 - Samples:  1700. Fps: 58.1243 samples/s.
2023-02-02 13:50:40.483 | DEBUG    | algorithms.ewc:fim_diag:209 - Samples:  1800. Fps: 64.4063 samples/s.
2023-02-02 13:50:42.039 | DEBUG    | algorithms.ewc:fim_diag:209 - Samples:  1900. Fps: 64.2512 samples/s.
2023-02-02 13:50:43.601 | DEBUG    | algorithms.ewc:fim_diag:209 - Samples:  2000. Fps: 64.0426 samples/s.
2023-02-02 13:50:45.193 | DEBUG    | algorithms.ewc:fim_diag:209 - Samples:  2100. Fps: 62.8063 samples/s.
2023-02-02 13:50:46.790 | DEBUG    | algorithms.ewc:fim_diag:209 - Samples:  2200. Fps: 62.6232 samples/s.
2023-02-02 13:50:48.393 | DEBUG    | algorithms.ewc:fim_diag:209 - Samples:  2300. Fps: 62.3860 samples/s.
2023-02-02 13:50:49.985 | DEBUG    | algorithms.ewc:fim_diag:209 - Samples:  2400. Fps: 62.7768 samples/s.
2023-02-02 13:50:51.700 | DEBUG    | algorithms.ewc:fim_diag:209 - Samples:  2500. Fps: 58.3081 samples/s.
2023-02-02 13:50:53.257 | DEBUG    | algorithms.ewc:fim_diag:209 - Samples:  2600. Fps: 64.2429 samples/s.
2023-02-02 13:50:54.820 | DEBUG    | algorithms.ewc:fim_diag:209 - Samples:  2700. Fps: 63.9738 samples/s.
2023-02-02 13:50:56.371 | DEBUG    | algorithms.ewc:fim_diag:209 - Samples:  2800. Fps: 64.4945 samples/s.
2023-02-02 13:50:57.966 | DEBUG    | algorithms.ewc:fim_diag:209 - Samples:  2900. Fps: 62.7021 samples/s.
2023-02-02 13:50:59.571 | DEBUG    | algorithms.ewc:fim_diag:209 - Samples:  3000. Fps: 62.2725 samples/s.
2023-02-02 13:51:01.176 | DEBUG    | algorithms.ewc:fim_diag:209 - Samples:  3100. Fps: 62.3038 samples/s.
2023-02-02 13:51:02.771 | DEBUG    | algorithms.ewc:fim_diag:209 - Samples:  3200. Fps: 62.7219 samples/s.
2023-02-02 13:51:04.490 | DEBUG    | algorithms.ewc:fim_diag:209 - Samples:  3300. Fps: 58.1649 samples/s.
2023-02-02 13:51:06.051 | DEBUG    | algorithms.ewc:fim_diag:209 - Samples:  3400. Fps: 64.0666 samples/s.
2023-02-02 13:51:07.606 | DEBUG    | algorithms.ewc:fim_diag:209 - Samples:  3500. Fps: 64.3136 samples/s.
2023-02-02 13:51:09.160 | DEBUG    | algorithms.ewc:fim_diag:209 - Samples:  3600. Fps: 64.3258 samples/s.
2023-02-02 13:51:10.758 | DEBUG    | algorithms.ewc:fim_diag:209 - Samples:  3700. Fps: 62.5935 samples/s.
2023-02-02 13:51:12.355 | DEBUG    | algorithms.ewc:fim_diag:209 - Samples:  3800. Fps: 62.6331 samples/s.
2023-02-02 13:51:13.957 | DEBUG    | algorithms.ewc:fim_diag:209 - Samples:  3900. Fps: 62.4065 samples/s.
2023-02-02 13:51:15.550 | DEBUG    | algorithms.ewc:fim_diag:209 - Samples:  4000. Fps: 62.7637 samples/s.
2023-02-02 13:51:17.083 | INFO     | algorithms.ewc:train:69 - Task 4 / 5
2023-02-02 13:51:17.085 | INFO     | algorithms.ewc:train:70 - Classes in task: ['car', 'cat']
2023-02-02 13:51:17.086 | INFO     | algorithms.ewc:train:73 - Starting epoch 1 / 50
2023-02-02 13:51:27.297 | INFO     | algorithms.ewc:train:114 - 1, loss: 4.259
2023-02-02 13:51:27.298 | INFO     | algorithms.ewc:train:119 - 1, EWC Loss: 0.782
2023-02-02 13:51:27.299 | INFO     | algorithms.ewc:train:73 - Starting epoch 2 / 50
2023-02-02 13:51:37.376 | INFO     | algorithms.ewc:train:114 - 2, loss: 4.002
2023-02-02 13:51:37.378 | INFO     | algorithms.ewc:train:119 - 2, EWC Loss: 0.788
2023-02-02 13:51:37.379 | INFO     | algorithms.ewc:train:73 - Starting epoch 3 / 50
2023-02-02 13:51:47.448 | INFO     | algorithms.ewc:train:114 - 3, loss: 3.858
2023-02-02 13:51:47.449 | INFO     | algorithms.ewc:train:119 - 3, EWC Loss: 0.844
2023-02-02 13:51:47.450 | INFO     | algorithms.ewc:train:73 - Starting epoch 4 / 50
2023-02-02 13:51:57.524 | INFO     | algorithms.ewc:train:114 - 4, loss: 3.750
2023-02-02 13:51:57.526 | INFO     | algorithms.ewc:train:119 - 4, EWC Loss: 0.901
2023-02-02 13:51:57.527 | INFO     | algorithms.ewc:train:73 - Starting epoch 5 / 50
2023-02-02 13:52:07.605 | INFO     | algorithms.ewc:train:114 - 5, loss: 3.661
2023-02-02 13:52:07.608 | INFO     | algorithms.ewc:train:119 - 5, EWC Loss: 0.952
2023-02-02 13:52:07.609 | INFO     | algorithms.ewc:train:73 - Starting epoch 6 / 50
2023-02-02 13:52:17.673 | INFO     | algorithms.ewc:train:114 - 6, loss: 3.595
2023-02-02 13:52:17.674 | INFO     | algorithms.ewc:train:119 - 6, EWC Loss: 1.000
2023-02-02 13:52:17.675 | INFO     | algorithms.ewc:train:73 - Starting epoch 7 / 50
2023-02-02 13:52:27.746 | INFO     | algorithms.ewc:train:114 - 7, loss: 3.542
2023-02-02 13:52:27.748 | INFO     | algorithms.ewc:train:119 - 7, EWC Loss: 1.041
2023-02-02 13:52:27.749 | INFO     | algorithms.ewc:train:73 - Starting epoch 8 / 50
2023-02-02 13:52:37.807 | INFO     | algorithms.ewc:train:114 - 8, loss: 3.493
2023-02-02 13:52:37.809 | INFO     | algorithms.ewc:train:119 - 8, EWC Loss: 1.080
2023-02-02 13:52:37.810 | INFO     | algorithms.ewc:train:73 - Starting epoch 9 / 50
2023-02-02 13:52:47.877 | INFO     | algorithms.ewc:train:114 - 9, loss: 3.455
2023-02-02 13:52:47.878 | INFO     | algorithms.ewc:train:119 - 9, EWC Loss: 1.114
2023-02-02 13:52:47.879 | INFO     | algorithms.ewc:train:73 - Starting epoch 10 / 50
2023-02-02 13:52:57.947 | INFO     | algorithms.ewc:train:114 - 10, loss: 3.422
2023-02-02 13:52:57.949 | INFO     | algorithms.ewc:train:119 - 10, EWC Loss: 1.146
2023-02-02 13:52:57.950 | INFO     | algorithms.ewc:train:73 - Starting epoch 11 / 50
2023-02-02 13:53:08.024 | INFO     | algorithms.ewc:train:114 - 11, loss: 3.389
2023-02-02 13:53:08.026 | INFO     | algorithms.ewc:train:119 - 11, EWC Loss: 1.173
2023-02-02 13:53:08.027 | INFO     | algorithms.ewc:train:73 - Starting epoch 12 / 50
2023-02-02 13:53:18.100 | INFO     | algorithms.ewc:train:114 - 12, loss: 3.370
2023-02-02 13:53:18.102 | INFO     | algorithms.ewc:train:119 - 12, EWC Loss: 1.199
2023-02-02 13:53:18.103 | INFO     | algorithms.ewc:train:73 - Starting epoch 13 / 50
2023-02-02 13:53:28.163 | INFO     | algorithms.ewc:train:114 - 13, loss: 3.343
2023-02-02 13:53:28.164 | INFO     | algorithms.ewc:train:119 - 13, EWC Loss: 1.221
2023-02-02 13:53:28.166 | INFO     | algorithms.ewc:train:73 - Starting epoch 14 / 50
2023-02-02 13:53:38.230 | INFO     | algorithms.ewc:train:114 - 14, loss: 3.325
2023-02-02 13:53:38.232 | INFO     | algorithms.ewc:train:119 - 14, EWC Loss: 1.242
2023-02-02 13:53:38.233 | INFO     | algorithms.ewc:train:73 - Starting epoch 15 / 50
2023-02-02 13:53:48.319 | INFO     | algorithms.ewc:train:114 - 15, loss: 3.311
2023-02-02 13:53:48.320 | INFO     | algorithms.ewc:train:119 - 15, EWC Loss: 1.260
2023-02-02 13:53:48.321 | INFO     | algorithms.ewc:train:73 - Starting epoch 16 / 50
2023-02-02 13:53:58.397 | INFO     | algorithms.ewc:train:114 - 16, loss: 3.296
2023-02-02 13:53:58.398 | INFO     | algorithms.ewc:train:119 - 16, EWC Loss: 1.278
2023-02-02 13:53:58.399 | INFO     | algorithms.ewc:train:73 - Starting epoch 17 / 50
2023-02-02 13:54:08.465 | INFO     | algorithms.ewc:train:114 - 17, loss: 3.286
2023-02-02 13:54:08.466 | INFO     | algorithms.ewc:train:119 - 17, EWC Loss: 1.293
2023-02-02 13:54:08.467 | INFO     | algorithms.ewc:train:73 - Starting epoch 18 / 50
2023-02-02 13:54:18.542 | INFO     | algorithms.ewc:train:114 - 18, loss: 3.267
2023-02-02 13:54:18.543 | INFO     | algorithms.ewc:train:119 - 18, EWC Loss: 1.308
2023-02-02 13:54:18.544 | INFO     | algorithms.ewc:train:73 - Starting epoch 19 / 50
2023-02-02 13:54:28.606 | INFO     | algorithms.ewc:train:114 - 19, loss: 3.262
2023-02-02 13:54:28.608 | INFO     | algorithms.ewc:train:119 - 19, EWC Loss: 1.320
2023-02-02 13:54:28.609 | INFO     | algorithms.ewc:train:73 - Starting epoch 20 / 50
2023-02-02 13:54:38.680 | INFO     | algorithms.ewc:train:114 - 20, loss: 3.249
2023-02-02 13:54:38.680 | INFO     | algorithms.ewc:train:119 - 20, EWC Loss: 1.333
2023-02-02 13:54:38.681 | INFO     | algorithms.ewc:train:73 - Starting epoch 21 / 50
2023-02-02 13:54:48.737 | INFO     | algorithms.ewc:train:114 - 21, loss: 3.240
2023-02-02 13:54:48.739 | INFO     | algorithms.ewc:train:119 - 21, EWC Loss: 1.343
2023-02-02 13:54:48.740 | INFO     | algorithms.ewc:train:73 - Starting epoch 22 / 50
2023-02-02 13:54:58.811 | INFO     | algorithms.ewc:train:114 - 22, loss: 3.232
2023-02-02 13:54:58.813 | INFO     | algorithms.ewc:train:119 - 22, EWC Loss: 1.354
2023-02-02 13:54:58.814 | INFO     | algorithms.ewc:train:73 - Starting epoch 23 / 50
2023-02-02 13:55:08.887 | INFO     | algorithms.ewc:train:114 - 23, loss: 3.227
2023-02-02 13:55:08.889 | INFO     | algorithms.ewc:train:119 - 23, EWC Loss: 1.363
2023-02-02 13:55:08.890 | INFO     | algorithms.ewc:train:73 - Starting epoch 24 / 50
2023-02-02 13:55:18.962 | INFO     | algorithms.ewc:train:114 - 24, loss: 3.217
2023-02-02 13:55:18.963 | INFO     | algorithms.ewc:train:119 - 24, EWC Loss: 1.373
2023-02-02 13:55:18.964 | INFO     | algorithms.ewc:train:73 - Starting epoch 25 / 50
2023-02-02 13:55:29.036 | INFO     | algorithms.ewc:train:114 - 25, loss: 3.212
2023-02-02 13:55:29.038 | INFO     | algorithms.ewc:train:119 - 25, EWC Loss: 1.380
2023-02-02 13:55:29.039 | INFO     | algorithms.ewc:train:73 - Starting epoch 26 / 50
2023-02-02 13:55:39.105 | INFO     | algorithms.ewc:train:114 - 26, loss: 3.202
2023-02-02 13:55:39.105 | INFO     | algorithms.ewc:train:119 - 26, EWC Loss: 1.388
2023-02-02 13:55:39.106 | INFO     | algorithms.ewc:train:73 - Starting epoch 27 / 50
2023-02-02 13:55:49.172 | INFO     | algorithms.ewc:train:114 - 27, loss: 3.200
2023-02-02 13:55:49.173 | INFO     | algorithms.ewc:train:119 - 27, EWC Loss: 1.395
2023-02-02 13:55:49.175 | INFO     | algorithms.ewc:train:73 - Starting epoch 28 / 50
2023-02-02 13:55:59.237 | INFO     | algorithms.ewc:train:114 - 28, loss: 3.195
2023-02-02 13:55:59.238 | INFO     | algorithms.ewc:train:119 - 28, EWC Loss: 1.402
2023-02-02 13:55:59.239 | INFO     | algorithms.ewc:train:73 - Starting epoch 29 / 50
2023-02-02 13:56:09.314 | INFO     | algorithms.ewc:train:114 - 29, loss: 3.190
2023-02-02 13:56:09.315 | INFO     | algorithms.ewc:train:119 - 29, EWC Loss: 1.407
2023-02-02 13:56:09.316 | INFO     | algorithms.ewc:train:73 - Starting epoch 30 / 50
2023-02-02 13:56:19.395 | INFO     | algorithms.ewc:train:114 - 30, loss: 3.185
2023-02-02 13:56:19.396 | INFO     | algorithms.ewc:train:119 - 30, EWC Loss: 1.414
2023-02-02 13:56:19.397 | INFO     | algorithms.ewc:train:73 - Starting epoch 31 / 50
2023-02-02 13:56:29.475 | INFO     | algorithms.ewc:train:114 - 31, loss: 3.180
2023-02-02 13:56:29.477 | INFO     | algorithms.ewc:train:119 - 31, EWC Loss: 1.419
2023-02-02 13:56:29.478 | INFO     | algorithms.ewc:train:73 - Starting epoch 32 / 50
2023-02-02 13:56:39.538 | INFO     | algorithms.ewc:train:114 - 32, loss: 3.179
2023-02-02 13:56:39.539 | INFO     | algorithms.ewc:train:119 - 32, EWC Loss: 1.426
2023-02-02 13:56:39.540 | INFO     | algorithms.ewc:train:73 - Starting epoch 33 / 50
2023-02-02 13:56:49.611 | INFO     | algorithms.ewc:train:114 - 33, loss: 3.175
2023-02-02 13:56:49.613 | INFO     | algorithms.ewc:train:119 - 33, EWC Loss: 1.430
2023-02-02 13:56:49.614 | INFO     | algorithms.ewc:train:73 - Starting epoch 34 / 50
2023-02-02 13:56:59.692 | INFO     | algorithms.ewc:train:114 - 34, loss: 3.171
2023-02-02 13:56:59.694 | INFO     | algorithms.ewc:train:119 - 34, EWC Loss: 1.436
2023-02-02 13:56:59.694 | INFO     | algorithms.ewc:train:73 - Starting epoch 35 / 50
2023-02-02 13:57:09.767 | INFO     | algorithms.ewc:train:114 - 35, loss: 3.164
2023-02-02 13:57:09.768 | INFO     | algorithms.ewc:train:119 - 35, EWC Loss: 1.439
2023-02-02 13:57:09.769 | INFO     | algorithms.ewc:train:73 - Starting epoch 36 / 50
2023-02-02 13:57:19.833 | INFO     | algorithms.ewc:train:114 - 36, loss: 3.161
2023-02-02 13:57:19.835 | INFO     | algorithms.ewc:train:119 - 36, EWC Loss: 1.444
2023-02-02 13:57:19.836 | INFO     | algorithms.ewc:train:73 - Starting epoch 37 / 50
2023-02-02 13:57:30.255 | INFO     | algorithms.ewc:train:114 - 37, loss: 3.157
2023-02-02 13:57:30.257 | INFO     | algorithms.ewc:train:119 - 37, EWC Loss: 1.447
2023-02-02 13:57:30.258 | INFO     | algorithms.ewc:train:73 - Starting epoch 38 / 50
2023-02-02 13:57:41.000 | INFO     | algorithms.ewc:train:114 - 38, loss: 3.156
2023-02-02 13:57:41.000 | INFO     | algorithms.ewc:train:119 - 38, EWC Loss: 1.452
2023-02-02 13:57:41.001 | INFO     | algorithms.ewc:train:73 - Starting epoch 39 / 50
2023-02-02 13:57:51.131 | INFO     | algorithms.ewc:train:114 - 39, loss: 3.154
2023-02-02 13:57:51.132 | INFO     | algorithms.ewc:train:119 - 39, EWC Loss: 1.454
2023-02-02 13:57:51.133 | INFO     | algorithms.ewc:train:73 - Starting epoch 40 / 50
2023-02-02 13:58:01.278 | INFO     | algorithms.ewc:train:114 - 40, loss: 3.155
2023-02-02 13:58:01.279 | INFO     | algorithms.ewc:train:119 - 40, EWC Loss: 1.459
2023-02-02 13:58:01.280 | INFO     | algorithms.ewc:train:73 - Starting epoch 41 / 50
2023-02-02 13:58:11.431 | INFO     | algorithms.ewc:train:114 - 41, loss: 3.152
2023-02-02 13:58:11.434 | INFO     | algorithms.ewc:train:119 - 41, EWC Loss: 1.462
2023-02-02 13:58:11.435 | INFO     | algorithms.ewc:train:73 - Starting epoch 42 / 50
2023-02-02 13:58:21.577 | INFO     | algorithms.ewc:train:114 - 42, loss: 3.148
2023-02-02 13:58:21.579 | INFO     | algorithms.ewc:train:119 - 42, EWC Loss: 1.466
2023-02-02 13:58:21.580 | INFO     | algorithms.ewc:train:73 - Starting epoch 43 / 50
2023-02-02 13:58:31.736 | INFO     | algorithms.ewc:train:114 - 43, loss: 3.144
2023-02-02 13:58:31.738 | INFO     | algorithms.ewc:train:119 - 43, EWC Loss: 1.468
2023-02-02 13:58:31.739 | INFO     | algorithms.ewc:train:73 - Starting epoch 44 / 50
2023-02-02 13:58:41.888 | INFO     | algorithms.ewc:train:114 - 44, loss: 3.144
2023-02-02 13:58:41.890 | INFO     | algorithms.ewc:train:119 - 44, EWC Loss: 1.472
2023-02-02 13:58:41.891 | INFO     | algorithms.ewc:train:73 - Starting epoch 45 / 50
2023-02-02 13:58:52.028 | INFO     | algorithms.ewc:train:114 - 45, loss: 3.140
2023-02-02 13:58:52.030 | INFO     | algorithms.ewc:train:119 - 45, EWC Loss: 1.474
2023-02-02 13:58:52.031 | INFO     | algorithms.ewc:train:73 - Starting epoch 46 / 50
2023-02-02 13:59:02.170 | INFO     | algorithms.ewc:train:114 - 46, loss: 3.136
2023-02-02 13:59:02.171 | INFO     | algorithms.ewc:train:119 - 46, EWC Loss: 1.477
2023-02-02 13:59:02.172 | INFO     | algorithms.ewc:train:73 - Starting epoch 47 / 50
2023-02-02 13:59:12.318 | INFO     | algorithms.ewc:train:114 - 47, loss: 3.138
2023-02-02 13:59:12.320 | INFO     | algorithms.ewc:train:119 - 47, EWC Loss: 1.479
2023-02-02 13:59:12.321 | INFO     | algorithms.ewc:train:73 - Starting epoch 48 / 50
2023-02-02 13:59:22.475 | INFO     | algorithms.ewc:train:114 - 48, loss: 3.131
2023-02-02 13:59:22.476 | INFO     | algorithms.ewc:train:119 - 48, EWC Loss: 1.482
2023-02-02 13:59:22.477 | INFO     | algorithms.ewc:train:73 - Starting epoch 49 / 50
2023-02-02 13:59:32.618 | INFO     | algorithms.ewc:train:114 - 49, loss: 3.134
2023-02-02 13:59:32.620 | INFO     | algorithms.ewc:train:119 - 49, EWC Loss: 1.484
2023-02-02 13:59:32.621 | INFO     | algorithms.ewc:train:73 - Starting epoch 50 / 50
2023-02-02 13:59:42.770 | INFO     | algorithms.ewc:train:114 - 50, loss: 3.132
2023-02-02 13:59:42.771 | INFO     | algorithms.ewc:train:119 - 50, EWC Loss: 1.487
2023-02-02 13:59:42.772 | INFO     | algorithms.algorithm_base:run_base_task_metrics:144 - Running metrics: Task 3
2023-02-02 13:59:47.394 | DEBUG    | algorithms.algorithm_base:run_base_task_metrics:200 - Raw classification accuracy results saved to ./output_cifar10_0.5k/ewc/1675344202.8240123_CIFAR10_OFFICIAL_RUN/task_3_accuracy_results.json
2023-02-02 13:59:47.396 | INFO     | algorithms.algorithm_base:run_base_task_metrics:201 - Correctly classified 1743 / 10000 samples (17.43% correct)
2023-02-02 13:59:47.530 | DEBUG    | algorithms.ewc:train:136 - Consolidating EWC parameters
2023-02-02 13:59:47.534 | DEBUG    | algorithms.ewc:consolidate:142 - Copying existing model parameters
2023-02-02 13:59:47.538 | DEBUG    | algorithms.ewc:consolidate:145 - Computing FIM
2023-02-02 13:59:49.285 | DEBUG    | algorithms.ewc:fim_diag:209 - Samples:   100. Fps: 57.3513 samples/s.
2023-02-02 13:59:50.854 | DEBUG    | algorithms.ewc:fim_diag:209 - Samples:   200. Fps: 63.7168 samples/s.
2023-02-02 13:59:52.402 | DEBUG    | algorithms.ewc:fim_diag:209 - Samples:   300. Fps: 64.6208 samples/s.
2023-02-02 13:59:53.950 | DEBUG    | algorithms.ewc:fim_diag:209 - Samples:   400. Fps: 64.5693 samples/s.
2023-02-02 13:59:55.540 | DEBUG    | algorithms.ewc:fim_diag:209 - Samples:   500. Fps: 62.9125 samples/s.
2023-02-02 13:59:57.127 | DEBUG    | algorithms.ewc:fim_diag:209 - Samples:   600. Fps: 62.9943 samples/s.
2023-02-02 13:59:58.711 | DEBUG    | algorithms.ewc:fim_diag:209 - Samples:   700. Fps: 63.1580 samples/s.
2023-02-02 14:00:00.298 | DEBUG    | algorithms.ewc:fim_diag:209 - Samples:   800. Fps: 63.0140 samples/s.
2023-02-02 14:00:02.013 | DEBUG    | algorithms.ewc:fim_diag:209 - Samples:   900. Fps: 58.3098 samples/s.
2023-02-02 14:00:03.563 | DEBUG    | algorithms.ewc:fim_diag:209 - Samples:  1000. Fps: 64.5016 samples/s.
2023-02-02 14:00:05.116 | DEBUG    | algorithms.ewc:fim_diag:209 - Samples:  1100. Fps: 64.3948 samples/s.
2023-02-02 14:00:06.671 | DEBUG    | algorithms.ewc:fim_diag:209 - Samples:  1200. Fps: 64.2998 samples/s.
2023-02-02 14:00:08.261 | DEBUG    | algorithms.ewc:fim_diag:209 - Samples:  1300. Fps: 62.9005 samples/s.
2023-02-02 14:00:09.865 | DEBUG    | algorithms.ewc:fim_diag:209 - Samples:  1400. Fps: 62.3442 samples/s.
2023-02-02 14:00:11.456 | DEBUG    | algorithms.ewc:fim_diag:209 - Samples:  1500. Fps: 62.8562 samples/s.
2023-02-02 14:00:13.048 | DEBUG    | algorithms.ewc:fim_diag:209 - Samples:  1600. Fps: 62.8041 samples/s.
2023-02-02 14:00:14.767 | DEBUG    | algorithms.ewc:fim_diag:209 - Samples:  1700. Fps: 58.1666 samples/s.
2023-02-02 14:00:16.327 | DEBUG    | algorithms.ewc:fim_diag:209 - Samples:  1800. Fps: 64.1184 samples/s.
2023-02-02 14:00:17.887 | DEBUG    | algorithms.ewc:fim_diag:209 - Samples:  1900. Fps: 64.1102 samples/s.
2023-02-02 14:00:19.444 | DEBUG    | algorithms.ewc:fim_diag:209 - Samples:  2000. Fps: 64.2297 samples/s.
2023-02-02 14:00:21.040 | DEBUG    | algorithms.ewc:fim_diag:209 - Samples:  2100. Fps: 62.6283 samples/s.
2023-02-02 14:00:22.631 | DEBUG    | algorithms.ewc:fim_diag:209 - Samples:  2200. Fps: 62.8590 samples/s.
2023-02-02 14:00:24.225 | DEBUG    | algorithms.ewc:fim_diag:209 - Samples:  2300. Fps: 62.7396 samples/s.
2023-02-02 14:00:25.831 | DEBUG    | algorithms.ewc:fim_diag:209 - Samples:  2400. Fps: 62.2563 samples/s.
2023-02-02 14:00:27.549 | DEBUG    | algorithms.ewc:fim_diag:209 - Samples:  2500. Fps: 58.2257 samples/s.
2023-02-02 14:00:29.104 | DEBUG    | algorithms.ewc:fim_diag:209 - Samples:  2600. Fps: 64.3051 samples/s.
2023-02-02 14:00:30.661 | DEBUG    | algorithms.ewc:fim_diag:209 - Samples:  2700. Fps: 64.2270 samples/s.
2023-02-02 14:00:32.219 | DEBUG    | algorithms.ewc:fim_diag:209 - Samples:  2800. Fps: 64.2236 samples/s.
2023-02-02 14:00:33.802 | DEBUG    | algorithms.ewc:fim_diag:209 - Samples:  2900. Fps: 63.1387 samples/s.
2023-02-02 14:00:35.394 | DEBUG    | algorithms.ewc:fim_diag:209 - Samples:  3000. Fps: 62.7903 samples/s.
2023-02-02 14:00:36.993 | DEBUG    | algorithms.ewc:fim_diag:209 - Samples:  3100. Fps: 62.5742 samples/s.
2023-02-02 14:00:38.584 | DEBUG    | algorithms.ewc:fim_diag:209 - Samples:  3200. Fps: 62.8523 samples/s.
2023-02-02 14:00:40.307 | DEBUG    | algorithms.ewc:fim_diag:209 - Samples:  3300. Fps: 58.0402 samples/s.
2023-02-02 14:00:41.865 | DEBUG    | algorithms.ewc:fim_diag:209 - Samples:  3400. Fps: 64.1821 samples/s.
2023-02-02 14:00:43.425 | DEBUG    | algorithms.ewc:fim_diag:209 - Samples:  3500. Fps: 64.0811 samples/s.
2023-02-02 14:00:44.988 | DEBUG    | algorithms.ewc:fim_diag:209 - Samples:  3600. Fps: 64.0040 samples/s.
2023-02-02 14:00:46.582 | DEBUG    | algorithms.ewc:fim_diag:209 - Samples:  3700. Fps: 62.7225 samples/s.
2023-02-02 14:00:48.175 | DEBUG    | algorithms.ewc:fim_diag:209 - Samples:  3800. Fps: 62.7792 samples/s.
2023-02-02 14:00:49.769 | DEBUG    | algorithms.ewc:fim_diag:209 - Samples:  3900. Fps: 62.7145 samples/s.
2023-02-02 14:00:51.368 | DEBUG    | algorithms.ewc:fim_diag:209 - Samples:  4000. Fps: 62.5317 samples/s.
2023-02-02 14:00:52.895 | INFO     | algorithms.ewc:train:69 - Task 5 / 5
2023-02-02 14:00:52.897 | INFO     | algorithms.ewc:train:70 - Classes in task: ['truck', 'ship']
2023-02-02 14:00:52.898 | INFO     | algorithms.ewc:train:73 - Starting epoch 1 / 50
2023-02-02 14:01:03.167 | INFO     | algorithms.ewc:train:114 - 1, loss: 4.197
2023-02-02 14:01:03.167 | INFO     | algorithms.ewc:train:119 - 1, EWC Loss: 0.995
2023-02-02 14:01:03.168 | INFO     | algorithms.ewc:train:73 - Starting epoch 2 / 50
2023-02-02 14:01:13.309 | INFO     | algorithms.ewc:train:114 - 2, loss: 3.728
2023-02-02 14:01:13.310 | INFO     | algorithms.ewc:train:119 - 2, EWC Loss: 0.839
2023-02-02 14:01:13.311 | INFO     | algorithms.ewc:train:73 - Starting epoch 3 / 50
2023-02-02 14:01:23.461 | INFO     | algorithms.ewc:train:114 - 3, loss: 3.554
2023-02-02 14:01:23.462 | INFO     | algorithms.ewc:train:119 - 3, EWC Loss: 0.901
2023-02-02 14:01:23.463 | INFO     | algorithms.ewc:train:73 - Starting epoch 4 / 50
2023-02-02 14:01:33.602 | INFO     | algorithms.ewc:train:114 - 4, loss: 3.424
2023-02-02 14:01:33.604 | INFO     | algorithms.ewc:train:119 - 4, EWC Loss: 0.959
2023-02-02 14:01:33.605 | INFO     | algorithms.ewc:train:73 - Starting epoch 5 / 50
2023-02-02 14:01:43.759 | INFO     | algorithms.ewc:train:114 - 5, loss: 3.319
2023-02-02 14:01:43.761 | INFO     | algorithms.ewc:train:119 - 5, EWC Loss: 1.015
2023-02-02 14:01:43.762 | INFO     | algorithms.ewc:train:73 - Starting epoch 6 / 50
2023-02-02 14:01:53.915 | INFO     | algorithms.ewc:train:114 - 6, loss: 3.234
2023-02-02 14:01:53.916 | INFO     | algorithms.ewc:train:119 - 6, EWC Loss: 1.064
2023-02-02 14:01:53.917 | INFO     | algorithms.ewc:train:73 - Starting epoch 7 / 50
2023-02-02 14:02:04.066 | INFO     | algorithms.ewc:train:114 - 7, loss: 3.174
2023-02-02 14:02:04.067 | INFO     | algorithms.ewc:train:119 - 7, EWC Loss: 1.109
2023-02-02 14:02:04.069 | INFO     | algorithms.ewc:train:73 - Starting epoch 8 / 50
2023-02-02 14:02:14.222 | INFO     | algorithms.ewc:train:114 - 8, loss: 3.121
2023-02-02 14:02:14.224 | INFO     | algorithms.ewc:train:119 - 8, EWC Loss: 1.146
2023-02-02 14:02:14.225 | INFO     | algorithms.ewc:train:73 - Starting epoch 9 / 50
2023-02-02 14:02:24.404 | INFO     | algorithms.ewc:train:114 - 9, loss: 3.081
2023-02-02 14:02:24.405 | INFO     | algorithms.ewc:train:119 - 9, EWC Loss: 1.180
2023-02-02 14:02:24.406 | INFO     | algorithms.ewc:train:73 - Starting epoch 10 / 50
2023-02-02 14:02:34.644 | INFO     | algorithms.ewc:train:114 - 10, loss: 3.044
2023-02-02 14:02:34.645 | INFO     | algorithms.ewc:train:119 - 10, EWC Loss: 1.208
2023-02-02 14:02:34.646 | INFO     | algorithms.ewc:train:73 - Starting epoch 11 / 50
2023-02-02 14:02:44.802 | INFO     | algorithms.ewc:train:114 - 11, loss: 3.020
2023-02-02 14:02:44.804 | INFO     | algorithms.ewc:train:119 - 11, EWC Loss: 1.234
2023-02-02 14:02:44.805 | INFO     | algorithms.ewc:train:73 - Starting epoch 12 / 50
2023-02-02 14:02:55.019 | INFO     | algorithms.ewc:train:114 - 12, loss: 2.991
2023-02-02 14:02:55.020 | INFO     | algorithms.ewc:train:119 - 12, EWC Loss: 1.255
2023-02-02 14:02:55.021 | INFO     | algorithms.ewc:train:73 - Starting epoch 13 / 50
2023-02-02 14:03:05.251 | INFO     | algorithms.ewc:train:114 - 13, loss: 2.974
2023-02-02 14:03:05.252 | INFO     | algorithms.ewc:train:119 - 13, EWC Loss: 1.275
2023-02-02 14:03:05.253 | INFO     | algorithms.ewc:train:73 - Starting epoch 14 / 50
2023-02-02 14:03:15.469 | INFO     | algorithms.ewc:train:114 - 14, loss: 2.952
2023-02-02 14:03:15.470 | INFO     | algorithms.ewc:train:119 - 14, EWC Loss: 1.291
2023-02-02 14:03:15.471 | INFO     | algorithms.ewc:train:73 - Starting epoch 15 / 50
2023-02-02 14:03:25.620 | INFO     | algorithms.ewc:train:114 - 15, loss: 2.937
2023-02-02 14:03:25.622 | INFO     | algorithms.ewc:train:119 - 15, EWC Loss: 1.307
2023-02-02 14:03:25.623 | INFO     | algorithms.ewc:train:73 - Starting epoch 16 / 50
2023-02-02 14:03:35.808 | INFO     | algorithms.ewc:train:114 - 16, loss: 2.923
2023-02-02 14:03:35.809 | INFO     | algorithms.ewc:train:119 - 16, EWC Loss: 1.318
2023-02-02 14:03:35.810 | INFO     | algorithms.ewc:train:73 - Starting epoch 17 / 50
2023-02-02 14:03:45.983 | INFO     | algorithms.ewc:train:114 - 17, loss: 2.910
2023-02-02 14:03:45.984 | INFO     | algorithms.ewc:train:119 - 17, EWC Loss: 1.330
2023-02-02 14:03:45.985 | INFO     | algorithms.ewc:train:73 - Starting epoch 18 / 50
2023-02-02 14:03:56.118 | INFO     | algorithms.ewc:train:114 - 18, loss: 2.899
2023-02-02 14:03:56.118 | INFO     | algorithms.ewc:train:119 - 18, EWC Loss: 1.339
2023-02-02 14:03:56.119 | INFO     | algorithms.ewc:train:73 - Starting epoch 19 / 50
2023-02-02 14:04:06.281 | INFO     | algorithms.ewc:train:114 - 19, loss: 2.890
2023-02-02 14:04:06.282 | INFO     | algorithms.ewc:train:119 - 19, EWC Loss: 1.349
2023-02-02 14:04:06.283 | INFO     | algorithms.ewc:train:73 - Starting epoch 20 / 50
2023-02-02 14:04:16.444 | INFO     | algorithms.ewc:train:114 - 20, loss: 2.876
2023-02-02 14:04:16.445 | INFO     | algorithms.ewc:train:119 - 20, EWC Loss: 1.356
2023-02-02 14:04:16.446 | INFO     | algorithms.ewc:train:73 - Starting epoch 21 / 50
2023-02-02 14:04:26.593 | INFO     | algorithms.ewc:train:114 - 21, loss: 2.873
2023-02-02 14:04:26.595 | INFO     | algorithms.ewc:train:119 - 21, EWC Loss: 1.364
2023-02-02 14:04:26.596 | INFO     | algorithms.ewc:train:73 - Starting epoch 22 / 50
2023-02-02 14:04:36.733 | INFO     | algorithms.ewc:train:114 - 22, loss: 2.863
2023-02-02 14:04:36.735 | INFO     | algorithms.ewc:train:119 - 22, EWC Loss: 1.370
2023-02-02 14:04:36.736 | INFO     | algorithms.ewc:train:73 - Starting epoch 23 / 50
2023-02-02 14:04:46.887 | INFO     | algorithms.ewc:train:114 - 23, loss: 2.856
2023-02-02 14:04:46.889 | INFO     | algorithms.ewc:train:119 - 23, EWC Loss: 1.377
2023-02-02 14:04:46.890 | INFO     | algorithms.ewc:train:73 - Starting epoch 24 / 50
2023-02-02 14:04:57.034 | INFO     | algorithms.ewc:train:114 - 24, loss: 2.852
2023-02-02 14:04:57.035 | INFO     | algorithms.ewc:train:119 - 24, EWC Loss: 1.381
2023-02-02 14:04:57.036 | INFO     | algorithms.ewc:train:73 - Starting epoch 25 / 50
2023-02-02 14:05:07.185 | INFO     | algorithms.ewc:train:114 - 25, loss: 2.846
2023-02-02 14:05:07.186 | INFO     | algorithms.ewc:train:119 - 25, EWC Loss: 1.387
2023-02-02 14:05:07.187 | INFO     | algorithms.ewc:train:73 - Starting epoch 26 / 50
2023-02-02 14:05:17.329 | INFO     | algorithms.ewc:train:114 - 26, loss: 2.840
2023-02-02 14:05:17.330 | INFO     | algorithms.ewc:train:119 - 26, EWC Loss: 1.391
2023-02-02 14:05:17.331 | INFO     | algorithms.ewc:train:73 - Starting epoch 27 / 50
2023-02-02 14:05:27.478 | INFO     | algorithms.ewc:train:114 - 27, loss: 2.837
2023-02-02 14:05:27.479 | INFO     | algorithms.ewc:train:119 - 27, EWC Loss: 1.396
2023-02-02 14:05:27.479 | INFO     | algorithms.ewc:train:73 - Starting epoch 28 / 50
2023-02-02 14:05:37.605 | INFO     | algorithms.ewc:train:114 - 28, loss: 2.831
2023-02-02 14:05:37.607 | INFO     | algorithms.ewc:train:119 - 28, EWC Loss: 1.398
2023-02-02 14:05:37.608 | INFO     | algorithms.ewc:train:73 - Starting epoch 29 / 50
2023-02-02 14:05:47.746 | INFO     | algorithms.ewc:train:114 - 29, loss: 2.824
2023-02-02 14:05:47.747 | INFO     | algorithms.ewc:train:119 - 29, EWC Loss: 1.403
2023-02-02 14:05:47.748 | INFO     | algorithms.ewc:train:73 - Starting epoch 30 / 50
2023-02-02 14:05:57.904 | INFO     | algorithms.ewc:train:114 - 30, loss: 2.821
2023-02-02 14:05:57.905 | INFO     | algorithms.ewc:train:119 - 30, EWC Loss: 1.405
2023-02-02 14:05:57.906 | INFO     | algorithms.ewc:train:73 - Starting epoch 31 / 50
2023-02-02 14:06:08.050 | INFO     | algorithms.ewc:train:114 - 31, loss: 2.817
2023-02-02 14:06:08.051 | INFO     | algorithms.ewc:train:119 - 31, EWC Loss: 1.409
2023-02-02 14:06:08.052 | INFO     | algorithms.ewc:train:73 - Starting epoch 32 / 50
2023-02-02 14:06:18.189 | INFO     | algorithms.ewc:train:114 - 32, loss: 2.812
2023-02-02 14:06:18.190 | INFO     | algorithms.ewc:train:119 - 32, EWC Loss: 1.411
2023-02-02 14:06:18.191 | INFO     | algorithms.ewc:train:73 - Starting epoch 33 / 50
2023-02-02 14:06:28.322 | INFO     | algorithms.ewc:train:114 - 33, loss: 2.810
2023-02-02 14:06:28.324 | INFO     | algorithms.ewc:train:119 - 33, EWC Loss: 1.415
2023-02-02 14:06:28.326 | INFO     | algorithms.ewc:train:73 - Starting epoch 34 / 50
2023-02-02 14:06:38.507 | INFO     | algorithms.ewc:train:114 - 34, loss: 2.807
2023-02-02 14:06:38.508 | INFO     | algorithms.ewc:train:119 - 34, EWC Loss: 1.416
2023-02-02 14:06:38.509 | INFO     | algorithms.ewc:train:73 - Starting epoch 35 / 50
2023-02-02 14:06:48.663 | INFO     | algorithms.ewc:train:114 - 35, loss: 2.808
2023-02-02 14:06:48.664 | INFO     | algorithms.ewc:train:119 - 35, EWC Loss: 1.420
2023-02-02 14:06:48.665 | INFO     | algorithms.ewc:train:73 - Starting epoch 36 / 50
2023-02-02 14:06:58.807 | INFO     | algorithms.ewc:train:114 - 36, loss: 2.803
2023-02-02 14:06:58.809 | INFO     | algorithms.ewc:train:119 - 36, EWC Loss: 1.421
2023-02-02 14:06:58.810 | INFO     | algorithms.ewc:train:73 - Starting epoch 37 / 50
2023-02-02 14:07:08.959 | INFO     | algorithms.ewc:train:114 - 37, loss: 2.795
2023-02-02 14:07:08.961 | INFO     | algorithms.ewc:train:119 - 37, EWC Loss: 1.424
2023-02-02 14:07:08.962 | INFO     | algorithms.ewc:train:73 - Starting epoch 38 / 50
2023-02-02 14:07:19.108 | INFO     | algorithms.ewc:train:114 - 38, loss: 2.794
2023-02-02 14:07:19.109 | INFO     | algorithms.ewc:train:119 - 38, EWC Loss: 1.425
2023-02-02 14:07:19.110 | INFO     | algorithms.ewc:train:73 - Starting epoch 39 / 50
2023-02-02 14:07:29.258 | INFO     | algorithms.ewc:train:114 - 39, loss: 2.794
2023-02-02 14:07:29.259 | INFO     | algorithms.ewc:train:119 - 39, EWC Loss: 1.428
2023-02-02 14:07:29.261 | INFO     | algorithms.ewc:train:73 - Starting epoch 40 / 50
2023-02-02 14:07:39.408 | INFO     | algorithms.ewc:train:114 - 40, loss: 2.791
2023-02-02 14:07:39.409 | INFO     | algorithms.ewc:train:119 - 40, EWC Loss: 1.429
2023-02-02 14:07:39.410 | INFO     | algorithms.ewc:train:73 - Starting epoch 41 / 50
2023-02-02 14:07:49.545 | INFO     | algorithms.ewc:train:114 - 41, loss: 2.788
2023-02-02 14:07:49.546 | INFO     | algorithms.ewc:train:119 - 41, EWC Loss: 1.432
2023-02-02 14:07:49.547 | INFO     | algorithms.ewc:train:73 - Starting epoch 42 / 50
2023-02-02 14:07:59.692 | INFO     | algorithms.ewc:train:114 - 42, loss: 2.785
2023-02-02 14:07:59.694 | INFO     | algorithms.ewc:train:119 - 42, EWC Loss: 1.432
2023-02-02 14:07:59.695 | INFO     | algorithms.ewc:train:73 - Starting epoch 43 / 50
2023-02-02 14:08:09.844 | INFO     | algorithms.ewc:train:114 - 43, loss: 2.785
2023-02-02 14:08:09.846 | INFO     | algorithms.ewc:train:119 - 43, EWC Loss: 1.435
2023-02-02 14:08:09.847 | INFO     | algorithms.ewc:train:73 - Starting epoch 44 / 50
2023-02-02 14:08:20.000 | INFO     | algorithms.ewc:train:114 - 44, loss: 2.783
2023-02-02 14:08:20.002 | INFO     | algorithms.ewc:train:119 - 44, EWC Loss: 1.436
2023-02-02 14:08:20.003 | INFO     | algorithms.ewc:train:73 - Starting epoch 45 / 50
2023-02-02 14:08:30.149 | INFO     | algorithms.ewc:train:114 - 45, loss: 2.780
2023-02-02 14:08:30.150 | INFO     | algorithms.ewc:train:119 - 45, EWC Loss: 1.438
2023-02-02 14:08:30.152 | INFO     | algorithms.ewc:train:73 - Starting epoch 46 / 50
2023-02-02 14:08:40.296 | INFO     | algorithms.ewc:train:114 - 46, loss: 2.774
2023-02-02 14:08:40.298 | INFO     | algorithms.ewc:train:119 - 46, EWC Loss: 1.438
2023-02-02 14:08:40.299 | INFO     | algorithms.ewc:train:73 - Starting epoch 47 / 50
2023-02-02 14:08:50.451 | INFO     | algorithms.ewc:train:114 - 47, loss: 2.778
2023-02-02 14:08:50.452 | INFO     | algorithms.ewc:train:119 - 47, EWC Loss: 1.441
2023-02-02 14:08:50.453 | INFO     | algorithms.ewc:train:73 - Starting epoch 48 / 50
2023-02-02 14:09:00.607 | INFO     | algorithms.ewc:train:114 - 48, loss: 2.772
2023-02-02 14:09:00.609 | INFO     | algorithms.ewc:train:119 - 48, EWC Loss: 1.441
2023-02-02 14:09:00.610 | INFO     | algorithms.ewc:train:73 - Starting epoch 49 / 50
2023-02-02 14:09:10.749 | INFO     | algorithms.ewc:train:114 - 49, loss: 2.771
2023-02-02 14:09:10.750 | INFO     | algorithms.ewc:train:119 - 49, EWC Loss: 1.443
2023-02-02 14:09:10.751 | INFO     | algorithms.ewc:train:73 - Starting epoch 50 / 50
2023-02-02 14:09:20.903 | INFO     | algorithms.ewc:train:114 - 50, loss: 2.768
2023-02-02 14:09:20.904 | INFO     | algorithms.ewc:train:119 - 50, EWC Loss: 1.443
2023-02-02 14:09:20.905 | INFO     | algorithms.algorithm_base:run_base_task_metrics:144 - Running metrics: Task 4
2023-02-02 14:09:25.544 | DEBUG    | algorithms.algorithm_base:run_base_task_metrics:200 - Raw classification accuracy results saved to ./output_cifar10_0.5k/ewc/1675344202.8240123_CIFAR10_OFFICIAL_RUN/task_4_accuracy_results.json
2023-02-02 14:09:25.546 | INFO     | algorithms.algorithm_base:run_base_task_metrics:201 - Correctly classified 1710 / 10000 samples (17.10% correct)
2023-02-02 14:09:25.682 | INFO     | algorithms.ewc:train:139 - Training complete
2023-02-02 14:09:25.686 | INFO     | __main__:run_experiment:288 - Training and evaluation completed!
2023-02-02 14:09:25.687 | INFO     | __main__:run_experiment:302 - Wrote usage stats to file
2023-02-02 14:09:25.688 | INFO     | __main__:main:342 - Complete
2023-02-02 14:09:25.689 | INFO     | __main__:close_tensorboard_writer:250 - Shut down TensorBoard
