2023-01-27 10:15:33.173 | INFO     | __main__:setup_files:206 - Experiment Name: OFFICIAL_RUN
2023-01-27 10:15:33.174 | INFO     | __main__:main:311 - Command line arguments: Configuration(algorithm='der', dataset='cifar10', classes_per_task=2, seed=2461)
2023-01-27 10:15:33.176 | INFO     | __main__:main:315 - Seeded random to 2461
2023-01-27 10:15:33.177 | INFO     | __main__:main:319 - Got CUDA device
2023-01-27 10:15:33.178 | INFO     | __main__:force_cuda_load:254 - Forcing CUDA initialisation...
2023-01-27 10:15:33.235 | INFO     | __main__:main:323 - CUDA initialised
2023-01-27 10:15:33.237 | INFO     | __main__:setup_shutdown_hook:250 - To access TensorBoard, run the command: tensorboard --logdir=./output_cifar10_5k/der_pp/1674814533.1695895_CIFAR10_OFFICIAL_RUN
2023-01-27 10:15:33.238 | INFO     | __main__:main:327 - Setup shutdown hooks
2023-01-27 10:15:33.361 | INFO     | __main__:main:332 - Model is setup
2023-01-27 10:15:33.362 | INFO     | __main__:main:334 - Complete pre-setup, starting experiment
2023-01-27 10:15:34.537 | INFO     | datasets.dataset_base:__init__:80 - Using disjoint tasks with 2 (5 tasks) with a randomised split
2023-01-27 10:15:34.538 | DEBUG    | datasets.dataset_base:_setup_task_datasets:95 - Splitting dataset into 5 disjoint tasks
2023-01-27 10:15:34.559 | INFO     | datasets.dataset_base:__init__:85 - {
  "name": "datasets.cifar10.CIFAR10",
  "dataset_class": "torchvision.datasets.cifar.CIFAR10",
  "training_dataset_parameters": "{'train': True, 'download': True}",
  "testing_dataset_parameters": "{'train': False, 'download': True}",
  "training_transform": "Compose(\n    Resize(size=(32, 32), interpolation=bilinear, max_size=None, antialias=None)\n    ToTensor()\n    Normalize(mean=(0.4914, 0.4822, 0.4465), std=(0.247, 0.2435, 0.2616))\n    RandomCrop(size=(32, 32), padding=4)\n    RandomHorizontalFlip(p=0.5)\n)",
  "testing_transform": "Compose(\n    Resize(size=(32, 32), interpolation=bilinear, max_size=None, antialias=None)\n    ToTensor()\n    Normalize(mean=(0.4914, 0.4822, 0.4465), std=(0.247, 0.2435, 0.2616))\n)",
  "classes": "plane, car, bird, cat, deer, dog, frog, horse, ship, truck",
  "disjoint": true,
  "task_count": 5,
  "classes_per_task": [
    2
  ],
  "task_split_indices": [
    [
      4,
      7
    ],
    [
      3,
      6
    ],
    [
      1,
      9
    ],
    [
      8,
      2
    ],
    [
      5,
      0
    ]
  ],
  "task_split_classes": [
    [
      "deer",
      "horse"
    ],
    [
      "cat",
      "frog"
    ],
    [
      "car",
      "truck"
    ],
    [
      "ship",
      "bird"
    ],
    [
      "dog",
      "plane"
    ]
  ]
}
2023-01-27 10:15:34.565 | DEBUG    | __main__:run_experiment:278 - PID: 25340
2023-01-27 10:15:34.566 | INFO     | __main__:run_experiment:280 - Starting...
2023-01-27 10:15:34.567 | INFO     | algorithms.algorithm_base:train:116 - {
  "name": "algorithms.der_pp.DarkExperiencePlusPlus",
  "model_class": "models.cifar.resnet.ResNet",
  "device": "cuda:0",
  "dataset_class": "datasets.cifar10.CIFAR10",
  "optimiser_class": "torch.optim.sgd.SGD",
  "loss_criterion_class": "torch.nn.modules.loss.CrossEntropyLoss",
  "epochs_per_task": 1,
  "batch_size": 16,
  "max_memory_samples": 5000,
  "alpha": 0.5,
  "beta": 0
}
2023-01-27 10:15:34.569 | DEBUG    | algorithms.algorithm_base:_setup_training:109 - Model moved to cuda:0 and set to train mode
2023-01-27 10:15:34.570 | INFO     | algorithms.algorithm_base:train:118 - Starting training
2023-01-27 10:15:34.571 | INFO     | algorithms.der_pp:train:86 - Task 1 / 5
2023-01-27 10:15:34.571 | INFO     | algorithms.der_pp:train:87 - Classes in task: ['deer', 'horse']
2023-01-27 10:15:34.572 | INFO     | algorithms.der_pp:train:95 - Starting epoch 1 / 1
2023-01-27 10:15:39.758 | INFO     | algorithms.der_pp:train:159 - 0:1:40, loss: 2.703
2023-01-27 10:15:42.341 | INFO     | algorithms.der_pp:train:159 - 0:1:80, loss: 2.354
2023-01-27 10:15:44.921 | INFO     | algorithms.der_pp:train:159 - 0:1:120, loss: 2.173
2023-01-27 10:15:47.497 | INFO     | algorithms.der_pp:train:159 - 0:1:160, loss: 2.008
2023-01-27 10:15:50.108 | INFO     | algorithms.der_pp:train:159 - 0:1:200, loss: 1.886
2023-01-27 10:15:52.691 | INFO     | algorithms.der_pp:train:159 - 0:1:240, loss: 1.836
2023-01-27 10:15:55.269 | INFO     | algorithms.der_pp:train:159 - 0:1:280, loss: 1.704
2023-01-27 10:15:57.852 | INFO     | algorithms.der_pp:train:159 - 0:1:320, loss: 1.644
2023-01-27 10:16:00.458 | INFO     | algorithms.der_pp:train:159 - 0:1:360, loss: 1.553
2023-01-27 10:16:03.059 | INFO     | algorithms.der_pp:train:159 - 0:1:400, loss: 1.527
2023-01-27 10:16:05.655 | INFO     | algorithms.der_pp:train:159 - 0:1:440, loss: 1.428
2023-01-27 10:16:08.256 | INFO     | algorithms.der_pp:train:159 - 0:1:480, loss: 1.328
2023-01-27 10:16:10.862 | INFO     | algorithms.der_pp:train:159 - 0:1:520, loss: 1.327
2023-01-27 10:16:13.467 | INFO     | algorithms.der_pp:train:159 - 0:1:560, loss: 1.258
2023-01-27 10:16:16.072 | INFO     | algorithms.der_pp:train:159 - 0:1:600, loss: 1.316
2023-01-27 10:16:17.633 | DEBUG    | algorithms.der_pp:train:162 - Current sample stats:
2023-01-27 10:16:17.634 | DEBUG    | algorithms.der_pp:train:165 - 4 has 2500 samples
2023-01-27 10:16:17.635 | DEBUG    | algorithms.der_pp:train:165 - 7 has 2500 samples
2023-01-27 10:16:17.636 | INFO     | algorithms.der_pp:train:170 - 1, loss: 1.717
2023-01-27 10:16:17.637 | INFO     | algorithms.algorithm_base:run_base_task_metrics:144 - Running metrics: Task 0
2023-01-27 10:16:22.438 | DEBUG    | algorithms.algorithm_base:run_base_task_metrics:200 - Raw classification accuracy results saved to ./output_cifar10_5k/der_pp/1674814533.1695895_CIFAR10_OFFICIAL_RUN/task_0_accuracy_results.json
2023-01-27 10:16:22.440 | INFO     | algorithms.algorithm_base:run_base_task_metrics:201 - Correctly classified 1520 / 10000 samples (15.20% correct)
2023-01-27 10:16:22.632 | INFO     | algorithms.der_pp:train:86 - Task 2 / 5
2023-01-27 10:16:22.636 | INFO     | algorithms.der_pp:train:87 - Classes in task: ['cat', 'frog']
2023-01-27 10:16:22.637 | INFO     | algorithms.der_pp:train:95 - Starting epoch 1 / 1
2023-01-27 10:16:25.311 | INFO     | algorithms.der_pp:train:159 - 1:1:40, loss: 3.655
2023-01-27 10:16:27.912 | INFO     | algorithms.der_pp:train:159 - 1:1:80, loss: 3.030
2023-01-27 10:16:30.516 | INFO     | algorithms.der_pp:train:159 - 1:1:120, loss: 2.611
2023-01-27 10:16:33.121 | INFO     | algorithms.der_pp:train:159 - 1:1:160, loss: 2.412
2023-01-27 10:16:35.721 | INFO     | algorithms.der_pp:train:159 - 1:1:200, loss: 2.213
2023-01-27 10:16:38.322 | INFO     | algorithms.der_pp:train:159 - 1:1:240, loss: 2.056
2023-01-27 10:16:40.921 | INFO     | algorithms.der_pp:train:159 - 1:1:280, loss: 1.903
2023-01-27 10:16:43.516 | INFO     | algorithms.der_pp:train:159 - 1:1:320, loss: 1.792
2023-01-27 10:16:46.114 | INFO     | algorithms.der_pp:train:159 - 1:1:360, loss: 1.749
2023-01-27 10:16:48.710 | INFO     | algorithms.der_pp:train:159 - 1:1:400, loss: 1.644
2023-01-27 10:16:51.319 | INFO     | algorithms.der_pp:train:159 - 1:1:440, loss: 1.650
2023-01-27 10:16:53.921 | INFO     | algorithms.der_pp:train:159 - 1:1:480, loss: 1.562
2023-01-27 10:16:56.520 | INFO     | algorithms.der_pp:train:159 - 1:1:520, loss: 1.506
2023-01-27 10:16:59.119 | INFO     | algorithms.der_pp:train:159 - 1:1:560, loss: 1.466
2023-01-27 10:17:01.729 | INFO     | algorithms.der_pp:train:159 - 1:1:600, loss: 1.466
2023-01-27 10:17:03.295 | DEBUG    | algorithms.der_pp:train:162 - Current sample stats:
2023-01-27 10:17:03.296 | DEBUG    | algorithms.der_pp:train:165 - 4 has 1250 samples
2023-01-27 10:17:03.297 | DEBUG    | algorithms.der_pp:train:165 - 7 has 1250 samples
2023-01-27 10:17:03.298 | DEBUG    | algorithms.der_pp:train:165 - 6 has 1250 samples
2023-01-27 10:17:03.299 | DEBUG    | algorithms.der_pp:train:165 - 3 has 1250 samples
2023-01-27 10:17:03.299 | INFO     | algorithms.der_pp:train:170 - 1, loss: 2.020
2023-01-27 10:17:03.300 | INFO     | algorithms.algorithm_base:run_base_task_metrics:144 - Running metrics: Task 1
2023-01-27 10:17:07.978 | DEBUG    | algorithms.algorithm_base:run_base_task_metrics:200 - Raw classification accuracy results saved to ./output_cifar10_5k/der_pp/1674814533.1695895_CIFAR10_OFFICIAL_RUN/task_1_accuracy_results.json
2023-01-27 10:17:07.980 | INFO     | algorithms.algorithm_base:run_base_task_metrics:201 - Correctly classified 2107 / 10000 samples (21.07% correct)
2023-01-27 10:17:08.110 | INFO     | algorithms.der_pp:train:86 - Task 3 / 5
2023-01-27 10:17:08.115 | INFO     | algorithms.der_pp:train:87 - Classes in task: ['car', 'truck']
2023-01-27 10:17:08.116 | INFO     | algorithms.der_pp:train:95 - Starting epoch 1 / 1
2023-01-27 10:17:10.786 | INFO     | algorithms.der_pp:train:159 - 2:1:40, loss: 3.571
2023-01-27 10:17:13.389 | INFO     | algorithms.der_pp:train:159 - 2:1:80, loss: 2.946
2023-01-27 10:17:15.996 | INFO     | algorithms.der_pp:train:159 - 2:1:120, loss: 2.534
2023-01-27 10:17:18.593 | INFO     | algorithms.der_pp:train:159 - 2:1:160, loss: 2.339
2023-01-27 10:17:21.195 | INFO     | algorithms.der_pp:train:159 - 2:1:200, loss: 2.126
2023-01-27 10:17:23.794 | INFO     | algorithms.der_pp:train:159 - 2:1:240, loss: 1.911
2023-01-27 10:17:26.397 | INFO     | algorithms.der_pp:train:159 - 2:1:280, loss: 1.828
2023-01-27 10:17:28.995 | INFO     | algorithms.der_pp:train:159 - 2:1:320, loss: 1.727
2023-01-27 10:17:31.602 | INFO     | algorithms.der_pp:train:159 - 2:1:360, loss: 1.669
2023-01-27 10:17:34.205 | INFO     | algorithms.der_pp:train:159 - 2:1:400, loss: 1.595
2023-01-27 10:17:36.804 | INFO     | algorithms.der_pp:train:159 - 2:1:440, loss: 1.507
2023-01-27 10:17:39.406 | INFO     | algorithms.der_pp:train:159 - 2:1:480, loss: 1.478
2023-01-27 10:17:42.009 | INFO     | algorithms.der_pp:train:159 - 2:1:520, loss: 1.459
2023-01-27 10:17:44.618 | INFO     | algorithms.der_pp:train:159 - 2:1:560, loss: 1.371
2023-01-27 10:17:47.221 | INFO     | algorithms.der_pp:train:159 - 2:1:600, loss: 1.347
2023-01-27 10:17:48.784 | DEBUG    | algorithms.der_pp:train:162 - Current sample stats:
2023-01-27 10:17:48.785 | DEBUG    | algorithms.der_pp:train:165 - 4 has 833 samples
2023-01-27 10:17:48.785 | DEBUG    | algorithms.der_pp:train:165 - 7 has 833 samples
2023-01-27 10:17:48.786 | DEBUG    | algorithms.der_pp:train:165 - 6 has 833 samples
2023-01-27 10:17:48.787 | DEBUG    | algorithms.der_pp:train:165 - 3 has 833 samples
2023-01-27 10:17:48.788 | DEBUG    | algorithms.der_pp:train:165 - 9 has 834 samples
2023-01-27 10:17:48.788 | DEBUG    | algorithms.der_pp:train:165 - 1 has 834 samples
2023-01-27 10:17:48.789 | INFO     | algorithms.der_pp:train:170 - 1, loss: 1.937
2023-01-27 10:17:48.790 | INFO     | algorithms.algorithm_base:run_base_task_metrics:144 - Running metrics: Task 2
2023-01-27 10:17:53.484 | DEBUG    | algorithms.algorithm_base:run_base_task_metrics:200 - Raw classification accuracy results saved to ./output_cifar10_5k/der_pp/1674814533.1695895_CIFAR10_OFFICIAL_RUN/task_2_accuracy_results.json
2023-01-27 10:17:53.486 | INFO     | algorithms.algorithm_base:run_base_task_metrics:201 - Correctly classified 2837 / 10000 samples (28.37% correct)
2023-01-27 10:17:53.619 | INFO     | algorithms.der_pp:train:86 - Task 4 / 5
2023-01-27 10:17:53.622 | INFO     | algorithms.der_pp:train:87 - Classes in task: ['ship', 'bird']
2023-01-27 10:17:53.624 | INFO     | algorithms.der_pp:train:95 - Starting epoch 1 / 1
2023-01-27 10:17:56.296 | INFO     | algorithms.der_pp:train:159 - 3:1:40, loss: 3.702
2023-01-27 10:17:58.905 | INFO     | algorithms.der_pp:train:159 - 3:1:80, loss: 2.895
2023-01-27 10:18:01.516 | INFO     | algorithms.der_pp:train:159 - 3:1:120, loss: 2.645
2023-01-27 10:18:04.111 | INFO     | algorithms.der_pp:train:159 - 3:1:160, loss: 2.302
2023-01-27 10:18:06.707 | INFO     | algorithms.der_pp:train:159 - 3:1:200, loss: 2.102
2023-01-27 10:18:09.311 | INFO     | algorithms.der_pp:train:159 - 3:1:240, loss: 1.983
2023-01-27 10:18:11.909 | INFO     | algorithms.der_pp:train:159 - 3:1:280, loss: 1.813
2023-01-27 10:18:14.515 | INFO     | algorithms.der_pp:train:159 - 3:1:320, loss: 1.744
2023-01-27 10:18:17.120 | INFO     | algorithms.der_pp:train:159 - 3:1:360, loss: 1.619
2023-01-27 10:18:19.724 | INFO     | algorithms.der_pp:train:159 - 3:1:400, loss: 1.598
2023-01-27 10:18:22.332 | INFO     | algorithms.der_pp:train:159 - 3:1:440, loss: 1.572
2023-01-27 10:18:24.939 | INFO     | algorithms.der_pp:train:159 - 3:1:480, loss: 1.429
2023-01-27 10:18:27.546 | INFO     | algorithms.der_pp:train:159 - 3:1:520, loss: 1.412
2023-01-27 10:18:30.153 | INFO     | algorithms.der_pp:train:159 - 3:1:560, loss: 1.429
2023-01-27 10:18:32.760 | INFO     | algorithms.der_pp:train:159 - 3:1:600, loss: 1.344
2023-01-27 10:18:34.324 | DEBUG    | algorithms.der_pp:train:162 - Current sample stats:
2023-01-27 10:18:34.325 | DEBUG    | algorithms.der_pp:train:165 - 4 has 625 samples
2023-01-27 10:18:34.326 | DEBUG    | algorithms.der_pp:train:165 - 7 has 625 samples
2023-01-27 10:18:34.327 | DEBUG    | algorithms.der_pp:train:165 - 6 has 625 samples
2023-01-27 10:18:34.327 | DEBUG    | algorithms.der_pp:train:165 - 3 has 625 samples
2023-01-27 10:18:34.328 | DEBUG    | algorithms.der_pp:train:165 - 9 has 625 samples
2023-01-27 10:18:34.329 | DEBUG    | algorithms.der_pp:train:165 - 1 has 625 samples
2023-01-27 10:18:34.330 | DEBUG    | algorithms.der_pp:train:165 - 2 has 625 samples
2023-01-27 10:18:34.330 | DEBUG    | algorithms.der_pp:train:165 - 8 has 625 samples
2023-01-27 10:18:34.331 | INFO     | algorithms.der_pp:train:170 - 1, loss: 1.947
2023-01-27 10:18:34.332 | INFO     | algorithms.algorithm_base:run_base_task_metrics:144 - Running metrics: Task 3
2023-01-27 10:18:38.925 | DEBUG    | algorithms.algorithm_base:run_base_task_metrics:200 - Raw classification accuracy results saved to ./output_cifar10_5k/der_pp/1674814533.1695895_CIFAR10_OFFICIAL_RUN/task_3_accuracy_results.json
2023-01-27 10:18:38.927 | INFO     | algorithms.algorithm_base:run_base_task_metrics:201 - Correctly classified 2959 / 10000 samples (29.59% correct)
2023-01-27 10:18:39.065 | INFO     | algorithms.der_pp:train:86 - Task 5 / 5
2023-01-27 10:18:39.069 | INFO     | algorithms.der_pp:train:87 - Classes in task: ['dog', 'plane']
2023-01-27 10:18:39.070 | INFO     | algorithms.der_pp:train:95 - Starting epoch 1 / 1
2023-01-27 10:18:41.740 | INFO     | algorithms.der_pp:train:159 - 4:1:40, loss: 3.889
2023-01-27 10:18:44.356 | INFO     | algorithms.der_pp:train:159 - 4:1:80, loss: 3.111
2023-01-27 10:18:46.959 | INFO     | algorithms.der_pp:train:159 - 4:1:120, loss: 2.727
2023-01-27 10:18:49.560 | INFO     | algorithms.der_pp:train:159 - 4:1:160, loss: 2.517
2023-01-27 10:18:52.163 | INFO     | algorithms.der_pp:train:159 - 4:1:200, loss: 2.325
2023-01-27 10:18:54.769 | INFO     | algorithms.der_pp:train:159 - 4:1:240, loss: 2.143
2023-01-27 10:18:57.373 | INFO     | algorithms.der_pp:train:159 - 4:1:280, loss: 1.990
2023-01-27 10:18:59.976 | INFO     | algorithms.der_pp:train:159 - 4:1:320, loss: 1.794
2023-01-27 10:19:02.585 | INFO     | algorithms.der_pp:train:159 - 4:1:360, loss: 1.793
2023-01-27 10:19:05.191 | INFO     | algorithms.der_pp:train:159 - 4:1:400, loss: 1.668
2023-01-27 10:19:07.797 | INFO     | algorithms.der_pp:train:159 - 4:1:440, loss: 1.622
2023-01-27 10:19:10.400 | INFO     | algorithms.der_pp:train:159 - 4:1:480, loss: 1.605
2023-01-27 10:19:13.001 | INFO     | algorithms.der_pp:train:159 - 4:1:520, loss: 1.482
2023-01-27 10:19:15.612 | INFO     | algorithms.der_pp:train:159 - 4:1:560, loss: 1.470
2023-01-27 10:19:18.219 | INFO     | algorithms.der_pp:train:159 - 4:1:600, loss: 1.472
2023-01-27 10:19:19.792 | DEBUG    | algorithms.der_pp:train:162 - Current sample stats:
2023-01-27 10:19:19.793 | DEBUG    | algorithms.der_pp:train:165 - 4 has 500 samples
2023-01-27 10:19:19.794 | DEBUG    | algorithms.der_pp:train:165 - 7 has 500 samples
2023-01-27 10:19:19.795 | DEBUG    | algorithms.der_pp:train:165 - 6 has 500 samples
2023-01-27 10:19:19.795 | DEBUG    | algorithms.der_pp:train:165 - 3 has 500 samples
2023-01-27 10:19:19.796 | DEBUG    | algorithms.der_pp:train:165 - 9 has 500 samples
2023-01-27 10:19:19.797 | DEBUG    | algorithms.der_pp:train:165 - 1 has 500 samples
2023-01-27 10:19:19.798 | DEBUG    | algorithms.der_pp:train:165 - 2 has 500 samples
2023-01-27 10:19:19.798 | DEBUG    | algorithms.der_pp:train:165 - 8 has 500 samples
2023-01-27 10:19:19.799 | DEBUG    | algorithms.der_pp:train:165 - 0 has 500 samples
2023-01-27 10:19:19.800 | DEBUG    | algorithms.der_pp:train:165 - 5 has 500 samples
2023-01-27 10:19:19.801 | INFO     | algorithms.der_pp:train:170 - 1, loss: 2.082
2023-01-27 10:19:19.801 | INFO     | algorithms.algorithm_base:run_base_task_metrics:144 - Running metrics: Task 4
2023-01-27 10:19:24.428 | DEBUG    | algorithms.algorithm_base:run_base_task_metrics:200 - Raw classification accuracy results saved to ./output_cifar10_5k/der_pp/1674814533.1695895_CIFAR10_OFFICIAL_RUN/task_4_accuracy_results.json
2023-01-27 10:19:24.429 | INFO     | algorithms.algorithm_base:run_base_task_metrics:201 - Correctly classified 2531 / 10000 samples (25.31% correct)
2023-01-27 10:19:24.563 | INFO     | algorithms.der_pp:train:178 - Training complete
2023-01-27 10:19:24.568 | INFO     | __main__:run_experiment:286 - Training and evaluation completed!
2023-01-27 10:19:24.569 | INFO     | __main__:run_experiment:300 - Wrote usage stats to file
2023-01-27 10:19:24.570 | INFO     | __main__:main:340 - Complete
2023-01-27 10:19:24.571 | INFO     | __main__:close_tensorboard_writer:248 - Shut down TensorBoard
